<?xml version="1.0" encoding="UTF-8"?>
<testsuite xmlns:xsi="http://www.w3.org/2001/XMLSchema-instance" xsi:noNamespaceSchemaLocation="https://maven.apache.org/surefire/maven-surefire-plugin/xsd/surefire-test-report-3.0.xsd" version="3.0" name="org.soky.sro.pk2.Pk2FileTest" time="0.678" tests="14" errors="0" skipped="0" failures="0">
  <properties>
    <property name="java.specification.version" value="17"/>
    <property name="sun.cpu.isalist" value="amd64"/>
    <property name="sun.jnu.encoding" value="Cp1256"/>
    <property name="java.class.path" value="E:\CS\java-projects\soky-bot-1.1\soky-bot\soky-bot-pk2\target\test-classes;E:\CS\java-projects\soky-bot-1.1\soky-bot\soky-bot-pk2\target\classes;E:\CS\mvn-local-repository\org\sokybot\soky-bot-security\1.0-SNAPSHOT\soky-bot-security-1.0-SNAPSHOT.jar;E:\CS\mvn-local-repository\org\apache\commons\commons-lang3\3.12.0\commons-lang3-3.12.0.jar;E:\CS\mvn-local-repository\commons-io\commons-io\2.11.0\commons-io-2.11.0.jar;E:\CS\mvn-local-repository\org\projectlombok\lombok\1.18.24\lombok-1.18.24.jar;E:\CS\mvn-local-repository\ch\qos\logback\logback-classic\1.2.11\logback-classic-1.2.11.jar;E:\CS\mvn-local-repository\ch\qos\logback\logback-core\1.2.11\logback-core-1.2.11.jar;E:\CS\mvn-local-repository\org\slf4j\slf4j-api\1.7.32\slf4j-api-1.7.32.jar;E:\CS\mvn-local-repository\org\junit\jupiter\junit-jupiter-engine\5.9.0-M1\junit-jupiter-engine-5.9.0-M1.jar;E:\CS\mvn-local-repository\org\junit\platform\junit-platform-engine\1.9.0-M1\junit-platform-engine-1.9.0-M1.jar;E:\CS\mvn-local-repository\org\opentest4j\opentest4j\1.2.0\opentest4j-1.2.0.jar;E:\CS\mvn-local-repository\org\junit\platform\junit-platform-commons\1.9.0-M1\junit-platform-commons-1.9.0-M1.jar;E:\CS\mvn-local-repository\org\junit\jupiter\junit-jupiter-api\5.9.0-M1\junit-jupiter-api-5.9.0-M1.jar;E:\CS\mvn-local-repository\org\apiguardian\apiguardian-api\1.1.2\apiguardian-api-1.1.2.jar;"/>
    <property name="java.vm.vendor" value="Eclipse Adoptium"/>
    <property name="sun.arch.data.model" value="64"/>
    <property name="user.variant" value=""/>
    <property name="java.vendor.url" value="https://adoptium.net/"/>
    <property name="user.timezone" value="Africa/Cairo"/>
    <property name="os.name" value="Windows 8.1"/>
    <property name="java.vm.specification.version" value="17"/>
    <property name="sun.java.launcher" value="SUN_STANDARD"/>
    <property name="user.country" value="US"/>
    <property name="sun.boot.library.path" value="E:\PROGRAMS\IDE\spring-tool-suite-4-4.13.0.RELEASE-e4.22.0-win32.win32.x86_64.self-extracting\sts-4.13.0.RELEASE\plugins\org.eclipse.justj.openjdk.hotspot.jre.full.win32.x86_64_17.0.1.v20211116-1657\jre\bin"/>
    <property name="sun.java.command" value="C:\Users\Amr\AppData\Local\Temp\surefire2946798771162169322\surefirebooter-20220827071513373_3.jar C:\Users\Amr\AppData\Local\Temp\surefire2946798771162169322 2022-08-27T07-15-13_032-jvmRun1 surefire-20220827071513373_1tmp surefire_0-20220827071513373_2tmp"/>
    <property name="jdk.debug" value="release"/>
    <property name="surefire.test.class.path" value="E:\CS\java-projects\soky-bot-1.1\soky-bot\soky-bot-pk2\target\test-classes;E:\CS\java-projects\soky-bot-1.1\soky-bot\soky-bot-pk2\target\classes;E:\CS\mvn-local-repository\org\sokybot\soky-bot-security\1.0-SNAPSHOT\soky-bot-security-1.0-SNAPSHOT.jar;E:\CS\mvn-local-repository\org\apache\commons\commons-lang3\3.12.0\commons-lang3-3.12.0.jar;E:\CS\mvn-local-repository\commons-io\commons-io\2.11.0\commons-io-2.11.0.jar;E:\CS\mvn-local-repository\org\projectlombok\lombok\1.18.24\lombok-1.18.24.jar;E:\CS\mvn-local-repository\ch\qos\logback\logback-classic\1.2.11\logback-classic-1.2.11.jar;E:\CS\mvn-local-repository\ch\qos\logback\logback-core\1.2.11\logback-core-1.2.11.jar;E:\CS\mvn-local-repository\org\slf4j\slf4j-api\1.7.32\slf4j-api-1.7.32.jar;E:\CS\mvn-local-repository\org\junit\jupiter\junit-jupiter-engine\5.9.0-M1\junit-jupiter-engine-5.9.0-M1.jar;E:\CS\mvn-local-repository\org\junit\platform\junit-platform-engine\1.9.0-M1\junit-platform-engine-1.9.0-M1.jar;E:\CS\mvn-local-repository\org\opentest4j\opentest4j\1.2.0\opentest4j-1.2.0.jar;E:\CS\mvn-local-repository\org\junit\platform\junit-platform-commons\1.9.0-M1\junit-platform-commons-1.9.0-M1.jar;E:\CS\mvn-local-repository\org\junit\jupiter\junit-jupiter-api\5.9.0-M1\junit-jupiter-api-5.9.0-M1.jar;E:\CS\mvn-local-repository\org\apiguardian\apiguardian-api\1.1.2\apiguardian-api-1.1.2.jar;"/>
    <property name="sun.cpu.endian" value="little"/>
    <property name="user.home" value="C:\Users\Amr"/>
    <property name="user.language" value="en"/>
    <property name="java.specification.vendor" value="Oracle Corporation"/>
    <property name="java.version.date" value="2021-10-19"/>
    <property name="java.home" value="E:\PROGRAMS\IDE\spring-tool-suite-4-4.13.0.RELEASE-e4.22.0-win32.win32.x86_64.self-extracting\sts-4.13.0.RELEASE\plugins\org.eclipse.justj.openjdk.hotspot.jre.full.win32.x86_64_17.0.1.v20211116-1657\jre"/>
    <property name="file.separator" value="\"/>
    <property name="basedir" value="E:\CS\java-projects\soky-bot-1.1\soky-bot\soky-bot-pk2"/>
    <property name="java.vm.compressedOopsMode" value="32-bit"/>
    <property name="line.separator" value="&#10;"/>
    <property name="java.vm.specification.vendor" value="Oracle Corporation"/>
    <property name="java.specification.name" value="Java Platform API Specification"/>
    <property name="surefire.real.class.path" value="C:\Users\Amr\AppData\Local\Temp\surefire2946798771162169322\surefirebooter-20220827071513373_3.jar"/>
    <property name="user.script" value=""/>
    <property name="sun.management.compiler" value="HotSpot 64-Bit Tiered Compilers"/>
    <property name="java.runtime.version" value="17.0.1+12"/>
    <property name="user.name" value="Amr"/>
    <property name="path.separator" value=";"/>
    <property name="os.version" value="6.3"/>
    <property name="java.runtime.name" value="OpenJDK Runtime Environment"/>
    <property name="file.encoding" value="Cp1252"/>
    <property name="java.vm.name" value="OpenJDK 64-Bit Server VM"/>
    <property name="java.vendor.version" value="Temurin-17.0.1+12"/>
    <property name="localRepository" value="E:\CS\mvn-local-repository"/>
    <property name="java.vendor.url.bug" value="https://github.com/adoptium/adoptium-support/issues"/>
    <property name="java.io.tmpdir" value="C:\Users\Amr\AppData\Local\Temp\"/>
    <property name="java.version" value="17.0.1"/>
    <property name="user.dir" value="E:\CS\java-projects\soky-bot-1.1\soky-bot\soky-bot-pk2"/>
    <property name="os.arch" value="amd64"/>
    <property name="java.vm.specification.name" value="Java Virtual Machine Specification"/>
    <property name="sun.os.patch.level" value=""/>
    <property name="native.encoding" value="Cp1252"/>
    <property name="java.library.path" value="E:\PROGRAMS\IDE\spring-tool-suite-4-4.13.0.RELEASE-e4.22.0-win32.win32.x86_64.self-extracting\sts-4.13.0.RELEASE\plugins\org.eclipse.justj.openjdk.hotspot.jre.full.win32.x86_64_17.0.1.v20211116-1657\jre\bin;C:\Windows\Sun\Java\bin;C:\Windows\system32;C:\Windows;E:/PROGRAMS/IDE/spring-tool-suite-4-4.13.0.RELEASE-e4.22.0-win32.win32.x86_64.self-extracting/sts-4.13.0.RELEASE//plugins/org.eclipse.justj.openjdk.hotspot.jre.full.win32.x86_64_17.0.1.v20211116-1657/jre/bin/server;E:/PROGRAMS/IDE/spring-tool-suite-4-4.13.0.RELEASE-e4.22.0-win32.win32.x86_64.self-extracting/sts-4.13.0.RELEASE//plugins/org.eclipse.justj.openjdk.hotspot.jre.full.win32.x86_64_17.0.1.v20211116-1657/jre/bin;E:\Program Files (x86)\VMware\VMware Workstation\bin\;C:\Windows\system32;C:\Windows;C:\Windows\System32\Wbem;C:\Windows\System32\WindowsPowerShell\v1.0\;C:\Windows\idmu\common;E:\Program Files\AdoptOpenJDK\jdk-11.0.10.9-hotspot\bin;E:\PROGRAMS\SDK\apache-maven-3.8.6\bin;E:\PROGRAMS\IDE\spring-tool-suite-4-4.13.0.RELEASE-e4.22.0-win32.win32.x86_64.self-extracting\sts-4.13.0.RELEASE;;."/>
    <property name="java.vm.info" value="mixed mode"/>
    <property name="java.vendor" value="Eclipse Adoptium"/>
    <property name="java.vm.version" value="17.0.1+12"/>
    <property name="sun.io.unicode.encoding" value="UnicodeLittle"/>
    <property name="java.class.version" value="61.0"/>
  </properties>
  <testcase name="testQueryFileMatchRegex2" classname="org.soky.sro.pk2.Pk2FileTest" time="0.212">
    <system-out><![CDATA[07:15:21.390 [main] INFO org.sokybot.pk2.Pk2File - While reading header , total read bytes 256 
07:15:21.590 [main] INFO org.soky.sro.pk2.Pk2FileTest - Skill Data File : JMXFile(pkFilePath=E:\Amroo\Silkroad Games\LegionSRO_15_08_2019\Media.pk2, name=skilldata_10000.txt, position=417372862, size=4422706, parent=null) 
07:15:21.600 [main] INFO org.soky.sro.pk2.Pk2FileTest - Skill Data File : JMXFile(pkFilePath=E:\Amroo\Silkroad Games\LegionSRO_15_08_2019\Media.pk2, name=skilldata_15000.txt, position=706693952, size=4245362, parent=null) 
07:15:21.600 [main] INFO org.soky.sro.pk2.Pk2FileTest - Skill Data File : JMXFile(pkFilePath=E:\Amroo\Silkroad Games\LegionSRO_15_08_2019\Media.pk2, name=skilldata_20000.txt, position=409872188, size=3508922, parent=null) 
07:15:21.600 [main] INFO org.soky.sro.pk2.Pk2FileTest - Skill Data File : JMXFile(pkFilePath=E:\Amroo\Silkroad Games\LegionSRO_15_08_2019\Media.pk2, name=skilldata_25000.txt, position=836544024, size=3665660, parent=null) 
07:15:21.600 [main] INFO org.soky.sro.pk2.Pk2FileTest - Skill Data File : JMXFile(pkFilePath=E:\Amroo\Silkroad Games\LegionSRO_15_08_2019\Media.pk2, name=skilldata_30000.txt, position=843875370, size=3712346, parent=null) 
07:15:21.600 [main] INFO org.soky.sro.pk2.Pk2FileTest - Skill Data File : JMXFile(pkFilePath=E:\Amroo\Silkroad Games\LegionSRO_15_08_2019\Media.pk2, name=skilldata_35000.txt, position=61231284, size=3723750, parent=null) 
07:15:21.600 [main] INFO org.soky.sro.pk2.Pk2FileTest - Skill Data File : JMXFile(pkFilePath=E:\Amroo\Silkroad Games\LegionSRO_15_08_2019\Media.pk2, name=skilldata_5000.txt, position=858517242, size=3788308, parent=null) 
07:15:21.600 [main] INFO org.soky.sro.pk2.Pk2FileTest - Skill Data File : JMXFile(pkFilePath=E:\Amroo\Silkroad Games\LegionSRO_15_08_2019\Media.pk2, name=skilldata_20000enc.txt, position=741413980, size=3508948, parent=null) 
07:15:21.600 [main] INFO org.soky.sro.pk2.Pk2FileTest - Skill Data File : JMXFile(pkFilePath=E:\Amroo\Silkroad Games\LegionSRO_15_08_2019\Media.pk2, name=skilldata_25000enc.txt, position=406149788, size=3666096, parent=null) 
07:15:21.600 [main] INFO org.soky.sro.pk2.Pk2FileTest - Skill Data File : JMXFile(pkFilePath=E:\Amroo\Silkroad Games\LegionSRO_15_08_2019\Media.pk2, name=skilldata_30000enc.txt, position=645200944, size=3712372, parent=null) 
07:15:21.600 [main] INFO org.soky.sro.pk2.Pk2FileTest - Skill Data File : JMXFile(pkFilePath=E:\Amroo\Silkroad Games\LegionSRO_15_08_2019\Media.pk2, name=skilldata_5000enc.txt, position=66028340, size=3788596, parent=null) 
07:15:21.600 [main] INFO org.soky.sro.pk2.Pk2FileTest - Skill Data File : JMXFile(pkFilePath=E:\Amroo\Silkroad Games\LegionSRO_15_08_2019\Media.pk2, name=skilldata_10000enc.txt, position=862305550, size=4429622, parent=null) 
07:15:21.600 [main] INFO org.soky.sro.pk2.Pk2FileTest - Skill Data File : JMXFile(pkFilePath=E:\Amroo\Silkroad Games\LegionSRO_15_08_2019\Media.pk2, name=skilldata_15000enc.txt, position=711148100, size=4245388, parent=null) 
07:15:21.600 [main] INFO org.soky.sro.pk2.Pk2FileTest - Skill Data File : JMXFile(pkFilePath=E:\Amroo\Silkroad Games\LegionSRO_15_08_2019\Media.pk2, name=skilldata_35000enc.txt, position=847587716, size=3760960, parent=null) 
07:15:21.600 [main] INFO org.soky.sro.pk2.Pk2FileTest - Skill Data File : JMXFile(pkFilePath=E:\Amroo\Silkroad Games\LegionSRO_15_08_2019\Media.pk2, name=skilldata_40000enc.txt, position=16309842, size=51002, parent=null) 
07:15:21.600 [main] INFO org.soky.sro.pk2.Pk2FileTest - Skill Data File : JMXFile(pkFilePath=E:\Amroo\Silkroad Games\LegionSRO_15_08_2019\Media.pk2, name=skilldata_45000enc.txt, position=106944338, size=71566, parent=null) 
]]></system-out>
  </testcase>
  <testcase name="testPk2FileFindWithLimitMethod" classname="org.soky.sro.pk2.Pk2FileTest" time="0.002">
    <system-out><![CDATA[07:15:21.603 [main] DEBUG org.sokybot.pk2.Pk2File - Query limit reached
07:15:21.603 [main] INFO org.soky.sro.pk2.Pk2FileTest - Files Size 1 
]]></system-out>
  </testcase>
  <testcase name="testQueryFilesMatchRegex" classname="org.soky.sro.pk2.Pk2FileTest" time="0.144">
    <system-out><![CDATA[07:15:21.747 [main] INFO org.soky.sro.pk2.Pk2FileTest - Item Data File : JMXFile(pkFilePath=E:\Amroo\Silkroad Games\LegionSRO_15_08_2019\Media.pk2, name=itemdata_45000.txt, position=801576144, size=2210072, parent=null) 
07:15:21.747 [main] INFO org.soky.sro.pk2.Pk2FileTest - Item Data File : JMXFile(pkFilePath=E:\Amroo\Silkroad Games\LegionSRO_15_08_2019\Media.pk2, name=itemdata_25000.txt, position=867758904, size=1377806, parent=null) 
07:15:21.747 [main] INFO org.soky.sro.pk2.Pk2FileTest - Item Data File : JMXFile(pkFilePath=E:\Amroo\Silkroad Games\LegionSRO_15_08_2019\Media.pk2, name=itemdata_25000.txt, position=770435288, size=1377798, parent=null) 
07:15:21.747 [main] INFO org.soky.sro.pk2.Pk2FileTest - Item Data File : JMXFile(pkFilePath=E:\Amroo\Silkroad Games\LegionSRO_15_08_2019\Media.pk2, name=itemdata_45000.txt, position=448477015, size=2171150, parent=null) 
07:15:21.747 [main] INFO org.soky.sro.pk2.Pk2FileTest - Item Data File : JMXFile(pkFilePath=E:\Amroo\Silkroad Games\LegionSRO_15_08_2019\Media.pk2, name=itemdata_5000.txt, position=796857068, size=4665392, parent=null) 
07:15:21.747 [main] INFO org.soky.sro.pk2.Pk2FileTest - Item Data File : JMXFile(pkFilePath=E:\Amroo\Silkroad Games\LegionSRO_15_08_2019\Media.pk2, name=itemdata_10000.txt, position=81415316, size=3291764, parent=null) 
07:15:21.747 [main] INFO org.soky.sro.pk2.Pk2FileTest - Item Data File : JMXFile(pkFilePath=E:\Amroo\Silkroad Games\LegionSRO_15_08_2019\Media.pk2, name=itemdata_15000.txt, position=651649492, size=6448552, parent=null) 
07:15:21.747 [main] INFO org.soky.sro.pk2.Pk2FileTest - Item Data File : JMXFile(pkFilePath=E:\Amroo\Silkroad Games\LegionSRO_15_08_2019\Media.pk2, name=itemdata_20000.txt, position=84707080, size=190576, parent=null) 
07:15:21.747 [main] INFO org.soky.sro.pk2.Pk2FileTest - Item Data File : JMXFile(pkFilePath=E:\Amroo\Silkroad Games\LegionSRO_15_08_2019\Media.pk2, name=itemdata_25000.txt, position=828830002, size=1377810, parent=null) 
07:15:21.747 [main] INFO org.soky.sro.pk2.Pk2FileTest - Item Data File : JMXFile(pkFilePath=E:\Amroo\Silkroad Games\LegionSRO_15_08_2019\Media.pk2, name=itemdata_5000.txt, position=658098044, size=4665504, parent=null) 
07:15:21.747 [main] INFO org.soky.sro.pk2.Pk2FileTest - Item Data File : JMXFile(pkFilePath=E:\Amroo\Silkroad Games\LegionSRO_15_08_2019\Media.pk2, name=itemdata_30000.txt, position=421795568, size=2377058, parent=null) 
07:15:21.747 [main] INFO org.soky.sro.pk2.Pk2FileTest - Item Data File : JMXFile(pkFilePath=E:\Amroo\Silkroad Games\LegionSRO_15_08_2019\Media.pk2, name=itemdata_35000.txt, position=323345201, size=707642, parent=null) 
07:15:21.747 [main] INFO org.soky.sro.pk2.Pk2FileTest - Item Data File : JMXFile(pkFilePath=E:\Amroo\Silkroad Games\LegionSRO_15_08_2019\Media.pk2, name=itemdata_40000.txt, position=496575159, size=2155770, parent=null) 
07:15:21.747 [main] INFO org.soky.sro.pk2.Pk2FileTest - Item Data File : JMXFile(pkFilePath=E:\Amroo\Silkroad Games\LegionSRO_15_08_2019\Media.pk2, name=itemdata_45000.txt, position=579536097, size=3645724, parent=null) 
]]></system-out>
  </testcase>
  <testcase name="testFindNotFound" classname="org.soky.sro.pk2.Pk2FileTest" time="0.132">
    <system-out><![CDATA[07:15:21.880 [main] INFO org.soky.sro.pk2.Pk2FileTest - Files Size 0 
]]></system-out>
  </testcase>
  <testcase name="testPk2FileWithNotValidFilePath" classname="org.soky.sro.pk2.Pk2FileTest" time="0.001"/>
  <testcase name="testQueryParticularFile" classname="org.soky.sro.pk2.Pk2FileTest" time="0.004">
    <system-out><![CDATA[Matched Dir is : 2816 config
]]></system-out>
  </testcase>
  <testcase name="testQueryCollectionAtParticularDir2" classname="org.soky.sro.pk2.Pk2FileTest" time="0.002">
    <system-out><![CDATA[Matched Dir is : 2816 config
]]></system-out>
  </testcase>
  <testcase name="testFindWithLimit0" classname="org.soky.sro.pk2.Pk2FileTest" time="0">
    <system-out><![CDATA[07:15:21.888 [main] INFO org.soky.sro.pk2.Pk2FileTest - Files Size 0 
]]></system-out>
  </testcase>
  <testcase name="testFindWithLimit1" classname="org.soky.sro.pk2.Pk2FileTest" time="0.001">
    <system-out><![CDATA[07:15:21.889 [main] INFO org.soky.sro.pk2.Pk2FileTest - Files Size 1 
]]></system-out>
  </testcase>
  <testcase name="testFindWithLimit2" classname="org.soky.sro.pk2.Pk2FileTest" time="0.001">
    <system-out><![CDATA[07:15:21.891 [main] INFO org.soky.sro.pk2.Pk2FileTest - Files Size 2 
]]></system-out>
  </testcase>
  <testcase name="testPk2FileInterfaceWithNotPk2File" classname="org.soky.sro.pk2.Pk2FileTest" time="0.001"/>
  <testcase name="testQueryEncryptedSkillDataFiles" classname="org.soky.sro.pk2.Pk2FileTest" time="0.169">
    <system-out><![CDATA[07:15:22.061 [main] INFO org.soky.sro.pk2.Pk2FileTest - Skill Data File : JMXFile(pkFilePath=E:\Amroo\Silkroad Games\LegionSRO_15_08_2019\Media.pk2, name=skilldata_20000enc.txt, position=741413980, size=3508948, parent=null) 
07:15:22.061 [main] INFO org.soky.sro.pk2.Pk2FileTest - Skill Data File : JMXFile(pkFilePath=E:\Amroo\Silkroad Games\LegionSRO_15_08_2019\Media.pk2, name=skilldata_25000enc.txt, position=406149788, size=3666096, parent=null) 
07:15:22.061 [main] INFO org.soky.sro.pk2.Pk2FileTest - Skill Data File : JMXFile(pkFilePath=E:\Amroo\Silkroad Games\LegionSRO_15_08_2019\Media.pk2, name=skilldata_30000enc.txt, position=645200944, size=3712372, parent=null) 
07:15:22.061 [main] INFO org.soky.sro.pk2.Pk2FileTest - Skill Data File : JMXFile(pkFilePath=E:\Amroo\Silkroad Games\LegionSRO_15_08_2019\Media.pk2, name=skilldata_5000enc.txt, position=66028340, size=3788596, parent=null) 
07:15:22.061 [main] INFO org.soky.sro.pk2.Pk2FileTest - Skill Data File : JMXFile(pkFilePath=E:\Amroo\Silkroad Games\LegionSRO_15_08_2019\Media.pk2, name=skilldata_10000enc.txt, position=862305550, size=4429622, parent=null) 
07:15:22.061 [main] INFO org.soky.sro.pk2.Pk2FileTest - Skill Data File : JMXFile(pkFilePath=E:\Amroo\Silkroad Games\LegionSRO_15_08_2019\Media.pk2, name=skilldata_15000enc.txt, position=711148100, size=4245388, parent=null) 
07:15:22.061 [main] INFO org.soky.sro.pk2.Pk2FileTest - Skill Data File : JMXFile(pkFilePath=E:\Amroo\Silkroad Games\LegionSRO_15_08_2019\Media.pk2, name=skilldata_35000enc.txt, position=847587716, size=3760960, parent=null) 
07:15:22.061 [main] INFO org.soky.sro.pk2.Pk2FileTest - Skill Data File : JMXFile(pkFilePath=E:\Amroo\Silkroad Games\LegionSRO_15_08_2019\Media.pk2, name=skilldata_40000enc.txt, position=16309842, size=51002, parent=null) 
07:15:22.061 [main] INFO org.soky.sro.pk2.Pk2FileTest - Skill Data File : JMXFile(pkFilePath=E:\Amroo\Silkroad Games\LegionSRO_15_08_2019\Media.pk2, name=skilldata_45000enc.txt, position=106944338, size=71566, parent=null) 
]]></system-out>
  </testcase>
  <testcase name="testPk2FileWithNullFilePath" classname="org.soky.sro.pk2.Pk2FileTest" time="0.001"/>
  <testcase name="testQueryCollectionAtParticularDir" classname="org.soky.sro.pk2.Pk2FileTest" time="0.003">
    <system-out><![CDATA[Matched Dir is : 2571636 icon64
Matched Dir is : 555046087 premium
Matched Dir is : 555048647 avatar
]]></system-out>
  </testcase>
</testsuite>