<?xml version="1.0" encoding="UTF-8"?>
<testsuite xmlns:xsi="http://www.w3.org/2001/XMLSchema-instance" xsi:noNamespaceSchemaLocation="https://maven.apache.org/surefire/maven-surefire-plugin/xsd/surefire-test-report-3.0.xsd" version="3.0" name="org.soky.sro.pk2.Pk2CryptoUtilsTest" time="2.023" tests="4" errors="0" skipped="0" failures="0">
  <properties>
    <property name="java.specification.version" value="17"/>
    <property name="sun.cpu.isalist" value="amd64"/>
    <property name="sun.jnu.encoding" value="Cp1256"/>
    <property name="java.class.path" value="E:\CS\java-projects\soky-bot-1.1\soky-bot\soky-bot-pk2\target\test-classes;E:\CS\java-projects\soky-bot-1.1\soky-bot\soky-bot-pk2\target\classes;E:\CS\mvn-local-repository\org\sokybot\soky-bot-security\1.0-SNAPSHOT\soky-bot-security-1.0-SNAPSHOT.jar;E:\CS\mvn-local-repository\org\apache\commons\commons-lang3\3.12.0\commons-lang3-3.12.0.jar;E:\CS\mvn-local-repository\commons-io\commons-io\2.11.0\commons-io-2.11.0.jar;E:\CS\mvn-local-repository\org\projectlombok\lombok\1.18.24\lombok-1.18.24.jar;E:\CS\mvn-local-repository\ch\qos\logback\logback-classic\1.2.11\logback-classic-1.2.11.jar;E:\CS\mvn-local-repository\ch\qos\logback\logback-core\1.2.11\logback-core-1.2.11.jar;E:\CS\mvn-local-repository\org\slf4j\slf4j-api\1.7.32\slf4j-api-1.7.32.jar;E:\CS\mvn-local-repository\org\junit\jupiter\junit-jupiter-engine\5.9.0-M1\junit-jupiter-engine-5.9.0-M1.jar;E:\CS\mvn-local-repository\org\junit\platform\junit-platform-engine\1.9.0-M1\junit-platform-engine-1.9.0-M1.jar;E:\CS\mvn-local-repository\org\opentest4j\opentest4j\1.2.0\opentest4j-1.2.0.jar;E:\CS\mvn-local-repository\org\junit\platform\junit-platform-commons\1.9.0-M1\junit-platform-commons-1.9.0-M1.jar;E:\CS\mvn-local-repository\org\junit\jupiter\junit-jupiter-api\5.9.0-M1\junit-jupiter-api-5.9.0-M1.jar;E:\CS\mvn-local-repository\org\apiguardian\apiguardian-api\1.1.2\apiguardian-api-1.1.2.jar;"/>
    <property name="java.vm.vendor" value="Eclipse Adoptium"/>
    <property name="sun.arch.data.model" value="64"/>
    <property name="user.variant" value=""/>
    <property name="java.vendor.url" value="https://adoptium.net/"/>
    <property name="user.timezone" value="Africa/Cairo"/>
    <property name="os.name" value="Windows 8.1"/>
    <property name="java.vm.specification.version" value="17"/>
    <property name="sun.java.launcher" value="SUN_STANDARD"/>
    <property name="user.country" value="US"/>
    <property name="sun.boot.library.path" value="E:\PROGRAMS\IDE\spring-tool-suite-4-4.13.0.RELEASE-e4.22.0-win32.win32.x86_64.self-extracting\sts-4.13.0.RELEASE\plugins\org.eclipse.justj.openjdk.hotspot.jre.full.win32.x86_64_17.0.1.v20211116-1657\jre\bin"/>
    <property name="sun.java.command" value="C:\Users\Amr\AppData\Local\Temp\surefire2946798771162169322\surefirebooter-20220827071513373_3.jar C:\Users\Amr\AppData\Local\Temp\surefire2946798771162169322 2022-08-27T07-15-13_032-jvmRun1 surefire-20220827071513373_1tmp surefire_0-20220827071513373_2tmp"/>
    <property name="jdk.debug" value="release"/>
    <property name="surefire.test.class.path" value="E:\CS\java-projects\soky-bot-1.1\soky-bot\soky-bot-pk2\target\test-classes;E:\CS\java-projects\soky-bot-1.1\soky-bot\soky-bot-pk2\target\classes;E:\CS\mvn-local-repository\org\sokybot\soky-bot-security\1.0-SNAPSHOT\soky-bot-security-1.0-SNAPSHOT.jar;E:\CS\mvn-local-repository\org\apache\commons\commons-lang3\3.12.0\commons-lang3-3.12.0.jar;E:\CS\mvn-local-repository\commons-io\commons-io\2.11.0\commons-io-2.11.0.jar;E:\CS\mvn-local-repository\org\projectlombok\lombok\1.18.24\lombok-1.18.24.jar;E:\CS\mvn-local-repository\ch\qos\logback\logback-classic\1.2.11\logback-classic-1.2.11.jar;E:\CS\mvn-local-repository\ch\qos\logback\logback-core\1.2.11\logback-core-1.2.11.jar;E:\CS\mvn-local-repository\org\slf4j\slf4j-api\1.7.32\slf4j-api-1.7.32.jar;E:\CS\mvn-local-repository\org\junit\jupiter\junit-jupiter-engine\5.9.0-M1\junit-jupiter-engine-5.9.0-M1.jar;E:\CS\mvn-local-repository\org\junit\platform\junit-platform-engine\1.9.0-M1\junit-platform-engine-1.9.0-M1.jar;E:\CS\mvn-local-repository\org\opentest4j\opentest4j\1.2.0\opentest4j-1.2.0.jar;E:\CS\mvn-local-repository\org\junit\platform\junit-platform-commons\1.9.0-M1\junit-platform-commons-1.9.0-M1.jar;E:\CS\mvn-local-repository\org\junit\jupiter\junit-jupiter-api\5.9.0-M1\junit-jupiter-api-5.9.0-M1.jar;E:\CS\mvn-local-repository\org\apiguardian\apiguardian-api\1.1.2\apiguardian-api-1.1.2.jar;"/>
    <property name="sun.cpu.endian" value="little"/>
    <property name="user.home" value="C:\Users\Amr"/>
    <property name="user.language" value="en"/>
    <property name="java.specification.vendor" value="Oracle Corporation"/>
    <property name="java.version.date" value="2021-10-19"/>
    <property name="java.home" value="E:\PROGRAMS\IDE\spring-tool-suite-4-4.13.0.RELEASE-e4.22.0-win32.win32.x86_64.self-extracting\sts-4.13.0.RELEASE\plugins\org.eclipse.justj.openjdk.hotspot.jre.full.win32.x86_64_17.0.1.v20211116-1657\jre"/>
    <property name="file.separator" value="\"/>
    <property name="basedir" value="E:\CS\java-projects\soky-bot-1.1\soky-bot\soky-bot-pk2"/>
    <property name="java.vm.compressedOopsMode" value="32-bit"/>
    <property name="line.separator" value="&#10;"/>
    <property name="java.vm.specification.vendor" value="Oracle Corporation"/>
    <property name="java.specification.name" value="Java Platform API Specification"/>
    <property name="surefire.real.class.path" value="C:\Users\Amr\AppData\Local\Temp\surefire2946798771162169322\surefirebooter-20220827071513373_3.jar"/>
    <property name="user.script" value=""/>
    <property name="sun.management.compiler" value="HotSpot 64-Bit Tiered Compilers"/>
    <property name="java.runtime.version" value="17.0.1+12"/>
    <property name="user.name" value="Amr"/>
    <property name="path.separator" value=";"/>
    <property name="os.version" value="6.3"/>
    <property name="java.runtime.name" value="OpenJDK Runtime Environment"/>
    <property name="file.encoding" value="Cp1252"/>
    <property name="java.vm.name" value="OpenJDK 64-Bit Server VM"/>
    <property name="java.vendor.version" value="Temurin-17.0.1+12"/>
    <property name="localRepository" value="E:\CS\mvn-local-repository"/>
    <property name="java.vendor.url.bug" value="https://github.com/adoptium/adoptium-support/issues"/>
    <property name="java.io.tmpdir" value="C:\Users\Amr\AppData\Local\Temp\"/>
    <property name="java.version" value="17.0.1"/>
    <property name="user.dir" value="E:\CS\java-projects\soky-bot-1.1\soky-bot\soky-bot-pk2"/>
    <property name="os.arch" value="amd64"/>
    <property name="java.vm.specification.name" value="Java Virtual Machine Specification"/>
    <property name="sun.os.patch.level" value=""/>
    <property name="native.encoding" value="Cp1252"/>
    <property name="java.library.path" value="E:\PROGRAMS\IDE\spring-tool-suite-4-4.13.0.RELEASE-e4.22.0-win32.win32.x86_64.self-extracting\sts-4.13.0.RELEASE\plugins\org.eclipse.justj.openjdk.hotspot.jre.full.win32.x86_64_17.0.1.v20211116-1657\jre\bin;C:\Windows\Sun\Java\bin;C:\Windows\system32;C:\Windows;E:/PROGRAMS/IDE/spring-tool-suite-4-4.13.0.RELEASE-e4.22.0-win32.win32.x86_64.self-extracting/sts-4.13.0.RELEASE//plugins/org.eclipse.justj.openjdk.hotspot.jre.full.win32.x86_64_17.0.1.v20211116-1657/jre/bin/server;E:/PROGRAMS/IDE/spring-tool-suite-4-4.13.0.RELEASE-e4.22.0-win32.win32.x86_64.self-extracting/sts-4.13.0.RELEASE//plugins/org.eclipse.justj.openjdk.hotspot.jre.full.win32.x86_64_17.0.1.v20211116-1657/jre/bin;E:\Program Files (x86)\VMware\VMware Workstation\bin\;C:\Windows\system32;C:\Windows;C:\Windows\System32\Wbem;C:\Windows\System32\WindowsPowerShell\v1.0\;C:\Windows\idmu\common;E:\Program Files\AdoptOpenJDK\jdk-11.0.10.9-hotspot\bin;E:\PROGRAMS\SDK\apache-maven-3.8.6\bin;E:\PROGRAMS\IDE\spring-tool-suite-4-4.13.0.RELEASE-e4.22.0-win32.win32.x86_64.self-extracting\sts-4.13.0.RELEASE;;."/>
    <property name="java.vm.info" value="mixed mode"/>
    <property name="java.vendor" value="Eclipse Adoptium"/>
    <property name="java.vm.version" value="17.0.1+12"/>
    <property name="sun.io.unicode.encoding" value="UnicodeLittle"/>
    <property name="java.class.version" value="61.0"/>
  </properties>
  <testcase name="testFooterOfEncFiles" classname="org.soky.sro.pk2.Pk2CryptoUtilsTest" time="0.657">
    <system-out><![CDATA[07:15:19.365 [main] INFO org.sokybot.pk2.Pk2File - While reading header , total read bytes 256 
07:15:19.646 [main] INFO org.soky.sro.pk2.Pk2CryptoUtilsTest - Actual : 
//encrypt 
07:15:19.646 [main] INFO org.soky.sro.pk2.Pk2CryptoUtilsTest - Expected : 
//encrypt 
07:15:19.710 [main] INFO org.soky.sro.pk2.Pk2CryptoUtilsTest - Actual : 
//encrypt 
07:15:19.711 [main] INFO org.soky.sro.pk2.Pk2CryptoUtilsTest - Expected : 
//encrypt 
07:15:19.770 [main] INFO org.soky.sro.pk2.Pk2CryptoUtilsTest - Actual : 
//encrypt 
07:15:19.770 [main] INFO org.soky.sro.pk2.Pk2CryptoUtilsTest - Expected : 
//encrypt 
07:15:19.826 [main] INFO org.soky.sro.pk2.Pk2CryptoUtilsTest - Actual : 
//encrypt 
07:15:19.826 [main] INFO org.soky.sro.pk2.Pk2CryptoUtilsTest - Expected : 
//encrypt 
07:15:19.897 [main] INFO org.soky.sro.pk2.Pk2CryptoUtilsTest - Actual : 
//encrypt 
07:15:19.897 [main] INFO org.soky.sro.pk2.Pk2CryptoUtilsTest - Expected : 
//encrypt 
07:15:19.961 [main] INFO org.soky.sro.pk2.Pk2CryptoUtilsTest - Actual : 
//encrypt 
07:15:19.961 [main] INFO org.soky.sro.pk2.Pk2CryptoUtilsTest - Expected : 
//encrypt 
07:15:20.018 [main] INFO org.soky.sro.pk2.Pk2CryptoUtilsTest - Actual : 
//encrypt 
07:15:20.018 [main] INFO org.soky.sro.pk2.Pk2CryptoUtilsTest - Expected : 
//encrypt 
07:15:20.019 [main] INFO org.soky.sro.pk2.Pk2CryptoUtilsTest - Actual : 
//encrypt 
07:15:20.019 [main] INFO org.soky.sro.pk2.Pk2CryptoUtilsTest - Expected : 
//encrypt 
07:15:20.020 [main] INFO org.soky.sro.pk2.Pk2CryptoUtilsTest - Actual : 
//encrypt 
07:15:20.020 [main] INFO org.soky.sro.pk2.Pk2CryptoUtilsTest - Expected : 
//encrypt 
]]></system-out>
  </testcase>
  <testcase name="testEncryptionVerification" classname="org.soky.sro.pk2.Pk2CryptoUtilsTest" time="0.163"/>
  <testcase name="testInputStreamForAnyEncText2" classname="org.soky.sro.pk2.Pk2CryptoUtilsTest" time="0.605">
    <system-out><![CDATA[07:15:20.335 [main] INFO org.soky.sro.pk2.Pk2CryptoUtilsTest - Encrypted File skilldata_20000enc.txt 
07:15:20.336 [main] INFO org.soky.sro.pk2.Pk2CryptoUtilsTest - Encrypted File skilldata_25000enc.txt 
07:15:20.336 [main] INFO org.soky.sro.pk2.Pk2CryptoUtilsTest - Encrypted File skilldata_30000enc.txt 
07:15:20.336 [main] INFO org.soky.sro.pk2.Pk2CryptoUtilsTest - Encrypted File skilldata_5000enc.txt 
07:15:20.336 [main] INFO org.soky.sro.pk2.Pk2CryptoUtilsTest - Encrypted File skilldata_10000enc.txt 
07:15:20.336 [main] INFO org.soky.sro.pk2.Pk2CryptoUtilsTest - Encrypted File skilldata_15000enc.txt 
07:15:20.337 [main] INFO org.soky.sro.pk2.Pk2CryptoUtilsTest - Encrypted File skilldata_35000enc.txt 
07:15:20.337 [main] INFO org.soky.sro.pk2.Pk2CryptoUtilsTest - Encrypted File skilldata_40000enc.txt 
07:15:20.337 [main] INFO org.soky.sro.pk2.Pk2CryptoUtilsTest - Encrypted File skilldata_45000enc.txt 
07:15:20.791 [main] INFO org.soky.sro.pk2.Pk2CryptoUtilsTest - Consumed Bytes : 27234550 
07:15:20.791 [main] INFO org.soky.sro.pk2.Pk2CryptoUtilsTest - Total Size : 27234550 
]]></system-out>
  </testcase>
  <testcase name="testInputStreamForAnyEncText" classname="org.soky.sro.pk2.Pk2CryptoUtilsTest" time="0.594">
    <system-out><![CDATA[07:15:20.973 [main] DEBUG org.sokybot.pk2.Pk2CryptoUtils - File ifalchemyenchant.txt is not encrypted , flags not exists
07:15:20.973 [main] INFO org.soky.sro.pk2.Pk2CryptoUtilsTest - Consuming 3375 bytes from file ifalchemyenchant.txt  , 3375
07:15:20.973 [main] DEBUG org.sokybot.pk2.Pk2CryptoUtils - File skilldataenc.txt is not encrypted , flags not exists
07:15:20.973 [main] INFO org.soky.sro.pk2.Pk2CryptoUtilsTest - Consuming 332 bytes from file skilldataenc.txt  , 332
07:15:21.025 [main] INFO org.soky.sro.pk2.Pk2CryptoUtilsTest - Consuming 3508948 bytes from file skilldata_20000enc.txt  , 3508948
07:15:21.080 [main] INFO org.soky.sro.pk2.Pk2CryptoUtilsTest - Consuming 3666096 bytes from file skilldata_25000enc.txt  , 3666096
07:15:21.136 [main] INFO org.soky.sro.pk2.Pk2CryptoUtilsTest - Consuming 3712372 bytes from file skilldata_30000enc.txt  , 3712372
07:15:21.194 [main] INFO org.soky.sro.pk2.Pk2CryptoUtilsTest - Consuming 3788596 bytes from file skilldata_5000enc.txt  , 3788596
07:15:21.261 [main] INFO org.soky.sro.pk2.Pk2CryptoUtilsTest - Consuming 4429622 bytes from file skilldata_10000enc.txt  , 4429622
07:15:21.325 [main] INFO org.soky.sro.pk2.Pk2CryptoUtilsTest - Consuming 4245388 bytes from file skilldata_15000enc.txt  , 4245388
07:15:21.383 [main] INFO org.soky.sro.pk2.Pk2CryptoUtilsTest - Consuming 3760960 bytes from file skilldata_35000enc.txt  , 3760960
07:15:21.384 [main] INFO org.soky.sro.pk2.Pk2CryptoUtilsTest - Consuming 51002 bytes from file skilldata_40000enc.txt  , 51002
07:15:21.385 [main] INFO org.soky.sro.pk2.Pk2CryptoUtilsTest - Consuming 71566 bytes from file skilldata_45000enc.txt  , 71566
]]></system-out>
  </testcase>
</testsuite>