<?xml version="1.0" encoding="UTF-8"?>
<testsuite xmlns:xsi="http://www.w3.org/2001/XMLSchema-instance" xsi:noNamespaceSchemaLocation="https://maven.apache.org/surefire/maven-surefire-plugin/xsd/surefire-test-report-3.0.xsd" version="3.0" name="org.soky.sro.pk2.io.Pk2IOTest" time="5.32" tests="6" errors="0" skipped="0" failures="0">
  <properties>
    <property name="java.specification.version" value="17"/>
    <property name="sun.cpu.isalist" value="amd64"/>
    <property name="sun.jnu.encoding" value="Cp1256"/>
    <property name="java.class.path" value="E:\CS\java-projects\soky-bot-1.1\soky-bot\soky-bot-pk2\target\test-classes;E:\CS\java-projects\soky-bot-1.1\soky-bot\soky-bot-pk2\target\classes;E:\CS\mvn-local-repository\org\sokybot\soky-bot-security\1.0-SNAPSHOT\soky-bot-security-1.0-SNAPSHOT.jar;E:\CS\mvn-local-repository\org\apache\commons\commons-lang3\3.12.0\commons-lang3-3.12.0.jar;E:\CS\mvn-local-repository\commons-io\commons-io\2.11.0\commons-io-2.11.0.jar;E:\CS\mvn-local-repository\org\projectlombok\lombok\1.18.24\lombok-1.18.24.jar;E:\CS\mvn-local-repository\ch\qos\logback\logback-classic\1.2.11\logback-classic-1.2.11.jar;E:\CS\mvn-local-repository\ch\qos\logback\logback-core\1.2.11\logback-core-1.2.11.jar;E:\CS\mvn-local-repository\org\slf4j\slf4j-api\1.7.32\slf4j-api-1.7.32.jar;E:\CS\mvn-local-repository\org\junit\jupiter\junit-jupiter-engine\5.9.0-M1\junit-jupiter-engine-5.9.0-M1.jar;E:\CS\mvn-local-repository\org\junit\platform\junit-platform-engine\1.9.0-M1\junit-platform-engine-1.9.0-M1.jar;E:\CS\mvn-local-repository\org\opentest4j\opentest4j\1.2.0\opentest4j-1.2.0.jar;E:\CS\mvn-local-repository\org\junit\platform\junit-platform-commons\1.9.0-M1\junit-platform-commons-1.9.0-M1.jar;E:\CS\mvn-local-repository\org\junit\jupiter\junit-jupiter-api\5.9.0-M1\junit-jupiter-api-5.9.0-M1.jar;E:\CS\mvn-local-repository\org\apiguardian\apiguardian-api\1.1.2\apiguardian-api-1.1.2.jar;"/>
    <property name="java.vm.vendor" value="Eclipse Adoptium"/>
    <property name="sun.arch.data.model" value="64"/>
    <property name="user.variant" value=""/>
    <property name="java.vendor.url" value="https://adoptium.net/"/>
    <property name="user.timezone" value="Africa/Cairo"/>
    <property name="os.name" value="Windows 8.1"/>
    <property name="java.vm.specification.version" value="17"/>
    <property name="sun.java.launcher" value="SUN_STANDARD"/>
    <property name="user.country" value="US"/>
    <property name="sun.boot.library.path" value="E:\PROGRAMS\IDE\spring-tool-suite-4-4.13.0.RELEASE-e4.22.0-win32.win32.x86_64.self-extracting\sts-4.13.0.RELEASE\plugins\org.eclipse.justj.openjdk.hotspot.jre.full.win32.x86_64_17.0.1.v20211116-1657\jre\bin"/>
    <property name="sun.java.command" value="C:\Users\Amr\AppData\Local\Temp\surefire2946798771162169322\surefirebooter-20220827071513373_3.jar C:\Users\Amr\AppData\Local\Temp\surefire2946798771162169322 2022-08-27T07-15-13_032-jvmRun1 surefire-20220827071513373_1tmp surefire_0-20220827071513373_2tmp"/>
    <property name="jdk.debug" value="release"/>
    <property name="surefire.test.class.path" value="E:\CS\java-projects\soky-bot-1.1\soky-bot\soky-bot-pk2\target\test-classes;E:\CS\java-projects\soky-bot-1.1\soky-bot\soky-bot-pk2\target\classes;E:\CS\mvn-local-repository\org\sokybot\soky-bot-security\1.0-SNAPSHOT\soky-bot-security-1.0-SNAPSHOT.jar;E:\CS\mvn-local-repository\org\apache\commons\commons-lang3\3.12.0\commons-lang3-3.12.0.jar;E:\CS\mvn-local-repository\commons-io\commons-io\2.11.0\commons-io-2.11.0.jar;E:\CS\mvn-local-repository\org\projectlombok\lombok\1.18.24\lombok-1.18.24.jar;E:\CS\mvn-local-repository\ch\qos\logback\logback-classic\1.2.11\logback-classic-1.2.11.jar;E:\CS\mvn-local-repository\ch\qos\logback\logback-core\1.2.11\logback-core-1.2.11.jar;E:\CS\mvn-local-repository\org\slf4j\slf4j-api\1.7.32\slf4j-api-1.7.32.jar;E:\CS\mvn-local-repository\org\junit\jupiter\junit-jupiter-engine\5.9.0-M1\junit-jupiter-engine-5.9.0-M1.jar;E:\CS\mvn-local-repository\org\junit\platform\junit-platform-engine\1.9.0-M1\junit-platform-engine-1.9.0-M1.jar;E:\CS\mvn-local-repository\org\opentest4j\opentest4j\1.2.0\opentest4j-1.2.0.jar;E:\CS\mvn-local-repository\org\junit\platform\junit-platform-commons\1.9.0-M1\junit-platform-commons-1.9.0-M1.jar;E:\CS\mvn-local-repository\org\junit\jupiter\junit-jupiter-api\5.9.0-M1\junit-jupiter-api-5.9.0-M1.jar;E:\CS\mvn-local-repository\org\apiguardian\apiguardian-api\1.1.2\apiguardian-api-1.1.2.jar;"/>
    <property name="sun.cpu.endian" value="little"/>
    <property name="user.home" value="C:\Users\Amr"/>
    <property name="user.language" value="en"/>
    <property name="java.specification.vendor" value="Oracle Corporation"/>
    <property name="java.version.date" value="2021-10-19"/>
    <property name="java.home" value="E:\PROGRAMS\IDE\spring-tool-suite-4-4.13.0.RELEASE-e4.22.0-win32.win32.x86_64.self-extracting\sts-4.13.0.RELEASE\plugins\org.eclipse.justj.openjdk.hotspot.jre.full.win32.x86_64_17.0.1.v20211116-1657\jre"/>
    <property name="file.separator" value="\"/>
    <property name="basedir" value="E:\CS\java-projects\soky-bot-1.1\soky-bot\soky-bot-pk2"/>
    <property name="java.vm.compressedOopsMode" value="32-bit"/>
    <property name="line.separator" value="&#10;"/>
    <property name="java.vm.specification.vendor" value="Oracle Corporation"/>
    <property name="java.specification.name" value="Java Platform API Specification"/>
    <property name="surefire.real.class.path" value="C:\Users\Amr\AppData\Local\Temp\surefire2946798771162169322\surefirebooter-20220827071513373_3.jar"/>
    <property name="user.script" value=""/>
    <property name="sun.management.compiler" value="HotSpot 64-Bit Tiered Compilers"/>
    <property name="java.runtime.version" value="17.0.1+12"/>
    <property name="user.name" value="Amr"/>
    <property name="path.separator" value=";"/>
    <property name="os.version" value="6.3"/>
    <property name="java.runtime.name" value="OpenJDK Runtime Environment"/>
    <property name="file.encoding" value="Cp1252"/>
    <property name="java.vm.name" value="OpenJDK 64-Bit Server VM"/>
    <property name="java.vendor.version" value="Temurin-17.0.1+12"/>
    <property name="localRepository" value="E:\CS\mvn-local-repository"/>
    <property name="java.vendor.url.bug" value="https://github.com/adoptium/adoptium-support/issues"/>
    <property name="java.io.tmpdir" value="C:\Users\Amr\AppData\Local\Temp\"/>
    <property name="java.version" value="17.0.1"/>
    <property name="user.dir" value="E:\CS\java-projects\soky-bot-1.1\soky-bot\soky-bot-pk2"/>
    <property name="os.arch" value="amd64"/>
    <property name="java.vm.specification.name" value="Java Virtual Machine Specification"/>
    <property name="sun.os.patch.level" value=""/>
    <property name="native.encoding" value="Cp1252"/>
    <property name="java.library.path" value="E:\PROGRAMS\IDE\spring-tool-suite-4-4.13.0.RELEASE-e4.22.0-win32.win32.x86_64.self-extracting\sts-4.13.0.RELEASE\plugins\org.eclipse.justj.openjdk.hotspot.jre.full.win32.x86_64_17.0.1.v20211116-1657\jre\bin;C:\Windows\Sun\Java\bin;C:\Windows\system32;C:\Windows;E:/PROGRAMS/IDE/spring-tool-suite-4-4.13.0.RELEASE-e4.22.0-win32.win32.x86_64.self-extracting/sts-4.13.0.RELEASE//plugins/org.eclipse.justj.openjdk.hotspot.jre.full.win32.x86_64_17.0.1.v20211116-1657/jre/bin/server;E:/PROGRAMS/IDE/spring-tool-suite-4-4.13.0.RELEASE-e4.22.0-win32.win32.x86_64.self-extracting/sts-4.13.0.RELEASE//plugins/org.eclipse.justj.openjdk.hotspot.jre.full.win32.x86_64_17.0.1.v20211116-1657/jre/bin;E:\Program Files (x86)\VMware\VMware Workstation\bin\;C:\Windows\system32;C:\Windows;C:\Windows\System32\Wbem;C:\Windows\System32\WindowsPowerShell\v1.0\;C:\Windows\idmu\common;E:\Program Files\AdoptOpenJDK\jdk-11.0.10.9-hotspot\bin;E:\PROGRAMS\SDK\apache-maven-3.8.6\bin;E:\PROGRAMS\IDE\spring-tool-suite-4-4.13.0.RELEASE-e4.22.0-win32.win32.x86_64.self-extracting\sts-4.13.0.RELEASE;;."/>
    <property name="java.vm.info" value="mixed mode"/>
    <property name="java.vendor" value="Eclipse Adoptium"/>
    <property name="java.vm.version" value="17.0.1+12"/>
    <property name="sun.io.unicode.encoding" value="UnicodeLittle"/>
    <property name="java.class.version" value="61.0"/>
  </properties>
  <testcase name="testInputStream" classname="org.soky.sro.pk2.io.Pk2IOTest" time="0.342">
    <system-out><![CDATA[07:15:14.134 [main] INFO org.sokybot.pk2.Pk2File - While reading header , total read bytes 256 
07:15:14.426 [main] DEBUG org.soky.sro.pk2.io.Pk2IOTest - Analyzing itemdata.txt file
07:15:14.439 [main] DEBUG org.sokybot.pk2.Pk2CryptoUtils - File itemdata.txt is not encrypted , flags not exists
07:15:14.442 [main] INFO org.soky.sro.pk2.io.Pk2IOTest - ItemData_5000.txt
07:15:14.443 [main] INFO org.soky.sro.pk2.io.Pk2IOTest - line ItemData_5000.txt  matches (?i)ItemData_(\d+)\.txt$
07:15:14.446 [main] INFO org.soky.sro.pk2.io.Pk2IOTest - ItemData_10000.txt
07:15:14.447 [main] INFO org.soky.sro.pk2.io.Pk2IOTest - line ItemData_10000.txt  matches (?i)ItemData_(\d+)\.txt$
07:15:14.447 [main] INFO org.soky.sro.pk2.io.Pk2IOTest - ItemData_15000.txt
07:15:14.447 [main] INFO org.soky.sro.pk2.io.Pk2IOTest - line ItemData_15000.txt  matches (?i)ItemData_(\d+)\.txt$
07:15:14.447 [main] INFO org.soky.sro.pk2.io.Pk2IOTest - ItemData_20000.txt
07:15:14.447 [main] INFO org.soky.sro.pk2.io.Pk2IOTest - line ItemData_20000.txt  matches (?i)ItemData_(\d+)\.txt$
07:15:14.447 [main] INFO org.soky.sro.pk2.io.Pk2IOTest - ItemData_25000.txt
07:15:14.447 [main] INFO org.soky.sro.pk2.io.Pk2IOTest - line ItemData_25000.txt  matches (?i)ItemData_(\d+)\.txt$
07:15:14.448 [main] INFO org.soky.sro.pk2.io.Pk2IOTest - ItemData_30000.txt
07:15:14.448 [main] INFO org.soky.sro.pk2.io.Pk2IOTest - line ItemData_30000.txt  matches (?i)ItemData_(\d+)\.txt$
07:15:14.448 [main] INFO org.soky.sro.pk2.io.Pk2IOTest - ItemData_35000.txt
07:15:14.448 [main] INFO org.soky.sro.pk2.io.Pk2IOTest - line ItemData_35000.txt  matches (?i)ItemData_(\d+)\.txt$
07:15:14.448 [main] INFO org.soky.sro.pk2.io.Pk2IOTest - ItemData_40000.txt
07:15:14.448 [main] INFO org.soky.sro.pk2.io.Pk2IOTest - line ItemData_40000.txt  matches (?i)ItemData_(\d+)\.txt$
07:15:14.448 [main] INFO org.soky.sro.pk2.io.Pk2IOTest - ItemData_45000.txt
07:15:14.448 [main] INFO org.soky.sro.pk2.io.Pk2IOTest - line ItemData_45000.txt  matches (?i)ItemData_(\d+)\.txt$
]]></system-out>
  </testcase>
  <testcase name="testInputStreamForAnyDDjFile" classname="org.soky.sro.pk2.io.Pk2IOTest" time="3.733">
    <system-out><![CDATA[07:15:14.719 [main] DEBUG org.sokybot.pk2.Pk2CryptoUtils - File job_levelup.ddj is not encrypted , flags not exists
07:15:14.724 [main] INFO org.soky.sro.pk2.io.Pk2IOTest - Consuming 1172 byte(s) from file job_levelup.ddj with size 1172 
07:15:14.725 [main] DEBUG org.sokybot.pk2.Pk2CryptoUtils - File boogieman_title.ddj is not encrypted , flags not exists
07:15:14.726 [main] INFO org.soky.sro.pk2.io.Pk2IOTest - Consuming 1172 byte(s) from file boogieman_title.ddj with size 1172 
07:15:14.726 [main] DEBUG org.sokybot.pk2.Pk2CryptoUtils - File footstep_sand.ddj is not encrypted , flags not exists
07:15:14.727 [main] INFO org.soky.sro.pk2.io.Pk2IOTest - Consuming 8340 byte(s) from file footstep_sand.ddj with size 8340 
07:15:14.727 [main] DEBUG org.sokybot.pk2.Pk2CryptoUtils - File footstep_snow.ddj is not encrypted , flags not exists
07:15:14.729 [main] INFO org.soky.sro.pk2.io.Pk2IOTest - Consuming 8340 byte(s) from file footstep_snow.ddj with size 8340 
07:15:14.729 [main] DEBUG org.sokybot.pk2.Pk2CryptoUtils - File cool_time_0.ddj is not encrypted , flags not exists
07:15:14.730 [main] INFO org.soky.sro.pk2.io.Pk2IOTest - Consuming 340 byte(s) from file cool_time_0.ddj with size 340 
07:15:14.730 [main] DEBUG org.sokybot.pk2.Pk2CryptoUtils - File cool_time_9.ddj is not encrypted , flags not exists
07:15:14.730 [main] INFO org.soky.sro.pk2.io.Pk2IOTest - Consuming 340 byte(s) from file cool_time_9.ddj with size 340 
07:15:14.730 [main] DEBUG org.sokybot.pk2.Pk2CryptoUtils - File icon_default.ddj is not encrypted , flags not exists
07:15:14.731 [main] INFO org.soky.sro.pk2.io.Pk2IOTest - Consuming 2196 byte(s) from file icon_default.ddj with size 2196 
07:15:14.731 [main] DEBUG org.sokybot.pk2.Pk2CryptoUtils - File icon_disable.ddj is not encrypted , flags not exists
07:15:14.732 [main] INFO org.soky.sro.pk2.io.Pk2IOTest - Consuming 4244 byte(s) from file icon_disable.ddj with size 4244 
07:15:14.732 [main] DEBUG org.sokybot.pk2.Pk2CryptoUtils - File icon_effect.ddj is not encrypted , flags not exists
07:15:14.733 [main] INFO org.soky.sro.pk2.io.Pk2IOTest - Consuming 4244 byte(s) from file icon_effect.ddj with size 4244 
07:15:14.733 [main] DEBUG org.sokybot.pk2.Pk2CryptoUtils - File icon_item_broken.ddj is not encrypted , flags not exists
07:15:14.734 [main] INFO org.soky.sro.pk2.io.Pk2IOTest - Consuming 4244 byte(s) from file icon_item_broken.ddj with size 4244 
07:15:14.734 [main] DEBUG org.sokybot.pk2.Pk2CryptoUtils - File icon_item_select.ddj is not encrypted , flags not exists
07:15:14.735 [main] INFO org.soky.sro.pk2.io.Pk2IOTest - Consuming 4244 byte(s) from file icon_item_select.ddj with size 4244 
07:15:14.736 [main] DEBUG org.sokybot.pk2.Pk2CryptoUtils - File int_effect.ddj is not encrypted , flags not exists
07:15:14.736 [main] INFO org.soky.sro.pk2.io.Pk2IOTest - Consuming 4244 byte(s) from file int_effect.ddj with size 4244 
07:15:14.736 [main] DEBUG org.sokybot.pk2.Pk2CryptoUtils - File buf_effect.ddj is not encrypted , flags not exists
07:15:14.739 [main] INFO org.soky.sro.pk2.io.Pk2IOTest - Consuming 32916 byte(s) from file buf_effect.ddj with size 32916 
07:15:14.740 [main] DEBUG org.sokybot.pk2.Pk2CryptoUtils - File icon_default.ddj is not encrypted , flags not exists
07:15:14.740 [main] INFO org.soky.sro.pk2.io.Pk2IOTest - Consuming 2196 byte(s) from file icon_default.ddj with size 2196 
07:15:14.740 [main] DEBUG org.sokybot.pk2.Pk2CryptoUtils - File icon_disable.ddj is not encrypted , flags not exists
07:15:14.741 [main] INFO org.soky.sro.pk2.io.Pk2IOTest - Consuming 4244 byte(s) from file icon_disable.ddj with size 4244 
07:15:14.741 [main] DEBUG org.sokybot.pk2.Pk2CryptoUtils - File icon_item_broken.ddj is not encrypted , flags not exists
07:15:14.741 [main] INFO org.soky.sro.pk2.io.Pk2IOTest - Consuming 4244 byte(s) from file icon_item_broken.ddj with size 4244 
07:15:14.741 [main] DEBUG org.sokybot.pk2.Pk2CryptoUtils - File icon_item_select.ddj is not encrypted , flags not exists
07:15:14.742 [main] INFO org.soky.sro.pk2.io.Pk2IOTest - Consuming 4244 byte(s) from file icon_item_select.ddj with size 4244 
07:15:14.742 [main] DEBUG org.sokybot.pk2.Pk2CryptoUtils - File icon_item_warning.ddj is not encrypted , flags not exists
07:15:14.742 [main] INFO org.soky.sro.pk2.io.Pk2IOTest - Consuming 8340 byte(s) from file icon_item_warning.ddj with size 8340 
07:15:14.743 [main] DEBUG org.sokybot.pk2.Pk2CryptoUtils - File icon_mall_repair.ddj is not encrypted , flags not exists
07:15:14.745 [main] INFO org.soky.sro.pk2.io.Pk2IOTest - Consuming 32916 byte(s) from file icon_mall_repair.ddj with size 32916 
07:15:14.745 [main] DEBUG org.sokybot.pk2.Pk2CryptoUtils - File icon_mall_transgender.ddj is not encrypted , flags not exists
07:15:14.746 [main] INFO org.soky.sro.pk2.io.Pk2IOTest - Consuming 16532 byte(s) from file icon_mall_transgender.ddj with size 16532 
07:15:14.746 [main] DEBUG org.sokybot.pk2.Pk2CryptoUtils - File mini_gold_icon.ddj is not encrypted , flags not exists
07:15:14.746 [main] INFO org.soky.sro.pk2.io.Pk2IOTest - Consuming 2196 byte(s) from file mini_gold_icon.ddj with size 2196 
07:15:14.747 [main] DEBUG org.sokybot.pk2.Pk2CryptoUtils - File strut_effect.ddj is not encrypted , flags not exists
07:15:14.747 [main] INFO org.soky.sro.pk2.io.Pk2IOTest - Consuming 6548 byte(s) from file strut_effect.ddj with size 6548 
07:15:14.747 [main] DEBUG org.sokybot.pk2.Pk2CryptoUtils - File achiv.ddj is not encrypted , flags not exists
07:15:14.748 [main] INFO org.soky.sro.pk2.io.Pk2IOTest - Consuming 1912 byte(s) from file achiv.ddj with size 1912 
07:15:14.748 [main] DEBUG org.sokybot.pk2.Pk2CryptoUtils - File marks.ddj is not encrypted , flags not exists
07:15:14.748 [main] INFO org.soky.sro.pk2.io.Pk2IOTest - Consuming 1912 byte(s) from file marks.ddj with size 1912 
07:15:14.749 [main] DEBUG org.sokybot.pk2.Pk2CryptoUtils - File spec.ddj is not encrypted , flags not exists
07:15:14.749 [main] INFO org.soky.sro.pk2.io.Pk2IOTest - Consuming 1912 byte(s) from file spec.ddj with size 1912 
07:15:14.749 [main] DEBUG org.sokybot.pk2.Pk2CryptoUtils - File pack_bow_area.ddj is not encrypted , flags not exists
07:15:14.749 [main] INFO org.soky.sro.pk2.io.Pk2IOTest - Consuming 1030 byte(s) from file pack_bow_area.ddj with size 1030 
07:15:14.750 [main] DEBUG org.sokybot.pk2.Pk2CryptoUtils - File pack_bow_area_focus.ddj is not encrypted , flags not exists
07:15:14.750 [main] INFO org.soky.sro.pk2.io.Pk2IOTest - Consuming 1030 byte(s) from file pack_bow_area_focus.ddj with size 1030 
07:15:14.750 [main] DEBUG org.sokybot.pk2.Pk2CryptoUtils - File pack_bow_call.ddj is not encrypted , flags not exists
07:15:14.750 [main] INFO org.soky.sro.pk2.io.Pk2IOTest - Consuming 1030 byte(s) from file pack_bow_call.ddj with size 1030 
07:15:14.751 [main] DEBUG org.sokybot.pk2.Pk2CryptoUtils - File pack_bow_call_focus.ddj is not encrypted , flags not exists
07:15:14.751 [main] INFO org.soky.sro.pk2.io.Pk2IOTest - Consuming 1030 byte(s) from file pack_bow_call_focus.ddj with size 1030 
07:15:14.751 [main] DEBUG org.sokybot.pk2.Pk2CryptoUtils - File pack_bow_chain.ddj is not encrypted , flags not exists
07:15:14.751 [main] INFO org.soky.sro.pk2.io.Pk2IOTest - Consuming 1030 byte(s) from file pack_bow_chain.ddj with size 1030 
07:15:14.752 [main] DEBUG org.sokybot.pk2.Pk2CryptoUtils - File pack_bow_chain_focus.ddj is not encrypted , flags not exists
07:15:14.752 [main] INFO org.soky.sro.pk2.io.Pk2IOTest - Consuming 1030 byte(s) from file pack_bow_chain_focus.ddj with size 1030 
07:15:14.752 [main] DEBUG org.sokybot.pk2.Pk2CryptoUtils - File pack_bow_critical.ddj is not encrypted , flags not exists
07:15:14.752 [main] INFO org.soky.sro.pk2.io.Pk2IOTest - Consuming 1030 byte(s) from file pack_bow_critical.ddj with size 1030 
07:15:14.753 [main] DEBUG org.sokybot.pk2.Pk2CryptoUtils - File pack_bow_critical_focus.ddj is not encrypted , flags not exists
07:15:14.753 [main] INFO org.soky.sro.pk2.io.Pk2IOTest - Consuming 1030 byte(s) from file pack_bow_critical_focus.ddj with size 1030 
07:15:14.753 [main] DEBUG org.sokybot.pk2.Pk2CryptoUtils - File pack_bow_divide_a.ddj is not encrypted , flags not exists
07:15:14.753 [main] INFO org.soky.sro.pk2.io.Pk2IOTest - Consuming 1912 byte(s) from file pack_bow_divide_a.ddj with size 1912 
07:15:14.753 [main] DEBUG org.sokybot.pk2.Pk2CryptoUtils - File pack_bow_divide_a_focus.ddj is not encrypted , flags not exists
07:15:14.754 [main] INFO org.soky.sro.pk2.io.Pk2IOTest - Consuming 1912 byte(s) from file pack_bow_divide_a_focus.ddj with size 1912 
07:15:14.754 [main] DEBUG org.sokybot.pk2.Pk2CryptoUtils - File pack_bow_flow.ddj is not encrypted , flags not exists
07:15:14.754 [main] INFO org.soky.sro.pk2.io.Pk2IOTest - Consuming 1912 byte(s) from file pack_bow_flow.ddj with size 1912 
07:15:14.754 [main] DEBUG org.sokybot.pk2.Pk2CryptoUtils - File pack_bow_flow_focus.ddj is not encrypted , flags not exists
07:15:14.754 [main] INFO org.soky.sro.pk2.io.Pk2IOTest - Consuming 1912 byte(s) from file pack_bow_flow_focus.ddj with size 1912 
07:15:14.755 [main] DEBUG org.sokybot.pk2.Pk2CryptoUtils - File pack_bow_normal.ddj is not encrypted , flags not exists
07:15:14.755 [main] INFO org.soky.sro.pk2.io.Pk2IOTest - Consuming 1030 byte(s) from file pack_bow_normal.ddj with size 1030 
07:15:14.755 [main] DEBUG org.sokybot.pk2.Pk2CryptoUtils - File pack_bow_normal_focus.ddj is not encrypted , flags not exists
07:15:14.755 [main] INFO org.soky.sro.pk2.io.Pk2IOTest - Consuming 1030 byte(s) from file pack_bow_normal_focus.ddj with size 1030 
07:15:14.756 [main] DEBUG org.sokybot.pk2.Pk2CryptoUtils - File pack_bow_passive.ddj is not encrypted , flags not exists
07:15:14.756 [main] INFO org.soky.sro.pk2.io.Pk2IOTest - Consuming 1030 byte(s) from file pack_bow_passive.ddj with size 1030 
07:15:14.756 [main] DEBUG org.sokybot.pk2.Pk2CryptoUtils - File pack_bow_passive_focus.ddj is not encrypted , flags not exists
07:15:14.756 [main] INFO org.soky.sro.pk2.io.Pk2IOTest - Consuming 1030 byte(s) from file pack_bow_passive_focus.ddj with size 1030 
07:15:14.757 [main] DEBUG org.sokybot.pk2.Pk2CryptoUtils - File pack_bow_pierce.ddj is not encrypted , flags not exists
07:15:14.757 [main] INFO org.soky.sro.pk2.io.Pk2IOTest - Consuming 1030 byte(s) from file pack_bow_pierce.ddj with size 1030 
07:15:14.757 [main] DEBUG org.sokybot.pk2.Pk2CryptoUtils - File pack_bow_pierce_focus.ddj is not encrypted , flags not exists
07:15:14.758 [main] INFO org.soky.sro.pk2.io.Pk2IOTest - Consuming 1030 byte(s) from file pack_bow_pierce_focus.ddj with size 1030 
07:15:14.758 [main] DEBUG org.sokybot.pk2.Pk2CryptoUtils - File pack_bow_power.ddj is not encrypted , flags not exists
07:15:14.758 [main] INFO org.soky.sro.pk2.io.Pk2IOTest - Consuming 1030 byte(s) from file pack_bow_power.ddj with size 1030 
07:15:14.758 [main] DEBUG org.sokybot.pk2.Pk2CryptoUtils - File pack_bow_power_focus.ddj is not encrypted , flags not exists
07:15:14.758 [main] INFO org.soky.sro.pk2.io.Pk2IOTest - Consuming 1030 byte(s) from file pack_bow_power_focus.ddj with size 1030 
07:15:14.759 [main] DEBUG org.sokybot.pk2.Pk2CryptoUtils - File pack_bow_sky.ddj is not encrypted , flags not exists
07:15:14.759 [main] INFO org.soky.sro.pk2.io.Pk2IOTest - Consuming 1030 byte(s) from file pack_bow_sky.ddj with size 1030 
07:15:14.759 [main] DEBUG org.sokybot.pk2.Pk2CryptoUtils - File pack_bow_sky_focus.ddj is not encrypted , flags not exists
07:15:14.759 [main] INFO org.soky.sro.pk2.io.Pk2IOTest - Consuming 1030 byte(s) from file pack_bow_sky_focus.ddj with size 1030 
07:15:14.759 [main] DEBUG org.sokybot.pk2.Pk2CryptoUtils - File pack_cold_bingbyeok.ddj is not encrypted , flags not exists
07:15:14.760 [main] INFO org.soky.sro.pk2.io.Pk2IOTest - Consuming 1030 byte(s) from file pack_cold_bingbyeok.ddj with size 1030 
07:15:14.760 [main] DEBUG org.sokybot.pk2.Pk2CryptoUtils - File pack_cold_bingbyeok_focus.ddj is not encrypted , flags not exists
07:15:14.760 [main] INFO org.soky.sro.pk2.io.Pk2IOTest - Consuming 1030 byte(s) from file pack_cold_bingbyeok_focus.ddj with size 1030 
07:15:14.760 [main] DEBUG org.sokybot.pk2.Pk2CryptoUtils - File pack_cold_bingpan.ddj is not encrypted , flags not exists
07:15:14.761 [main] INFO org.soky.sro.pk2.io.Pk2IOTest - Consuming 1030 byte(s) from file pack_cold_bingpan.ddj with size 1030 
07:15:14.761 [main] DEBUG org.sokybot.pk2.Pk2CryptoUtils - File pack_cold_bingpan_focus.ddj is not encrypted , flags not exists
07:15:14.761 [main] INFO org.soky.sro.pk2.io.Pk2IOTest - Consuming 1030 byte(s) from file pack_cold_bingpan_focus.ddj with size 1030 
07:15:14.761 [main] DEBUG org.sokybot.pk2.Pk2CryptoUtils - File pack_cold_ganggi.ddj is not encrypted , flags not exists
07:15:14.761 [main] INFO org.soky.sro.pk2.io.Pk2IOTest - Consuming 1030 byte(s) from file pack_cold_ganggi.ddj with size 1030 
07:15:14.762 [main] DEBUG org.sokybot.pk2.Pk2CryptoUtils - File pack_cold_ganggi_focus.ddj is not encrypted , flags not exists
07:15:14.762 [main] INFO org.soky.sro.pk2.io.Pk2IOTest - Consuming 1030 byte(s) from file pack_cold_ganggi_focus.ddj with size 1030 
07:15:14.762 [main] DEBUG org.sokybot.pk2.Pk2CryptoUtils - File pack_cold_gigongjang.ddj is not encrypted , flags not exists
07:15:14.762 [main] INFO org.soky.sro.pk2.io.Pk2IOTest - Consuming 1030 byte(s) from file pack_cold_gigongjang.ddj with size 1030 
07:15:14.763 [main] DEBUG org.sokybot.pk2.Pk2CryptoUtils - File pack_cold_gigongjang_focus.ddj is not encrypted , flags not exists
07:15:14.763 [main] INFO org.soky.sro.pk2.io.Pk2IOTest - Consuming 1030 byte(s) from file pack_cold_gigongjang_focus.ddj with size 1030 
07:15:14.763 [main] DEBUG org.sokybot.pk2.Pk2CryptoUtils - File pack_cold_gigongsul.ddj is not encrypted , flags not exists
07:15:14.763 [main] INFO org.soky.sro.pk2.io.Pk2IOTest - Consuming 1030 byte(s) from file pack_cold_gigongsul.ddj with size 1030 
07:15:14.763 [main] DEBUG org.sokybot.pk2.Pk2CryptoUtils - File pack_cold_gigongsul_focus.ddj is not encrypted , flags not exists
07:15:14.763 [main] INFO org.soky.sro.pk2.io.Pk2IOTest - Consuming 1030 byte(s) from file pack_cold_gigongsul_focus.ddj with size 1030 
07:15:14.764 [main] DEBUG org.sokybot.pk2.Pk2CryptoUtils - File pack_cold_gigongta.ddj is not encrypted , flags not exists
07:15:14.764 [main] INFO org.soky.sro.pk2.io.Pk2IOTest - Consuming 1030 byte(s) from file pack_cold_gigongta.ddj with size 1030 
07:15:14.764 [main] DEBUG org.sokybot.pk2.Pk2CryptoUtils - File pack_cold_gigongta_focus.ddj is not encrypted , flags not exists
07:15:14.764 [main] INFO org.soky.sro.pk2.io.Pk2IOTest - Consuming 1030 byte(s) from file pack_cold_gigongta_focus.ddj with size 1030 
07:15:14.764 [main] DEBUG org.sokybot.pk2.Pk2CryptoUtils - File pack_cold_passive.ddj is not encrypted , flags not exists
07:15:14.765 [main] INFO org.soky.sro.pk2.io.Pk2IOTest - Consuming 1030 byte(s) from file pack_cold_passive.ddj with size 1030 
07:15:14.765 [main] DEBUG org.sokybot.pk2.Pk2CryptoUtils - File pack_cold_passive_focus.ddj is not encrypted , flags not exists
07:15:14.765 [main] INFO org.soky.sro.pk2.io.Pk2IOTest - Consuming 1030 byte(s) from file pack_cold_passive_focus.ddj with size 1030 
07:15:14.765 [main] DEBUG org.sokybot.pk2.Pk2CryptoUtils - File pack_cold_subsul.ddj is not encrypted , flags not exists
07:15:14.765 [main] INFO org.soky.sro.pk2.io.Pk2IOTest - Consuming 1912 byte(s) from file pack_cold_subsul.ddj with size 1912 
07:15:14.766 [main] DEBUG org.sokybot.pk2.Pk2CryptoUtils - File pack_cold_subsul_focus.ddj is not encrypted , flags not exists
07:15:14.766 [main] INFO org.soky.sro.pk2.io.Pk2IOTest - Consuming 1912 byte(s) from file pack_cold_subsul_focus.ddj with size 1912 
07:15:14.766 [main] DEBUG org.sokybot.pk2.Pk2CryptoUtils - File pack_fire_balhwa.ddj is not encrypted , flags not exists
07:15:14.766 [main] INFO org.soky.sro.pk2.io.Pk2IOTest - Consuming 1912 byte(s) from file pack_fire_balhwa.ddj with size 1912 
07:15:14.767 [main] DEBUG org.sokybot.pk2.Pk2CryptoUtils - File pack_fire_balhwa_focus.ddj is not encrypted , flags not exists
07:15:14.767 [main] INFO org.soky.sro.pk2.io.Pk2IOTest - Consuming 1912 byte(s) from file pack_fire_balhwa_focus.ddj with size 1912 
07:15:14.767 [main] DEBUG org.sokybot.pk2.Pk2CryptoUtils - File pack_fire_ganggi.ddj is not encrypted , flags not exists
07:15:14.767 [main] INFO org.soky.sro.pk2.io.Pk2IOTest - Consuming 1030 byte(s) from file pack_fire_ganggi.ddj with size 1030 
07:15:14.767 [main] DEBUG org.sokybot.pk2.Pk2CryptoUtils - File pack_fire_ganggi_focus.ddj is not encrypted , flags not exists
07:15:14.767 [main] INFO org.soky.sro.pk2.io.Pk2IOTest - Consuming 1030 byte(s) from file pack_fire_ganggi_focus.ddj with size 1030 
07:15:14.768 [main] DEBUG org.sokybot.pk2.Pk2CryptoUtils - File pack_fire_gigongsul.ddj is not encrypted , flags not exists
07:15:14.768 [main] INFO org.soky.sro.pk2.io.Pk2IOTest - Consuming 1030 byte(s) from file pack_fire_gigongsul.ddj with size 1030 
07:15:14.768 [main] DEBUG org.sokybot.pk2.Pk2CryptoUtils - File pack_fire_gigongsul_focus.ddj is not encrypted , flags not exists
07:15:14.768 [main] INFO org.soky.sro.pk2.io.Pk2IOTest - Consuming 1030 byte(s) from file pack_fire_gigongsul_focus.ddj with size 1030 
07:15:14.768 [main] DEBUG org.sokybot.pk2.Pk2CryptoUtils - File pack_fire_gigongta.ddj is not encrypted , flags not exists
07:15:14.769 [main] INFO org.soky.sro.pk2.io.Pk2IOTest - Consuming 1030 byte(s) from file pack_fire_gigongta.ddj with size 1030 
07:15:14.769 [main] DEBUG org.sokybot.pk2.Pk2CryptoUtils - File pack_fire_gigongta_focus.ddj is not encrypted , flags not exists
07:15:14.769 [main] INFO org.soky.sro.pk2.io.Pk2IOTest - Consuming 1030 byte(s) from file pack_fire_gigongta_focus.ddj with size 1030 
07:15:14.769 [main] DEBUG org.sokybot.pk2.Pk2CryptoUtils - File pack_fire_gongup.ddj is not encrypted , flags not exists
07:15:14.769 [main] INFO org.soky.sro.pk2.io.Pk2IOTest - Consuming 1030 byte(s) from file pack_fire_gongup.ddj with size 1030 
07:15:14.770 [main] DEBUG org.sokybot.pk2.Pk2CryptoUtils - File pack_fire_gongup_focus.ddj is not encrypted , flags not exists
07:15:14.770 [main] INFO org.soky.sro.pk2.io.Pk2IOTest - Consuming 1030 byte(s) from file pack_fire_gongup_focus.ddj with size 1030 
07:15:14.770 [main] DEBUG org.sokybot.pk2.Pk2CryptoUtils - File pack_fire_hwabyeok.ddj is not encrypted , flags not exists
07:15:14.770 [main] INFO org.soky.sro.pk2.io.Pk2IOTest - Consuming 1030 byte(s) from file pack_fire_hwabyeok.ddj with size 1030 
07:15:14.771 [main] DEBUG org.sokybot.pk2.Pk2CryptoUtils - File pack_fire_hwabyeok_focus.ddj is not encrypted , flags not exists
07:15:14.771 [main] INFO org.soky.sro.pk2.io.Pk2IOTest - Consuming 1030 byte(s) from file pack_fire_hwabyeok_focus.ddj with size 1030 
07:15:14.771 [main] DEBUG org.sokybot.pk2.Pk2CryptoUtils - File pack_fire_passive.ddj is not encrypted , flags not exists
07:15:14.771 [main] INFO org.soky.sro.pk2.io.Pk2IOTest - Consuming 1030 byte(s) from file pack_fire_passive.ddj with size 1030 
07:15:14.771 [main] DEBUG org.sokybot.pk2.Pk2CryptoUtils - File pack_fire_passive_focus.ddj is not encrypted , flags not exists
07:15:14.771 [main] INFO org.soky.sro.pk2.io.Pk2IOTest - Consuming 1030 byte(s) from file pack_fire_passive_focus.ddj with size 1030 
07:15:14.772 [main] DEBUG org.sokybot.pk2.Pk2CryptoUtils - File pack_fire_shield.ddj is not encrypted , flags not exists
07:15:14.772 [main] INFO org.soky.sro.pk2.io.Pk2IOTest - Consuming 1030 byte(s) from file pack_fire_shield.ddj with size 1030 
07:15:14.772 [main] DEBUG org.sokybot.pk2.Pk2CryptoUtils - File pack_fire_shield_focus.ddj is not encrypted , flags not exists
07:15:14.772 [main] INFO org.soky.sro.pk2.io.Pk2IOTest - Consuming 1030 byte(s) from file pack_fire_shield_focus.ddj with size 1030 
07:15:14.772 [main] DEBUG org.sokybot.pk2.Pk2CryptoUtils - File pack_lightning_bobeop.ddj is not encrypted , flags not exists
07:15:14.773 [main] INFO org.soky.sro.pk2.io.Pk2IOTest - Consuming 1030 byte(s) from file pack_lightning_bobeop.ddj with size 1030 
07:15:14.773 [main] DEBUG org.sokybot.pk2.Pk2CryptoUtils - File pack_lightning_bobeop_focus.ddj is not encrypted , flags not exists
07:15:14.773 [main] INFO org.soky.sro.pk2.io.Pk2IOTest - Consuming 1030 byte(s) from file pack_lightning_bobeop_focus.ddj with size 1030 
07:15:14.773 [main] DEBUG org.sokybot.pk2.Pk2CryptoUtils - File pack_lightning_chundung.ddj is not encrypted , flags not exists
07:15:14.773 [main] INFO org.soky.sro.pk2.io.Pk2IOTest - Consuming 1030 byte(s) from file pack_lightning_chundung.ddj with size 1030 
07:15:14.774 [main] DEBUG org.sokybot.pk2.Pk2CryptoUtils - File pack_lightning_chundung_focus.ddj is not encrypted , flags not exists
07:15:14.774 [main] INFO org.soky.sro.pk2.io.Pk2IOTest - Consuming 1030 byte(s) from file pack_lightning_chundung_focus.ddj with size 1030 
07:15:14.774 [main] DEBUG org.sokybot.pk2.Pk2CryptoUtils - File pack_lightning_gigongta.ddj is not encrypted , flags not exists
07:15:14.774 [main] INFO org.soky.sro.pk2.io.Pk2IOTest - Consuming 1030 byte(s) from file pack_lightning_gigongta.ddj with size 1030 
07:15:14.774 [main] DEBUG org.sokybot.pk2.Pk2CryptoUtils - File pack_lightning_gigongta_focus.ddj is not encrypted , flags not exists
07:15:14.775 [main] INFO org.soky.sro.pk2.io.Pk2IOTest - Consuming 1030 byte(s) from file pack_lightning_gigongta_focus.ddj with size 1030 
07:15:14.775 [main] DEBUG org.sokybot.pk2.Pk2CryptoUtils - File pack_lightning_gwantong.ddj is not encrypted , flags not exists
07:15:14.775 [main] INFO org.soky.sro.pk2.io.Pk2IOTest - Consuming 1030 byte(s) from file pack_lightning_gwantong.ddj with size 1030 
07:15:14.775 [main] DEBUG org.sokybot.pk2.Pk2CryptoUtils - File pack_lightning_gwantong_focus.ddj is not encrypted , flags not exists
07:15:14.775 [main] INFO org.soky.sro.pk2.io.Pk2IOTest - Consuming 1030 byte(s) from file pack_lightning_gwantong_focus.ddj with size 1030 
07:15:14.776 [main] DEBUG org.sokybot.pk2.Pk2CryptoUtils - File pack_lightning_gyeonggong.ddj is not encrypted , flags not exists
07:15:14.776 [main] INFO org.soky.sro.pk2.io.Pk2IOTest - Consuming 1030 byte(s) from file pack_lightning_gyeonggong.ddj with size 1030 
07:15:14.776 [main] DEBUG org.sokybot.pk2.Pk2CryptoUtils - File pack_lightning_gyeonggong_focus.ddj is not encrypted , flags not exists
07:15:14.776 [main] INFO org.soky.sro.pk2.io.Pk2IOTest - Consuming 1030 byte(s) from file pack_lightning_gyeonggong_focus.ddj with size 1030 
07:15:14.776 [main] DEBUG org.sokybot.pk2.Pk2CryptoUtils - File pack_lightning_jipjung.ddj is not encrypted , flags not exists
07:15:14.777 [main] INFO org.soky.sro.pk2.io.Pk2IOTest - Consuming 1030 byte(s) from file pack_lightning_jipjung.ddj with size 1030 
07:15:14.777 [main] DEBUG org.sokybot.pk2.Pk2CryptoUtils - File pack_lightning_jipjung_focus.ddj is not encrypted , flags not exists
07:15:14.777 [main] INFO org.soky.sro.pk2.io.Pk2IOTest - Consuming 1030 byte(s) from file pack_lightning_jipjung_focus.ddj with size 1030 
07:15:14.777 [main] DEBUG org.sokybot.pk2.Pk2CryptoUtils - File pack_lightning_passive.ddj is not encrypted , flags not exists
07:15:14.777 [main] INFO org.soky.sro.pk2.io.Pk2IOTest - Consuming 1030 byte(s) from file pack_lightning_passive.ddj with size 1030 
07:15:14.778 [main] DEBUG org.sokybot.pk2.Pk2CryptoUtils - File pack_lightning_passive_focus.ddj is not encrypted , flags not exists
07:15:14.778 [main] INFO org.soky.sro.pk2.io.Pk2IOTest - Consuming 1030 byte(s) from file pack_lightning_passive_focus.ddj with size 1030 
07:15:14.778 [main] DEBUG org.sokybot.pk2.Pk2CryptoUtils - File pack_lightning_storm.ddj is not encrypted , flags not exists
07:15:14.778 [main] INFO org.soky.sro.pk2.io.Pk2IOTest - Consuming 1030 byte(s) from file pack_lightning_storm.ddj with size 1030 
07:15:14.778 [main] DEBUG org.sokybot.pk2.Pk2CryptoUtils - File pack_lightning_storm_focus.ddj is not encrypted , flags not exists
07:15:14.778 [main] INFO org.soky.sro.pk2.io.Pk2IOTest - Consuming 1030 byte(s) from file pack_lightning_storm_focus.ddj with size 1030 
07:15:14.779 [main] DEBUG org.sokybot.pk2.Pk2CryptoUtils - File pack_spear_chain.ddj is not encrypted , flags not exists
07:15:14.779 [main] INFO org.soky.sro.pk2.io.Pk2IOTest - Consuming 1030 byte(s) from file pack_spear_chain.ddj with size 1030 
07:15:14.779 [main] DEBUG org.sokybot.pk2.Pk2CryptoUtils - File pack_spear_chain_focus.ddj is not encrypted , flags not exists
07:15:14.779 [main] INFO org.soky.sro.pk2.io.Pk2IOTest - Consuming 1030 byte(s) from file pack_spear_chain_focus.ddj with size 1030 
07:15:14.779 [main] DEBUG org.sokybot.pk2.Pk2CryptoUtils - File pack_spear_counter.ddj is not encrypted , flags not exists
07:15:14.780 [main] INFO org.soky.sro.pk2.io.Pk2IOTest - Consuming 1030 byte(s) from file pack_spear_counter.ddj with size 1030 
07:15:14.780 [main] DEBUG org.sokybot.pk2.Pk2CryptoUtils - File pack_spear_counter_focus.ddj is not encrypted , flags not exists
07:15:14.780 [main] INFO org.soky.sro.pk2.io.Pk2IOTest - Consuming 1030 byte(s) from file pack_spear_counter_focus.ddj with size 1030 
07:15:14.780 [main] DEBUG org.sokybot.pk2.Pk2CryptoUtils - File pack_spear_divide_a.ddj is not encrypted , flags not exists
07:15:14.780 [main] INFO org.soky.sro.pk2.io.Pk2IOTest - Consuming 1912 byte(s) from file pack_spear_divide_a.ddj with size 1912 
07:15:14.781 [main] DEBUG org.sokybot.pk2.Pk2CryptoUtils - File pack_spear_divide_a_focus.ddj is not encrypted , flags not exists
07:15:14.781 [main] INFO org.soky.sro.pk2.io.Pk2IOTest - Consuming 1912 byte(s) from file pack_spear_divide_a_focus.ddj with size 1912 
07:15:14.781 [main] DEBUG org.sokybot.pk2.Pk2CryptoUtils - File pack_spear_frontarea.ddj is not encrypted , flags not exists
07:15:14.781 [main] INFO org.soky.sro.pk2.io.Pk2IOTest - Consuming 1030 byte(s) from file pack_spear_frontarea.ddj with size 1030 
07:15:14.781 [main] DEBUG org.sokybot.pk2.Pk2CryptoUtils - File pack_spear_frontarea_focus.ddj is not encrypted , flags not exists
07:15:14.782 [main] INFO org.soky.sro.pk2.io.Pk2IOTest - Consuming 1030 byte(s) from file pack_spear_frontarea_focus.ddj with size 1030 
07:15:14.782 [main] DEBUG org.sokybot.pk2.Pk2CryptoUtils - File pack_spear_passive.ddj is not encrypted , flags not exists
07:15:14.782 [main] INFO org.soky.sro.pk2.io.Pk2IOTest - Consuming 1030 byte(s) from file pack_spear_passive.ddj with size 1030 
07:15:14.782 [main] DEBUG org.sokybot.pk2.Pk2CryptoUtils - File pack_spear_passive_focus.ddj is not encrypted , flags not exists
07:15:14.782 [main] INFO org.soky.sro.pk2.io.Pk2IOTest - Consuming 1030 byte(s) from file pack_spear_passive_focus.ddj with size 1030 
07:15:14.783 [main] DEBUG org.sokybot.pk2.Pk2CryptoUtils - File pack_spear_pierce.ddj is not encrypted , flags not exists
07:15:14.783 [main] INFO org.soky.sro.pk2.io.Pk2IOTest - Consuming 1030 byte(s) from file pack_spear_pierce.ddj with size 1030 
07:15:14.783 [main] DEBUG org.sokybot.pk2.Pk2CryptoUtils - File pack_spear_pierce_focus.ddj is not encrypted , flags not exists
07:15:14.783 [main] INFO org.soky.sro.pk2.io.Pk2IOTest - Consuming 1030 byte(s) from file pack_spear_pierce_focus.ddj with size 1030 
07:15:14.783 [main] DEBUG org.sokybot.pk2.Pk2CryptoUtils - File pack_spear_roundarea.ddj is not encrypted , flags not exists
07:15:14.783 [main] INFO org.soky.sro.pk2.io.Pk2IOTest - Consuming 1030 byte(s) from file pack_spear_roundarea.ddj with size 1030 
07:15:14.784 [main] DEBUG org.sokybot.pk2.Pk2CryptoUtils - File pack_spear_roundarea_focus.ddj is not encrypted , flags not exists
07:15:14.784 [main] INFO org.soky.sro.pk2.io.Pk2IOTest - Consuming 1030 byte(s) from file pack_spear_roundarea_focus.ddj with size 1030 
07:15:14.784 [main] DEBUG org.sokybot.pk2.Pk2CryptoUtils - File pack_spear_shoot.ddj is not encrypted , flags not exists
07:15:14.784 [main] INFO org.soky.sro.pk2.io.Pk2IOTest - Consuming 1030 byte(s) from file pack_spear_shoot.ddj with size 1030 
07:15:14.785 [main] DEBUG org.sokybot.pk2.Pk2CryptoUtils - File pack_spear_shoot_focus.ddj is not encrypted , flags not exists
07:15:14.785 [main] INFO org.soky.sro.pk2.io.Pk2IOTest - Consuming 1030 byte(s) from file pack_spear_shoot_focus.ddj with size 1030 
07:15:14.785 [main] DEBUG org.sokybot.pk2.Pk2CryptoUtils - File pack_spear_spin.ddj is not encrypted , flags not exists
07:15:14.785 [main] INFO org.soky.sro.pk2.io.Pk2IOTest - Consuming 1030 byte(s) from file pack_spear_spin.ddj with size 1030 
07:15:14.785 [main] DEBUG org.sokybot.pk2.Pk2CryptoUtils - File pack_spear_spin_focus.ddj is not encrypted , flags not exists
07:15:14.785 [main] INFO org.soky.sro.pk2.io.Pk2IOTest - Consuming 1030 byte(s) from file pack_spear_spin_focus.ddj with size 1030 
07:15:14.786 [main] DEBUG org.sokybot.pk2.Pk2CryptoUtils - File pack_spear_stun.ddj is not encrypted , flags not exists
07:15:14.786 [main] INFO org.soky.sro.pk2.io.Pk2IOTest - Consuming 1030 byte(s) from file pack_spear_stun.ddj with size 1030 
07:15:14.786 [main] DEBUG org.sokybot.pk2.Pk2CryptoUtils - File pack_spear_stun_focus.ddj is not encrypted , flags not exists
07:15:14.786 [main] INFO org.soky.sro.pk2.io.Pk2IOTest - Consuming 1030 byte(s) from file pack_spear_stun_focus.ddj with size 1030 
07:15:14.786 [main] DEBUG org.sokybot.pk2.Pk2CryptoUtils - File pack_sword_chain.ddj is not encrypted , flags not exists
07:15:14.787 [main] INFO org.soky.sro.pk2.io.Pk2IOTest - Consuming 1030 byte(s) from file pack_sword_chain.ddj with size 1030 
07:15:14.787 [main] DEBUG org.sokybot.pk2.Pk2CryptoUtils - File pack_sword_chain_focus.ddj is not encrypted , flags not exists
07:15:14.787 [main] INFO org.soky.sro.pk2.io.Pk2IOTest - Consuming 1030 byte(s) from file pack_sword_chain_focus.ddj with size 1030 
07:15:14.787 [main] DEBUG org.sokybot.pk2.Pk2CryptoUtils - File pack_sword_divide_a.ddj is not encrypted , flags not exists
07:15:14.787 [main] INFO org.soky.sro.pk2.io.Pk2IOTest - Consuming 1912 byte(s) from file pack_sword_divide_a.ddj with size 1912 
07:15:14.788 [main] DEBUG org.sokybot.pk2.Pk2CryptoUtils - File pack_sword_divide_a_focus.ddj is not encrypted , flags not exists
07:15:14.788 [main] INFO org.soky.sro.pk2.io.Pk2IOTest - Consuming 1912 byte(s) from file pack_sword_divide_a_focus.ddj with size 1912 
07:15:14.788 [main] DEBUG org.sokybot.pk2.Pk2CryptoUtils - File pack_sword_downattack.ddj is not encrypted , flags not exists
07:15:14.788 [main] INFO org.soky.sro.pk2.io.Pk2IOTest - Consuming 1030 byte(s) from file pack_sword_downattack.ddj with size 1030 
07:15:14.788 [main] DEBUG org.sokybot.pk2.Pk2CryptoUtils - File pack_sword_downattack_focus.ddj is not encrypted , flags not exists
07:15:14.789 [main] INFO org.soky.sro.pk2.io.Pk2IOTest - Consuming 1030 byte(s) from file pack_sword_downattack_focus.ddj with size 1030 
07:15:14.789 [main] DEBUG org.sokybot.pk2.Pk2CryptoUtils - File pack_sword_geomgi.ddj is not encrypted , flags not exists
07:15:14.789 [main] INFO org.soky.sro.pk2.io.Pk2IOTest - Consuming 1030 byte(s) from file pack_sword_geomgi.ddj with size 1030 
07:15:14.789 [main] DEBUG org.sokybot.pk2.Pk2CryptoUtils - File pack_sword_geomgi_focus.ddj is not encrypted , flags not exists
07:15:14.789 [main] INFO org.soky.sro.pk2.io.Pk2IOTest - Consuming 1030 byte(s) from file pack_sword_geomgi_focus.ddj with size 1030 
07:15:14.790 [main] DEBUG org.sokybot.pk2.Pk2CryptoUtils - File pack_sword_knockdown.ddj is not encrypted , flags not exists
07:15:14.790 [main] INFO org.soky.sro.pk2.io.Pk2IOTest - Consuming 1030 byte(s) from file pack_sword_knockdown.ddj with size 1030 
07:15:14.790 [main] DEBUG org.sokybot.pk2.Pk2CryptoUtils - File pack_sword_knockdown_focus.ddj is not encrypted , flags not exists
07:15:14.790 [main] INFO org.soky.sro.pk2.io.Pk2IOTest - Consuming 1030 byte(s) from file pack_sword_knockdown_focus.ddj with size 1030 
07:15:14.790 [main] DEBUG org.sokybot.pk2.Pk2CryptoUtils - File pack_sword_passive.ddj is not encrypted , flags not exists
07:15:14.790 [main] INFO org.soky.sro.pk2.io.Pk2IOTest - Consuming 1030 byte(s) from file pack_sword_passive.ddj with size 1030 
07:15:14.791 [main] DEBUG org.sokybot.pk2.Pk2CryptoUtils - File pack_sword_passive_focus.ddj is not encrypted , flags not exists
07:15:14.791 [main] INFO org.soky.sro.pk2.io.Pk2IOTest - Consuming 1030 byte(s) from file pack_sword_passive_focus.ddj with size 1030 
07:15:14.791 [main] DEBUG org.sokybot.pk2.Pk2CryptoUtils - File pack_sword_shield.ddj is not encrypted , flags not exists
07:15:14.792 [main] INFO org.soky.sro.pk2.io.Pk2IOTest - Consuming 1030 byte(s) from file pack_sword_shield.ddj with size 1030 
07:15:14.792 [main] DEBUG org.sokybot.pk2.Pk2CryptoUtils - File pack_sword_shieldpd.ddj is not encrypted , flags not exists
07:15:14.792 [main] INFO org.soky.sro.pk2.io.Pk2IOTest - Consuming 1912 byte(s) from file pack_sword_shieldpd.ddj with size 1912 
07:15:14.793 [main] DEBUG org.sokybot.pk2.Pk2CryptoUtils - File pack_sword_shieldpd_focus.ddj is not encrypted , flags not exists
07:15:14.793 [main] INFO org.soky.sro.pk2.io.Pk2IOTest - Consuming 1912 byte(s) from file pack_sword_shieldpd_focus.ddj with size 1912 
07:15:14.793 [main] DEBUG org.sokybot.pk2.Pk2CryptoUtils - File pack_sword_shield_focus.ddj is not encrypted , flags not exists
07:15:14.793 [main] INFO org.soky.sro.pk2.io.Pk2IOTest - Consuming 1030 byte(s) from file pack_sword_shield_focus.ddj with size 1030 
07:15:14.794 [main] DEBUG org.sokybot.pk2.Pk2CryptoUtils - File pack_sword_smash.ddj is not encrypted , flags not exists
07:15:14.794 [main] INFO org.soky.sro.pk2.io.Pk2IOTest - Consuming 1030 byte(s) from file pack_sword_smash.ddj with size 1030 
07:15:14.794 [main] DEBUG org.sokybot.pk2.Pk2CryptoUtils - File pack_sword_smash_focus.ddj is not encrypted , flags not exists
07:15:14.795 [main] INFO org.soky.sro.pk2.io.Pk2IOTest - Consuming 1030 byte(s) from file pack_sword_smash_focus.ddj with size 1030 
07:15:14.795 [main] DEBUG org.sokybot.pk2.Pk2CryptoUtils - File pack_sword_special.ddj is not encrypted , flags not exists
07:15:14.795 [main] INFO org.soky.sro.pk2.io.Pk2IOTest - Consuming 1030 byte(s) from file pack_sword_special.ddj with size 1030 
07:15:14.796 [main] DEBUG org.sokybot.pk2.Pk2CryptoUtils - File pack_sword_special_focus.ddj is not encrypted , flags not exists
07:15:14.796 [main] INFO org.soky.sro.pk2.io.Pk2IOTest - Consuming 1030 byte(s) from file pack_sword_special_focus.ddj with size 1030 
07:15:14.796 [main] DEBUG org.sokybot.pk2.Pk2CryptoUtils - File pack_water_allcure.ddj is not encrypted , flags not exists
07:15:14.796 [main] INFO org.soky.sro.pk2.io.Pk2IOTest - Consuming 1912 byte(s) from file pack_water_allcure.ddj with size 1912 
07:15:14.797 [main] DEBUG org.sokybot.pk2.Pk2CryptoUtils - File pack_water_allcure_focus.ddj is not encrypted , flags not exists
07:15:14.797 [main] INFO org.soky.sro.pk2.io.Pk2IOTest - Consuming 1912 byte(s) from file pack_water_allcure_focus.ddj with size 1912 
07:15:14.797 [main] DEBUG org.sokybot.pk2.Pk2CryptoUtils - File pack_water_bless.ddj is not encrypted , flags not exists
07:15:14.798 [main] INFO org.soky.sro.pk2.io.Pk2IOTest - Consuming 1912 byte(s) from file pack_water_bless.ddj with size 1912 
07:15:14.798 [main] DEBUG org.sokybot.pk2.Pk2CryptoUtils - File pack_water_bless_focus.ddj is not encrypted , flags not exists
07:15:14.798 [main] INFO org.soky.sro.pk2.io.Pk2IOTest - Consuming 1912 byte(s) from file pack_water_bless_focus.ddj with size 1912 
07:15:14.799 [main] DEBUG org.sokybot.pk2.Pk2CryptoUtils - File pack_water_cancel.ddj is not encrypted , flags not exists
07:15:14.799 [main] INFO org.soky.sro.pk2.io.Pk2IOTest - Consuming 1030 byte(s) from file pack_water_cancel.ddj with size 1030 
07:15:14.799 [main] DEBUG org.sokybot.pk2.Pk2CryptoUtils - File pack_water_cancel_b.ddj is not encrypted , flags not exists
07:15:14.799 [main] INFO org.soky.sro.pk2.io.Pk2IOTest - Consuming 1912 byte(s) from file pack_water_cancel_b.ddj with size 1912 
07:15:14.800 [main] DEBUG org.sokybot.pk2.Pk2CryptoUtils - File pack_water_cancel_b_focus.ddj is not encrypted , flags not exists
07:15:14.800 [main] INFO org.soky.sro.pk2.io.Pk2IOTest - Consuming 1912 byte(s) from file pack_water_cancel_b_focus.ddj with size 1912 
07:15:14.800 [main] DEBUG org.sokybot.pk2.Pk2CryptoUtils - File pack_water_cancel_focus.ddj is not encrypted , flags not exists
07:15:14.801 [main] INFO org.soky.sro.pk2.io.Pk2IOTest - Consuming 1030 byte(s) from file pack_water_cancel_focus.ddj with size 1030 
07:15:14.801 [main] DEBUG org.sokybot.pk2.Pk2CryptoUtils - File pack_water_cure.ddj is not encrypted , flags not exists
07:15:14.801 [main] INFO org.soky.sro.pk2.io.Pk2IOTest - Consuming 1030 byte(s) from file pack_water_cure.ddj with size 1030 
07:15:14.802 [main] DEBUG org.sokybot.pk2.Pk2CryptoUtils - File pack_water_cure_focus.ddj is not encrypted , flags not exists
07:15:14.802 [main] INFO org.soky.sro.pk2.io.Pk2IOTest - Consuming 1030 byte(s) from file pack_water_cure_focus.ddj with size 1030 
07:15:14.802 [main] DEBUG org.sokybot.pk2.Pk2CryptoUtils - File pack_water_harmony.ddj is not encrypted , flags not exists
07:15:14.803 [main] INFO org.soky.sro.pk2.io.Pk2IOTest - Consuming 1030 byte(s) from file pack_water_harmony.ddj with size 1030 
07:15:14.803 [main] DEBUG org.sokybot.pk2.Pk2CryptoUtils - File pack_water_harmony_focus.ddj is not encrypted , flags not exists
07:15:14.803 [main] INFO org.soky.sro.pk2.io.Pk2IOTest - Consuming 1030 byte(s) from file pack_water_harmony_focus.ddj with size 1030 
07:15:14.804 [main] DEBUG org.sokybot.pk2.Pk2CryptoUtils - File pack_water_heal.ddj is not encrypted , flags not exists
07:15:14.804 [main] INFO org.soky.sro.pk2.io.Pk2IOTest - Consuming 1030 byte(s) from file pack_water_heal.ddj with size 1030 
07:15:14.804 [main] DEBUG org.sokybot.pk2.Pk2CryptoUtils - File pack_water_heal_focus.ddj is not encrypted , flags not exists
07:15:14.805 [main] INFO org.soky.sro.pk2.io.Pk2IOTest - Consuming 1030 byte(s) from file pack_water_heal_focus.ddj with size 1030 
07:15:14.805 [main] DEBUG org.sokybot.pk2.Pk2CryptoUtils - File pack_water_passive.ddj is not encrypted , flags not exists
07:15:14.805 [main] INFO org.soky.sro.pk2.io.Pk2IOTest - Consuming 1030 byte(s) from file pack_water_passive.ddj with size 1030 
07:15:14.805 [main] DEBUG org.sokybot.pk2.Pk2CryptoUtils - File pack_water_passive_focus.ddj is not encrypted , flags not exists
07:15:14.806 [main] INFO org.soky.sro.pk2.io.Pk2IOTest - Consuming 1030 byte(s) from file pack_water_passive_focus.ddj with size 1030 
07:15:14.806 [main] DEBUG org.sokybot.pk2.Pk2CryptoUtils - File pack_water_rebirth_group.ddj is not encrypted , flags not exists
07:15:14.806 [main] INFO org.soky.sro.pk2.io.Pk2IOTest - Consuming 1912 byte(s) from file pack_water_rebirth_group.ddj with size 1912 
07:15:14.807 [main] DEBUG org.sokybot.pk2.Pk2CryptoUtils - File pack_water_rebirth_group_focus.ddj is not encrypted , flags not exists
07:15:14.807 [main] INFO org.soky.sro.pk2.io.Pk2IOTest - Consuming 1912 byte(s) from file pack_water_rebirth_group_focus.ddj with size 1912 
07:15:14.807 [main] DEBUG org.sokybot.pk2.Pk2CryptoUtils - File pack_water_recovery_quick.ddj is not encrypted , flags not exists
07:15:14.807 [main] INFO org.soky.sro.pk2.io.Pk2IOTest - Consuming 1912 byte(s) from file pack_water_recovery_quick.ddj with size 1912 
07:15:14.807 [main] DEBUG org.sokybot.pk2.Pk2CryptoUtils - File pack_water_recovery_quick_focus.ddj is not encrypted , flags not exists
07:15:14.808 [main] INFO org.soky.sro.pk2.io.Pk2IOTest - Consuming 1912 byte(s) from file pack_water_recovery_quick_focus.ddj with size 1912 
07:15:14.808 [main] DEBUG org.sokybot.pk2.Pk2CryptoUtils - File pack_water_resurrection.ddj is not encrypted , flags not exists
07:15:14.808 [main] INFO org.soky.sro.pk2.io.Pk2IOTest - Consuming 1030 byte(s) from file pack_water_resurrection.ddj with size 1030 
07:15:14.808 [main] DEBUG org.sokybot.pk2.Pk2CryptoUtils - File pack_water_resurrection_focus.ddj is not encrypted , flags not exists
07:15:14.808 [main] INFO org.soky.sro.pk2.io.Pk2IOTest - Consuming 1030 byte(s) from file pack_water_resurrection_focus.ddj with size 1030 
07:15:14.809 [main] DEBUG org.sokybot.pk2.Pk2CryptoUtils - File pack_water_selfheal.ddj is not encrypted , flags not exists
07:15:14.809 [main] INFO org.soky.sro.pk2.io.Pk2IOTest - Consuming 1030 byte(s) from file pack_water_selfheal.ddj with size 1030 
07:15:14.809 [main] DEBUG org.sokybot.pk2.Pk2CryptoUtils - File pack_water_selfheal_focus.ddj is not encrypted , flags not exists
07:15:14.809 [main] INFO org.soky.sro.pk2.io.Pk2IOTest - Consuming 1030 byte(s) from file pack_water_selfheal_focus.ddj with size 1030 
07:15:14.809 [main] DEBUG org.sokybot.pk2.Pk2CryptoUtils - File pack_attack.ddj is not encrypted , flags not exists
07:15:14.809 [main] INFO org.soky.sro.pk2.io.Pk2IOTest - Consuming 1030 byte(s) from file pack_attack.ddj with size 1030 
07:15:14.810 [main] DEBUG org.sokybot.pk2.Pk2CryptoUtils - File pack_attack_focus.ddj is not encrypted , flags not exists
07:15:14.810 [main] INFO org.soky.sro.pk2.io.Pk2IOTest - Consuming 1030 byte(s) from file pack_attack_focus.ddj with size 1030 
07:15:14.810 [main] DEBUG org.sokybot.pk2.Pk2CryptoUtils - File pack_battle.ddj is not encrypted , flags not exists
07:15:14.810 [main] INFO org.soky.sro.pk2.io.Pk2IOTest - Consuming 1030 byte(s) from file pack_battle.ddj with size 1030 
07:15:14.810 [main] DEBUG org.sokybot.pk2.Pk2CryptoUtils - File pack_battle_b.ddj is not encrypted , flags not exists
07:15:14.810 [main] INFO org.soky.sro.pk2.io.Pk2IOTest - Consuming 1912 byte(s) from file pack_battle_b.ddj with size 1912 
07:15:14.811 [main] DEBUG org.sokybot.pk2.Pk2CryptoUtils - File pack_battle_b_focus.ddj is not encrypted , flags not exists
07:15:14.811 [main] INFO org.soky.sro.pk2.io.Pk2IOTest - Consuming 1912 byte(s) from file pack_battle_b_focus.ddj with size 1912 
07:15:14.811 [main] DEBUG org.sokybot.pk2.Pk2CryptoUtils - File pack_battle_focus.ddj is not encrypted , flags not exists
07:15:14.811 [main] INFO org.soky.sro.pk2.io.Pk2IOTest - Consuming 1030 byte(s) from file pack_battle_focus.ddj with size 1030 
07:15:14.811 [main] DEBUG org.sokybot.pk2.Pk2CryptoUtils - File pack_beautiful.ddj is not encrypted , flags not exists
07:15:14.812 [main] INFO org.soky.sro.pk2.io.Pk2IOTest - Consuming 1030 byte(s) from file pack_beautiful.ddj with size 1030 
07:15:14.812 [main] DEBUG org.sokybot.pk2.Pk2CryptoUtils - File pack_beautiful_focus.ddj is not encrypted , flags not exists
07:15:14.812 [main] INFO org.soky.sro.pk2.io.Pk2IOTest - Consuming 1030 byte(s) from file pack_beautiful_focus.ddj with size 1030 
07:15:14.812 [main] DEBUG org.sokybot.pk2.Pk2CryptoUtils - File pack_bless.ddj is not encrypted , flags not exists
07:15:14.812 [main] INFO org.soky.sro.pk2.io.Pk2IOTest - Consuming 1030 byte(s) from file pack_bless.ddj with size 1030 
07:15:14.813 [main] DEBUG org.sokybot.pk2.Pk2CryptoUtils - File pack_bless_b.ddj is not encrypted , flags not exists
07:15:14.813 [main] INFO org.soky.sro.pk2.io.Pk2IOTest - Consuming 1912 byte(s) from file pack_bless_b.ddj with size 1912 
07:15:14.813 [main] DEBUG org.sokybot.pk2.Pk2CryptoUtils - File pack_bless_b_focus.ddj is not encrypted , flags not exists
07:15:14.813 [main] INFO org.soky.sro.pk2.io.Pk2IOTest - Consuming 1912 byte(s) from file pack_bless_b_focus.ddj with size 1912 
07:15:14.813 [main] DEBUG org.sokybot.pk2.Pk2CryptoUtils - File pack_bless_focus.ddj is not encrypted , flags not exists
07:15:14.813 [main] INFO org.soky.sro.pk2.io.Pk2IOTest - Consuming 1030 byte(s) from file pack_bless_focus.ddj with size 1030 
07:15:14.814 [main] DEBUG org.sokybot.pk2.Pk2CryptoUtils - File pack_blood.ddj is not encrypted , flags not exists
07:15:14.814 [main] INFO org.soky.sro.pk2.io.Pk2IOTest - Consuming 1030 byte(s) from file pack_blood.ddj with size 1030 
07:15:14.814 [main] DEBUG org.sokybot.pk2.Pk2CryptoUtils - File pack_blood_focus.ddj is not encrypted , flags not exists
07:15:14.814 [main] INFO org.soky.sro.pk2.io.Pk2IOTest - Consuming 1030 byte(s) from file pack_blood_focus.ddj with size 1030 
07:15:14.814 [main] DEBUG org.sokybot.pk2.Pk2CryptoUtils - File pack_cold.ddj is not encrypted , flags not exists
07:15:14.814 [main] INFO org.soky.sro.pk2.io.Pk2IOTest - Consuming 1030 byte(s) from file pack_cold.ddj with size 1030 
07:15:14.815 [main] DEBUG org.sokybot.pk2.Pk2CryptoUtils - File pack_cold_b.ddj is not encrypted , flags not exists
07:15:14.815 [main] INFO org.soky.sro.pk2.io.Pk2IOTest - Consuming 1912 byte(s) from file pack_cold_b.ddj with size 1912 
07:15:14.815 [main] DEBUG org.sokybot.pk2.Pk2CryptoUtils - File pack_cold_b_focus.ddj is not encrypted , flags not exists
07:15:14.815 [main] INFO org.soky.sro.pk2.io.Pk2IOTest - Consuming 1912 byte(s) from file pack_cold_b_focus.ddj with size 1912 
07:15:14.815 [main] DEBUG org.sokybot.pk2.Pk2CryptoUtils - File pack_cold_focus.ddj is not encrypted , flags not exists
07:15:14.816 [main] INFO org.soky.sro.pk2.io.Pk2IOTest - Consuming 1030 byte(s) from file pack_cold_focus.ddj with size 1030 
07:15:14.816 [main] DEBUG org.sokybot.pk2.Pk2CryptoUtils - File pack_common.ddj is not encrypted , flags not exists
07:15:14.816 [main] INFO org.soky.sro.pk2.io.Pk2IOTest - Consuming 1030 byte(s) from file pack_common.ddj with size 1030 
07:15:14.816 [main] DEBUG org.sokybot.pk2.Pk2CryptoUtils - File pack_common_b.ddj is not encrypted , flags not exists
07:15:14.816 [main] INFO org.soky.sro.pk2.io.Pk2IOTest - Consuming 1912 byte(s) from file pack_common_b.ddj with size 1912 
07:15:14.817 [main] DEBUG org.sokybot.pk2.Pk2CryptoUtils - File pack_common_b_focus.ddj is not encrypted , flags not exists
07:15:14.817 [main] INFO org.soky.sro.pk2.io.Pk2IOTest - Consuming 1912 byte(s) from file pack_common_b_focus.ddj with size 1912 
07:15:14.817 [main] DEBUG org.sokybot.pk2.Pk2CryptoUtils - File pack_common_focus.ddj is not encrypted , flags not exists
07:15:14.817 [main] INFO org.soky.sro.pk2.io.Pk2IOTest - Consuming 1030 byte(s) from file pack_common_focus.ddj with size 1030 
07:15:14.817 [main] DEBUG org.sokybot.pk2.Pk2CryptoUtils - File pack_cross.ddj is not encrypted , flags not exists
07:15:14.817 [main] INFO org.soky.sro.pk2.io.Pk2IOTest - Consuming 1030 byte(s) from file pack_cross.ddj with size 1030 
07:15:14.818 [main] DEBUG org.sokybot.pk2.Pk2CryptoUtils - File pack_crossbow.ddj is not encrypted , flags not exists
07:15:14.818 [main] INFO org.soky.sro.pk2.io.Pk2IOTest - Consuming 1030 byte(s) from file pack_crossbow.ddj with size 1030 
07:15:14.818 [main] DEBUG org.sokybot.pk2.Pk2CryptoUtils - File pack_crossbow_b.ddj is not encrypted , flags not exists
07:15:14.818 [main] INFO org.soky.sro.pk2.io.Pk2IOTest - Consuming 1912 byte(s) from file pack_crossbow_b.ddj with size 1912 
07:15:14.818 [main] DEBUG org.sokybot.pk2.Pk2CryptoUtils - File pack_crossbow_b_focus.ddj is not encrypted , flags not exists
07:15:14.818 [main] INFO org.soky.sro.pk2.io.Pk2IOTest - Consuming 1912 byte(s) from file pack_crossbow_b_focus.ddj with size 1912 
07:15:14.819 [main] DEBUG org.sokybot.pk2.Pk2CryptoUtils - File pack_crossbow_focus.ddj is not encrypted , flags not exists
07:15:14.819 [main] INFO org.soky.sro.pk2.io.Pk2IOTest - Consuming 1030 byte(s) from file pack_crossbow_focus.ddj with size 1030 
07:15:14.819 [main] DEBUG org.sokybot.pk2.Pk2CryptoUtils - File pack_cross_expert.ddj is not encrypted , flags not exists
07:15:14.819 [main] INFO org.soky.sro.pk2.io.Pk2IOTest - Consuming 1030 byte(s) from file pack_cross_expert.ddj with size 1030 
07:15:14.819 [main] DEBUG org.sokybot.pk2.Pk2CryptoUtils - File pack_cross_expert_focus.ddj is not encrypted , flags not exists
07:15:14.819 [main] INFO org.soky.sro.pk2.io.Pk2IOTest - Consuming 1030 byte(s) from file pack_cross_expert_focus.ddj with size 1030 
07:15:14.820 [main] DEBUG org.sokybot.pk2.Pk2CryptoUtils - File pack_cross_focus.ddj is not encrypted , flags not exists
07:15:14.820 [main] INFO org.soky.sro.pk2.io.Pk2IOTest - Consuming 1030 byte(s) from file pack_cross_focus.ddj with size 1030 
07:15:14.820 [main] DEBUG org.sokybot.pk2.Pk2CryptoUtils - File pack_cruel.ddj is not encrypted , flags not exists
07:15:14.820 [main] INFO org.soky.sro.pk2.io.Pk2IOTest - Consuming 1030 byte(s) from file pack_cruel.ddj with size 1030 
07:15:14.820 [main] DEBUG org.sokybot.pk2.Pk2CryptoUtils - File pack_cruel_focus.ddj is not encrypted , flags not exists
07:15:14.820 [main] INFO org.soky.sro.pk2.io.Pk2IOTest - Consuming 1030 byte(s) from file pack_cruel_focus.ddj with size 1030 
07:15:14.820 [main] DEBUG org.sokybot.pk2.Pk2CryptoUtils - File pack_dagger.ddj is not encrypted , flags not exists
07:15:14.821 [main] INFO org.soky.sro.pk2.io.Pk2IOTest - Consuming 1030 byte(s) from file pack_dagger.ddj with size 1030 
07:15:14.821 [main] DEBUG org.sokybot.pk2.Pk2CryptoUtils - File pack_dagger_b.ddj is not encrypted , flags not exists
07:15:14.821 [main] INFO org.soky.sro.pk2.io.Pk2IOTest - Consuming 1912 byte(s) from file pack_dagger_b.ddj with size 1912 
07:15:14.821 [main] DEBUG org.sokybot.pk2.Pk2CryptoUtils - File pack_dagger_b_focus.ddj is not encrypted , flags not exists
07:15:14.821 [main] INFO org.soky.sro.pk2.io.Pk2IOTest - Consuming 1912 byte(s) from file pack_dagger_b_focus.ddj with size 1912 
07:15:14.822 [main] DEBUG org.sokybot.pk2.Pk2CryptoUtils - File pack_dagger_focus.ddj is not encrypted , flags not exists
07:15:14.822 [main] INFO org.soky.sro.pk2.io.Pk2IOTest - Consuming 1030 byte(s) from file pack_dagger_focus.ddj with size 1030 
07:15:14.822 [main] DEBUG org.sokybot.pk2.Pk2CryptoUtils - File pack_dance.ddj is not encrypted , flags not exists
07:15:14.822 [main] INFO org.soky.sro.pk2.io.Pk2IOTest - Consuming 1030 byte(s) from file pack_dance.ddj with size 1030 
07:15:14.822 [main] DEBUG org.sokybot.pk2.Pk2CryptoUtils - File pack_dance_focus.ddj is not encrypted , flags not exists
07:15:14.822 [main] INFO org.soky.sro.pk2.io.Pk2IOTest - Consuming 1030 byte(s) from file pack_dance_focus.ddj with size 1030 
07:15:14.823 [main] DEBUG org.sokybot.pk2.Pk2CryptoUtils - File pack_dark.ddj is not encrypted , flags not exists
07:15:14.823 [main] INFO org.soky.sro.pk2.io.Pk2IOTest - Consuming 1030 byte(s) from file pack_dark.ddj with size 1030 
07:15:14.823 [main] DEBUG org.sokybot.pk2.Pk2CryptoUtils - File pack_dark_focus.ddj is not encrypted , flags not exists
07:15:14.823 [main] INFO org.soky.sro.pk2.io.Pk2IOTest - Consuming 1030 byte(s) from file pack_dark_focus.ddj with size 1030 
07:15:14.823 [main] DEBUG org.sokybot.pk2.Pk2CryptoUtils - File pack_divine.ddj is not encrypted , flags not exists
07:15:14.823 [main] INFO org.soky.sro.pk2.io.Pk2IOTest - Consuming 1030 byte(s) from file pack_divine.ddj with size 1030 
07:15:14.823 [main] DEBUG org.sokybot.pk2.Pk2CryptoUtils - File pack_divine_focus.ddj is not encrypted , flags not exists
07:15:14.823 [main] INFO org.soky.sro.pk2.io.Pk2IOTest - Consuming 1030 byte(s) from file pack_divine_focus.ddj with size 1030 
07:15:14.824 [main] DEBUG org.sokybot.pk2.Pk2CryptoUtils - File pack_dream.ddj is not encrypted , flags not exists
07:15:14.824 [main] INFO org.soky.sro.pk2.io.Pk2IOTest - Consuming 1030 byte(s) from file pack_dream.ddj with size 1030 
07:15:14.824 [main] DEBUG org.sokybot.pk2.Pk2CryptoUtils - File pack_dream_focus.ddj is not encrypted , flags not exists
07:15:14.824 [main] INFO org.soky.sro.pk2.io.Pk2IOTest - Consuming 1030 byte(s) from file pack_dream_focus.ddj with size 1030 
07:15:14.824 [main] DEBUG org.sokybot.pk2.Pk2CryptoUtils - File pack_dual.ddj is not encrypted , flags not exists
07:15:14.824 [main] INFO org.soky.sro.pk2.io.Pk2IOTest - Consuming 1030 byte(s) from file pack_dual.ddj with size 1030 
07:15:14.825 [main] DEBUG org.sokybot.pk2.Pk2CryptoUtils - File pack_dual_b.ddj is not encrypted , flags not exists
07:15:14.825 [main] INFO org.soky.sro.pk2.io.Pk2IOTest - Consuming 1912 byte(s) from file pack_dual_b.ddj with size 1912 
07:15:14.825 [main] DEBUG org.sokybot.pk2.Pk2CryptoUtils - File pack_dual_b_focus.ddj is not encrypted , flags not exists
07:15:14.825 [main] INFO org.soky.sro.pk2.io.Pk2IOTest - Consuming 1912 byte(s) from file pack_dual_b_focus.ddj with size 1912 
07:15:14.825 [main] DEBUG org.sokybot.pk2.Pk2CryptoUtils - File pack_dual_focus.ddj is not encrypted , flags not exists
07:15:14.825 [main] INFO org.soky.sro.pk2.io.Pk2IOTest - Consuming 1030 byte(s) from file pack_dual_focus.ddj with size 1030 
07:15:14.826 [main] DEBUG org.sokybot.pk2.Pk2CryptoUtils - File pack_dual_lord.ddj is not encrypted , flags not exists
07:15:14.826 [main] INFO org.soky.sro.pk2.io.Pk2IOTest - Consuming 1030 byte(s) from file pack_dual_lord.ddj with size 1030 
07:15:14.826 [main] DEBUG org.sokybot.pk2.Pk2CryptoUtils - File pack_dual_lord_focus.ddj is not encrypted , flags not exists
07:15:14.826 [main] INFO org.soky.sro.pk2.io.Pk2IOTest - Consuming 1030 byte(s) from file pack_dual_lord_focus.ddj with size 1030 
07:15:14.826 [main] DEBUG org.sokybot.pk2.Pk2CryptoUtils - File pack_earth.ddj is not encrypted , flags not exists
07:15:14.826 [main] INFO org.soky.sro.pk2.io.Pk2IOTest - Consuming 1030 byte(s) from file pack_earth.ddj with size 1030 
07:15:14.826 [main] DEBUG org.sokybot.pk2.Pk2CryptoUtils - File pack_earth_b.ddj is not encrypted , flags not exists
07:15:14.827 [main] INFO org.soky.sro.pk2.io.Pk2IOTest - Consuming 1912 byte(s) from file pack_earth_b.ddj with size 1912 
07:15:14.827 [main] DEBUG org.sokybot.pk2.Pk2CryptoUtils - File pack_earth_b_focus.ddj is not encrypted , flags not exists
07:15:14.827 [main] INFO org.soky.sro.pk2.io.Pk2IOTest - Consuming 1912 byte(s) from file pack_earth_b_focus.ddj with size 1912 
07:15:14.827 [main] DEBUG org.sokybot.pk2.Pk2CryptoUtils - File pack_earth_focus.ddj is not encrypted , flags not exists
07:15:14.827 [main] INFO org.soky.sro.pk2.io.Pk2IOTest - Consuming 1030 byte(s) from file pack_earth_focus.ddj with size 1030 
07:15:14.827 [main] DEBUG org.sokybot.pk2.Pk2CryptoUtils - File pack_energe.ddj is not encrypted , flags not exists
07:15:14.827 [main] INFO org.soky.sro.pk2.io.Pk2IOTest - Consuming 1030 byte(s) from file pack_energe.ddj with size 1030 
07:15:14.828 [main] DEBUG org.sokybot.pk2.Pk2CryptoUtils - File pack_energe_focus.ddj is not encrypted , flags not exists
07:15:14.828 [main] INFO org.soky.sro.pk2.io.Pk2IOTest - Consuming 1030 byte(s) from file pack_energe_focus.ddj with size 1030 
07:15:14.828 [main] DEBUG org.sokybot.pk2.Pk2CryptoUtils - File pack_fire.ddj is not encrypted , flags not exists
07:15:14.828 [main] INFO org.soky.sro.pk2.io.Pk2IOTest - Consuming 1030 byte(s) from file pack_fire.ddj with size 1030 
07:15:14.828 [main] DEBUG org.sokybot.pk2.Pk2CryptoUtils - File pack_fire_b.ddj is not encrypted , flags not exists
07:15:14.828 [main] INFO org.soky.sro.pk2.io.Pk2IOTest - Consuming 1912 byte(s) from file pack_fire_b.ddj with size 1912 
07:15:14.829 [main] DEBUG org.sokybot.pk2.Pk2CryptoUtils - File pack_fire_b_focus.ddj is not encrypted , flags not exists
07:15:14.829 [main] INFO org.soky.sro.pk2.io.Pk2IOTest - Consuming 1912 byte(s) from file pack_fire_b_focus.ddj with size 1912 
07:15:14.829 [main] DEBUG org.sokybot.pk2.Pk2CryptoUtils - File pack_fire_focus.ddj is not encrypted , flags not exists
07:15:14.829 [main] INFO org.soky.sro.pk2.io.Pk2IOTest - Consuming 1030 byte(s) from file pack_fire_focus.ddj with size 1030 
07:15:14.829 [main] DEBUG org.sokybot.pk2.Pk2CryptoUtils - File pack_force.ddj is not encrypted , flags not exists
07:15:14.829 [main] INFO org.soky.sro.pk2.io.Pk2IOTest - Consuming 1030 byte(s) from file pack_force.ddj with size 1030 
07:15:14.829 [main] DEBUG org.sokybot.pk2.Pk2CryptoUtils - File pack_force_focus.ddj is not encrypted , flags not exists
07:15:14.830 [main] INFO org.soky.sro.pk2.io.Pk2IOTest - Consuming 1030 byte(s) from file pack_force_focus.ddj with size 1030 
07:15:14.830 [main] DEBUG org.sokybot.pk2.Pk2CryptoUtils - File pack_frenzy.ddj is not encrypted , flags not exists
07:15:14.830 [main] INFO org.soky.sro.pk2.io.Pk2IOTest - Consuming 1030 byte(s) from file pack_frenzy.ddj with size 1030 
07:15:14.830 [main] DEBUG org.sokybot.pk2.Pk2CryptoUtils - File pack_frenzy_b.ddj is not encrypted , flags not exists
07:15:14.830 [main] INFO org.soky.sro.pk2.io.Pk2IOTest - Consuming 1912 byte(s) from file pack_frenzy_b.ddj with size 1912 
07:15:14.830 [main] DEBUG org.sokybot.pk2.Pk2CryptoUtils - File pack_frenzy_b_focus.ddj is not encrypted , flags not exists
07:15:14.830 [main] INFO org.soky.sro.pk2.io.Pk2IOTest - Consuming 1912 byte(s) from file pack_frenzy_b_focus.ddj with size 1912 
07:15:14.831 [main] DEBUG org.sokybot.pk2.Pk2CryptoUtils - File pack_frenzy_focus.ddj is not encrypted , flags not exists
07:15:14.831 [main] INFO org.soky.sro.pk2.io.Pk2IOTest - Consuming 1030 byte(s) from file pack_frenzy_focus.ddj with size 1030 
07:15:14.831 [main] DEBUG org.sokybot.pk2.Pk2CryptoUtils - File pack_glory.ddj is not encrypted , flags not exists
07:15:14.831 [main] INFO org.soky.sro.pk2.io.Pk2IOTest - Consuming 1030 byte(s) from file pack_glory.ddj with size 1030 
07:15:14.831 [main] DEBUG org.sokybot.pk2.Pk2CryptoUtils - File pack_glory_focus.ddj is not encrypted , flags not exists
07:15:14.831 [main] INFO org.soky.sro.pk2.io.Pk2IOTest - Consuming 1030 byte(s) from file pack_glory_focus.ddj with size 1030 
07:15:14.832 [main] DEBUG org.sokybot.pk2.Pk2CryptoUtils - File pack_guard.ddj is not encrypted , flags not exists
07:15:14.832 [main] INFO org.soky.sro.pk2.io.Pk2IOTest - Consuming 1030 byte(s) from file pack_guard.ddj with size 1030 
07:15:14.832 [main] DEBUG org.sokybot.pk2.Pk2CryptoUtils - File pack_guard_focus.ddj is not encrypted , flags not exists
07:15:14.832 [main] INFO org.soky.sro.pk2.io.Pk2IOTest - Consuming 1030 byte(s) from file pack_guard_focus.ddj with size 1030 
07:15:14.832 [main] DEBUG org.sokybot.pk2.Pk2CryptoUtils - File pack_holy.ddj is not encrypted , flags not exists
07:15:14.832 [main] INFO org.soky.sro.pk2.io.Pk2IOTest - Consuming 1030 byte(s) from file pack_holy.ddj with size 1030 
07:15:14.833 [main] DEBUG org.sokybot.pk2.Pk2CryptoUtils - File pack_holy_b.ddj is not encrypted , flags not exists
07:15:14.833 [main] INFO org.soky.sro.pk2.io.Pk2IOTest - Consuming 1912 byte(s) from file pack_holy_b.ddj with size 1912 
07:15:14.833 [main] DEBUG org.sokybot.pk2.Pk2CryptoUtils - File pack_holy_b_focus.ddj is not encrypted , flags not exists
07:15:14.833 [main] INFO org.soky.sro.pk2.io.Pk2IOTest - Consuming 1912 byte(s) from file pack_holy_b_focus.ddj with size 1912 
07:15:14.833 [main] DEBUG org.sokybot.pk2.Pk2CryptoUtils - File pack_holy_focus.ddj is not encrypted , flags not exists
07:15:14.833 [main] INFO org.soky.sro.pk2.io.Pk2IOTest - Consuming 1030 byte(s) from file pack_holy_focus.ddj with size 1030 
07:15:14.833 [main] DEBUG org.sokybot.pk2.Pk2CryptoUtils - File pack_light.ddj is not encrypted , flags not exists
07:15:14.834 [main] INFO org.soky.sro.pk2.io.Pk2IOTest - Consuming 1030 byte(s) from file pack_light.ddj with size 1030 
07:15:14.834 [main] DEBUG org.sokybot.pk2.Pk2CryptoUtils - File pack_light_b.ddj is not encrypted , flags not exists
07:15:14.834 [main] INFO org.soky.sro.pk2.io.Pk2IOTest - Consuming 1912 byte(s) from file pack_light_b.ddj with size 1912 
07:15:14.834 [main] DEBUG org.sokybot.pk2.Pk2CryptoUtils - File pack_light_b_focus.ddj is not encrypted , flags not exists
07:15:14.834 [main] INFO org.soky.sro.pk2.io.Pk2IOTest - Consuming 1912 byte(s) from file pack_light_b_focus.ddj with size 1912 
07:15:14.834 [main] DEBUG org.sokybot.pk2.Pk2CryptoUtils - File pack_light_focus.ddj is not encrypted , flags not exists
07:15:14.834 [main] INFO org.soky.sro.pk2.io.Pk2IOTest - Consuming 1030 byte(s) from file pack_light_focus.ddj with size 1030 
07:15:14.835 [main] DEBUG org.sokybot.pk2.Pk2CryptoUtils - File pack_mask.ddj is not encrypted , flags not exists
07:15:14.835 [main] INFO org.soky.sro.pk2.io.Pk2IOTest - Consuming 1030 byte(s) from file pack_mask.ddj with size 1030 
07:15:14.835 [main] DEBUG org.sokybot.pk2.Pk2CryptoUtils - File pack_mask_focus.ddj is not encrypted , flags not exists
07:15:14.835 [main] INFO org.soky.sro.pk2.io.Pk2IOTest - Consuming 1030 byte(s) from file pack_mask_focus.ddj with size 1030 
07:15:14.835 [main] DEBUG org.sokybot.pk2.Pk2CryptoUtils - File pack_melody.ddj is not encrypted , flags not exists
07:15:14.835 [main] INFO org.soky.sro.pk2.io.Pk2IOTest - Consuming 1030 byte(s) from file pack_melody.ddj with size 1030 
07:15:14.836 [main] DEBUG org.sokybot.pk2.Pk2CryptoUtils - File pack_melody_b.ddj is not encrypted , flags not exists
07:15:14.836 [main] INFO org.soky.sro.pk2.io.Pk2IOTest - Consuming 1912 byte(s) from file pack_melody_b.ddj with size 1912 
07:15:14.836 [main] DEBUG org.sokybot.pk2.Pk2CryptoUtils - File pack_melody_b_focus.ddj is not encrypted , flags not exists
07:15:14.836 [main] INFO org.soky.sro.pk2.io.Pk2IOTest - Consuming 1912 byte(s) from file pack_melody_b_focus.ddj with size 1912 
07:15:14.836 [main] DEBUG org.sokybot.pk2.Pk2CryptoUtils - File pack_melody_focus.ddj is not encrypted , flags not exists
07:15:14.836 [main] INFO org.soky.sro.pk2.io.Pk2IOTest - Consuming 1030 byte(s) from file pack_melody_focus.ddj with size 1030 
07:15:14.837 [main] DEBUG org.sokybot.pk2.Pk2CryptoUtils - File pack_mental.ddj is not encrypted , flags not exists
07:15:14.837 [main] INFO org.soky.sro.pk2.io.Pk2IOTest - Consuming 1030 byte(s) from file pack_mental.ddj with size 1030 
07:15:14.837 [main] DEBUG org.sokybot.pk2.Pk2CryptoUtils - File pack_mental_b.ddj is not encrypted , flags not exists
07:15:14.837 [main] INFO org.soky.sro.pk2.io.Pk2IOTest - Consuming 1912 byte(s) from file pack_mental_b.ddj with size 1912 
07:15:14.837 [main] DEBUG org.sokybot.pk2.Pk2CryptoUtils - File pack_mental_b_focus.ddj is not encrypted , flags not exists
07:15:14.837 [main] INFO org.soky.sro.pk2.io.Pk2IOTest - Consuming 1912 byte(s) from file pack_mental_b_focus.ddj with size 1912 
07:15:14.838 [main] DEBUG org.sokybot.pk2.Pk2CryptoUtils - File pack_mental_focus.ddj is not encrypted , flags not exists
07:15:14.838 [main] INFO org.soky.sro.pk2.io.Pk2IOTest - Consuming 1030 byte(s) from file pack_mental_focus.ddj with size 1030 
07:15:14.838 [main] DEBUG org.sokybot.pk2.Pk2CryptoUtils - File pack_mind.ddj is not encrypted , flags not exists
07:15:14.838 [main] INFO org.soky.sro.pk2.io.Pk2IOTest - Consuming 1030 byte(s) from file pack_mind.ddj with size 1030 
07:15:14.838 [main] DEBUG org.sokybot.pk2.Pk2CryptoUtils - File pack_mind_focus.ddj is not encrypted , flags not exists
07:15:14.838 [main] INFO org.soky.sro.pk2.io.Pk2IOTest - Consuming 1030 byte(s) from file pack_mind_focus.ddj with size 1030 
07:15:14.839 [main] DEBUG org.sokybot.pk2.Pk2CryptoUtils - File pack_music.ddj is not encrypted , flags not exists
07:15:14.839 [main] INFO org.soky.sro.pk2.io.Pk2IOTest - Consuming 1030 byte(s) from file pack_music.ddj with size 1030 
07:15:14.839 [main] DEBUG org.sokybot.pk2.Pk2CryptoUtils - File pack_music_focus.ddj is not encrypted , flags not exists
07:15:14.839 [main] INFO org.soky.sro.pk2.io.Pk2IOTest - Consuming 1030 byte(s) from file pack_music_focus.ddj with size 1030 
07:15:14.839 [main] DEBUG org.sokybot.pk2.Pk2CryptoUtils - File pack_natural.ddj is not encrypted , flags not exists
07:15:14.839 [main] INFO org.soky.sro.pk2.io.Pk2IOTest - Consuming 1030 byte(s) from file pack_natural.ddj with size 1030 
07:15:14.840 [main] DEBUG org.sokybot.pk2.Pk2CryptoUtils - File pack_natural_focus.ddj is not encrypted , flags not exists
07:15:14.840 [main] INFO org.soky.sro.pk2.io.Pk2IOTest - Consuming 1030 byte(s) from file pack_natural_focus.ddj with size 1030 
07:15:14.840 [main] DEBUG org.sokybot.pk2.Pk2CryptoUtils - File pack_onehand.ddj is not encrypted , flags not exists
07:15:14.840 [main] INFO org.soky.sro.pk2.io.Pk2IOTest - Consuming 1030 byte(s) from file pack_onehand.ddj with size 1030 
07:15:14.840 [main] DEBUG org.sokybot.pk2.Pk2CryptoUtils - File pack_onehand_b.ddj is not encrypted , flags not exists
07:15:14.840 [main] INFO org.soky.sro.pk2.io.Pk2IOTest - Consuming 1912 byte(s) from file pack_onehand_b.ddj with size 1912 
07:15:14.840 [main] DEBUG org.sokybot.pk2.Pk2CryptoUtils - File pack_onehand_b_focus.ddj is not encrypted , flags not exists
07:15:14.841 [main] INFO org.soky.sro.pk2.io.Pk2IOTest - Consuming 1912 byte(s) from file pack_onehand_b_focus.ddj with size 1912 
07:15:14.841 [main] DEBUG org.sokybot.pk2.Pk2CryptoUtils - File pack_onehand_focus.ddj is not encrypted , flags not exists
07:15:14.841 [main] INFO org.soky.sro.pk2.io.Pk2IOTest - Consuming 1030 byte(s) from file pack_onehand_focus.ddj with size 1030 
07:15:14.841 [main] DEBUG org.sokybot.pk2.Pk2CryptoUtils - File pack_onehand_lord.ddj is not encrypted , flags not exists
07:15:14.841 [main] INFO org.soky.sro.pk2.io.Pk2IOTest - Consuming 1030 byte(s) from file pack_onehand_lord.ddj with size 1030 
07:15:14.841 [main] DEBUG org.sokybot.pk2.Pk2CryptoUtils - File pack_onehand_lord_focus.ddj is not encrypted , flags not exists
07:15:14.842 [main] INFO org.soky.sro.pk2.io.Pk2IOTest - Consuming 1030 byte(s) from file pack_onehand_lord_focus.ddj with size 1030 
07:15:14.842 [main] DEBUG org.sokybot.pk2.Pk2CryptoUtils - File pack_over.ddj is not encrypted , flags not exists
07:15:14.842 [main] INFO org.soky.sro.pk2.io.Pk2IOTest - Consuming 1030 byte(s) from file pack_over.ddj with size 1030 
07:15:14.842 [main] DEBUG org.sokybot.pk2.Pk2CryptoUtils - File pack_over_focus.ddj is not encrypted , flags not exists
07:15:14.842 [main] INFO org.soky.sro.pk2.io.Pk2IOTest - Consuming 1030 byte(s) from file pack_over_focus.ddj with size 1030 
07:15:14.842 [main] DEBUG org.sokybot.pk2.Pk2CryptoUtils - File pack_poison.ddj is not encrypted , flags not exists
07:15:14.842 [main] INFO org.soky.sro.pk2.io.Pk2IOTest - Consuming 1030 byte(s) from file pack_poison.ddj with size 1030 
07:15:14.843 [main] DEBUG org.sokybot.pk2.Pk2CryptoUtils - File pack_poison_b.ddj is not encrypted , flags not exists
07:15:14.843 [main] INFO org.soky.sro.pk2.io.Pk2IOTest - Consuming 1912 byte(s) from file pack_poison_b.ddj with size 1912 
07:15:14.843 [main] DEBUG org.sokybot.pk2.Pk2CryptoUtils - File pack_poison_b_focus.ddj is not encrypted , flags not exists
07:15:14.843 [main] INFO org.soky.sro.pk2.io.Pk2IOTest - Consuming 1912 byte(s) from file pack_poison_b_focus.ddj with size 1912 
07:15:14.843 [main] DEBUG org.sokybot.pk2.Pk2CryptoUtils - File pack_poison_focus.ddj is not encrypted , flags not exists
07:15:14.843 [main] INFO org.soky.sro.pk2.io.Pk2IOTest - Consuming 1030 byte(s) from file pack_poison_focus.ddj with size 1030 
07:15:14.843 [main] DEBUG org.sokybot.pk2.Pk2CryptoUtils - File pack_raze.ddj is not encrypted , flags not exists
07:15:14.843 [main] INFO org.soky.sro.pk2.io.Pk2IOTest - Consuming 1030 byte(s) from file pack_raze.ddj with size 1030 
07:15:14.844 [main] DEBUG org.sokybot.pk2.Pk2CryptoUtils - File pack_raze_b.ddj is not encrypted , flags not exists
07:15:14.844 [main] INFO org.soky.sro.pk2.io.Pk2IOTest - Consuming 1912 byte(s) from file pack_raze_b.ddj with size 1912 
07:15:14.844 [main] DEBUG org.sokybot.pk2.Pk2CryptoUtils - File pack_raze_b_focus.ddj is not encrypted , flags not exists
07:15:14.844 [main] INFO org.soky.sro.pk2.io.Pk2IOTest - Consuming 1912 byte(s) from file pack_raze_b_focus.ddj with size 1912 
07:15:14.844 [main] DEBUG org.sokybot.pk2.Pk2CryptoUtils - File pack_raze_focus.ddj is not encrypted , flags not exists
07:15:14.844 [main] INFO org.soky.sro.pk2.io.Pk2IOTest - Consuming 1030 byte(s) from file pack_raze_focus.ddj with size 1030 
07:15:14.845 [main] DEBUG org.sokybot.pk2.Pk2CryptoUtils - File pack_recover.ddj is not encrypted , flags not exists
07:15:14.845 [main] INFO org.soky.sro.pk2.io.Pk2IOTest - Consuming 1030 byte(s) from file pack_recover.ddj with size 1030 
07:15:14.845 [main] DEBUG org.sokybot.pk2.Pk2CryptoUtils - File pack_recover_focus.ddj is not encrypted , flags not exists
07:15:14.845 [main] INFO org.soky.sro.pk2.io.Pk2IOTest - Consuming 1030 byte(s) from file pack_recover_focus.ddj with size 1030 
07:15:14.845 [main] DEBUG org.sokybot.pk2.Pk2CryptoUtils - File pack_resuscitation.ddj is not encrypted , flags not exists
07:15:14.845 [main] INFO org.soky.sro.pk2.io.Pk2IOTest - Consuming 1030 byte(s) from file pack_resuscitation.ddj with size 1030 
07:15:14.845 [main] DEBUG org.sokybot.pk2.Pk2CryptoUtils - File pack_resuscitation_focus.ddj is not encrypted , flags not exists
07:15:14.845 [main] INFO org.soky.sro.pk2.io.Pk2IOTest - Consuming 1030 byte(s) from file pack_resuscitation_focus.ddj with size 1030 
07:15:14.846 [main] DEBUG org.sokybot.pk2.Pk2CryptoUtils - File pack_saint.ddj is not encrypted , flags not exists
07:15:14.846 [main] INFO org.soky.sro.pk2.io.Pk2IOTest - Consuming 1030 byte(s) from file pack_saint.ddj with size 1030 
07:15:14.846 [main] DEBUG org.sokybot.pk2.Pk2CryptoUtils - File pack_saint_focus.ddj is not encrypted , flags not exists
07:15:14.846 [main] INFO org.soky.sro.pk2.io.Pk2IOTest - Consuming 1030 byte(s) from file pack_saint_focus.ddj with size 1030 
07:15:14.847 [main] DEBUG org.sokybot.pk2.Pk2CryptoUtils - File pack_silent.ddj is not encrypted , flags not exists
07:15:14.847 [main] INFO org.soky.sro.pk2.io.Pk2IOTest - Consuming 1030 byte(s) from file pack_silent.ddj with size 1030 
07:15:14.847 [main] DEBUG org.sokybot.pk2.Pk2CryptoUtils - File pack_silent_b.ddj is not encrypted , flags not exists
07:15:14.847 [main] INFO org.soky.sro.pk2.io.Pk2IOTest - Consuming 1912 byte(s) from file pack_silent_b.ddj with size 1912 
07:15:14.847 [main] DEBUG org.sokybot.pk2.Pk2CryptoUtils - File pack_silent_b_focus.ddj is not encrypted , flags not exists
07:15:14.847 [main] INFO org.soky.sro.pk2.io.Pk2IOTest - Consuming 1912 byte(s) from file pack_silent_b_focus.ddj with size 1912 
07:15:14.848 [main] DEBUG org.sokybot.pk2.Pk2CryptoUtils - File pack_silent_focus.ddj is not encrypted , flags not exists
07:15:14.848 [main] INFO org.soky.sro.pk2.io.Pk2IOTest - Consuming 1030 byte(s) from file pack_silent_focus.ddj with size 1030 
07:15:14.848 [main] DEBUG org.sokybot.pk2.Pk2CryptoUtils - File pack_soul.ddj is not encrypted , flags not exists
07:15:14.848 [main] INFO org.soky.sro.pk2.io.Pk2IOTest - Consuming 1030 byte(s) from file pack_soul.ddj with size 1030 
07:15:14.848 [main] DEBUG org.sokybot.pk2.Pk2CryptoUtils - File pack_soul_b.ddj is not encrypted , flags not exists
07:15:14.848 [main] INFO org.soky.sro.pk2.io.Pk2IOTest - Consuming 1912 byte(s) from file pack_soul_b.ddj with size 1912 
07:15:14.848 [main] DEBUG org.sokybot.pk2.Pk2CryptoUtils - File pack_soul_b_focus.ddj is not encrypted , flags not exists
07:15:14.849 [main] INFO org.soky.sro.pk2.io.Pk2IOTest - Consuming 1912 byte(s) from file pack_soul_b_focus.ddj with size 1912 
07:15:14.849 [main] DEBUG org.sokybot.pk2.Pk2CryptoUtils - File pack_soul_focus.ddj is not encrypted , flags not exists
07:15:14.849 [main] INFO org.soky.sro.pk2.io.Pk2IOTest - Consuming 1030 byte(s) from file pack_soul_focus.ddj with size 1030 
07:15:14.849 [main] DEBUG org.sokybot.pk2.Pk2CryptoUtils - File pack_sound.ddj is not encrypted , flags not exists
07:15:14.849 [main] INFO org.soky.sro.pk2.io.Pk2IOTest - Consuming 1030 byte(s) from file pack_sound.ddj with size 1030 
07:15:14.849 [main] DEBUG org.sokybot.pk2.Pk2CryptoUtils - File pack_sound_b.ddj is not encrypted , flags not exists
07:15:14.849 [main] INFO org.soky.sro.pk2.io.Pk2IOTest - Consuming 1912 byte(s) from file pack_sound_b.ddj with size 1912 
07:15:14.850 [main] DEBUG org.sokybot.pk2.Pk2CryptoUtils - File pack_sound_b_focus.ddj is not encrypted , flags not exists
07:15:14.850 [main] INFO org.soky.sro.pk2.io.Pk2IOTest - Consuming 1912 byte(s) from file pack_sound_b_focus.ddj with size 1912 
07:15:14.850 [main] DEBUG org.sokybot.pk2.Pk2CryptoUtils - File pack_sound_focus.ddj is not encrypted , flags not exists
07:15:14.850 [main] INFO org.soky.sro.pk2.io.Pk2IOTest - Consuming 1030 byte(s) from file pack_sound_focus.ddj with size 1030 
07:15:14.850 [main] DEBUG org.sokybot.pk2.Pk2CryptoUtils - File pack_stealth.ddj is not encrypted , flags not exists
07:15:14.850 [main] INFO org.soky.sro.pk2.io.Pk2IOTest - Consuming 1030 byte(s) from file pack_stealth.ddj with size 1030 
07:15:14.850 [main] DEBUG org.sokybot.pk2.Pk2CryptoUtils - File pack_stealth_expert.ddj is not encrypted , flags not exists
07:15:14.850 [main] INFO org.soky.sro.pk2.io.Pk2IOTest - Consuming 1030 byte(s) from file pack_stealth_expert.ddj with size 1030 
07:15:14.851 [main] DEBUG org.sokybot.pk2.Pk2CryptoUtils - File pack_stealth_expert_focus.ddj is not encrypted , flags not exists
07:15:14.851 [main] INFO org.soky.sro.pk2.io.Pk2IOTest - Consuming 1030 byte(s) from file pack_stealth_expert_focus.ddj with size 1030 
07:15:14.851 [main] DEBUG org.sokybot.pk2.Pk2CryptoUtils - File pack_stealth_focus.ddj is not encrypted , flags not exists
07:15:14.851 [main] INFO org.soky.sro.pk2.io.Pk2IOTest - Consuming 1030 byte(s) from file pack_stealth_focus.ddj with size 1030 
07:15:14.851 [main] DEBUG org.sokybot.pk2.Pk2CryptoUtils - File pack_steela.ddj is not encrypted , flags not exists
07:15:14.851 [main] INFO org.soky.sro.pk2.io.Pk2IOTest - Consuming 1030 byte(s) from file pack_steela.ddj with size 1030 
07:15:14.852 [main] DEBUG org.sokybot.pk2.Pk2CryptoUtils - File pack_steela_b.ddj is not encrypted , flags not exists
07:15:14.852 [main] INFO org.soky.sro.pk2.io.Pk2IOTest - Consuming 1912 byte(s) from file pack_steela_b.ddj with size 1912 
07:15:14.852 [main] DEBUG org.sokybot.pk2.Pk2CryptoUtils - File pack_steela_b_focus.ddj is not encrypted , flags not exists
07:15:14.852 [main] INFO org.soky.sro.pk2.io.Pk2IOTest - Consuming 1912 byte(s) from file pack_steela_b_focus.ddj with size 1912 
07:15:14.852 [main] DEBUG org.sokybot.pk2.Pk2CryptoUtils - File pack_steela_focus.ddj is not encrypted , flags not exists
07:15:14.853 [main] INFO org.soky.sro.pk2.io.Pk2IOTest - Consuming 1030 byte(s) from file pack_steela_focus.ddj with size 1030 
07:15:14.853 [main] DEBUG org.sokybot.pk2.Pk2CryptoUtils - File pack_steelp.ddj is not encrypted , flags not exists
07:15:14.853 [main] INFO org.soky.sro.pk2.io.Pk2IOTest - Consuming 1030 byte(s) from file pack_steelp.ddj with size 1030 
07:15:14.853 [main] DEBUG org.sokybot.pk2.Pk2CryptoUtils - File pack_steelp_focus.ddj is not encrypted , flags not exists
07:15:14.853 [main] INFO org.soky.sro.pk2.io.Pk2IOTest - Consuming 1030 byte(s) from file pack_steelp_focus.ddj with size 1030 
07:15:14.854 [main] DEBUG org.sokybot.pk2.Pk2CryptoUtils - File pack_twohand.ddj is not encrypted , flags not exists
07:15:14.854 [main] INFO org.soky.sro.pk2.io.Pk2IOTest - Consuming 1030 byte(s) from file pack_twohand.ddj with size 1030 
07:15:14.854 [main] DEBUG org.sokybot.pk2.Pk2CryptoUtils - File pack_twohand_b.ddj is not encrypted , flags not exists
07:15:14.854 [main] INFO org.soky.sro.pk2.io.Pk2IOTest - Consuming 1912 byte(s) from file pack_twohand_b.ddj with size 1912 
07:15:14.855 [main] DEBUG org.sokybot.pk2.Pk2CryptoUtils - File pack_twohand_b_focus.ddj is not encrypted , flags not exists
07:15:14.855 [main] INFO org.soky.sro.pk2.io.Pk2IOTest - Consuming 1912 byte(s) from file pack_twohand_b_focus.ddj with size 1912 
07:15:14.855 [main] DEBUG org.sokybot.pk2.Pk2CryptoUtils - File pack_twohand_focus.ddj is not encrypted , flags not exists
07:15:14.855 [main] INFO org.soky.sro.pk2.io.Pk2IOTest - Consuming 1030 byte(s) from file pack_twohand_focus.ddj with size 1030 
07:15:14.856 [main] DEBUG org.sokybot.pk2.Pk2CryptoUtils - File pack_twohand_lord.ddj is not encrypted , flags not exists
07:15:14.856 [main] INFO org.soky.sro.pk2.io.Pk2IOTest - Consuming 1030 byte(s) from file pack_twohand_lord.ddj with size 1030 
07:15:14.856 [main] DEBUG org.sokybot.pk2.Pk2CryptoUtils - File pack_twohand_lord_focus.ddj is not encrypted , flags not exists
07:15:14.856 [main] INFO org.soky.sro.pk2.io.Pk2IOTest - Consuming 1030 byte(s) from file pack_twohand_lord_focus.ddj with size 1030 
07:15:14.857 [main] DEBUG org.sokybot.pk2.Pk2CryptoUtils - File skl_mastery_disable.ddj is not encrypted , flags not exists
07:15:14.857 [main] INFO org.soky.sro.pk2.io.Pk2IOTest - Consuming 2196 byte(s) from file skl_mastery_disable.ddj with size 2196 
07:15:14.857 [main] DEBUG org.sokybot.pk2.Pk2CryptoUtils - File mastery_bow.ddj is not encrypted , flags not exists
07:15:14.857 [main] INFO org.soky.sro.pk2.io.Pk2IOTest - Consuming 1300 byte(s) from file mastery_bow.ddj with size 1300 
07:15:14.858 [main] DEBUG org.sokybot.pk2.Pk2CryptoUtils - File mastery_bow_focus.ddj is not encrypted , flags not exists
07:15:14.858 [main] INFO org.soky.sro.pk2.io.Pk2IOTest - Consuming 1300 byte(s) from file mastery_bow_focus.ddj with size 1300 
07:15:14.859 [main] DEBUG org.sokybot.pk2.Pk2CryptoUtils - File mastery_cold.ddj is not encrypted , flags not exists
07:15:14.859 [main] INFO org.soky.sro.pk2.io.Pk2IOTest - Consuming 1300 byte(s) from file mastery_cold.ddj with size 1300 
07:15:14.859 [main] DEBUG org.sokybot.pk2.Pk2CryptoUtils - File mastery_cold_focus.ddj is not encrypted , flags not exists
07:15:14.860 [main] INFO org.soky.sro.pk2.io.Pk2IOTest - Consuming 1300 byte(s) from file mastery_cold_focus.ddj with size 1300 
07:15:14.860 [main] DEBUG org.sokybot.pk2.Pk2CryptoUtils - File mastery_fire.ddj is not encrypted , flags not exists
07:15:14.860 [main] INFO org.soky.sro.pk2.io.Pk2IOTest - Consuming 1300 byte(s) from file mastery_fire.ddj with size 1300 
07:15:14.861 [main] DEBUG org.sokybot.pk2.Pk2CryptoUtils - File mastery_fire_focus.ddj is not encrypted , flags not exists
07:15:14.861 [main] INFO org.soky.sro.pk2.io.Pk2IOTest - Consuming 1300 byte(s) from file mastery_fire_focus.ddj with size 1300 
07:15:14.862 [main] DEBUG org.sokybot.pk2.Pk2CryptoUtils - File mastery_gigong.ddj is not encrypted , flags not exists
07:15:14.862 [main] INFO org.soky.sro.pk2.io.Pk2IOTest - Consuming 2452 byte(s) from file mastery_gigong.ddj with size 2452 
07:15:14.863 [main] DEBUG org.sokybot.pk2.Pk2CryptoUtils - File mastery_gigong_focus.ddj is not encrypted , flags not exists
07:15:14.864 [main] INFO org.soky.sro.pk2.io.Pk2IOTest - Consuming 2452 byte(s) from file mastery_gigong_focus.ddj with size 2452 
07:15:14.865 [main] DEBUG org.sokybot.pk2.Pk2CryptoUtils - File mastery_lightning.ddj is not encrypted , flags not exists
07:15:14.865 [main] INFO org.soky.sro.pk2.io.Pk2IOTest - Consuming 1300 byte(s) from file mastery_lightning.ddj with size 1300 
07:15:14.866 [main] DEBUG org.sokybot.pk2.Pk2CryptoUtils - File mastery_lightning_focus.ddj is not encrypted , flags not exists
07:15:14.866 [main] INFO org.soky.sro.pk2.io.Pk2IOTest - Consuming 1300 byte(s) from file mastery_lightning_focus.ddj with size 1300 
07:15:14.866 [main] DEBUG org.sokybot.pk2.Pk2CryptoUtils - File mastery_spear.ddj is not encrypted , flags not exists
07:15:14.866 [main] INFO org.soky.sro.pk2.io.Pk2IOTest - Consuming 1300 byte(s) from file mastery_spear.ddj with size 1300 
07:15:14.866 [main] DEBUG org.sokybot.pk2.Pk2CryptoUtils - File mastery_spear_focus.ddj is not encrypted , flags not exists
07:15:14.867 [main] INFO org.soky.sro.pk2.io.Pk2IOTest - Consuming 1300 byte(s) from file mastery_spear_focus.ddj with size 1300 
07:15:14.867 [main] DEBUG org.sokybot.pk2.Pk2CryptoUtils - File mastery_sword.ddj is not encrypted , flags not exists
07:15:14.867 [main] INFO org.soky.sro.pk2.io.Pk2IOTest - Consuming 1300 byte(s) from file mastery_sword.ddj with size 1300 
07:15:14.867 [main] DEBUG org.sokybot.pk2.Pk2CryptoUtils - File mastery_sword_focus.ddj is not encrypted , flags not exists
07:15:14.868 [main] INFO org.soky.sro.pk2.io.Pk2IOTest - Consuming 1300 byte(s) from file mastery_sword_focus.ddj with size 1300 
07:15:14.868 [main] DEBUG org.sokybot.pk2.Pk2CryptoUtils - File mastery_water.ddj is not encrypted , flags not exists
07:15:14.868 [main] INFO org.soky.sro.pk2.io.Pk2IOTest - Consuming 1300 byte(s) from file mastery_water.ddj with size 1300 
07:15:14.868 [main] DEBUG org.sokybot.pk2.Pk2CryptoUtils - File mastery_water_focus.ddj is not encrypted , flags not exists
07:15:14.869 [main] INFO org.soky.sro.pk2.io.Pk2IOTest - Consuming 1300 byte(s) from file mastery_water_focus.ddj with size 1300 
07:15:14.869 [main] DEBUG org.sokybot.pk2.Pk2CryptoUtils - File eu_bard.ddj is not encrypted , flags not exists
07:15:14.869 [main] INFO org.soky.sro.pk2.io.Pk2IOTest - Consuming 1300 byte(s) from file eu_bard.ddj with size 1300 
07:15:14.870 [main] DEBUG org.sokybot.pk2.Pk2CryptoUtils - File eu_bard_focus.ddj is not encrypted , flags not exists
07:15:14.870 [main] INFO org.soky.sro.pk2.io.Pk2IOTest - Consuming 1300 byte(s) from file eu_bard_focus.ddj with size 1300 
07:15:14.870 [main] DEBUG org.sokybot.pk2.Pk2CryptoUtils - File eu_cleric.ddj is not encrypted , flags not exists
07:15:14.870 [main] INFO org.soky.sro.pk2.io.Pk2IOTest - Consuming 1300 byte(s) from file eu_cleric.ddj with size 1300 
07:15:14.871 [main] DEBUG org.sokybot.pk2.Pk2CryptoUtils - File eu_cleric_focus.ddj is not encrypted , flags not exists
07:15:14.871 [main] INFO org.soky.sro.pk2.io.Pk2IOTest - Consuming 1300 byte(s) from file eu_cleric_focus.ddj with size 1300 
07:15:14.872 [main] DEBUG org.sokybot.pk2.Pk2CryptoUtils - File eu_rog.ddj is not encrypted , flags not exists
07:15:14.872 [main] INFO org.soky.sro.pk2.io.Pk2IOTest - Consuming 1300 byte(s) from file eu_rog.ddj with size 1300 
07:15:14.872 [main] DEBUG org.sokybot.pk2.Pk2CryptoUtils - File eu_rog_focus.ddj is not encrypted , flags not exists
07:15:14.873 [main] INFO org.soky.sro.pk2.io.Pk2IOTest - Consuming 1300 byte(s) from file eu_rog_focus.ddj with size 1300 
07:15:14.873 [main] DEBUG org.sokybot.pk2.Pk2CryptoUtils - File eu_warlock.ddj is not encrypted , flags not exists
07:15:14.874 [main] INFO org.soky.sro.pk2.io.Pk2IOTest - Consuming 1300 byte(s) from file eu_warlock.ddj with size 1300 
07:15:14.874 [main] DEBUG org.sokybot.pk2.Pk2CryptoUtils - File eu_warlock_focus.ddj is not encrypted , flags not exists
07:15:14.874 [main] INFO org.soky.sro.pk2.io.Pk2IOTest - Consuming 1300 byte(s) from file eu_warlock_focus.ddj with size 1300 
07:15:14.874 [main] DEBUG org.sokybot.pk2.Pk2CryptoUtils - File eu_warrior.ddj is not encrypted , flags not exists
07:15:14.874 [main] INFO org.soky.sro.pk2.io.Pk2IOTest - Consuming 1300 byte(s) from file eu_warrior.ddj with size 1300 
07:15:14.875 [main] DEBUG org.sokybot.pk2.Pk2CryptoUtils - File eu_warrior_focus.ddj is not encrypted , flags not exists
07:15:14.875 [main] INFO org.soky.sro.pk2.io.Pk2IOTest - Consuming 1300 byte(s) from file eu_warrior_focus.ddj with size 1300 
07:15:14.875 [main] DEBUG org.sokybot.pk2.Pk2CryptoUtils - File eu_wizard.ddj is not encrypted , flags not exists
07:15:14.875 [main] INFO org.soky.sro.pk2.io.Pk2IOTest - Consuming 1300 byte(s) from file eu_wizard.ddj with size 1300 
07:15:14.875 [main] DEBUG org.sokybot.pk2.Pk2CryptoUtils - File eu_wizard_focus.ddj is not encrypted , flags not exists
07:15:14.875 [main] INFO org.soky.sro.pk2.io.Pk2IOTest - Consuming 1300 byte(s) from file eu_wizard_focus.ddj with size 1300 
07:15:14.876 [main] DEBUG org.sokybot.pk2.Pk2CryptoUtils - File s_admittance_back.ddj is not encrypted , flags not exists
07:15:14.876 [main] INFO org.soky.sro.pk2.io.Pk2IOTest - Consuming 1748 byte(s) from file s_admittance_back.ddj with size 1748 
07:15:14.876 [main] DEBUG org.sokybot.pk2.Pk2CryptoUtils - File s_admittance_icon.ddj is not encrypted , flags not exists
07:15:14.876 [main] INFO org.soky.sro.pk2.io.Pk2IOTest - Consuming 1748 byte(s) from file s_admittance_icon.ddj with size 1748 
07:15:14.877 [main] DEBUG org.sokybot.pk2.Pk2CryptoUtils - File s_bleeding_icon.ddj is not encrypted , flags not exists
07:15:14.877 [main] INFO org.soky.sro.pk2.io.Pk2IOTest - Consuming 2196 byte(s) from file s_bleeding_icon.ddj with size 2196 
07:15:14.877 [main] DEBUG org.sokybot.pk2.Pk2CryptoUtils - File s_blunting_icon.ddj is not encrypted , flags not exists
07:15:14.877 [main] INFO org.soky.sro.pk2.io.Pk2IOTest - Consuming 2196 byte(s) from file s_blunting_icon.ddj with size 2196 
07:15:14.878 [main] DEBUG org.sokybot.pk2.Pk2CryptoUtils - File s_burn_icon.ddj is not encrypted , flags not exists
07:15:14.878 [main] INFO org.soky.sro.pk2.io.Pk2IOTest - Consuming 2196 byte(s) from file s_burn_icon.ddj with size 2196 
07:15:14.878 [main] DEBUG org.sokybot.pk2.Pk2CryptoUtils - File s_combustion_icon.ddj is not encrypted , flags not exists
07:15:14.878 [main] INFO org.soky.sro.pk2.io.Pk2IOTest - Consuming 2196 byte(s) from file s_combustion_icon.ddj with size 2196 
07:15:14.879 [main] DEBUG org.sokybot.pk2.Pk2CryptoUtils - File s_confusion_icon.ddj is not encrypted , flags not exists
07:15:14.879 [main] INFO org.soky.sro.pk2.io.Pk2IOTest - Consuming 2196 byte(s) from file s_confusion_icon.ddj with size 2196 
07:15:14.879 [main] DEBUG org.sokybot.pk2.Pk2CryptoUtils - File s_dark_icon.ddj is not encrypted , flags not exists
07:15:14.879 [main] INFO org.soky.sro.pk2.io.Pk2IOTest - Consuming 2196 byte(s) from file s_dark_icon.ddj with size 2196 
07:15:14.880 [main] DEBUG org.sokybot.pk2.Pk2CryptoUtils - File s_decay_icon.ddj is not encrypted , flags not exists
07:15:14.880 [main] INFO org.soky.sro.pk2.io.Pk2IOTest - Consuming 2196 byte(s) from file s_decay_icon.ddj with size 2196 
07:15:14.880 [main] DEBUG org.sokybot.pk2.Pk2CryptoUtils - File s_disease_icon.ddj is not encrypted , flags not exists
07:15:14.880 [main] INFO org.soky.sro.pk2.io.Pk2IOTest - Consuming 2196 byte(s) from file s_disease_icon.ddj with size 2196 
07:15:14.881 [main] DEBUG org.sokybot.pk2.Pk2CryptoUtils - File s_dissociation_icon.ddj is not encrypted , flags not exists
07:15:14.881 [main] INFO org.soky.sro.pk2.io.Pk2IOTest - Consuming 2196 byte(s) from file s_dissociation_icon.ddj with size 2196 
07:15:14.881 [main] DEBUG org.sokybot.pk2.Pk2CryptoUtils - File s_electricshock_icon.ddj is not encrypted , flags not exists
07:15:14.881 [main] INFO org.soky.sro.pk2.io.Pk2IOTest - Consuming 2196 byte(s) from file s_electricshock_icon.ddj with size 2196 
07:15:14.882 [main] DEBUG org.sokybot.pk2.Pk2CryptoUtils - File s_fear_icon.ddj is not encrypted , flags not exists
07:15:14.882 [main] INFO org.soky.sro.pk2.io.Pk2IOTest - Consuming 2196 byte(s) from file s_fear_icon.ddj with size 2196 
07:15:14.882 [main] DEBUG org.sokybot.pk2.Pk2CryptoUtils - File s_freeze_icon.ddj is not encrypted , flags not exists
07:15:14.882 [main] INFO org.soky.sro.pk2.io.Pk2IOTest - Consuming 2196 byte(s) from file s_freeze_icon.ddj with size 2196 
07:15:14.883 [main] DEBUG org.sokybot.pk2.Pk2CryptoUtils - File s_frostbite_icon.ddj is not encrypted , flags not exists
07:15:14.883 [main] INFO org.soky.sro.pk2.io.Pk2IOTest - Consuming 2196 byte(s) from file s_frostbite_icon.ddj with size 2196 
07:15:14.883 [main] DEBUG org.sokybot.pk2.Pk2CryptoUtils - File s_goldtime_icon.ddj is not encrypted , flags not exists
07:15:14.883 [main] INFO org.soky.sro.pk2.io.Pk2IOTest - Consuming 948 byte(s) from file s_goldtime_icon.ddj with size 948 
07:15:14.884 [main] DEBUG org.sokybot.pk2.Pk2CryptoUtils - File s_incubation_icon.ddj is not encrypted , flags not exists
07:15:14.884 [main] INFO org.soky.sro.pk2.io.Pk2IOTest - Consuming 2196 byte(s) from file s_incubation_icon.ddj with size 2196 
07:15:14.884 [main] DEBUG org.sokybot.pk2.Pk2CryptoUtils - File s_myopia_icon.ddj is not encrypted , flags not exists
07:15:14.884 [main] INFO org.soky.sro.pk2.io.Pk2IOTest - Consuming 2196 byte(s) from file s_myopia_icon.ddj with size 2196 
07:15:14.885 [main] DEBUG org.sokybot.pk2.Pk2CryptoUtils - File s_panic_icon.ddj is not encrypted , flags not exists
07:15:14.885 [main] INFO org.soky.sro.pk2.io.Pk2IOTest - Consuming 2196 byte(s) from file s_panic_icon.ddj with size 2196 
07:15:14.885 [main] DEBUG org.sokybot.pk2.Pk2CryptoUtils - File s_poisoning_icon.ddj is not encrypted , flags not exists
07:15:14.885 [main] INFO org.soky.sro.pk2.io.Pk2IOTest - Consuming 2196 byte(s) from file s_poisoning_icon.ddj with size 2196 
07:15:14.885 [main] DEBUG org.sokybot.pk2.Pk2CryptoUtils - File s_powerless_icon.ddj is not encrypted , flags not exists
07:15:14.885 [main] INFO org.soky.sro.pk2.io.Pk2IOTest - Consuming 2196 byte(s) from file s_powerless_icon.ddj with size 2196 
07:15:14.885 [main] DEBUG org.sokybot.pk2.Pk2CryptoUtils - File s_root_icon.ddj is not encrypted , flags not exists
07:15:14.886 [main] INFO org.soky.sro.pk2.io.Pk2IOTest - Consuming 2196 byte(s) from file s_root_icon.ddj with size 2196 
07:15:14.886 [main] DEBUG org.sokybot.pk2.Pk2CryptoUtils - File s_silvertime_icon.ddj is not encrypted , flags not exists
07:15:14.886 [main] INFO org.soky.sro.pk2.io.Pk2IOTest - Consuming 948 byte(s) from file s_silvertime_icon.ddj with size 948 
07:15:14.886 [main] DEBUG org.sokybot.pk2.Pk2CryptoUtils - File s_sleep_icon.ddj is not encrypted , flags not exists
07:15:14.886 [main] INFO org.soky.sro.pk2.io.Pk2IOTest - Consuming 2196 byte(s) from file s_sleep_icon.ddj with size 2196 
07:15:14.886 [main] DEBUG org.sokybot.pk2.Pk2CryptoUtils - File s_stateodd_time.ddj is not encrypted , flags not exists
07:15:14.886 [main] INFO org.soky.sro.pk2.io.Pk2IOTest - Consuming 308 byte(s) from file s_stateodd_time.ddj with size 308 
07:15:14.887 [main] DEBUG org.sokybot.pk2.Pk2CryptoUtils - File s_stateodd_time_gauge.ddj is not encrypted , flags not exists
07:15:14.887 [main] INFO org.soky.sro.pk2.io.Pk2IOTest - Consuming 308 byte(s) from file s_stateodd_time_gauge.ddj with size 308 
07:15:14.887 [main] DEBUG org.sokybot.pk2.Pk2CryptoUtils - File s_stonecurse_icon.ddj is not encrypted , flags not exists
07:15:14.887 [main] INFO org.soky.sro.pk2.io.Pk2IOTest - Consuming 2196 byte(s) from file s_stonecurse_icon.ddj with size 2196 
07:15:14.887 [main] DEBUG org.sokybot.pk2.Pk2CryptoUtils - File s_stun_icon.ddj is not encrypted , flags not exists
07:15:14.888 [main] INFO org.soky.sro.pk2.io.Pk2IOTest - Consuming 2196 byte(s) from file s_stun_icon.ddj with size 2196 
07:15:14.888 [main] DEBUG org.sokybot.pk2.Pk2CryptoUtils - File s_weakness_icon.ddj is not encrypted , flags not exists
07:15:14.888 [main] INFO org.soky.sro.pk2.io.Pk2IOTest - Consuming 2196 byte(s) from file s_weakness_icon.ddj with size 2196 
07:15:14.888 [main] DEBUG org.sokybot.pk2.Pk2CryptoUtils - File s_zombi_icon.ddj is not encrypted , flags not exists
07:15:14.888 [main] INFO org.soky.sro.pk2.io.Pk2IOTest - Consuming 2196 byte(s) from file s_zombi_icon.ddj with size 2196 
07:15:14.889 [main] DEBUG org.sokybot.pk2.Pk2CryptoUtils - File earring_09.ddj is not encrypted , flags not exists
07:15:14.889 [main] INFO org.soky.sro.pk2.io.Pk2IOTest - Consuming 4244 byte(s) from file earring_09.ddj with size 4244 
07:15:14.889 [main] DEBUG org.sokybot.pk2.Pk2CryptoUtils - File necklace_09.ddj is not encrypted , flags not exists
07:15:14.889 [main] INFO org.soky.sro.pk2.io.Pk2IOTest - Consuming 4244 byte(s) from file necklace_09.ddj with size 4244 
07:15:14.889 [main] DEBUG org.sokybot.pk2.Pk2CryptoUtils - File ring_09.ddj is not encrypted , flags not exists
07:15:14.889 [main] INFO org.soky.sro.pk2.io.Pk2IOTest - Consuming 4244 byte(s) from file ring_09.ddj with size 4244 
07:15:14.890 [main] DEBUG org.sokybot.pk2.Pk2CryptoUtils - File clothes_09_aa.ddj is not encrypted , flags not exists
07:15:14.890 [main] INFO org.soky.sro.pk2.io.Pk2IOTest - Consuming 4244 byte(s) from file clothes_09_aa.ddj with size 4244 
07:15:14.890 [main] DEBUG org.sokybot.pk2.Pk2CryptoUtils - File clothes_09_ba.ddj is not encrypted , flags not exists
07:15:14.890 [main] INFO org.soky.sro.pk2.io.Pk2IOTest - Consuming 4244 byte(s) from file clothes_09_ba.ddj with size 4244 
07:15:14.890 [main] DEBUG org.sokybot.pk2.Pk2CryptoUtils - File clothes_09_ca.ddj is not encrypted , flags not exists
07:15:14.890 [main] INFO org.soky.sro.pk2.io.Pk2IOTest - Consuming 4244 byte(s) from file clothes_09_ca.ddj with size 4244 
07:15:14.890 [main] DEBUG org.sokybot.pk2.Pk2CryptoUtils - File clothes_09_fa.ddj is not encrypted , flags not exists
07:15:14.891 [main] INFO org.soky.sro.pk2.io.Pk2IOTest - Consuming 4244 byte(s) from file clothes_09_fa.ddj with size 4244 
07:15:14.891 [main] DEBUG org.sokybot.pk2.Pk2CryptoUtils - File clothes_09_ha.ddj is not encrypted , flags not exists
07:15:14.891 [main] INFO org.soky.sro.pk2.io.Pk2IOTest - Consuming 4244 byte(s) from file clothes_09_ha.ddj with size 4244 
07:15:14.891 [main] DEBUG org.sokybot.pk2.Pk2CryptoUtils - File clothes_09_la.ddj is not encrypted , flags not exists
07:15:14.891 [main] INFO org.soky.sro.pk2.io.Pk2IOTest - Consuming 4244 byte(s) from file clothes_09_la.ddj with size 4244 
07:15:14.891 [main] DEBUG org.sokybot.pk2.Pk2CryptoUtils - File clothes_09_sa.ddj is not encrypted , flags not exists
07:15:14.891 [main] INFO org.soky.sro.pk2.io.Pk2IOTest - Consuming 4244 byte(s) from file clothes_09_sa.ddj with size 4244 
07:15:14.892 [main] DEBUG org.sokybot.pk2.Pk2CryptoUtils - File heavy_09_aa.ddj is not encrypted , flags not exists
07:15:14.892 [main] INFO org.soky.sro.pk2.io.Pk2IOTest - Consuming 4244 byte(s) from file heavy_09_aa.ddj with size 4244 
07:15:14.892 [main] DEBUG org.sokybot.pk2.Pk2CryptoUtils - File heavy_09_ba.ddj is not encrypted , flags not exists
07:15:14.892 [main] INFO org.soky.sro.pk2.io.Pk2IOTest - Consuming 4244 byte(s) from file heavy_09_ba.ddj with size 4244 
07:15:14.892 [main] DEBUG org.sokybot.pk2.Pk2CryptoUtils - File heavy_09_ca.ddj is not encrypted , flags not exists
07:15:14.892 [main] INFO org.soky.sro.pk2.io.Pk2IOTest - Consuming 4244 byte(s) from file heavy_09_ca.ddj with size 4244 
07:15:14.893 [main] DEBUG org.sokybot.pk2.Pk2CryptoUtils - File heavy_09_fa.ddj is not encrypted , flags not exists
07:15:14.893 [main] INFO org.soky.sro.pk2.io.Pk2IOTest - Consuming 4244 byte(s) from file heavy_09_fa.ddj with size 4244 
07:15:14.893 [main] DEBUG org.sokybot.pk2.Pk2CryptoUtils - File heavy_09_ha.ddj is not encrypted , flags not exists
07:15:14.893 [main] INFO org.soky.sro.pk2.io.Pk2IOTest - Consuming 4244 byte(s) from file heavy_09_ha.ddj with size 4244 
07:15:14.893 [main] DEBUG org.sokybot.pk2.Pk2CryptoUtils - File heavy_09_la.ddj is not encrypted , flags not exists
07:15:14.893 [main] INFO org.soky.sro.pk2.io.Pk2IOTest - Consuming 4244 byte(s) from file heavy_09_la.ddj with size 4244 
07:15:14.893 [main] DEBUG org.sokybot.pk2.Pk2CryptoUtils - File heavy_09_sa.ddj is not encrypted , flags not exists
07:15:14.893 [main] INFO org.soky.sro.pk2.io.Pk2IOTest - Consuming 4244 byte(s) from file heavy_09_sa.ddj with size 4244 
07:15:14.894 [main] DEBUG org.sokybot.pk2.Pk2CryptoUtils - File light_09_aa.ddj is not encrypted , flags not exists
07:15:14.894 [main] INFO org.soky.sro.pk2.io.Pk2IOTest - Consuming 4244 byte(s) from file light_09_aa.ddj with size 4244 
07:15:14.894 [main] DEBUG org.sokybot.pk2.Pk2CryptoUtils - File light_09_ba.ddj is not encrypted , flags not exists
07:15:14.894 [main] INFO org.soky.sro.pk2.io.Pk2IOTest - Consuming 4244 byte(s) from file light_09_ba.ddj with size 4244 
07:15:14.894 [main] DEBUG org.sokybot.pk2.Pk2CryptoUtils - File light_09_ca.ddj is not encrypted , flags not exists
07:15:14.894 [main] INFO org.soky.sro.pk2.io.Pk2IOTest - Consuming 4244 byte(s) from file light_09_ca.ddj with size 4244 
07:15:14.895 [main] DEBUG org.sokybot.pk2.Pk2CryptoUtils - File light_09_fa.ddj is not encrypted , flags not exists
07:15:14.895 [main] INFO org.soky.sro.pk2.io.Pk2IOTest - Consuming 4244 byte(s) from file light_09_fa.ddj with size 4244 
07:15:14.895 [main] DEBUG org.sokybot.pk2.Pk2CryptoUtils - File light_09_ha.ddj is not encrypted , flags not exists
07:15:14.895 [main] INFO org.soky.sro.pk2.io.Pk2IOTest - Consuming 4244 byte(s) from file light_09_ha.ddj with size 4244 
07:15:14.895 [main] DEBUG org.sokybot.pk2.Pk2CryptoUtils - File light_09_la.ddj is not encrypted , flags not exists
07:15:14.895 [main] INFO org.soky.sro.pk2.io.Pk2IOTest - Consuming 4244 byte(s) from file light_09_la.ddj with size 4244 
07:15:14.895 [main] DEBUG org.sokybot.pk2.Pk2CryptoUtils - File light_09_sa.ddj is not encrypted , flags not exists
07:15:14.896 [main] INFO org.soky.sro.pk2.io.Pk2IOTest - Consuming 4244 byte(s) from file light_09_sa.ddj with size 4244 
07:15:14.896 [main] DEBUG org.sokybot.pk2.Pk2CryptoUtils - File roc_clothes_aa.ddj is not encrypted , flags not exists
07:15:14.896 [main] INFO org.soky.sro.pk2.io.Pk2IOTest - Consuming 4244 byte(s) from file roc_clothes_aa.ddj with size 4244 
07:15:14.896 [main] DEBUG org.sokybot.pk2.Pk2CryptoUtils - File roc_clothes_ba.ddj is not encrypted , flags not exists
07:15:14.896 [main] INFO org.soky.sro.pk2.io.Pk2IOTest - Consuming 4244 byte(s) from file roc_clothes_ba.ddj with size 4244 
07:15:14.897 [main] DEBUG org.sokybot.pk2.Pk2CryptoUtils - File roc_clothes_fa.ddj is not encrypted , flags not exists
07:15:14.897 [main] INFO org.soky.sro.pk2.io.Pk2IOTest - Consuming 4244 byte(s) from file roc_clothes_fa.ddj with size 4244 
07:15:14.897 [main] DEBUG org.sokybot.pk2.Pk2CryptoUtils - File roc_clothes_ha.ddj is not encrypted , flags not exists
07:15:14.897 [main] INFO org.soky.sro.pk2.io.Pk2IOTest - Consuming 4244 byte(s) from file roc_clothes_ha.ddj with size 4244 
07:15:14.897 [main] DEBUG org.sokybot.pk2.Pk2CryptoUtils - File roc_clothes_la.ddj is not encrypted , flags not exists
07:15:14.898 [main] INFO org.soky.sro.pk2.io.Pk2IOTest - Consuming 4244 byte(s) from file roc_clothes_la.ddj with size 4244 
07:15:14.898 [main] DEBUG org.sokybot.pk2.Pk2CryptoUtils - File roc_clothes_sa.ddj is not encrypted , flags not exists
07:15:14.898 [main] INFO org.soky.sro.pk2.io.Pk2IOTest - Consuming 4244 byte(s) from file roc_clothes_sa.ddj with size 4244 
07:15:14.898 [main] DEBUG org.sokybot.pk2.Pk2CryptoUtils - File roc_heavy_aa.ddj is not encrypted , flags not exists
07:15:14.898 [main] INFO org.soky.sro.pk2.io.Pk2IOTest - Consuming 4244 byte(s) from file roc_heavy_aa.ddj with size 4244 
07:15:14.899 [main] DEBUG org.sokybot.pk2.Pk2CryptoUtils - File roc_heavy_ba.ddj is not encrypted , flags not exists
07:15:14.899 [main] INFO org.soky.sro.pk2.io.Pk2IOTest - Consuming 4244 byte(s) from file roc_heavy_ba.ddj with size 4244 
07:15:14.899 [main] DEBUG org.sokybot.pk2.Pk2CryptoUtils - File roc_heavy_fa.ddj is not encrypted , flags not exists
07:15:14.899 [main] INFO org.soky.sro.pk2.io.Pk2IOTest - Consuming 4244 byte(s) from file roc_heavy_fa.ddj with size 4244 
07:15:14.900 [main] DEBUG org.sokybot.pk2.Pk2CryptoUtils - File roc_heavy_ha.ddj is not encrypted , flags not exists
07:15:14.900 [main] INFO org.soky.sro.pk2.io.Pk2IOTest - Consuming 4244 byte(s) from file roc_heavy_ha.ddj with size 4244 
07:15:14.900 [main] DEBUG org.sokybot.pk2.Pk2CryptoUtils - File roc_heavy_la.ddj is not encrypted , flags not exists
07:15:14.900 [main] INFO org.soky.sro.pk2.io.Pk2IOTest - Consuming 4244 byte(s) from file roc_heavy_la.ddj with size 4244 
07:15:14.900 [main] DEBUG org.sokybot.pk2.Pk2CryptoUtils - File roc_heavy_sa.ddj is not encrypted , flags not exists
07:15:14.900 [main] INFO org.soky.sro.pk2.io.Pk2IOTest - Consuming 4244 byte(s) from file roc_heavy_sa.ddj with size 4244 
07:15:14.901 [main] DEBUG org.sokybot.pk2.Pk2CryptoUtils - File roc_light_aa.ddj is not encrypted , flags not exists
07:15:14.901 [main] INFO org.soky.sro.pk2.io.Pk2IOTest - Consuming 4244 byte(s) from file roc_light_aa.ddj with size 4244 
07:15:14.901 [main] DEBUG org.sokybot.pk2.Pk2CryptoUtils - File roc_light_ba.ddj is not encrypted , flags not exists
07:15:14.901 [main] INFO org.soky.sro.pk2.io.Pk2IOTest - Consuming 4244 byte(s) from file roc_light_ba.ddj with size 4244 
07:15:14.902 [main] DEBUG org.sokybot.pk2.Pk2CryptoUtils - File roc_light_fa.ddj is not encrypted , flags not exists
07:15:14.902 [main] INFO org.soky.sro.pk2.io.Pk2IOTest - Consuming 4244 byte(s) from file roc_light_fa.ddj with size 4244 
07:15:14.902 [main] DEBUG org.sokybot.pk2.Pk2CryptoUtils - File roc_light_ha.ddj is not encrypted , flags not exists
07:15:14.902 [main] INFO org.soky.sro.pk2.io.Pk2IOTest - Consuming 4244 byte(s) from file roc_light_ha.ddj with size 4244 
07:15:14.902 [main] DEBUG org.sokybot.pk2.Pk2CryptoUtils - File roc_light_la.ddj is not encrypted , flags not exists
07:15:14.902 [main] INFO org.soky.sro.pk2.io.Pk2IOTest - Consuming 4244 byte(s) from file roc_light_la.ddj with size 4244 
07:15:14.903 [main] DEBUG org.sokybot.pk2.Pk2CryptoUtils - File roc_light_sa.ddj is not encrypted , flags not exists
07:15:14.903 [main] INFO org.soky.sro.pk2.io.Pk2IOTest - Consuming 4244 byte(s) from file roc_light_sa.ddj with size 4244 
07:15:14.903 [main] DEBUG org.sokybot.pk2.Pk2CryptoUtils - File shield_09.ddj is not encrypted , flags not exists
07:15:14.903 [main] INFO org.soky.sro.pk2.io.Pk2IOTest - Consuming 4244 byte(s) from file shield_09.ddj with size 4244 
07:15:14.903 [main] DEBUG org.sokybot.pk2.Pk2CryptoUtils - File axe_09.ddj is not encrypted , flags not exists
07:15:14.904 [main] INFO org.soky.sro.pk2.io.Pk2IOTest - Consuming 4244 byte(s) from file axe_09.ddj with size 4244 
07:15:14.904 [main] DEBUG org.sokybot.pk2.Pk2CryptoUtils - File crossbow_09.ddj is not encrypted , flags not exists
07:15:14.904 [main] INFO org.soky.sro.pk2.io.Pk2IOTest - Consuming 4244 byte(s) from file crossbow_09.ddj with size 4244 
07:15:14.904 [main] DEBUG org.sokybot.pk2.Pk2CryptoUtils - File dagger_09.ddj is not encrypted , flags not exists
07:15:14.904 [main] INFO org.soky.sro.pk2.io.Pk2IOTest - Consuming 4244 byte(s) from file dagger_09.ddj with size 4244 
07:15:14.905 [main] DEBUG org.sokybot.pk2.Pk2CryptoUtils - File darkstaff_09.ddj is not encrypted , flags not exists
07:15:14.905 [main] INFO org.soky.sro.pk2.io.Pk2IOTest - Consuming 4244 byte(s) from file darkstaff_09.ddj with size 4244 
07:15:14.905 [main] DEBUG org.sokybot.pk2.Pk2CryptoUtils - File darkwand_09.ddj is not encrypted , flags not exists
07:15:14.905 [main] INFO org.soky.sro.pk2.io.Pk2IOTest - Consuming 4244 byte(s) from file darkwand_09.ddj with size 4244 
07:15:14.905 [main] DEBUG org.sokybot.pk2.Pk2CryptoUtils - File harp_09.ddj is not encrypted , flags not exists
07:15:14.905 [main] INFO org.soky.sro.pk2.io.Pk2IOTest - Consuming 4244 byte(s) from file harp_09.ddj with size 4244 
07:15:14.906 [main] DEBUG org.sokybot.pk2.Pk2CryptoUtils - File shortsword_09.ddj is not encrypted , flags not exists
07:15:14.906 [main] INFO org.soky.sro.pk2.io.Pk2IOTest - Consuming 4244 byte(s) from file shortsword_09.ddj with size 4244 
07:15:14.906 [main] DEBUG org.sokybot.pk2.Pk2CryptoUtils - File staff_09.ddj is not encrypted , flags not exists
07:15:14.906 [main] INFO org.soky.sro.pk2.io.Pk2IOTest - Consuming 4244 byte(s) from file staff_09.ddj with size 4244 
07:15:14.906 [main] DEBUG org.sokybot.pk2.Pk2CryptoUtils - File sword_09.ddj is not encrypted , flags not exists
07:15:14.907 [main] INFO org.soky.sro.pk2.io.Pk2IOTest - Consuming 4244 byte(s) from file sword_09.ddj with size 4244 
07:15:14.907 [main] DEBUG org.sokybot.pk2.Pk2CryptoUtils - File tstaff_09.ddj is not encrypted , flags not exists
07:15:14.907 [main] INFO org.soky.sro.pk2.io.Pk2IOTest - Consuming 4244 byte(s) from file tstaff_09.ddj with size 4244 
07:15:14.907 [main] DEBUG org.sokybot.pk2.Pk2CryptoUtils - File tsword_09.ddj is not encrypted , flags not exists
07:15:14.907 [main] INFO org.soky.sro.pk2.io.Pk2IOTest - Consuming 4244 byte(s) from file tsword_09.ddj with size 4244 
07:15:14.908 [main] DEBUG org.sokybot.pk2.Pk2CryptoUtils - File tsword_09_legend.ddj is not encrypted , flags not exists
07:15:14.908 [main] INFO org.soky.sro.pk2.io.Pk2IOTest - Consuming 4244 byte(s) from file tsword_09_legend.ddj with size 4244 
07:15:14.908 [main] DEBUG org.sokybot.pk2.Pk2CryptoUtils - File wand_09.ddj is not encrypted , flags not exists
07:15:14.908 [main] INFO org.soky.sro.pk2.io.Pk2IOTest - Consuming 4244 byte(s) from file wand_09.ddj with size 4244 
07:15:14.908 [main] DEBUG org.sokybot.pk2.Pk2CryptoUtils - File clothes_09_aa.ddj is not encrypted , flags not exists
07:15:14.908 [main] INFO org.soky.sro.pk2.io.Pk2IOTest - Consuming 4244 byte(s) from file clothes_09_aa.ddj with size 4244 
07:15:14.908 [main] DEBUG org.sokybot.pk2.Pk2CryptoUtils - File clothes_09_ba.ddj is not encrypted , flags not exists
07:15:14.909 [main] INFO org.soky.sro.pk2.io.Pk2IOTest - Consuming 4244 byte(s) from file clothes_09_ba.ddj with size 4244 
07:15:14.909 [main] DEBUG org.sokybot.pk2.Pk2CryptoUtils - File clothes_09_ca.ddj is not encrypted , flags not exists
07:15:14.909 [main] INFO org.soky.sro.pk2.io.Pk2IOTest - Consuming 4244 byte(s) from file clothes_09_ca.ddj with size 4244 
07:15:14.909 [main] DEBUG org.sokybot.pk2.Pk2CryptoUtils - File clothes_09_fa.ddj is not encrypted , flags not exists
07:15:14.909 [main] INFO org.soky.sro.pk2.io.Pk2IOTest - Consuming 4244 byte(s) from file clothes_09_fa.ddj with size 4244 
07:15:14.909 [main] DEBUG org.sokybot.pk2.Pk2CryptoUtils - File clothes_09_ha.ddj is not encrypted , flags not exists
07:15:14.909 [main] INFO org.soky.sro.pk2.io.Pk2IOTest - Consuming 4244 byte(s) from file clothes_09_ha.ddj with size 4244 
07:15:14.909 [main] DEBUG org.sokybot.pk2.Pk2CryptoUtils - File clothes_09_la.ddj is not encrypted , flags not exists
07:15:14.910 [main] INFO org.soky.sro.pk2.io.Pk2IOTest - Consuming 4244 byte(s) from file clothes_09_la.ddj with size 4244 
07:15:14.910 [main] DEBUG org.sokybot.pk2.Pk2CryptoUtils - File clothes_09_sa.ddj is not encrypted , flags not exists
07:15:14.910 [main] INFO org.soky.sro.pk2.io.Pk2IOTest - Consuming 4244 byte(s) from file clothes_09_sa.ddj with size 4244 
07:15:14.910 [main] DEBUG org.sokybot.pk2.Pk2CryptoUtils - File heavy_09_aa.ddj is not encrypted , flags not exists
07:15:14.910 [main] INFO org.soky.sro.pk2.io.Pk2IOTest - Consuming 4244 byte(s) from file heavy_09_aa.ddj with size 4244 
07:15:14.910 [main] DEBUG org.sokybot.pk2.Pk2CryptoUtils - File heavy_09_ba.ddj is not encrypted , flags not exists
07:15:14.910 [main] INFO org.soky.sro.pk2.io.Pk2IOTest - Consuming 4244 byte(s) from file heavy_09_ba.ddj with size 4244 
07:15:14.910 [main] DEBUG org.sokybot.pk2.Pk2CryptoUtils - File heavy_09_ca.ddj is not encrypted , flags not exists
07:15:14.911 [main] INFO org.soky.sro.pk2.io.Pk2IOTest - Consuming 4244 byte(s) from file heavy_09_ca.ddj with size 4244 
07:15:14.911 [main] DEBUG org.sokybot.pk2.Pk2CryptoUtils - File heavy_09_fa.ddj is not encrypted , flags not exists
07:15:14.911 [main] INFO org.soky.sro.pk2.io.Pk2IOTest - Consuming 4244 byte(s) from file heavy_09_fa.ddj with size 4244 
07:15:14.911 [main] DEBUG org.sokybot.pk2.Pk2CryptoUtils - File heavy_09_ha.ddj is not encrypted , flags not exists
07:15:14.911 [main] INFO org.soky.sro.pk2.io.Pk2IOTest - Consuming 4244 byte(s) from file heavy_09_ha.ddj with size 4244 
07:15:14.911 [main] DEBUG org.sokybot.pk2.Pk2CryptoUtils - File heavy_09_la.ddj is not encrypted , flags not exists
07:15:14.911 [main] INFO org.soky.sro.pk2.io.Pk2IOTest - Consuming 4244 byte(s) from file heavy_09_la.ddj with size 4244 
07:15:14.911 [main] DEBUG org.sokybot.pk2.Pk2CryptoUtils - File heavy_09_sa.ddj is not encrypted , flags not exists
07:15:14.912 [main] INFO org.soky.sro.pk2.io.Pk2IOTest - Consuming 4244 byte(s) from file heavy_09_sa.ddj with size 4244 
07:15:14.912 [main] DEBUG org.sokybot.pk2.Pk2CryptoUtils - File light_09_aa.ddj is not encrypted , flags not exists
07:15:14.912 [main] INFO org.soky.sro.pk2.io.Pk2IOTest - Consuming 4244 byte(s) from file light_09_aa.ddj with size 4244 
07:15:14.912 [main] DEBUG org.sokybot.pk2.Pk2CryptoUtils - File light_09_ba.ddj is not encrypted , flags not exists
07:15:14.912 [main] INFO org.soky.sro.pk2.io.Pk2IOTest - Consuming 4244 byte(s) from file light_09_ba.ddj with size 4244 
07:15:14.912 [main] DEBUG org.sokybot.pk2.Pk2CryptoUtils - File light_09_ca.ddj is not encrypted , flags not exists
07:15:14.912 [main] INFO org.soky.sro.pk2.io.Pk2IOTest - Consuming 4244 byte(s) from file light_09_ca.ddj with size 4244 
07:15:14.913 [main] DEBUG org.sokybot.pk2.Pk2CryptoUtils - File light_09_fa.ddj is not encrypted , flags not exists
07:15:14.913 [main] INFO org.soky.sro.pk2.io.Pk2IOTest - Consuming 4244 byte(s) from file light_09_fa.ddj with size 4244 
07:15:14.913 [main] DEBUG org.sokybot.pk2.Pk2CryptoUtils - File light_09_ha.ddj is not encrypted , flags not exists
07:15:14.913 [main] INFO org.soky.sro.pk2.io.Pk2IOTest - Consuming 4244 byte(s) from file light_09_ha.ddj with size 4244 
07:15:14.913 [main] DEBUG org.sokybot.pk2.Pk2CryptoUtils - File light_09_la.ddj is not encrypted , flags not exists
07:15:14.913 [main] INFO org.soky.sro.pk2.io.Pk2IOTest - Consuming 4244 byte(s) from file light_09_la.ddj with size 4244 
07:15:14.913 [main] DEBUG org.sokybot.pk2.Pk2CryptoUtils - File light_09_sa.ddj is not encrypted , flags not exists
07:15:14.913 [main] INFO org.soky.sro.pk2.io.Pk2IOTest - Consuming 4244 byte(s) from file light_09_sa.ddj with size 4244 
07:15:14.914 [main] DEBUG org.sokybot.pk2.Pk2CryptoUtils - File roc_clothes_aa.ddj is not encrypted , flags not exists
07:15:14.914 [main] INFO org.soky.sro.pk2.io.Pk2IOTest - Consuming 4244 byte(s) from file roc_clothes_aa.ddj with size 4244 
07:15:14.914 [main] DEBUG org.sokybot.pk2.Pk2CryptoUtils - File roc_clothes_ba.ddj is not encrypted , flags not exists
07:15:14.914 [main] INFO org.soky.sro.pk2.io.Pk2IOTest - Consuming 4244 byte(s) from file roc_clothes_ba.ddj with size 4244 
07:15:14.914 [main] DEBUG org.sokybot.pk2.Pk2CryptoUtils - File roc_clothes_fa.ddj is not encrypted , flags not exists
07:15:14.914 [main] INFO org.soky.sro.pk2.io.Pk2IOTest - Consuming 4244 byte(s) from file roc_clothes_fa.ddj with size 4244 
07:15:14.914 [main] DEBUG org.sokybot.pk2.Pk2CryptoUtils - File roc_clothes_ha.ddj is not encrypted , flags not exists
07:15:14.914 [main] INFO org.soky.sro.pk2.io.Pk2IOTest - Consuming 4244 byte(s) from file roc_clothes_ha.ddj with size 4244 
07:15:14.915 [main] DEBUG org.sokybot.pk2.Pk2CryptoUtils - File roc_clothes_la.ddj is not encrypted , flags not exists
07:15:14.915 [main] INFO org.soky.sro.pk2.io.Pk2IOTest - Consuming 4244 byte(s) from file roc_clothes_la.ddj with size 4244 
07:15:14.915 [main] DEBUG org.sokybot.pk2.Pk2CryptoUtils - File roc_clothes_sa.ddj is not encrypted , flags not exists
07:15:14.915 [main] INFO org.soky.sro.pk2.io.Pk2IOTest - Consuming 4244 byte(s) from file roc_clothes_sa.ddj with size 4244 
07:15:14.915 [main] DEBUG org.sokybot.pk2.Pk2CryptoUtils - File roc_heavy_aa.ddj is not encrypted , flags not exists
07:15:14.915 [main] INFO org.soky.sro.pk2.io.Pk2IOTest - Consuming 4244 byte(s) from file roc_heavy_aa.ddj with size 4244 
07:15:14.915 [main] DEBUG org.sokybot.pk2.Pk2CryptoUtils - File roc_heavy_ba.ddj is not encrypted , flags not exists
07:15:14.915 [main] INFO org.soky.sro.pk2.io.Pk2IOTest - Consuming 4244 byte(s) from file roc_heavy_ba.ddj with size 4244 
07:15:14.916 [main] DEBUG org.sokybot.pk2.Pk2CryptoUtils - File roc_heavy_fa.ddj is not encrypted , flags not exists
07:15:14.916 [main] INFO org.soky.sro.pk2.io.Pk2IOTest - Consuming 4244 byte(s) from file roc_heavy_fa.ddj with size 4244 
07:15:14.916 [main] DEBUG org.sokybot.pk2.Pk2CryptoUtils - File roc_heavy_ha.ddj is not encrypted , flags not exists
07:15:14.916 [main] INFO org.soky.sro.pk2.io.Pk2IOTest - Consuming 4244 byte(s) from file roc_heavy_ha.ddj with size 4244 
07:15:14.916 [main] DEBUG org.sokybot.pk2.Pk2CryptoUtils - File roc_heavy_la.ddj is not encrypted , flags not exists
07:15:14.916 [main] INFO org.soky.sro.pk2.io.Pk2IOTest - Consuming 4244 byte(s) from file roc_heavy_la.ddj with size 4244 
07:15:14.916 [main] DEBUG org.sokybot.pk2.Pk2CryptoUtils - File roc_heavy_sa.ddj is not encrypted , flags not exists
07:15:14.916 [main] INFO org.soky.sro.pk2.io.Pk2IOTest - Consuming 4244 byte(s) from file roc_heavy_sa.ddj with size 4244 
07:15:14.917 [main] DEBUG org.sokybot.pk2.Pk2CryptoUtils - File roc_light_aa.ddj is not encrypted , flags not exists
07:15:14.917 [main] INFO org.soky.sro.pk2.io.Pk2IOTest - Consuming 4244 byte(s) from file roc_light_aa.ddj with size 4244 
07:15:14.917 [main] DEBUG org.sokybot.pk2.Pk2CryptoUtils - File roc_light_ba.ddj is not encrypted , flags not exists
07:15:14.917 [main] INFO org.soky.sro.pk2.io.Pk2IOTest - Consuming 4244 byte(s) from file roc_light_ba.ddj with size 4244 
07:15:14.917 [main] DEBUG org.sokybot.pk2.Pk2CryptoUtils - File roc_light_fa.ddj is not encrypted , flags not exists
07:15:14.917 [main] INFO org.soky.sro.pk2.io.Pk2IOTest - Consuming 4244 byte(s) from file roc_light_fa.ddj with size 4244 
07:15:14.917 [main] DEBUG org.sokybot.pk2.Pk2CryptoUtils - File roc_light_ha.ddj is not encrypted , flags not exists
07:15:14.917 [main] INFO org.soky.sro.pk2.io.Pk2IOTest - Consuming 4244 byte(s) from file roc_light_ha.ddj with size 4244 
07:15:14.918 [main] DEBUG org.sokybot.pk2.Pk2CryptoUtils - File roc_light_la.ddj is not encrypted , flags not exists
07:15:14.918 [main] INFO org.soky.sro.pk2.io.Pk2IOTest - Consuming 4244 byte(s) from file roc_light_la.ddj with size 4244 
07:15:14.918 [main] DEBUG org.sokybot.pk2.Pk2CryptoUtils - File roc_light_sa.ddj is not encrypted , flags not exists
07:15:14.918 [main] INFO org.soky.sro.pk2.io.Pk2IOTest - Consuming 4244 byte(s) from file roc_light_sa.ddj with size 4244 
07:15:14.918 [main] DEBUG org.sokybot.pk2.Pk2CryptoUtils - File blade_09.ddj is not encrypted , flags not exists
07:15:14.918 [main] INFO org.soky.sro.pk2.io.Pk2IOTest - Consuming 2196 byte(s) from file blade_09.ddj with size 2196 
07:15:14.918 [main] DEBUG org.sokybot.pk2.Pk2CryptoUtils - File bow_09.ddj is not encrypted , flags not exists
07:15:14.919 [main] INFO org.soky.sro.pk2.io.Pk2IOTest - Consuming 2196 byte(s) from file bow_09.ddj with size 2196 
07:15:14.919 [main] DEBUG org.sokybot.pk2.Pk2CryptoUtils - File spear_09.ddj is not encrypted , flags not exists
07:15:14.919 [main] INFO org.soky.sro.pk2.io.Pk2IOTest - Consuming 2196 byte(s) from file spear_09.ddj with size 2196 
07:15:14.919 [main] DEBUG org.sokybot.pk2.Pk2CryptoUtils - File sword_09.ddj is not encrypted , flags not exists
07:15:14.919 [main] INFO org.soky.sro.pk2.io.Pk2IOTest - Consuming 2196 byte(s) from file sword_09.ddj with size 2196 
07:15:14.919 [main] DEBUG org.sokybot.pk2.Pk2CryptoUtils - File tblade_09.ddj is not encrypted , flags not exists
07:15:14.919 [main] INFO org.soky.sro.pk2.io.Pk2IOTest - Consuming 2196 byte(s) from file tblade_09.ddj with size 2196 
07:15:14.920 [main] DEBUG org.sokybot.pk2.Pk2CryptoUtils - File tblade_09_legend.ddj is not encrypted , flags not exists
07:15:14.920 [main] INFO org.soky.sro.pk2.io.Pk2IOTest - Consuming 4244 byte(s) from file tblade_09_legend.ddj with size 4244 
07:15:14.920 [main] DEBUG org.sokybot.pk2.Pk2CryptoUtils - File bow_call_h.ddj is not encrypted , flags not exists
07:15:14.920 [main] INFO org.soky.sro.pk2.io.Pk2IOTest - Consuming 1172 byte(s) from file bow_call_h.ddj with size 1172 
07:15:14.920 [main] DEBUG org.sokybot.pk2.Pk2CryptoUtils - File fire_gongup_f.ddj is not encrypted , flags not exists
07:15:14.921 [main] INFO org.soky.sro.pk2.io.Pk2IOTest - Consuming 1172 byte(s) from file fire_gongup_f.ddj with size 1172 
07:15:14.921 [main] DEBUG org.sokybot.pk2.Pk2CryptoUtils - File lightning_gwantong_f.ddj is not encrypted , flags not exists
07:15:14.921 [main] INFO org.soky.sro.pk2.io.Pk2IOTest - Consuming 1172 byte(s) from file lightning_gwantong_f.ddj with size 1172 
07:15:14.921 [main] DEBUG org.sokybot.pk2.Pk2CryptoUtils - File lightning_gyeonggong_f.ddj is not encrypted , flags not exists
07:15:14.921 [main] INFO org.soky.sro.pk2.io.Pk2IOTest - Consuming 1172 byte(s) from file lightning_gyeonggong_f.ddj with size 1172 
07:15:14.922 [main] DEBUG org.sokybot.pk2.Pk2CryptoUtils - File lightning_gyeonggong_g.ddj is not encrypted , flags not exists
07:15:14.922 [main] INFO org.soky.sro.pk2.io.Pk2IOTest - Consuming 1172 byte(s) from file lightning_gyeonggong_g.ddj with size 1172 
07:15:14.922 [main] DEBUG org.sokybot.pk2.Pk2CryptoUtils - File blade_09.ddj is not encrypted , flags not exists
07:15:14.922 [main] INFO org.soky.sro.pk2.io.Pk2IOTest - Consuming 2196 byte(s) from file blade_09.ddj with size 2196 
07:15:14.923 [main] DEBUG org.sokybot.pk2.Pk2CryptoUtils - File bow_09.ddj is not encrypted , flags not exists
07:15:14.923 [main] INFO org.soky.sro.pk2.io.Pk2IOTest - Consuming 2196 byte(s) from file bow_09.ddj with size 2196 
07:15:14.923 [main] DEBUG org.sokybot.pk2.Pk2CryptoUtils - File spear_09.ddj is not encrypted , flags not exists
07:15:14.923 [main] INFO org.soky.sro.pk2.io.Pk2IOTest - Consuming 2196 byte(s) from file spear_09.ddj with size 2196 
07:15:14.923 [main] DEBUG org.sokybot.pk2.Pk2CryptoUtils - File sword_09.ddj is not encrypted , flags not exists
07:15:14.924 [main] INFO org.soky.sro.pk2.io.Pk2IOTest - Consuming 2196 byte(s) from file sword_09.ddj with size 2196 
07:15:14.924 [main] DEBUG org.sokybot.pk2.Pk2CryptoUtils - File tblade_09.ddj is not encrypted , flags not exists
07:15:14.924 [main] INFO org.soky.sro.pk2.io.Pk2IOTest - Consuming 2196 byte(s) from file tblade_09.ddj with size 2196 
07:15:14.924 [main] DEBUG org.sokybot.pk2.Pk2CryptoUtils - File tblade_09_legend.ddj is not encrypted , flags not exists
07:15:14.924 [main] INFO org.soky.sro.pk2.io.Pk2IOTest - Consuming 4244 byte(s) from file tblade_09_legend.ddj with size 4244 
07:15:14.925 [main] DEBUG org.sokybot.pk2.Pk2CryptoUtils - File clothes_09_aa.ddj is not encrypted , flags not exists
07:15:14.925 [main] INFO org.soky.sro.pk2.io.Pk2IOTest - Consuming 2196 byte(s) from file clothes_09_aa.ddj with size 2196 
07:15:14.925 [main] DEBUG org.sokybot.pk2.Pk2CryptoUtils - File clothes_09_ba.ddj is not encrypted , flags not exists
07:15:14.925 [main] INFO org.soky.sro.pk2.io.Pk2IOTest - Consuming 2196 byte(s) from file clothes_09_ba.ddj with size 2196 
07:15:14.926 [main] DEBUG org.sokybot.pk2.Pk2CryptoUtils - File clothes_09_ca.ddj is not encrypted , flags not exists
07:15:14.926 [main] INFO org.soky.sro.pk2.io.Pk2IOTest - Consuming 2196 byte(s) from file clothes_09_ca.ddj with size 2196 
07:15:14.926 [main] DEBUG org.sokybot.pk2.Pk2CryptoUtils - File clothes_09_fa.ddj is not encrypted , flags not exists
07:15:14.926 [main] INFO org.soky.sro.pk2.io.Pk2IOTest - Consuming 2196 byte(s) from file clothes_09_fa.ddj with size 2196 
07:15:14.926 [main] DEBUG org.sokybot.pk2.Pk2CryptoUtils - File clothes_09_ha.ddj is not encrypted , flags not exists
07:15:14.927 [main] INFO org.soky.sro.pk2.io.Pk2IOTest - Consuming 2196 byte(s) from file clothes_09_ha.ddj with size 2196 
07:15:14.927 [main] DEBUG org.sokybot.pk2.Pk2CryptoUtils - File clothes_09_la.ddj is not encrypted , flags not exists
07:15:14.927 [main] INFO org.soky.sro.pk2.io.Pk2IOTest - Consuming 2196 byte(s) from file clothes_09_la.ddj with size 2196 
07:15:14.927 [main] DEBUG org.sokybot.pk2.Pk2CryptoUtils - File clothes_09_sa.ddj is not encrypted , flags not exists
07:15:14.928 [main] INFO org.soky.sro.pk2.io.Pk2IOTest - Consuming 2196 byte(s) from file clothes_09_sa.ddj with size 2196 
07:15:14.928 [main] DEBUG org.sokybot.pk2.Pk2CryptoUtils - File frpvp_voucher_a.ddj is not encrypted , flags not exists
07:15:14.928 [main] INFO org.soky.sro.pk2.io.Pk2IOTest - Consuming 2196 byte(s) from file frpvp_voucher_a.ddj with size 2196 
07:15:14.928 [main] DEBUG org.sokybot.pk2.Pk2CryptoUtils - File frpvp_voucher_b.ddj is not encrypted , flags not exists
07:15:14.928 [main] INFO org.soky.sro.pk2.io.Pk2IOTest - Consuming 2196 byte(s) from file frpvp_voucher_b.ddj with size 2196 
07:15:14.929 [main] DEBUG org.sokybot.pk2.Pk2CryptoUtils - File frpvp_voucher_c.ddj is not encrypted , flags not exists
07:15:14.929 [main] INFO org.soky.sro.pk2.io.Pk2IOTest - Consuming 2196 byte(s) from file frpvp_voucher_c.ddj with size 2196 
07:15:14.929 [main] DEBUG org.sokybot.pk2.Pk2CryptoUtils - File frpvp_voucher_d.ddj is not encrypted , flags not exists
07:15:14.929 [main] INFO org.soky.sro.pk2.io.Pk2IOTest - Consuming 2196 byte(s) from file frpvp_voucher_d.ddj with size 2196 
07:15:14.929 [main] DEBUG org.sokybot.pk2.Pk2CryptoUtils - File frpvp_voucher_e.ddj is not encrypted , flags not exists
07:15:14.930 [main] INFO org.soky.sro.pk2.io.Pk2IOTest - Consuming 2196 byte(s) from file frpvp_voucher_e.ddj with size 2196 
07:15:14.930 [main] DEBUG org.sokybot.pk2.Pk2CryptoUtils - File heavy_09_aa.ddj is not encrypted , flags not exists
07:15:14.930 [main] INFO org.soky.sro.pk2.io.Pk2IOTest - Consuming 2196 byte(s) from file heavy_09_aa.ddj with size 2196 
07:15:14.931 [main] DEBUG org.sokybot.pk2.Pk2CryptoUtils - File heavy_09_ba.ddj is not encrypted , flags not exists
07:15:14.931 [main] INFO org.soky.sro.pk2.io.Pk2IOTest - Consuming 2196 byte(s) from file heavy_09_ba.ddj with size 2196 
07:15:14.931 [main] DEBUG org.sokybot.pk2.Pk2CryptoUtils - File heavy_09_ca.ddj is not encrypted , flags not exists
07:15:14.931 [main] INFO org.soky.sro.pk2.io.Pk2IOTest - Consuming 2196 byte(s) from file heavy_09_ca.ddj with size 2196 
07:15:14.932 [main] DEBUG org.sokybot.pk2.Pk2CryptoUtils - File heavy_09_fa.ddj is not encrypted , flags not exists
07:15:14.932 [main] INFO org.soky.sro.pk2.io.Pk2IOTest - Consuming 2196 byte(s) from file heavy_09_fa.ddj with size 2196 
07:15:14.932 [main] DEBUG org.sokybot.pk2.Pk2CryptoUtils - File heavy_09_ha.ddj is not encrypted , flags not exists
07:15:14.932 [main] INFO org.soky.sro.pk2.io.Pk2IOTest - Consuming 2196 byte(s) from file heavy_09_ha.ddj with size 2196 
07:15:14.932 [main] DEBUG org.sokybot.pk2.Pk2CryptoUtils - File heavy_09_la.ddj is not encrypted , flags not exists
07:15:14.933 [main] INFO org.soky.sro.pk2.io.Pk2IOTest - Consuming 2196 byte(s) from file heavy_09_la.ddj with size 2196 
07:15:14.933 [main] DEBUG org.sokybot.pk2.Pk2CryptoUtils - File heavy_09_sa.ddj is not encrypted , flags not exists
07:15:14.933 [main] INFO org.soky.sro.pk2.io.Pk2IOTest - Consuming 2196 byte(s) from file heavy_09_sa.ddj with size 2196 
07:15:14.933 [main] DEBUG org.sokybot.pk2.Pk2CryptoUtils - File light_09_aa.ddj is not encrypted , flags not exists
07:15:14.933 [main] INFO org.soky.sro.pk2.io.Pk2IOTest - Consuming 2196 byte(s) from file light_09_aa.ddj with size 2196 
07:15:14.934 [main] DEBUG org.sokybot.pk2.Pk2CryptoUtils - File light_09_ba.ddj is not encrypted , flags not exists
07:15:14.934 [main] INFO org.soky.sro.pk2.io.Pk2IOTest - Consuming 2196 byte(s) from file light_09_ba.ddj with size 2196 
07:15:14.934 [main] DEBUG org.sokybot.pk2.Pk2CryptoUtils - File light_09_ca.ddj is not encrypted , flags not exists
07:15:14.934 [main] INFO org.soky.sro.pk2.io.Pk2IOTest - Consuming 2196 byte(s) from file light_09_ca.ddj with size 2196 
07:15:14.934 [main] DEBUG org.sokybot.pk2.Pk2CryptoUtils - File light_09_fa.ddj is not encrypted , flags not exists
07:15:14.934 [main] INFO org.soky.sro.pk2.io.Pk2IOTest - Consuming 2196 byte(s) from file light_09_fa.ddj with size 2196 
07:15:14.935 [main] DEBUG org.sokybot.pk2.Pk2CryptoUtils - File light_09_ha.ddj is not encrypted , flags not exists
07:15:14.935 [main] INFO org.soky.sro.pk2.io.Pk2IOTest - Consuming 2196 byte(s) from file light_09_ha.ddj with size 2196 
07:15:14.935 [main] DEBUG org.sokybot.pk2.Pk2CryptoUtils - File light_09_la.ddj is not encrypted , flags not exists
07:15:14.935 [main] INFO org.soky.sro.pk2.io.Pk2IOTest - Consuming 2196 byte(s) from file light_09_la.ddj with size 2196 
07:15:14.935 [main] DEBUG org.sokybot.pk2.Pk2CryptoUtils - File light_09_sa.ddj is not encrypted , flags not exists
07:15:14.935 [main] INFO org.soky.sro.pk2.io.Pk2IOTest - Consuming 2196 byte(s) from file light_09_sa.ddj with size 2196 
07:15:14.935 [main] DEBUG org.sokybot.pk2.Pk2CryptoUtils - File roc_clothes_aa.ddj is not encrypted , flags not exists
07:15:14.935 [main] INFO org.soky.sro.pk2.io.Pk2IOTest - Consuming 4244 byte(s) from file roc_clothes_aa.ddj with size 4244 
07:15:14.936 [main] DEBUG org.sokybot.pk2.Pk2CryptoUtils - File roc_clothes_ba.ddj is not encrypted , flags not exists
07:15:14.936 [main] INFO org.soky.sro.pk2.io.Pk2IOTest - Consuming 4244 byte(s) from file roc_clothes_ba.ddj with size 4244 
07:15:14.936 [main] DEBUG org.sokybot.pk2.Pk2CryptoUtils - File roc_clothes_fa.ddj is not encrypted , flags not exists
07:15:14.936 [main] INFO org.soky.sro.pk2.io.Pk2IOTest - Consuming 4244 byte(s) from file roc_clothes_fa.ddj with size 4244 
07:15:14.936 [main] DEBUG org.sokybot.pk2.Pk2CryptoUtils - File roc_clothes_ha.ddj is not encrypted , flags not exists
07:15:14.936 [main] INFO org.soky.sro.pk2.io.Pk2IOTest - Consuming 4244 byte(s) from file roc_clothes_ha.ddj with size 4244 
07:15:14.936 [main] DEBUG org.sokybot.pk2.Pk2CryptoUtils - File roc_clothes_la.ddj is not encrypted , flags not exists
07:15:14.936 [main] INFO org.soky.sro.pk2.io.Pk2IOTest - Consuming 4244 byte(s) from file roc_clothes_la.ddj with size 4244 
07:15:14.937 [main] DEBUG org.sokybot.pk2.Pk2CryptoUtils - File roc_clothes_sa.ddj is not encrypted , flags not exists
07:15:14.937 [main] INFO org.soky.sro.pk2.io.Pk2IOTest - Consuming 4244 byte(s) from file roc_clothes_sa.ddj with size 4244 
07:15:14.937 [main] DEBUG org.sokybot.pk2.Pk2CryptoUtils - File roc_heavy_aa.ddj is not encrypted , flags not exists
07:15:14.937 [main] INFO org.soky.sro.pk2.io.Pk2IOTest - Consuming 4244 byte(s) from file roc_heavy_aa.ddj with size 4244 
07:15:14.937 [main] DEBUG org.sokybot.pk2.Pk2CryptoUtils - File roc_heavy_ba.ddj is not encrypted , flags not exists
07:15:14.937 [main] INFO org.soky.sro.pk2.io.Pk2IOTest - Consuming 4244 byte(s) from file roc_heavy_ba.ddj with size 4244 
07:15:14.937 [main] DEBUG org.sokybot.pk2.Pk2CryptoUtils - File roc_heavy_fa.ddj is not encrypted , flags not exists
07:15:14.938 [main] INFO org.soky.sro.pk2.io.Pk2IOTest - Consuming 4244 byte(s) from file roc_heavy_fa.ddj with size 4244 
07:15:14.938 [main] DEBUG org.sokybot.pk2.Pk2CryptoUtils - File roc_heavy_ha.ddj is not encrypted , flags not exists
07:15:14.938 [main] INFO org.soky.sro.pk2.io.Pk2IOTest - Consuming 4244 byte(s) from file roc_heavy_ha.ddj with size 4244 
07:15:14.938 [main] DEBUG org.sokybot.pk2.Pk2CryptoUtils - File roc_heavy_la.ddj is not encrypted , flags not exists
07:15:14.938 [main] INFO org.soky.sro.pk2.io.Pk2IOTest - Consuming 4244 byte(s) from file roc_heavy_la.ddj with size 4244 
07:15:14.939 [main] DEBUG org.sokybot.pk2.Pk2CryptoUtils - File roc_heavy_sa.ddj is not encrypted , flags not exists
07:15:14.939 [main] INFO org.soky.sro.pk2.io.Pk2IOTest - Consuming 4244 byte(s) from file roc_heavy_sa.ddj with size 4244 
07:15:14.939 [main] DEBUG org.sokybot.pk2.Pk2CryptoUtils - File roc_light_aa.ddj is not encrypted , flags not exists
07:15:14.939 [main] INFO org.soky.sro.pk2.io.Pk2IOTest - Consuming 4244 byte(s) from file roc_light_aa.ddj with size 4244 
07:15:14.939 [main] DEBUG org.sokybot.pk2.Pk2CryptoUtils - File roc_light_ba.ddj is not encrypted , flags not exists
07:15:14.940 [main] INFO org.soky.sro.pk2.io.Pk2IOTest - Consuming 4244 byte(s) from file roc_light_ba.ddj with size 4244 
07:15:14.940 [main] DEBUG org.sokybot.pk2.Pk2CryptoUtils - File roc_light_fa.ddj is not encrypted , flags not exists
07:15:14.940 [main] INFO org.soky.sro.pk2.io.Pk2IOTest - Consuming 4244 byte(s) from file roc_light_fa.ddj with size 4244 
07:15:14.940 [main] DEBUG org.sokybot.pk2.Pk2CryptoUtils - File roc_light_ha.ddj is not encrypted , flags not exists
07:15:14.940 [main] INFO org.soky.sro.pk2.io.Pk2IOTest - Consuming 4244 byte(s) from file roc_light_ha.ddj with size 4244 
07:15:14.941 [main] DEBUG org.sokybot.pk2.Pk2CryptoUtils - File roc_light_la.ddj is not encrypted , flags not exists
07:15:14.941 [main] INFO org.soky.sro.pk2.io.Pk2IOTest - Consuming 4244 byte(s) from file roc_light_la.ddj with size 4244 
07:15:14.941 [main] DEBUG org.sokybot.pk2.Pk2CryptoUtils - File roc_light_sa.ddj is not encrypted , flags not exists
07:15:14.941 [main] INFO org.soky.sro.pk2.io.Pk2IOTest - Consuming 4244 byte(s) from file roc_light_sa.ddj with size 4244 
07:15:14.942 [main] DEBUG org.sokybot.pk2.Pk2CryptoUtils - File clothes_09_aa.ddj is not encrypted , flags not exists
07:15:14.942 [main] INFO org.soky.sro.pk2.io.Pk2IOTest - Consuming 2196 byte(s) from file clothes_09_aa.ddj with size 2196 
07:15:14.942 [main] DEBUG org.sokybot.pk2.Pk2CryptoUtils - File clothes_09_ba.ddj is not encrypted , flags not exists
07:15:14.942 [main] INFO org.soky.sro.pk2.io.Pk2IOTest - Consuming 2196 byte(s) from file clothes_09_ba.ddj with size 2196 
07:15:14.942 [main] DEBUG org.sokybot.pk2.Pk2CryptoUtils - File clothes_09_ca.ddj is not encrypted , flags not exists
07:15:14.942 [main] INFO org.soky.sro.pk2.io.Pk2IOTest - Consuming 2196 byte(s) from file clothes_09_ca.ddj with size 2196 
07:15:14.943 [main] DEBUG org.sokybot.pk2.Pk2CryptoUtils - File clothes_09_fa.ddj is not encrypted , flags not exists
07:15:14.943 [main] INFO org.soky.sro.pk2.io.Pk2IOTest - Consuming 2196 byte(s) from file clothes_09_fa.ddj with size 2196 
07:15:14.943 [main] DEBUG org.sokybot.pk2.Pk2CryptoUtils - File clothes_09_ha.ddj is not encrypted , flags not exists
07:15:14.943 [main] INFO org.soky.sro.pk2.io.Pk2IOTest - Consuming 2196 byte(s) from file clothes_09_ha.ddj with size 2196 
07:15:14.943 [main] DEBUG org.sokybot.pk2.Pk2CryptoUtils - File clothes_09_la.ddj is not encrypted , flags not exists
07:15:14.943 [main] INFO org.soky.sro.pk2.io.Pk2IOTest - Consuming 2196 byte(s) from file clothes_09_la.ddj with size 2196 
07:15:14.944 [main] DEBUG org.sokybot.pk2.Pk2CryptoUtils - File clothes_09_sa.ddj is not encrypted , flags not exists
07:15:14.944 [main] INFO org.soky.sro.pk2.io.Pk2IOTest - Consuming 2196 byte(s) from file clothes_09_sa.ddj with size 2196 
07:15:14.944 [main] DEBUG org.sokybot.pk2.Pk2CryptoUtils - File frpvp_voucher_a.ddj is not encrypted , flags not exists
07:15:14.944 [main] INFO org.soky.sro.pk2.io.Pk2IOTest - Consuming 2196 byte(s) from file frpvp_voucher_a.ddj with size 2196 
07:15:14.944 [main] DEBUG org.sokybot.pk2.Pk2CryptoUtils - File frpvp_voucher_b.ddj is not encrypted , flags not exists
07:15:14.944 [main] INFO org.soky.sro.pk2.io.Pk2IOTest - Consuming 2196 byte(s) from file frpvp_voucher_b.ddj with size 2196 
07:15:14.944 [main] DEBUG org.sokybot.pk2.Pk2CryptoUtils - File frpvp_voucher_c.ddj is not encrypted , flags not exists
07:15:14.944 [main] INFO org.soky.sro.pk2.io.Pk2IOTest - Consuming 2196 byte(s) from file frpvp_voucher_c.ddj with size 2196 
07:15:14.945 [main] DEBUG org.sokybot.pk2.Pk2CryptoUtils - File frpvp_voucher_d.ddj is not encrypted , flags not exists
07:15:14.945 [main] INFO org.soky.sro.pk2.io.Pk2IOTest - Consuming 2196 byte(s) from file frpvp_voucher_d.ddj with size 2196 
07:15:14.945 [main] DEBUG org.sokybot.pk2.Pk2CryptoUtils - File frpvp_voucher_e.ddj is not encrypted , flags not exists
07:15:14.945 [main] INFO org.soky.sro.pk2.io.Pk2IOTest - Consuming 2196 byte(s) from file frpvp_voucher_e.ddj with size 2196 
07:15:14.945 [main] DEBUG org.sokybot.pk2.Pk2CryptoUtils - File heavy_09_aa.ddj is not encrypted , flags not exists
07:15:14.945 [main] INFO org.soky.sro.pk2.io.Pk2IOTest - Consuming 2196 byte(s) from file heavy_09_aa.ddj with size 2196 
07:15:14.945 [main] DEBUG org.sokybot.pk2.Pk2CryptoUtils - File heavy_09_ba.ddj is not encrypted , flags not exists
07:15:14.945 [main] INFO org.soky.sro.pk2.io.Pk2IOTest - Consuming 2196 byte(s) from file heavy_09_ba.ddj with size 2196 
07:15:14.945 [main] DEBUG org.sokybot.pk2.Pk2CryptoUtils - File heavy_09_ca.ddj is not encrypted , flags not exists
07:15:14.946 [main] INFO org.soky.sro.pk2.io.Pk2IOTest - Consuming 2196 byte(s) from file heavy_09_ca.ddj with size 2196 
07:15:14.946 [main] DEBUG org.sokybot.pk2.Pk2CryptoUtils - File heavy_09_fa.ddj is not encrypted , flags not exists
07:15:14.946 [main] INFO org.soky.sro.pk2.io.Pk2IOTest - Consuming 2196 byte(s) from file heavy_09_fa.ddj with size 2196 
07:15:14.946 [main] DEBUG org.sokybot.pk2.Pk2CryptoUtils - File heavy_09_ha.ddj is not encrypted , flags not exists
07:15:14.946 [main] INFO org.soky.sro.pk2.io.Pk2IOTest - Consuming 2196 byte(s) from file heavy_09_ha.ddj with size 2196 
07:15:14.946 [main] DEBUG org.sokybot.pk2.Pk2CryptoUtils - File heavy_09_la.ddj is not encrypted , flags not exists
07:15:14.946 [main] INFO org.soky.sro.pk2.io.Pk2IOTest - Consuming 2196 byte(s) from file heavy_09_la.ddj with size 2196 
07:15:14.946 [main] DEBUG org.sokybot.pk2.Pk2CryptoUtils - File heavy_09_sa.ddj is not encrypted , flags not exists
07:15:14.946 [main] INFO org.soky.sro.pk2.io.Pk2IOTest - Consuming 2196 byte(s) from file heavy_09_sa.ddj with size 2196 
07:15:14.946 [main] DEBUG org.sokybot.pk2.Pk2CryptoUtils - File light_09_aa.ddj is not encrypted , flags not exists
07:15:14.947 [main] INFO org.soky.sro.pk2.io.Pk2IOTest - Consuming 2196 byte(s) from file light_09_aa.ddj with size 2196 
07:15:14.947 [main] DEBUG org.sokybot.pk2.Pk2CryptoUtils - File light_09_ba.ddj is not encrypted , flags not exists
07:15:14.947 [main] INFO org.soky.sro.pk2.io.Pk2IOTest - Consuming 2196 byte(s) from file light_09_ba.ddj with size 2196 
07:15:14.947 [main] DEBUG org.sokybot.pk2.Pk2CryptoUtils - File light_09_ca.ddj is not encrypted , flags not exists
07:15:14.947 [main] INFO org.soky.sro.pk2.io.Pk2IOTest - Consuming 2196 byte(s) from file light_09_ca.ddj with size 2196 
07:15:14.947 [main] DEBUG org.sokybot.pk2.Pk2CryptoUtils - File light_09_fa.ddj is not encrypted , flags not exists
07:15:14.947 [main] INFO org.soky.sro.pk2.io.Pk2IOTest - Consuming 2196 byte(s) from file light_09_fa.ddj with size 2196 
07:15:14.947 [main] DEBUG org.sokybot.pk2.Pk2CryptoUtils - File light_09_ha.ddj is not encrypted , flags not exists
07:15:14.947 [main] INFO org.soky.sro.pk2.io.Pk2IOTest - Consuming 2196 byte(s) from file light_09_ha.ddj with size 2196 
07:15:14.948 [main] DEBUG org.sokybot.pk2.Pk2CryptoUtils - File light_09_la.ddj is not encrypted , flags not exists
07:15:14.948 [main] INFO org.soky.sro.pk2.io.Pk2IOTest - Consuming 2196 byte(s) from file light_09_la.ddj with size 2196 
07:15:14.948 [main] DEBUG org.sokybot.pk2.Pk2CryptoUtils - File light_09_sa.ddj is not encrypted , flags not exists
07:15:14.948 [main] INFO org.soky.sro.pk2.io.Pk2IOTest - Consuming 2196 byte(s) from file light_09_sa.ddj with size 2196 
07:15:14.948 [main] DEBUG org.sokybot.pk2.Pk2CryptoUtils - File roc_clothes_aa.ddj is not encrypted , flags not exists
07:15:14.948 [main] INFO org.soky.sro.pk2.io.Pk2IOTest - Consuming 4244 byte(s) from file roc_clothes_aa.ddj with size 4244 
07:15:14.948 [main] DEBUG org.sokybot.pk2.Pk2CryptoUtils - File roc_clothes_ba.ddj is not encrypted , flags not exists
07:15:14.948 [main] INFO org.soky.sro.pk2.io.Pk2IOTest - Consuming 4244 byte(s) from file roc_clothes_ba.ddj with size 4244 
07:15:14.948 [main] DEBUG org.sokybot.pk2.Pk2CryptoUtils - File roc_clothes_fa.ddj is not encrypted , flags not exists
07:15:14.949 [main] INFO org.soky.sro.pk2.io.Pk2IOTest - Consuming 4244 byte(s) from file roc_clothes_fa.ddj with size 4244 
07:15:14.949 [main] DEBUG org.sokybot.pk2.Pk2CryptoUtils - File roc_clothes_ha.ddj is not encrypted , flags not exists
07:15:14.949 [main] INFO org.soky.sro.pk2.io.Pk2IOTest - Consuming 4244 byte(s) from file roc_clothes_ha.ddj with size 4244 
07:15:14.949 [main] DEBUG org.sokybot.pk2.Pk2CryptoUtils - File roc_clothes_la.ddj is not encrypted , flags not exists
07:15:14.949 [main] INFO org.soky.sro.pk2.io.Pk2IOTest - Consuming 4244 byte(s) from file roc_clothes_la.ddj with size 4244 
07:15:14.949 [main] DEBUG org.sokybot.pk2.Pk2CryptoUtils - File roc_clothes_sa.ddj is not encrypted , flags not exists
07:15:14.949 [main] INFO org.soky.sro.pk2.io.Pk2IOTest - Consuming 4244 byte(s) from file roc_clothes_sa.ddj with size 4244 
07:15:14.949 [main] DEBUG org.sokybot.pk2.Pk2CryptoUtils - File roc_heavy_aa.ddj is not encrypted , flags not exists
07:15:14.949 [main] INFO org.soky.sro.pk2.io.Pk2IOTest - Consuming 4244 byte(s) from file roc_heavy_aa.ddj with size 4244 
07:15:14.950 [main] DEBUG org.sokybot.pk2.Pk2CryptoUtils - File roc_heavy_ba.ddj is not encrypted , flags not exists
07:15:14.950 [main] INFO org.soky.sro.pk2.io.Pk2IOTest - Consuming 4244 byte(s) from file roc_heavy_ba.ddj with size 4244 
07:15:14.950 [main] DEBUG org.sokybot.pk2.Pk2CryptoUtils - File roc_heavy_fa.ddj is not encrypted , flags not exists
07:15:14.950 [main] INFO org.soky.sro.pk2.io.Pk2IOTest - Consuming 4244 byte(s) from file roc_heavy_fa.ddj with size 4244 
07:15:14.950 [main] DEBUG org.sokybot.pk2.Pk2CryptoUtils - File roc_heavy_ha.ddj is not encrypted , flags not exists
07:15:14.950 [main] INFO org.soky.sro.pk2.io.Pk2IOTest - Consuming 4244 byte(s) from file roc_heavy_ha.ddj with size 4244 
07:15:14.950 [main] DEBUG org.sokybot.pk2.Pk2CryptoUtils - File roc_heavy_la.ddj is not encrypted , flags not exists
07:15:14.950 [main] INFO org.soky.sro.pk2.io.Pk2IOTest - Consuming 4244 byte(s) from file roc_heavy_la.ddj with size 4244 
07:15:14.951 [main] DEBUG org.sokybot.pk2.Pk2CryptoUtils - File roc_heavy_sa.ddj is not encrypted , flags not exists
07:15:14.951 [main] INFO org.soky.sro.pk2.io.Pk2IOTest - Consuming 4244 byte(s) from file roc_heavy_sa.ddj with size 4244 
07:15:14.951 [main] DEBUG org.sokybot.pk2.Pk2CryptoUtils - File roc_light_aa.ddj is not encrypted , flags not exists
07:15:14.951 [main] INFO org.soky.sro.pk2.io.Pk2IOTest - Consuming 4244 byte(s) from file roc_light_aa.ddj with size 4244 
07:15:14.951 [main] DEBUG org.sokybot.pk2.Pk2CryptoUtils - File roc_light_ba.ddj is not encrypted , flags not exists
07:15:14.951 [main] INFO org.soky.sro.pk2.io.Pk2IOTest - Consuming 4244 byte(s) from file roc_light_ba.ddj with size 4244 
07:15:14.951 [main] DEBUG org.sokybot.pk2.Pk2CryptoUtils - File roc_light_fa.ddj is not encrypted , flags not exists
07:15:14.951 [main] INFO org.soky.sro.pk2.io.Pk2IOTest - Consuming 4244 byte(s) from file roc_light_fa.ddj with size 4244 
07:15:14.951 [main] DEBUG org.sokybot.pk2.Pk2CryptoUtils - File roc_light_ha.ddj is not encrypted , flags not exists
07:15:14.952 [main] INFO org.soky.sro.pk2.io.Pk2IOTest - Consuming 4244 byte(s) from file roc_light_ha.ddj with size 4244 
07:15:14.952 [main] DEBUG org.sokybot.pk2.Pk2CryptoUtils - File roc_light_la.ddj is not encrypted , flags not exists
07:15:14.952 [main] INFO org.soky.sro.pk2.io.Pk2IOTest - Consuming 4244 byte(s) from file roc_light_la.ddj with size 4244 
07:15:14.952 [main] DEBUG org.sokybot.pk2.Pk2CryptoUtils - File roc_light_sa.ddj is not encrypted , flags not exists
07:15:14.952 [main] INFO org.soky.sro.pk2.io.Pk2IOTest - Consuming 4244 byte(s) from file roc_light_sa.ddj with size 4244 
07:15:14.952 [main] DEBUG org.sokybot.pk2.Pk2CryptoUtils - File shield_09.ddj is not encrypted , flags not exists
07:15:14.952 [main] INFO org.soky.sro.pk2.io.Pk2IOTest - Consuming 2196 byte(s) from file shield_09.ddj with size 2196 
07:15:14.952 [main] DEBUG org.sokybot.pk2.Pk2CryptoUtils - File earring_09.ddj is not encrypted , flags not exists
07:15:14.952 [main] INFO org.soky.sro.pk2.io.Pk2IOTest - Consuming 2196 byte(s) from file earring_09.ddj with size 2196 
07:15:14.953 [main] DEBUG org.sokybot.pk2.Pk2CryptoUtils - File necklace_09.ddj is not encrypted , flags not exists
07:15:14.953 [main] INFO org.soky.sro.pk2.io.Pk2IOTest - Consuming 2196 byte(s) from file necklace_09.ddj with size 2196 
07:15:14.953 [main] DEBUG org.sokybot.pk2.Pk2CryptoUtils - File ring_09.ddj is not encrypted , flags not exists
07:15:14.953 [main] INFO org.soky.sro.pk2.io.Pk2IOTest - Consuming 2196 byte(s) from file ring_09.ddj with size 2196 
07:15:14.953 [main] DEBUG org.sokybot.pk2.Pk2CryptoUtils - File cos_p_pharaoh_dog.ddj is not encrypted , flags not exists
07:15:14.953 [main] INFO org.soky.sro.pk2.io.Pk2IOTest - Consuming 16532 byte(s) from file cos_p_pharaoh_dog.ddj with size 16532 
07:15:14.954 [main] DEBUG org.sokybot.pk2.Pk2CryptoUtils - File item_cos_p_pharaoh_dog_scroll.ddj is not encrypted , flags not exists
07:15:14.954 [main] INFO org.soky.sro.pk2.io.Pk2IOTest - Consuming 16532 byte(s) from file item_cos_p_pharaoh_dog_scroll.ddj with size 16532 
07:15:14.954 [main] DEBUG org.sokybot.pk2.Pk2CryptoUtils - File cos_p_pharaoh_dog.ddj is not encrypted , flags not exists
07:15:14.954 [main] INFO org.soky.sro.pk2.io.Pk2IOTest - Consuming 16532 byte(s) from file cos_p_pharaoh_dog.ddj with size 16532 
07:15:14.954 [main] DEBUG org.sokybot.pk2.Pk2CryptoUtils - File item_cos_p_pharaoh_dog_scroll.ddj is not encrypted , flags not exists
07:15:14.955 [main] INFO org.soky.sro.pk2.io.Pk2IOTest - Consuming 16532 byte(s) from file item_cos_p_pharaoh_dog_scroll.ddj with size 16532 
07:15:14.955 [main] DEBUG org.sokybot.pk2.Pk2CryptoUtils - File cos_cmd_aggressive.ddj is not encrypted , flags not exists
07:15:14.955 [main] INFO org.soky.sro.pk2.io.Pk2IOTest - Consuming 2196 byte(s) from file cos_cmd_aggressive.ddj with size 2196 
07:15:14.955 [main] DEBUG org.sokybot.pk2.Pk2CryptoUtils - File cos_cmd_aggressive_disable.ddj is not encrypted , flags not exists
07:15:14.955 [main] INFO org.soky.sro.pk2.io.Pk2IOTest - Consuming 2196 byte(s) from file cos_cmd_aggressive_disable.ddj with size 2196 
07:15:14.955 [main] DEBUG org.sokybot.pk2.Pk2CryptoUtils - File cos_cmd_ai_attack.ddj is not encrypted , flags not exists
07:15:14.955 [main] INFO org.soky.sro.pk2.io.Pk2IOTest - Consuming 2196 byte(s) from file cos_cmd_ai_attack.ddj with size 2196 
07:15:14.955 [main] DEBUG org.sokybot.pk2.Pk2CryptoUtils - File cos_cmd_ai_auto.ddj is not encrypted , flags not exists
07:15:14.955 [main] INFO org.soky.sro.pk2.io.Pk2IOTest - Consuming 2196 byte(s) from file cos_cmd_ai_auto.ddj with size 2196 
07:15:14.956 [main] DEBUG org.sokybot.pk2.Pk2CryptoUtils - File cos_cmd_ai_destruction.ddj is not encrypted , flags not exists
07:15:14.956 [main] INFO org.soky.sro.pk2.io.Pk2IOTest - Consuming 2196 byte(s) from file cos_cmd_ai_destruction.ddj with size 2196 
07:15:14.956 [main] DEBUG org.sokybot.pk2.Pk2CryptoUtils - File cos_cmd_ai_destruction_disable.ddj is not encrypted , flags not exists
07:15:14.956 [main] INFO org.soky.sro.pk2.io.Pk2IOTest - Consuming 2196 byte(s) from file cos_cmd_ai_destruction_disable.ddj with size 2196 
07:15:14.956 [main] DEBUG org.sokybot.pk2.Pk2CryptoUtils - File cos_cmd_ai_hold.ddj is not encrypted , flags not exists
07:15:14.956 [main] INFO org.soky.sro.pk2.io.Pk2IOTest - Consuming 2196 byte(s) from file cos_cmd_ai_hold.ddj with size 2196 
07:15:14.956 [main] DEBUG org.sokybot.pk2.Pk2CryptoUtils - File cos_cmd_ai_page.ddj is not encrypted , flags not exists
07:15:14.956 [main] INFO org.soky.sro.pk2.io.Pk2IOTest - Consuming 2196 byte(s) from file cos_cmd_ai_page.ddj with size 2196 
07:15:14.957 [main] DEBUG org.sokybot.pk2.Pk2CryptoUtils - File cos_cmd_charm.ddj is not encrypted , flags not exists
07:15:14.957 [main] INFO org.soky.sro.pk2.io.Pk2IOTest - Consuming 2196 byte(s) from file cos_cmd_charm.ddj with size 2196 
07:15:14.957 [main] DEBUG org.sokybot.pk2.Pk2CryptoUtils - File cos_cmd_coswindow.ddj is not encrypted , flags not exists
07:15:14.957 [main] INFO org.soky.sro.pk2.io.Pk2IOTest - Consuming 2196 byte(s) from file cos_cmd_coswindow.ddj with size 2196 
07:15:14.957 [main] DEBUG org.sokybot.pk2.Pk2CryptoUtils - File cos_cmd_coswindow_disable.ddj is not encrypted , flags not exists
07:15:14.957 [main] INFO org.soky.sro.pk2.io.Pk2IOTest - Consuming 2196 byte(s) from file cos_cmd_coswindow_disable.ddj with size 2196 
07:15:14.957 [main] DEBUG org.sokybot.pk2.Pk2CryptoUtils - File cos_cmd_defensive.ddj is not encrypted , flags not exists
07:15:14.957 [main] INFO org.soky.sro.pk2.io.Pk2IOTest - Consuming 2196 byte(s) from file cos_cmd_defensive.ddj with size 2196 
07:15:14.958 [main] DEBUG org.sokybot.pk2.Pk2CryptoUtils - File cos_cmd_defensive_disable.ddj is not encrypted , flags not exists
07:15:14.958 [main] INFO org.soky.sro.pk2.io.Pk2IOTest - Consuming 2196 byte(s) from file cos_cmd_defensive_disable.ddj with size 2196 
07:15:14.958 [main] DEBUG org.sokybot.pk2.Pk2CryptoUtils - File cos_cmd_disembark.ddj is not encrypted , flags not exists
07:15:14.958 [main] INFO org.soky.sro.pk2.io.Pk2IOTest - Consuming 2196 byte(s) from file cos_cmd_disembark.ddj with size 2196 
07:15:14.958 [main] DEBUG org.sokybot.pk2.Pk2CryptoUtils - File cos_cmd_disembark_disable.ddj is not encrypted , flags not exists
07:15:14.958 [main] INFO org.soky.sro.pk2.io.Pk2IOTest - Consuming 2196 byte(s) from file cos_cmd_disembark_disable.ddj with size 2196 
07:15:14.958 [main] DEBUG org.sokybot.pk2.Pk2CryptoUtils - File cos_cmd_embark.ddj is not encrypted , flags not exists
07:15:14.958 [main] INFO org.soky.sro.pk2.io.Pk2IOTest - Consuming 2196 byte(s) from file cos_cmd_embark.ddj with size 2196 
07:15:14.958 [main] DEBUG org.sokybot.pk2.Pk2CryptoUtils - File cos_cmd_embark_disable.ddj is not encrypted , flags not exists
07:15:14.958 [main] INFO org.soky.sro.pk2.io.Pk2IOTest - Consuming 2196 byte(s) from file cos_cmd_embark_disable.ddj with size 2196 
07:15:14.959 [main] DEBUG org.sokybot.pk2.Pk2CryptoUtils - File cos_cmd_follower.ddj is not encrypted , flags not exists
07:15:14.959 [main] INFO org.soky.sro.pk2.io.Pk2IOTest - Consuming 2196 byte(s) from file cos_cmd_follower.ddj with size 2196 
07:15:14.959 [main] DEBUG org.sokybot.pk2.Pk2CryptoUtils - File cos_cmd_follower_disable.ddj is not encrypted , flags not exists
07:15:14.959 [main] INFO org.soky.sro.pk2.io.Pk2IOTest - Consuming 2196 byte(s) from file cos_cmd_follower_disable.ddj with size 2196 
07:15:14.959 [main] DEBUG org.sokybot.pk2.Pk2CryptoUtils - File cos_cmd_inventory.ddj is not encrypted , flags not exists
07:15:14.959 [main] INFO org.soky.sro.pk2.io.Pk2IOTest - Consuming 2196 byte(s) from file cos_cmd_inventory.ddj with size 2196 
07:15:14.959 [main] DEBUG org.sokybot.pk2.Pk2CryptoUtils - File cos_cmd_inventory_close.ddj is not encrypted , flags not exists
07:15:14.959 [main] INFO org.soky.sro.pk2.io.Pk2IOTest - Consuming 2196 byte(s) from file cos_cmd_inventory_close.ddj with size 2196 
07:15:14.959 [main] DEBUG org.sokybot.pk2.Pk2CryptoUtils - File cos_cmd_inventory_disable.ddj is not encrypted , flags not exists
07:15:14.959 [main] INFO org.soky.sro.pk2.io.Pk2IOTest - Consuming 2196 byte(s) from file cos_cmd_inventory_disable.ddj with size 2196 
07:15:14.960 [main] DEBUG org.sokybot.pk2.Pk2CryptoUtils - File cos_cmd_inventory_open.ddj is not encrypted , flags not exists
07:15:14.960 [main] INFO org.soky.sro.pk2.io.Pk2IOTest - Consuming 2196 byte(s) from file cos_cmd_inventory_open.ddj with size 2196 
07:15:14.960 [main] DEBUG org.sokybot.pk2.Pk2CryptoUtils - File cos_cmd_prev.ddj is not encrypted , flags not exists
07:15:14.960 [main] INFO org.soky.sro.pk2.io.Pk2IOTest - Consuming 2196 byte(s) from file cos_cmd_prev.ddj with size 2196 
07:15:14.960 [main] DEBUG org.sokybot.pk2.Pk2CryptoUtils - File cos_cmd_skill_page.ddj is not encrypted , flags not exists
07:15:14.960 [main] INFO org.soky.sro.pk2.io.Pk2IOTest - Consuming 2196 byte(s) from file cos_cmd_skill_page.ddj with size 2196 
07:15:14.960 [main] DEBUG org.sokybot.pk2.Pk2CryptoUtils - File cos_cmd_skill_page_disable.ddj is not encrypted , flags not exists
07:15:14.960 [main] INFO org.soky.sro.pk2.io.Pk2IOTest - Consuming 2196 byte(s) from file cos_cmd_skill_page_disable.ddj with size 2196 
07:15:14.961 [main] DEBUG org.sokybot.pk2.Pk2CryptoUtils - File cos_cmd_summon.ddj is not encrypted , flags not exists
07:15:14.961 [main] INFO org.soky.sro.pk2.io.Pk2IOTest - Consuming 2196 byte(s) from file cos_cmd_summon.ddj with size 2196 
07:15:14.961 [main] DEBUG org.sokybot.pk2.Pk2CryptoUtils - File cos_cmd_unsummon.ddj is not encrypted , flags not exists
07:15:14.961 [main] INFO org.soky.sro.pk2.io.Pk2IOTest - Consuming 2196 byte(s) from file cos_cmd_unsummon.ddj with size 2196 
07:15:14.961 [main] DEBUG org.sokybot.pk2.Pk2CryptoUtils - File cos_cmd_unsummon_disable.ddj is not encrypted , flags not exists
07:15:14.961 [main] INFO org.soky.sro.pk2.io.Pk2IOTest - Consuming 2196 byte(s) from file cos_cmd_unsummon_disable.ddj with size 2196 
07:15:14.961 [main] DEBUG org.sokybot.pk2.Pk2CryptoUtils - File cos_p_myowon.ddj is not encrypted , flags not exists
07:15:14.961 [main] INFO org.soky.sro.pk2.io.Pk2IOTest - Consuming 2196 byte(s) from file cos_p_myowon.ddj with size 2196 
07:15:14.961 [main] DEBUG org.sokybot.pk2.Pk2CryptoUtils - File emot_act_angry.ddj is not encrypted , flags not exists
07:15:14.961 [main] INFO org.soky.sro.pk2.io.Pk2IOTest - Consuming 4244 byte(s) from file emot_act_angry.ddj with size 4244 
07:15:14.962 [main] DEBUG org.sokybot.pk2.Pk2CryptoUtils - File emot_act_cheer.ddj is not encrypted , flags not exists
07:15:14.962 [main] INFO org.soky.sro.pk2.io.Pk2IOTest - Consuming 4244 byte(s) from file emot_act_cheer.ddj with size 4244 
07:15:14.962 [main] DEBUG org.sokybot.pk2.Pk2CryptoUtils - File emot_act_courtesy.ddj is not encrypted , flags not exists
07:15:14.962 [main] INFO org.soky.sro.pk2.io.Pk2IOTest - Consuming 4244 byte(s) from file emot_act_courtesy.ddj with size 4244 
07:15:14.962 [main] DEBUG org.sokybot.pk2.Pk2CryptoUtils - File emot_act_cry.ddj is not encrypted , flags not exists
07:15:14.962 [main] INFO org.soky.sro.pk2.io.Pk2IOTest - Consuming 4244 byte(s) from file emot_act_cry.ddj with size 4244 
07:15:14.962 [main] DEBUG org.sokybot.pk2.Pk2CryptoUtils - File emot_act_greeting.ddj is not encrypted , flags not exists
07:15:14.963 [main] INFO org.soky.sro.pk2.io.Pk2IOTest - Consuming 4244 byte(s) from file emot_act_greeting.ddj with size 4244 
07:15:14.963 [main] DEBUG org.sokybot.pk2.Pk2CryptoUtils - File emot_act_joy.ddj is not encrypted , flags not exists
07:15:14.963 [main] INFO org.soky.sro.pk2.io.Pk2IOTest - Consuming 4244 byte(s) from file emot_act_joy.ddj with size 4244 
07:15:14.963 [main] DEBUG org.sokybot.pk2.Pk2CryptoUtils - File emot_act_laugh.ddj is not encrypted , flags not exists
07:15:14.963 [main] INFO org.soky.sro.pk2.io.Pk2IOTest - Consuming 4244 byte(s) from file emot_act_laugh.ddj with size 4244 
07:15:14.963 [main] DEBUG org.sokybot.pk2.Pk2CryptoUtils - File emot_act_no.ddj is not encrypted , flags not exists
07:15:14.963 [main] INFO org.soky.sro.pk2.io.Pk2IOTest - Consuming 4244 byte(s) from file emot_act_no.ddj with size 4244 
07:15:14.963 [main] DEBUG org.sokybot.pk2.Pk2CryptoUtils - File emot_act_pokun.ddj is not encrypted , flags not exists
07:15:14.964 [main] INFO org.soky.sro.pk2.io.Pk2IOTest - Consuming 4244 byte(s) from file emot_act_pokun.ddj with size 4244 
07:15:14.964 [main] DEBUG org.sokybot.pk2.Pk2CryptoUtils - File emot_act_praise.ddj is not encrypted , flags not exists
07:15:14.964 [main] INFO org.soky.sro.pk2.io.Pk2IOTest - Consuming 4244 byte(s) from file emot_act_praise.ddj with size 4244 
07:15:14.964 [main] DEBUG org.sokybot.pk2.Pk2CryptoUtils - File emot_act_rush.ddj is not encrypted , flags not exists
07:15:14.964 [main] INFO org.soky.sro.pk2.io.Pk2IOTest - Consuming 4244 byte(s) from file emot_act_rush.ddj with size 4244 
07:15:14.964 [main] DEBUG org.sokybot.pk2.Pk2CryptoUtils - File emot_act_yes.ddj is not encrypted , flags not exists
07:15:14.964 [main] INFO org.soky.sro.pk2.io.Pk2IOTest - Consuming 4244 byte(s) from file emot_act_yes.ddj with size 4244 
07:15:14.964 [main] DEBUG org.sokybot.pk2.Pk2CryptoUtils - File icon_cha_alchemy.ddj is not encrypted , flags not exists
07:15:14.965 [main] INFO org.soky.sro.pk2.io.Pk2IOTest - Consuming 2196 byte(s) from file icon_cha_alchemy.ddj with size 2196 
07:15:14.965 [main] DEBUG org.sokybot.pk2.Pk2CryptoUtils - File icon_cha_autoget.ddj is not encrypted , flags not exists
07:15:14.965 [main] INFO org.soky.sro.pk2.io.Pk2IOTest - Consuming 2196 byte(s) from file icon_cha_autoget.ddj with size 2196 
07:15:14.965 [main] DEBUG org.sokybot.pk2.Pk2CryptoUtils - File icon_cha_autorun.ddj is not encrypted , flags not exists
07:15:14.965 [main] INFO org.soky.sro.pk2.io.Pk2IOTest - Consuming 2196 byte(s) from file icon_cha_autorun.ddj with size 2196 
07:15:14.965 [main] DEBUG org.sokybot.pk2.Pk2CryptoUtils - File icon_cha_autotarget.ddj is not encrypted , flags not exists
07:15:14.965 [main] INFO org.soky.sro.pk2.io.Pk2IOTest - Consuming 2196 byte(s) from file icon_cha_autotarget.ddj with size 2196 
07:15:14.965 [main] DEBUG org.sokybot.pk2.Pk2CryptoUtils - File icon_cha_auto_attack.ddj is not encrypted , flags not exists
07:15:14.965 [main] INFO org.soky.sro.pk2.io.Pk2IOTest - Consuming 2196 byte(s) from file icon_cha_auto_attack.ddj with size 2196 
07:15:14.966 [main] DEBUG org.sokybot.pk2.Pk2CryptoUtils - File icon_cha_camp.ddj is not encrypted , flags not exists
07:15:14.966 [main] INFO org.soky.sro.pk2.io.Pk2IOTest - Consuming 4244 byte(s) from file icon_cha_camp.ddj with size 4244 
07:15:14.966 [main] DEBUG org.sokybot.pk2.Pk2CryptoUtils - File icon_cha_exchange.ddj is not encrypted , flags not exists
07:15:14.966 [main] INFO org.soky.sro.pk2.io.Pk2IOTest - Consuming 2196 byte(s) from file icon_cha_exchange.ddj with size 2196 
07:15:14.966 [main] DEBUG org.sokybot.pk2.Pk2CryptoUtils - File icon_cha_follow.ddj is not encrypted , flags not exists
07:15:14.966 [main] INFO org.soky.sro.pk2.io.Pk2IOTest - Consuming 2196 byte(s) from file icon_cha_follow.ddj with size 2196 
07:15:14.966 [main] DEBUG org.sokybot.pk2.Pk2CryptoUtils - File icon_cha_fortreturn.ddj is not encrypted , flags not exists
07:15:14.966 [main] INFO org.soky.sro.pk2.io.Pk2IOTest - Consuming 4244 byte(s) from file icon_cha_fortreturn.ddj with size 4244 
07:15:14.967 [main] DEBUG org.sokybot.pk2.Pk2CryptoUtils - File icon_cha_frpvp_off.ddj is not encrypted , flags not exists
07:15:14.967 [main] INFO org.soky.sro.pk2.io.Pk2IOTest - Consuming 4244 byte(s) from file icon_cha_frpvp_off.ddj with size 4244 
07:15:14.967 [main] DEBUG org.sokybot.pk2.Pk2CryptoUtils - File icon_cha_frpvp_on.ddj is not encrypted , flags not exists
07:15:14.967 [main] INFO org.soky.sro.pk2.io.Pk2IOTest - Consuming 4244 byte(s) from file icon_cha_frpvp_on.ddj with size 4244 
07:15:14.967 [main] DEBUG org.sokybot.pk2.Pk2CryptoUtils - File icon_cha_helper.ddj is not encrypted , flags not exists
07:15:14.967 [main] INFO org.soky.sro.pk2.io.Pk2IOTest - Consuming 2196 byte(s) from file icon_cha_helper.ddj with size 2196 
07:15:14.967 [main] DEBUG org.sokybot.pk2.Pk2CryptoUtils - File icon_cha_make.ddj is not encrypted , flags not exists
07:15:14.968 [main] INFO org.soky.sro.pk2.io.Pk2IOTest - Consuming 2196 byte(s) from file icon_cha_make.ddj with size 2196 
07:15:14.968 [main] DEBUG org.sokybot.pk2.Pk2CryptoUtils - File icon_cha_party.ddj is not encrypted , flags not exists
07:15:14.968 [main] INFO org.soky.sro.pk2.io.Pk2IOTest - Consuming 2196 byte(s) from file icon_cha_party.ddj with size 2196 
07:15:14.968 [main] DEBUG org.sokybot.pk2.Pk2CryptoUtils - File icon_cha_party_matching.ddj is not encrypted , flags not exists
07:15:14.968 [main] INFO org.soky.sro.pk2.io.Pk2IOTest - Consuming 2196 byte(s) from file icon_cha_party_matching.ddj with size 2196 
07:15:14.968 [main] DEBUG org.sokybot.pk2.Pk2CryptoUtils - File icon_cha_recovery.ddj is not encrypted , flags not exists
07:15:14.968 [main] INFO org.soky.sro.pk2.io.Pk2IOTest - Consuming 2196 byte(s) from file icon_cha_recovery.ddj with size 2196 
07:15:14.968 [main] DEBUG org.sokybot.pk2.Pk2CryptoUtils - File icon_cha_run.ddj is not encrypted , flags not exists
07:15:14.969 [main] INFO org.soky.sro.pk2.io.Pk2IOTest - Consuming 2196 byte(s) from file icon_cha_run.ddj with size 2196 
07:15:14.969 [main] DEBUG org.sokybot.pk2.Pk2CryptoUtils - File icon_cha_shop.ddj is not encrypted , flags not exists
07:15:14.969 [main] INFO org.soky.sro.pk2.io.Pk2IOTest - Consuming 2196 byte(s) from file icon_cha_shop.ddj with size 2196 
07:15:14.969 [main] DEBUG org.sokybot.pk2.Pk2CryptoUtils - File icon_cha_shopnetwork.ddj is not encrypted , flags not exists
07:15:14.969 [main] INFO org.soky.sro.pk2.io.Pk2IOTest - Consuming 2196 byte(s) from file icon_cha_shopnetwork.ddj with size 2196 
07:15:14.969 [main] DEBUG org.sokybot.pk2.Pk2CryptoUtils - File icon_cha_sit.ddj is not encrypted , flags not exists
07:15:14.969 [main] INFO org.soky.sro.pk2.io.Pk2IOTest - Consuming 2196 byte(s) from file icon_cha_sit.ddj with size 2196 
07:15:14.969 [main] DEBUG org.sokybot.pk2.Pk2CryptoUtils - File icon_cha_stand.ddj is not encrypted , flags not exists
07:15:14.969 [main] INFO org.soky.sro.pk2.io.Pk2IOTest - Consuming 2196 byte(s) from file icon_cha_stand.ddj with size 2196 
07:15:14.970 [main] DEBUG org.sokybot.pk2.Pk2CryptoUtils - File icon_cha_walk.ddj is not encrypted , flags not exists
07:15:14.970 [main] INFO org.soky.sro.pk2.io.Pk2IOTest - Consuming 2196 byte(s) from file icon_cha_walk.ddj with size 2196 
07:15:14.970 [main] DEBUG org.sokybot.pk2.Pk2CryptoUtils - File ub_new_icon_making.ddj is not encrypted , flags not exists
07:15:14.970 [main] INFO org.soky.sro.pk2.io.Pk2IOTest - Consuming 1748 byte(s) from file ub_new_icon_making.ddj with size 1748 
07:15:14.970 [main] DEBUG org.sokybot.pk2.Pk2CryptoUtils - File cos_c_draco.ddj is not encrypted , flags not exists
07:15:14.970 [main] INFO org.soky.sro.pk2.io.Pk2IOTest - Consuming 4244 byte(s) from file cos_c_draco.ddj with size 4244 
07:15:14.970 [main] DEBUG org.sokybot.pk2.Pk2CryptoUtils - File cos_c_ostrich.ddj is not encrypted , flags not exists
07:15:14.970 [main] INFO org.soky.sro.pk2.io.Pk2IOTest - Consuming 4244 byte(s) from file cos_c_ostrich.ddj with size 4244 
07:15:14.971 [main] DEBUG org.sokybot.pk2.Pk2CryptoUtils - File cos_c_pegasus.ddj is not encrypted , flags not exists
07:15:14.971 [main] INFO org.soky.sro.pk2.io.Pk2IOTest - Consuming 4244 byte(s) from file cos_c_pegasus.ddj with size 4244 
07:15:14.971 [main] DEBUG org.sokybot.pk2.Pk2CryptoUtils - File cos_c_rudolph.ddj is not encrypted , flags not exists
07:15:14.971 [main] INFO org.soky.sro.pk2.io.Pk2IOTest - Consuming 4244 byte(s) from file cos_c_rudolph.ddj with size 4244 
07:15:14.971 [main] DEBUG org.sokybot.pk2.Pk2CryptoUtils - File cos_c_scarabaeus.ddj is not encrypted , flags not exists
07:15:14.971 [main] INFO org.soky.sro.pk2.io.Pk2IOTest - Consuming 4244 byte(s) from file cos_c_scarabaeus.ddj with size 4244 
07:15:14.972 [main] DEBUG org.sokybot.pk2.Pk2CryptoUtils - File cos_c_tiger.ddj is not encrypted , flags not exists
07:15:14.972 [main] INFO org.soky.sro.pk2.io.Pk2IOTest - Consuming 4244 byte(s) from file cos_c_tiger.ddj with size 4244 
07:15:14.972 [main] DEBUG org.sokybot.pk2.Pk2CryptoUtils - File cos_c_unicorn.ddj is not encrypted , flags not exists
07:15:14.972 [main] INFO org.soky.sro.pk2.io.Pk2IOTest - Consuming 4244 byte(s) from file cos_c_unicorn.ddj with size 4244 
07:15:14.972 [main] DEBUG org.sokybot.pk2.Pk2CryptoUtils - File cos_c_wildpig.ddj is not encrypted , flags not exists
07:15:14.972 [main] INFO org.soky.sro.pk2.io.Pk2IOTest - Consuming 4244 byte(s) from file cos_c_wildpig.ddj with size 4244 
07:15:14.972 [main] DEBUG org.sokybot.pk2.Pk2CryptoUtils - File cos_fortress_battering_ram.ddj is not encrypted , flags not exists
07:15:14.973 [main] INFO org.soky.sro.pk2.io.Pk2IOTest - Consuming 4244 byte(s) from file cos_fortress_battering_ram.ddj with size 4244 
07:15:14.973 [main] DEBUG org.sokybot.pk2.Pk2CryptoUtils - File cos_fortress_catapult.ddj is not encrypted , flags not exists
07:15:14.973 [main] INFO org.soky.sro.pk2.io.Pk2IOTest - Consuming 4244 byte(s) from file cos_fortress_catapult.ddj with size 4244 
07:15:14.973 [main] DEBUG org.sokybot.pk2.Pk2CryptoUtils - File cos_p_bear.ddj is not encrypted , flags not exists
07:15:14.973 [main] INFO org.soky.sro.pk2.io.Pk2IOTest - Consuming 4244 byte(s) from file cos_p_bear.ddj with size 4244 
07:15:14.973 [main] DEBUG org.sokybot.pk2.Pk2CryptoUtils - File cos_p_brownie.ddj is not encrypted , flags not exists
07:15:14.973 [main] INFO org.soky.sro.pk2.io.Pk2IOTest - Consuming 4244 byte(s) from file cos_p_brownie.ddj with size 4244 
07:15:14.974 [main] DEBUG org.sokybot.pk2.Pk2CryptoUtils - File cos_p_cat.ddj is not encrypted , flags not exists
07:15:14.974 [main] INFO org.soky.sro.pk2.io.Pk2IOTest - Consuming 4244 byte(s) from file cos_p_cat.ddj with size 4244 
07:15:14.974 [main] DEBUG org.sokybot.pk2.Pk2CryptoUtils - File cos_p_circusbear.ddj is not encrypted , flags not exists
07:15:14.974 [main] INFO org.soky.sro.pk2.io.Pk2IOTest - Consuming 4244 byte(s) from file cos_p_circusbear.ddj with size 4244 
07:15:14.974 [main] DEBUG org.sokybot.pk2.Pk2CryptoUtils - File cos_p_flute.ddj is not encrypted , flags not exists
07:15:14.974 [main] INFO org.soky.sro.pk2.io.Pk2IOTest - Consuming 2196 byte(s) from file cos_p_flute.ddj with size 2196 
07:15:14.974 [main] DEBUG org.sokybot.pk2.Pk2CryptoUtils - File cos_p_fox.ddj is not encrypted , flags not exists
07:15:14.975 [main] INFO org.soky.sro.pk2.io.Pk2IOTest - Consuming 4244 byte(s) from file cos_p_fox.ddj with size 4244 
07:15:14.975 [main] DEBUG org.sokybot.pk2.Pk2CryptoUtils - File cos_p_gglider.ddj is not encrypted , flags not exists
07:15:14.975 [main] INFO org.soky.sro.pk2.io.Pk2IOTest - Consuming 4244 byte(s) from file cos_p_gglider.ddj with size 4244 
07:15:14.975 [main] DEBUG org.sokybot.pk2.Pk2CryptoUtils - File cos_p_ghost.ddj is not encrypted , flags not exists
07:15:14.975 [main] INFO org.soky.sro.pk2.io.Pk2IOTest - Consuming 4244 byte(s) from file cos_p_ghost.ddj with size 4244 
07:15:14.975 [main] DEBUG org.sokybot.pk2.Pk2CryptoUtils - File cos_p_goldpig.ddj is not encrypted , flags not exists
07:15:14.975 [main] INFO org.soky.sro.pk2.io.Pk2IOTest - Consuming 4244 byte(s) from file cos_p_goldpig.ddj with size 4244 
07:15:14.976 [main] DEBUG org.sokybot.pk2.Pk2CryptoUtils - File cos_p_jinn.ddj is not encrypted , flags not exists
07:15:14.976 [main] INFO org.soky.sro.pk2.io.Pk2IOTest - Consuming 4244 byte(s) from file cos_p_jinn.ddj with size 4244 
07:15:14.976 [main] DEBUG org.sokybot.pk2.Pk2CryptoUtils - File cos_p_kangaroo.ddj is not encrypted , flags not exists
07:15:14.976 [main] INFO org.soky.sro.pk2.io.Pk2IOTest - Consuming 4244 byte(s) from file cos_p_kangaroo.ddj with size 4244 
07:15:14.976 [main] DEBUG org.sokybot.pk2.Pk2CryptoUtils - File cos_p_myowon.ddj is not encrypted , flags not exists
07:15:14.976 [main] INFO org.soky.sro.pk2.io.Pk2IOTest - Consuming 2196 byte(s) from file cos_p_myowon.ddj with size 2196 
07:15:14.976 [main] DEBUG org.sokybot.pk2.Pk2CryptoUtils - File cos_p_myowon_scroll.ddj is not encrypted , flags not exists
07:15:14.976 [main] INFO org.soky.sro.pk2.io.Pk2IOTest - Consuming 2196 byte(s) from file cos_p_myowon_scroll.ddj with size 2196 
07:15:14.976 [main] DEBUG org.sokybot.pk2.Pk2CryptoUtils - File cos_p_penguin.ddj is not encrypted , flags not exists
07:15:14.976 [main] INFO org.soky.sro.pk2.io.Pk2IOTest - Consuming 4244 byte(s) from file cos_p_penguin.ddj with size 4244 
07:15:14.977 [main] DEBUG org.sokybot.pk2.Pk2CryptoUtils - File cos_p_pinkpig.ddj is not encrypted , flags not exists
07:15:14.977 [main] INFO org.soky.sro.pk2.io.Pk2IOTest - Consuming 4244 byte(s) from file cos_p_pinkpig.ddj with size 4244 
07:15:14.977 [main] DEBUG org.sokybot.pk2.Pk2CryptoUtils - File cos_p_rabbit.ddj is not encrypted , flags not exists
07:15:14.977 [main] INFO org.soky.sro.pk2.io.Pk2IOTest - Consuming 4244 byte(s) from file cos_p_rabbit.ddj with size 4244 
07:15:14.977 [main] DEBUG org.sokybot.pk2.Pk2CryptoUtils - File cos_p_raccoondog.ddj is not encrypted , flags not exists
07:15:14.977 [main] INFO org.soky.sro.pk2.io.Pk2IOTest - Consuming 4244 byte(s) from file cos_p_raccoondog.ddj with size 4244 
07:15:14.977 [main] DEBUG org.sokybot.pk2.Pk2CryptoUtils - File cos_p_raven.ddj is not encrypted , flags not exists
07:15:14.977 [main] INFO org.soky.sro.pk2.io.Pk2IOTest - Consuming 4244 byte(s) from file cos_p_raven.ddj with size 4244 
07:15:14.978 [main] DEBUG org.sokybot.pk2.Pk2CryptoUtils - File cos_p_seowon.ddj is not encrypted , flags not exists
07:15:14.978 [main] INFO org.soky.sro.pk2.io.Pk2IOTest - Consuming 2196 byte(s) from file cos_p_seowon.ddj with size 2196 
07:15:14.978 [main] DEBUG org.sokybot.pk2.Pk2CryptoUtils - File cos_p_spot_rabbit.ddj is not encrypted , flags not exists
07:15:14.978 [main] INFO org.soky.sro.pk2.io.Pk2IOTest - Consuming 4244 byte(s) from file cos_p_spot_rabbit.ddj with size 4244 
07:15:14.978 [main] DEBUG org.sokybot.pk2.Pk2CryptoUtils - File cos_p_winter_snowman.ddj is not encrypted , flags not exists
07:15:14.978 [main] INFO org.soky.sro.pk2.io.Pk2IOTest - Consuming 4244 byte(s) from file cos_p_winter_snowman.ddj with size 4244 
07:15:14.978 [main] DEBUG org.sokybot.pk2.Pk2CryptoUtils - File cos_t_behemoth.ddj is not encrypted , flags not exists
07:15:14.978 [main] INFO org.soky.sro.pk2.io.Pk2IOTest - Consuming 660 byte(s) from file cos_t_behemoth.ddj with size 660 
07:15:14.979 [main] DEBUG org.sokybot.pk2.Pk2CryptoUtils - File cos_t_buffalo.ddj is not encrypted , flags not exists
07:15:14.979 [main] INFO org.soky.sro.pk2.io.Pk2IOTest - Consuming 4244 byte(s) from file cos_t_buffalo.ddj with size 4244 
07:15:14.979 [main] DEBUG org.sokybot.pk2.Pk2CryptoUtils - File cos_t_buffalol.ddj is not encrypted , flags not exists
07:15:14.979 [main] INFO org.soky.sro.pk2.io.Pk2IOTest - Consuming 4244 byte(s) from file cos_t_buffalol.ddj with size 4244 
07:15:14.979 [main] DEBUG org.sokybot.pk2.Pk2CryptoUtils - File cos_t_donkey.ddj is not encrypted , flags not exists
07:15:14.979 [main] INFO org.soky.sro.pk2.io.Pk2IOTest - Consuming 2196 byte(s) from file cos_t_donkey.ddj with size 2196 
07:15:14.979 [main] DEBUG org.sokybot.pk2.Pk2CryptoUtils - File cos_t_lizard.ddj is not encrypted , flags not exists
07:15:14.979 [main] INFO org.soky.sro.pk2.io.Pk2IOTest - Consuming 660 byte(s) from file cos_t_lizard.ddj with size 660 
07:15:14.979 [main] DEBUG org.sokybot.pk2.Pk2CryptoUtils - File cos_t_rhinoceros.ddj is not encrypted , flags not exists
07:15:14.980 [main] INFO org.soky.sro.pk2.io.Pk2IOTest - Consuming 4244 byte(s) from file cos_t_rhinoceros.ddj with size 4244 
07:15:14.980 [main] DEBUG org.sokybot.pk2.Pk2CryptoUtils - File cos_t_whiteelephant.ddj is not encrypted , flags not exists
07:15:14.980 [main] INFO org.soky.sro.pk2.io.Pk2IOTest - Consuming 4244 byte(s) from file cos_t_whiteelephant.ddj with size 4244 
07:15:14.980 [main] DEBUG org.sokybot.pk2.Pk2CryptoUtils - File guild_eu_soldier9_scroll.ddj is not encrypted , flags not exists
07:15:14.980 [main] INFO org.soky.sro.pk2.io.Pk2IOTest - Consuming 4244 byte(s) from file guild_eu_soldier9_scroll.ddj with size 4244 
07:15:14.980 [main] DEBUG org.sokybot.pk2.Pk2CryptoUtils - File item_cos_c_draco.ddj is not encrypted , flags not exists
07:15:14.980 [main] INFO org.soky.sro.pk2.io.Pk2IOTest - Consuming 4244 byte(s) from file item_cos_c_draco.ddj with size 4244 
07:15:14.980 [main] DEBUG org.sokybot.pk2.Pk2CryptoUtils - File item_cos_c_ostrich.ddj is not encrypted , flags not exists
07:15:14.980 [main] INFO org.soky.sro.pk2.io.Pk2IOTest - Consuming 4244 byte(s) from file item_cos_c_ostrich.ddj with size 4244 
07:15:14.981 [main] DEBUG org.sokybot.pk2.Pk2CryptoUtils - File item_cos_c_ostrich_scroll.ddj is not encrypted , flags not exists
07:15:14.981 [main] INFO org.soky.sro.pk2.io.Pk2IOTest - Consuming 4244 byte(s) from file item_cos_c_ostrich_scroll.ddj with size 4244 
07:15:14.981 [main] DEBUG org.sokybot.pk2.Pk2CryptoUtils - File item_cos_c_pegasus_scroll.ddj is not encrypted , flags not exists
07:15:14.981 [main] INFO org.soky.sro.pk2.io.Pk2IOTest - Consuming 4244 byte(s) from file item_cos_c_pegasus_scroll.ddj with size 4244 
07:15:14.981 [main] DEBUG org.sokybot.pk2.Pk2CryptoUtils - File item_cos_c_rudolph.ddj is not encrypted , flags not exists
07:15:14.981 [main] INFO org.soky.sro.pk2.io.Pk2IOTest - Consuming 4244 byte(s) from file item_cos_c_rudolph.ddj with size 4244 
07:15:14.981 [main] DEBUG org.sokybot.pk2.Pk2CryptoUtils - File item_cos_c_scarabaeus_scroll.ddj is not encrypted , flags not exists
07:15:14.981 [main] INFO org.soky.sro.pk2.io.Pk2IOTest - Consuming 4244 byte(s) from file item_cos_c_scarabaeus_scroll.ddj with size 4244 
07:15:14.982 [main] DEBUG org.sokybot.pk2.Pk2CryptoUtils - File item_cos_c_scroll.ddj is not encrypted , flags not exists
07:15:14.982 [main] INFO org.soky.sro.pk2.io.Pk2IOTest - Consuming 2196 byte(s) from file item_cos_c_scroll.ddj with size 2196 
07:15:14.982 [main] DEBUG org.sokybot.pk2.Pk2CryptoUtils - File item_cos_c_tiger_scroll.ddj is not encrypted , flags not exists
07:15:14.982 [main] INFO org.soky.sro.pk2.io.Pk2IOTest - Consuming 4244 byte(s) from file item_cos_c_tiger_scroll.ddj with size 4244 
07:15:14.982 [main] DEBUG org.sokybot.pk2.Pk2CryptoUtils - File item_cos_c_unicorn.ddj is not encrypted , flags not exists
07:15:14.982 [main] INFO org.soky.sro.pk2.io.Pk2IOTest - Consuming 4244 byte(s) from file item_cos_c_unicorn.ddj with size 4244 
07:15:14.982 [main] DEBUG org.sokybot.pk2.Pk2CryptoUtils - File item_cos_c_wildpig_scroll.ddj is not encrypted , flags not exists
07:15:14.982 [main] INFO org.soky.sro.pk2.io.Pk2IOTest - Consuming 4244 byte(s) from file item_cos_c_wildpig_scroll.ddj with size 4244 
07:15:14.982 [main] DEBUG org.sokybot.pk2.Pk2CryptoUtils - File item_cos_guard_ch_bow.ddj is not encrypted , flags not exists
07:15:14.983 [main] INFO org.soky.sro.pk2.io.Pk2IOTest - Consuming 4244 byte(s) from file item_cos_guard_ch_bow.ddj with size 4244 
07:15:14.983 [main] DEBUG org.sokybot.pk2.Pk2CryptoUtils - File item_cos_guard_ch_spear.ddj is not encrypted , flags not exists
07:15:14.983 [main] INFO org.soky.sro.pk2.io.Pk2IOTest - Consuming 4244 byte(s) from file item_cos_guard_ch_spear.ddj with size 4244 
07:15:14.983 [main] DEBUG org.sokybot.pk2.Pk2CryptoUtils - File item_cos_guard_eu_bow.ddj is not encrypted , flags not exists
07:15:14.983 [main] INFO org.soky.sro.pk2.io.Pk2IOTest - Consuming 4244 byte(s) from file item_cos_guard_eu_bow.ddj with size 4244 
07:15:14.983 [main] DEBUG org.sokybot.pk2.Pk2CryptoUtils - File item_cos_guard_eu_spear.ddj is not encrypted , flags not exists
07:15:14.983 [main] INFO org.soky.sro.pk2.io.Pk2IOTest - Consuming 4244 byte(s) from file item_cos_guard_eu_spear.ddj with size 4244 
07:15:14.983 [main] DEBUG org.sokybot.pk2.Pk2CryptoUtils - File item_cos_guard_is_cakram.ddj is not encrypted , flags not exists
07:15:14.984 [main] INFO org.soky.sro.pk2.io.Pk2IOTest - Consuming 4244 byte(s) from file item_cos_guard_is_cakram.ddj with size 4244 
07:15:14.984 [main] DEBUG org.sokybot.pk2.Pk2CryptoUtils - File item_cos_guard_is_dagger.ddj is not encrypted , flags not exists
07:15:14.984 [main] INFO org.soky.sro.pk2.io.Pk2IOTest - Consuming 4244 byte(s) from file item_cos_guard_is_dagger.ddj with size 4244 
07:15:14.984 [main] DEBUG org.sokybot.pk2.Pk2CryptoUtils - File item_cos_p_bear_scroll.ddj is not encrypted , flags not exists
07:15:14.984 [main] INFO org.soky.sro.pk2.io.Pk2IOTest - Consuming 4244 byte(s) from file item_cos_p_bear_scroll.ddj with size 4244 
07:15:14.984 [main] DEBUG org.sokybot.pk2.Pk2CryptoUtils - File item_cos_p_brownie_scroll.ddj is not encrypted , flags not exists
07:15:14.984 [main] INFO org.soky.sro.pk2.io.Pk2IOTest - Consuming 4244 byte(s) from file item_cos_p_brownie_scroll.ddj with size 4244 
07:15:14.984 [main] DEBUG org.sokybot.pk2.Pk2CryptoUtils - File item_cos_p_cat_scroll.ddj is not encrypted , flags not exists
07:15:14.984 [main] INFO org.soky.sro.pk2.io.Pk2IOTest - Consuming 4244 byte(s) from file item_cos_p_cat_scroll.ddj with size 4244 
07:15:14.985 [main] DEBUG org.sokybot.pk2.Pk2CryptoUtils - File item_cos_p_event_winter_snowman.ddj is not encrypted , flags not exists
07:15:14.985 [main] INFO org.soky.sro.pk2.io.Pk2IOTest - Consuming 4244 byte(s) from file item_cos_p_event_winter_snowman.ddj with size 4244 
07:15:14.985 [main] DEBUG org.sokybot.pk2.Pk2CryptoUtils - File item_cos_p_extension.ddj is not encrypted , flags not exists
07:15:14.985 [main] INFO org.soky.sro.pk2.io.Pk2IOTest - Consuming 2196 byte(s) from file item_cos_p_extension.ddj with size 2196 
07:15:14.985 [main] DEBUG org.sokybot.pk2.Pk2CryptoUtils - File item_cos_p_flute.ddj is not encrypted , flags not exists
07:15:14.985 [main] INFO org.soky.sro.pk2.io.Pk2IOTest - Consuming 2196 byte(s) from file item_cos_p_flute.ddj with size 2196 
07:15:14.985 [main] DEBUG org.sokybot.pk2.Pk2CryptoUtils - File item_cos_p_flute_white.ddj is not encrypted , flags not exists
07:15:14.985 [main] INFO org.soky.sro.pk2.io.Pk2IOTest - Consuming 2196 byte(s) from file item_cos_p_flute_white.ddj with size 2196 
07:15:14.985 [main] DEBUG org.sokybot.pk2.Pk2CryptoUtils - File item_cos_p_fox_scroll.ddj is not encrypted , flags not exists
07:15:14.985 [main] INFO org.soky.sro.pk2.io.Pk2IOTest - Consuming 4244 byte(s) from file item_cos_p_fox_scroll.ddj with size 4244 
07:15:14.986 [main] DEBUG org.sokybot.pk2.Pk2CryptoUtils - File item_cos_p_gglider_scroll.ddj is not encrypted , flags not exists
07:15:14.986 [main] INFO org.soky.sro.pk2.io.Pk2IOTest - Consuming 4244 byte(s) from file item_cos_p_gglider_scroll.ddj with size 4244 
07:15:14.986 [main] DEBUG org.sokybot.pk2.Pk2CryptoUtils - File item_cos_p_ghost_scroll.ddj is not encrypted , flags not exists
07:15:14.986 [main] INFO org.soky.sro.pk2.io.Pk2IOTest - Consuming 4244 byte(s) from file item_cos_p_ghost_scroll.ddj with size 4244 
07:15:14.986 [main] DEBUG org.sokybot.pk2.Pk2CryptoUtils - File item_cos_p_goldpig_scroll.ddj is not encrypted , flags not exists
07:15:14.986 [main] INFO org.soky.sro.pk2.io.Pk2IOTest - Consuming 4244 byte(s) from file item_cos_p_goldpig_scroll.ddj with size 4244 
07:15:14.986 [main] DEBUG org.sokybot.pk2.Pk2CryptoUtils - File item_cos_p_jinn_scroll.ddj is not encrypted , flags not exists
07:15:14.987 [main] INFO org.soky.sro.pk2.io.Pk2IOTest - Consuming 4244 byte(s) from file item_cos_p_jinn_scroll.ddj with size 4244 
07:15:14.987 [main] DEBUG org.sokybot.pk2.Pk2CryptoUtils - File item_cos_p_kangaroo_scroll.ddj is not encrypted , flags not exists
07:15:14.987 [main] INFO org.soky.sro.pk2.io.Pk2IOTest - Consuming 4244 byte(s) from file item_cos_p_kangaroo_scroll.ddj with size 4244 
07:15:14.987 [main] DEBUG org.sokybot.pk2.Pk2CryptoUtils - File item_cos_p_myowon_scroll.ddj is not encrypted , flags not exists
07:15:14.987 [main] INFO org.soky.sro.pk2.io.Pk2IOTest - Consuming 2196 byte(s) from file item_cos_p_myowon_scroll.ddj with size 2196 
07:15:14.987 [main] DEBUG org.sokybot.pk2.Pk2CryptoUtils - File item_cos_p_penguin_scroll.ddj is not encrypted , flags not exists
07:15:14.987 [main] INFO org.soky.sro.pk2.io.Pk2IOTest - Consuming 4244 byte(s) from file item_cos_p_penguin_scroll.ddj with size 4244 
07:15:14.987 [main] DEBUG org.sokybot.pk2.Pk2CryptoUtils - File item_cos_p_pinkpig_scroll.ddj is not encrypted , flags not exists
07:15:14.987 [main] INFO org.soky.sro.pk2.io.Pk2IOTest - Consuming 4244 byte(s) from file item_cos_p_pinkpig_scroll.ddj with size 4244 
07:15:14.988 [main] DEBUG org.sokybot.pk2.Pk2CryptoUtils - File item_cos_p_rabbit_scroll.ddj is not encrypted , flags not exists
07:15:14.988 [main] INFO org.soky.sro.pk2.io.Pk2IOTest - Consuming 4244 byte(s) from file item_cos_p_rabbit_scroll.ddj with size 4244 
07:15:14.988 [main] DEBUG org.sokybot.pk2.Pk2CryptoUtils - File item_cos_p_raccoondog_scroll.ddj is not encrypted , flags not exists
07:15:14.988 [main] INFO org.soky.sro.pk2.io.Pk2IOTest - Consuming 4244 byte(s) from file item_cos_p_raccoondog_scroll.ddj with size 4244 
07:15:14.988 [main] DEBUG org.sokybot.pk2.Pk2CryptoUtils - File item_cos_p_raven.ddj is not encrypted , flags not exists
07:15:14.988 [main] INFO org.soky.sro.pk2.io.Pk2IOTest - Consuming 4244 byte(s) from file item_cos_p_raven.ddj with size 4244 
07:15:14.988 [main] DEBUG org.sokybot.pk2.Pk2CryptoUtils - File item_cos_p_raven_scroll.ddj is not encrypted , flags not exists
07:15:14.988 [main] INFO org.soky.sro.pk2.io.Pk2IOTest - Consuming 4244 byte(s) from file item_cos_p_raven_scroll.ddj with size 4244 
07:15:14.988 [main] DEBUG org.sokybot.pk2.Pk2CryptoUtils - File item_cos_p_revival.ddj is not encrypted , flags not exists
07:15:14.989 [main] INFO org.soky.sro.pk2.io.Pk2IOTest - Consuming 2196 byte(s) from file item_cos_p_revival.ddj with size 2196 
07:15:14.989 [main] DEBUG org.sokybot.pk2.Pk2CryptoUtils - File item_cos_p_revival_silk.ddj is not encrypted , flags not exists
07:15:14.989 [main] INFO org.soky.sro.pk2.io.Pk2IOTest - Consuming 2196 byte(s) from file item_cos_p_revival_silk.ddj with size 2196 
07:15:14.989 [main] DEBUG org.sokybot.pk2.Pk2CryptoUtils - File item_cos_p_seowon_scroll.ddj is not encrypted , flags not exists
07:15:14.989 [main] INFO org.soky.sro.pk2.io.Pk2IOTest - Consuming 2196 byte(s) from file item_cos_p_seowon_scroll.ddj with size 2196 
07:15:14.989 [main] DEBUG org.sokybot.pk2.Pk2CryptoUtils - File item_cos_p_spot_rabbit_scroll.ddj is not encrypted , flags not exists
07:15:14.989 [main] INFO org.soky.sro.pk2.io.Pk2IOTest - Consuming 4244 byte(s) from file item_cos_p_spot_rabbit_scroll.ddj with size 4244 
07:15:14.989 [main] DEBUG org.sokybot.pk2.Pk2CryptoUtils - File item_cos_t_buffalo_scroll.ddj is not encrypted , flags not exists
07:15:14.989 [main] INFO org.soky.sro.pk2.io.Pk2IOTest - Consuming 4244 byte(s) from file item_cos_t_buffalo_scroll.ddj with size 4244 
07:15:14.990 [main] DEBUG org.sokybot.pk2.Pk2CryptoUtils - File item_cos_t_rhinoceros_scroll.ddj is not encrypted , flags not exists
07:15:14.990 [main] INFO org.soky.sro.pk2.io.Pk2IOTest - Consuming 4244 byte(s) from file item_cos_t_rhinoceros_scroll.ddj with size 4244 
07:15:14.990 [main] DEBUG org.sokybot.pk2.Pk2CryptoUtils - File item_cos_t_scroll.ddj is not encrypted , flags not exists
07:15:14.990 [main] INFO org.soky.sro.pk2.io.Pk2IOTest - Consuming 2196 byte(s) from file item_cos_t_scroll.ddj with size 2196 
07:15:14.990 [main] DEBUG org.sokybot.pk2.Pk2CryptoUtils - File item_cos_t_whiteelephant.ddj is not encrypted , flags not exists
07:15:14.990 [main] INFO org.soky.sro.pk2.io.Pk2IOTest - Consuming 4244 byte(s) from file item_cos_t_whiteelephant.ddj with size 4244 
07:15:14.990 [main] DEBUG org.sokybot.pk2.Pk2CryptoUtils - File item_cos_t_whiteelephant_scroll.ddj is not encrypted , flags not exists
07:15:14.990 [main] INFO org.soky.sro.pk2.io.Pk2IOTest - Consuming 4244 byte(s) from file item_cos_t_whiteelephant_scroll.ddj with size 4244 
07:15:14.990 [main] DEBUG org.sokybot.pk2.Pk2CryptoUtils - File cos_RANGO_authority_crown.ddj is not encrypted , flags not exists
07:15:14.991 [main] INFO org.soky.sro.pk2.io.Pk2IOTest - Consuming 660 byte(s) from file cos_RANGO_authority_crown.ddj with size 660 
07:15:14.991 [main] DEBUG org.sokybot.pk2.Pk2CryptoUtils - File cos_RANGO_circusbear.ddj is not encrypted , flags not exists
07:15:14.991 [main] INFO org.soky.sro.pk2.io.Pk2IOTest - Consuming 4244 byte(s) from file cos_RANGO_circusbear.ddj with size 4244 
07:15:14.991 [main] DEBUG org.sokybot.pk2.Pk2CryptoUtils - File cos_RANGO_darkdog.ddj is not encrypted , flags not exists
07:15:14.991 [main] INFO org.soky.sro.pk2.io.Pk2IOTest - Consuming 660 byte(s) from file cos_RANGO_darkdog.ddj with size 660 
07:15:14.991 [main] DEBUG org.sokybot.pk2.Pk2CryptoUtils - File cos_RANGO_devildog.ddj is not encrypted , flags not exists
07:15:14.991 [main] INFO org.soky.sro.pk2.io.Pk2IOTest - Consuming 660 byte(s) from file cos_RANGO_devildog.ddj with size 660 
07:15:14.991 [main] DEBUG org.sokybot.pk2.Pk2CryptoUtils - File cos_RANGO_frilled_lizard.ddj is not encrypted , flags not exists
07:15:14.992 [main] INFO org.soky.sro.pk2.io.Pk2IOTest - Consuming 1540 byte(s) from file cos_RANGO_frilled_lizard.ddj with size 1540 
07:15:14.992 [main] DEBUG org.sokybot.pk2.Pk2CryptoUtils - File cos_RANGO_life_seed.ddj is not encrypted , flags not exists
07:15:14.992 [main] INFO org.soky.sro.pk2.io.Pk2IOTest - Consuming 660 byte(s) from file cos_RANGO_life_seed.ddj with size 660 
07:15:14.992 [main] DEBUG org.sokybot.pk2.Pk2CryptoUtils - File cos_RANGO_movoi.ddj is not encrypted , flags not exists
07:15:14.992 [main] INFO org.soky.sro.pk2.io.Pk2IOTest - Consuming 660 byte(s) from file cos_RANGO_movoi.ddj with size 660 
07:15:14.992 [main] DEBUG org.sokybot.pk2.Pk2CryptoUtils - File cos_RANGO_prohibition.ddj is not encrypted , flags not exists
07:15:14.992 [main] INFO org.soky.sro.pk2.io.Pk2IOTest - Consuming 660 byte(s) from file cos_RANGO_prohibition.ddj with size 660 
07:15:14.992 [main] DEBUG org.sokybot.pk2.Pk2CryptoUtils - File item_cos_p_spider_scroll.ddj is not encrypted , flags not exists
07:15:14.992 [main] INFO org.soky.sro.pk2.io.Pk2IOTest - Consuming 4244 byte(s) from file item_cos_p_spider_scroll.ddj with size 4244 
07:15:14.992 [main] DEBUG org.sokybot.pk2.Pk2CryptoUtils - File item_cos_RANGO_authority_crown.ddj is not encrypted , flags not exists
07:15:14.992 [main] INFO org.soky.sro.pk2.io.Pk2IOTest - Consuming 660 byte(s) from file item_cos_RANGO_authority_crown.ddj with size 660 
07:15:14.993 [main] DEBUG org.sokybot.pk2.Pk2CryptoUtils - File item_cos_RANGO_circusbear.ddj is not encrypted , flags not exists
07:15:14.993 [main] INFO org.soky.sro.pk2.io.Pk2IOTest - Consuming 4244 byte(s) from file item_cos_RANGO_circusbear.ddj with size 4244 
07:15:14.993 [main] DEBUG org.sokybot.pk2.Pk2CryptoUtils - File item_cos_RANGO_darkdog_scroll.ddj is not encrypted , flags not exists
07:15:14.993 [main] INFO org.soky.sro.pk2.io.Pk2IOTest - Consuming 660 byte(s) from file item_cos_RANGO_darkdog_scroll.ddj with size 660 
07:15:14.993 [main] DEBUG org.sokybot.pk2.Pk2CryptoUtils - File item_cos_RANGO_devildog_scroll.ddj is not encrypted , flags not exists
07:15:14.993 [main] INFO org.soky.sro.pk2.io.Pk2IOTest - Consuming 660 byte(s) from file item_cos_RANGO_devildog_scroll.ddj with size 660 
07:15:14.993 [main] DEBUG org.sokybot.pk2.Pk2CryptoUtils - File item_cos_RANGO_frilled_lizard_scroll.ddj is not encrypted , flags not exists
07:15:14.994 [main] INFO org.soky.sro.pk2.io.Pk2IOTest - Consuming 1540 byte(s) from file item_cos_RANGO_frilled_lizard_scroll.ddj with size 1540 
07:15:14.994 [main] DEBUG org.sokybot.pk2.Pk2CryptoUtils - File item_cos_RANGO_life_seed.ddj is not encrypted , flags not exists
07:15:14.994 [main] INFO org.soky.sro.pk2.io.Pk2IOTest - Consuming 660 byte(s) from file item_cos_RANGO_life_seed.ddj with size 660 
07:15:14.994 [main] DEBUG org.sokybot.pk2.Pk2CryptoUtils - File item_cos_RANGO_movoi.ddj is not encrypted , flags not exists
07:15:14.994 [main] INFO org.soky.sro.pk2.io.Pk2IOTest - Consuming 660 byte(s) from file item_cos_RANGO_movoi.ddj with size 660 
07:15:14.994 [main] DEBUG org.sokybot.pk2.Pk2CryptoUtils - File item_cos_RANGO_prohibition.ddj is not encrypted , flags not exists
07:15:14.994 [main] INFO org.soky.sro.pk2.io.Pk2IOTest - Consuming 660 byte(s) from file item_cos_RANGO_prohibition.ddj with size 660 
07:15:14.994 [main] DEBUG org.sokybot.pk2.Pk2CryptoUtils - File cos_p_gorilla.ddj is not encrypted , flags not exists
07:15:14.994 [main] INFO org.soky.sro.pk2.io.Pk2IOTest - Consuming 1540 byte(s) from file cos_p_gorilla.ddj with size 1540 
07:15:14.994 [main] DEBUG org.sokybot.pk2.Pk2CryptoUtils - File cos_p_spider.ddj is not encrypted , flags not exists
07:15:14.994 [main] INFO org.soky.sro.pk2.io.Pk2IOTest - Consuming 4244 byte(s) from file cos_p_spider.ddj with size 4244 
07:15:14.995 [main] DEBUG org.sokybot.pk2.Pk2CryptoUtils - File item_cos_p_gorilla_scroll.ddj is not encrypted , flags not exists
07:15:14.995 [main] INFO org.soky.sro.pk2.io.Pk2IOTest - Consuming 1540 byte(s) from file item_cos_p_gorilla_scroll.ddj with size 1540 
07:15:14.995 [main] DEBUG org.sokybot.pk2.Pk2CryptoUtils - File cos_p_pharaoh_dog.ddj is not encrypted , flags not exists
07:15:14.995 [main] INFO org.soky.sro.pk2.io.Pk2IOTest - Consuming 16532 byte(s) from file cos_p_pharaoh_dog.ddj with size 16532 
07:15:14.995 [main] DEBUG org.sokybot.pk2.Pk2CryptoUtils - File item_cos_p_pharaoh_dog_scroll.ddj is not encrypted , flags not exists
07:15:14.995 [main] INFO org.soky.sro.pk2.io.Pk2IOTest - Consuming 16532 byte(s) from file item_cos_p_pharaoh_dog_scroll.ddj with size 16532 
07:15:14.996 [main] DEBUG org.sokybot.pk2.Pk2CryptoUtils - File cos_t_dinosaurdoc.ddj is not encrypted , flags not exists
07:15:14.996 [main] INFO org.soky.sro.pk2.io.Pk2IOTest - Consuming 1172 byte(s) from file cos_t_dinosaurdoc.ddj with size 1172 
07:15:14.996 [main] DEBUG org.sokybot.pk2.Pk2CryptoUtils - File mermaid.ddj is not encrypted , flags not exists
07:15:14.996 [main] INFO org.soky.sro.pk2.io.Pk2IOTest - Consuming 1172 byte(s) from file mermaid.ddj with size 1172 
07:15:14.996 [main] DEBUG org.sokybot.pk2.Pk2CryptoUtils - File wanted.ddj is not encrypted , flags not exists
07:15:14.996 [main] INFO org.soky.sro.pk2.io.Pk2IOTest - Consuming 1172 byte(s) from file wanted.ddj with size 1172 
07:15:14.996 [main] DEBUG org.sokybot.pk2.Pk2CryptoUtils - File skippy.ddj is not encrypted , flags not exists
07:15:14.996 [main] INFO org.soky.sro.pk2.io.Pk2IOTest - Consuming 1172 byte(s) from file skippy.ddj with size 1172 
07:15:14.996 [main] DEBUG org.sokybot.pk2.Pk2CryptoUtils - File item_cos_t_warelephant_scroll.ddj is not encrypted , flags not exists
07:15:14.996 [main] INFO org.soky.sro.pk2.io.Pk2IOTest - Consuming 1172 byte(s) from file item_cos_t_warelephant_scroll.ddj with size 1172 
07:15:14.996 [main] DEBUG org.sokybot.pk2.Pk2CryptoUtils - File cos_p_guard.ddj is not encrypted , flags not exists
07:15:14.997 [main] INFO org.soky.sro.pk2.io.Pk2IOTest - Consuming 1444 byte(s) from file cos_p_guard.ddj with size 1444 
07:15:14.997 [main] DEBUG org.sokybot.pk2.Pk2CryptoUtils - File cos_p_princess.ddj is not encrypted , flags not exists
07:15:14.997 [main] INFO org.soky.sro.pk2.io.Pk2IOTest - Consuming 1092 byte(s) from file cos_p_princess.ddj with size 1092 
07:15:14.997 [main] DEBUG org.sokybot.pk2.Pk2CryptoUtils - File cos_p_whiteknight.ddj is not encrypted , flags not exists
07:15:14.997 [main] INFO org.soky.sro.pk2.io.Pk2IOTest - Consuming 1092 byte(s) from file cos_p_whiteknight.ddj with size 1092 
07:15:14.997 [main] DEBUG org.sokybot.pk2.Pk2CryptoUtils - File aggressive_flag.ddj is not encrypted , flags not exists
07:15:14.997 [main] INFO org.soky.sro.pk2.io.Pk2IOTest - Consuming 4244 byte(s) from file aggressive_flag.ddj with size 4244 
07:15:14.997 [main] DEBUG org.sokybot.pk2.Pk2CryptoUtils - File blunting_flag.ddj is not encrypted , flags not exists
07:15:14.997 [main] INFO org.soky.sro.pk2.io.Pk2IOTest - Consuming 4244 byte(s) from file blunting_flag.ddj with size 4244 
07:15:14.998 [main] DEBUG org.sokybot.pk2.Pk2CryptoUtils - File chanelring_event_effect.ddj is not encrypted , flags not exists
07:15:14.998 [main] INFO org.soky.sro.pk2.io.Pk2IOTest - Consuming 16532 byte(s) from file chanelring_event_effect.ddj with size 16532 
07:15:14.998 [main] DEBUG org.sokybot.pk2.Pk2CryptoUtils - File chanel_event_a.ddj is not encrypted , flags not exists
07:15:14.998 [main] INFO org.soky.sro.pk2.io.Pk2IOTest - Consuming 1684 byte(s) from file chanel_event_a.ddj with size 1684 
07:15:14.998 [main] DEBUG org.sokybot.pk2.Pk2CryptoUtils - File chanel_event_e.ddj is not encrypted , flags not exists
07:15:14.998 [main] INFO org.soky.sro.pk2.io.Pk2IOTest - Consuming 1684 byte(s) from file chanel_event_e.ddj with size 1684 
07:15:14.998 [main] DEBUG org.sokybot.pk2.Pk2CryptoUtils - File chanel_event_f.ddj is not encrypted , flags not exists
07:15:14.998 [main] INFO org.soky.sro.pk2.io.Pk2IOTest - Consuming 1684 byte(s) from file chanel_event_f.ddj with size 1684 
07:15:14.999 [main] DEBUG org.sokybot.pk2.Pk2CryptoUtils - File chanel_event_i.ddj is not encrypted , flags not exists
07:15:14.999 [main] INFO org.soky.sro.pk2.io.Pk2IOTest - Consuming 1684 byte(s) from file chanel_event_i.ddj with size 1684 
07:15:14.999 [main] DEBUG org.sokybot.pk2.Pk2CryptoUtils - File chanel_event_l.ddj is not encrypted , flags not exists
07:15:14.999 [main] INFO org.soky.sro.pk2.io.Pk2IOTest - Consuming 1684 byte(s) from file chanel_event_l.ddj with size 1684 
07:15:14.999 [main] DEBUG org.sokybot.pk2.Pk2CryptoUtils - File chanel_event_s.ddj is not encrypted , flags not exists
07:15:14.999 [main] INFO org.soky.sro.pk2.io.Pk2IOTest - Consuming 1684 byte(s) from file chanel_event_s.ddj with size 1684 
07:15:14.999 [main] DEBUG org.sokybot.pk2.Pk2CryptoUtils - File chanel_event_t.ddj is not encrypted , flags not exists
07:15:14.999 [main] INFO org.soky.sro.pk2.io.Pk2IOTest - Consuming 1684 byte(s) from file chanel_event_t.ddj with size 1684 
07:15:14.999 [main] DEBUG org.sokybot.pk2.Pk2CryptoUtils - File chanel_event_v.ddj is not encrypted , flags not exists
07:15:14.999 [main] INFO org.soky.sro.pk2.io.Pk2IOTest - Consuming 1684 byte(s) from file chanel_event_v.ddj with size 1684 
07:15:14.999 [main] DEBUG org.sokybot.pk2.Pk2CryptoUtils - File defensive_flag.ddj is not encrypted , flags not exists
07:15:15.000 [main] INFO org.soky.sro.pk2.io.Pk2IOTest - Consuming 4244 byte(s) from file defensive_flag.ddj with size 4244 
07:15:15.000 [main] DEBUG org.sokybot.pk2.Pk2CryptoUtils - File event_probability_up.ddj is not encrypted , flags not exists
07:15:15.000 [main] INFO org.soky.sro.pk2.io.Pk2IOTest - Consuming 4244 byte(s) from file event_probability_up.ddj with size 4244 
07:15:15.000 [main] DEBUG org.sokybot.pk2.Pk2CryptoUtils - File facebook_0.ddj is not encrypted , flags not exists
07:15:15.000 [main] INFO org.soky.sro.pk2.io.Pk2IOTest - Consuming 4244 byte(s) from file facebook_0.ddj with size 4244 
07:15:15.000 [main] DEBUG org.sokybot.pk2.Pk2CryptoUtils - File fortress_axe.ddj is not encrypted , flags not exists
07:15:15.000 [main] INFO org.soky.sro.pk2.io.Pk2IOTest - Consuming 4244 byte(s) from file fortress_axe.ddj with size 4244 
07:15:15.000 [main] DEBUG org.sokybot.pk2.Pk2CryptoUtils - File fortress_hammer.ddj is not encrypted , flags not exists
07:15:15.000 [main] INFO org.soky.sro.pk2.io.Pk2IOTest - Consuming 4244 byte(s) from file fortress_hammer.ddj with size 4244 
07:15:15.001 [main] DEBUG org.sokybot.pk2.Pk2CryptoUtils - File fort_bijeokdan.ddj is not encrypted , flags not exists
07:15:15.001 [main] INFO org.soky.sro.pk2.io.Pk2IOTest - Consuming 1172 byte(s) from file fort_bijeokdan.ddj with size 1172 
07:15:15.001 [main] DEBUG org.sokybot.pk2.Pk2CryptoUtils - File fort_constantinople.ddj is not encrypted , flags not exists
07:15:15.001 [main] INFO org.soky.sro.pk2.io.Pk2IOTest - Consuming 1172 byte(s) from file fort_constantinople.ddj with size 1172 
07:15:15.001 [main] DEBUG org.sokybot.pk2.Pk2CryptoUtils - File fort_donwhang.ddj is not encrypted , flags not exists
07:15:15.001 [main] INFO org.soky.sro.pk2.io.Pk2IOTest - Consuming 1172 byte(s) from file fort_donwhang.ddj with size 1172 
07:15:15.001 [main] DEBUG org.sokybot.pk2.Pk2CryptoUtils - File fort_evilorder.ddj is not encrypted , flags not exists
07:15:15.001 [main] INFO org.soky.sro.pk2.io.Pk2IOTest - Consuming 1172 byte(s) from file fort_evilorder.ddj with size 1172 
07:15:15.001 [main] DEBUG org.sokybot.pk2.Pk2CryptoUtils - File fort_heukmakdan.ddj is not encrypted , flags not exists
07:15:15.001 [main] INFO org.soky.sro.pk2.io.Pk2IOTest - Consuming 1172 byte(s) from file fort_heukmakdan.ddj with size 1172 
07:15:15.002 [main] DEBUG org.sokybot.pk2.Pk2CryptoUtils - File fort_hotan.ddj is not encrypted , flags not exists
07:15:15.002 [main] INFO org.soky.sro.pk2.io.Pk2IOTest - Consuming 1172 byte(s) from file fort_hotan.ddj with size 1172 
07:15:15.002 [main] DEBUG org.sokybot.pk2.Pk2CryptoUtils - File fort_jangan.ddj is not encrypted , flags not exists
07:15:15.002 [main] INFO org.soky.sro.pk2.io.Pk2IOTest - Consuming 1172 byte(s) from file fort_jangan.ddj with size 1172 
07:15:15.002 [main] DEBUG org.sokybot.pk2.Pk2CryptoUtils - File fort_progress.ddj is not encrypted , flags not exists
07:15:15.002 [main] INFO org.soky.sro.pk2.io.Pk2IOTest - Consuming 1748 byte(s) from file fort_progress.ddj with size 1748 
07:15:15.002 [main] DEBUG org.sokybot.pk2.Pk2CryptoUtils - File fort_samarkand.ddj is not encrypted , flags not exists
07:15:15.002 [main] INFO org.soky.sro.pk2.io.Pk2IOTest - Consuming 1172 byte(s) from file fort_samarkand.ddj with size 1172 
07:15:15.002 [main] DEBUG org.sokybot.pk2.Pk2CryptoUtils - File fort_worldmap.ddj is not encrypted , flags not exists
07:15:15.002 [main] INFO org.soky.sro.pk2.io.Pk2IOTest - Consuming 4372 byte(s) from file fort_worldmap.ddj with size 4372 
07:15:15.003 [main] DEBUG org.sokybot.pk2.Pk2CryptoUtils - File green_battery_buff.ddj is not encrypted , flags not exists
07:15:15.003 [main] INFO org.soky.sro.pk2.io.Pk2IOTest - Consuming 4244 byte(s) from file green_battery_buff.ddj with size 4244 
07:15:15.003 [main] DEBUG org.sokybot.pk2.Pk2CryptoUtils - File healing_flag.ddj is not encrypted , flags not exists
07:15:15.003 [main] INFO org.soky.sro.pk2.io.Pk2IOTest - Consuming 4244 byte(s) from file healing_flag.ddj with size 4244 
07:15:15.003 [main] DEBUG org.sokybot.pk2.Pk2CryptoUtils - File icon_purchase_progress.ddj is not encrypted , flags not exists
07:15:15.003 [main] INFO org.soky.sro.pk2.io.Pk2IOTest - Consuming 4244 byte(s) from file icon_purchase_progress.ddj with size 4244 
07:15:15.003 [main] DEBUG org.sokybot.pk2.Pk2CryptoUtils - File icon_rudiment.ddj is not encrypted , flags not exists
07:15:15.003 [main] INFO org.soky.sro.pk2.io.Pk2IOTest - Consuming 1172 byte(s) from file icon_rudiment.ddj with size 1172 
07:15:15.003 [main] DEBUG org.sokybot.pk2.Pk2CryptoUtils - File icon_safetrade_progress.ddj is not encrypted , flags not exists
07:15:15.004 [main] INFO org.soky.sro.pk2.io.Pk2IOTest - Consuming 5608 byte(s) from file icon_safetrade_progress.ddj with size 5608 
07:15:15.004 [main] DEBUG org.sokybot.pk2.Pk2CryptoUtils - File icon_trade_timer.ddj is not encrypted , flags not exists
07:15:15.004 [main] INFO org.soky.sro.pk2.io.Pk2IOTest - Consuming 1748 byte(s) from file icon_trade_timer.ddj with size 1748 
07:15:15.004 [main] DEBUG org.sokybot.pk2.Pk2CryptoUtils - File itemmall_0.ddj is not encrypted , flags not exists
07:15:15.004 [main] INFO org.soky.sro.pk2.io.Pk2IOTest - Consuming 4244 byte(s) from file itemmall_0.ddj with size 4244 
07:15:15.004 [main] DEBUG org.sokybot.pk2.Pk2CryptoUtils - File manual_barricade.ddj is not encrypted , flags not exists
07:15:15.004 [main] INFO org.soky.sro.pk2.io.Pk2IOTest - Consuming 4244 byte(s) from file manual_barricade.ddj with size 4244 
07:15:15.004 [main] DEBUG org.sokybot.pk2.Pk2CryptoUtils - File manual_battlecamp.ddj is not encrypted , flags not exists
07:15:15.005 [main] INFO org.soky.sro.pk2.io.Pk2IOTest - Consuming 4244 byte(s) from file manual_battlecamp.ddj with size 4244 
07:15:15.005 [main] DEBUG org.sokybot.pk2.Pk2CryptoUtils - File material_earth.ddj is not encrypted , flags not exists
07:15:15.005 [main] INFO org.soky.sro.pk2.io.Pk2IOTest - Consuming 4244 byte(s) from file material_earth.ddj with size 4244 
07:15:15.005 [main] DEBUG org.sokybot.pk2.Pk2CryptoUtils - File mecro_0.ddj is not encrypted , flags not exists
07:15:15.005 [main] INFO org.soky.sro.pk2.io.Pk2IOTest - Consuming 4244 byte(s) from file mecro_0.ddj with size 4244 
07:15:15.005 [main] DEBUG org.sokybot.pk2.Pk2CryptoUtils - File panic_flag.ddj is not encrypted , flags not exists
07:15:15.005 [main] INFO org.soky.sro.pk2.io.Pk2IOTest - Consuming 4244 byte(s) from file panic_flag.ddj with size 4244 
07:15:15.006 [main] DEBUG org.sokybot.pk2.Pk2CryptoUtils - File rank_assault_leader.ddj is not encrypted , flags not exists
07:15:15.006 [main] INFO org.soky.sro.pk2.io.Pk2IOTest - Consuming 4244 byte(s) from file rank_assault_leader.ddj with size 4244 
07:15:15.006 [main] DEBUG org.sokybot.pk2.Pk2CryptoUtils - File rank_assault_soilder.ddj is not encrypted , flags not exists
07:15:15.006 [main] INFO org.soky.sro.pk2.io.Pk2IOTest - Consuming 4244 byte(s) from file rank_assault_soilder.ddj with size 4244 
07:15:15.006 [main] DEBUG org.sokybot.pk2.Pk2CryptoUtils - File rank_centurion.ddj is not encrypted , flags not exists
07:15:15.006 [main] INFO org.soky.sro.pk2.io.Pk2IOTest - Consuming 4244 byte(s) from file rank_centurion.ddj with size 4244 
07:15:15.006 [main] DEBUG org.sokybot.pk2.Pk2CryptoUtils - File rank_combat_commander.ddj is not encrypted , flags not exists
07:15:15.007 [main] INFO org.soky.sro.pk2.io.Pk2IOTest - Consuming 4244 byte(s) from file rank_combat_commander.ddj with size 4244 
07:15:15.007 [main] DEBUG org.sokybot.pk2.Pk2CryptoUtils - File rank_elite_assault_soilder.ddj is not encrypted , flags not exists
07:15:15.007 [main] INFO org.soky.sro.pk2.io.Pk2IOTest - Consuming 4244 byte(s) from file rank_elite_assault_soilder.ddj with size 4244 
07:15:15.007 [main] DEBUG org.sokybot.pk2.Pk2CryptoUtils - File rank_elite_guard.ddj is not encrypted , flags not exists
07:15:15.007 [main] INFO org.soky.sro.pk2.io.Pk2IOTest - Consuming 4244 byte(s) from file rank_elite_guard.ddj with size 4244 
07:15:15.007 [main] DEBUG org.sokybot.pk2.Pk2CryptoUtils - File rec_qsp.ddj is not encrypted , flags not exists
07:15:15.007 [main] INFO org.soky.sro.pk2.io.Pk2IOTest - Consuming 660 byte(s) from file rec_qsp.ddj with size 660 
07:15:15.007 [main] DEBUG org.sokybot.pk2.Pk2CryptoUtils - File red_battery_buff.ddj is not encrypted , flags not exists
07:15:15.007 [main] INFO org.soky.sro.pk2.io.Pk2IOTest - Consuming 4244 byte(s) from file red_battery_buff.ddj with size 4244 
07:15:15.008 [main] DEBUG org.sokybot.pk2.Pk2CryptoUtils - File strut_blaze_tower.ddj is not encrypted , flags not exists
07:15:15.008 [main] INFO org.soky.sro.pk2.io.Pk2IOTest - Consuming 2452 byte(s) from file strut_blaze_tower.ddj with size 2452 
07:15:15.008 [main] DEBUG org.sokybot.pk2.Pk2CryptoUtils - File strut_blaze_tower_d.ddj is not encrypted , flags not exists
07:15:15.008 [main] INFO org.soky.sro.pk2.io.Pk2IOTest - Consuming 2452 byte(s) from file strut_blaze_tower_d.ddj with size 2452 
07:15:15.008 [main] DEBUG org.sokybot.pk2.Pk2CryptoUtils - File strut_blaze_tower_r.ddj is not encrypted , flags not exists
07:15:15.008 [main] INFO org.soky.sro.pk2.io.Pk2IOTest - Consuming 2452 byte(s) from file strut_blaze_tower_r.ddj with size 2452 
07:15:15.008 [main] DEBUG org.sokybot.pk2.Pk2CryptoUtils - File strut_charge_gate.ddj is not encrypted , flags not exists
07:15:15.008 [main] INFO org.soky.sro.pk2.io.Pk2IOTest - Consuming 2452 byte(s) from file strut_charge_gate.ddj with size 2452 
07:15:15.008 [main] DEBUG org.sokybot.pk2.Pk2CryptoUtils - File strut_dark_tower.ddj is not encrypted , flags not exists
07:15:15.009 [main] INFO org.soky.sro.pk2.io.Pk2IOTest - Consuming 2452 byte(s) from file strut_dark_tower.ddj with size 2452 
07:15:15.009 [main] DEBUG org.sokybot.pk2.Pk2CryptoUtils - File strut_dark_tower_d.ddj is not encrypted , flags not exists
07:15:15.009 [main] INFO org.soky.sro.pk2.io.Pk2IOTest - Consuming 2452 byte(s) from file strut_dark_tower_d.ddj with size 2452 
07:15:15.009 [main] DEBUG org.sokybot.pk2.Pk2CryptoUtils - File strut_dark_tower_r.ddj is not encrypted , flags not exists
07:15:15.009 [main] INFO org.soky.sro.pk2.io.Pk2IOTest - Consuming 2452 byte(s) from file strut_dark_tower_r.ddj with size 2452 
07:15:15.009 [main] DEBUG org.sokybot.pk2.Pk2CryptoUtils - File strut_defensive_position.ddj is not encrypted , flags not exists
07:15:15.009 [main] INFO org.soky.sro.pk2.io.Pk2IOTest - Consuming 2452 byte(s) from file strut_defensive_position.ddj with size 2452 
07:15:15.009 [main] DEBUG org.sokybot.pk2.Pk2CryptoUtils - File strut_defensive_position_d.ddj is not encrypted , flags not exists
07:15:15.009 [main] INFO org.soky.sro.pk2.io.Pk2IOTest - Consuming 2452 byte(s) from file strut_defensive_position_d.ddj with size 2452 
07:15:15.009 [main] DEBUG org.sokybot.pk2.Pk2CryptoUtils - File strut_defensive_position_r.ddj is not encrypted , flags not exists
07:15:15.010 [main] INFO org.soky.sro.pk2.io.Pk2IOTest - Consuming 2452 byte(s) from file strut_defensive_position_r.ddj with size 2452 
07:15:15.010 [main] DEBUG org.sokybot.pk2.Pk2CryptoUtils - File strut_fort_gate.ddj is not encrypted , flags not exists
07:15:15.010 [main] INFO org.soky.sro.pk2.io.Pk2IOTest - Consuming 2452 byte(s) from file strut_fort_gate.ddj with size 2452 
07:15:15.010 [main] DEBUG org.sokybot.pk2.Pk2CryptoUtils - File strut_fort_stone.ddj is not encrypted , flags not exists
07:15:15.010 [main] INFO org.soky.sro.pk2.io.Pk2IOTest - Consuming 2452 byte(s) from file strut_fort_stone.ddj with size 2452 
07:15:15.010 [main] DEBUG org.sokybot.pk2.Pk2CryptoUtils - File strut_fort_stone_d.ddj is not encrypted , flags not exists
07:15:15.010 [main] INFO org.soky.sro.pk2.io.Pk2IOTest - Consuming 2452 byte(s) from file strut_fort_stone_d.ddj with size 2452 
07:15:15.010 [main] DEBUG org.sokybot.pk2.Pk2CryptoUtils - File strut_fort_stone_r.ddj is not encrypted , flags not exists
07:15:15.010 [main] INFO org.soky.sro.pk2.io.Pk2IOTest - Consuming 2452 byte(s) from file strut_fort_stone_r.ddj with size 2452 
07:15:15.011 [main] DEBUG org.sokybot.pk2.Pk2CryptoUtils - File strut_freezing_tower.ddj is not encrypted , flags not exists
07:15:15.011 [main] INFO org.soky.sro.pk2.io.Pk2IOTest - Consuming 2452 byte(s) from file strut_freezing_tower.ddj with size 2452 
07:15:15.011 [main] DEBUG org.sokybot.pk2.Pk2CryptoUtils - File strut_freezing_tower_d.ddj is not encrypted , flags not exists
07:15:15.011 [main] INFO org.soky.sro.pk2.io.Pk2IOTest - Consuming 2452 byte(s) from file strut_freezing_tower_d.ddj with size 2452 
07:15:15.011 [main] DEBUG org.sokybot.pk2.Pk2CryptoUtils - File strut_freezing_tower_r.ddj is not encrypted , flags not exists
07:15:15.011 [main] INFO org.soky.sro.pk2.io.Pk2IOTest - Consuming 2452 byte(s) from file strut_freezing_tower_r.ddj with size 2452 
07:15:15.011 [main] DEBUG org.sokybot.pk2.Pk2CryptoUtils - File strut_gate.ddj is not encrypted , flags not exists
07:15:15.011 [main] INFO org.soky.sro.pk2.io.Pk2IOTest - Consuming 2452 byte(s) from file strut_gate.ddj with size 2452 
07:15:15.011 [main] DEBUG org.sokybot.pk2.Pk2CryptoUtils - File strut_gate_d.ddj is not encrypted , flags not exists
07:15:15.011 [main] INFO org.soky.sro.pk2.io.Pk2IOTest - Consuming 2452 byte(s) from file strut_gate_d.ddj with size 2452 
07:15:15.012 [main] DEBUG org.sokybot.pk2.Pk2CryptoUtils - File strut_gate_pulley.ddj is not encrypted , flags not exists
07:15:15.012 [main] INFO org.soky.sro.pk2.io.Pk2IOTest - Consuming 2452 byte(s) from file strut_gate_pulley.ddj with size 2452 
07:15:15.012 [main] DEBUG org.sokybot.pk2.Pk2CryptoUtils - File strut_gate_r.ddj is not encrypted , flags not exists
07:15:15.012 [main] INFO org.soky.sro.pk2.io.Pk2IOTest - Consuming 2452 byte(s) from file strut_gate_r.ddj with size 2452 
07:15:15.012 [main] DEBUG org.sokybot.pk2.Pk2CryptoUtils - File strut_glory_gate.ddj is not encrypted , flags not exists
07:15:15.012 [main] INFO org.soky.sro.pk2.io.Pk2IOTest - Consuming 2452 byte(s) from file strut_glory_gate.ddj with size 2452 
07:15:15.012 [main] DEBUG org.sokybot.pk2.Pk2CryptoUtils - File strut_guard_tower.ddj is not encrypted , flags not exists
07:15:15.012 [main] INFO org.soky.sro.pk2.io.Pk2IOTest - Consuming 2452 byte(s) from file strut_guard_tower.ddj with size 2452 
07:15:15.012 [main] DEBUG org.sokybot.pk2.Pk2CryptoUtils - File strut_guard_tower_d.ddj is not encrypted , flags not exists
07:15:15.012 [main] INFO org.soky.sro.pk2.io.Pk2IOTest - Consuming 2452 byte(s) from file strut_guard_tower_d.ddj with size 2452 
07:15:15.013 [main] DEBUG org.sokybot.pk2.Pk2CryptoUtils - File strut_guard_tower_r.ddj is not encrypted , flags not exists
07:15:15.013 [main] INFO org.soky.sro.pk2.io.Pk2IOTest - Consuming 2452 byte(s) from file strut_guard_tower_r.ddj with size 2452 
07:15:15.013 [main] DEBUG org.sokybot.pk2.Pk2CryptoUtils - File strut_headquarters.ddj is not encrypted , flags not exists
07:15:15.013 [main] INFO org.soky.sro.pk2.io.Pk2IOTest - Consuming 2452 byte(s) from file strut_headquarters.ddj with size 2452 
07:15:15.013 [main] DEBUG org.sokybot.pk2.Pk2CryptoUtils - File strut_headquarters_d.ddj is not encrypted , flags not exists
07:15:15.013 [main] INFO org.soky.sro.pk2.io.Pk2IOTest - Consuming 2452 byte(s) from file strut_headquarters_d.ddj with size 2452 
07:15:15.013 [main] DEBUG org.sokybot.pk2.Pk2CryptoUtils - File strut_headquarters_r.ddj is not encrypted , flags not exists
07:15:15.013 [main] INFO org.soky.sro.pk2.io.Pk2IOTest - Consuming 2452 byte(s) from file strut_headquarters_r.ddj with size 2452 
07:15:15.013 [main] DEBUG org.sokybot.pk2.Pk2CryptoUtils - File strut_lightning_tower.ddj is not encrypted , flags not exists
07:15:15.014 [main] INFO org.soky.sro.pk2.io.Pk2IOTest - Consuming 2452 byte(s) from file strut_lightning_tower.ddj with size 2452 
07:15:15.014 [main] DEBUG org.sokybot.pk2.Pk2CryptoUtils - File strut_lightning_tower_d.ddj is not encrypted , flags not exists
07:15:15.014 [main] INFO org.soky.sro.pk2.io.Pk2IOTest - Consuming 2452 byte(s) from file strut_lightning_tower_d.ddj with size 2452 
07:15:15.014 [main] DEBUG org.sokybot.pk2.Pk2CryptoUtils - File strut_lightning_tower_r.ddj is not encrypted , flags not exists
07:15:15.014 [main] INFO org.soky.sro.pk2.io.Pk2IOTest - Consuming 2452 byte(s) from file strut_lightning_tower_r.ddj with size 2452 
07:15:15.014 [main] DEBUG org.sokybot.pk2.Pk2CryptoUtils - File strut_outline.ddj is not encrypted , flags not exists
07:15:15.014 [main] INFO org.soky.sro.pk2.io.Pk2IOTest - Consuming 4772 byte(s) from file strut_outline.ddj with size 4772 
07:15:15.014 [main] DEBUG org.sokybot.pk2.Pk2CryptoUtils - File strut_revival_gate.ddj is not encrypted , flags not exists
07:15:15.014 [main] INFO org.soky.sro.pk2.io.Pk2IOTest - Consuming 2452 byte(s) from file strut_revival_gate.ddj with size 2452 
07:15:15.015 [main] DEBUG org.sokybot.pk2.Pk2CryptoUtils - File strut_skill_aggressive_flag.ddj is not encrypted , flags not exists
07:15:15.015 [main] INFO org.soky.sro.pk2.io.Pk2IOTest - Consuming 4244 byte(s) from file strut_skill_aggressive_flag.ddj with size 4244 
07:15:15.015 [main] DEBUG org.sokybot.pk2.Pk2CryptoUtils - File strut_skill_defensive.ddj is not encrypted , flags not exists
07:15:15.015 [main] INFO org.soky.sro.pk2.io.Pk2IOTest - Consuming 4244 byte(s) from file strut_skill_defensive.ddj with size 4244 
07:15:15.015 [main] DEBUG org.sokybot.pk2.Pk2CryptoUtils - File strut_skill_defensive_flag.ddj is not encrypted , flags not exists
07:15:15.015 [main] INFO org.soky.sro.pk2.io.Pk2IOTest - Consuming 4244 byte(s) from file strut_skill_defensive_flag.ddj with size 4244 
07:15:15.015 [main] DEBUG org.sokybot.pk2.Pk2CryptoUtils - File strut_skill_headquarters.ddj is not encrypted , flags not exists
07:15:15.015 [main] INFO org.soky.sro.pk2.io.Pk2IOTest - Consuming 4244 byte(s) from file strut_skill_headquarters.ddj with size 4244 
07:15:15.015 [main] DEBUG org.sokybot.pk2.Pk2CryptoUtils - File strut_skill_healing_flag.ddj is not encrypted , flags not exists
07:15:15.016 [main] INFO org.soky.sro.pk2.io.Pk2IOTest - Consuming 4244 byte(s) from file strut_skill_healing_flag.ddj with size 4244 
07:15:15.016 [main] DEBUG org.sokybot.pk2.Pk2CryptoUtils - File stwin_forfeit.ddj is not encrypted , flags not exists
07:15:15.016 [main] INFO org.soky.sro.pk2.io.Pk2IOTest - Consuming 948 byte(s) from file stwin_forfeit.ddj with size 948 
07:15:15.016 [main] DEBUG org.sokybot.pk2.Pk2CryptoUtils - File stwin_pk.ddj is not encrypted , flags not exists
07:15:15.016 [main] INFO org.soky.sro.pk2.io.Pk2IOTest - Consuming 948 byte(s) from file stwin_pk.ddj with size 948 
07:15:15.016 [main] DEBUG org.sokybot.pk2.Pk2CryptoUtils - File summer_event_calendar.ddj is not encrypted , flags not exists
07:15:15.016 [main] INFO org.soky.sro.pk2.io.Pk2IOTest - Consuming 6548 byte(s) from file summer_event_calendar.ddj with size 6548 
07:15:15.016 [main] DEBUG org.sokybot.pk2.Pk2CryptoUtils - File tablet_monster_gold.ddj is not encrypted , flags not exists
07:15:15.016 [main] INFO org.soky.sro.pk2.io.Pk2IOTest - Consuming 4244 byte(s) from file tablet_monster_gold.ddj with size 4244 
07:15:15.017 [main] DEBUG org.sokybot.pk2.Pk2CryptoUtils - File tablet_monster_silver.ddj is not encrypted , flags not exists
07:15:15.017 [main] INFO org.soky.sro.pk2.io.Pk2IOTest - Consuming 4244 byte(s) from file tablet_monster_silver.ddj with size 4244 
07:15:15.017 [main] DEBUG org.sokybot.pk2.Pk2CryptoUtils - File webgacha_0.ddj is not encrypted , flags not exists
07:15:15.017 [main] INFO org.soky.sro.pk2.io.Pk2IOTest - Consuming 4244 byte(s) from file webgacha_0.ddj with size 4244 
07:15:15.017 [main] DEBUG org.sokybot.pk2.Pk2CryptoUtils - File webmall_0.ddj is not encrypted , flags not exists
07:15:15.017 [main] INFO org.soky.sro.pk2.io.Pk2IOTest - Consuming 4244 byte(s) from file webmall_0.ddj with size 4244 
07:15:15.017 [main] DEBUG org.sokybot.pk2.Pk2CryptoUtils - File worldcup_event_a.ddj is not encrypted , flags not exists
07:15:15.017 [main] INFO org.soky.sro.pk2.io.Pk2IOTest - Consuming 1940 byte(s) from file worldcup_event_a.ddj with size 1940 
07:15:15.018 [main] DEBUG org.sokybot.pk2.Pk2CryptoUtils - File worldcup_event_effect.ddj is not encrypted , flags not exists
07:15:15.021 [main] INFO org.soky.sro.pk2.io.Pk2IOTest - Consuming 262292 byte(s) from file worldcup_event_effect.ddj with size 262292 
07:15:15.021 [main] DEBUG org.sokybot.pk2.Pk2CryptoUtils - File worldcup_event_g.ddj is not encrypted , flags not exists
07:15:15.021 [main] INFO org.soky.sro.pk2.io.Pk2IOTest - Consuming 2452 byte(s) from file worldcup_event_g.ddj with size 2452 
07:15:15.021 [main] DEBUG org.sokybot.pk2.Pk2CryptoUtils - File worldcup_event_l.ddj is not encrypted , flags not exists
07:15:15.021 [main] INFO org.soky.sro.pk2.io.Pk2IOTest - Consuming 1940 byte(s) from file worldcup_event_l.ddj with size 1940 
07:15:15.022 [main] DEBUG org.sokybot.pk2.Pk2CryptoUtils - File worldcup_event_o.ddj is not encrypted , flags not exists
07:15:15.022 [main] INFO org.soky.sro.pk2.io.Pk2IOTest - Consuming 1940 byte(s) from file worldcup_event_o.ddj with size 1940 
07:15:15.022 [main] DEBUG org.sokybot.pk2.Pk2CryptoUtils - File buf_effect.ddj is not encrypted , flags not exists
07:15:15.022 [main] INFO org.soky.sro.pk2.io.Pk2IOTest - Consuming 32916 byte(s) from file buf_effect.ddj with size 32916 
07:15:15.022 [main] DEBUG org.sokybot.pk2.Pk2CryptoUtils - File icon_default.ddj is not encrypted , flags not exists
07:15:15.022 [main] INFO org.soky.sro.pk2.io.Pk2IOTest - Consuming 2196 byte(s) from file icon_default.ddj with size 2196 
07:15:15.022 [main] DEBUG org.sokybot.pk2.Pk2CryptoUtils - File icon_disable.ddj is not encrypted , flags not exists
07:15:15.023 [main] INFO org.soky.sro.pk2.io.Pk2IOTest - Consuming 4244 byte(s) from file icon_disable.ddj with size 4244 
07:15:15.023 [main] DEBUG org.sokybot.pk2.Pk2CryptoUtils - File icon_item_broken.ddj is not encrypted , flags not exists
07:15:15.023 [main] INFO org.soky.sro.pk2.io.Pk2IOTest - Consuming 4244 byte(s) from file icon_item_broken.ddj with size 4244 
07:15:15.023 [main] DEBUG org.sokybot.pk2.Pk2CryptoUtils - File icon_item_select.ddj is not encrypted , flags not exists
07:15:15.023 [main] INFO org.soky.sro.pk2.io.Pk2IOTest - Consuming 4244 byte(s) from file icon_item_select.ddj with size 4244 
07:15:15.023 [main] DEBUG org.sokybot.pk2.Pk2CryptoUtils - File icon_item_warning.ddj is not encrypted , flags not exists
07:15:15.023 [main] INFO org.soky.sro.pk2.io.Pk2IOTest - Consuming 8340 byte(s) from file icon_item_warning.ddj with size 8340 
07:15:15.024 [main] DEBUG org.sokybot.pk2.Pk2CryptoUtils - File icon_mall_repair.ddj is not encrypted , flags not exists
07:15:15.024 [main] INFO org.soky.sro.pk2.io.Pk2IOTest - Consuming 32916 byte(s) from file icon_mall_repair.ddj with size 32916 
07:15:15.024 [main] DEBUG org.sokybot.pk2.Pk2CryptoUtils - File icon_mall_transgender.ddj is not encrypted , flags not exists
07:15:15.024 [main] INFO org.soky.sro.pk2.io.Pk2IOTest - Consuming 16532 byte(s) from file icon_mall_transgender.ddj with size 16532 
07:15:15.025 [main] DEBUG org.sokybot.pk2.Pk2CryptoUtils - File mini_gold_icon.ddj is not encrypted , flags not exists
07:15:15.025 [main] INFO org.soky.sro.pk2.io.Pk2IOTest - Consuming 2196 byte(s) from file mini_gold_icon.ddj with size 2196 
07:15:15.025 [main] DEBUG org.sokybot.pk2.Pk2CryptoUtils - File ctf.ddj is not encrypted , flags not exists
07:15:15.025 [main] INFO org.soky.sro.pk2.io.Pk2IOTest - Consuming 1172 byte(s) from file ctf.ddj with size 1172 
07:15:15.025 [main] DEBUG org.sokybot.pk2.Pk2CryptoUtils - File event_avatar_m_amalrun.ddj is not encrypted , flags not exists
07:15:15.025 [main] INFO org.soky.sro.pk2.io.Pk2IOTest - Consuming 4244 byte(s) from file event_avatar_m_amalrun.ddj with size 4244 
07:15:15.025 [main] DEBUG org.sokybot.pk2.Pk2CryptoUtils - File event_avatar_m_nasrun.ddj is not encrypted , flags not exists
07:15:15.025 [main] INFO org.soky.sro.pk2.io.Pk2IOTest - Consuming 4244 byte(s) from file event_avatar_m_nasrun.ddj with size 4244 
07:15:15.025 [main] DEBUG org.sokybot.pk2.Pk2CryptoUtils - File event_avatar_w_amalrun.ddj is not encrypted , flags not exists
07:15:15.025 [main] INFO org.soky.sro.pk2.io.Pk2IOTest - Consuming 4244 byte(s) from file event_avatar_w_amalrun.ddj with size 4244 
07:15:15.026 [main] DEBUG org.sokybot.pk2.Pk2CryptoUtils - File event_avatar_w_nasrun.ddj is not encrypted , flags not exists
07:15:15.026 [main] INFO org.soky.sro.pk2.io.Pk2IOTest - Consuming 4244 byte(s) from file event_avatar_w_nasrun.ddj with size 4244 
07:15:15.026 [main] DEBUG org.sokybot.pk2.Pk2CryptoUtils - File mall_avatar_halloween_attach.ddj is not encrypted , flags not exists
07:15:15.026 [main] INFO org.soky.sro.pk2.io.Pk2IOTest - Consuming 4244 byte(s) from file mall_avatar_halloween_attach.ddj with size 4244 
07:15:15.026 [main] DEBUG org.sokybot.pk2.Pk2CryptoUtils - File mall_avatar_m_admiral.ddj is not encrypted , flags not exists
07:15:15.026 [main] INFO org.soky.sro.pk2.io.Pk2IOTest - Consuming 4244 byte(s) from file mall_avatar_m_admiral.ddj with size 4244 
07:15:15.026 [main] DEBUG org.sokybot.pk2.Pk2CryptoUtils - File mall_avatar_m_admiral_attach.ddj is not encrypted , flags not exists
07:15:15.026 [main] INFO org.soky.sro.pk2.io.Pk2IOTest - Consuming 4244 byte(s) from file mall_avatar_m_admiral_attach.ddj with size 4244 
07:15:15.026 [main] DEBUG org.sokybot.pk2.Pk2CryptoUtils - File mall_avatar_m_admiral_hat.ddj is not encrypted , flags not exists
07:15:15.027 [main] INFO org.soky.sro.pk2.io.Pk2IOTest - Consuming 4244 byte(s) from file mall_avatar_m_admiral_hat.ddj with size 4244 
07:15:15.027 [main] DEBUG org.sokybot.pk2.Pk2CryptoUtils - File mall_avatar_m_amalrun.ddj is not encrypted , flags not exists
07:15:15.027 [main] INFO org.soky.sro.pk2.io.Pk2IOTest - Consuming 4244 byte(s) from file mall_avatar_m_amalrun.ddj with size 4244 
07:15:15.027 [main] DEBUG org.sokybot.pk2.Pk2CryptoUtils - File mall_avatar_m_amalrun_blue.ddj is not encrypted , flags not exists
07:15:15.027 [main] INFO org.soky.sro.pk2.io.Pk2IOTest - Consuming 4244 byte(s) from file mall_avatar_m_amalrun_blue.ddj with size 4244 
07:15:15.027 [main] DEBUG org.sokybot.pk2.Pk2CryptoUtils - File mall_avatar_m_amalrun_yellow.ddj is not encrypted , flags not exists
07:15:15.027 [main] INFO org.soky.sro.pk2.io.Pk2IOTest - Consuming 4244 byte(s) from file mall_avatar_m_amalrun_yellow.ddj with size 4244 
07:15:15.027 [main] DEBUG org.sokybot.pk2.Pk2CryptoUtils - File mall_avatar_m_angel_powers_dress.ddj is not encrypted , flags not exists
07:15:15.027 [main] INFO org.soky.sro.pk2.io.Pk2IOTest - Consuming 4244 byte(s) from file mall_avatar_m_angel_powers_dress.ddj with size 4244 
07:15:15.028 [main] DEBUG org.sokybot.pk2.Pk2CryptoUtils - File mall_avatar_m_angel_powers_dress_hat.ddj is not encrypted , flags not exists
07:15:15.028 [main] INFO org.soky.sro.pk2.io.Pk2IOTest - Consuming 4244 byte(s) from file mall_avatar_m_angel_powers_dress_hat.ddj with size 4244 
07:15:15.028 [main] DEBUG org.sokybot.pk2.Pk2CryptoUtils - File mall_avatar_m_angel_wing.ddj is not encrypted , flags not exists
07:15:15.028 [main] INFO org.soky.sro.pk2.io.Pk2IOTest - Consuming 4244 byte(s) from file mall_avatar_m_angel_wing.ddj with size 4244 
07:15:15.028 [main] DEBUG org.sokybot.pk2.Pk2CryptoUtils - File mall_avatar_m_angel_wing_dress.ddj is not encrypted , flags not exists
07:15:15.028 [main] INFO org.soky.sro.pk2.io.Pk2IOTest - Consuming 4244 byte(s) from file mall_avatar_m_angel_wing_dress.ddj with size 4244 
07:15:15.028 [main] DEBUG org.sokybot.pk2.Pk2CryptoUtils - File mall_avatar_m_arabia.ddj is not encrypted , flags not exists
07:15:15.028 [main] INFO org.soky.sro.pk2.io.Pk2IOTest - Consuming 4244 byte(s) from file mall_avatar_m_arabia.ddj with size 4244 
07:15:15.028 [main] DEBUG org.sokybot.pk2.Pk2CryptoUtils - File mall_avatar_m_arabiandress.ddj is not encrypted , flags not exists
07:15:15.029 [main] INFO org.soky.sro.pk2.io.Pk2IOTest - Consuming 4244 byte(s) from file mall_avatar_m_arabiandress.ddj with size 4244 
07:15:15.029 [main] DEBUG org.sokybot.pk2.Pk2CryptoUtils - File mall_avatar_m_arabiandress_attach.ddj is not encrypted , flags not exists
07:15:15.029 [main] INFO org.soky.sro.pk2.io.Pk2IOTest - Consuming 4244 byte(s) from file mall_avatar_m_arabiandress_attach.ddj with size 4244 
07:15:15.029 [main] DEBUG org.sokybot.pk2.Pk2CryptoUtils - File mall_avatar_m_arabiandress_hat.ddj is not encrypted , flags not exists
07:15:15.029 [main] INFO org.soky.sro.pk2.io.Pk2IOTest - Consuming 4244 byte(s) from file mall_avatar_m_arabiandress_hat.ddj with size 4244 
07:15:15.029 [main] DEBUG org.sokybot.pk2.Pk2CryptoUtils - File mall_avatar_m_arabia_attach.ddj is not encrypted , flags not exists
07:15:15.029 [main] INFO org.soky.sro.pk2.io.Pk2IOTest - Consuming 4244 byte(s) from file mall_avatar_m_arabia_attach.ddj with size 4244 
07:15:15.029 [main] DEBUG org.sokybot.pk2.Pk2CryptoUtils - File mall_avatar_m_arabia_hat.ddj is not encrypted , flags not exists
07:15:15.029 [main] INFO org.soky.sro.pk2.io.Pk2IOTest - Consuming 4244 byte(s) from file mall_avatar_m_arabia_hat.ddj with size 4244 
07:15:15.030 [main] DEBUG org.sokybot.pk2.Pk2CryptoUtils - File mall_avatar_m_assassin.ddj is not encrypted , flags not exists
07:15:15.030 [main] INFO org.soky.sro.pk2.io.Pk2IOTest - Consuming 4244 byte(s) from file mall_avatar_m_assassin.ddj with size 4244 
07:15:15.030 [main] DEBUG org.sokybot.pk2.Pk2CryptoUtils - File mall_avatar_m_assassin_attach.ddj is not encrypted , flags not exists
07:15:15.030 [main] INFO org.soky.sro.pk2.io.Pk2IOTest - Consuming 4244 byte(s) from file mall_avatar_m_assassin_attach.ddj with size 4244 
07:15:15.030 [main] DEBUG org.sokybot.pk2.Pk2CryptoUtils - File mall_avatar_m_assassin_hat.ddj is not encrypted , flags not exists
07:15:15.030 [main] INFO org.soky.sro.pk2.io.Pk2IOTest - Consuming 4244 byte(s) from file mall_avatar_m_assassin_hat.ddj with size 4244 
07:15:15.030 [main] DEBUG org.sokybot.pk2.Pk2CryptoUtils - File mall_avatar_m_blackwing.ddj is not encrypted , flags not exists
07:15:15.030 [main] INFO org.soky.sro.pk2.io.Pk2IOTest - Consuming 2196 byte(s) from file mall_avatar_m_blackwing.ddj with size 2196 
07:15:15.030 [main] DEBUG org.sokybot.pk2.Pk2CryptoUtils - File mall_avatar_m_blackwing_hat.ddj is not encrypted , flags not exists
07:15:15.030 [main] INFO org.soky.sro.pk2.io.Pk2IOTest - Consuming 2196 byte(s) from file mall_avatar_m_blackwing_hat.ddj with size 2196 
07:15:15.031 [main] DEBUG org.sokybot.pk2.Pk2CryptoUtils - File mall_avatar_m_blue_soulknight.ddj is not encrypted , flags not exists
07:15:15.031 [main] INFO org.soky.sro.pk2.io.Pk2IOTest - Consuming 4244 byte(s) from file mall_avatar_m_blue_soulknight.ddj with size 4244 
07:15:15.031 [main] DEBUG org.sokybot.pk2.Pk2CryptoUtils - File mall_avatar_m_blue_soulknight_attach.ddj is not encrypted , flags not exists
07:15:15.031 [main] INFO org.soky.sro.pk2.io.Pk2IOTest - Consuming 4244 byte(s) from file mall_avatar_m_blue_soulknight_attach.ddj with size 4244 
07:15:15.031 [main] DEBUG org.sokybot.pk2.Pk2CryptoUtils - File mall_avatar_m_blue_soulknight_hat.ddj is not encrypted , flags not exists
07:15:15.031 [main] INFO org.soky.sro.pk2.io.Pk2IOTest - Consuming 4244 byte(s) from file mall_avatar_m_blue_soulknight_hat.ddj with size 4244 
07:15:15.031 [main] DEBUG org.sokybot.pk2.Pk2CryptoUtils - File mall_avatar_m_carnival.ddj is not encrypted , flags not exists
07:15:15.031 [main] INFO org.soky.sro.pk2.io.Pk2IOTest - Consuming 4244 byte(s) from file mall_avatar_m_carnival.ddj with size 4244 
07:15:15.032 [main] DEBUG org.sokybot.pk2.Pk2CryptoUtils - File mall_avatar_m_carnival_attach.ddj is not encrypted , flags not exists
07:15:15.032 [main] INFO org.soky.sro.pk2.io.Pk2IOTest - Consuming 4244 byte(s) from file mall_avatar_m_carnival_attach.ddj with size 4244 
07:15:15.032 [main] DEBUG org.sokybot.pk2.Pk2CryptoUtils - File mall_avatar_m_carnival_hat.ddj is not encrypted , flags not exists
07:15:15.032 [main] INFO org.soky.sro.pk2.io.Pk2IOTest - Consuming 4244 byte(s) from file mall_avatar_m_carnival_hat.ddj with size 4244 
07:15:15.032 [main] DEBUG org.sokybot.pk2.Pk2CryptoUtils - File mall_avatar_m_chingchu.ddj is not encrypted , flags not exists
07:15:15.032 [main] INFO org.soky.sro.pk2.io.Pk2IOTest - Consuming 4244 byte(s) from file mall_avatar_m_chingchu.ddj with size 4244 
07:15:15.032 [main] DEBUG org.sokybot.pk2.Pk2CryptoUtils - File mall_avatar_m_chingchu_attach.ddj is not encrypted , flags not exists
07:15:15.032 [main] INFO org.soky.sro.pk2.io.Pk2IOTest - Consuming 4244 byte(s) from file mall_avatar_m_chingchu_attach.ddj with size 4244 
07:15:15.032 [main] DEBUG org.sokybot.pk2.Pk2CryptoUtils - File mall_avatar_m_chingchu_hat.ddj is not encrypted , flags not exists
07:15:15.033 [main] INFO org.soky.sro.pk2.io.Pk2IOTest - Consuming 4244 byte(s) from file mall_avatar_m_chingchu_hat.ddj with size 4244 
07:15:15.033 [main] DEBUG org.sokybot.pk2.Pk2CryptoUtils - File mall_avatar_m_ch_wedding.ddj is not encrypted , flags not exists
07:15:15.033 [main] INFO org.soky.sro.pk2.io.Pk2IOTest - Consuming 4244 byte(s) from file mall_avatar_m_ch_wedding.ddj with size 4244 
07:15:15.033 [main] DEBUG org.sokybot.pk2.Pk2CryptoUtils - File mall_avatar_m_ch_wedding_hat.ddj is not encrypted , flags not exists
07:15:15.033 [main] INFO org.soky.sro.pk2.io.Pk2IOTest - Consuming 4244 byte(s) from file mall_avatar_m_ch_wedding_hat.ddj with size 4244 
07:15:15.033 [main] DEBUG org.sokybot.pk2.Pk2CryptoUtils - File mall_avatar_m_clown.ddj is not encrypted , flags not exists
07:15:15.033 [main] INFO org.soky.sro.pk2.io.Pk2IOTest - Consuming 4244 byte(s) from file mall_avatar_m_clown.ddj with size 4244 
07:15:15.033 [main] DEBUG org.sokybot.pk2.Pk2CryptoUtils - File mall_avatar_m_clown_attach.ddj is not encrypted , flags not exists
07:15:15.033 [main] INFO org.soky.sro.pk2.io.Pk2IOTest - Consuming 4244 byte(s) from file mall_avatar_m_clown_attach.ddj with size 4244 
07:15:15.034 [main] DEBUG org.sokybot.pk2.Pk2CryptoUtils - File mall_avatar_m_clown_hat.ddj is not encrypted , flags not exists
07:15:15.034 [main] INFO org.soky.sro.pk2.io.Pk2IOTest - Consuming 4244 byte(s) from file mall_avatar_m_clown_hat.ddj with size 4244 
07:15:15.034 [main] DEBUG org.sokybot.pk2.Pk2CryptoUtils - File mall_avatar_m_darklknight.ddj is not encrypted , flags not exists
07:15:15.034 [main] INFO org.soky.sro.pk2.io.Pk2IOTest - Consuming 4244 byte(s) from file mall_avatar_m_darklknight.ddj with size 4244 
07:15:15.034 [main] DEBUG org.sokybot.pk2.Pk2CryptoUtils - File mall_avatar_m_darklknight_attach.ddj is not encrypted , flags not exists
07:15:15.034 [main] INFO org.soky.sro.pk2.io.Pk2IOTest - Consuming 4244 byte(s) from file mall_avatar_m_darklknight_attach.ddj with size 4244 
07:15:15.034 [main] DEBUG org.sokybot.pk2.Pk2CryptoUtils - File mall_avatar_m_darklknight_hat.ddj is not encrypted , flags not exists
07:15:15.034 [main] INFO org.soky.sro.pk2.io.Pk2IOTest - Consuming 4244 byte(s) from file mall_avatar_m_darklknight_hat.ddj with size 4244 
07:15:15.034 [main] DEBUG org.sokybot.pk2.Pk2CryptoUtils - File mall_avatar_m_darkwarrior.ddj is not encrypted , flags not exists
07:15:15.035 [main] INFO org.soky.sro.pk2.io.Pk2IOTest - Consuming 4244 byte(s) from file mall_avatar_m_darkwarrior.ddj with size 4244 
07:15:15.035 [main] DEBUG org.sokybot.pk2.Pk2CryptoUtils - File mall_avatar_m_darkwarrior_attach.ddj is not encrypted , flags not exists
07:15:15.035 [main] INFO org.soky.sro.pk2.io.Pk2IOTest - Consuming 4244 byte(s) from file mall_avatar_m_darkwarrior_attach.ddj with size 4244 
07:15:15.035 [main] DEBUG org.sokybot.pk2.Pk2CryptoUtils - File mall_avatar_m_darkwarrior_hat.ddj is not encrypted , flags not exists
07:15:15.035 [main] INFO org.soky.sro.pk2.io.Pk2IOTest - Consuming 4244 byte(s) from file mall_avatar_m_darkwarrior_hat.ddj with size 4244 
07:15:15.035 [main] DEBUG org.sokybot.pk2.Pk2CryptoUtils - File mall_avatar_m_day_deathassassin.ddj is not encrypted , flags not exists
07:15:15.035 [main] INFO org.soky.sro.pk2.io.Pk2IOTest - Consuming 4244 byte(s) from file mall_avatar_m_day_deathassassin.ddj with size 4244 
07:15:15.035 [main] DEBUG org.sokybot.pk2.Pk2CryptoUtils - File mall_avatar_m_day_deathassassin_attach.ddj is not encrypted , flags not exists
07:15:15.035 [main] INFO org.soky.sro.pk2.io.Pk2IOTest - Consuming 4244 byte(s) from file mall_avatar_m_day_deathassassin_attach.ddj with size 4244 
07:15:15.036 [main] DEBUG org.sokybot.pk2.Pk2CryptoUtils - File mall_avatar_m_day_deathassassin_hat.ddj is not encrypted , flags not exists
07:15:15.036 [main] INFO org.soky.sro.pk2.io.Pk2IOTest - Consuming 4244 byte(s) from file mall_avatar_m_day_deathassassin_hat.ddj with size 4244 
07:15:15.036 [main] DEBUG org.sokybot.pk2.Pk2CryptoUtils - File mall_avatar_m_devil_wing_dress.ddj is not encrypted , flags not exists
07:15:15.036 [main] INFO org.soky.sro.pk2.io.Pk2IOTest - Consuming 4244 byte(s) from file mall_avatar_m_devil_wing_dress.ddj with size 4244 
07:15:15.036 [main] DEBUG org.sokybot.pk2.Pk2CryptoUtils - File mall_avatar_m_dragondress.ddj is not encrypted , flags not exists
07:15:15.036 [main] INFO org.soky.sro.pk2.io.Pk2IOTest - Consuming 4244 byte(s) from file mall_avatar_m_dragondress.ddj with size 4244 
07:15:15.036 [main] DEBUG org.sokybot.pk2.Pk2CryptoUtils - File mall_avatar_m_dragondress_attach.ddj is not encrypted , flags not exists
07:15:15.036 [main] INFO org.soky.sro.pk2.io.Pk2IOTest - Consuming 4244 byte(s) from file mall_avatar_m_dragondress_attach.ddj with size 4244 
07:15:15.036 [main] DEBUG org.sokybot.pk2.Pk2CryptoUtils - File mall_avatar_m_dragondress_hat.ddj is not encrypted , flags not exists
07:15:15.036 [main] INFO org.soky.sro.pk2.io.Pk2IOTest - Consuming 4244 byte(s) from file mall_avatar_m_dragondress_hat.ddj with size 4244 
07:15:15.037 [main] DEBUG org.sokybot.pk2.Pk2CryptoUtils - File mall_avatar_m_earthspirit.ddj is not encrypted , flags not exists
07:15:15.037 [main] INFO org.soky.sro.pk2.io.Pk2IOTest - Consuming 4244 byte(s) from file mall_avatar_m_earthspirit.ddj with size 4244 
07:15:15.037 [main] DEBUG org.sokybot.pk2.Pk2CryptoUtils - File mall_avatar_m_earthspirit_attach.ddj is not encrypted , flags not exists
07:15:15.037 [main] INFO org.soky.sro.pk2.io.Pk2IOTest - Consuming 4244 byte(s) from file mall_avatar_m_earthspirit_attach.ddj with size 4244 
07:15:15.037 [main] DEBUG org.sokybot.pk2.Pk2CryptoUtils - File mall_avatar_m_earthspirit_hat.ddj is not encrypted , flags not exists
07:15:15.037 [main] INFO org.soky.sro.pk2.io.Pk2IOTest - Consuming 4244 byte(s) from file mall_avatar_m_earthspirit_hat.ddj with size 4244 
07:15:15.037 [main] DEBUG org.sokybot.pk2.Pk2CryptoUtils - File mall_avatar_m_eu_wedding.ddj is not encrypted , flags not exists
07:15:15.037 [main] INFO org.soky.sro.pk2.io.Pk2IOTest - Consuming 4244 byte(s) from file mall_avatar_m_eu_wedding.ddj with size 4244 
07:15:15.037 [main] DEBUG org.sokybot.pk2.Pk2CryptoUtils - File mall_avatar_m_eu_wedding_hat.ddj is not encrypted , flags not exists
07:15:15.038 [main] INFO org.soky.sro.pk2.io.Pk2IOTest - Consuming 4244 byte(s) from file mall_avatar_m_eu_wedding_hat.ddj with size 4244 
07:15:15.038 [main] DEBUG org.sokybot.pk2.Pk2CryptoUtils - File mall_avatar_m_event_winter.ddj is not encrypted , flags not exists
07:15:15.038 [main] INFO org.soky.sro.pk2.io.Pk2IOTest - Consuming 4244 byte(s) from file mall_avatar_m_event_winter.ddj with size 4244 
07:15:15.038 [main] DEBUG org.sokybot.pk2.Pk2CryptoUtils - File mall_avatar_m_event_winter_attach.ddj is not encrypted , flags not exists
07:15:15.038 [main] INFO org.soky.sro.pk2.io.Pk2IOTest - Consuming 4244 byte(s) from file mall_avatar_m_event_winter_attach.ddj with size 4244 
07:15:15.038 [main] DEBUG org.sokybot.pk2.Pk2CryptoUtils - File mall_avatar_m_event_winter_hat.ddj is not encrypted , flags not exists
07:15:15.038 [main] INFO org.soky.sro.pk2.io.Pk2IOTest - Consuming 4244 byte(s) from file mall_avatar_m_event_winter_hat.ddj with size 4244 
07:15:15.038 [main] DEBUG org.sokybot.pk2.Pk2CryptoUtils - File mall_avatar_m_fairy.ddj is not encrypted , flags not exists
07:15:15.038 [main] INFO org.soky.sro.pk2.io.Pk2IOTest - Consuming 4244 byte(s) from file mall_avatar_m_fairy.ddj with size 4244 
07:15:15.039 [main] DEBUG org.sokybot.pk2.Pk2CryptoUtils - File mall_avatar_m_fairy_hat.ddj is not encrypted , flags not exists
07:15:15.039 [main] INFO org.soky.sro.pk2.io.Pk2IOTest - Consuming 4244 byte(s) from file mall_avatar_m_fairy_hat.ddj with size 4244 
07:15:15.039 [main] DEBUG org.sokybot.pk2.Pk2CryptoUtils - File mall_avatar_m_fox.ddj is not encrypted , flags not exists
07:15:15.039 [main] INFO org.soky.sro.pk2.io.Pk2IOTest - Consuming 4244 byte(s) from file mall_avatar_m_fox.ddj with size 4244 
07:15:15.039 [main] DEBUG org.sokybot.pk2.Pk2CryptoUtils - File mall_avatar_m_fox_attach.ddj is not encrypted , flags not exists
07:15:15.039 [main] INFO org.soky.sro.pk2.io.Pk2IOTest - Consuming 4244 byte(s) from file mall_avatar_m_fox_attach.ddj with size 4244 
07:15:15.039 [main] DEBUG org.sokybot.pk2.Pk2CryptoUtils - File mall_avatar_m_fox_hat.ddj is not encrypted , flags not exists
07:15:15.039 [main] INFO org.soky.sro.pk2.io.Pk2IOTest - Consuming 4244 byte(s) from file mall_avatar_m_fox_hat.ddj with size 4244 
07:15:15.039 [main] DEBUG org.sokybot.pk2.Pk2CryptoUtils - File mall_avatar_m_fur.ddj is not encrypted , flags not exists
07:15:15.039 [main] INFO org.soky.sro.pk2.io.Pk2IOTest - Consuming 4244 byte(s) from file mall_avatar_m_fur.ddj with size 4244 
07:15:15.040 [main] DEBUG org.sokybot.pk2.Pk2CryptoUtils - File mall_avatar_m_fur_hat.ddj is not encrypted , flags not exists
07:15:15.040 [main] INFO org.soky.sro.pk2.io.Pk2IOTest - Consuming 4244 byte(s) from file mall_avatar_m_fur_hat.ddj with size 4244 
07:15:15.040 [main] DEBUG org.sokybot.pk2.Pk2CryptoUtils - File mall_avatar_m_ghost_captain.ddj is not encrypted , flags not exists
07:15:15.040 [main] INFO org.soky.sro.pk2.io.Pk2IOTest - Consuming 4244 byte(s) from file mall_avatar_m_ghost_captain.ddj with size 4244 
07:15:15.040 [main] DEBUG org.sokybot.pk2.Pk2CryptoUtils - File mall_avatar_m_ghost_captain_attach.ddj is not encrypted , flags not exists
07:15:15.040 [main] INFO org.soky.sro.pk2.io.Pk2IOTest - Consuming 4244 byte(s) from file mall_avatar_m_ghost_captain_attach.ddj with size 4244 
07:15:15.040 [main] DEBUG org.sokybot.pk2.Pk2CryptoUtils - File mall_avatar_m_ghost_captain_hat.ddj is not encrypted , flags not exists
07:15:15.040 [main] INFO org.soky.sro.pk2.io.Pk2IOTest - Consuming 4244 byte(s) from file mall_avatar_m_ghost_captain_hat.ddj with size 4244 
07:15:15.041 [main] DEBUG org.sokybot.pk2.Pk2CryptoUtils - File mall_avatar_m_halloween.ddj is not encrypted , flags not exists
07:15:15.041 [main] INFO org.soky.sro.pk2.io.Pk2IOTest - Consuming 4244 byte(s) from file mall_avatar_m_halloween.ddj with size 4244 
07:15:15.041 [main] DEBUG org.sokybot.pk2.Pk2CryptoUtils - File mall_avatar_m_halloweendress.ddj is not encrypted , flags not exists
07:15:15.041 [main] INFO org.soky.sro.pk2.io.Pk2IOTest - Consuming 4244 byte(s) from file mall_avatar_m_halloweendress.ddj with size 4244 
07:15:15.041 [main] DEBUG org.sokybot.pk2.Pk2CryptoUtils - File mall_avatar_m_halloweendress_attach.ddj is not encrypted , flags not exists
07:15:15.041 [main] INFO org.soky.sro.pk2.io.Pk2IOTest - Consuming 4244 byte(s) from file mall_avatar_m_halloweendress_attach.ddj with size 4244 
07:15:15.041 [main] DEBUG org.sokybot.pk2.Pk2CryptoUtils - File mall_avatar_m_halloweendress_hat.ddj is not encrypted , flags not exists
07:15:15.041 [main] INFO org.soky.sro.pk2.io.Pk2IOTest - Consuming 4244 byte(s) from file mall_avatar_m_halloweendress_hat.ddj with size 4244 
07:15:15.041 [main] DEBUG org.sokybot.pk2.Pk2CryptoUtils - File mall_avatar_m_halloween_hat.ddj is not encrypted , flags not exists
07:15:15.041 [main] INFO org.soky.sro.pk2.io.Pk2IOTest - Consuming 4244 byte(s) from file mall_avatar_m_halloween_hat.ddj with size 4244 
07:15:15.042 [main] DEBUG org.sokybot.pk2.Pk2CryptoUtils - File mall_avatar_m_headknights.ddj is not encrypted , flags not exists
07:15:15.042 [main] INFO org.soky.sro.pk2.io.Pk2IOTest - Consuming 4244 byte(s) from file mall_avatar_m_headknights.ddj with size 4244 
07:15:15.042 [main] DEBUG org.sokybot.pk2.Pk2CryptoUtils - File mall_avatar_m_headknights_attach.ddj is not encrypted , flags not exists
07:15:15.042 [main] INFO org.soky.sro.pk2.io.Pk2IOTest - Consuming 4244 byte(s) from file mall_avatar_m_headknights_attach.ddj with size 4244 
07:15:15.042 [main] DEBUG org.sokybot.pk2.Pk2CryptoUtils - File mall_avatar_m_headknights_hat.ddj is not encrypted , flags not exists
07:15:15.042 [main] INFO org.soky.sro.pk2.io.Pk2IOTest - Consuming 4244 byte(s) from file mall_avatar_m_headknights_hat.ddj with size 4244 
07:15:15.042 [main] DEBUG org.sokybot.pk2.Pk2CryptoUtils - File mall_avatar_m_knight.ddj is not encrypted , flags not exists
07:15:15.042 [main] INFO org.soky.sro.pk2.io.Pk2IOTest - Consuming 4244 byte(s) from file mall_avatar_m_knight.ddj with size 4244 
07:15:15.042 [main] DEBUG org.sokybot.pk2.Pk2CryptoUtils - File mall_avatar_m_knight_hat.ddj is not encrypted , flags not exists
07:15:15.042 [main] INFO org.soky.sro.pk2.io.Pk2IOTest - Consuming 4244 byte(s) from file mall_avatar_m_knight_hat.ddj with size 4244 
07:15:15.043 [main] DEBUG org.sokybot.pk2.Pk2CryptoUtils - File mall_avatar_m_koreandress.ddj is not encrypted , flags not exists
07:15:15.043 [main] INFO org.soky.sro.pk2.io.Pk2IOTest - Consuming 4244 byte(s) from file mall_avatar_m_koreandress.ddj with size 4244 
07:15:15.043 [main] DEBUG org.sokybot.pk2.Pk2CryptoUtils - File mall_avatar_m_mummy.ddj is not encrypted , flags not exists
07:15:15.043 [main] INFO org.soky.sro.pk2.io.Pk2IOTest - Consuming 4244 byte(s) from file mall_avatar_m_mummy.ddj with size 4244 
07:15:15.043 [main] DEBUG org.sokybot.pk2.Pk2CryptoUtils - File mall_avatar_m_mummy_attach.ddj is not encrypted , flags not exists
07:15:15.043 [main] INFO org.soky.sro.pk2.io.Pk2IOTest - Consuming 4244 byte(s) from file mall_avatar_m_mummy_attach.ddj with size 4244 
07:15:15.043 [main] DEBUG org.sokybot.pk2.Pk2CryptoUtils - File mall_avatar_m_mummy_hat.ddj is not encrypted , flags not exists
07:15:15.043 [main] INFO org.soky.sro.pk2.io.Pk2IOTest - Consuming 4244 byte(s) from file mall_avatar_m_mummy_hat.ddj with size 4244 
07:15:15.044 [main] DEBUG org.sokybot.pk2.Pk2CryptoUtils - File mall_avatar_m_nasrun.ddj is not encrypted , flags not exists
07:15:15.044 [main] INFO org.soky.sro.pk2.io.Pk2IOTest - Consuming 4244 byte(s) from file mall_avatar_m_nasrun.ddj with size 4244 
07:15:15.044 [main] DEBUG org.sokybot.pk2.Pk2CryptoUtils - File mall_avatar_m_nasrun_blue.ddj is not encrypted , flags not exists
07:15:15.044 [main] INFO org.soky.sro.pk2.io.Pk2IOTest - Consuming 4244 byte(s) from file mall_avatar_m_nasrun_blue.ddj with size 4244 
07:15:15.044 [main] DEBUG org.sokybot.pk2.Pk2CryptoUtils - File mall_avatar_m_nasrun_yellow.ddj is not encrypted , flags not exists
07:15:15.044 [main] INFO org.soky.sro.pk2.io.Pk2IOTest - Consuming 4244 byte(s) from file mall_avatar_m_nasrun_yellow.ddj with size 4244 
07:15:15.044 [main] DEBUG org.sokybot.pk2.Pk2CryptoUtils - File mall_avatar_m_newangel.ddj is not encrypted , flags not exists
07:15:15.044 [main] INFO org.soky.sro.pk2.io.Pk2IOTest - Consuming 4244 byte(s) from file mall_avatar_m_newangel.ddj with size 4244 
07:15:15.044 [main] DEBUG org.sokybot.pk2.Pk2CryptoUtils - File mall_avatar_m_newangel_hat.ddj is not encrypted , flags not exists
07:15:15.045 [main] INFO org.soky.sro.pk2.io.Pk2IOTest - Consuming 4244 byte(s) from file mall_avatar_m_newangel_hat.ddj with size 4244 
07:15:15.045 [main] DEBUG org.sokybot.pk2.Pk2CryptoUtils - File mall_avatar_m_newdevil.ddj is not encrypted , flags not exists
07:15:15.045 [main] INFO org.soky.sro.pk2.io.Pk2IOTest - Consuming 4244 byte(s) from file mall_avatar_m_newdevil.ddj with size 4244 
07:15:15.045 [main] DEBUG org.sokybot.pk2.Pk2CryptoUtils - File mall_avatar_m_newdevil_hat.ddj is not encrypted , flags not exists
07:15:15.045 [main] INFO org.soky.sro.pk2.io.Pk2IOTest - Consuming 4244 byte(s) from file mall_avatar_m_newdevil_hat.ddj with size 4244 
07:15:15.045 [main] DEBUG org.sokybot.pk2.Pk2CryptoUtils - File mall_avatar_m_newhalloween.ddj is not encrypted , flags not exists
07:15:15.045 [main] INFO org.soky.sro.pk2.io.Pk2IOTest - Consuming 4244 byte(s) from file mall_avatar_m_newhalloween.ddj with size 4244 
07:15:15.045 [main] DEBUG org.sokybot.pk2.Pk2CryptoUtils - File mall_avatar_m_newhalloween_attach.ddj is not encrypted , flags not exists
07:15:15.045 [main] INFO org.soky.sro.pk2.io.Pk2IOTest - Consuming 4244 byte(s) from file mall_avatar_m_newhalloween_attach.ddj with size 4244 
07:15:15.046 [main] DEBUG org.sokybot.pk2.Pk2CryptoUtils - File mall_avatar_m_newhalloween_hat.ddj is not encrypted , flags not exists
07:15:15.046 [main] INFO org.soky.sro.pk2.io.Pk2IOTest - Consuming 4244 byte(s) from file mall_avatar_m_newhalloween_hat.ddj with size 4244 
07:15:15.046 [main] DEBUG org.sokybot.pk2.Pk2CryptoUtils - File mall_avatar_m_noblesse.ddj is not encrypted , flags not exists
07:15:15.046 [main] INFO org.soky.sro.pk2.io.Pk2IOTest - Consuming 4244 byte(s) from file mall_avatar_m_noblesse.ddj with size 4244 
07:15:15.046 [main] DEBUG org.sokybot.pk2.Pk2CryptoUtils - File mall_avatar_m_noblesse_attach.ddj is not encrypted , flags not exists
07:15:15.046 [main] INFO org.soky.sro.pk2.io.Pk2IOTest - Consuming 4244 byte(s) from file mall_avatar_m_noblesse_attach.ddj with size 4244 
07:15:15.046 [main] DEBUG org.sokybot.pk2.Pk2CryptoUtils - File mall_avatar_m_noblesse_hat.ddj is not encrypted , flags not exists
07:15:15.046 [main] INFO org.soky.sro.pk2.io.Pk2IOTest - Consuming 4244 byte(s) from file mall_avatar_m_noblesse_hat.ddj with size 4244 
07:15:15.047 [main] DEBUG org.sokybot.pk2.Pk2CryptoUtils - File mall_avatar_m_phoenix_dress.ddj is not encrypted , flags not exists
07:15:15.047 [main] INFO org.soky.sro.pk2.io.Pk2IOTest - Consuming 4244 byte(s) from file mall_avatar_m_phoenix_dress.ddj with size 4244 
07:15:15.047 [main] DEBUG org.sokybot.pk2.Pk2CryptoUtils - File mall_avatar_m_phoenix_dress_hat.ddj is not encrypted , flags not exists
07:15:15.047 [main] INFO org.soky.sro.pk2.io.Pk2IOTest - Consuming 660 byte(s) from file mall_avatar_m_phoenix_dress_hat.ddj with size 660 
07:15:15.047 [main] DEBUG org.sokybot.pk2.Pk2CryptoUtils - File mall_avatar_m_pirate.ddj is not encrypted , flags not exists
07:15:15.047 [main] INFO org.soky.sro.pk2.io.Pk2IOTest - Consuming 4244 byte(s) from file mall_avatar_m_pirate.ddj with size 4244 
07:15:15.047 [main] DEBUG org.sokybot.pk2.Pk2CryptoUtils - File mall_avatar_m_piratecrew.ddj is not encrypted , flags not exists
07:15:15.047 [main] INFO org.soky.sro.pk2.io.Pk2IOTest - Consuming 4244 byte(s) from file mall_avatar_m_piratecrew.ddj with size 4244 
07:15:15.047 [main] DEBUG org.sokybot.pk2.Pk2CryptoUtils - File mall_avatar_m_piratecrew_attach.ddj is not encrypted , flags not exists
07:15:15.047 [main] INFO org.soky.sro.pk2.io.Pk2IOTest - Consuming 4244 byte(s) from file mall_avatar_m_piratecrew_attach.ddj with size 4244 
07:15:15.048 [main] DEBUG org.sokybot.pk2.Pk2CryptoUtils - File mall_avatar_m_piratecrew_hat.ddj is not encrypted , flags not exists
07:15:15.048 [main] INFO org.soky.sro.pk2.io.Pk2IOTest - Consuming 4244 byte(s) from file mall_avatar_m_piratecrew_hat.ddj with size 4244 
07:15:15.048 [main] DEBUG org.sokybot.pk2.Pk2CryptoUtils - File mall_avatar_m_pirate_attach.ddj is not encrypted , flags not exists
07:15:15.048 [main] INFO org.soky.sro.pk2.io.Pk2IOTest - Consuming 4244 byte(s) from file mall_avatar_m_pirate_attach.ddj with size 4244 
07:15:15.048 [main] DEBUG org.sokybot.pk2.Pk2CryptoUtils - File mall_avatar_m_pirate_hat.ddj is not encrypted , flags not exists
07:15:15.048 [main] INFO org.soky.sro.pk2.io.Pk2IOTest - Consuming 4244 byte(s) from file mall_avatar_m_pirate_hat.ddj with size 4244 
07:15:15.048 [main] DEBUG org.sokybot.pk2.Pk2CryptoUtils - File mall_avatar_m_redhood.ddj is not encrypted , flags not exists
07:15:15.048 [main] INFO org.soky.sro.pk2.io.Pk2IOTest - Consuming 4244 byte(s) from file mall_avatar_m_redhood.ddj with size 4244 
07:15:15.048 [main] DEBUG org.sokybot.pk2.Pk2CryptoUtils - File mall_avatar_m_redhood_attach_girl.ddj is not encrypted , flags not exists
07:15:15.049 [main] INFO org.soky.sro.pk2.io.Pk2IOTest - Consuming 4244 byte(s) from file mall_avatar_m_redhood_attach_girl.ddj with size 4244 
07:15:15.049 [main] DEBUG org.sokybot.pk2.Pk2CryptoUtils - File mall_avatar_m_redhood_attach_wolf.ddj is not encrypted , flags not exists
07:15:15.049 [main] INFO org.soky.sro.pk2.io.Pk2IOTest - Consuming 4244 byte(s) from file mall_avatar_m_redhood_attach_wolf.ddj with size 4244 
07:15:15.049 [main] DEBUG org.sokybot.pk2.Pk2CryptoUtils - File mall_avatar_m_redhood_hat.ddj is not encrypted , flags not exists
07:15:15.049 [main] INFO org.soky.sro.pk2.io.Pk2IOTest - Consuming 4244 byte(s) from file mall_avatar_m_redhood_hat.ddj with size 4244 
07:15:15.049 [main] DEBUG org.sokybot.pk2.Pk2CryptoUtils - File mall_avatar_m_saintwarrior.ddj is not encrypted , flags not exists
07:15:15.049 [main] INFO org.soky.sro.pk2.io.Pk2IOTest - Consuming 4244 byte(s) from file mall_avatar_m_saintwarrior.ddj with size 4244 
07:15:15.049 [main] DEBUG org.sokybot.pk2.Pk2CryptoUtils - File mall_avatar_m_saintwarrior_attach.ddj is not encrypted , flags not exists
07:15:15.049 [main] INFO org.soky.sro.pk2.io.Pk2IOTest - Consuming 4244 byte(s) from file mall_avatar_m_saintwarrior_attach.ddj with size 4244 
07:15:15.050 [main] DEBUG org.sokybot.pk2.Pk2CryptoUtils - File mall_avatar_m_saintwarrior_hat.ddj is not encrypted , flags not exists
07:15:15.050 [main] INFO org.soky.sro.pk2.io.Pk2IOTest - Consuming 4244 byte(s) from file mall_avatar_m_saintwarrior_hat.ddj with size 4244 
07:15:15.050 [main] DEBUG org.sokybot.pk2.Pk2CryptoUtils - File mall_avatar_m_santa.ddj is not encrypted , flags not exists
07:15:15.050 [main] INFO org.soky.sro.pk2.io.Pk2IOTest - Consuming 4244 byte(s) from file mall_avatar_m_santa.ddj with size 4244 
07:15:15.050 [main] DEBUG org.sokybot.pk2.Pk2CryptoUtils - File mall_avatar_m_santa_hat.ddj is not encrypted , flags not exists
07:15:15.050 [main] INFO org.soky.sro.pk2.io.Pk2IOTest - Consuming 4244 byte(s) from file mall_avatar_m_santa_hat.ddj with size 4244 
07:15:15.050 [main] DEBUG org.sokybot.pk2.Pk2CryptoUtils - File mall_avatar_m_saytan_dress.ddj is not encrypted , flags not exists
07:15:15.050 [main] INFO org.soky.sro.pk2.io.Pk2IOTest - Consuming 4244 byte(s) from file mall_avatar_m_saytan_dress.ddj with size 4244 
07:15:15.051 [main] DEBUG org.sokybot.pk2.Pk2CryptoUtils - File mall_avatar_m_saytan_dress_attach.ddj is not encrypted , flags not exists
07:15:15.051 [main] INFO org.soky.sro.pk2.io.Pk2IOTest - Consuming 4244 byte(s) from file mall_avatar_m_saytan_dress_attach.ddj with size 4244 
07:15:15.051 [main] DEBUG org.sokybot.pk2.Pk2CryptoUtils - File mall_avatar_m_saytan_dress_hat.ddj is not encrypted , flags not exists
07:15:15.051 [main] INFO org.soky.sro.pk2.io.Pk2IOTest - Consuming 4244 byte(s) from file mall_avatar_m_saytan_dress_hat.ddj with size 4244 
07:15:15.051 [main] DEBUG org.sokybot.pk2.Pk2CryptoUtils - File mall_avatar_m_shogun.ddj is not encrypted , flags not exists
07:15:15.051 [main] INFO org.soky.sro.pk2.io.Pk2IOTest - Consuming 4244 byte(s) from file mall_avatar_m_shogun.ddj with size 4244 
07:15:15.051 [main] DEBUG org.sokybot.pk2.Pk2CryptoUtils - File mall_avatar_m_shogun_attach.ddj is not encrypted , flags not exists
07:15:15.051 [main] INFO org.soky.sro.pk2.io.Pk2IOTest - Consuming 4244 byte(s) from file mall_avatar_m_shogun_attach.ddj with size 4244 
07:15:15.051 [main] DEBUG org.sokybot.pk2.Pk2CryptoUtils - File mall_avatar_m_shogun_hat.ddj is not encrypted , flags not exists
07:15:15.052 [main] INFO org.soky.sro.pk2.io.Pk2IOTest - Consuming 4244 byte(s) from file mall_avatar_m_shogun_hat.ddj with size 4244 
07:15:15.052 [main] DEBUG org.sokybot.pk2.Pk2CryptoUtils - File mall_avatar_m_sparta.ddj is not encrypted , flags not exists
07:15:15.052 [main] INFO org.soky.sro.pk2.io.Pk2IOTest - Consuming 4244 byte(s) from file mall_avatar_m_sparta.ddj with size 4244 
07:15:15.052 [main] DEBUG org.sokybot.pk2.Pk2CryptoUtils - File mall_avatar_m_sparta_attach.ddj is not encrypted , flags not exists
07:15:15.052 [main] INFO org.soky.sro.pk2.io.Pk2IOTest - Consuming 4244 byte(s) from file mall_avatar_m_sparta_attach.ddj with size 4244 
07:15:15.052 [main] DEBUG org.sokybot.pk2.Pk2CryptoUtils - File mall_avatar_m_sparta_hat.ddj is not encrypted , flags not exists
07:15:15.052 [main] INFO org.soky.sro.pk2.io.Pk2IOTest - Consuming 4244 byte(s) from file mall_avatar_m_sparta_hat.ddj with size 4244 
07:15:15.052 [main] DEBUG org.sokybot.pk2.Pk2CryptoUtils - File mall_avatar_m_steampunk.ddj is not encrypted , flags not exists
07:15:15.052 [main] INFO org.soky.sro.pk2.io.Pk2IOTest - Consuming 4244 byte(s) from file mall_avatar_m_steampunk.ddj with size 4244 
07:15:15.053 [main] DEBUG org.sokybot.pk2.Pk2CryptoUtils - File mall_avatar_m_steampunk_attach.ddj is not encrypted , flags not exists
07:15:15.053 [main] INFO org.soky.sro.pk2.io.Pk2IOTest - Consuming 4244 byte(s) from file mall_avatar_m_steampunk_attach.ddj with size 4244 
07:15:15.053 [main] DEBUG org.sokybot.pk2.Pk2CryptoUtils - File mall_avatar_m_steampunk_hat.ddj is not encrypted , flags not exists
07:15:15.053 [main] INFO org.soky.sro.pk2.io.Pk2IOTest - Consuming 4244 byte(s) from file mall_avatar_m_steampunk_hat.ddj with size 4244 
07:15:15.053 [main] DEBUG org.sokybot.pk2.Pk2CryptoUtils - File mall_avatar_m_turkey.ddj is not encrypted , flags not exists
07:15:15.053 [main] INFO org.soky.sro.pk2.io.Pk2IOTest - Consuming 4244 byte(s) from file mall_avatar_m_turkey.ddj with size 4244 
07:15:15.053 [main] DEBUG org.sokybot.pk2.Pk2CryptoUtils - File mall_avatar_m_turkey_hat.ddj is not encrypted , flags not exists
07:15:15.053 [main] INFO org.soky.sro.pk2.io.Pk2IOTest - Consuming 4244 byte(s) from file mall_avatar_m_turkey_hat.ddj with size 4244 
07:15:15.053 [main] DEBUG org.sokybot.pk2.Pk2CryptoUtils - File mall_avatar_m_vampire.ddj is not encrypted , flags not exists
07:15:15.054 [main] INFO org.soky.sro.pk2.io.Pk2IOTest - Consuming 4244 byte(s) from file mall_avatar_m_vampire.ddj with size 4244 
07:15:15.054 [main] DEBUG org.sokybot.pk2.Pk2CryptoUtils - File mall_avatar_m_vampire_attach.ddj is not encrypted , flags not exists
07:15:15.054 [main] INFO org.soky.sro.pk2.io.Pk2IOTest - Consuming 4244 byte(s) from file mall_avatar_m_vampire_attach.ddj with size 4244 
07:15:15.054 [main] DEBUG org.sokybot.pk2.Pk2CryptoUtils - File mall_avatar_m_vampire_hat.ddj is not encrypted , flags not exists
07:15:15.054 [main] INFO org.soky.sro.pk2.io.Pk2IOTest - Consuming 4244 byte(s) from file mall_avatar_m_vampire_hat.ddj with size 4244 
07:15:15.054 [main] DEBUG org.sokybot.pk2.Pk2CryptoUtils - File mall_avatar_m_viking.ddj is not encrypted , flags not exists
07:15:15.054 [main] INFO org.soky.sro.pk2.io.Pk2IOTest - Consuming 4244 byte(s) from file mall_avatar_m_viking.ddj with size 4244 
07:15:15.054 [main] DEBUG org.sokybot.pk2.Pk2CryptoUtils - File mall_avatar_m_viking_attach.ddj is not encrypted , flags not exists
07:15:15.054 [main] INFO org.soky.sro.pk2.io.Pk2IOTest - Consuming 4244 byte(s) from file mall_avatar_m_viking_attach.ddj with size 4244 
07:15:15.055 [main] DEBUG org.sokybot.pk2.Pk2CryptoUtils - File mall_avatar_m_viking_hat.ddj is not encrypted , flags not exists
07:15:15.055 [main] INFO org.soky.sro.pk2.io.Pk2IOTest - Consuming 4244 byte(s) from file mall_avatar_m_viking_hat.ddj with size 4244 
07:15:15.055 [main] DEBUG org.sokybot.pk2.Pk2CryptoUtils - File mall_avatar_m_waterelement.ddj is not encrypted , flags not exists
07:15:15.055 [main] INFO org.soky.sro.pk2.io.Pk2IOTest - Consuming 4244 byte(s) from file mall_avatar_m_waterelement.ddj with size 4244 
07:15:15.055 [main] DEBUG org.sokybot.pk2.Pk2CryptoUtils - File mall_avatar_m_waterelement_attach.ddj is not encrypted , flags not exists
07:15:15.055 [main] INFO org.soky.sro.pk2.io.Pk2IOTest - Consuming 4244 byte(s) from file mall_avatar_m_waterelement_attach.ddj with size 4244 
07:15:15.055 [main] DEBUG org.sokybot.pk2.Pk2CryptoUtils - File mall_avatar_m_waterelement_hat.ddj is not encrypted , flags not exists
07:15:15.055 [main] INFO org.soky.sro.pk2.io.Pk2IOTest - Consuming 4244 byte(s) from file mall_avatar_m_waterelement_hat.ddj with size 4244 
07:15:15.056 [main] DEBUG org.sokybot.pk2.Pk2CryptoUtils - File mall_avatar_w_admiral.ddj is not encrypted , flags not exists
07:15:15.056 [main] INFO org.soky.sro.pk2.io.Pk2IOTest - Consuming 4244 byte(s) from file mall_avatar_w_admiral.ddj with size 4244 
07:15:15.056 [main] DEBUG org.sokybot.pk2.Pk2CryptoUtils - File mall_avatar_w_admiral_attach.ddj is not encrypted , flags not exists
07:15:15.056 [main] INFO org.soky.sro.pk2.io.Pk2IOTest - Consuming 4244 byte(s) from file mall_avatar_w_admiral_attach.ddj with size 4244 
07:15:15.056 [main] DEBUG org.sokybot.pk2.Pk2CryptoUtils - File mall_avatar_w_admiral_hat.ddj is not encrypted , flags not exists
07:15:15.056 [main] INFO org.soky.sro.pk2.io.Pk2IOTest - Consuming 4244 byte(s) from file mall_avatar_w_admiral_hat.ddj with size 4244 
07:15:15.056 [main] DEBUG org.sokybot.pk2.Pk2CryptoUtils - File mall_avatar_w_amalrun.ddj is not encrypted , flags not exists
07:15:15.056 [main] INFO org.soky.sro.pk2.io.Pk2IOTest - Consuming 4244 byte(s) from file mall_avatar_w_amalrun.ddj with size 4244 
07:15:15.056 [main] DEBUG org.sokybot.pk2.Pk2CryptoUtils - File mall_avatar_w_amalrun_blue.ddj is not encrypted , flags not exists
07:15:15.057 [main] INFO org.soky.sro.pk2.io.Pk2IOTest - Consuming 4244 byte(s) from file mall_avatar_w_amalrun_blue.ddj with size 4244 
07:15:15.057 [main] DEBUG org.sokybot.pk2.Pk2CryptoUtils - File mall_avatar_w_amalrun_yellow.ddj is not encrypted , flags not exists
07:15:15.057 [main] INFO org.soky.sro.pk2.io.Pk2IOTest - Consuming 4244 byte(s) from file mall_avatar_w_amalrun_yellow.ddj with size 4244 
07:15:15.057 [main] DEBUG org.sokybot.pk2.Pk2CryptoUtils - File mall_avatar_w_angel_powers_dress.ddj is not encrypted , flags not exists
07:15:15.057 [main] INFO org.soky.sro.pk2.io.Pk2IOTest - Consuming 4244 byte(s) from file mall_avatar_w_angel_powers_dress.ddj with size 4244 
07:15:15.057 [main] DEBUG org.sokybot.pk2.Pk2CryptoUtils - File mall_avatar_w_angel_powers_dress_hat.ddj is not encrypted , flags not exists
07:15:15.057 [main] INFO org.soky.sro.pk2.io.Pk2IOTest - Consuming 4244 byte(s) from file mall_avatar_w_angel_powers_dress_hat.ddj with size 4244 
07:15:15.057 [main] DEBUG org.sokybot.pk2.Pk2CryptoUtils - File mall_avatar_w_angel_wing.ddj is not encrypted , flags not exists
07:15:15.057 [main] INFO org.soky.sro.pk2.io.Pk2IOTest - Consuming 4244 byte(s) from file mall_avatar_w_angel_wing.ddj with size 4244 
07:15:15.058 [main] DEBUG org.sokybot.pk2.Pk2CryptoUtils - File mall_avatar_w_angel_wing_dress.ddj is not encrypted , flags not exists
07:15:15.058 [main] INFO org.soky.sro.pk2.io.Pk2IOTest - Consuming 4244 byte(s) from file mall_avatar_w_angel_wing_dress.ddj with size 4244 
07:15:15.058 [main] DEBUG org.sokybot.pk2.Pk2CryptoUtils - File mall_avatar_w_arabia.ddj is not encrypted , flags not exists
07:15:15.058 [main] INFO org.soky.sro.pk2.io.Pk2IOTest - Consuming 4244 byte(s) from file mall_avatar_w_arabia.ddj with size 4244 
07:15:15.058 [main] DEBUG org.sokybot.pk2.Pk2CryptoUtils - File mall_avatar_w_arabiandress.ddj is not encrypted , flags not exists
07:15:15.058 [main] INFO org.soky.sro.pk2.io.Pk2IOTest - Consuming 4244 byte(s) from file mall_avatar_w_arabiandress.ddj with size 4244 
07:15:15.058 [main] DEBUG org.sokybot.pk2.Pk2CryptoUtils - File mall_avatar_w_arabiandress_attach.ddj is not encrypted , flags not exists
07:15:15.058 [main] INFO org.soky.sro.pk2.io.Pk2IOTest - Consuming 4244 byte(s) from file mall_avatar_w_arabiandress_attach.ddj with size 4244 
07:15:15.058 [main] DEBUG org.sokybot.pk2.Pk2CryptoUtils - File mall_avatar_w_arabiandress_hat.ddj is not encrypted , flags not exists
07:15:15.059 [main] INFO org.soky.sro.pk2.io.Pk2IOTest - Consuming 4244 byte(s) from file mall_avatar_w_arabiandress_hat.ddj with size 4244 
07:15:15.059 [main] DEBUG org.sokybot.pk2.Pk2CryptoUtils - File mall_avatar_w_arabia_attach.ddj is not encrypted , flags not exists
07:15:15.059 [main] INFO org.soky.sro.pk2.io.Pk2IOTest - Consuming 4244 byte(s) from file mall_avatar_w_arabia_attach.ddj with size 4244 
07:15:15.059 [main] DEBUG org.sokybot.pk2.Pk2CryptoUtils - File mall_avatar_w_arabia_hat.ddj is not encrypted , flags not exists
07:15:15.059 [main] INFO org.soky.sro.pk2.io.Pk2IOTest - Consuming 4244 byte(s) from file mall_avatar_w_arabia_hat.ddj with size 4244 
07:15:15.059 [main] DEBUG org.sokybot.pk2.Pk2CryptoUtils - File mall_avatar_w_assassin.ddj is not encrypted , flags not exists
07:15:15.059 [main] INFO org.soky.sro.pk2.io.Pk2IOTest - Consuming 4244 byte(s) from file mall_avatar_w_assassin.ddj with size 4244 
07:15:15.059 [main] DEBUG org.sokybot.pk2.Pk2CryptoUtils - File mall_avatar_w_assassin_attach.ddj is not encrypted , flags not exists
07:15:15.059 [main] INFO org.soky.sro.pk2.io.Pk2IOTest - Consuming 4244 byte(s) from file mall_avatar_w_assassin_attach.ddj with size 4244 
07:15:15.060 [main] DEBUG org.sokybot.pk2.Pk2CryptoUtils - File mall_avatar_w_assassin_hat.ddj is not encrypted , flags not exists
07:15:15.060 [main] INFO org.soky.sro.pk2.io.Pk2IOTest - Consuming 4244 byte(s) from file mall_avatar_w_assassin_hat.ddj with size 4244 
07:15:15.060 [main] DEBUG org.sokybot.pk2.Pk2CryptoUtils - File mall_avatar_w_blackwing.ddj is not encrypted , flags not exists
07:15:15.060 [main] INFO org.soky.sro.pk2.io.Pk2IOTest - Consuming 2196 byte(s) from file mall_avatar_w_blackwing.ddj with size 2196 
07:15:15.060 [main] DEBUG org.sokybot.pk2.Pk2CryptoUtils - File mall_avatar_w_blackwing_hat.ddj is not encrypted , flags not exists
07:15:15.060 [main] INFO org.soky.sro.pk2.io.Pk2IOTest - Consuming 2196 byte(s) from file mall_avatar_w_blackwing_hat.ddj with size 2196 
07:15:15.060 [main] DEBUG org.sokybot.pk2.Pk2CryptoUtils - File mall_avatar_w_blue_soulknight.ddj is not encrypted , flags not exists
07:15:15.060 [main] INFO org.soky.sro.pk2.io.Pk2IOTest - Consuming 4244 byte(s) from file mall_avatar_w_blue_soulknight.ddj with size 4244 
07:15:15.060 [main] DEBUG org.sokybot.pk2.Pk2CryptoUtils - File mall_avatar_w_blue_soulknight_attach.ddj is not encrypted , flags not exists
07:15:15.060 [main] INFO org.soky.sro.pk2.io.Pk2IOTest - Consuming 4244 byte(s) from file mall_avatar_w_blue_soulknight_attach.ddj with size 4244 
07:15:15.061 [main] DEBUG org.sokybot.pk2.Pk2CryptoUtils - File mall_avatar_w_blue_soulknight_hat.ddj is not encrypted , flags not exists
07:15:15.061 [main] INFO org.soky.sro.pk2.io.Pk2IOTest - Consuming 4244 byte(s) from file mall_avatar_w_blue_soulknight_hat.ddj with size 4244 
07:15:15.061 [main] DEBUG org.sokybot.pk2.Pk2CryptoUtils - File mall_avatar_w_carnival.ddj is not encrypted , flags not exists
07:15:15.061 [main] INFO org.soky.sro.pk2.io.Pk2IOTest - Consuming 4244 byte(s) from file mall_avatar_w_carnival.ddj with size 4244 
07:15:15.061 [main] DEBUG org.sokybot.pk2.Pk2CryptoUtils - File mall_avatar_w_carnival_attach.ddj is not encrypted , flags not exists
07:15:15.061 [main] INFO org.soky.sro.pk2.io.Pk2IOTest - Consuming 4244 byte(s) from file mall_avatar_w_carnival_attach.ddj with size 4244 
07:15:15.061 [main] DEBUG org.sokybot.pk2.Pk2CryptoUtils - File mall_avatar_w_carnival_hat.ddj is not encrypted , flags not exists
07:15:15.061 [main] INFO org.soky.sro.pk2.io.Pk2IOTest - Consuming 4244 byte(s) from file mall_avatar_w_carnival_hat.ddj with size 4244 
07:15:15.061 [main] DEBUG org.sokybot.pk2.Pk2CryptoUtils - File mall_avatar_w_chingchu.ddj is not encrypted , flags not exists
07:15:15.061 [main] INFO org.soky.sro.pk2.io.Pk2IOTest - Consuming 4244 byte(s) from file mall_avatar_w_chingchu.ddj with size 4244 
07:15:15.062 [main] DEBUG org.sokybot.pk2.Pk2CryptoUtils - File mall_avatar_w_chingchu_attach.ddj is not encrypted , flags not exists
07:15:15.062 [main] INFO org.soky.sro.pk2.io.Pk2IOTest - Consuming 4244 byte(s) from file mall_avatar_w_chingchu_attach.ddj with size 4244 
07:15:15.062 [main] DEBUG org.sokybot.pk2.Pk2CryptoUtils - File mall_avatar_w_chingchu_hat.ddj is not encrypted , flags not exists
07:15:15.062 [main] INFO org.soky.sro.pk2.io.Pk2IOTest - Consuming 4244 byte(s) from file mall_avatar_w_chingchu_hat.ddj with size 4244 
07:15:15.062 [main] DEBUG org.sokybot.pk2.Pk2CryptoUtils - File mall_avatar_w_ch_wedding.ddj is not encrypted , flags not exists
07:15:15.062 [main] INFO org.soky.sro.pk2.io.Pk2IOTest - Consuming 4244 byte(s) from file mall_avatar_w_ch_wedding.ddj with size 4244 
07:15:15.062 [main] DEBUG org.sokybot.pk2.Pk2CryptoUtils - File mall_avatar_w_ch_wedding_hat.ddj is not encrypted , flags not exists
07:15:15.062 [main] INFO org.soky.sro.pk2.io.Pk2IOTest - Consuming 4244 byte(s) from file mall_avatar_w_ch_wedding_hat.ddj with size 4244 
07:15:15.062 [main] DEBUG org.sokybot.pk2.Pk2CryptoUtils - File mall_avatar_w_clown.ddj is not encrypted , flags not exists
07:15:15.063 [main] INFO org.soky.sro.pk2.io.Pk2IOTest - Consuming 4244 byte(s) from file mall_avatar_w_clown.ddj with size 4244 
07:15:15.063 [main] DEBUG org.sokybot.pk2.Pk2CryptoUtils - File mall_avatar_w_clown_attach.ddj is not encrypted , flags not exists
07:15:15.063 [main] INFO org.soky.sro.pk2.io.Pk2IOTest - Consuming 4244 byte(s) from file mall_avatar_w_clown_attach.ddj with size 4244 
07:15:15.063 [main] DEBUG org.sokybot.pk2.Pk2CryptoUtils - File mall_avatar_w_clown_hat.ddj is not encrypted , flags not exists
07:15:15.063 [main] INFO org.soky.sro.pk2.io.Pk2IOTest - Consuming 4244 byte(s) from file mall_avatar_w_clown_hat.ddj with size 4244 
07:15:15.063 [main] DEBUG org.sokybot.pk2.Pk2CryptoUtils - File mall_avatar_w_darklknight.ddj is not encrypted , flags not exists
07:15:15.063 [main] INFO org.soky.sro.pk2.io.Pk2IOTest - Consuming 4244 byte(s) from file mall_avatar_w_darklknight.ddj with size 4244 
07:15:15.063 [main] DEBUG org.sokybot.pk2.Pk2CryptoUtils - File mall_avatar_w_darklknight_attach.ddj is not encrypted , flags not exists
07:15:15.063 [main] INFO org.soky.sro.pk2.io.Pk2IOTest - Consuming 4244 byte(s) from file mall_avatar_w_darklknight_attach.ddj with size 4244 
07:15:15.064 [main] DEBUG org.sokybot.pk2.Pk2CryptoUtils - File mall_avatar_w_darklknight_hat.ddj is not encrypted , flags not exists
07:15:15.064 [main] INFO org.soky.sro.pk2.io.Pk2IOTest - Consuming 4244 byte(s) from file mall_avatar_w_darklknight_hat.ddj with size 4244 
07:15:15.064 [main] DEBUG org.sokybot.pk2.Pk2CryptoUtils - File mall_avatar_w_darkwarrior.ddj is not encrypted , flags not exists
07:15:15.064 [main] INFO org.soky.sro.pk2.io.Pk2IOTest - Consuming 4244 byte(s) from file mall_avatar_w_darkwarrior.ddj with size 4244 
07:15:15.064 [main] DEBUG org.sokybot.pk2.Pk2CryptoUtils - File mall_avatar_w_darkwarrior_attach.ddj is not encrypted , flags not exists
07:15:15.064 [main] INFO org.soky.sro.pk2.io.Pk2IOTest - Consuming 4244 byte(s) from file mall_avatar_w_darkwarrior_attach.ddj with size 4244 
07:15:15.064 [main] DEBUG org.sokybot.pk2.Pk2CryptoUtils - File mall_avatar_w_darkwarrior_hat.ddj is not encrypted , flags not exists
07:15:15.064 [main] INFO org.soky.sro.pk2.io.Pk2IOTest - Consuming 4244 byte(s) from file mall_avatar_w_darkwarrior_hat.ddj with size 4244 
07:15:15.064 [main] DEBUG org.sokybot.pk2.Pk2CryptoUtils - File mall_avatar_w_day_deathassassin.ddj is not encrypted , flags not exists
07:15:15.064 [main] INFO org.soky.sro.pk2.io.Pk2IOTest - Consuming 4244 byte(s) from file mall_avatar_w_day_deathassassin.ddj with size 4244 
07:15:15.065 [main] DEBUG org.sokybot.pk2.Pk2CryptoUtils - File mall_avatar_w_day_deathassassin_attach.ddj is not encrypted , flags not exists
07:15:15.065 [main] INFO org.soky.sro.pk2.io.Pk2IOTest - Consuming 4244 byte(s) from file mall_avatar_w_day_deathassassin_attach.ddj with size 4244 
07:15:15.065 [main] DEBUG org.sokybot.pk2.Pk2CryptoUtils - File mall_avatar_w_day_deathassassin_hat.ddj is not encrypted , flags not exists
07:15:15.065 [main] INFO org.soky.sro.pk2.io.Pk2IOTest - Consuming 4244 byte(s) from file mall_avatar_w_day_deathassassin_hat.ddj with size 4244 
07:15:15.065 [main] DEBUG org.sokybot.pk2.Pk2CryptoUtils - File mall_avatar_w_devil_wing_dress.ddj is not encrypted , flags not exists
07:15:15.065 [main] INFO org.soky.sro.pk2.io.Pk2IOTest - Consuming 4244 byte(s) from file mall_avatar_w_devil_wing_dress.ddj with size 4244 
07:15:15.065 [main] DEBUG org.sokybot.pk2.Pk2CryptoUtils - File mall_avatar_w_dragondress.ddj is not encrypted , flags not exists
07:15:15.065 [main] INFO org.soky.sro.pk2.io.Pk2IOTest - Consuming 4244 byte(s) from file mall_avatar_w_dragondress.ddj with size 4244 
07:15:15.066 [main] DEBUG org.sokybot.pk2.Pk2CryptoUtils - File mall_avatar_w_dragondress_attach.ddj is not encrypted , flags not exists
07:15:15.066 [main] INFO org.soky.sro.pk2.io.Pk2IOTest - Consuming 4244 byte(s) from file mall_avatar_w_dragondress_attach.ddj with size 4244 
07:15:15.066 [main] DEBUG org.sokybot.pk2.Pk2CryptoUtils - File mall_avatar_w_dragondress_hat.ddj is not encrypted , flags not exists
07:15:15.066 [main] INFO org.soky.sro.pk2.io.Pk2IOTest - Consuming 4244 byte(s) from file mall_avatar_w_dragondress_hat.ddj with size 4244 
07:15:15.066 [main] DEBUG org.sokybot.pk2.Pk2CryptoUtils - File mall_avatar_w_earthspirit.ddj is not encrypted , flags not exists
07:15:15.066 [main] INFO org.soky.sro.pk2.io.Pk2IOTest - Consuming 4244 byte(s) from file mall_avatar_w_earthspirit.ddj with size 4244 
07:15:15.066 [main] DEBUG org.sokybot.pk2.Pk2CryptoUtils - File mall_avatar_w_earthspirit_attach.ddj is not encrypted , flags not exists
07:15:15.066 [main] INFO org.soky.sro.pk2.io.Pk2IOTest - Consuming 4244 byte(s) from file mall_avatar_w_earthspirit_attach.ddj with size 4244 
07:15:15.066 [main] DEBUG org.sokybot.pk2.Pk2CryptoUtils - File mall_avatar_w_earthspirit_hat.ddj is not encrypted , flags not exists
07:15:15.067 [main] INFO org.soky.sro.pk2.io.Pk2IOTest - Consuming 4244 byte(s) from file mall_avatar_w_earthspirit_hat.ddj with size 4244 
07:15:15.067 [main] DEBUG org.sokybot.pk2.Pk2CryptoUtils - File mall_avatar_w_eu_wedding.ddj is not encrypted , flags not exists
07:15:15.067 [main] INFO org.soky.sro.pk2.io.Pk2IOTest - Consuming 4244 byte(s) from file mall_avatar_w_eu_wedding.ddj with size 4244 
07:15:15.067 [main] DEBUG org.sokybot.pk2.Pk2CryptoUtils - File mall_avatar_w_eu_wedding_hat.ddj is not encrypted , flags not exists
07:15:15.067 [main] INFO org.soky.sro.pk2.io.Pk2IOTest - Consuming 4244 byte(s) from file mall_avatar_w_eu_wedding_hat.ddj with size 4244 
07:15:15.067 [main] DEBUG org.sokybot.pk2.Pk2CryptoUtils - File mall_avatar_w_event_winter.ddj is not encrypted , flags not exists
07:15:15.067 [main] INFO org.soky.sro.pk2.io.Pk2IOTest - Consuming 4244 byte(s) from file mall_avatar_w_event_winter.ddj with size 4244 
07:15:15.067 [main] DEBUG org.sokybot.pk2.Pk2CryptoUtils - File mall_avatar_w_event_winter_attach.ddj is not encrypted , flags not exists
07:15:15.067 [main] INFO org.soky.sro.pk2.io.Pk2IOTest - Consuming 4244 byte(s) from file mall_avatar_w_event_winter_attach.ddj with size 4244 
07:15:15.068 [main] DEBUG org.sokybot.pk2.Pk2CryptoUtils - File mall_avatar_w_event_winter_hat.ddj is not encrypted , flags not exists
07:15:15.068 [main] INFO org.soky.sro.pk2.io.Pk2IOTest - Consuming 4244 byte(s) from file mall_avatar_w_event_winter_hat.ddj with size 4244 
07:15:15.068 [main] DEBUG org.sokybot.pk2.Pk2CryptoUtils - File mall_avatar_w_fairy.ddj is not encrypted , flags not exists
07:15:15.068 [main] INFO org.soky.sro.pk2.io.Pk2IOTest - Consuming 4244 byte(s) from file mall_avatar_w_fairy.ddj with size 4244 
07:15:15.068 [main] DEBUG org.sokybot.pk2.Pk2CryptoUtils - File mall_avatar_w_fairy_hat.ddj is not encrypted , flags not exists
07:15:15.068 [main] INFO org.soky.sro.pk2.io.Pk2IOTest - Consuming 4244 byte(s) from file mall_avatar_w_fairy_hat.ddj with size 4244 
07:15:15.068 [main] DEBUG org.sokybot.pk2.Pk2CryptoUtils - File mall_avatar_w_fox.ddj is not encrypted , flags not exists
07:15:15.068 [main] INFO org.soky.sro.pk2.io.Pk2IOTest - Consuming 4244 byte(s) from file mall_avatar_w_fox.ddj with size 4244 
07:15:15.068 [main] DEBUG org.sokybot.pk2.Pk2CryptoUtils - File mall_avatar_w_fox_attach.ddj is not encrypted , flags not exists
07:15:15.068 [main] INFO org.soky.sro.pk2.io.Pk2IOTest - Consuming 4244 byte(s) from file mall_avatar_w_fox_attach.ddj with size 4244 
07:15:15.069 [main] DEBUG org.sokybot.pk2.Pk2CryptoUtils - File mall_avatar_w_fox_hat.ddj is not encrypted , flags not exists
07:15:15.069 [main] INFO org.soky.sro.pk2.io.Pk2IOTest - Consuming 4244 byte(s) from file mall_avatar_w_fox_hat.ddj with size 4244 
07:15:15.069 [main] DEBUG org.sokybot.pk2.Pk2CryptoUtils - File mall_avatar_w_fur.ddj is not encrypted , flags not exists
07:15:15.069 [main] INFO org.soky.sro.pk2.io.Pk2IOTest - Consuming 4244 byte(s) from file mall_avatar_w_fur.ddj with size 4244 
07:15:15.069 [main] DEBUG org.sokybot.pk2.Pk2CryptoUtils - File mall_avatar_w_fur_hat.ddj is not encrypted , flags not exists
07:15:15.069 [main] INFO org.soky.sro.pk2.io.Pk2IOTest - Consuming 4244 byte(s) from file mall_avatar_w_fur_hat.ddj with size 4244 
07:15:15.069 [main] DEBUG org.sokybot.pk2.Pk2CryptoUtils - File mall_avatar_w_ghost_captain.ddj is not encrypted , flags not exists
07:15:15.069 [main] INFO org.soky.sro.pk2.io.Pk2IOTest - Consuming 4244 byte(s) from file mall_avatar_w_ghost_captain.ddj with size 4244 
07:15:15.069 [main] DEBUG org.sokybot.pk2.Pk2CryptoUtils - File mall_avatar_w_ghost_captain_attach.ddj is not encrypted , flags not exists
07:15:15.070 [main] INFO org.soky.sro.pk2.io.Pk2IOTest - Consuming 4244 byte(s) from file mall_avatar_w_ghost_captain_attach.ddj with size 4244 
07:15:15.070 [main] DEBUG org.sokybot.pk2.Pk2CryptoUtils - File mall_avatar_w_ghost_captain_hat.ddj is not encrypted , flags not exists
07:15:15.070 [main] INFO org.soky.sro.pk2.io.Pk2IOTest - Consuming 4244 byte(s) from file mall_avatar_w_ghost_captain_hat.ddj with size 4244 
07:15:15.070 [main] DEBUG org.sokybot.pk2.Pk2CryptoUtils - File mall_avatar_w_halloween.ddj is not encrypted , flags not exists
07:15:15.070 [main] INFO org.soky.sro.pk2.io.Pk2IOTest - Consuming 4244 byte(s) from file mall_avatar_w_halloween.ddj with size 4244 
07:15:15.070 [main] DEBUG org.sokybot.pk2.Pk2CryptoUtils - File mall_avatar_w_halloweendress.ddj is not encrypted , flags not exists
07:15:15.070 [main] INFO org.soky.sro.pk2.io.Pk2IOTest - Consuming 4244 byte(s) from file mall_avatar_w_halloweendress.ddj with size 4244 
07:15:15.070 [main] DEBUG org.sokybot.pk2.Pk2CryptoUtils - File mall_avatar_w_halloweendress_attach.ddj is not encrypted , flags not exists
07:15:15.070 [main] INFO org.soky.sro.pk2.io.Pk2IOTest - Consuming 4244 byte(s) from file mall_avatar_w_halloweendress_attach.ddj with size 4244 
07:15:15.071 [main] DEBUG org.sokybot.pk2.Pk2CryptoUtils - File mall_avatar_w_halloweendress_hat.ddj is not encrypted , flags not exists
07:15:15.071 [main] INFO org.soky.sro.pk2.io.Pk2IOTest - Consuming 4244 byte(s) from file mall_avatar_w_halloweendress_hat.ddj with size 4244 
07:15:15.071 [main] DEBUG org.sokybot.pk2.Pk2CryptoUtils - File mall_avatar_w_halloween_hat.ddj is not encrypted , flags not exists
07:15:15.071 [main] INFO org.soky.sro.pk2.io.Pk2IOTest - Consuming 4244 byte(s) from file mall_avatar_w_halloween_hat.ddj with size 4244 
07:15:15.071 [main] DEBUG org.sokybot.pk2.Pk2CryptoUtils - File mall_avatar_w_headknights.ddj is not encrypted , flags not exists
07:15:15.071 [main] INFO org.soky.sro.pk2.io.Pk2IOTest - Consuming 4244 byte(s) from file mall_avatar_w_headknights.ddj with size 4244 
07:15:15.072 [main] DEBUG org.sokybot.pk2.Pk2CryptoUtils - File mall_avatar_w_headknights_attach.ddj is not encrypted , flags not exists
07:15:15.072 [main] INFO org.soky.sro.pk2.io.Pk2IOTest - Consuming 4244 byte(s) from file mall_avatar_w_headknights_attach.ddj with size 4244 
07:15:15.072 [main] DEBUG org.sokybot.pk2.Pk2CryptoUtils - File mall_avatar_w_headknights_hat.ddj is not encrypted , flags not exists
07:15:15.072 [main] INFO org.soky.sro.pk2.io.Pk2IOTest - Consuming 4244 byte(s) from file mall_avatar_w_headknights_hat.ddj with size 4244 
07:15:15.072 [main] DEBUG org.sokybot.pk2.Pk2CryptoUtils - File mall_avatar_w_knight.ddj is not encrypted , flags not exists
07:15:15.072 [main] INFO org.soky.sro.pk2.io.Pk2IOTest - Consuming 4244 byte(s) from file mall_avatar_w_knight.ddj with size 4244 
07:15:15.072 [main] DEBUG org.sokybot.pk2.Pk2CryptoUtils - File mall_avatar_w_knight_hat.ddj is not encrypted , flags not exists
07:15:15.072 [main] INFO org.soky.sro.pk2.io.Pk2IOTest - Consuming 4244 byte(s) from file mall_avatar_w_knight_hat.ddj with size 4244 
07:15:15.072 [main] DEBUG org.sokybot.pk2.Pk2CryptoUtils - File mall_avatar_w_koreandress.ddj is not encrypted , flags not exists
07:15:15.073 [main] INFO org.soky.sro.pk2.io.Pk2IOTest - Consuming 4244 byte(s) from file mall_avatar_w_koreandress.ddj with size 4244 
07:15:15.073 [main] DEBUG org.sokybot.pk2.Pk2CryptoUtils - File mall_avatar_w_mummy.ddj is not encrypted , flags not exists
07:15:15.073 [main] INFO org.soky.sro.pk2.io.Pk2IOTest - Consuming 4244 byte(s) from file mall_avatar_w_mummy.ddj with size 4244 
07:15:15.073 [main] DEBUG org.sokybot.pk2.Pk2CryptoUtils - File mall_avatar_w_mummy_attach.ddj is not encrypted , flags not exists
07:15:15.073 [main] INFO org.soky.sro.pk2.io.Pk2IOTest - Consuming 4244 byte(s) from file mall_avatar_w_mummy_attach.ddj with size 4244 
07:15:15.073 [main] DEBUG org.sokybot.pk2.Pk2CryptoUtils - File mall_avatar_w_mummy_hat.ddj is not encrypted , flags not exists
07:15:15.073 [main] INFO org.soky.sro.pk2.io.Pk2IOTest - Consuming 4244 byte(s) from file mall_avatar_w_mummy_hat.ddj with size 4244 
07:15:15.073 [main] DEBUG org.sokybot.pk2.Pk2CryptoUtils - File mall_avatar_w_nasrun.ddj is not encrypted , flags not exists
07:15:15.074 [main] INFO org.soky.sro.pk2.io.Pk2IOTest - Consuming 4244 byte(s) from file mall_avatar_w_nasrun.ddj with size 4244 
07:15:15.074 [main] DEBUG org.sokybot.pk2.Pk2CryptoUtils - File mall_avatar_w_nasrun_blue.ddj is not encrypted , flags not exists
07:15:15.074 [main] INFO org.soky.sro.pk2.io.Pk2IOTest - Consuming 4244 byte(s) from file mall_avatar_w_nasrun_blue.ddj with size 4244 
07:15:15.074 [main] DEBUG org.sokybot.pk2.Pk2CryptoUtils - File mall_avatar_w_nasrun_yellow.ddj is not encrypted , flags not exists
07:15:15.074 [main] INFO org.soky.sro.pk2.io.Pk2IOTest - Consuming 4244 byte(s) from file mall_avatar_w_nasrun_yellow.ddj with size 4244 
07:15:15.074 [main] DEBUG org.sokybot.pk2.Pk2CryptoUtils - File mall_avatar_w_newangel.ddj is not encrypted , flags not exists
07:15:15.074 [main] INFO org.soky.sro.pk2.io.Pk2IOTest - Consuming 4244 byte(s) from file mall_avatar_w_newangel.ddj with size 4244 
07:15:15.074 [main] DEBUG org.sokybot.pk2.Pk2CryptoUtils - File mall_avatar_w_newangel_hat.ddj is not encrypted , flags not exists
07:15:15.074 [main] INFO org.soky.sro.pk2.io.Pk2IOTest - Consuming 4244 byte(s) from file mall_avatar_w_newangel_hat.ddj with size 4244 
07:15:15.075 [main] DEBUG org.sokybot.pk2.Pk2CryptoUtils - File mall_avatar_w_newdevil.ddj is not encrypted , flags not exists
07:15:15.075 [main] INFO org.soky.sro.pk2.io.Pk2IOTest - Consuming 4244 byte(s) from file mall_avatar_w_newdevil.ddj with size 4244 
07:15:15.075 [main] DEBUG org.sokybot.pk2.Pk2CryptoUtils - File mall_avatar_w_newdevil_hat.ddj is not encrypted , flags not exists
07:15:15.075 [main] INFO org.soky.sro.pk2.io.Pk2IOTest - Consuming 4244 byte(s) from file mall_avatar_w_newdevil_hat.ddj with size 4244 
07:15:15.075 [main] DEBUG org.sokybot.pk2.Pk2CryptoUtils - File mall_avatar_w_newhalloween.ddj is not encrypted , flags not exists
07:15:15.075 [main] INFO org.soky.sro.pk2.io.Pk2IOTest - Consuming 4244 byte(s) from file mall_avatar_w_newhalloween.ddj with size 4244 
07:15:15.075 [main] DEBUG org.sokybot.pk2.Pk2CryptoUtils - File mall_avatar_w_newhalloween_attach.ddj is not encrypted , flags not exists
07:15:15.075 [main] INFO org.soky.sro.pk2.io.Pk2IOTest - Consuming 4244 byte(s) from file mall_avatar_w_newhalloween_attach.ddj with size 4244 
07:15:15.076 [main] DEBUG org.sokybot.pk2.Pk2CryptoUtils - File mall_avatar_w_newhalloween_hat.ddj is not encrypted , flags not exists
07:15:15.076 [main] INFO org.soky.sro.pk2.io.Pk2IOTest - Consuming 4244 byte(s) from file mall_avatar_w_newhalloween_hat.ddj with size 4244 
07:15:15.076 [main] DEBUG org.sokybot.pk2.Pk2CryptoUtils - File mall_avatar_w_ninja.ddj is not encrypted , flags not exists
07:15:15.076 [main] INFO org.soky.sro.pk2.io.Pk2IOTest - Consuming 4244 byte(s) from file mall_avatar_w_ninja.ddj with size 4244 
07:15:15.076 [main] DEBUG org.sokybot.pk2.Pk2CryptoUtils - File mall_avatar_w_ninja_attach.ddj is not encrypted , flags not exists
07:15:15.076 [main] INFO org.soky.sro.pk2.io.Pk2IOTest - Consuming 4244 byte(s) from file mall_avatar_w_ninja_attach.ddj with size 4244 
07:15:15.076 [main] DEBUG org.sokybot.pk2.Pk2CryptoUtils - File mall_avatar_w_ninja_hat.ddj is not encrypted , flags not exists
07:15:15.077 [main] INFO org.soky.sro.pk2.io.Pk2IOTest - Consuming 4244 byte(s) from file mall_avatar_w_ninja_hat.ddj with size 4244 
07:15:15.077 [main] DEBUG org.sokybot.pk2.Pk2CryptoUtils - File mall_avatar_w_noblesse.ddj is not encrypted , flags not exists
07:15:15.077 [main] INFO org.soky.sro.pk2.io.Pk2IOTest - Consuming 4244 byte(s) from file mall_avatar_w_noblesse.ddj with size 4244 
07:15:15.077 [main] DEBUG org.sokybot.pk2.Pk2CryptoUtils - File mall_avatar_w_noblesse_attach.ddj is not encrypted , flags not exists
07:15:15.077 [main] INFO org.soky.sro.pk2.io.Pk2IOTest - Consuming 4244 byte(s) from file mall_avatar_w_noblesse_attach.ddj with size 4244 
07:15:15.078 [main] DEBUG org.sokybot.pk2.Pk2CryptoUtils - File mall_avatar_w_noblesse_hat.ddj is not encrypted , flags not exists
07:15:15.078 [main] INFO org.soky.sro.pk2.io.Pk2IOTest - Consuming 4244 byte(s) from file mall_avatar_w_noblesse_hat.ddj with size 4244 
07:15:15.078 [main] DEBUG org.sokybot.pk2.Pk2CryptoUtils - File mall_avatar_w_phoenix_dress.ddj is not encrypted , flags not exists
07:15:15.078 [main] INFO org.soky.sro.pk2.io.Pk2IOTest - Consuming 4244 byte(s) from file mall_avatar_w_phoenix_dress.ddj with size 4244 
07:15:15.078 [main] DEBUG org.sokybot.pk2.Pk2CryptoUtils - File mall_avatar_w_phoenix_dress_hat.ddj is not encrypted , flags not exists
07:15:15.078 [main] INFO org.soky.sro.pk2.io.Pk2IOTest - Consuming 660 byte(s) from file mall_avatar_w_phoenix_dress_hat.ddj with size 660 
07:15:15.078 [main] DEBUG org.sokybot.pk2.Pk2CryptoUtils - File mall_avatar_w_pirate.ddj is not encrypted , flags not exists
07:15:15.079 [main] INFO org.soky.sro.pk2.io.Pk2IOTest - Consuming 4244 byte(s) from file mall_avatar_w_pirate.ddj with size 4244 
07:15:15.079 [main] DEBUG org.sokybot.pk2.Pk2CryptoUtils - File mall_avatar_w_piratecrew.ddj is not encrypted , flags not exists
07:15:15.079 [main] INFO org.soky.sro.pk2.io.Pk2IOTest - Consuming 4244 byte(s) from file mall_avatar_w_piratecrew.ddj with size 4244 
07:15:15.079 [main] DEBUG org.sokybot.pk2.Pk2CryptoUtils - File mall_avatar_w_piratecrew_attach.ddj is not encrypted , flags not exists
07:15:15.079 [main] INFO org.soky.sro.pk2.io.Pk2IOTest - Consuming 4244 byte(s) from file mall_avatar_w_piratecrew_attach.ddj with size 4244 
07:15:15.080 [main] DEBUG org.sokybot.pk2.Pk2CryptoUtils - File mall_avatar_w_piratecrew_hat.ddj is not encrypted , flags not exists
07:15:15.080 [main] INFO org.soky.sro.pk2.io.Pk2IOTest - Consuming 4244 byte(s) from file mall_avatar_w_piratecrew_hat.ddj with size 4244 
07:15:15.080 [main] DEBUG org.sokybot.pk2.Pk2CryptoUtils - File mall_avatar_w_pirate_attach.ddj is not encrypted , flags not exists
07:15:15.080 [main] INFO org.soky.sro.pk2.io.Pk2IOTest - Consuming 4244 byte(s) from file mall_avatar_w_pirate_attach.ddj with size 4244 
07:15:15.080 [main] DEBUG org.sokybot.pk2.Pk2CryptoUtils - File mall_avatar_w_pirate_hat.ddj is not encrypted , flags not exists
07:15:15.080 [main] INFO org.soky.sro.pk2.io.Pk2IOTest - Consuming 4244 byte(s) from file mall_avatar_w_pirate_hat.ddj with size 4244 
07:15:15.080 [main] DEBUG org.sokybot.pk2.Pk2CryptoUtils - File mall_avatar_w_redhood.ddj is not encrypted , flags not exists
07:15:15.081 [main] INFO org.soky.sro.pk2.io.Pk2IOTest - Consuming 4244 byte(s) from file mall_avatar_w_redhood.ddj with size 4244 
07:15:15.081 [main] DEBUG org.sokybot.pk2.Pk2CryptoUtils - File mall_avatar_w_redhood_attach_girl.ddj is not encrypted , flags not exists
07:15:15.081 [main] INFO org.soky.sro.pk2.io.Pk2IOTest - Consuming 4244 byte(s) from file mall_avatar_w_redhood_attach_girl.ddj with size 4244 
07:15:15.081 [main] DEBUG org.sokybot.pk2.Pk2CryptoUtils - File mall_avatar_w_redhood_attach_wolf.ddj is not encrypted , flags not exists
07:15:15.081 [main] INFO org.soky.sro.pk2.io.Pk2IOTest - Consuming 4244 byte(s) from file mall_avatar_w_redhood_attach_wolf.ddj with size 4244 
07:15:15.081 [main] DEBUG org.sokybot.pk2.Pk2CryptoUtils - File mall_avatar_w_redhood_hat.ddj is not encrypted , flags not exists
07:15:15.081 [main] INFO org.soky.sro.pk2.io.Pk2IOTest - Consuming 4244 byte(s) from file mall_avatar_w_redhood_hat.ddj with size 4244 
07:15:15.081 [main] DEBUG org.sokybot.pk2.Pk2CryptoUtils - File mall_avatar_w_saintwarrior.ddj is not encrypted , flags not exists
07:15:15.081 [main] INFO org.soky.sro.pk2.io.Pk2IOTest - Consuming 4244 byte(s) from file mall_avatar_w_saintwarrior.ddj with size 4244 
07:15:15.082 [main] DEBUG org.sokybot.pk2.Pk2CryptoUtils - File mall_avatar_w_saintwarrior_attach.ddj is not encrypted , flags not exists
07:15:15.082 [main] INFO org.soky.sro.pk2.io.Pk2IOTest - Consuming 4244 byte(s) from file mall_avatar_w_saintwarrior_attach.ddj with size 4244 
07:15:15.082 [main] DEBUG org.sokybot.pk2.Pk2CryptoUtils - File mall_avatar_w_saintwarrior_hat.ddj is not encrypted , flags not exists
07:15:15.082 [main] INFO org.soky.sro.pk2.io.Pk2IOTest - Consuming 4244 byte(s) from file mall_avatar_w_saintwarrior_hat.ddj with size 4244 
07:15:15.082 [main] DEBUG org.sokybot.pk2.Pk2CryptoUtils - File mall_avatar_w_santa.ddj is not encrypted , flags not exists
07:15:15.082 [main] INFO org.soky.sro.pk2.io.Pk2IOTest - Consuming 4244 byte(s) from file mall_avatar_w_santa.ddj with size 4244 
07:15:15.082 [main] DEBUG org.sokybot.pk2.Pk2CryptoUtils - File mall_avatar_w_santa_hat.ddj is not encrypted , flags not exists
07:15:15.082 [main] INFO org.soky.sro.pk2.io.Pk2IOTest - Consuming 4244 byte(s) from file mall_avatar_w_santa_hat.ddj with size 4244 
07:15:15.082 [main] DEBUG org.sokybot.pk2.Pk2CryptoUtils - File mall_avatar_w_saytan_dress.ddj is not encrypted , flags not exists
07:15:15.083 [main] INFO org.soky.sro.pk2.io.Pk2IOTest - Consuming 4244 byte(s) from file mall_avatar_w_saytan_dress.ddj with size 4244 
07:15:15.083 [main] DEBUG org.sokybot.pk2.Pk2CryptoUtils - File mall_avatar_w_saytan_dress_attach.ddj is not encrypted , flags not exists
07:15:15.083 [main] INFO org.soky.sro.pk2.io.Pk2IOTest - Consuming 4244 byte(s) from file mall_avatar_w_saytan_dress_attach.ddj with size 4244 
07:15:15.083 [main] DEBUG org.sokybot.pk2.Pk2CryptoUtils - File mall_avatar_w_saytan_dress_hat.ddj is not encrypted , flags not exists
07:15:15.083 [main] INFO org.soky.sro.pk2.io.Pk2IOTest - Consuming 4244 byte(s) from file mall_avatar_w_saytan_dress_hat.ddj with size 4244 
07:15:15.083 [main] DEBUG org.sokybot.pk2.Pk2CryptoUtils - File mall_avatar_w_sparta.ddj is not encrypted , flags not exists
07:15:15.083 [main] INFO org.soky.sro.pk2.io.Pk2IOTest - Consuming 4244 byte(s) from file mall_avatar_w_sparta.ddj with size 4244 
07:15:15.083 [main] DEBUG org.sokybot.pk2.Pk2CryptoUtils - File mall_avatar_w_sparta_attach.ddj is not encrypted , flags not exists
07:15:15.083 [main] INFO org.soky.sro.pk2.io.Pk2IOTest - Consuming 4244 byte(s) from file mall_avatar_w_sparta_attach.ddj with size 4244 
07:15:15.084 [main] DEBUG org.sokybot.pk2.Pk2CryptoUtils - File mall_avatar_w_sparta_hat.ddj is not encrypted , flags not exists
07:15:15.084 [main] INFO org.soky.sro.pk2.io.Pk2IOTest - Consuming 4244 byte(s) from file mall_avatar_w_sparta_hat.ddj with size 4244 
07:15:15.084 [main] DEBUG org.sokybot.pk2.Pk2CryptoUtils - File mall_avatar_w_steampunk.ddj is not encrypted , flags not exists
07:15:15.084 [main] INFO org.soky.sro.pk2.io.Pk2IOTest - Consuming 4244 byte(s) from file mall_avatar_w_steampunk.ddj with size 4244 
07:15:15.084 [main] DEBUG org.sokybot.pk2.Pk2CryptoUtils - File mall_avatar_w_steampunk_attach.ddj is not encrypted , flags not exists
07:15:15.084 [main] INFO org.soky.sro.pk2.io.Pk2IOTest - Consuming 4244 byte(s) from file mall_avatar_w_steampunk_attach.ddj with size 4244 
07:15:15.084 [main] DEBUG org.sokybot.pk2.Pk2CryptoUtils - File mall_avatar_w_steampunk_hat.ddj is not encrypted , flags not exists
07:15:15.084 [main] INFO org.soky.sro.pk2.io.Pk2IOTest - Consuming 4244 byte(s) from file mall_avatar_w_steampunk_hat.ddj with size 4244 
07:15:15.085 [main] DEBUG org.sokybot.pk2.Pk2CryptoUtils - File mall_avatar_w_turkey.ddj is not encrypted , flags not exists
07:15:15.085 [main] INFO org.soky.sro.pk2.io.Pk2IOTest - Consuming 4244 byte(s) from file mall_avatar_w_turkey.ddj with size 4244 
07:15:15.085 [main] DEBUG org.sokybot.pk2.Pk2CryptoUtils - File mall_avatar_w_turkey_hat.ddj is not encrypted , flags not exists
07:15:15.085 [main] INFO org.soky.sro.pk2.io.Pk2IOTest - Consuming 4244 byte(s) from file mall_avatar_w_turkey_hat.ddj with size 4244 
07:15:15.085 [main] DEBUG org.sokybot.pk2.Pk2CryptoUtils - File mall_avatar_w_vampire.ddj is not encrypted , flags not exists
07:15:15.085 [main] INFO org.soky.sro.pk2.io.Pk2IOTest - Consuming 4244 byte(s) from file mall_avatar_w_vampire.ddj with size 4244 
07:15:15.085 [main] DEBUG org.sokybot.pk2.Pk2CryptoUtils - File mall_avatar_w_vampire_attach.ddj is not encrypted , flags not exists
07:15:15.085 [main] INFO org.soky.sro.pk2.io.Pk2IOTest - Consuming 4244 byte(s) from file mall_avatar_w_vampire_attach.ddj with size 4244 
07:15:15.085 [main] DEBUG org.sokybot.pk2.Pk2CryptoUtils - File mall_avatar_w_vampire_hat.ddj is not encrypted , flags not exists
07:15:15.086 [main] INFO org.soky.sro.pk2.io.Pk2IOTest - Consuming 4244 byte(s) from file mall_avatar_w_vampire_hat.ddj with size 4244 
07:15:15.086 [main] DEBUG org.sokybot.pk2.Pk2CryptoUtils - File mall_avatar_w_viking.ddj is not encrypted , flags not exists
07:15:15.086 [main] INFO org.soky.sro.pk2.io.Pk2IOTest - Consuming 4244 byte(s) from file mall_avatar_w_viking.ddj with size 4244 
07:15:15.086 [main] DEBUG org.sokybot.pk2.Pk2CryptoUtils - File mall_avatar_w_viking_attach.ddj is not encrypted , flags not exists
07:15:15.086 [main] INFO org.soky.sro.pk2.io.Pk2IOTest - Consuming 4244 byte(s) from file mall_avatar_w_viking_attach.ddj with size 4244 
07:15:15.086 [main] DEBUG org.sokybot.pk2.Pk2CryptoUtils - File mall_avatar_w_viking_hat.ddj is not encrypted , flags not exists
07:15:15.086 [main] INFO org.soky.sro.pk2.io.Pk2IOTest - Consuming 4244 byte(s) from file mall_avatar_w_viking_hat.ddj with size 4244 
07:15:15.086 [main] DEBUG org.sokybot.pk2.Pk2CryptoUtils - File mall_avatar_w_waterelement.ddj is not encrypted , flags not exists
07:15:15.086 [main] INFO org.soky.sro.pk2.io.Pk2IOTest - Consuming 4244 byte(s) from file mall_avatar_w_waterelement.ddj with size 4244 
07:15:15.087 [main] DEBUG org.sokybot.pk2.Pk2CryptoUtils - File mall_avatar_w_waterelement_attach.ddj is not encrypted , flags not exists
07:15:15.087 [main] INFO org.soky.sro.pk2.io.Pk2IOTest - Consuming 4244 byte(s) from file mall_avatar_w_waterelement_attach.ddj with size 4244 
07:15:15.087 [main] DEBUG org.sokybot.pk2.Pk2CryptoUtils - File mall_avatar_w_waterelement_hat.ddj is not encrypted , flags not exists
07:15:15.087 [main] INFO org.soky.sro.pk2.io.Pk2IOTest - Consuming 4244 byte(s) from file mall_avatar_w_waterelement_hat.ddj with size 4244 
07:15:15.087 [main] DEBUG org.sokybot.pk2.Pk2CryptoUtils - File mall_booth_mob_bigeyeghost.ddj is not encrypted , flags not exists
07:15:15.087 [main] INFO org.soky.sro.pk2.io.Pk2IOTest - Consuming 2196 byte(s) from file mall_booth_mob_bigeyeghost.ddj with size 2196 
07:15:15.087 [main] DEBUG org.sokybot.pk2.Pk2CryptoUtils - File mall_booth_mob_earthghost.ddj is not encrypted , flags not exists
07:15:15.087 [main] INFO org.soky.sro.pk2.io.Pk2IOTest - Consuming 2196 byte(s) from file mall_booth_mob_earthghost.ddj with size 2196 
07:15:15.087 [main] DEBUG org.sokybot.pk2.Pk2CryptoUtils - File mall_booth_mob_mangyang.ddj is not encrypted , flags not exists
07:15:15.088 [main] INFO org.soky.sro.pk2.io.Pk2IOTest - Consuming 2196 byte(s) from file mall_booth_mob_mangyang.ddj with size 2196 
07:15:15.088 [main] DEBUG org.sokybot.pk2.Pk2CryptoUtils - File mall_mabt_ch_m_bandit_blacktiger_ha.ddj is not encrypted , flags not exists
07:15:15.088 [main] INFO org.soky.sro.pk2.io.Pk2IOTest - Consuming 2196 byte(s) from file mall_mabt_ch_m_bandit_blacktiger_ha.ddj with size 2196 
07:15:15.088 [main] DEBUG org.sokybot.pk2.Pk2CryptoUtils - File mall_mabt_ch_m_bandit_tiger_ha.ddj is not encrypted , flags not exists
07:15:15.088 [main] INFO org.soky.sro.pk2.io.Pk2IOTest - Consuming 2196 byte(s) from file mall_mabt_ch_m_bandit_tiger_ha.ddj with size 2196 
07:15:15.088 [main] DEBUG org.sokybot.pk2.Pk2CryptoUtils - File mall_mabt_ch_m_bandit_whitetiger_ha.ddj is not encrypted , flags not exists
07:15:15.088 [main] INFO org.soky.sro.pk2.io.Pk2IOTest - Consuming 2196 byte(s) from file mall_mabt_ch_m_bandit_whitetiger_ha.ddj with size 2196 
07:15:15.088 [main] DEBUG org.sokybot.pk2.Pk2CryptoUtils - File mall_mabt_ch_m_chakji_ha.ddj is not encrypted , flags not exists
07:15:15.088 [main] INFO org.soky.sro.pk2.io.Pk2IOTest - Consuming 2196 byte(s) from file mall_mabt_ch_m_chakji_ha.ddj with size 2196 
07:15:15.088 [main] DEBUG org.sokybot.pk2.Pk2CryptoUtils - File mall_mabt_ch_m_yeoha_ha.ddj is not encrypted , flags not exists
07:15:15.089 [main] INFO org.soky.sro.pk2.io.Pk2IOTest - Consuming 2196 byte(s) from file mall_mabt_ch_m_yeoha_ha.ddj with size 2196 
07:15:15.089 [main] DEBUG org.sokybot.pk2.Pk2CryptoUtils - File mall_mabt_ch_w_bandit_blacktiger_ha.ddj is not encrypted , flags not exists
07:15:15.089 [main] INFO org.soky.sro.pk2.io.Pk2IOTest - Consuming 2196 byte(s) from file mall_mabt_ch_w_bandit_blacktiger_ha.ddj with size 2196 
07:15:15.089 [main] DEBUG org.sokybot.pk2.Pk2CryptoUtils - File mall_mabt_ch_w_bandit_tiger_ha.ddj is not encrypted , flags not exists
07:15:15.089 [main] INFO org.soky.sro.pk2.io.Pk2IOTest - Consuming 2196 byte(s) from file mall_mabt_ch_w_bandit_tiger_ha.ddj with size 2196 
07:15:15.089 [main] DEBUG org.sokybot.pk2.Pk2CryptoUtils - File mall_mabt_ch_w_bandit_whitetiger_ha.ddj is not encrypted , flags not exists
07:15:15.089 [main] INFO org.soky.sro.pk2.io.Pk2IOTest - Consuming 2196 byte(s) from file mall_mabt_ch_w_bandit_whitetiger_ha.ddj with size 2196 
07:15:15.089 [main] DEBUG org.sokybot.pk2.Pk2CryptoUtils - File mall_mabt_ch_w_chakji_ha.ddj is not encrypted , flags not exists
07:15:15.089 [main] INFO org.soky.sro.pk2.io.Pk2IOTest - Consuming 2196 byte(s) from file mall_mabt_ch_w_chakji_ha.ddj with size 2196 
07:15:15.089 [main] DEBUG org.sokybot.pk2.Pk2CryptoUtils - File mall_mabt_ch_w_yeoha_ha.ddj is not encrypted , flags not exists
07:15:15.089 [main] INFO org.soky.sro.pk2.io.Pk2IOTest - Consuming 2196 byte(s) from file mall_mabt_ch_w_yeoha_ha.ddj with size 2196 
07:15:15.090 [main] DEBUG org.sokybot.pk2.Pk2CryptoUtils - File worldcup_m_cheer_hat.ddj is not encrypted , flags not exists
07:15:15.090 [main] INFO org.soky.sro.pk2.io.Pk2IOTest - Consuming 4244 byte(s) from file worldcup_m_cheer_hat.ddj with size 4244 
07:15:15.090 [main] DEBUG org.sokybot.pk2.Pk2CryptoUtils - File worldcup_w_cheer_hat.ddj is not encrypted , flags not exists
07:15:15.090 [main] INFO org.soky.sro.pk2.io.Pk2IOTest - Consuming 4244 byte(s) from file worldcup_w_cheer_hat.ddj with size 4244 
07:15:15.090 [main] DEBUG org.sokybot.pk2.Pk2CryptoUtils - File avatar_m_steampunk.ddj is not encrypted , flags not exists
07:15:15.090 [main] INFO org.soky.sro.pk2.io.Pk2IOTest - Consuming 660 byte(s) from file avatar_m_steampunk.ddj with size 660 
07:15:15.090 [main] DEBUG org.sokybot.pk2.Pk2CryptoUtils - File avatar_m_steampunk_attach.ddj is not encrypted , flags not exists
07:15:15.090 [main] INFO org.soky.sro.pk2.io.Pk2IOTest - Consuming 660 byte(s) from file avatar_m_steampunk_attach.ddj with size 660 
07:15:15.090 [main] DEBUG org.sokybot.pk2.Pk2CryptoUtils - File avatar_m_steampunk_hat.ddj is not encrypted , flags not exists
07:15:15.090 [main] INFO org.soky.sro.pk2.io.Pk2IOTest - Consuming 660 byte(s) from file avatar_m_steampunk_hat.ddj with size 660 
07:15:15.091 [main] DEBUG org.sokybot.pk2.Pk2CryptoUtils - File avatar_w_steampunk.ddj is not encrypted , flags not exists
07:15:15.091 [main] INFO org.soky.sro.pk2.io.Pk2IOTest - Consuming 660 byte(s) from file avatar_w_steampunk.ddj with size 660 
07:15:15.091 [main] DEBUG org.sokybot.pk2.Pk2CryptoUtils - File avatar_w_steampunk_attach.ddj is not encrypted , flags not exists
07:15:15.091 [main] INFO org.soky.sro.pk2.io.Pk2IOTest - Consuming 660 byte(s) from file avatar_w_steampunk_attach.ddj with size 660 
07:15:15.091 [main] DEBUG org.sokybot.pk2.Pk2CryptoUtils - File avatar_w_steampunk_hat.ddj is not encrypted , flags not exists
07:15:15.091 [main] INFO org.soky.sro.pk2.io.Pk2IOTest - Consuming 660 byte(s) from file avatar_w_steampunk_hat.ddj with size 660 
07:15:15.091 [main] DEBUG org.sokybot.pk2.Pk2CryptoUtils - File mall_avatar_m_hwarang.ddj is not encrypted , flags not exists
07:15:15.091 [main] INFO org.soky.sro.pk2.io.Pk2IOTest - Consuming 5608 byte(s) from file mall_avatar_m_hwarang.ddj with size 5608 
07:15:15.091 [main] DEBUG org.sokybot.pk2.Pk2CryptoUtils - File mall_avatar_m_hwarang_attach.ddj is not encrypted , flags not exists
07:15:15.091 [main] INFO org.soky.sro.pk2.io.Pk2IOTest - Consuming 5608 byte(s) from file mall_avatar_m_hwarang_attach.ddj with size 5608 
07:15:15.092 [main] DEBUG org.sokybot.pk2.Pk2CryptoUtils - File mall_avatar_m_hwarang_hat.ddj is not encrypted , flags not exists
07:15:15.092 [main] INFO org.soky.sro.pk2.io.Pk2IOTest - Consuming 5608 byte(s) from file mall_avatar_m_hwarang_hat.ddj with size 5608 
07:15:15.092 [main] DEBUG org.sokybot.pk2.Pk2CryptoUtils - File mall_avatar_w_hwarang.ddj is not encrypted , flags not exists
07:15:15.092 [main] INFO org.soky.sro.pk2.io.Pk2IOTest - Consuming 5608 byte(s) from file mall_avatar_w_hwarang.ddj with size 5608 
07:15:15.092 [main] DEBUG org.sokybot.pk2.Pk2CryptoUtils - File mall_avatar_w_hwarang_attach.ddj is not encrypted , flags not exists
07:15:15.092 [main] INFO org.soky.sro.pk2.io.Pk2IOTest - Consuming 5608 byte(s) from file mall_avatar_w_hwarang_attach.ddj with size 5608 
07:15:15.092 [main] DEBUG org.sokybot.pk2.Pk2CryptoUtils - File mall_avatar_w_hwarang_hat.ddj is not encrypted , flags not exists
07:15:15.092 [main] INFO org.soky.sro.pk2.io.Pk2IOTest - Consuming 5608 byte(s) from file mall_avatar_w_hwarang_hat.ddj with size 5608 
07:15:15.093 [main] DEBUG org.sokybot.pk2.Pk2CryptoUtils - File mall_avatar_m_steampunk_wing.ddj is not encrypted , flags not exists
07:15:15.093 [main] INFO org.soky.sro.pk2.io.Pk2IOTest - Consuming 660 byte(s) from file mall_avatar_m_steampunk_wing.ddj with size 660 
07:15:15.093 [main] DEBUG org.sokybot.pk2.Pk2CryptoUtils - File mall_avatar_w_steampunk_wing.ddj is not encrypted , flags not exists
07:15:15.093 [main] INFO org.soky.sro.pk2.io.Pk2IOTest - Consuming 660 byte(s) from file mall_avatar_w_steampunk_wing.ddj with size 660 
07:15:15.093 [main] DEBUG org.sokybot.pk2.Pk2CryptoUtils - File easterdress.ddj is not encrypted , flags not exists
07:15:15.093 [main] INFO org.soky.sro.pk2.io.Pk2IOTest - Consuming 1172 byte(s) from file easterdress.ddj with size 1172 
07:15:15.093 [main] DEBUG org.sokybot.pk2.Pk2CryptoUtils - File easterhat.ddj is not encrypted , flags not exists
07:15:15.093 [main] INFO org.soky.sro.pk2.io.Pk2IOTest - Consuming 1172 byte(s) from file easterhat.ddj with size 1172 
07:15:15.093 [main] DEBUG org.sokybot.pk2.Pk2CryptoUtils - File mall_doclex_man_creeds.ddj is not encrypted , flags not exists
07:15:15.093 [main] INFO org.soky.sro.pk2.io.Pk2IOTest - Consuming 1172 byte(s) from file mall_doclex_man_creeds.ddj with size 1172 
07:15:15.093 [main] DEBUG org.sokybot.pk2.Pk2CryptoUtils - File mall_doclex_man_creeds_attach.ddj is not encrypted , flags not exists
07:15:15.093 [main] INFO org.soky.sro.pk2.io.Pk2IOTest - Consuming 1172 byte(s) from file mall_doclex_man_creeds_attach.ddj with size 1172 
07:15:15.094 [main] DEBUG org.sokybot.pk2.Pk2CryptoUtils - File mall_doclex_man_creeds_hat.ddj is not encrypted , flags not exists
07:15:15.094 [main] INFO org.soky.sro.pk2.io.Pk2IOTest - Consuming 1172 byte(s) from file mall_doclex_man_creeds_hat.ddj with size 1172 
07:15:15.094 [main] DEBUG org.sokybot.pk2.Pk2CryptoUtils - File mall_doclex_women_creeds.ddj is not encrypted , flags not exists
07:15:15.094 [main] INFO org.soky.sro.pk2.io.Pk2IOTest - Consuming 1172 byte(s) from file mall_doclex_women_creeds.ddj with size 1172 
07:15:15.094 [main] DEBUG org.sokybot.pk2.Pk2CryptoUtils - File mall_doclex_women_creeds_attach.ddj is not encrypted , flags not exists
07:15:15.094 [main] INFO org.soky.sro.pk2.io.Pk2IOTest - Consuming 1172 byte(s) from file mall_doclex_women_creeds_attach.ddj with size 1172 
07:15:15.094 [main] DEBUG org.sokybot.pk2.Pk2CryptoUtils - File mall_doclex_women_creeds_hat.ddj is not encrypted , flags not exists
07:15:15.094 [main] INFO org.soky.sro.pk2.io.Pk2IOTest - Consuming 1172 byte(s) from file mall_doclex_women_creeds_hat.ddj with size 1172 
07:15:15.094 [main] DEBUG org.sokybot.pk2.Pk2CryptoUtils - File mall_avatar_m_divine.ddj is not encrypted , flags not exists
07:15:15.094 [main] INFO org.soky.sro.pk2.io.Pk2IOTest - Consuming 4244 byte(s) from file mall_avatar_m_divine.ddj with size 4244 
07:15:15.095 [main] DEBUG org.sokybot.pk2.Pk2CryptoUtils - File mall_avatar_m_divine_attach.ddj is not encrypted , flags not exists
07:15:15.095 [main] INFO org.soky.sro.pk2.io.Pk2IOTest - Consuming 4244 byte(s) from file mall_avatar_m_divine_attach.ddj with size 4244 
07:15:15.095 [main] DEBUG org.sokybot.pk2.Pk2CryptoUtils - File mall_avatar_m_divine_hat.ddj is not encrypted , flags not exists
07:15:15.095 [main] INFO org.soky.sro.pk2.io.Pk2IOTest - Consuming 4244 byte(s) from file mall_avatar_m_divine_hat.ddj with size 4244 
07:15:15.095 [main] DEBUG org.sokybot.pk2.Pk2CryptoUtils - File mall_avatar_w_divine.ddj is not encrypted , flags not exists
07:15:15.095 [main] INFO org.soky.sro.pk2.io.Pk2IOTest - Consuming 4244 byte(s) from file mall_avatar_w_divine.ddj with size 4244 
07:15:15.095 [main] DEBUG org.sokybot.pk2.Pk2CryptoUtils - File mall_avatar_w_divine_attach.ddj is not encrypted , flags not exists
07:15:15.095 [main] INFO org.soky.sro.pk2.io.Pk2IOTest - Consuming 4244 byte(s) from file mall_avatar_w_divine_attach.ddj with size 4244 
07:15:15.095 [main] DEBUG org.sokybot.pk2.Pk2CryptoUtils - File mall_avatar_w_divine_hat.ddj is not encrypted , flags not exists
07:15:15.095 [main] INFO org.soky.sro.pk2.io.Pk2IOTest - Consuming 4244 byte(s) from file mall_avatar_w_divine_hat.ddj with size 4244 
07:15:15.096 [main] DEBUG org.sokybot.pk2.Pk2CryptoUtils - File avatar_mdoc_aviator.ddj is not encrypted , flags not exists
07:15:15.096 [main] INFO org.soky.sro.pk2.io.Pk2IOTest - Consuming 1172 byte(s) from file avatar_mdoc_aviator.ddj with size 1172 
07:15:15.096 [main] DEBUG org.sokybot.pk2.Pk2CryptoUtils - File avatar_mdoc_aviator_attach.ddj is not encrypted , flags not exists
07:15:15.096 [main] INFO org.soky.sro.pk2.io.Pk2IOTest - Consuming 1172 byte(s) from file avatar_mdoc_aviator_attach.ddj with size 1172 
07:15:15.096 [main] DEBUG org.sokybot.pk2.Pk2CryptoUtils - File avatar_mdoc_aviator_hat.ddj is not encrypted , flags not exists
07:15:15.096 [main] INFO org.soky.sro.pk2.io.Pk2IOTest - Consuming 1172 byte(s) from file avatar_mdoc_aviator_hat.ddj with size 1172 
07:15:15.096 [main] DEBUG org.sokybot.pk2.Pk2CryptoUtils - File avatar_wdoc_aviator.ddj is not encrypted , flags not exists
07:15:15.096 [main] INFO org.soky.sro.pk2.io.Pk2IOTest - Consuming 1172 byte(s) from file avatar_wdoc_aviator.ddj with size 1172 
07:15:15.096 [main] DEBUG org.sokybot.pk2.Pk2CryptoUtils - File avatar_wdoc_aviator_attach.ddj is not encrypted , flags not exists
07:15:15.096 [main] INFO org.soky.sro.pk2.io.Pk2IOTest - Consuming 1172 byte(s) from file avatar_wdoc_aviator_attach.ddj with size 1172 
07:15:15.097 [main] DEBUG org.sokybot.pk2.Pk2CryptoUtils - File avatar_wdoc_aviator_hat.ddj is not encrypted , flags not exists
07:15:15.097 [main] INFO org.soky.sro.pk2.io.Pk2IOTest - Consuming 1172 byte(s) from file avatar_wdoc_aviator_hat.ddj with size 1172 
07:15:15.097 [main] DEBUG org.sokybot.pk2.Pk2CryptoUtils - File mall_avatar_m_devil.ddj is not encrypted , flags not exists
07:15:15.097 [main] INFO org.soky.sro.pk2.io.Pk2IOTest - Consuming 1172 byte(s) from file mall_avatar_m_devil.ddj with size 1172 
07:15:15.097 [main] DEBUG org.sokybot.pk2.Pk2CryptoUtils - File mall_avatar_w_devil.ddj is not encrypted , flags not exists
07:15:15.097 [main] INFO org.soky.sro.pk2.io.Pk2IOTest - Consuming 1172 byte(s) from file mall_avatar_w_devil.ddj with size 1172 
07:15:15.097 [main] DEBUG org.sokybot.pk2.Pk2CryptoUtils - File mall_avatar_m_arabib.ddj is not encrypted , flags not exists
07:15:15.097 [main] INFO org.soky.sro.pk2.io.Pk2IOTest - Consuming 1172 byte(s) from file mall_avatar_m_arabib.ddj with size 1172 
07:15:15.097 [main] DEBUG org.sokybot.pk2.Pk2CryptoUtils - File mall_avatar_m_arabib_attach.ddj is not encrypted , flags not exists
07:15:15.097 [main] INFO org.soky.sro.pk2.io.Pk2IOTest - Consuming 1172 byte(s) from file mall_avatar_m_arabib_attach.ddj with size 1172 
07:15:15.097 [main] DEBUG org.sokybot.pk2.Pk2CryptoUtils - File mall_avatar_m_arabib_hat.ddj is not encrypted , flags not exists
07:15:15.097 [main] INFO org.soky.sro.pk2.io.Pk2IOTest - Consuming 1172 byte(s) from file mall_avatar_m_arabib_hat.ddj with size 1172 
07:15:15.098 [main] DEBUG org.sokybot.pk2.Pk2CryptoUtils - File mall_avatar_w_arabib.ddj is not encrypted , flags not exists
07:15:15.098 [main] INFO org.soky.sro.pk2.io.Pk2IOTest - Consuming 1172 byte(s) from file mall_avatar_w_arabib.ddj with size 1172 
07:15:15.098 [main] DEBUG org.sokybot.pk2.Pk2CryptoUtils - File mall_avatar_w_arabib_attach.ddj is not encrypted , flags not exists
07:15:15.098 [main] INFO org.soky.sro.pk2.io.Pk2IOTest - Consuming 1172 byte(s) from file mall_avatar_w_arabib_attach.ddj with size 1172 
07:15:15.098 [main] DEBUG org.sokybot.pk2.Pk2CryptoUtils - File mall_avatar_w_arabib_hat.ddj is not encrypted , flags not exists
07:15:15.098 [main] INFO org.soky.sro.pk2.io.Pk2IOTest - Consuming 1172 byte(s) from file mall_avatar_w_arabib_hat.ddj with size 1172 
07:15:15.098 [main] DEBUG org.sokybot.pk2.Pk2CryptoUtils - File mall_avatar_m_chaoslord.ddj is not encrypted , flags not exists
07:15:15.098 [main] INFO org.soky.sro.pk2.io.Pk2IOTest - Consuming 1172 byte(s) from file mall_avatar_m_chaoslord.ddj with size 1172 
07:15:15.098 [main] DEBUG org.sokybot.pk2.Pk2CryptoUtils - File mall_avatar_m_chaoslord_attach.ddj is not encrypted , flags not exists
07:15:15.098 [main] INFO org.soky.sro.pk2.io.Pk2IOTest - Consuming 1172 byte(s) from file mall_avatar_m_chaoslord_attach.ddj with size 1172 
07:15:15.098 [main] DEBUG org.sokybot.pk2.Pk2CryptoUtils - File mall_avatar_m_chaoslord_hat.ddj is not encrypted , flags not exists
07:15:15.098 [main] INFO org.soky.sro.pk2.io.Pk2IOTest - Consuming 1172 byte(s) from file mall_avatar_m_chaoslord_hat.ddj with size 1172 
07:15:15.099 [main] DEBUG org.sokybot.pk2.Pk2CryptoUtils - File mall_avatar_m_salamander.ddj is not encrypted , flags not exists
07:15:15.099 [main] INFO org.soky.sro.pk2.io.Pk2IOTest - Consuming 1172 byte(s) from file mall_avatar_m_salamander.ddj with size 1172 
07:15:15.099 [main] DEBUG org.sokybot.pk2.Pk2CryptoUtils - File mall_avatar_m_salamander_attach.ddj is not encrypted , flags not exists
07:15:15.099 [main] INFO org.soky.sro.pk2.io.Pk2IOTest - Consuming 1172 byte(s) from file mall_avatar_m_salamander_attach.ddj with size 1172 
07:15:15.099 [main] DEBUG org.sokybot.pk2.Pk2CryptoUtils - File mall_avatar_m_salamander_hat.ddj is not encrypted , flags not exists
07:15:15.099 [main] INFO org.soky.sro.pk2.io.Pk2IOTest - Consuming 1172 byte(s) from file mall_avatar_m_salamander_hat.ddj with size 1172 
07:15:15.099 [main] DEBUG org.sokybot.pk2.Pk2CryptoUtils - File mall_avatar_w_chaoslord.ddj is not encrypted , flags not exists
07:15:15.099 [main] INFO org.soky.sro.pk2.io.Pk2IOTest - Consuming 1172 byte(s) from file mall_avatar_w_chaoslord.ddj with size 1172 
07:15:15.099 [main] DEBUG org.sokybot.pk2.Pk2CryptoUtils - File mall_avatar_w_chaoslord_attach.ddj is not encrypted , flags not exists
07:15:15.099 [main] INFO org.soky.sro.pk2.io.Pk2IOTest - Consuming 1172 byte(s) from file mall_avatar_w_chaoslord_attach.ddj with size 1172 
07:15:15.099 [main] DEBUG org.sokybot.pk2.Pk2CryptoUtils - File mall_avatar_w_chaoslord_hat.ddj is not encrypted , flags not exists
07:15:15.099 [main] INFO org.soky.sro.pk2.io.Pk2IOTest - Consuming 1172 byte(s) from file mall_avatar_w_chaoslord_hat.ddj with size 1172 
07:15:15.100 [main] DEBUG org.sokybot.pk2.Pk2CryptoUtils - File mall_avatar_w_salamander.ddj is not encrypted , flags not exists
07:15:15.100 [main] INFO org.soky.sro.pk2.io.Pk2IOTest - Consuming 1172 byte(s) from file mall_avatar_w_salamander.ddj with size 1172 
07:15:15.100 [main] DEBUG org.sokybot.pk2.Pk2CryptoUtils - File mall_avatar_w_salamander_attach.ddj is not encrypted , flags not exists
07:15:15.100 [main] INFO org.soky.sro.pk2.io.Pk2IOTest - Consuming 1172 byte(s) from file mall_avatar_w_salamander_attach.ddj with size 1172 
07:15:15.100 [main] DEBUG org.sokybot.pk2.Pk2CryptoUtils - File mall_avatar_w_salamander_hat.ddj is not encrypted , flags not exists
07:15:15.100 [main] INFO org.soky.sro.pk2.io.Pk2IOTest - Consuming 1172 byte(s) from file mall_avatar_w_salamander_hat.ddj with size 1172 
07:15:15.100 [main] DEBUG org.sokybot.pk2.Pk2CryptoUtils - File mall_avatar_m_azurwarrior.ddj is not encrypted , flags not exists
07:15:15.100 [main] INFO org.soky.sro.pk2.io.Pk2IOTest - Consuming 1172 byte(s) from file mall_avatar_m_azurwarrior.ddj with size 1172 
07:15:15.100 [main] DEBUG org.sokybot.pk2.Pk2CryptoUtils - File mall_avatar_m_azurwarrior_attach.ddj is not encrypted , flags not exists
07:15:15.100 [main] INFO org.soky.sro.pk2.io.Pk2IOTest - Consuming 1172 byte(s) from file mall_avatar_m_azurwarrior_attach.ddj with size 1172 
07:15:15.100 [main] DEBUG org.sokybot.pk2.Pk2CryptoUtils - File mall_avatar_m_azurwarrior_hat.ddj is not encrypted , flags not exists
07:15:15.100 [main] INFO org.soky.sro.pk2.io.Pk2IOTest - Consuming 1172 byte(s) from file mall_avatar_m_azurwarrior_hat.ddj with size 1172 
07:15:15.101 [main] DEBUG org.sokybot.pk2.Pk2CryptoUtils - File mall_avatar_w_azurwarrior.ddj is not encrypted , flags not exists
07:15:15.101 [main] INFO org.soky.sro.pk2.io.Pk2IOTest - Consuming 1172 byte(s) from file mall_avatar_w_azurwarrior.ddj with size 1172 
07:15:15.101 [main] DEBUG org.sokybot.pk2.Pk2CryptoUtils - File mall_avatar_w_azurwarrior_attach.ddj is not encrypted , flags not exists
07:15:15.101 [main] INFO org.soky.sro.pk2.io.Pk2IOTest - Consuming 1172 byte(s) from file mall_avatar_w_azurwarrior_attach.ddj with size 1172 
07:15:15.101 [main] DEBUG org.sokybot.pk2.Pk2CryptoUtils - File mall_avatar_w_azurwarrior_hat.ddj is not encrypted , flags not exists
07:15:15.101 [main] INFO org.soky.sro.pk2.io.Pk2IOTest - Consuming 1172 byte(s) from file mall_avatar_w_azurwarrior_hat.ddj with size 1172 
07:15:15.101 [main] DEBUG org.sokybot.pk2.Pk2CryptoUtils - File mall_avatar_m_fydress09.ddj is not encrypted , flags not exists
07:15:15.101 [main] INFO org.soky.sro.pk2.io.Pk2IOTest - Consuming 1540 byte(s) from file mall_avatar_m_fydress09.ddj with size 1540 
07:15:15.101 [main] DEBUG org.sokybot.pk2.Pk2CryptoUtils - File mall_avatar_m_fydress09_attach.ddj is not encrypted , flags not exists
07:15:15.101 [main] INFO org.soky.sro.pk2.io.Pk2IOTest - Consuming 1540 byte(s) from file mall_avatar_m_fydress09_attach.ddj with size 1540 
07:15:15.101 [main] DEBUG org.sokybot.pk2.Pk2CryptoUtils - File mall_avatar_m_fydress09_hat.ddj is not encrypted , flags not exists
07:15:15.101 [main] INFO org.soky.sro.pk2.io.Pk2IOTest - Consuming 1540 byte(s) from file mall_avatar_m_fydress09_hat.ddj with size 1540 
07:15:15.102 [main] DEBUG org.sokybot.pk2.Pk2CryptoUtils - File mall_avatar_w_fydress09.ddj is not encrypted , flags not exists
07:15:15.102 [main] INFO org.soky.sro.pk2.io.Pk2IOTest - Consuming 1540 byte(s) from file mall_avatar_w_fydress09.ddj with size 1540 
07:15:15.102 [main] DEBUG org.sokybot.pk2.Pk2CryptoUtils - File mall_avatar_w_fydress09_attach.ddj is not encrypted , flags not exists
07:15:15.102 [main] INFO org.soky.sro.pk2.io.Pk2IOTest - Consuming 1540 byte(s) from file mall_avatar_w_fydress09_attach.ddj with size 1540 
07:15:15.102 [main] DEBUG org.sokybot.pk2.Pk2CryptoUtils - File mall_avatar_w_fydress09_hat.ddj is not encrypted , flags not exists
07:15:15.102 [main] INFO org.soky.sro.pk2.io.Pk2IOTest - Consuming 1540 byte(s) from file mall_avatar_w_fydress09_hat.ddj with size 1540 
07:15:15.102 [main] DEBUG org.sokybot.pk2.Pk2CryptoUtils - File nam9.ddj is not encrypted , flags not exists
07:15:15.102 [main] INFO org.soky.sro.pk2.io.Pk2IOTest - Consuming 660 byte(s) from file nam9.ddj with size 660 
07:15:15.102 [main] DEBUG org.sokybot.pk2.Pk2CryptoUtils - File nu9.ddj is not encrypted , flags not exists
07:15:15.102 [main] INFO org.soky.sro.pk2.io.Pk2IOTest - Consuming 660 byte(s) from file nu9.ddj with size 660 
07:15:15.102 [main] DEBUG org.sokybot.pk2.Pk2CryptoUtils - File mage.ddj is not encrypted , flags not exists
07:15:15.102 [main] INFO org.soky.sro.pk2.io.Pk2IOTest - Consuming 660 byte(s) from file mage.ddj with size 660 
07:15:15.103 [main] DEBUG org.sokybot.pk2.Pk2CryptoUtils - File mage_attach.ddj is not encrypted , flags not exists
07:15:15.103 [main] INFO org.soky.sro.pk2.io.Pk2IOTest - Consuming 660 byte(s) from file mage_attach.ddj with size 660 
07:15:15.103 [main] DEBUG org.sokybot.pk2.Pk2CryptoUtils - File m_mage_hat.ddj is not encrypted , flags not exists
07:15:15.103 [main] INFO org.soky.sro.pk2.io.Pk2IOTest - Consuming 660 byte(s) from file m_mage_hat.ddj with size 660 
07:15:15.103 [main] DEBUG org.sokybot.pk2.Pk2CryptoUtils - File m_warsenator_hat.ddj is not encrypted , flags not exists
07:15:15.103 [main] INFO org.soky.sro.pk2.io.Pk2IOTest - Consuming 660 byte(s) from file m_warsenator_hat.ddj with size 660 
07:15:15.103 [main] DEBUG org.sokybot.pk2.Pk2CryptoUtils - File warsenator.ddj is not encrypted , flags not exists
07:15:15.103 [main] INFO org.soky.sro.pk2.io.Pk2IOTest - Consuming 660 byte(s) from file warsenator.ddj with size 660 
07:15:15.103 [main] DEBUG org.sokybot.pk2.Pk2CryptoUtils - File warsenator_attach.ddj is not encrypted , flags not exists
07:15:15.103 [main] INFO org.soky.sro.pk2.io.Pk2IOTest - Consuming 660 byte(s) from file warsenator_attach.ddj with size 660 
07:15:15.103 [main] DEBUG org.sokybot.pk2.Pk2CryptoUtils - File w_mage_hat.ddj is not encrypted , flags not exists
07:15:15.103 [main] INFO org.soky.sro.pk2.io.Pk2IOTest - Consuming 660 byte(s) from file w_mage_hat.ddj with size 660 
07:15:15.104 [main] DEBUG org.sokybot.pk2.Pk2CryptoUtils - File w_warsenator_hat.ddj is not encrypted , flags not exists
07:15:15.104 [main] INFO org.soky.sro.pk2.io.Pk2IOTest - Consuming 660 byte(s) from file w_warsenator_hat.ddj with size 660 
07:15:15.104 [main] DEBUG org.sokybot.pk2.Pk2CryptoUtils - File earring_09.ddj is not encrypted , flags not exists
07:15:15.104 [main] INFO org.soky.sro.pk2.io.Pk2IOTest - Consuming 2196 byte(s) from file earring_09.ddj with size 2196 
07:15:15.104 [main] DEBUG org.sokybot.pk2.Pk2CryptoUtils - File necklace_09.ddj is not encrypted , flags not exists
07:15:15.104 [main] INFO org.soky.sro.pk2.io.Pk2IOTest - Consuming 2196 byte(s) from file necklace_09.ddj with size 2196 
07:15:15.105 [main] DEBUG org.sokybot.pk2.Pk2CryptoUtils - File ring_09.ddj is not encrypted , flags not exists
07:15:15.105 [main] INFO org.soky.sro.pk2.io.Pk2IOTest - Consuming 2196 byte(s) from file ring_09.ddj with size 2196 
07:15:15.105 [main] DEBUG org.sokybot.pk2.Pk2CryptoUtils - File clothes_09_aa.ddj is not encrypted , flags not exists
07:15:15.105 [main] INFO org.soky.sro.pk2.io.Pk2IOTest - Consuming 2196 byte(s) from file clothes_09_aa.ddj with size 2196 
07:15:15.105 [main] DEBUG org.sokybot.pk2.Pk2CryptoUtils - File clothes_09_ba.ddj is not encrypted , flags not exists
07:15:15.105 [main] INFO org.soky.sro.pk2.io.Pk2IOTest - Consuming 2196 byte(s) from file clothes_09_ba.ddj with size 2196 
07:15:15.105 [main] DEBUG org.sokybot.pk2.Pk2CryptoUtils - File clothes_09_ca.ddj is not encrypted , flags not exists
07:15:15.105 [main] INFO org.soky.sro.pk2.io.Pk2IOTest - Consuming 2196 byte(s) from file clothes_09_ca.ddj with size 2196 
07:15:15.105 [main] DEBUG org.sokybot.pk2.Pk2CryptoUtils - File clothes_09_fa.ddj is not encrypted , flags not exists
07:15:15.106 [main] INFO org.soky.sro.pk2.io.Pk2IOTest - Consuming 2196 byte(s) from file clothes_09_fa.ddj with size 2196 
07:15:15.106 [main] DEBUG org.sokybot.pk2.Pk2CryptoUtils - File clothes_09_ha.ddj is not encrypted , flags not exists
07:15:15.106 [main] INFO org.soky.sro.pk2.io.Pk2IOTest - Consuming 2196 byte(s) from file clothes_09_ha.ddj with size 2196 
07:15:15.106 [main] DEBUG org.sokybot.pk2.Pk2CryptoUtils - File clothes_09_la.ddj is not encrypted , flags not exists
07:15:15.106 [main] INFO org.soky.sro.pk2.io.Pk2IOTest - Consuming 2196 byte(s) from file clothes_09_la.ddj with size 2196 
07:15:15.106 [main] DEBUG org.sokybot.pk2.Pk2CryptoUtils - File clothes_09_sa.ddj is not encrypted , flags not exists
07:15:15.106 [main] INFO org.soky.sro.pk2.io.Pk2IOTest - Consuming 2196 byte(s) from file clothes_09_sa.ddj with size 2196 
07:15:15.106 [main] DEBUG org.sokybot.pk2.Pk2CryptoUtils - File frpvp_voucher_a.ddj is not encrypted , flags not exists
07:15:15.106 [main] INFO org.soky.sro.pk2.io.Pk2IOTest - Consuming 2196 byte(s) from file frpvp_voucher_a.ddj with size 2196 
07:15:15.106 [main] DEBUG org.sokybot.pk2.Pk2CryptoUtils - File frpvp_voucher_b.ddj is not encrypted , flags not exists
07:15:15.107 [main] INFO org.soky.sro.pk2.io.Pk2IOTest - Consuming 2196 byte(s) from file frpvp_voucher_b.ddj with size 2196 
07:15:15.107 [main] DEBUG org.sokybot.pk2.Pk2CryptoUtils - File frpvp_voucher_c.ddj is not encrypted , flags not exists
07:15:15.107 [main] INFO org.soky.sro.pk2.io.Pk2IOTest - Consuming 2196 byte(s) from file frpvp_voucher_c.ddj with size 2196 
07:15:15.107 [main] DEBUG org.sokybot.pk2.Pk2CryptoUtils - File frpvp_voucher_d.ddj is not encrypted , flags not exists
07:15:15.107 [main] INFO org.soky.sro.pk2.io.Pk2IOTest - Consuming 2196 byte(s) from file frpvp_voucher_d.ddj with size 2196 
07:15:15.107 [main] DEBUG org.sokybot.pk2.Pk2CryptoUtils - File frpvp_voucher_e.ddj is not encrypted , flags not exists
07:15:15.107 [main] INFO org.soky.sro.pk2.io.Pk2IOTest - Consuming 2196 byte(s) from file frpvp_voucher_e.ddj with size 2196 
07:15:15.107 [main] DEBUG org.sokybot.pk2.Pk2CryptoUtils - File heavy_09_aa.ddj is not encrypted , flags not exists
07:15:15.107 [main] INFO org.soky.sro.pk2.io.Pk2IOTest - Consuming 2196 byte(s) from file heavy_09_aa.ddj with size 2196 
07:15:15.107 [main] DEBUG org.sokybot.pk2.Pk2CryptoUtils - File heavy_09_ba.ddj is not encrypted , flags not exists
07:15:15.107 [main] INFO org.soky.sro.pk2.io.Pk2IOTest - Consuming 2196 byte(s) from file heavy_09_ba.ddj with size 2196 
07:15:15.108 [main] DEBUG org.sokybot.pk2.Pk2CryptoUtils - File heavy_09_ca.ddj is not encrypted , flags not exists
07:15:15.108 [main] INFO org.soky.sro.pk2.io.Pk2IOTest - Consuming 2196 byte(s) from file heavy_09_ca.ddj with size 2196 
07:15:15.108 [main] DEBUG org.sokybot.pk2.Pk2CryptoUtils - File heavy_09_fa.ddj is not encrypted , flags not exists
07:15:15.108 [main] INFO org.soky.sro.pk2.io.Pk2IOTest - Consuming 2196 byte(s) from file heavy_09_fa.ddj with size 2196 
07:15:15.108 [main] DEBUG org.sokybot.pk2.Pk2CryptoUtils - File heavy_09_ha.ddj is not encrypted , flags not exists
07:15:15.108 [main] INFO org.soky.sro.pk2.io.Pk2IOTest - Consuming 2196 byte(s) from file heavy_09_ha.ddj with size 2196 
07:15:15.108 [main] DEBUG org.sokybot.pk2.Pk2CryptoUtils - File heavy_09_la.ddj is not encrypted , flags not exists
07:15:15.108 [main] INFO org.soky.sro.pk2.io.Pk2IOTest - Consuming 2196 byte(s) from file heavy_09_la.ddj with size 2196 
07:15:15.108 [main] DEBUG org.sokybot.pk2.Pk2CryptoUtils - File heavy_09_sa.ddj is not encrypted , flags not exists
07:15:15.108 [main] INFO org.soky.sro.pk2.io.Pk2IOTest - Consuming 2196 byte(s) from file heavy_09_sa.ddj with size 2196 
07:15:15.109 [main] DEBUG org.sokybot.pk2.Pk2CryptoUtils - File light_09_aa.ddj is not encrypted , flags not exists
07:15:15.109 [main] INFO org.soky.sro.pk2.io.Pk2IOTest - Consuming 2196 byte(s) from file light_09_aa.ddj with size 2196 
07:15:15.109 [main] DEBUG org.sokybot.pk2.Pk2CryptoUtils - File light_09_ba.ddj is not encrypted , flags not exists
07:15:15.109 [main] INFO org.soky.sro.pk2.io.Pk2IOTest - Consuming 2196 byte(s) from file light_09_ba.ddj with size 2196 
07:15:15.109 [main] DEBUG org.sokybot.pk2.Pk2CryptoUtils - File light_09_ca.ddj is not encrypted , flags not exists
07:15:15.109 [main] INFO org.soky.sro.pk2.io.Pk2IOTest - Consuming 2196 byte(s) from file light_09_ca.ddj with size 2196 
07:15:15.109 [main] DEBUG org.sokybot.pk2.Pk2CryptoUtils - File light_09_fa.ddj is not encrypted , flags not exists
07:15:15.109 [main] INFO org.soky.sro.pk2.io.Pk2IOTest - Consuming 2196 byte(s) from file light_09_fa.ddj with size 2196 
07:15:15.109 [main] DEBUG org.sokybot.pk2.Pk2CryptoUtils - File light_09_ha.ddj is not encrypted , flags not exists
07:15:15.109 [main] INFO org.soky.sro.pk2.io.Pk2IOTest - Consuming 2196 byte(s) from file light_09_ha.ddj with size 2196 
07:15:15.110 [main] DEBUG org.sokybot.pk2.Pk2CryptoUtils - File light_09_la.ddj is not encrypted , flags not exists
07:15:15.110 [main] INFO org.soky.sro.pk2.io.Pk2IOTest - Consuming 2196 byte(s) from file light_09_la.ddj with size 2196 
07:15:15.110 [main] DEBUG org.sokybot.pk2.Pk2CryptoUtils - File light_09_sa.ddj is not encrypted , flags not exists
07:15:15.110 [main] INFO org.soky.sro.pk2.io.Pk2IOTest - Consuming 2196 byte(s) from file light_09_sa.ddj with size 2196 
07:15:15.110 [main] DEBUG org.sokybot.pk2.Pk2CryptoUtils - File roc_clothes_aa.ddj is not encrypted , flags not exists
07:15:15.110 [main] INFO org.soky.sro.pk2.io.Pk2IOTest - Consuming 4244 byte(s) from file roc_clothes_aa.ddj with size 4244 
07:15:15.110 [main] DEBUG org.sokybot.pk2.Pk2CryptoUtils - File roc_clothes_ba.ddj is not encrypted , flags not exists
07:15:15.110 [main] INFO org.soky.sro.pk2.io.Pk2IOTest - Consuming 4244 byte(s) from file roc_clothes_ba.ddj with size 4244 
07:15:15.110 [main] DEBUG org.sokybot.pk2.Pk2CryptoUtils - File roc_clothes_fa.ddj is not encrypted , flags not exists
07:15:15.110 [main] INFO org.soky.sro.pk2.io.Pk2IOTest - Consuming 4244 byte(s) from file roc_clothes_fa.ddj with size 4244 
07:15:15.111 [main] DEBUG org.sokybot.pk2.Pk2CryptoUtils - File roc_clothes_ha.ddj is not encrypted , flags not exists
07:15:15.111 [main] INFO org.soky.sro.pk2.io.Pk2IOTest - Consuming 4244 byte(s) from file roc_clothes_ha.ddj with size 4244 
07:15:15.111 [main] DEBUG org.sokybot.pk2.Pk2CryptoUtils - File roc_clothes_la.ddj is not encrypted , flags not exists
07:15:15.111 [main] INFO org.soky.sro.pk2.io.Pk2IOTest - Consuming 4244 byte(s) from file roc_clothes_la.ddj with size 4244 
07:15:15.111 [main] DEBUG org.sokybot.pk2.Pk2CryptoUtils - File roc_clothes_sa.ddj is not encrypted , flags not exists
07:15:15.111 [main] INFO org.soky.sro.pk2.io.Pk2IOTest - Consuming 4244 byte(s) from file roc_clothes_sa.ddj with size 4244 
07:15:15.111 [main] DEBUG org.sokybot.pk2.Pk2CryptoUtils - File roc_heavy_aa.ddj is not encrypted , flags not exists
07:15:15.111 [main] INFO org.soky.sro.pk2.io.Pk2IOTest - Consuming 4244 byte(s) from file roc_heavy_aa.ddj with size 4244 
07:15:15.111 [main] DEBUG org.sokybot.pk2.Pk2CryptoUtils - File roc_heavy_ba.ddj is not encrypted , flags not exists
07:15:15.111 [main] INFO org.soky.sro.pk2.io.Pk2IOTest - Consuming 4244 byte(s) from file roc_heavy_ba.ddj with size 4244 
07:15:15.112 [main] DEBUG org.sokybot.pk2.Pk2CryptoUtils - File roc_heavy_fa.ddj is not encrypted , flags not exists
07:15:15.112 [main] INFO org.soky.sro.pk2.io.Pk2IOTest - Consuming 4244 byte(s) from file roc_heavy_fa.ddj with size 4244 
07:15:15.112 [main] DEBUG org.sokybot.pk2.Pk2CryptoUtils - File roc_heavy_ha.ddj is not encrypted , flags not exists
07:15:15.112 [main] INFO org.soky.sro.pk2.io.Pk2IOTest - Consuming 4244 byte(s) from file roc_heavy_ha.ddj with size 4244 
07:15:15.112 [main] DEBUG org.sokybot.pk2.Pk2CryptoUtils - File roc_heavy_la.ddj is not encrypted , flags not exists
07:15:15.112 [main] INFO org.soky.sro.pk2.io.Pk2IOTest - Consuming 4244 byte(s) from file roc_heavy_la.ddj with size 4244 
07:15:15.112 [main] DEBUG org.sokybot.pk2.Pk2CryptoUtils - File roc_heavy_sa.ddj is not encrypted , flags not exists
07:15:15.112 [main] INFO org.soky.sro.pk2.io.Pk2IOTest - Consuming 4244 byte(s) from file roc_heavy_sa.ddj with size 4244 
07:15:15.112 [main] DEBUG org.sokybot.pk2.Pk2CryptoUtils - File roc_light_aa.ddj is not encrypted , flags not exists
07:15:15.113 [main] INFO org.soky.sro.pk2.io.Pk2IOTest - Consuming 4244 byte(s) from file roc_light_aa.ddj with size 4244 
07:15:15.113 [main] DEBUG org.sokybot.pk2.Pk2CryptoUtils - File roc_light_ba.ddj is not encrypted , flags not exists
07:15:15.113 [main] INFO org.soky.sro.pk2.io.Pk2IOTest - Consuming 4244 byte(s) from file roc_light_ba.ddj with size 4244 
07:15:15.113 [main] DEBUG org.sokybot.pk2.Pk2CryptoUtils - File roc_light_fa.ddj is not encrypted , flags not exists
07:15:15.113 [main] INFO org.soky.sro.pk2.io.Pk2IOTest - Consuming 4244 byte(s) from file roc_light_fa.ddj with size 4244 
07:15:15.113 [main] DEBUG org.sokybot.pk2.Pk2CryptoUtils - File roc_light_ha.ddj is not encrypted , flags not exists
07:15:15.113 [main] INFO org.soky.sro.pk2.io.Pk2IOTest - Consuming 4244 byte(s) from file roc_light_ha.ddj with size 4244 
07:15:15.113 [main] DEBUG org.sokybot.pk2.Pk2CryptoUtils - File roc_light_la.ddj is not encrypted , flags not exists
07:15:15.113 [main] INFO org.soky.sro.pk2.io.Pk2IOTest - Consuming 4244 byte(s) from file roc_light_la.ddj with size 4244 
07:15:15.114 [main] DEBUG org.sokybot.pk2.Pk2CryptoUtils - File roc_light_sa.ddj is not encrypted , flags not exists
07:15:15.114 [main] INFO org.soky.sro.pk2.io.Pk2IOTest - Consuming 4244 byte(s) from file roc_light_sa.ddj with size 4244 
07:15:15.114 [main] DEBUG org.sokybot.pk2.Pk2CryptoUtils - File shield_09.ddj is not encrypted , flags not exists
07:15:15.114 [main] INFO org.soky.sro.pk2.io.Pk2IOTest - Consuming 2196 byte(s) from file shield_09.ddj with size 2196 
07:15:15.114 [main] DEBUG org.sokybot.pk2.Pk2CryptoUtils - File blade_09.ddj is not encrypted , flags not exists
07:15:15.114 [main] INFO org.soky.sro.pk2.io.Pk2IOTest - Consuming 2196 byte(s) from file blade_09.ddj with size 2196 
07:15:15.114 [main] DEBUG org.sokybot.pk2.Pk2CryptoUtils - File bow_09.ddj is not encrypted , flags not exists
07:15:15.114 [main] INFO org.soky.sro.pk2.io.Pk2IOTest - Consuming 2196 byte(s) from file bow_09.ddj with size 2196 
07:15:15.114 [main] DEBUG org.sokybot.pk2.Pk2CryptoUtils - File spear_09.ddj is not encrypted , flags not exists
07:15:15.114 [main] INFO org.soky.sro.pk2.io.Pk2IOTest - Consuming 2196 byte(s) from file spear_09.ddj with size 2196 
07:15:15.115 [main] DEBUG org.sokybot.pk2.Pk2CryptoUtils - File sword_09.ddj is not encrypted , flags not exists
07:15:15.115 [main] INFO org.soky.sro.pk2.io.Pk2IOTest - Consuming 2196 byte(s) from file sword_09.ddj with size 2196 
07:15:15.115 [main] DEBUG org.sokybot.pk2.Pk2CryptoUtils - File tblade_09.ddj is not encrypted , flags not exists
07:15:15.115 [main] INFO org.soky.sro.pk2.io.Pk2IOTest - Consuming 2196 byte(s) from file tblade_09.ddj with size 2196 
07:15:15.115 [main] DEBUG org.sokybot.pk2.Pk2CryptoUtils - File tblade_09_legend.ddj is not encrypted , flags not exists
07:15:15.115 [main] INFO org.soky.sro.pk2.io.Pk2IOTest - Consuming 4244 byte(s) from file tblade_09_legend.ddj with size 4244 
07:15:15.115 [main] DEBUG org.sokybot.pk2.Pk2CryptoUtils - File clothes_09_aa.ddj is not encrypted , flags not exists
07:15:15.115 [main] INFO org.soky.sro.pk2.io.Pk2IOTest - Consuming 2196 byte(s) from file clothes_09_aa.ddj with size 2196 
07:15:15.116 [main] DEBUG org.sokybot.pk2.Pk2CryptoUtils - File clothes_09_ba.ddj is not encrypted , flags not exists
07:15:15.116 [main] INFO org.soky.sro.pk2.io.Pk2IOTest - Consuming 2196 byte(s) from file clothes_09_ba.ddj with size 2196 
07:15:15.116 [main] DEBUG org.sokybot.pk2.Pk2CryptoUtils - File clothes_09_ca.ddj is not encrypted , flags not exists
07:15:15.116 [main] INFO org.soky.sro.pk2.io.Pk2IOTest - Consuming 2196 byte(s) from file clothes_09_ca.ddj with size 2196 
07:15:15.116 [main] DEBUG org.sokybot.pk2.Pk2CryptoUtils - File clothes_09_fa.ddj is not encrypted , flags not exists
07:15:15.116 [main] INFO org.soky.sro.pk2.io.Pk2IOTest - Consuming 2196 byte(s) from file clothes_09_fa.ddj with size 2196 
07:15:15.116 [main] DEBUG org.sokybot.pk2.Pk2CryptoUtils - File clothes_09_ha.ddj is not encrypted , flags not exists
07:15:15.116 [main] INFO org.soky.sro.pk2.io.Pk2IOTest - Consuming 2196 byte(s) from file clothes_09_ha.ddj with size 2196 
07:15:15.116 [main] DEBUG org.sokybot.pk2.Pk2CryptoUtils - File clothes_09_la.ddj is not encrypted , flags not exists
07:15:15.116 [main] INFO org.soky.sro.pk2.io.Pk2IOTest - Consuming 2196 byte(s) from file clothes_09_la.ddj with size 2196 
07:15:15.117 [main] DEBUG org.sokybot.pk2.Pk2CryptoUtils - File clothes_09_sa.ddj is not encrypted , flags not exists
07:15:15.117 [main] INFO org.soky.sro.pk2.io.Pk2IOTest - Consuming 2196 byte(s) from file clothes_09_sa.ddj with size 2196 
07:15:15.117 [main] DEBUG org.sokybot.pk2.Pk2CryptoUtils - File frpvp_voucher_a.ddj is not encrypted , flags not exists
07:15:15.117 [main] INFO org.soky.sro.pk2.io.Pk2IOTest - Consuming 2196 byte(s) from file frpvp_voucher_a.ddj with size 2196 
07:15:15.117 [main] DEBUG org.sokybot.pk2.Pk2CryptoUtils - File frpvp_voucher_b.ddj is not encrypted , flags not exists
07:15:15.117 [main] INFO org.soky.sro.pk2.io.Pk2IOTest - Consuming 2196 byte(s) from file frpvp_voucher_b.ddj with size 2196 
07:15:15.118 [main] DEBUG org.sokybot.pk2.Pk2CryptoUtils - File frpvp_voucher_c.ddj is not encrypted , flags not exists
07:15:15.118 [main] INFO org.soky.sro.pk2.io.Pk2IOTest - Consuming 2196 byte(s) from file frpvp_voucher_c.ddj with size 2196 
07:15:15.118 [main] DEBUG org.sokybot.pk2.Pk2CryptoUtils - File frpvp_voucher_d.ddj is not encrypted , flags not exists
07:15:15.118 [main] INFO org.soky.sro.pk2.io.Pk2IOTest - Consuming 2196 byte(s) from file frpvp_voucher_d.ddj with size 2196 
07:15:15.118 [main] DEBUG org.sokybot.pk2.Pk2CryptoUtils - File frpvp_voucher_e.ddj is not encrypted , flags not exists
07:15:15.118 [main] INFO org.soky.sro.pk2.io.Pk2IOTest - Consuming 2196 byte(s) from file frpvp_voucher_e.ddj with size 2196 
07:15:15.119 [main] DEBUG org.sokybot.pk2.Pk2CryptoUtils - File heavy_09_aa.ddj is not encrypted , flags not exists
07:15:15.119 [main] INFO org.soky.sro.pk2.io.Pk2IOTest - Consuming 2196 byte(s) from file heavy_09_aa.ddj with size 2196 
07:15:15.119 [main] DEBUG org.sokybot.pk2.Pk2CryptoUtils - File heavy_09_ba.ddj is not encrypted , flags not exists
07:15:15.119 [main] INFO org.soky.sro.pk2.io.Pk2IOTest - Consuming 2196 byte(s) from file heavy_09_ba.ddj with size 2196 
07:15:15.119 [main] DEBUG org.sokybot.pk2.Pk2CryptoUtils - File heavy_09_ca.ddj is not encrypted , flags not exists
07:15:15.119 [main] INFO org.soky.sro.pk2.io.Pk2IOTest - Consuming 2196 byte(s) from file heavy_09_ca.ddj with size 2196 
07:15:15.119 [main] DEBUG org.sokybot.pk2.Pk2CryptoUtils - File heavy_09_fa.ddj is not encrypted , flags not exists
07:15:15.119 [main] INFO org.soky.sro.pk2.io.Pk2IOTest - Consuming 2196 byte(s) from file heavy_09_fa.ddj with size 2196 
07:15:15.120 [main] DEBUG org.sokybot.pk2.Pk2CryptoUtils - File heavy_09_ha.ddj is not encrypted , flags not exists
07:15:15.120 [main] INFO org.soky.sro.pk2.io.Pk2IOTest - Consuming 2196 byte(s) from file heavy_09_ha.ddj with size 2196 
07:15:15.120 [main] DEBUG org.sokybot.pk2.Pk2CryptoUtils - File heavy_09_la.ddj is not encrypted , flags not exists
07:15:15.120 [main] INFO org.soky.sro.pk2.io.Pk2IOTest - Consuming 2196 byte(s) from file heavy_09_la.ddj with size 2196 
07:15:15.120 [main] DEBUG org.sokybot.pk2.Pk2CryptoUtils - File heavy_09_sa.ddj is not encrypted , flags not exists
07:15:15.120 [main] INFO org.soky.sro.pk2.io.Pk2IOTest - Consuming 2196 byte(s) from file heavy_09_sa.ddj with size 2196 
07:15:15.120 [main] DEBUG org.sokybot.pk2.Pk2CryptoUtils - File light_09_aa.ddj is not encrypted , flags not exists
07:15:15.120 [main] INFO org.soky.sro.pk2.io.Pk2IOTest - Consuming 2196 byte(s) from file light_09_aa.ddj with size 2196 
07:15:15.120 [main] DEBUG org.sokybot.pk2.Pk2CryptoUtils - File light_09_ba.ddj is not encrypted , flags not exists
07:15:15.120 [main] INFO org.soky.sro.pk2.io.Pk2IOTest - Consuming 2196 byte(s) from file light_09_ba.ddj with size 2196 
07:15:15.121 [main] DEBUG org.sokybot.pk2.Pk2CryptoUtils - File light_09_ca.ddj is not encrypted , flags not exists
07:15:15.121 [main] INFO org.soky.sro.pk2.io.Pk2IOTest - Consuming 2196 byte(s) from file light_09_ca.ddj with size 2196 
07:15:15.121 [main] DEBUG org.sokybot.pk2.Pk2CryptoUtils - File light_09_fa.ddj is not encrypted , flags not exists
07:15:15.121 [main] INFO org.soky.sro.pk2.io.Pk2IOTest - Consuming 2196 byte(s) from file light_09_fa.ddj with size 2196 
07:15:15.121 [main] DEBUG org.sokybot.pk2.Pk2CryptoUtils - File light_09_ha.ddj is not encrypted , flags not exists
07:15:15.121 [main] INFO org.soky.sro.pk2.io.Pk2IOTest - Consuming 2196 byte(s) from file light_09_ha.ddj with size 2196 
07:15:15.121 [main] DEBUG org.sokybot.pk2.Pk2CryptoUtils - File light_09_la.ddj is not encrypted , flags not exists
07:15:15.121 [main] INFO org.soky.sro.pk2.io.Pk2IOTest - Consuming 2196 byte(s) from file light_09_la.ddj with size 2196 
07:15:15.121 [main] DEBUG org.sokybot.pk2.Pk2CryptoUtils - File light_09_sa.ddj is not encrypted , flags not exists
07:15:15.121 [main] INFO org.soky.sro.pk2.io.Pk2IOTest - Consuming 2196 byte(s) from file light_09_sa.ddj with size 2196 
07:15:15.122 [main] DEBUG org.sokybot.pk2.Pk2CryptoUtils - File roc_clothes_aa.ddj is not encrypted , flags not exists
07:15:15.122 [main] INFO org.soky.sro.pk2.io.Pk2IOTest - Consuming 4244 byte(s) from file roc_clothes_aa.ddj with size 4244 
07:15:15.122 [main] DEBUG org.sokybot.pk2.Pk2CryptoUtils - File roc_clothes_ba.ddj is not encrypted , flags not exists
07:15:15.122 [main] INFO org.soky.sro.pk2.io.Pk2IOTest - Consuming 4244 byte(s) from file roc_clothes_ba.ddj with size 4244 
07:15:15.122 [main] DEBUG org.sokybot.pk2.Pk2CryptoUtils - File roc_clothes_fa.ddj is not encrypted , flags not exists
07:15:15.122 [main] INFO org.soky.sro.pk2.io.Pk2IOTest - Consuming 4244 byte(s) from file roc_clothes_fa.ddj with size 4244 
07:15:15.122 [main] DEBUG org.sokybot.pk2.Pk2CryptoUtils - File roc_clothes_ha.ddj is not encrypted , flags not exists
07:15:15.122 [main] INFO org.soky.sro.pk2.io.Pk2IOTest - Consuming 4244 byte(s) from file roc_clothes_ha.ddj with size 4244 
07:15:15.123 [main] DEBUG org.sokybot.pk2.Pk2CryptoUtils - File roc_clothes_la.ddj is not encrypted , flags not exists
07:15:15.123 [main] INFO org.soky.sro.pk2.io.Pk2IOTest - Consuming 4244 byte(s) from file roc_clothes_la.ddj with size 4244 
07:15:15.123 [main] DEBUG org.sokybot.pk2.Pk2CryptoUtils - File roc_clothes_sa.ddj is not encrypted , flags not exists
07:15:15.123 [main] INFO org.soky.sro.pk2.io.Pk2IOTest - Consuming 4244 byte(s) from file roc_clothes_sa.ddj with size 4244 
07:15:15.123 [main] DEBUG org.sokybot.pk2.Pk2CryptoUtils - File roc_heavy_aa.ddj is not encrypted , flags not exists
07:15:15.123 [main] INFO org.soky.sro.pk2.io.Pk2IOTest - Consuming 4244 byte(s) from file roc_heavy_aa.ddj with size 4244 
07:15:15.123 [main] DEBUG org.sokybot.pk2.Pk2CryptoUtils - File roc_heavy_ba.ddj is not encrypted , flags not exists
07:15:15.123 [main] INFO org.soky.sro.pk2.io.Pk2IOTest - Consuming 4244 byte(s) from file roc_heavy_ba.ddj with size 4244 
07:15:15.124 [main] DEBUG org.sokybot.pk2.Pk2CryptoUtils - File roc_heavy_fa.ddj is not encrypted , flags not exists
07:15:15.124 [main] INFO org.soky.sro.pk2.io.Pk2IOTest - Consuming 4244 byte(s) from file roc_heavy_fa.ddj with size 4244 
07:15:15.124 [main] DEBUG org.sokybot.pk2.Pk2CryptoUtils - File roc_heavy_ha.ddj is not encrypted , flags not exists
07:15:15.124 [main] INFO org.soky.sro.pk2.io.Pk2IOTest - Consuming 4244 byte(s) from file roc_heavy_ha.ddj with size 4244 
07:15:15.124 [main] DEBUG org.sokybot.pk2.Pk2CryptoUtils - File roc_heavy_la.ddj is not encrypted , flags not exists
07:15:15.124 [main] INFO org.soky.sro.pk2.io.Pk2IOTest - Consuming 4244 byte(s) from file roc_heavy_la.ddj with size 4244 
07:15:15.124 [main] DEBUG org.sokybot.pk2.Pk2CryptoUtils - File roc_heavy_sa.ddj is not encrypted , flags not exists
07:15:15.124 [main] INFO org.soky.sro.pk2.io.Pk2IOTest - Consuming 4244 byte(s) from file roc_heavy_sa.ddj with size 4244 
07:15:15.124 [main] DEBUG org.sokybot.pk2.Pk2CryptoUtils - File roc_light_aa.ddj is not encrypted , flags not exists
07:15:15.125 [main] INFO org.soky.sro.pk2.io.Pk2IOTest - Consuming 4244 byte(s) from file roc_light_aa.ddj with size 4244 
07:15:15.125 [main] DEBUG org.sokybot.pk2.Pk2CryptoUtils - File roc_light_ba.ddj is not encrypted , flags not exists
07:15:15.125 [main] INFO org.soky.sro.pk2.io.Pk2IOTest - Consuming 4244 byte(s) from file roc_light_ba.ddj with size 4244 
07:15:15.125 [main] DEBUG org.sokybot.pk2.Pk2CryptoUtils - File roc_light_fa.ddj is not encrypted , flags not exists
07:15:15.125 [main] INFO org.soky.sro.pk2.io.Pk2IOTest - Consuming 4244 byte(s) from file roc_light_fa.ddj with size 4244 
07:15:15.125 [main] DEBUG org.sokybot.pk2.Pk2CryptoUtils - File roc_light_ha.ddj is not encrypted , flags not exists
07:15:15.125 [main] INFO org.soky.sro.pk2.io.Pk2IOTest - Consuming 4244 byte(s) from file roc_light_ha.ddj with size 4244 
07:15:15.125 [main] DEBUG org.sokybot.pk2.Pk2CryptoUtils - File roc_light_la.ddj is not encrypted , flags not exists
07:15:15.126 [main] INFO org.soky.sro.pk2.io.Pk2IOTest - Consuming 4244 byte(s) from file roc_light_la.ddj with size 4244 
07:15:15.126 [main] DEBUG org.sokybot.pk2.Pk2CryptoUtils - File roc_light_sa.ddj is not encrypted , flags not exists
07:15:15.126 [main] INFO org.soky.sro.pk2.io.Pk2IOTest - Consuming 4244 byte(s) from file roc_light_sa.ddj with size 4244 
07:15:15.126 [main] DEBUG org.sokybot.pk2.Pk2CryptoUtils - File roc_heavy_sa.ddj is not encrypted , flags not exists
07:15:15.126 [main] INFO org.soky.sro.pk2.io.Pk2IOTest - Consuming 4244 byte(s) from file roc_heavy_sa.ddj with size 4244 
07:15:15.126 [main] DEBUG org.sokybot.pk2.Pk2CryptoUtils - File roc_light_aa.ddj is not encrypted , flags not exists
07:15:15.126 [main] INFO org.soky.sro.pk2.io.Pk2IOTest - Consuming 4244 byte(s) from file roc_light_aa.ddj with size 4244 
07:15:15.126 [main] DEBUG org.sokybot.pk2.Pk2CryptoUtils - File roc_light_ba.ddj is not encrypted , flags not exists
07:15:15.126 [main] INFO org.soky.sro.pk2.io.Pk2IOTest - Consuming 4244 byte(s) from file roc_light_ba.ddj with size 4244 
07:15:15.127 [main] DEBUG org.sokybot.pk2.Pk2CryptoUtils - File roc_light_fa.ddj is not encrypted , flags not exists
07:15:15.127 [main] INFO org.soky.sro.pk2.io.Pk2IOTest - Consuming 4244 byte(s) from file roc_light_fa.ddj with size 4244 
07:15:15.127 [main] DEBUG org.sokybot.pk2.Pk2CryptoUtils - File roc_light_ha.ddj is not encrypted , flags not exists
07:15:15.127 [main] INFO org.soky.sro.pk2.io.Pk2IOTest - Consuming 4244 byte(s) from file roc_light_ha.ddj with size 4244 
07:15:15.127 [main] DEBUG org.sokybot.pk2.Pk2CryptoUtils - File roc_light_la.ddj is not encrypted , flags not exists
07:15:15.127 [main] INFO org.soky.sro.pk2.io.Pk2IOTest - Consuming 4244 byte(s) from file roc_light_la.ddj with size 4244 
07:15:15.127 [main] DEBUG org.sokybot.pk2.Pk2CryptoUtils - File roc_light_sa.ddj is not encrypted , flags not exists
07:15:15.127 [main] INFO org.soky.sro.pk2.io.Pk2IOTest - Consuming 4244 byte(s) from file roc_light_sa.ddj with size 4244 
07:15:15.128 [main] DEBUG org.sokybot.pk2.Pk2CryptoUtils - File clothes_09_aa.ddj is not encrypted , flags not exists
07:15:15.128 [main] INFO org.soky.sro.pk2.io.Pk2IOTest - Consuming 2196 byte(s) from file clothes_09_aa.ddj with size 2196 
07:15:15.128 [main] DEBUG org.sokybot.pk2.Pk2CryptoUtils - File clothes_09_ba.ddj is not encrypted , flags not exists
07:15:15.128 [main] INFO org.soky.sro.pk2.io.Pk2IOTest - Consuming 2196 byte(s) from file clothes_09_ba.ddj with size 2196 
07:15:15.128 [main] DEBUG org.sokybot.pk2.Pk2CryptoUtils - File clothes_09_ca.ddj is not encrypted , flags not exists
07:15:15.128 [main] INFO org.soky.sro.pk2.io.Pk2IOTest - Consuming 2196 byte(s) from file clothes_09_ca.ddj with size 2196 
07:15:15.128 [main] DEBUG org.sokybot.pk2.Pk2CryptoUtils - File clothes_09_fa.ddj is not encrypted , flags not exists
07:15:15.128 [main] INFO org.soky.sro.pk2.io.Pk2IOTest - Consuming 2196 byte(s) from file clothes_09_fa.ddj with size 2196 
07:15:15.128 [main] DEBUG org.sokybot.pk2.Pk2CryptoUtils - File clothes_09_ha.ddj is not encrypted , flags not exists
07:15:15.128 [main] INFO org.soky.sro.pk2.io.Pk2IOTest - Consuming 2196 byte(s) from file clothes_09_ha.ddj with size 2196 
07:15:15.129 [main] DEBUG org.sokybot.pk2.Pk2CryptoUtils - File clothes_09_la.ddj is not encrypted , flags not exists
07:15:15.129 [main] INFO org.soky.sro.pk2.io.Pk2IOTest - Consuming 2196 byte(s) from file clothes_09_la.ddj with size 2196 
07:15:15.129 [main] DEBUG org.sokybot.pk2.Pk2CryptoUtils - File clothes_09_sa.ddj is not encrypted , flags not exists
07:15:15.129 [main] INFO org.soky.sro.pk2.io.Pk2IOTest - Consuming 2196 byte(s) from file clothes_09_sa.ddj with size 2196 
07:15:15.129 [main] DEBUG org.sokybot.pk2.Pk2CryptoUtils - File frpvp_voucher_a.ddj is not encrypted , flags not exists
07:15:15.129 [main] INFO org.soky.sro.pk2.io.Pk2IOTest - Consuming 2196 byte(s) from file frpvp_voucher_a.ddj with size 2196 
07:15:15.129 [main] DEBUG org.sokybot.pk2.Pk2CryptoUtils - File frpvp_voucher_b.ddj is not encrypted , flags not exists
07:15:15.129 [main] INFO org.soky.sro.pk2.io.Pk2IOTest - Consuming 2196 byte(s) from file frpvp_voucher_b.ddj with size 2196 
07:15:15.129 [main] DEBUG org.sokybot.pk2.Pk2CryptoUtils - File frpvp_voucher_c.ddj is not encrypted , flags not exists
07:15:15.129 [main] INFO org.soky.sro.pk2.io.Pk2IOTest - Consuming 2196 byte(s) from file frpvp_voucher_c.ddj with size 2196 
07:15:15.130 [main] DEBUG org.sokybot.pk2.Pk2CryptoUtils - File frpvp_voucher_d.ddj is not encrypted , flags not exists
07:15:15.130 [main] INFO org.soky.sro.pk2.io.Pk2IOTest - Consuming 2196 byte(s) from file frpvp_voucher_d.ddj with size 2196 
07:15:15.130 [main] DEBUG org.sokybot.pk2.Pk2CryptoUtils - File frpvp_voucher_e.ddj is not encrypted , flags not exists
07:15:15.130 [main] INFO org.soky.sro.pk2.io.Pk2IOTest - Consuming 2196 byte(s) from file frpvp_voucher_e.ddj with size 2196 
07:15:15.130 [main] DEBUG org.sokybot.pk2.Pk2CryptoUtils - File heavy_09_aa.ddj is not encrypted , flags not exists
07:15:15.130 [main] INFO org.soky.sro.pk2.io.Pk2IOTest - Consuming 2196 byte(s) from file heavy_09_aa.ddj with size 2196 
07:15:15.130 [main] DEBUG org.sokybot.pk2.Pk2CryptoUtils - File heavy_09_ba.ddj is not encrypted , flags not exists
07:15:15.130 [main] INFO org.soky.sro.pk2.io.Pk2IOTest - Consuming 2196 byte(s) from file heavy_09_ba.ddj with size 2196 
07:15:15.130 [main] DEBUG org.sokybot.pk2.Pk2CryptoUtils - File heavy_09_ca.ddj is not encrypted , flags not exists
07:15:15.130 [main] INFO org.soky.sro.pk2.io.Pk2IOTest - Consuming 2196 byte(s) from file heavy_09_ca.ddj with size 2196 
07:15:15.131 [main] DEBUG org.sokybot.pk2.Pk2CryptoUtils - File heavy_09_fa.ddj is not encrypted , flags not exists
07:15:15.131 [main] INFO org.soky.sro.pk2.io.Pk2IOTest - Consuming 2196 byte(s) from file heavy_09_fa.ddj with size 2196 
07:15:15.131 [main] DEBUG org.sokybot.pk2.Pk2CryptoUtils - File heavy_09_ha.ddj is not encrypted , flags not exists
07:15:15.131 [main] INFO org.soky.sro.pk2.io.Pk2IOTest - Consuming 2196 byte(s) from file heavy_09_ha.ddj with size 2196 
07:15:15.131 [main] DEBUG org.sokybot.pk2.Pk2CryptoUtils - File heavy_09_la.ddj is not encrypted , flags not exists
07:15:15.131 [main] INFO org.soky.sro.pk2.io.Pk2IOTest - Consuming 2196 byte(s) from file heavy_09_la.ddj with size 2196 
07:15:15.131 [main] DEBUG org.sokybot.pk2.Pk2CryptoUtils - File heavy_09_sa.ddj is not encrypted , flags not exists
07:15:15.131 [main] INFO org.soky.sro.pk2.io.Pk2IOTest - Consuming 2196 byte(s) from file heavy_09_sa.ddj with size 2196 
07:15:15.131 [main] DEBUG org.sokybot.pk2.Pk2CryptoUtils - File light_09_aa.ddj is not encrypted , flags not exists
07:15:15.131 [main] INFO org.soky.sro.pk2.io.Pk2IOTest - Consuming 2196 byte(s) from file light_09_aa.ddj with size 2196 
07:15:15.132 [main] DEBUG org.sokybot.pk2.Pk2CryptoUtils - File light_09_ba.ddj is not encrypted , flags not exists
07:15:15.132 [main] INFO org.soky.sro.pk2.io.Pk2IOTest - Consuming 2196 byte(s) from file light_09_ba.ddj with size 2196 
07:15:15.132 [main] DEBUG org.sokybot.pk2.Pk2CryptoUtils - File light_09_ca.ddj is not encrypted , flags not exists
07:15:15.132 [main] INFO org.soky.sro.pk2.io.Pk2IOTest - Consuming 2196 byte(s) from file light_09_ca.ddj with size 2196 
07:15:15.132 [main] DEBUG org.sokybot.pk2.Pk2CryptoUtils - File light_09_fa.ddj is not encrypted , flags not exists
07:15:15.132 [main] INFO org.soky.sro.pk2.io.Pk2IOTest - Consuming 2196 byte(s) from file light_09_fa.ddj with size 2196 
07:15:15.132 [main] DEBUG org.sokybot.pk2.Pk2CryptoUtils - File light_09_ha.ddj is not encrypted , flags not exists
07:15:15.132 [main] INFO org.soky.sro.pk2.io.Pk2IOTest - Consuming 2196 byte(s) from file light_09_ha.ddj with size 2196 
07:15:15.132 [main] DEBUG org.sokybot.pk2.Pk2CryptoUtils - File light_09_la.ddj is not encrypted , flags not exists
07:15:15.132 [main] INFO org.soky.sro.pk2.io.Pk2IOTest - Consuming 2196 byte(s) from file light_09_la.ddj with size 2196 
07:15:15.132 [main] DEBUG org.sokybot.pk2.Pk2CryptoUtils - File light_09_sa.ddj is not encrypted , flags not exists
07:15:15.133 [main] INFO org.soky.sro.pk2.io.Pk2IOTest - Consuming 2196 byte(s) from file light_09_sa.ddj with size 2196 
07:15:15.133 [main] DEBUG org.sokybot.pk2.Pk2CryptoUtils - File roc_clothes_aa.ddj is not encrypted , flags not exists
07:15:15.133 [main] INFO org.soky.sro.pk2.io.Pk2IOTest - Consuming 4244 byte(s) from file roc_clothes_aa.ddj with size 4244 
07:15:15.133 [main] DEBUG org.sokybot.pk2.Pk2CryptoUtils - File roc_clothes_ba.ddj is not encrypted , flags not exists
07:15:15.133 [main] INFO org.soky.sro.pk2.io.Pk2IOTest - Consuming 4244 byte(s) from file roc_clothes_ba.ddj with size 4244 
07:15:15.133 [main] DEBUG org.sokybot.pk2.Pk2CryptoUtils - File roc_clothes_fa.ddj is not encrypted , flags not exists
07:15:15.133 [main] INFO org.soky.sro.pk2.io.Pk2IOTest - Consuming 4244 byte(s) from file roc_clothes_fa.ddj with size 4244 
07:15:15.133 [main] DEBUG org.sokybot.pk2.Pk2CryptoUtils - File roc_clothes_ha.ddj is not encrypted , flags not exists
07:15:15.133 [main] INFO org.soky.sro.pk2.io.Pk2IOTest - Consuming 4244 byte(s) from file roc_clothes_ha.ddj with size 4244 
07:15:15.134 [main] DEBUG org.sokybot.pk2.Pk2CryptoUtils - File roc_clothes_la.ddj is not encrypted , flags not exists
07:15:15.134 [main] INFO org.soky.sro.pk2.io.Pk2IOTest - Consuming 4244 byte(s) from file roc_clothes_la.ddj with size 4244 
07:15:15.134 [main] DEBUG org.sokybot.pk2.Pk2CryptoUtils - File roc_clothes_sa.ddj is not encrypted , flags not exists
07:15:15.134 [main] INFO org.soky.sro.pk2.io.Pk2IOTest - Consuming 4244 byte(s) from file roc_clothes_sa.ddj with size 4244 
07:15:15.134 [main] DEBUG org.sokybot.pk2.Pk2CryptoUtils - File roc_heavy_aa.ddj is not encrypted , flags not exists
07:15:15.134 [main] INFO org.soky.sro.pk2.io.Pk2IOTest - Consuming 4244 byte(s) from file roc_heavy_aa.ddj with size 4244 
07:15:15.134 [main] DEBUG org.sokybot.pk2.Pk2CryptoUtils - File roc_heavy_ba.ddj is not encrypted , flags not exists
07:15:15.134 [main] INFO org.soky.sro.pk2.io.Pk2IOTest - Consuming 4244 byte(s) from file roc_heavy_ba.ddj with size 4244 
07:15:15.134 [main] DEBUG org.sokybot.pk2.Pk2CryptoUtils - File roc_heavy_fa.ddj is not encrypted , flags not exists
07:15:15.134 [main] INFO org.soky.sro.pk2.io.Pk2IOTest - Consuming 4244 byte(s) from file roc_heavy_fa.ddj with size 4244 
07:15:15.135 [main] DEBUG org.sokybot.pk2.Pk2CryptoUtils - File roc_heavy_ha.ddj is not encrypted , flags not exists
07:15:15.135 [main] INFO org.soky.sro.pk2.io.Pk2IOTest - Consuming 4244 byte(s) from file roc_heavy_ha.ddj with size 4244 
07:15:15.135 [main] DEBUG org.sokybot.pk2.Pk2CryptoUtils - File roc_heavy_la.ddj is not encrypted , flags not exists
07:15:15.135 [main] INFO org.soky.sro.pk2.io.Pk2IOTest - Consuming 4244 byte(s) from file roc_heavy_la.ddj with size 4244 
07:15:15.135 [main] DEBUG org.sokybot.pk2.Pk2CryptoUtils - File all_lamp.ddj is not encrypted , flags not exists
07:15:15.135 [main] INFO org.soky.sro.pk2.io.Pk2IOTest - Consuming 4244 byte(s) from file all_lamp.ddj with size 4244 
07:15:15.136 [main] DEBUG org.sokybot.pk2.Pk2CryptoUtils - File all_potion_muhan.ddj is not encrypted , flags not exists
07:15:15.136 [main] INFO org.soky.sro.pk2.io.Pk2IOTest - Consuming 4244 byte(s) from file all_potion_muhan.ddj with size 4244 
07:15:15.136 [main] DEBUG org.sokybot.pk2.Pk2CryptoUtils - File amalrun_up_scroll.ddj is not encrypted , flags not exists
07:15:15.136 [main] INFO org.soky.sro.pk2.io.Pk2IOTest - Consuming 4244 byte(s) from file amalrun_up_scroll.ddj with size 4244 
07:15:15.136 [main] DEBUG org.sokybot.pk2.Pk2CryptoUtils - File archemy_astral.ddj is not encrypted , flags not exists
07:15:15.136 [main] INFO org.soky.sro.pk2.io.Pk2IOTest - Consuming 2196 byte(s) from file archemy_astral.ddj with size 2196 
07:15:15.136 [main] DEBUG org.sokybot.pk2.Pk2CryptoUtils - File archemy_attrstone_br.ddj is not encrypted , flags not exists
07:15:15.136 [main] INFO org.soky.sro.pk2.io.Pk2IOTest - Consuming 2196 byte(s) from file archemy_attrstone_br.ddj with size 2196 
07:15:15.136 [main] DEBUG org.sokybot.pk2.Pk2CryptoUtils - File archemy_attrstone_critical.ddj is not encrypted , flags not exists
07:15:15.136 [main] INFO org.soky.sro.pk2.io.Pk2IOTest - Consuming 2196 byte(s) from file archemy_attrstone_critical.ddj with size 2196 
07:15:15.137 [main] DEBUG org.sokybot.pk2.Pk2CryptoUtils - File archemy_attrstone_er.ddj is not encrypted , flags not exists
07:15:15.137 [main] INFO org.soky.sro.pk2.io.Pk2IOTest - Consuming 2196 byte(s) from file archemy_attrstone_er.ddj with size 2196 
07:15:15.137 [main] DEBUG org.sokybot.pk2.Pk2CryptoUtils - File archemy_attrstone_hr.ddj is not encrypted , flags not exists
07:15:15.137 [main] INFO org.soky.sro.pk2.io.Pk2IOTest - Consuming 2196 byte(s) from file archemy_attrstone_hr.ddj with size 2196 
07:15:15.137 [main] DEBUG org.sokybot.pk2.Pk2CryptoUtils - File archemy_attrstone_ma.ddj is not encrypted , flags not exists
07:15:15.137 [main] INFO org.soky.sro.pk2.io.Pk2IOTest - Consuming 2196 byte(s) from file archemy_attrstone_ma.ddj with size 2196 
07:15:15.138 [main] DEBUG org.sokybot.pk2.Pk2CryptoUtils - File archemy_attrstone_maint.ddj is not encrypted , flags not exists
07:15:15.138 [main] INFO org.soky.sro.pk2.io.Pk2IOTest - Consuming 2196 byte(s) from file archemy_attrstone_maint.ddj with size 2196 
07:15:15.138 [main] DEBUG org.sokybot.pk2.Pk2CryptoUtils - File archemy_attrstone_mar.ddj is not encrypted , flags not exists
07:15:15.138 [main] INFO org.soky.sro.pk2.io.Pk2IOTest - Consuming 2196 byte(s) from file archemy_attrstone_mar.ddj with size 2196 
07:15:15.138 [main] DEBUG org.sokybot.pk2.Pk2CryptoUtils - File archemy_attrstone_md.ddj is not encrypted , flags not exists
07:15:15.138 [main] INFO org.soky.sro.pk2.io.Pk2IOTest - Consuming 2196 byte(s) from file archemy_attrstone_md.ddj with size 2196 
07:15:15.139 [main] DEBUG org.sokybot.pk2.Pk2CryptoUtils - File archemy_attrstone_mdint.ddj is not encrypted , flags not exists
07:15:15.139 [main] INFO org.soky.sro.pk2.io.Pk2IOTest - Consuming 2196 byte(s) from file archemy_attrstone_mdint.ddj with size 2196 
07:15:15.139 [main] DEBUG org.sokybot.pk2.Pk2CryptoUtils - File archemy_attrstone_pa.ddj is not encrypted , flags not exists
07:15:15.139 [main] INFO org.soky.sro.pk2.io.Pk2IOTest - Consuming 2196 byte(s) from file archemy_attrstone_pa.ddj with size 2196 
07:15:15.139 [main] DEBUG org.sokybot.pk2.Pk2CryptoUtils - File archemy_attrstone_par.ddj is not encrypted , flags not exists
07:15:15.139 [main] INFO org.soky.sro.pk2.io.Pk2IOTest - Consuming 2196 byte(s) from file archemy_attrstone_par.ddj with size 2196 
07:15:15.140 [main] DEBUG org.sokybot.pk2.Pk2CryptoUtils - File archemy_attrstone_pastr.ddj is not encrypted , flags not exists
07:15:15.140 [main] INFO org.soky.sro.pk2.io.Pk2IOTest - Consuming 2196 byte(s) from file archemy_attrstone_pastr.ddj with size 2196 
07:15:15.140 [main] DEBUG org.sokybot.pk2.Pk2CryptoUtils - File archemy_attrstone_pd.ddj is not encrypted , flags not exists
07:15:15.140 [main] INFO org.soky.sro.pk2.io.Pk2IOTest - Consuming 2196 byte(s) from file archemy_attrstone_pd.ddj with size 2196 
07:15:15.140 [main] DEBUG org.sokybot.pk2.Pk2CryptoUtils - File archemy_attrstone_pdstr.ddj is not encrypted , flags not exists
07:15:15.140 [main] INFO org.soky.sro.pk2.io.Pk2IOTest - Consuming 2196 byte(s) from file archemy_attrstone_pdstr.ddj with size 2196 
07:15:15.141 [main] DEBUG org.sokybot.pk2.Pk2CryptoUtils - File archemy_attrtablet_br.ddj is not encrypted , flags not exists
07:15:15.141 [main] INFO org.soky.sro.pk2.io.Pk2IOTest - Consuming 2196 byte(s) from file archemy_attrtablet_br.ddj with size 2196 
07:15:15.141 [main] DEBUG org.sokybot.pk2.Pk2CryptoUtils - File archemy_attrtablet_critical.ddj is not encrypted , flags not exists
07:15:15.141 [main] INFO org.soky.sro.pk2.io.Pk2IOTest - Consuming 2196 byte(s) from file archemy_attrtablet_critical.ddj with size 2196 
07:15:15.141 [main] DEBUG org.sokybot.pk2.Pk2CryptoUtils - File archemy_attrtablet_er.ddj is not encrypted , flags not exists
07:15:15.141 [main] INFO org.soky.sro.pk2.io.Pk2IOTest - Consuming 2196 byte(s) from file archemy_attrtablet_er.ddj with size 2196 
07:15:15.141 [main] DEBUG org.sokybot.pk2.Pk2CryptoUtils - File archemy_attrtablet_hr.ddj is not encrypted , flags not exists
07:15:15.142 [main] INFO org.soky.sro.pk2.io.Pk2IOTest - Consuming 2196 byte(s) from file archemy_attrtablet_hr.ddj with size 2196 
07:15:15.142 [main] DEBUG org.sokybot.pk2.Pk2CryptoUtils - File archemy_attrtablet_ma.ddj is not encrypted , flags not exists
07:15:15.142 [main] INFO org.soky.sro.pk2.io.Pk2IOTest - Consuming 2196 byte(s) from file archemy_attrtablet_ma.ddj with size 2196 
07:15:15.142 [main] DEBUG org.sokybot.pk2.Pk2CryptoUtils - File archemy_attrtablet_maint.ddj is not encrypted , flags not exists
07:15:15.142 [main] INFO org.soky.sro.pk2.io.Pk2IOTest - Consuming 2196 byte(s) from file archemy_attrtablet_maint.ddj with size 2196 
07:15:15.142 [main] DEBUG org.sokybot.pk2.Pk2CryptoUtils - File archemy_attrtablet_mar.ddj is not encrypted , flags not exists
07:15:15.143 [main] INFO org.soky.sro.pk2.io.Pk2IOTest - Consuming 2196 byte(s) from file archemy_attrtablet_mar.ddj with size 2196 
07:15:15.143 [main] DEBUG org.sokybot.pk2.Pk2CryptoUtils - File archemy_attrtablet_md.ddj is not encrypted , flags not exists
07:15:15.143 [main] INFO org.soky.sro.pk2.io.Pk2IOTest - Consuming 2196 byte(s) from file archemy_attrtablet_md.ddj with size 2196 
07:15:15.143 [main] DEBUG org.sokybot.pk2.Pk2CryptoUtils - File archemy_attrtablet_mdint.ddj is not encrypted , flags not exists
07:15:15.143 [main] INFO org.soky.sro.pk2.io.Pk2IOTest - Consuming 2196 byte(s) from file archemy_attrtablet_mdint.ddj with size 2196 
07:15:15.143 [main] DEBUG org.sokybot.pk2.Pk2CryptoUtils - File archemy_attrtablet_pa.ddj is not encrypted , flags not exists
07:15:15.143 [main] INFO org.soky.sro.pk2.io.Pk2IOTest - Consuming 2196 byte(s) from file archemy_attrtablet_pa.ddj with size 2196 
07:15:15.143 [main] DEBUG org.sokybot.pk2.Pk2CryptoUtils - File archemy_attrtablet_par.ddj is not encrypted , flags not exists
07:15:15.143 [main] INFO org.soky.sro.pk2.io.Pk2IOTest - Consuming 2196 byte(s) from file archemy_attrtablet_par.ddj with size 2196 
07:15:15.143 [main] DEBUG org.sokybot.pk2.Pk2CryptoUtils - File archemy_attrtablet_pastr.ddj is not encrypted , flags not exists
07:15:15.143 [main] INFO org.soky.sro.pk2.io.Pk2IOTest - Consuming 2196 byte(s) from file archemy_attrtablet_pastr.ddj with size 2196 
07:15:15.144 [main] DEBUG org.sokybot.pk2.Pk2CryptoUtils - File archemy_attrtablet_pd.ddj is not encrypted , flags not exists
07:15:15.144 [main] INFO org.soky.sro.pk2.io.Pk2IOTest - Consuming 2196 byte(s) from file archemy_attrtablet_pd.ddj with size 2196 
07:15:15.144 [main] DEBUG org.sokybot.pk2.Pk2CryptoUtils - File archemy_attrtablet_pdstr.ddj is not encrypted , flags not exists
07:15:15.144 [main] INFO org.soky.sro.pk2.io.Pk2IOTest - Consuming 2196 byte(s) from file archemy_attrtablet_pdstr.ddj with size 2196 
07:15:15.144 [main] DEBUG org.sokybot.pk2.Pk2CryptoUtils - File archemy_element_earth.ddj is not encrypted , flags not exists
07:15:15.144 [main] INFO org.soky.sro.pk2.io.Pk2IOTest - Consuming 2196 byte(s) from file archemy_element_earth.ddj with size 2196 
07:15:15.144 [main] DEBUG org.sokybot.pk2.Pk2CryptoUtils - File archemy_element_fire.ddj is not encrypted , flags not exists
07:15:15.144 [main] INFO org.soky.sro.pk2.io.Pk2IOTest - Consuming 2196 byte(s) from file archemy_element_fire.ddj with size 2196 
07:15:15.144 [main] DEBUG org.sokybot.pk2.Pk2CryptoUtils - File archemy_element_water.ddj is not encrypted , flags not exists
07:15:15.144 [main] INFO org.soky.sro.pk2.io.Pk2IOTest - Consuming 2196 byte(s) from file archemy_element_water.ddj with size 2196 
07:15:15.145 [main] DEBUG org.sokybot.pk2.Pk2CryptoUtils - File archemy_element_wind.ddj is not encrypted , flags not exists
07:15:15.145 [main] INFO org.soky.sro.pk2.io.Pk2IOTest - Consuming 2196 byte(s) from file archemy_element_wind.ddj with size 2196 
07:15:15.145 [main] DEBUG org.sokybot.pk2.Pk2CryptoUtils - File archemy_enhancer_ac_n.ddj is not encrypted , flags not exists
07:15:15.145 [main] INFO org.soky.sro.pk2.io.Pk2IOTest - Consuming 4244 byte(s) from file archemy_enhancer_ac_n.ddj with size 4244 
07:15:15.145 [main] DEBUG org.sokybot.pk2.Pk2CryptoUtils - File archemy_enhancer_ac_s.ddj is not encrypted , flags not exists
07:15:15.145 [main] INFO org.soky.sro.pk2.io.Pk2IOTest - Consuming 4244 byte(s) from file archemy_enhancer_ac_s.ddj with size 4244 
07:15:15.145 [main] DEBUG org.sokybot.pk2.Pk2CryptoUtils - File archemy_enhancer_ar_n.ddj is not encrypted , flags not exists
07:15:15.145 [main] INFO org.soky.sro.pk2.io.Pk2IOTest - Consuming 4244 byte(s) from file archemy_enhancer_ar_n.ddj with size 4244 
07:15:15.145 [main] DEBUG org.sokybot.pk2.Pk2CryptoUtils - File archemy_enhancer_ar_s.ddj is not encrypted , flags not exists
07:15:15.146 [main] INFO org.soky.sro.pk2.io.Pk2IOTest - Consuming 4244 byte(s) from file archemy_enhancer_ar_s.ddj with size 4244 
07:15:15.146 [main] DEBUG org.sokybot.pk2.Pk2CryptoUtils - File archemy_enhancer_sh_n.ddj is not encrypted , flags not exists
07:15:15.146 [main] INFO org.soky.sro.pk2.io.Pk2IOTest - Consuming 4244 byte(s) from file archemy_enhancer_sh_n.ddj with size 4244 
07:15:15.146 [main] DEBUG org.sokybot.pk2.Pk2CryptoUtils - File archemy_enhancer_sh_s.ddj is not encrypted , flags not exists
07:15:15.146 [main] INFO org.soky.sro.pk2.io.Pk2IOTest - Consuming 4244 byte(s) from file archemy_enhancer_sh_s.ddj with size 4244 
07:15:15.146 [main] DEBUG org.sokybot.pk2.Pk2CryptoUtils - File archemy_enhancer_we_n.ddj is not encrypted , flags not exists
07:15:15.146 [main] INFO org.soky.sro.pk2.io.Pk2IOTest - Consuming 4244 byte(s) from file archemy_enhancer_we_n.ddj with size 4244 
07:15:15.146 [main] DEBUG org.sokybot.pk2.Pk2CryptoUtils - File archemy_enhancer_we_s.ddj is not encrypted , flags not exists
07:15:15.146 [main] INFO org.soky.sro.pk2.io.Pk2IOTest - Consuming 4244 byte(s) from file archemy_enhancer_we_s.ddj with size 4244 
07:15:15.147 [main] DEBUG org.sokybot.pk2.Pk2CryptoUtils - File archemy_magicstone_abyss.ddj is not encrypted , flags not exists
07:15:15.147 [main] INFO org.soky.sro.pk2.io.Pk2IOTest - Consuming 4244 byte(s) from file archemy_magicstone_abyss.ddj with size 4244 
07:15:15.147 [main] DEBUG org.sokybot.pk2.Pk2CryptoUtils - File archemy_magicstone_ape.ddj is not encrypted , flags not exists
07:15:15.147 [main] INFO org.soky.sro.pk2.io.Pk2IOTest - Consuming 4244 byte(s) from file archemy_magicstone_ape.ddj with size 4244 
07:15:15.147 [main] DEBUG org.sokybot.pk2.Pk2CryptoUtils - File archemy_magicstone_astral.ddj is not encrypted , flags not exists
07:15:15.147 [main] INFO org.soky.sro.pk2.io.Pk2IOTest - Consuming 2196 byte(s) from file archemy_magicstone_astral.ddj with size 2196 
07:15:15.147 [main] DEBUG org.sokybot.pk2.Pk2CryptoUtils - File archemy_magicstone_athanasia.ddj is not encrypted , flags not exists
07:15:15.147 [main] INFO org.soky.sro.pk2.io.Pk2IOTest - Consuming 2196 byte(s) from file archemy_magicstone_athanasia.ddj with size 2196 
07:15:15.147 [main] DEBUG org.sokybot.pk2.Pk2CryptoUtils - File archemy_magicstone_burn.ddj is not encrypted , flags not exists
07:15:15.147 [main] INFO org.soky.sro.pk2.io.Pk2IOTest - Consuming 2196 byte(s) from file archemy_magicstone_burn.ddj with size 2196 
07:15:15.148 [main] DEBUG org.sokybot.pk2.Pk2CryptoUtils - File archemy_magicstone_devil.ddj is not encrypted , flags not exists
07:15:15.148 [main] INFO org.soky.sro.pk2.io.Pk2IOTest - Consuming 4244 byte(s) from file archemy_magicstone_devil.ddj with size 4244 
07:15:15.148 [main] DEBUG org.sokybot.pk2.Pk2CryptoUtils - File archemy_magicstone_dur.ddj is not encrypted , flags not exists
07:15:15.148 [main] INFO org.soky.sro.pk2.io.Pk2IOTest - Consuming 2196 byte(s) from file archemy_magicstone_dur.ddj with size 2196 
07:15:15.148 [main] DEBUG org.sokybot.pk2.Pk2CryptoUtils - File archemy_magicstone_er.ddj is not encrypted , flags not exists
07:15:15.148 [main] INFO org.soky.sro.pk2.io.Pk2IOTest - Consuming 2196 byte(s) from file archemy_magicstone_er.ddj with size 2196 
07:15:15.148 [main] DEBUG org.sokybot.pk2.Pk2CryptoUtils - File archemy_magicstone_eshock.ddj is not encrypted , flags not exists
07:15:15.148 [main] INFO org.soky.sro.pk2.io.Pk2IOTest - Consuming 2196 byte(s) from file archemy_magicstone_eshock.ddj with size 2196 
07:15:15.149 [main] DEBUG org.sokybot.pk2.Pk2CryptoUtils - File archemy_magicstone_evade_block.ddj is not encrypted , flags not exists
07:15:15.149 [main] INFO org.soky.sro.pk2.io.Pk2IOTest - Consuming 2196 byte(s) from file archemy_magicstone_evade_block.ddj with size 2196 
07:15:15.149 [main] DEBUG org.sokybot.pk2.Pk2CryptoUtils - File archemy_magicstone_evade_critical.ddj is not encrypted , flags not exists
07:15:15.149 [main] INFO org.soky.sro.pk2.io.Pk2IOTest - Consuming 2196 byte(s) from file archemy_magicstone_evade_critical.ddj with size 2196 
07:15:15.149 [main] DEBUG org.sokybot.pk2.Pk2CryptoUtils - File archemy_magicstone_frostbite.ddj is not encrypted , flags not exists
07:15:15.149 [main] INFO org.soky.sro.pk2.io.Pk2IOTest - Consuming 2196 byte(s) from file archemy_magicstone_frostbite.ddj with size 2196 
07:15:15.149 [main] DEBUG org.sokybot.pk2.Pk2CryptoUtils - File archemy_magicstone_guard.ddj is not encrypted , flags not exists
07:15:15.149 [main] INFO org.soky.sro.pk2.io.Pk2IOTest - Consuming 4244 byte(s) from file archemy_magicstone_guard.ddj with size 4244 
07:15:15.150 [main] DEBUG org.sokybot.pk2.Pk2CryptoUtils - File archemy_magicstone_heat.ddj is not encrypted , flags not exists
07:15:15.150 [main] INFO org.soky.sro.pk2.io.Pk2IOTest - Consuming 4244 byte(s) from file archemy_magicstone_heat.ddj with size 4244 
07:15:15.150 [main] DEBUG org.sokybot.pk2.Pk2CryptoUtils - File archemy_magicstone_hp.ddj is not encrypted , flags not exists
07:15:15.150 [main] INFO org.soky.sro.pk2.io.Pk2IOTest - Consuming 2196 byte(s) from file archemy_magicstone_hp.ddj with size 2196 
07:15:15.150 [main] DEBUG org.sokybot.pk2.Pk2CryptoUtils - File archemy_magicstone_hr.ddj is not encrypted , flags not exists
07:15:15.150 [main] INFO org.soky.sro.pk2.io.Pk2IOTest - Consuming 2196 byte(s) from file archemy_magicstone_hr.ddj with size 2196 
07:15:15.151 [main] DEBUG org.sokybot.pk2.Pk2CryptoUtils - File archemy_magicstone_int.ddj is not encrypted , flags not exists
07:15:15.151 [main] INFO org.soky.sro.pk2.io.Pk2IOTest - Consuming 2196 byte(s) from file archemy_magicstone_int.ddj with size 2196 
07:15:15.151 [main] DEBUG org.sokybot.pk2.Pk2CryptoUtils - File archemy_magicstone_ironwall.ddj is not encrypted , flags not exists
07:15:15.151 [main] INFO org.soky.sro.pk2.io.Pk2IOTest - Consuming 4244 byte(s) from file archemy_magicstone_ironwall.ddj with size 4244 
07:15:15.151 [main] DEBUG org.sokybot.pk2.Pk2CryptoUtils - File archemy_magicstone_luck.ddj is not encrypted , flags not exists
07:15:15.151 [main] INFO org.soky.sro.pk2.io.Pk2IOTest - Consuming 2196 byte(s) from file archemy_magicstone_luck.ddj with size 2196 
07:15:15.151 [main] DEBUG org.sokybot.pk2.Pk2CryptoUtils - File archemy_magicstone_mp.ddj is not encrypted , flags not exists
07:15:15.151 [main] INFO org.soky.sro.pk2.io.Pk2IOTest - Consuming 2196 byte(s) from file archemy_magicstone_mp.ddj with size 2196 
07:15:15.152 [main] DEBUG org.sokybot.pk2.Pk2CryptoUtils - File archemy_magicstone_poison.ddj is not encrypted , flags not exists
07:15:15.152 [main] INFO org.soky.sro.pk2.io.Pk2IOTest - Consuming 2196 byte(s) from file archemy_magicstone_poison.ddj with size 2196 
07:15:15.152 [main] DEBUG org.sokybot.pk2.Pk2CryptoUtils - File archemy_magicstone_repair.ddj is not encrypted , flags not exists
07:15:15.152 [main] INFO org.soky.sro.pk2.io.Pk2IOTest - Consuming 4244 byte(s) from file archemy_magicstone_repair.ddj with size 4244 
07:15:15.152 [main] DEBUG org.sokybot.pk2.Pk2CryptoUtils - File archemy_magicstone_sharp.ddj is not encrypted , flags not exists
07:15:15.152 [main] INFO org.soky.sro.pk2.io.Pk2IOTest - Consuming 4244 byte(s) from file archemy_magicstone_sharp.ddj with size 4244 
07:15:15.152 [main] DEBUG org.sokybot.pk2.Pk2CryptoUtils - File archemy_magicstone_solid.ddj is not encrypted , flags not exists
07:15:15.152 [main] INFO org.soky.sro.pk2.io.Pk2IOTest - Consuming 2196 byte(s) from file archemy_magicstone_solid.ddj with size 2196 
07:15:15.152 [main] DEBUG org.sokybot.pk2.Pk2CryptoUtils - File archemy_magicstone_str.ddj is not encrypted , flags not exists
07:15:15.152 [main] INFO org.soky.sro.pk2.io.Pk2IOTest - Consuming 2196 byte(s) from file archemy_magicstone_str.ddj with size 2196 
07:15:15.153 [main] DEBUG org.sokybot.pk2.Pk2CryptoUtils - File archemy_magicstone_strongmind.ddj is not encrypted , flags not exists
07:15:15.153 [main] INFO org.soky.sro.pk2.io.Pk2IOTest - Consuming 4244 byte(s) from file archemy_magicstone_strongmind.ddj with size 4244 
07:15:15.153 [main] DEBUG org.sokybot.pk2.Pk2CryptoUtils - File archemy_magicstone_stupor.ddj is not encrypted , flags not exists
07:15:15.153 [main] INFO org.soky.sro.pk2.io.Pk2IOTest - Consuming 4244 byte(s) from file archemy_magicstone_stupor.ddj with size 4244 
07:15:15.153 [main] DEBUG org.sokybot.pk2.Pk2CryptoUtils - File archemy_magicstone_zombie.ddj is not encrypted , flags not exists
07:15:15.153 [main] INFO org.soky.sro.pk2.io.Pk2IOTest - Consuming 2196 byte(s) from file archemy_magicstone_zombie.ddj with size 2196 
07:15:15.153 [main] DEBUG org.sokybot.pk2.Pk2CryptoUtils - File archemy_magictablet_astral.ddj is not encrypted , flags not exists
07:15:15.153 [main] INFO org.soky.sro.pk2.io.Pk2IOTest - Consuming 2196 byte(s) from file archemy_magictablet_astral.ddj with size 2196 
07:15:15.153 [main] DEBUG org.sokybot.pk2.Pk2CryptoUtils - File archemy_magictablet_athanasia.ddj is not encrypted , flags not exists
07:15:15.153 [main] INFO org.soky.sro.pk2.io.Pk2IOTest - Consuming 2196 byte(s) from file archemy_magictablet_athanasia.ddj with size 2196 
07:15:15.154 [main] DEBUG org.sokybot.pk2.Pk2CryptoUtils - File archemy_magictablet_burn.ddj is not encrypted , flags not exists
07:15:15.154 [main] INFO org.soky.sro.pk2.io.Pk2IOTest - Consuming 2196 byte(s) from file archemy_magictablet_burn.ddj with size 2196 
07:15:15.154 [main] DEBUG org.sokybot.pk2.Pk2CryptoUtils - File archemy_magictablet_dur.ddj is not encrypted , flags not exists
07:15:15.154 [main] INFO org.soky.sro.pk2.io.Pk2IOTest - Consuming 2196 byte(s) from file archemy_magictablet_dur.ddj with size 2196 
07:15:15.154 [main] DEBUG org.sokybot.pk2.Pk2CryptoUtils - File archemy_magictablet_er.ddj is not encrypted , flags not exists
07:15:15.154 [main] INFO org.soky.sro.pk2.io.Pk2IOTest - Consuming 2196 byte(s) from file archemy_magictablet_er.ddj with size 2196 
07:15:15.154 [main] DEBUG org.sokybot.pk2.Pk2CryptoUtils - File archemy_magictablet_eshock.ddj is not encrypted , flags not exists
07:15:15.154 [main] INFO org.soky.sro.pk2.io.Pk2IOTest - Consuming 2196 byte(s) from file archemy_magictablet_eshock.ddj with size 2196 
07:15:15.154 [main] DEBUG org.sokybot.pk2.Pk2CryptoUtils - File archemy_magictablet_evade_block.ddj is not encrypted , flags not exists
07:15:15.154 [main] INFO org.soky.sro.pk2.io.Pk2IOTest - Consuming 2196 byte(s) from file archemy_magictablet_evade_block.ddj with size 2196 
07:15:15.155 [main] DEBUG org.sokybot.pk2.Pk2CryptoUtils - File archemy_magictablet_evade_critical.ddj is not encrypted , flags not exists
07:15:15.155 [main] INFO org.soky.sro.pk2.io.Pk2IOTest - Consuming 2196 byte(s) from file archemy_magictablet_evade_critical.ddj with size 2196 
07:15:15.155 [main] DEBUG org.sokybot.pk2.Pk2CryptoUtils - File archemy_magictablet_frostbite.ddj is not encrypted , flags not exists
07:15:15.155 [main] INFO org.soky.sro.pk2.io.Pk2IOTest - Consuming 2196 byte(s) from file archemy_magictablet_frostbite.ddj with size 2196 
07:15:15.155 [main] DEBUG org.sokybot.pk2.Pk2CryptoUtils - File archemy_magictablet_hp.ddj is not encrypted , flags not exists
07:15:15.155 [main] INFO org.soky.sro.pk2.io.Pk2IOTest - Consuming 2196 byte(s) from file archemy_magictablet_hp.ddj with size 2196 
07:15:15.155 [main] DEBUG org.sokybot.pk2.Pk2CryptoUtils - File archemy_magictablet_hr.ddj is not encrypted , flags not exists
07:15:15.155 [main] INFO org.soky.sro.pk2.io.Pk2IOTest - Consuming 2196 byte(s) from file archemy_magictablet_hr.ddj with size 2196 
07:15:15.155 [main] DEBUG org.sokybot.pk2.Pk2CryptoUtils - File archemy_magictablet_int.ddj is not encrypted , flags not exists
07:15:15.155 [main] INFO org.soky.sro.pk2.io.Pk2IOTest - Consuming 2196 byte(s) from file archemy_magictablet_int.ddj with size 2196 
07:15:15.155 [main] DEBUG org.sokybot.pk2.Pk2CryptoUtils - File archemy_magictablet_luck.ddj is not encrypted , flags not exists
07:15:15.156 [main] INFO org.soky.sro.pk2.io.Pk2IOTest - Consuming 2196 byte(s) from file archemy_magictablet_luck.ddj with size 2196 
07:15:15.156 [main] DEBUG org.sokybot.pk2.Pk2CryptoUtils - File archemy_magictablet_mp.ddj is not encrypted , flags not exists
07:15:15.156 [main] INFO org.soky.sro.pk2.io.Pk2IOTest - Consuming 2196 byte(s) from file archemy_magictablet_mp.ddj with size 2196 
07:15:15.156 [main] DEBUG org.sokybot.pk2.Pk2CryptoUtils - File archemy_magictablet_poison.ddj is not encrypted , flags not exists
07:15:15.156 [main] INFO org.soky.sro.pk2.io.Pk2IOTest - Consuming 2196 byte(s) from file archemy_magictablet_poison.ddj with size 2196 
07:15:15.157 [main] DEBUG org.sokybot.pk2.Pk2CryptoUtils - File archemy_magictablet_solid.ddj is not encrypted , flags not exists
07:15:15.157 [main] INFO org.soky.sro.pk2.io.Pk2IOTest - Consuming 2196 byte(s) from file archemy_magictablet_solid.ddj with size 2196 
07:15:15.157 [main] DEBUG org.sokybot.pk2.Pk2CryptoUtils - File archemy_magictablet_str.ddj is not encrypted , flags not exists
07:15:15.157 [main] INFO org.soky.sro.pk2.io.Pk2IOTest - Consuming 2196 byte(s) from file archemy_magictablet_str.ddj with size 2196 
07:15:15.157 [main] DEBUG org.sokybot.pk2.Pk2CryptoUtils - File archemy_magictablet_zombie.ddj is not encrypted , flags not exists
07:15:15.157 [main] INFO org.soky.sro.pk2.io.Pk2IOTest - Consuming 2196 byte(s) from file archemy_magictablet_zombie.ddj with size 2196 
07:15:15.158 [main] DEBUG org.sokybot.pk2.Pk2CryptoUtils - File archemy_potiontablet_immun_frozen.ddj is not encrypted , flags not exists
07:15:15.158 [main] INFO org.soky.sro.pk2.io.Pk2IOTest - Consuming 2196 byte(s) from file archemy_potiontablet_immun_frozen.ddj with size 2196 
07:15:15.158 [main] DEBUG org.sokybot.pk2.Pk2CryptoUtils - File archemy_potiontablet_int.ddj is not encrypted , flags not exists
07:15:15.158 [main] INFO org.soky.sro.pk2.io.Pk2IOTest - Consuming 2196 byte(s) from file archemy_potiontablet_int.ddj with size 2196 
07:15:15.158 [main] DEBUG org.sokybot.pk2.Pk2CryptoUtils - File archemy_potiontablet_speed.ddj is not encrypted , flags not exists
07:15:15.158 [main] INFO org.soky.sro.pk2.io.Pk2IOTest - Consuming 2196 byte(s) from file archemy_potiontablet_speed.ddj with size 2196 
07:15:15.158 [main] DEBUG org.sokybot.pk2.Pk2CryptoUtils - File archemy_potiontablet_str.ddj is not encrypted , flags not exists
07:15:15.159 [main] INFO org.soky.sro.pk2.io.Pk2IOTest - Consuming 2196 byte(s) from file archemy_potiontablet_str.ddj with size 2196 
07:15:15.159 [main] DEBUG org.sokybot.pk2.Pk2CryptoUtils - File archemy_potion_immun_frozen.ddj is not encrypted , flags not exists
07:15:15.159 [main] INFO org.soky.sro.pk2.io.Pk2IOTest - Consuming 2196 byte(s) from file archemy_potion_immun_frozen.ddj with size 2196 
07:15:15.159 [main] DEBUG org.sokybot.pk2.Pk2CryptoUtils - File archemy_potion_int.ddj is not encrypted , flags not exists
07:15:15.159 [main] INFO org.soky.sro.pk2.io.Pk2IOTest - Consuming 2196 byte(s) from file archemy_potion_int.ddj with size 2196 
07:15:15.159 [main] DEBUG org.sokybot.pk2.Pk2CryptoUtils - File archemy_potion_speed.ddj is not encrypted , flags not exists
07:15:15.159 [main] INFO org.soky.sro.pk2.io.Pk2IOTest - Consuming 2196 byte(s) from file archemy_potion_speed.ddj with size 2196 
07:15:15.160 [main] DEBUG org.sokybot.pk2.Pk2CryptoUtils - File archemy_potion_str.ddj is not encrypted , flags not exists
07:15:15.160 [main] INFO org.soky.sro.pk2.io.Pk2IOTest - Consuming 2196 byte(s) from file archemy_potion_str.ddj with size 2196 
07:15:15.160 [main] DEBUG org.sokybot.pk2.Pk2CryptoUtils - File archemy_reinforce_athanasia_a.ddj is not encrypted , flags not exists
07:15:15.160 [main] INFO org.soky.sro.pk2.io.Pk2IOTest - Consuming 2196 byte(s) from file archemy_reinforce_athanasia_a.ddj with size 2196 
07:15:15.160 [main] DEBUG org.sokybot.pk2.Pk2CryptoUtils - File archemy_reinforce_prob_up_a.ddj is not encrypted , flags not exists
07:15:15.160 [main] INFO org.soky.sro.pk2.io.Pk2IOTest - Consuming 2196 byte(s) from file archemy_reinforce_prob_up_a.ddj with size 2196 
07:15:15.161 [main] DEBUG org.sokybot.pk2.Pk2CryptoUtils - File archemy_reinforce_recipe_accessary_09.ddj is not encrypted , flags not exists
07:15:15.161 [main] INFO org.soky.sro.pk2.io.Pk2IOTest - Consuming 4244 byte(s) from file archemy_reinforce_recipe_accessary_09.ddj with size 4244 
07:15:15.161 [main] DEBUG org.sokybot.pk2.Pk2CryptoUtils - File archemy_reinforce_recipe_accessary_b.ddj is not encrypted , flags not exists
07:15:15.161 [main] INFO org.soky.sro.pk2.io.Pk2IOTest - Consuming 2196 byte(s) from file archemy_reinforce_recipe_accessary_b.ddj with size 2196 
07:15:15.161 [main] DEBUG org.sokybot.pk2.Pk2CryptoUtils - File archemy_reinforce_recipe_accessary_beginner.ddj is not encrypted , flags not exists
07:15:15.161 [main] INFO org.soky.sro.pk2.io.Pk2IOTest - Consuming 4244 byte(s) from file archemy_reinforce_recipe_accessary_beginner.ddj with size 4244 
07:15:15.161 [main] DEBUG org.sokybot.pk2.Pk2CryptoUtils - File archemy_reinforce_recipe_armor_09.ddj is not encrypted , flags not exists
07:15:15.162 [main] INFO org.soky.sro.pk2.io.Pk2IOTest - Consuming 4244 byte(s) from file archemy_reinforce_recipe_armor_09.ddj with size 4244 
07:15:15.162 [main] DEBUG org.sokybot.pk2.Pk2CryptoUtils - File archemy_reinforce_recipe_armor_b.ddj is not encrypted , flags not exists
07:15:15.162 [main] INFO org.soky.sro.pk2.io.Pk2IOTest - Consuming 2196 byte(s) from file archemy_reinforce_recipe_armor_b.ddj with size 2196 
07:15:15.162 [main] DEBUG org.sokybot.pk2.Pk2CryptoUtils - File archemy_reinforce_recipe_armor_beginner.ddj is not encrypted , flags not exists
07:15:15.162 [main] INFO org.soky.sro.pk2.io.Pk2IOTest - Consuming 4244 byte(s) from file archemy_reinforce_recipe_armor_beginner.ddj with size 4244 
07:15:15.162 [main] DEBUG org.sokybot.pk2.Pk2CryptoUtils - File archemy_reinforce_recipe_b.ddj is not encrypted , flags not exists
07:15:15.163 [main] INFO org.soky.sro.pk2.io.Pk2IOTest - Consuming 2196 byte(s) from file archemy_reinforce_recipe_b.ddj with size 2196 
07:15:15.163 [main] DEBUG org.sokybot.pk2.Pk2CryptoUtils - File archemy_reinforce_recipe_shield_09.ddj is not encrypted , flags not exists
07:15:15.163 [main] INFO org.soky.sro.pk2.io.Pk2IOTest - Consuming 4244 byte(s) from file archemy_reinforce_recipe_shield_09.ddj with size 4244 
07:15:15.163 [main] DEBUG org.sokybot.pk2.Pk2CryptoUtils - File archemy_reinforce_recipe_shield_b.ddj is not encrypted , flags not exists
07:15:15.163 [main] INFO org.soky.sro.pk2.io.Pk2IOTest - Consuming 2196 byte(s) from file archemy_reinforce_recipe_shield_b.ddj with size 2196 
07:15:15.163 [main] DEBUG org.sokybot.pk2.Pk2CryptoUtils - File archemy_reinforce_recipe_shield_beginner.ddj is not encrypted , flags not exists
07:15:15.163 [main] INFO org.soky.sro.pk2.io.Pk2IOTest - Consuming 4244 byte(s) from file archemy_reinforce_recipe_shield_beginner.ddj with size 4244 
07:15:15.164 [main] DEBUG org.sokybot.pk2.Pk2CryptoUtils - File archemy_reinforce_recipe_weapon_09.ddj is not encrypted , flags not exists
07:15:15.164 [main] INFO org.soky.sro.pk2.io.Pk2IOTest - Consuming 4244 byte(s) from file archemy_reinforce_recipe_weapon_09.ddj with size 4244 
07:15:15.164 [main] DEBUG org.sokybot.pk2.Pk2CryptoUtils - File archemy_reinforce_recipe_weapon_b.ddj is not encrypted , flags not exists
07:15:15.164 [main] INFO org.soky.sro.pk2.io.Pk2IOTest - Consuming 2196 byte(s) from file archemy_reinforce_recipe_weapon_b.ddj with size 2196 
07:15:15.164 [main] DEBUG org.sokybot.pk2.Pk2CryptoUtils - File archemy_reinforce_recipe_weapon_beginner.ddj is not encrypted , flags not exists
07:15:15.164 [main] INFO org.soky.sro.pk2.io.Pk2IOTest - Consuming 4244 byte(s) from file archemy_reinforce_recipe_weapon_beginner.ddj with size 4244 
07:15:15.165 [main] DEBUG org.sokybot.pk2.Pk2CryptoUtils - File archemy_reinforce_solid_a.ddj is not encrypted , flags not exists
07:15:15.165 [main] INFO org.soky.sro.pk2.io.Pk2IOTest - Consuming 2196 byte(s) from file archemy_reinforce_solid_a.ddj with size 2196 
07:15:15.165 [main] DEBUG org.sokybot.pk2.Pk2CryptoUtils - File archemy_skillstone_abundance.ddj is not encrypted , flags not exists
07:15:15.165 [main] INFO org.soky.sro.pk2.io.Pk2IOTest - Consuming 4244 byte(s) from file archemy_skillstone_abundance.ddj with size 4244 
07:15:15.165 [main] DEBUG org.sokybot.pk2.Pk2CryptoUtils - File archemy_skillstone_ancient.ddj is not encrypted , flags not exists
07:15:15.165 [main] INFO org.soky.sro.pk2.io.Pk2IOTest - Consuming 4244 byte(s) from file archemy_skillstone_ancient.ddj with size 4244 
07:15:15.166 [main] DEBUG org.sokybot.pk2.Pk2CryptoUtils - File archemy_skillstone_archer.ddj is not encrypted , flags not exists
07:15:15.166 [main] INFO org.soky.sro.pk2.io.Pk2IOTest - Consuming 4244 byte(s) from file archemy_skillstone_archer.ddj with size 4244 
07:15:15.166 [main] DEBUG org.sokybot.pk2.Pk2CryptoUtils - File archemy_skillstone_blaze.ddj is not encrypted , flags not exists
07:15:15.166 [main] INFO org.soky.sro.pk2.io.Pk2IOTest - Consuming 4244 byte(s) from file archemy_skillstone_blaze.ddj with size 4244 
07:15:15.166 [main] DEBUG org.sokybot.pk2.Pk2CryptoUtils - File archemy_skillstone_buffalo.ddj is not encrypted , flags not exists
07:15:15.166 [main] INFO org.soky.sro.pk2.io.Pk2IOTest - Consuming 4244 byte(s) from file archemy_skillstone_buffalo.ddj with size 4244 
07:15:15.166 [main] DEBUG org.sokybot.pk2.Pk2CryptoUtils - File archemy_skillstone_corpse.ddj is not encrypted , flags not exists
07:15:15.166 [main] INFO org.soky.sro.pk2.io.Pk2IOTest - Consuming 4244 byte(s) from file archemy_skillstone_corpse.ddj with size 4244 
07:15:15.167 [main] DEBUG org.sokybot.pk2.Pk2CryptoUtils - File archemy_skillstone_dark.ddj is not encrypted , flags not exists
07:15:15.167 [main] INFO org.soky.sro.pk2.io.Pk2IOTest - Consuming 4244 byte(s) from file archemy_skillstone_dark.ddj with size 4244 
07:15:15.167 [main] DEBUG org.sokybot.pk2.Pk2CryptoUtils - File archemy_skillstone_demolition.ddj is not encrypted , flags not exists
07:15:15.167 [main] INFO org.soky.sro.pk2.io.Pk2IOTest - Consuming 4244 byte(s) from file archemy_skillstone_demolition.ddj with size 4244 
07:15:15.167 [main] DEBUG org.sokybot.pk2.Pk2CryptoUtils - File archemy_skillstone_disease.ddj is not encrypted , flags not exists
07:15:15.167 [main] INFO org.soky.sro.pk2.io.Pk2IOTest - Consuming 4244 byte(s) from file archemy_skillstone_disease.ddj with size 4244 
07:15:15.167 [main] DEBUG org.sokybot.pk2.Pk2CryptoUtils - File archemy_skillstone_extinction.ddj is not encrypted , flags not exists
07:15:15.168 [main] INFO org.soky.sro.pk2.io.Pk2IOTest - Consuming 4244 byte(s) from file archemy_skillstone_extinction.ddj with size 4244 
07:15:15.168 [main] DEBUG org.sokybot.pk2.Pk2CryptoUtils - File archemy_skillstone_gale.ddj is not encrypted , flags not exists
07:15:15.168 [main] INFO org.soky.sro.pk2.io.Pk2IOTest - Consuming 4244 byte(s) from file archemy_skillstone_gale.ddj with size 4244 
07:15:15.168 [main] DEBUG org.sokybot.pk2.Pk2CryptoUtils - File archemy_skillstone_glory.ddj is not encrypted , flags not exists
07:15:15.168 [main] INFO org.soky.sro.pk2.io.Pk2IOTest - Consuming 4244 byte(s) from file archemy_skillstone_glory.ddj with size 4244 
07:15:15.168 [main] DEBUG org.sokybot.pk2.Pk2CryptoUtils - File archemy_skillstone_greed.ddj is not encrypted , flags not exists
07:15:15.168 [main] INFO org.soky.sro.pk2.io.Pk2IOTest - Consuming 4244 byte(s) from file archemy_skillstone_greed.ddj with size 4244 
07:15:15.168 [main] DEBUG org.sokybot.pk2.Pk2CryptoUtils - File archemy_skillstone_guard.ddj is not encrypted , flags not exists
07:15:15.168 [main] INFO org.soky.sro.pk2.io.Pk2IOTest - Consuming 4244 byte(s) from file archemy_skillstone_guard.ddj with size 4244 
07:15:15.169 [main] DEBUG org.sokybot.pk2.Pk2CryptoUtils - File archemy_skillstone_hero.ddj is not encrypted , flags not exists
07:15:15.169 [main] INFO org.soky.sro.pk2.io.Pk2IOTest - Consuming 4244 byte(s) from file archemy_skillstone_hero.ddj with size 4244 
07:15:15.169 [main] DEBUG org.sokybot.pk2.Pk2CryptoUtils - File archemy_skillstone_hubris.ddj is not encrypted , flags not exists
07:15:15.169 [main] INFO org.soky.sro.pk2.io.Pk2IOTest - Consuming 4244 byte(s) from file archemy_skillstone_hubris.ddj with size 4244 
07:15:15.169 [main] DEBUG org.sokybot.pk2.Pk2CryptoUtils - File archemy_skillstone_life.ddj is not encrypted , flags not exists
07:15:15.169 [main] INFO org.soky.sro.pk2.io.Pk2IOTest - Consuming 4244 byte(s) from file archemy_skillstone_life.ddj with size 4244 
07:15:15.169 [main] DEBUG org.sokybot.pk2.Pk2CryptoUtils - File archemy_skillstone_oracle.ddj is not encrypted , flags not exists
07:15:15.169 [main] INFO org.soky.sro.pk2.io.Pk2IOTest - Consuming 4244 byte(s) from file archemy_skillstone_oracle.ddj with size 4244 
07:15:15.169 [main] DEBUG org.sokybot.pk2.Pk2CryptoUtils - File archemy_skillstone_otherworld.ddj is not encrypted , flags not exists
07:15:15.170 [main] INFO org.soky.sro.pk2.io.Pk2IOTest - Consuming 4244 byte(s) from file archemy_skillstone_otherworld.ddj with size 4244 
07:15:15.170 [main] DEBUG org.sokybot.pk2.Pk2CryptoUtils - File archemy_skillstone_pharaoh.ddj is not encrypted , flags not exists
07:15:15.170 [main] INFO org.soky.sro.pk2.io.Pk2IOTest - Consuming 4244 byte(s) from file archemy_skillstone_pharaoh.ddj with size 4244 
07:15:15.170 [main] DEBUG org.sokybot.pk2.Pk2CryptoUtils - File archemy_skillstone_poison.ddj is not encrypted , flags not exists
07:15:15.170 [main] INFO org.soky.sro.pk2.io.Pk2IOTest - Consuming 4244 byte(s) from file archemy_skillstone_poison.ddj with size 4244 
07:15:15.170 [main] DEBUG org.sokybot.pk2.Pk2CryptoUtils - File archemy_skillstone_rage.ddj is not encrypted , flags not exists
07:15:15.170 [main] INFO org.soky.sro.pk2.io.Pk2IOTest - Consuming 4244 byte(s) from file archemy_skillstone_rage.ddj with size 4244 
07:15:15.170 [main] DEBUG org.sokybot.pk2.Pk2CryptoUtils - File archemy_skillstone_rebirth.ddj is not encrypted , flags not exists
07:15:15.170 [main] INFO org.soky.sro.pk2.io.Pk2IOTest - Consuming 4244 byte(s) from file archemy_skillstone_rebirth.ddj with size 4244 
07:15:15.171 [main] DEBUG org.sokybot.pk2.Pk2CryptoUtils - File archemy_skillstone_remedy.ddj is not encrypted , flags not exists
07:15:15.171 [main] INFO org.soky.sro.pk2.io.Pk2IOTest - Consuming 4244 byte(s) from file archemy_skillstone_remedy.ddj with size 4244 
07:15:15.171 [main] DEBUG org.sokybot.pk2.Pk2CryptoUtils - File archemy_skillstone_shadow.ddj is not encrypted , flags not exists
07:15:15.171 [main] INFO org.soky.sro.pk2.io.Pk2IOTest - Consuming 4244 byte(s) from file archemy_skillstone_shadow.ddj with size 4244 
07:15:15.171 [main] DEBUG org.sokybot.pk2.Pk2CryptoUtils - File archemy_skillstone_storm.ddj is not encrypted , flags not exists
07:15:15.171 [main] INFO org.soky.sro.pk2.io.Pk2IOTest - Consuming 4244 byte(s) from file archemy_skillstone_storm.ddj with size 4244 
07:15:15.171 [main] DEBUG org.sokybot.pk2.Pk2CryptoUtils - File archemy_skillstone_toxin.ddj is not encrypted , flags not exists
07:15:15.171 [main] INFO org.soky.sro.pk2.io.Pk2IOTest - Consuming 4244 byte(s) from file archemy_skillstone_toxin.ddj with size 4244 
07:15:15.172 [main] DEBUG org.sokybot.pk2.Pk2CryptoUtils - File archemy_skillstone_transmute.ddj is not encrypted , flags not exists
07:15:15.172 [main] INFO org.soky.sro.pk2.io.Pk2IOTest - Consuming 4244 byte(s) from file archemy_skillstone_transmute.ddj with size 4244 
07:15:15.172 [main] DEBUG org.sokybot.pk2.Pk2CryptoUtils - File archemy_skillstone_valor.ddj is not encrypted , flags not exists
07:15:15.172 [main] INFO org.soky.sro.pk2.io.Pk2IOTest - Consuming 4244 byte(s) from file archemy_skillstone_valor.ddj with size 4244 
07:15:15.172 [main] DEBUG org.sokybot.pk2.Pk2CryptoUtils - File archemy_skillstone_wind.ddj is not encrypted , flags not exists
07:15:15.172 [main] INFO org.soky.sro.pk2.io.Pk2IOTest - Consuming 4244 byte(s) from file archemy_skillstone_wind.ddj with size 4244 
07:15:15.172 [main] DEBUG org.sokybot.pk2.Pk2CryptoUtils - File archemy_upper_reinforce_accessary.ddj is not encrypted , flags not exists
07:15:15.172 [main] INFO org.soky.sro.pk2.io.Pk2IOTest - Consuming 4244 byte(s) from file archemy_upper_reinforce_accessary.ddj with size 4244 
07:15:15.172 [main] DEBUG org.sokybot.pk2.Pk2CryptoUtils - File archemy_upper_reinforce_armor.ddj is not encrypted , flags not exists
07:15:15.173 [main] INFO org.soky.sro.pk2.io.Pk2IOTest - Consuming 4244 byte(s) from file archemy_upper_reinforce_armor.ddj with size 4244 
07:15:15.173 [main] DEBUG org.sokybot.pk2.Pk2CryptoUtils - File archemy_upper_reinforce_shield.ddj is not encrypted , flags not exists
07:15:15.173 [main] INFO org.soky.sro.pk2.io.Pk2IOTest - Consuming 4244 byte(s) from file archemy_upper_reinforce_shield.ddj with size 4244 
07:15:15.173 [main] DEBUG org.sokybot.pk2.Pk2CryptoUtils - File archemy_upper_reinforce_weapon.ddj is not encrypted , flags not exists
07:15:15.173 [main] INFO org.soky.sro.pk2.io.Pk2IOTest - Consuming 4244 byte(s) from file archemy_upper_reinforce_weapon.ddj with size 4244 
07:15:15.173 [main] DEBUG org.sokybot.pk2.Pk2CryptoUtils - File arena_dragon_team.ddj is not encrypted , flags not exists
07:15:15.173 [main] INFO org.soky.sro.pk2.io.Pk2IOTest - Consuming 4244 byte(s) from file arena_dragon_team.ddj with size 4244 
07:15:15.173 [main] DEBUG org.sokybot.pk2.Pk2CryptoUtils - File arena_tiger_team.ddj is not encrypted , flags not exists
07:15:15.174 [main] INFO org.soky.sro.pk2.io.Pk2IOTest - Consuming 4244 byte(s) from file arena_tiger_team.ddj with size 4244 
07:15:15.174 [main] DEBUG org.sokybot.pk2.Pk2CryptoUtils - File automob.ddj is not encrypted , flags not exists
07:15:15.174 [main] INFO org.soky.sro.pk2.io.Pk2IOTest - Consuming 2196 byte(s) from file automob.ddj with size 2196 
07:15:15.174 [main] DEBUG org.sokybot.pk2.Pk2CryptoUtils - File avatar_m_gm_uniform.ddj is not encrypted , flags not exists
07:15:15.174 [main] INFO org.soky.sro.pk2.io.Pk2IOTest - Consuming 4244 byte(s) from file avatar_m_gm_uniform.ddj with size 4244 
07:15:15.174 [main] DEBUG org.sokybot.pk2.Pk2CryptoUtils - File avatar_w_gm_uniform.ddj is not encrypted , flags not exists
07:15:15.174 [main] INFO org.soky.sro.pk2.io.Pk2IOTest - Consuming 4244 byte(s) from file avatar_w_gm_uniform.ddj with size 4244 
07:15:15.175 [main] DEBUG org.sokybot.pk2.Pk2CryptoUtils - File awaken_ac.ddj is not encrypted , flags not exists
07:15:15.175 [main] INFO org.soky.sro.pk2.io.Pk2IOTest - Consuming 4244 byte(s) from file awaken_ac.ddj with size 4244 
07:15:15.175 [main] DEBUG org.sokybot.pk2.Pk2CryptoUtils - File awaken_ar.ddj is not encrypted , flags not exists
07:15:15.175 [main] INFO org.soky.sro.pk2.io.Pk2IOTest - Consuming 4244 byte(s) from file awaken_ar.ddj with size 4244 
07:15:15.175 [main] DEBUG org.sokybot.pk2.Pk2CryptoUtils - File awaken_sh.ddj is not encrypted , flags not exists
07:15:15.176 [main] INFO org.soky.sro.pk2.io.Pk2IOTest - Consuming 8248 byte(s) from file awaken_sh.ddj with size 8248 
07:15:15.176 [main] DEBUG org.sokybot.pk2.Pk2CryptoUtils - File awaken_we.ddj is not encrypted , flags not exists
07:15:15.176 [main] INFO org.soky.sro.pk2.io.Pk2IOTest - Consuming 4244 byte(s) from file awaken_we.ddj with size 4244 
07:15:15.176 [main] DEBUG org.sokybot.pk2.Pk2CryptoUtils - File battery_0.ddj is not encrypted , flags not exists
07:15:15.176 [main] INFO org.soky.sro.pk2.io.Pk2IOTest - Consuming 388 byte(s) from file battery_0.ddj with size 388 
07:15:15.176 [main] DEBUG org.sokybot.pk2.Pk2CryptoUtils - File battery_9.ddj is not encrypted , flags not exists
07:15:15.176 [main] INFO org.soky.sro.pk2.io.Pk2IOTest - Consuming 340 byte(s) from file battery_9.ddj with size 340 
07:15:15.177 [main] DEBUG org.sokybot.pk2.Pk2CryptoUtils - File battery_form.ddj is not encrypted , flags not exists
07:15:15.177 [main] INFO org.soky.sro.pk2.io.Pk2IOTest - Consuming 2068 byte(s) from file battery_form.ddj with size 2068 
07:15:15.177 [main] DEBUG org.sokybot.pk2.Pk2CryptoUtils - File Cactusfruit.ddj is not encrypted , flags not exists
07:15:15.177 [main] INFO org.soky.sro.pk2.io.Pk2IOTest - Consuming 4244 byte(s) from file Cactusfruit.ddj with size 4244 
07:15:15.177 [main] DEBUG org.sokybot.pk2.Pk2CryptoUtils - File campfire.ddj is not encrypted , flags not exists
07:15:15.177 [main] INFO org.soky.sro.pk2.io.Pk2IOTest - Consuming 2196 byte(s) from file campfire.ddj with size 2196 
07:15:15.177 [main] DEBUG org.sokybot.pk2.Pk2CryptoUtils - File chanelring_event_effect.ddj is not encrypted , flags not exists
07:15:15.178 [main] INFO org.soky.sro.pk2.io.Pk2IOTest - Consuming 16532 byte(s) from file chanelring_event_effect.ddj with size 16532 
07:15:15.178 [main] DEBUG org.sokybot.pk2.Pk2CryptoUtils - File chanel_event_a.ddj is not encrypted , flags not exists
07:15:15.178 [main] INFO org.soky.sro.pk2.io.Pk2IOTest - Consuming 1684 byte(s) from file chanel_event_a.ddj with size 1684 
07:15:15.178 [main] DEBUG org.sokybot.pk2.Pk2CryptoUtils - File chanel_event_e.ddj is not encrypted , flags not exists
07:15:15.178 [main] INFO org.soky.sro.pk2.io.Pk2IOTest - Consuming 1684 byte(s) from file chanel_event_e.ddj with size 1684 
07:15:15.178 [main] DEBUG org.sokybot.pk2.Pk2CryptoUtils - File chanel_event_f.ddj is not encrypted , flags not exists
07:15:15.178 [main] INFO org.soky.sro.pk2.io.Pk2IOTest - Consuming 1684 byte(s) from file chanel_event_f.ddj with size 1684 
07:15:15.178 [main] DEBUG org.sokybot.pk2.Pk2CryptoUtils - File chanel_event_i.ddj is not encrypted , flags not exists
07:15:15.179 [main] INFO org.soky.sro.pk2.io.Pk2IOTest - Consuming 1684 byte(s) from file chanel_event_i.ddj with size 1684 
07:15:15.179 [main] DEBUG org.sokybot.pk2.Pk2CryptoUtils - File chanel_event_l.ddj is not encrypted , flags not exists
07:15:15.179 [main] INFO org.soky.sro.pk2.io.Pk2IOTest - Consuming 1684 byte(s) from file chanel_event_l.ddj with size 1684 
07:15:15.179 [main] DEBUG org.sokybot.pk2.Pk2CryptoUtils - File chanel_event_s.ddj is not encrypted , flags not exists
07:15:15.179 [main] INFO org.soky.sro.pk2.io.Pk2IOTest - Consuming 1684 byte(s) from file chanel_event_s.ddj with size 1684 
07:15:15.179 [main] DEBUG org.sokybot.pk2.Pk2CryptoUtils - File chanel_event_t.ddj is not encrypted , flags not exists
07:15:15.179 [main] INFO org.soky.sro.pk2.io.Pk2IOTest - Consuming 1684 byte(s) from file chanel_event_t.ddj with size 1684 
07:15:15.179 [main] DEBUG org.sokybot.pk2.Pk2CryptoUtils - File chanel_event_v.ddj is not encrypted , flags not exists
07:15:15.179 [main] INFO org.soky.sro.pk2.io.Pk2IOTest - Consuming 1684 byte(s) from file chanel_event_v.ddj with size 1684 
07:15:15.179 [main] DEBUG org.sokybot.pk2.Pk2CryptoUtils - File charge_gold.ddj is not encrypted , flags not exists
07:15:15.180 [main] INFO org.soky.sro.pk2.io.Pk2IOTest - Consuming 4244 byte(s) from file charge_gold.ddj with size 4244 
07:15:15.180 [main] DEBUG org.sokybot.pk2.Pk2CryptoUtils - File cos_p_rabbit.ddj is not encrypted , flags not exists
07:15:15.180 [main] INFO org.soky.sro.pk2.io.Pk2IOTest - Consuming 4244 byte(s) from file cos_p_rabbit.ddj with size 4244 
07:15:15.180 [main] DEBUG org.sokybot.pk2.Pk2CryptoUtils - File cos_p_spot_rabbit.ddj is not encrypted , flags not exists
07:15:15.180 [main] INFO org.soky.sro.pk2.io.Pk2IOTest - Consuming 4244 byte(s) from file cos_p_spot_rabbit.ddj with size 4244 
07:15:15.180 [main] DEBUG org.sokybot.pk2.Pk2CryptoUtils - File coupon_accessary.ddj is not encrypted , flags not exists
07:15:15.180 [main] INFO org.soky.sro.pk2.io.Pk2IOTest - Consuming 4244 byte(s) from file coupon_accessary.ddj with size 4244 
07:15:15.181 [main] DEBUG org.sokybot.pk2.Pk2CryptoUtils - File coupon_armor.ddj is not encrypted , flags not exists
07:15:15.181 [main] INFO org.soky.sro.pk2.io.Pk2IOTest - Consuming 4244 byte(s) from file coupon_armor.ddj with size 4244 
07:15:15.181 [main] DEBUG org.sokybot.pk2.Pk2CryptoUtils - File coupon_attrstone_09.ddj is not encrypted , flags not exists
07:15:15.181 [main] INFO org.soky.sro.pk2.io.Pk2IOTest - Consuming 4244 byte(s) from file coupon_attrstone_09.ddj with size 4244 
07:15:15.181 [main] DEBUG org.sokybot.pk2.Pk2CryptoUtils - File coupon_avatar.ddj is not encrypted , flags not exists
07:15:15.181 [main] INFO org.soky.sro.pk2.io.Pk2IOTest - Consuming 4244 byte(s) from file coupon_avatar.ddj with size 4244 
07:15:15.181 [main] DEBUG org.sokybot.pk2.Pk2CryptoUtils - File coupon_cube.ddj is not encrypted , flags not exists
07:15:15.181 [main] INFO org.soky.sro.pk2.io.Pk2IOTest - Consuming 4244 byte(s) from file coupon_cube.ddj with size 4244 
07:15:15.181 [main] DEBUG org.sokybot.pk2.Pk2CryptoUtils - File coupon_elixir_a_accessary.ddj is not encrypted , flags not exists
07:15:15.182 [main] INFO org.soky.sro.pk2.io.Pk2IOTest - Consuming 4244 byte(s) from file coupon_elixir_a_accessary.ddj with size 4244 
07:15:15.182 [main] DEBUG org.sokybot.pk2.Pk2CryptoUtils - File coupon_elixir_a_armor.ddj is not encrypted , flags not exists
07:15:15.182 [main] INFO org.soky.sro.pk2.io.Pk2IOTest - Consuming 4244 byte(s) from file coupon_elixir_a_armor.ddj with size 4244 
07:15:15.182 [main] DEBUG org.sokybot.pk2.Pk2CryptoUtils - File coupon_elixir_a_shield.ddj is not encrypted , flags not exists
07:15:15.182 [main] INFO org.soky.sro.pk2.io.Pk2IOTest - Consuming 4244 byte(s) from file coupon_elixir_a_shield.ddj with size 4244 
07:15:15.182 [main] DEBUG org.sokybot.pk2.Pk2CryptoUtils - File coupon_elixir_a_weapon.ddj is not encrypted , flags not exists
07:15:15.182 [main] INFO org.soky.sro.pk2.io.Pk2IOTest - Consuming 4244 byte(s) from file coupon_elixir_a_weapon.ddj with size 4244 
07:15:15.182 [main] DEBUG org.sokybot.pk2.Pk2CryptoUtils - File coupon_elixir_b_accessary.ddj is not encrypted , flags not exists
07:15:15.182 [main] INFO org.soky.sro.pk2.io.Pk2IOTest - Consuming 4244 byte(s) from file coupon_elixir_b_accessary.ddj with size 4244 
07:15:15.183 [main] DEBUG org.sokybot.pk2.Pk2CryptoUtils - File coupon_elixir_b_armor.ddj is not encrypted , flags not exists
07:15:15.183 [main] INFO org.soky.sro.pk2.io.Pk2IOTest - Consuming 4244 byte(s) from file coupon_elixir_b_armor.ddj with size 4244 
07:15:15.183 [main] DEBUG org.sokybot.pk2.Pk2CryptoUtils - File coupon_elixir_b_shield.ddj is not encrypted , flags not exists
07:15:15.183 [main] INFO org.soky.sro.pk2.io.Pk2IOTest - Consuming 4244 byte(s) from file coupon_elixir_b_shield.ddj with size 4244 
07:15:15.183 [main] DEBUG org.sokybot.pk2.Pk2CryptoUtils - File coupon_elixir_b_weapon.ddj is not encrypted , flags not exists
07:15:15.183 [main] INFO org.soky.sro.pk2.io.Pk2IOTest - Consuming 4244 byte(s) from file coupon_elixir_b_weapon.ddj with size 4244 
07:15:15.183 [main] DEBUG org.sokybot.pk2.Pk2CryptoUtils - File coupon_enhancer.ddj is not encrypted , flags not exists
07:15:15.183 [main] INFO org.soky.sro.pk2.io.Pk2IOTest - Consuming 4244 byte(s) from file coupon_enhancer.ddj with size 4244 
07:15:15.183 [main] DEBUG org.sokybot.pk2.Pk2CryptoUtils - File coupon_magicstone_09.ddj is not encrypted , flags not exists
07:15:15.183 [main] INFO org.soky.sro.pk2.io.Pk2IOTest - Consuming 4244 byte(s) from file coupon_magicstone_09.ddj with size 4244 
07:15:15.184 [main] DEBUG org.sokybot.pk2.Pk2CryptoUtils - File coupon_shield.ddj is not encrypted , flags not exists
07:15:15.184 [main] INFO org.soky.sro.pk2.io.Pk2IOTest - Consuming 4244 byte(s) from file coupon_shield.ddj with size 4244 
07:15:15.184 [main] DEBUG org.sokybot.pk2.Pk2CryptoUtils - File coupon_weapon.ddj is not encrypted , flags not exists
07:15:15.184 [main] INFO org.soky.sro.pk2.io.Pk2IOTest - Consuming 4244 byte(s) from file coupon_weapon.ddj with size 4244 
07:15:15.184 [main] DEBUG org.sokybot.pk2.Pk2CryptoUtils - File crescent.ddj is not encrypted , flags not exists
07:15:15.184 [main] INFO org.soky.sro.pk2.io.Pk2IOTest - Consuming 4244 byte(s) from file crescent.ddj with size 4244 
07:15:15.184 [main] DEBUG org.sokybot.pk2.Pk2CryptoUtils - File crescent_buff.ddj is not encrypted , flags not exists
07:15:15.184 [main] INFO org.soky.sro.pk2.io.Pk2IOTest - Consuming 4244 byte(s) from file crescent_buff.ddj with size 4244 
07:15:15.184 [main] DEBUG org.sokybot.pk2.Pk2CryptoUtils - File detect_survival.ddj is not encrypted , flags not exists
07:15:15.184 [main] INFO org.soky.sro.pk2.io.Pk2IOTest - Consuming 4244 byte(s) from file detect_survival.ddj with size 4244 
07:15:15.185 [main] DEBUG org.sokybot.pk2.Pk2CryptoUtils - File ect_plate_gold.ddj is not encrypted , flags not exists
07:15:15.185 [main] INFO org.soky.sro.pk2.io.Pk2IOTest - Consuming 4244 byte(s) from file ect_plate_gold.ddj with size 4244 
07:15:15.185 [main] DEBUG org.sokybot.pk2.Pk2CryptoUtils - File etc_anticross_black.ddj is not encrypted , flags not exists
07:15:15.185 [main] INFO org.soky.sro.pk2.io.Pk2IOTest - Consuming 2196 byte(s) from file etc_anticross_black.ddj with size 2196 
07:15:15.185 [main] DEBUG org.sokybot.pk2.Pk2CryptoUtils - File etc_anticross_blue.ddj is not encrypted , flags not exists
07:15:15.185 [main] INFO org.soky.sro.pk2.io.Pk2IOTest - Consuming 2196 byte(s) from file etc_anticross_blue.ddj with size 2196 
07:15:15.185 [main] DEBUG org.sokybot.pk2.Pk2CryptoUtils - File etc_anticross_gray.ddj is not encrypted , flags not exists
07:15:15.185 [main] INFO org.soky.sro.pk2.io.Pk2IOTest - Consuming 2196 byte(s) from file etc_anticross_gray.ddj with size 2196 
07:15:15.185 [main] DEBUG org.sokybot.pk2.Pk2CryptoUtils - File etc_anticross_red.ddj is not encrypted , flags not exists
07:15:15.185 [main] INFO org.soky.sro.pk2.io.Pk2IOTest - Consuming 2196 byte(s) from file etc_anticross_red.ddj with size 2196 
07:15:15.186 [main] DEBUG org.sokybot.pk2.Pk2CryptoUtils - File etc_apple_gold.ddj is not encrypted , flags not exists
07:15:15.186 [main] INFO org.soky.sro.pk2.io.Pk2IOTest - Consuming 2196 byte(s) from file etc_apple_gold.ddj with size 2196 
07:15:15.186 [main] DEBUG org.sokybot.pk2.Pk2CryptoUtils - File etc_armguard_leather.ddj is not encrypted , flags not exists
07:15:15.186 [main] INFO org.soky.sro.pk2.io.Pk2IOTest - Consuming 2196 byte(s) from file etc_armguard_leather.ddj with size 2196 
07:15:15.186 [main] DEBUG org.sokybot.pk2.Pk2CryptoUtils - File etc_armor_jacket.ddj is not encrypted , flags not exists
07:15:15.186 [main] INFO org.soky.sro.pk2.io.Pk2IOTest - Consuming 2196 byte(s) from file etc_armor_jacket.ddj with size 2196 
07:15:15.186 [main] DEBUG org.sokybot.pk2.Pk2CryptoUtils - File etc_axe_stone.ddj is not encrypted , flags not exists
07:15:15.186 [main] INFO org.soky.sro.pk2.io.Pk2IOTest - Consuming 2196 byte(s) from file etc_axe_stone.ddj with size 2196 
07:15:15.186 [main] DEBUG org.sokybot.pk2.Pk2CryptoUtils - File etc_bell_curse.ddj is not encrypted , flags not exists
07:15:15.186 [main] INFO org.soky.sro.pk2.io.Pk2IOTest - Consuming 4244 byte(s) from file etc_bell_curse.ddj with size 4244 
07:15:15.186 [main] DEBUG org.sokybot.pk2.Pk2CryptoUtils - File etc_bell_gold.ddj is not encrypted , flags not exists
07:15:15.187 [main] INFO org.soky.sro.pk2.io.Pk2IOTest - Consuming 4244 byte(s) from file etc_bell_gold.ddj with size 4244 
07:15:15.187 [main] DEBUG org.sokybot.pk2.Pk2CryptoUtils - File etc_bow_dirty.ddj is not encrypted , flags not exists
07:15:15.187 [main] INFO org.soky.sro.pk2.io.Pk2IOTest - Consuming 2196 byte(s) from file etc_bow_dirty.ddj with size 2196 
07:15:15.187 [main] DEBUG org.sokybot.pk2.Pk2CryptoUtils - File etc_box_blue.ddj is not encrypted , flags not exists
07:15:15.187 [main] INFO org.soky.sro.pk2.io.Pk2IOTest - Consuming 2196 byte(s) from file etc_box_blue.ddj with size 2196 
07:15:15.187 [main] DEBUG org.sokybot.pk2.Pk2CryptoUtils - File etc_box_brown.ddj is not encrypted , flags not exists
07:15:15.187 [main] INFO org.soky.sro.pk2.io.Pk2IOTest - Consuming 2196 byte(s) from file etc_box_brown.ddj with size 2196 
07:15:15.187 [main] DEBUG org.sokybot.pk2.Pk2CryptoUtils - File etc_box_packing_pink.ddj is not encrypted , flags not exists
07:15:15.187 [main] INFO org.soky.sro.pk2.io.Pk2IOTest - Consuming 2196 byte(s) from file etc_box_packing_pink.ddj with size 2196 
07:15:15.187 [main] DEBUG org.sokybot.pk2.Pk2CryptoUtils - File etc_box_rainbow.ddj is not encrypted , flags not exists
07:15:15.187 [main] INFO org.soky.sro.pk2.io.Pk2IOTest - Consuming 2196 byte(s) from file etc_box_rainbow.ddj with size 2196 
07:15:15.188 [main] DEBUG org.sokybot.pk2.Pk2CryptoUtils - File etc_box_red.ddj is not encrypted , flags not exists
07:15:15.188 [main] INFO org.soky.sro.pk2.io.Pk2IOTest - Consuming 2196 byte(s) from file etc_box_red.ddj with size 2196 
07:15:15.188 [main] DEBUG org.sokybot.pk2.Pk2CryptoUtils - File etc_box_yellow.ddj is not encrypted , flags not exists
07:15:15.188 [main] INFO org.soky.sro.pk2.io.Pk2IOTest - Consuming 2196 byte(s) from file etc_box_yellow.ddj with size 2196 
07:15:15.188 [main] DEBUG org.sokybot.pk2.Pk2CryptoUtils - File etc_bug_earwig.ddj is not encrypted , flags not exists
07:15:15.188 [main] INFO org.soky.sro.pk2.io.Pk2IOTest - Consuming 2196 byte(s) from file etc_bug_earwig.ddj with size 2196 
07:15:15.188 [main] DEBUG org.sokybot.pk2.Pk2CryptoUtils - File etc_calabash_red.ddj is not encrypted , flags not exists
07:15:15.188 [main] INFO org.soky.sro.pk2.io.Pk2IOTest - Consuming 4244 byte(s) from file etc_calabash_red.ddj with size 4244 
07:15:15.188 [main] DEBUG org.sokybot.pk2.Pk2CryptoUtils - File etc_calabash_white.ddj is not encrypted , flags not exists
07:15:15.188 [main] INFO org.soky.sro.pk2.io.Pk2IOTest - Consuming 4244 byte(s) from file etc_calabash_white.ddj with size 4244 
07:15:15.189 [main] DEBUG org.sokybot.pk2.Pk2CryptoUtils - File etc_catch_orange.ddj is not encrypted , flags not exists
07:15:15.189 [main] INFO org.soky.sro.pk2.io.Pk2IOTest - Consuming 2196 byte(s) from file etc_catch_orange.ddj with size 2196 
07:15:15.189 [main] DEBUG org.sokybot.pk2.Pk2CryptoUtils - File etc_claw_black.ddj is not encrypted , flags not exists
07:15:15.189 [main] INFO org.soky.sro.pk2.io.Pk2IOTest - Consuming 4244 byte(s) from file etc_claw_black.ddj with size 4244 
07:15:15.189 [main] DEBUG org.sokybot.pk2.Pk2CryptoUtils - File etc_crabskin_oragne.ddj is not encrypted , flags not exists
07:15:15.190 [main] INFO org.soky.sro.pk2.io.Pk2IOTest - Consuming 2196 byte(s) from file etc_crabskin_oragne.ddj with size 2196 
07:15:15.190 [main] DEBUG org.sokybot.pk2.Pk2CryptoUtils - File etc_crabskin_orange.ddj is not encrypted , flags not exists
07:15:15.190 [main] INFO org.soky.sro.pk2.io.Pk2IOTest - Consuming 2196 byte(s) from file etc_crabskin_orange.ddj with size 2196 
07:15:15.190 [main] DEBUG org.sokybot.pk2.Pk2CryptoUtils - File etc_crystal_blue.ddj is not encrypted , flags not exists
07:15:15.190 [main] INFO org.soky.sro.pk2.io.Pk2IOTest - Consuming 4244 byte(s) from file etc_crystal_blue.ddj with size 4244 
07:15:15.190 [main] DEBUG org.sokybot.pk2.Pk2CryptoUtils - File etc_crystal_brown.ddj is not encrypted , flags not exists
07:15:15.190 [main] INFO org.soky.sro.pk2.io.Pk2IOTest - Consuming 4244 byte(s) from file etc_crystal_brown.ddj with size 4244 
07:15:15.190 [main] DEBUG org.sokybot.pk2.Pk2CryptoUtils - File etc_crystal_green.ddj is not encrypted , flags not exists
07:15:15.191 [main] INFO org.soky.sro.pk2.io.Pk2IOTest - Consuming 4244 byte(s) from file etc_crystal_green.ddj with size 4244 
07:15:15.191 [main] DEBUG org.sokybot.pk2.Pk2CryptoUtils - File etc_crystal_red.ddj is not encrypted , flags not exists
07:15:15.191 [main] INFO org.soky.sro.pk2.io.Pk2IOTest - Consuming 4244 byte(s) from file etc_crystal_red.ddj with size 4244 
07:15:15.191 [main] DEBUG org.sokybot.pk2.Pk2CryptoUtils - File etc_crystal_sharp_green.ddj is not encrypted , flags not exists
07:15:15.191 [main] INFO org.soky.sro.pk2.io.Pk2IOTest - Consuming 4244 byte(s) from file etc_crystal_sharp_green.ddj with size 4244 
07:15:15.191 [main] DEBUG org.sokybot.pk2.Pk2CryptoUtils - File etc_crystal_violet.ddj is not encrypted , flags not exists
07:15:15.191 [main] INFO org.soky.sro.pk2.io.Pk2IOTest - Consuming 4244 byte(s) from file etc_crystal_violet.ddj with size 4244 
07:15:15.191 [main] DEBUG org.sokybot.pk2.Pk2CryptoUtils - File etc_doll_straw.ddj is not encrypted , flags not exists
07:15:15.191 [main] INFO org.soky.sro.pk2.io.Pk2IOTest - Consuming 4244 byte(s) from file etc_doll_straw.ddj with size 4244 
07:15:15.192 [main] DEBUG org.sokybot.pk2.Pk2CryptoUtils - File etc_doll_straw_green.ddj is not encrypted , flags not exists
07:15:15.192 [main] INFO org.soky.sro.pk2.io.Pk2IOTest - Consuming 4244 byte(s) from file etc_doll_straw_green.ddj with size 4244 
07:15:15.192 [main] DEBUG org.sokybot.pk2.Pk2CryptoUtils - File etc_doll_straw_red.ddj is not encrypted , flags not exists
07:15:15.192 [main] INFO org.soky.sro.pk2.io.Pk2IOTest - Consuming 4244 byte(s) from file etc_doll_straw_red.ddj with size 4244 
07:15:15.192 [main] DEBUG org.sokybot.pk2.Pk2CryptoUtils - File etc_drum_yellow.ddj is not encrypted , flags not exists
07:15:15.192 [main] INFO org.soky.sro.pk2.io.Pk2IOTest - Consuming 2196 byte(s) from file etc_drum_yellow.ddj with size 2196 
07:15:15.192 [main] DEBUG org.sokybot.pk2.Pk2CryptoUtils - File etc_etc_apple_gold.ddj is not encrypted , flags not exists
07:15:15.192 [main] INFO org.soky.sro.pk2.io.Pk2IOTest - Consuming 2196 byte(s) from file etc_etc_apple_gold.ddj with size 2196 
07:15:15.192 [main] DEBUG org.sokybot.pk2.Pk2CryptoUtils - File etc_feather_black.ddj is not encrypted , flags not exists
07:15:15.192 [main] INFO org.soky.sro.pk2.io.Pk2IOTest - Consuming 2196 byte(s) from file etc_feather_black.ddj with size 2196 
07:15:15.192 [main] DEBUG org.sokybot.pk2.Pk2CryptoUtils - File etc_feather_blue.ddj is not encrypted , flags not exists
07:15:15.193 [main] INFO org.soky.sro.pk2.io.Pk2IOTest - Consuming 4244 byte(s) from file etc_feather_blue.ddj with size 4244 
07:15:15.193 [main] DEBUG org.sokybot.pk2.Pk2CryptoUtils - File etc_feather_red.ddj is not encrypted , flags not exists
07:15:15.193 [main] INFO org.soky.sro.pk2.io.Pk2IOTest - Consuming 4244 byte(s) from file etc_feather_red.ddj with size 4244 
07:15:15.193 [main] DEBUG org.sokybot.pk2.Pk2CryptoUtils - File etc_feather_violet.ddj is not encrypted , flags not exists
07:15:15.193 [main] INFO org.soky.sro.pk2.io.Pk2IOTest - Consuming 2196 byte(s) from file etc_feather_violet.ddj with size 2196 
07:15:15.193 [main] DEBUG org.sokybot.pk2.Pk2CryptoUtils - File etc_feather_white.ddj is not encrypted , flags not exists
07:15:15.193 [main] INFO org.soky.sro.pk2.io.Pk2IOTest - Consuming 2196 byte(s) from file etc_feather_white.ddj with size 2196 
07:15:15.193 [main] DEBUG org.sokybot.pk2.Pk2CryptoUtils - File etc_flame_blue.ddj is not encrypted , flags not exists
07:15:15.193 [main] INFO org.soky.sro.pk2.io.Pk2IOTest - Consuming 4244 byte(s) from file etc_flame_blue.ddj with size 4244 
07:15:15.193 [main] DEBUG org.sokybot.pk2.Pk2CryptoUtils - File etc_flame_red.ddj is not encrypted , flags not exists
07:15:15.194 [main] INFO org.soky.sro.pk2.io.Pk2IOTest - Consuming 4244 byte(s) from file etc_flame_red.ddj with size 4244 
07:15:15.194 [main] DEBUG org.sokybot.pk2.Pk2CryptoUtils - File etc_fruit_shine.ddj is not encrypted , flags not exists
07:15:15.194 [main] INFO org.soky.sro.pk2.io.Pk2IOTest - Consuming 2196 byte(s) from file etc_fruit_shine.ddj with size 2196 
07:15:15.194 [main] DEBUG org.sokybot.pk2.Pk2CryptoUtils - File etc_gold.ddj is not encrypted , flags not exists
07:15:15.194 [main] INFO org.soky.sro.pk2.io.Pk2IOTest - Consuming 4244 byte(s) from file etc_gold.ddj with size 4244 
07:15:15.194 [main] DEBUG org.sokybot.pk2.Pk2CryptoUtils - File etc_hairpin_yellow.ddj is not encrypted , flags not exists
07:15:15.194 [main] INFO org.soky.sro.pk2.io.Pk2IOTest - Consuming 2196 byte(s) from file etc_hairpin_yellow.ddj with size 2196 
07:15:15.194 [main] DEBUG org.sokybot.pk2.Pk2CryptoUtils - File etc_hair_red.ddj is not encrypted , flags not exists
07:15:15.194 [main] INFO org.soky.sro.pk2.io.Pk2IOTest - Consuming 2196 byte(s) from file etc_hair_red.ddj with size 2196 
07:15:15.194 [main] DEBUG org.sokybot.pk2.Pk2CryptoUtils - File etc_handkerchief_pink.ddj is not encrypted , flags not exists
07:15:15.195 [main] INFO org.soky.sro.pk2.io.Pk2IOTest - Consuming 2196 byte(s) from file etc_handkerchief_pink.ddj with size 2196 
07:15:15.195 [main] DEBUG org.sokybot.pk2.Pk2CryptoUtils - File etc_harp_brown.ddj is not encrypted , flags not exists
07:15:15.195 [main] INFO org.soky.sro.pk2.io.Pk2IOTest - Consuming 2196 byte(s) from file etc_harp_brown.ddj with size 2196 
07:15:15.195 [main] DEBUG org.sokybot.pk2.Pk2CryptoUtils - File etc_hat_brown.ddj is not encrypted , flags not exists
07:15:15.195 [main] INFO org.soky.sro.pk2.io.Pk2IOTest - Consuming 2196 byte(s) from file etc_hat_brown.ddj with size 2196 
07:15:15.195 [main] DEBUG org.sokybot.pk2.Pk2CryptoUtils - File etc_helmet_stone.ddj is not encrypted , flags not exists
07:15:15.195 [main] INFO org.soky.sro.pk2.io.Pk2IOTest - Consuming 4244 byte(s) from file etc_helmet_stone.ddj with size 4244 
07:15:15.195 [main] DEBUG org.sokybot.pk2.Pk2CryptoUtils - File etc_hoe_yellow.ddj is not encrypted , flags not exists
07:15:15.195 [main] INFO org.soky.sro.pk2.io.Pk2IOTest - Consuming 4244 byte(s) from file etc_hoe_yellow.ddj with size 4244 
07:15:15.195 [main] DEBUG org.sokybot.pk2.Pk2CryptoUtils - File etc_hook_silver.ddj is not encrypted , flags not exists
07:15:15.195 [main] INFO org.soky.sro.pk2.io.Pk2IOTest - Consuming 2196 byte(s) from file etc_hook_silver.ddj with size 2196 
07:15:15.196 [main] DEBUG org.sokybot.pk2.Pk2CryptoUtils - File etc_horn_gray.ddj is not encrypted , flags not exists
07:15:15.196 [main] INFO org.soky.sro.pk2.io.Pk2IOTest - Consuming 2196 byte(s) from file etc_horn_gray.ddj with size 2196 
07:15:15.196 [main] DEBUG org.sokybot.pk2.Pk2CryptoUtils - File etc_incense_shaman.ddj is not encrypted , flags not exists
07:15:15.196 [main] INFO org.soky.sro.pk2.io.Pk2IOTest - Consuming 4244 byte(s) from file etc_incense_shaman.ddj with size 4244 
07:15:15.196 [main] DEBUG org.sokybot.pk2.Pk2CryptoUtils - File etc_japan_event_giftbox.ddj is not encrypted , flags not exists
07:15:15.196 [main] INFO org.soky.sro.pk2.io.Pk2IOTest - Consuming 4244 byte(s) from file etc_japan_event_giftbox.ddj with size 4244 
07:15:15.196 [main] DEBUG org.sokybot.pk2.Pk2CryptoUtils - File etc_key_blue.ddj is not encrypted , flags not exists
07:15:15.196 [main] INFO org.soky.sro.pk2.io.Pk2IOTest - Consuming 4244 byte(s) from file etc_key_blue.ddj with size 4244 
07:15:15.196 [main] DEBUG org.sokybot.pk2.Pk2CryptoUtils - File etc_key_brown.ddj is not encrypted , flags not exists
07:15:15.196 [main] INFO org.soky.sro.pk2.io.Pk2IOTest - Consuming 2196 byte(s) from file etc_key_brown.ddj with size 2196 
07:15:15.197 [main] DEBUG org.sokybot.pk2.Pk2CryptoUtils - File etc_key_gold.ddj is not encrypted , flags not exists
07:15:15.197 [main] INFO org.soky.sro.pk2.io.Pk2IOTest - Consuming 4244 byte(s) from file etc_key_gold.ddj with size 4244 
07:15:15.197 [main] DEBUG org.sokybot.pk2.Pk2CryptoUtils - File etc_key_red.ddj is not encrypted , flags not exists
07:15:15.197 [main] INFO org.soky.sro.pk2.io.Pk2IOTest - Consuming 4244 byte(s) from file etc_key_red.ddj with size 4244 
07:15:15.197 [main] DEBUG org.sokybot.pk2.Pk2CryptoUtils - File etc_key_white.ddj is not encrypted , flags not exists
07:15:15.197 [main] INFO org.soky.sro.pk2.io.Pk2IOTest - Consuming 4244 byte(s) from file etc_key_white.ddj with size 4244 
07:15:15.197 [main] DEBUG org.sokybot.pk2.Pk2CryptoUtils - File etc_knife_small.ddj is not encrypted , flags not exists
07:15:15.197 [main] INFO org.soky.sro.pk2.io.Pk2IOTest - Consuming 2196 byte(s) from file etc_knife_small.ddj with size 2196 
07:15:15.197 [main] DEBUG org.sokybot.pk2.Pk2CryptoUtils - File etc_leather_brown.ddj is not encrypted , flags not exists
07:15:15.197 [main] INFO org.soky.sro.pk2.io.Pk2IOTest - Consuming 2196 byte(s) from file etc_leather_brown.ddj with size 2196 
07:15:15.198 [main] DEBUG org.sokybot.pk2.Pk2CryptoUtils - File etc_legguard_leather.ddj is not encrypted , flags not exists
07:15:15.198 [main] INFO org.soky.sro.pk2.io.Pk2IOTest - Consuming 2196 byte(s) from file etc_legguard_leather.ddj with size 2196 
07:15:15.198 [main] DEBUG org.sokybot.pk2.Pk2CryptoUtils - File etc_letter_yellow.ddj is not encrypted , flags not exists
07:15:15.198 [main] INFO org.soky.sro.pk2.io.Pk2IOTest - Consuming 2196 byte(s) from file etc_letter_yellow.ddj with size 2196 
07:15:15.198 [main] DEBUG org.sokybot.pk2.Pk2CryptoUtils - File etc_mane_gray.ddj is not encrypted , flags not exists
07:15:15.198 [main] INFO org.soky.sro.pk2.io.Pk2IOTest - Consuming 2196 byte(s) from file etc_mane_gray.ddj with size 2196 
07:15:15.198 [main] DEBUG org.sokybot.pk2.Pk2CryptoUtils - File etc_moss_green.ddj is not encrypted , flags not exists
07:15:15.198 [main] INFO org.soky.sro.pk2.io.Pk2IOTest - Consuming 2196 byte(s) from file etc_moss_green.ddj with size 2196 
07:15:15.198 [main] DEBUG org.sokybot.pk2.Pk2CryptoUtils - File etc_nasrun_archemy_recipe.ddj is not encrypted , flags not exists
07:15:15.198 [main] INFO org.soky.sro.pk2.io.Pk2IOTest - Consuming 4244 byte(s) from file etc_nasrun_archemy_recipe.ddj with size 4244 
07:15:15.199 [main] DEBUG org.sokybot.pk2.Pk2CryptoUtils - File etc_nasrun_archemy_upgrade_stone.ddj is not encrypted , flags not exists
07:15:15.199 [main] INFO org.soky.sro.pk2.io.Pk2IOTest - Consuming 4244 byte(s) from file etc_nasrun_archemy_upgrade_stone.ddj with size 4244 
07:15:15.199 [main] DEBUG org.sokybot.pk2.Pk2CryptoUtils - File etc_necklace_rm_monster.ddj is not encrypted , flags not exists
07:15:15.199 [main] INFO org.soky.sro.pk2.io.Pk2IOTest - Consuming 4244 byte(s) from file etc_necklace_rm_monster.ddj with size 4244 
07:15:15.199 [main] DEBUG org.sokybot.pk2.Pk2CryptoUtils - File etc_necklace_youngmoon_silver.ddj is not encrypted , flags not exists
07:15:15.199 [main] INFO org.soky.sro.pk2.io.Pk2IOTest - Consuming 2196 byte(s) from file etc_necklace_youngmoon_silver.ddj with size 2196 
07:15:15.199 [main] DEBUG org.sokybot.pk2.Pk2CryptoUtils - File etc_net_yellow.ddj is not encrypted , flags not exists
07:15:15.199 [main] INFO org.soky.sro.pk2.io.Pk2IOTest - Consuming 2196 byte(s) from file etc_net_yellow.ddj with size 2196 
07:15:15.199 [main] DEBUG org.sokybot.pk2.Pk2CryptoUtils - File etc_open_scroll_blue.ddj is not encrypted , flags not exists
07:15:15.199 [main] INFO org.soky.sro.pk2.io.Pk2IOTest - Consuming 4244 byte(s) from file etc_open_scroll_blue.ddj with size 4244 
07:15:15.200 [main] DEBUG org.sokybot.pk2.Pk2CryptoUtils - File etc_open_scroll_red.ddj is not encrypted , flags not exists
07:15:15.200 [main] INFO org.soky.sro.pk2.io.Pk2IOTest - Consuming 4244 byte(s) from file etc_open_scroll_red.ddj with size 4244 
07:15:15.200 [main] DEBUG org.sokybot.pk2.Pk2CryptoUtils - File etc_plant_blue.ddj is not encrypted , flags not exists
07:15:15.200 [main] INFO org.soky.sro.pk2.io.Pk2IOTest - Consuming 2196 byte(s) from file etc_plant_blue.ddj with size 2196 
07:15:15.200 [main] DEBUG org.sokybot.pk2.Pk2CryptoUtils - File etc_plant_deepblue.ddj is not encrypted , flags not exists
07:15:15.201 [main] INFO org.soky.sro.pk2.io.Pk2IOTest - Consuming 2196 byte(s) from file etc_plant_deepblue.ddj with size 2196 
07:15:15.201 [main] DEBUG org.sokybot.pk2.Pk2CryptoUtils - File etc_plant_green.ddj is not encrypted , flags not exists
07:15:15.201 [main] INFO org.soky.sro.pk2.io.Pk2IOTest - Consuming 2196 byte(s) from file etc_plant_green.ddj with size 2196 
07:15:15.201 [main] DEBUG org.sokybot.pk2.Pk2CryptoUtils - File etc_plant_orange.ddj is not encrypted , flags not exists
07:15:15.201 [main] INFO org.soky.sro.pk2.io.Pk2IOTest - Consuming 2196 byte(s) from file etc_plant_orange.ddj with size 2196 
07:15:15.201 [main] DEBUG org.sokybot.pk2.Pk2CryptoUtils - File etc_plant_red.ddj is not encrypted , flags not exists
07:15:15.201 [main] INFO org.soky.sro.pk2.io.Pk2IOTest - Consuming 2196 byte(s) from file etc_plant_red.ddj with size 2196 
07:15:15.202 [main] DEBUG org.sokybot.pk2.Pk2CryptoUtils - File etc_plant_violet.ddj is not encrypted , flags not exists
07:15:15.202 [main] INFO org.soky.sro.pk2.io.Pk2IOTest - Consuming 2196 byte(s) from file etc_plant_violet.ddj with size 2196 
07:15:15.202 [main] DEBUG org.sokybot.pk2.Pk2CryptoUtils - File etc_plant_yellow.ddj is not encrypted , flags not exists
07:15:15.202 [main] INFO org.soky.sro.pk2.io.Pk2IOTest - Consuming 2196 byte(s) from file etc_plant_yellow.ddj with size 2196 
07:15:15.202 [main] DEBUG org.sokybot.pk2.Pk2CryptoUtils - File etc_potion_green.ddj is not encrypted , flags not exists
07:15:15.202 [main] INFO org.soky.sro.pk2.io.Pk2IOTest - Consuming 4244 byte(s) from file etc_potion_green.ddj with size 4244 
07:15:15.203 [main] DEBUG org.sokybot.pk2.Pk2CryptoUtils - File etc_powder_black.ddj is not encrypted , flags not exists
07:15:15.203 [main] INFO org.soky.sro.pk2.io.Pk2IOTest - Consuming 4244 byte(s) from file etc_powder_black.ddj with size 4244 
07:15:15.203 [main] DEBUG org.sokybot.pk2.Pk2CryptoUtils - File etc_powder_gray.ddj is not encrypted , flags not exists
07:15:15.203 [main] INFO org.soky.sro.pk2.io.Pk2IOTest - Consuming 4244 byte(s) from file etc_powder_gray.ddj with size 4244 
07:15:15.203 [main] DEBUG org.sokybot.pk2.Pk2CryptoUtils - File etc_powder_white.ddj is not encrypted , flags not exists
07:15:15.204 [main] INFO org.soky.sro.pk2.io.Pk2IOTest - Consuming 4244 byte(s) from file etc_powder_white.ddj with size 4244 
07:15:15.204 [main] DEBUG org.sokybot.pk2.Pk2CryptoUtils - File etc_redbook.ddj is not encrypted , flags not exists
07:15:15.204 [main] INFO org.soky.sro.pk2.io.Pk2IOTest - Consuming 4244 byte(s) from file etc_redbook.ddj with size 4244 
07:15:15.204 [main] DEBUG org.sokybot.pk2.Pk2CryptoUtils - File etc_rope_thick_brown.ddj is not encrypted , flags not exists
07:15:15.204 [main] INFO org.soky.sro.pk2.io.Pk2IOTest - Consuming 2196 byte(s) from file etc_rope_thick_brown.ddj with size 2196 
07:15:15.204 [main] DEBUG org.sokybot.pk2.Pk2CryptoUtils - File etc_roughcristal_green.ddj is not encrypted , flags not exists
07:15:15.204 [main] INFO org.soky.sro.pk2.io.Pk2IOTest - Consuming 4244 byte(s) from file etc_roughcristal_green.ddj with size 4244 
07:15:15.204 [main] DEBUG org.sokybot.pk2.Pk2CryptoUtils - File etc_sack_brown.ddj is not encrypted , flags not exists
07:15:15.204 [main] INFO org.soky.sro.pk2.io.Pk2IOTest - Consuming 2196 byte(s) from file etc_sack_brown.ddj with size 2196 
07:15:15.204 [main] DEBUG org.sokybot.pk2.Pk2CryptoUtils - File etc_sack_white.ddj is not encrypted , flags not exists
07:15:15.205 [main] INFO org.soky.sro.pk2.io.Pk2IOTest - Consuming 4244 byte(s) from file etc_sack_white.ddj with size 4244 
07:15:15.205 [main] DEBUG org.sokybot.pk2.Pk2CryptoUtils - File etc_sack_yellow.ddj is not encrypted , flags not exists
07:15:15.205 [main] INFO org.soky.sro.pk2.io.Pk2IOTest - Consuming 2196 byte(s) from file etc_sack_yellow.ddj with size 2196 
07:15:15.205 [main] DEBUG org.sokybot.pk2.Pk2CryptoUtils - File etc_saddie_brown.ddj is not encrypted , flags not exists
07:15:15.205 [main] INFO org.soky.sro.pk2.io.Pk2IOTest - Consuming 2196 byte(s) from file etc_saddie_brown.ddj with size 2196 
07:15:15.205 [main] DEBUG org.sokybot.pk2.Pk2CryptoUtils - File etc_saddle_brown.ddj is not encrypted , flags not exists
07:15:15.205 [main] INFO org.soky.sro.pk2.io.Pk2IOTest - Consuming 2196 byte(s) from file etc_saddle_brown.ddj with size 2196 
07:15:15.205 [main] DEBUG org.sokybot.pk2.Pk2CryptoUtils - File etc_scale_blue.ddj is not encrypted , flags not exists
07:15:15.205 [main] INFO org.soky.sro.pk2.io.Pk2IOTest - Consuming 2196 byte(s) from file etc_scale_blue.ddj with size 2196 
07:15:15.206 [main] DEBUG org.sokybot.pk2.Pk2CryptoUtils - File etc_scale_silver.ddj is not encrypted , flags not exists
07:15:15.206 [main] INFO org.soky.sro.pk2.io.Pk2IOTest - Consuming 2196 byte(s) from file etc_scale_silver.ddj with size 2196 
07:15:15.206 [main] DEBUG org.sokybot.pk2.Pk2CryptoUtils - File etc_scale_silver_cut.ddj is not encrypted , flags not exists
07:15:15.206 [main] INFO org.soky.sro.pk2.io.Pk2IOTest - Consuming 2196 byte(s) from file etc_scale_silver_cut.ddj with size 2196 
07:15:15.206 [main] DEBUG org.sokybot.pk2.Pk2CryptoUtils - File etc_scissors_long.ddj is not encrypted , flags not exists
07:15:15.206 [main] INFO org.soky.sro.pk2.io.Pk2IOTest - Consuming 2196 byte(s) from file etc_scissors_long.ddj with size 2196 
07:15:15.207 [main] DEBUG org.sokybot.pk2.Pk2CryptoUtils - File etc_scroll_red.ddj is not encrypted , flags not exists
07:15:15.207 [main] INFO org.soky.sro.pk2.io.Pk2IOTest - Consuming 4244 byte(s) from file etc_scroll_red.ddj with size 4244 
07:15:15.207 [main] DEBUG org.sokybot.pk2.Pk2CryptoUtils - File etc_seed_shine.ddj is not encrypted , flags not exists
07:15:15.207 [main] INFO org.soky.sro.pk2.io.Pk2IOTest - Consuming 2196 byte(s) from file etc_seed_shine.ddj with size 2196 
07:15:15.207 [main] DEBUG org.sokybot.pk2.Pk2CryptoUtils - File etc_shield_round.ddj is not encrypted , flags not exists
07:15:15.207 [main] INFO org.soky.sro.pk2.io.Pk2IOTest - Consuming 2196 byte(s) from file etc_shield_round.ddj with size 2196 
07:15:15.207 [main] DEBUG org.sokybot.pk2.Pk2CryptoUtils - File etc_slab_black.ddj is not encrypted , flags not exists
07:15:15.207 [main] INFO org.soky.sro.pk2.io.Pk2IOTest - Consuming 4244 byte(s) from file etc_slab_black.ddj with size 4244 
07:15:15.208 [main] DEBUG org.sokybot.pk2.Pk2CryptoUtils - File etc_slab_blue.ddj is not encrypted , flags not exists
07:15:15.208 [main] INFO org.soky.sro.pk2.io.Pk2IOTest - Consuming 4244 byte(s) from file etc_slab_blue.ddj with size 4244 
07:15:15.208 [main] DEBUG org.sokybot.pk2.Pk2CryptoUtils - File etc_slab_cross_gray.ddj is not encrypted , flags not exists
07:15:15.208 [main] INFO org.soky.sro.pk2.io.Pk2IOTest - Consuming 4244 byte(s) from file etc_slab_cross_gray.ddj with size 4244 
07:15:15.208 [main] DEBUG org.sokybot.pk2.Pk2CryptoUtils - File etc_slab_orange.ddj is not encrypted , flags not exists
07:15:15.208 [main] INFO org.soky.sro.pk2.io.Pk2IOTest - Consuming 4244 byte(s) from file etc_slab_orange.ddj with size 4244 
07:15:15.208 [main] DEBUG org.sokybot.pk2.Pk2CryptoUtils - File etc_slab_red.ddj is not encrypted , flags not exists
07:15:15.208 [main] INFO org.soky.sro.pk2.io.Pk2IOTest - Consuming 4244 byte(s) from file etc_slab_red.ddj with size 4244 
07:15:15.209 [main] DEBUG org.sokybot.pk2.Pk2CryptoUtils - File etc_slab_white.ddj is not encrypted , flags not exists
07:15:15.209 [main] INFO org.soky.sro.pk2.io.Pk2IOTest - Consuming 4244 byte(s) from file etc_slab_white.ddj with size 4244 
07:15:15.209 [main] DEBUG org.sokybot.pk2.Pk2CryptoUtils - File etc_stem_twist_yellow.ddj is not encrypted , flags not exists
07:15:15.209 [main] INFO org.soky.sro.pk2.io.Pk2IOTest - Consuming 2196 byte(s) from file etc_stem_twist_yellow.ddj with size 2196 
07:15:15.209 [main] DEBUG org.sokybot.pk2.Pk2CryptoUtils - File etc_waterdrop_yellow.ddj is not encrypted , flags not exists
07:15:15.209 [main] INFO org.soky.sro.pk2.io.Pk2IOTest - Consuming 4244 byte(s) from file etc_waterdrop_yellow.ddj with size 4244 
07:15:15.209 [main] DEBUG org.sokybot.pk2.Pk2CryptoUtils - File etc_weapon_lance_gold.ddj is not encrypted , flags not exists
07:15:15.209 [main] INFO org.soky.sro.pk2.io.Pk2IOTest - Consuming 2196 byte(s) from file etc_weapon_lance_gold.ddj with size 2196 
07:15:15.210 [main] DEBUG org.sokybot.pk2.Pk2CryptoUtils - File europe_partymob.ddj is not encrypted , flags not exists
07:15:15.210 [main] INFO org.soky.sro.pk2.io.Pk2IOTest - Consuming 1172 byte(s) from file europe_partymob.ddj with size 1172 
07:15:15.210 [main] DEBUG org.sokybot.pk2.Pk2CryptoUtils - File event_balloon_mangnyang.ddj is not encrypted , flags not exists
07:15:15.210 [main] INFO org.soky.sro.pk2.io.Pk2IOTest - Consuming 4244 byte(s) from file event_balloon_mangnyang.ddj with size 4244 
07:15:15.210 [main] DEBUG org.sokybot.pk2.Pk2CryptoUtils - File event_balloon_movoi.ddj is not encrypted , flags not exists
07:15:15.210 [main] INFO org.soky.sro.pk2.io.Pk2IOTest - Consuming 4244 byte(s) from file event_balloon_movoi.ddj with size 4244 
07:15:15.211 [main] DEBUG org.sokybot.pk2.Pk2CryptoUtils - File event_ghost_amulet.ddj is not encrypted , flags not exists
07:15:15.211 [main] INFO org.soky.sro.pk2.io.Pk2IOTest - Consuming 4244 byte(s) from file event_ghost_amulet.ddj with size 4244 
07:15:15.211 [main] DEBUG org.sokybot.pk2.Pk2CryptoUtils - File event_ghost_bottle.ddj is not encrypted , flags not exists
07:15:15.211 [main] INFO org.soky.sro.pk2.io.Pk2IOTest - Consuming 4244 byte(s) from file event_ghost_bottle.ddj with size 4244 
07:15:15.211 [main] DEBUG org.sokybot.pk2.Pk2CryptoUtils - File event_news_0.ddj is not encrypted , flags not exists
07:15:15.211 [main] INFO org.soky.sro.pk2.io.Pk2IOTest - Consuming 4244 byte(s) from file event_news_0.ddj with size 4244 
07:15:15.211 [main] DEBUG org.sokybot.pk2.Pk2CryptoUtils - File event_news_9.ddj is not encrypted , flags not exists
07:15:15.211 [main] INFO org.soky.sro.pk2.io.Pk2IOTest - Consuming 4244 byte(s) from file event_news_9.ddj with size 4244 
07:15:15.212 [main] DEBUG org.sokybot.pk2.Pk2CryptoUtils - File event_news_a.ddj is not encrypted , flags not exists
07:15:15.212 [main] INFO org.soky.sro.pk2.io.Pk2IOTest - Consuming 4244 byte(s) from file event_news_a.ddj with size 4244 
07:15:15.212 [main] DEBUG org.sokybot.pk2.Pk2CryptoUtils - File event_news_b.ddj is not encrypted , flags not exists
07:15:15.212 [main] INFO org.soky.sro.pk2.io.Pk2IOTest - Consuming 4244 byte(s) from file event_news_b.ddj with size 4244 
07:15:15.212 [main] DEBUG org.sokybot.pk2.Pk2CryptoUtils - File event_news_box.ddj is not encrypted , flags not exists
07:15:15.212 [main] INFO org.soky.sro.pk2.io.Pk2IOTest - Consuming 4244 byte(s) from file event_news_box.ddj with size 4244 
07:15:15.212 [main] DEBUG org.sokybot.pk2.Pk2CryptoUtils - File event_news_c.ddj is not encrypted , flags not exists
07:15:15.212 [main] INFO org.soky.sro.pk2.io.Pk2IOTest - Consuming 4244 byte(s) from file event_news_c.ddj with size 4244 
07:15:15.213 [main] DEBUG org.sokybot.pk2.Pk2CryptoUtils - File event_news_d.ddj is not encrypted , flags not exists
07:15:15.213 [main] INFO org.soky.sro.pk2.io.Pk2IOTest - Consuming 4244 byte(s) from file event_news_d.ddj with size 4244 
07:15:15.213 [main] DEBUG org.sokybot.pk2.Pk2CryptoUtils - File event_news_e.ddj is not encrypted , flags not exists
07:15:15.213 [main] INFO org.soky.sro.pk2.io.Pk2IOTest - Consuming 4244 byte(s) from file event_news_e.ddj with size 4244 
07:15:15.213 [main] DEBUG org.sokybot.pk2.Pk2CryptoUtils - File event_news_f.ddj is not encrypted , flags not exists
07:15:15.213 [main] INFO org.soky.sro.pk2.io.Pk2IOTest - Consuming 4244 byte(s) from file event_news_f.ddj with size 4244 
07:15:15.213 [main] DEBUG org.sokybot.pk2.Pk2CryptoUtils - File event_news_g.ddj is not encrypted , flags not exists
07:15:15.213 [main] INFO org.soky.sro.pk2.io.Pk2IOTest - Consuming 4244 byte(s) from file event_news_g.ddj with size 4244 
07:15:15.213 [main] DEBUG org.sokybot.pk2.Pk2CryptoUtils - File event_news_h.ddj is not encrypted , flags not exists
07:15:15.213 [main] INFO org.soky.sro.pk2.io.Pk2IOTest - Consuming 4244 byte(s) from file event_news_h.ddj with size 4244 
07:15:15.214 [main] DEBUG org.sokybot.pk2.Pk2CryptoUtils - File event_news_i.ddj is not encrypted , flags not exists
07:15:15.214 [main] INFO org.soky.sro.pk2.io.Pk2IOTest - Consuming 4244 byte(s) from file event_news_i.ddj with size 4244 
07:15:15.214 [main] DEBUG org.sokybot.pk2.Pk2CryptoUtils - File event_news_j.ddj is not encrypted , flags not exists
07:15:15.214 [main] INFO org.soky.sro.pk2.io.Pk2IOTest - Consuming 4244 byte(s) from file event_news_j.ddj with size 4244 
07:15:15.214 [main] DEBUG org.sokybot.pk2.Pk2CryptoUtils - File event_news_k.ddj is not encrypted , flags not exists
07:15:15.214 [main] INFO org.soky.sro.pk2.io.Pk2IOTest - Consuming 4244 byte(s) from file event_news_k.ddj with size 4244 
07:15:15.214 [main] DEBUG org.sokybot.pk2.Pk2CryptoUtils - File event_news_l.ddj is not encrypted , flags not exists
07:15:15.214 [main] INFO org.soky.sro.pk2.io.Pk2IOTest - Consuming 4244 byte(s) from file event_news_l.ddj with size 4244 
07:15:15.214 [main] DEBUG org.sokybot.pk2.Pk2CryptoUtils - File event_news_m.ddj is not encrypted , flags not exists
07:15:15.215 [main] INFO org.soky.sro.pk2.io.Pk2IOTest - Consuming 4244 byte(s) from file event_news_m.ddj with size 4244 
07:15:15.215 [main] DEBUG org.sokybot.pk2.Pk2CryptoUtils - File event_news_n.ddj is not encrypted , flags not exists
07:15:15.215 [main] INFO org.soky.sro.pk2.io.Pk2IOTest - Consuming 4244 byte(s) from file event_news_n.ddj with size 4244 
07:15:15.215 [main] DEBUG org.sokybot.pk2.Pk2CryptoUtils - File event_news_o.ddj is not encrypted , flags not exists
07:15:15.215 [main] INFO org.soky.sro.pk2.io.Pk2IOTest - Consuming 4244 byte(s) from file event_news_o.ddj with size 4244 
07:15:15.215 [main] DEBUG org.sokybot.pk2.Pk2CryptoUtils - File event_news_p.ddj is not encrypted , flags not exists
07:15:15.215 [main] INFO org.soky.sro.pk2.io.Pk2IOTest - Consuming 4244 byte(s) from file event_news_p.ddj with size 4244 
07:15:15.215 [main] DEBUG org.sokybot.pk2.Pk2CryptoUtils - File event_news_q.ddj is not encrypted , flags not exists
07:15:15.215 [main] INFO org.soky.sro.pk2.io.Pk2IOTest - Consuming 4244 byte(s) from file event_news_q.ddj with size 4244 
07:15:15.216 [main] DEBUG org.sokybot.pk2.Pk2CryptoUtils - File event_news_r.ddj is not encrypted , flags not exists
07:15:15.216 [main] INFO org.soky.sro.pk2.io.Pk2IOTest - Consuming 4244 byte(s) from file event_news_r.ddj with size 4244 
07:15:15.216 [main] DEBUG org.sokybot.pk2.Pk2CryptoUtils - File event_news_s.ddj is not encrypted , flags not exists
07:15:15.216 [main] INFO org.soky.sro.pk2.io.Pk2IOTest - Consuming 4244 byte(s) from file event_news_s.ddj with size 4244 
07:15:15.216 [main] DEBUG org.sokybot.pk2.Pk2CryptoUtils - File event_news_t.ddj is not encrypted , flags not exists
07:15:15.216 [main] INFO org.soky.sro.pk2.io.Pk2IOTest - Consuming 4244 byte(s) from file event_news_t.ddj with size 4244 
07:15:15.216 [main] DEBUG org.sokybot.pk2.Pk2CryptoUtils - File event_news_u.ddj is not encrypted , flags not exists
07:15:15.216 [main] INFO org.soky.sro.pk2.io.Pk2IOTest - Consuming 4244 byte(s) from file event_news_u.ddj with size 4244 
07:15:15.216 [main] DEBUG org.sokybot.pk2.Pk2CryptoUtils - File event_news_v.ddj is not encrypted , flags not exists
07:15:15.216 [main] INFO org.soky.sro.pk2.io.Pk2IOTest - Consuming 4244 byte(s) from file event_news_v.ddj with size 4244 
07:15:15.217 [main] DEBUG org.sokybot.pk2.Pk2CryptoUtils - File event_news_w.ddj is not encrypted , flags not exists
07:15:15.217 [main] INFO org.soky.sro.pk2.io.Pk2IOTest - Consuming 4244 byte(s) from file event_news_w.ddj with size 4244 
07:15:15.217 [main] DEBUG org.sokybot.pk2.Pk2CryptoUtils - File event_news_x.ddj is not encrypted , flags not exists
07:15:15.217 [main] INFO org.soky.sro.pk2.io.Pk2IOTest - Consuming 4244 byte(s) from file event_news_x.ddj with size 4244 
07:15:15.217 [main] DEBUG org.sokybot.pk2.Pk2CryptoUtils - File event_news_y.ddj is not encrypted , flags not exists
07:15:15.217 [main] INFO org.soky.sro.pk2.io.Pk2IOTest - Consuming 4244 byte(s) from file event_news_y.ddj with size 4244 
07:15:15.217 [main] DEBUG org.sokybot.pk2.Pk2CryptoUtils - File event_news_z.ddj is not encrypted , flags not exists
07:15:15.217 [main] INFO org.soky.sro.pk2.io.Pk2IOTest - Consuming 4244 byte(s) from file event_news_z.ddj with size 4244 
07:15:15.218 [main] DEBUG org.sokybot.pk2.Pk2CryptoUtils - File event_silsamo_f.ddj is not encrypted , flags not exists
07:15:15.218 [main] INFO org.soky.sro.pk2.io.Pk2IOTest - Consuming 2196 byte(s) from file event_silsamo_f.ddj with size 2196 
07:15:15.218 [main] DEBUG org.sokybot.pk2.Pk2CryptoUtils - File event_silsamo_m.ddj is not encrypted , flags not exists
07:15:15.218 [main] INFO org.soky.sro.pk2.io.Pk2IOTest - Consuming 2196 byte(s) from file event_silsamo_m.ddj with size 2196 
07:15:15.218 [main] DEBUG org.sokybot.pk2.Pk2CryptoUtils - File exp_scroll.ddj is not encrypted , flags not exists
07:15:15.218 [main] INFO org.soky.sro.pk2.io.Pk2IOTest - Consuming 4244 byte(s) from file exp_scroll.ddj with size 4244 
07:15:15.218 [main] DEBUG org.sokybot.pk2.Pk2CryptoUtils - File firework_bomb_b.ddj is not encrypted , flags not exists
07:15:15.218 [main] INFO org.soky.sro.pk2.io.Pk2IOTest - Consuming 2196 byte(s) from file firework_bomb_b.ddj with size 2196 
07:15:15.218 [main] DEBUG org.sokybot.pk2.Pk2CryptoUtils - File firework_bomb_g.ddj is not encrypted , flags not exists
07:15:15.218 [main] INFO org.soky.sro.pk2.io.Pk2IOTest - Consuming 2196 byte(s) from file firework_bomb_g.ddj with size 2196 
07:15:15.218 [main] DEBUG org.sokybot.pk2.Pk2CryptoUtils - File firework_bomb_r.ddj is not encrypted , flags not exists
07:15:15.219 [main] INFO org.soky.sro.pk2.io.Pk2IOTest - Consuming 2196 byte(s) from file firework_bomb_r.ddj with size 2196 
07:15:15.219 [main] DEBUG org.sokybot.pk2.Pk2CryptoUtils - File firework_bomb_v.ddj is not encrypted , flags not exists
07:15:15.219 [main] INFO org.soky.sro.pk2.io.Pk2IOTest - Consuming 2196 byte(s) from file firework_bomb_v.ddj with size 2196 
07:15:15.219 [main] DEBUG org.sokybot.pk2.Pk2CryptoUtils - File firework_chainbomb.ddj is not encrypted , flags not exists
07:15:15.219 [main] INFO org.soky.sro.pk2.io.Pk2IOTest - Consuming 2196 byte(s) from file firework_chainbomb.ddj with size 2196 
07:15:15.219 [main] DEBUG org.sokybot.pk2.Pk2CryptoUtils - File firework_cross_star.ddj is not encrypted , flags not exists
07:15:15.219 [main] INFO org.soky.sro.pk2.io.Pk2IOTest - Consuming 2196 byte(s) from file firework_cross_star.ddj with size 2196 
07:15:15.219 [main] DEBUG org.sokybot.pk2.Pk2CryptoUtils - File firework_spin.ddj is not encrypted , flags not exists
07:15:15.219 [main] INFO org.soky.sro.pk2.io.Pk2IOTest - Consuming 2196 byte(s) from file firework_spin.ddj with size 2196 
07:15:15.219 [main] DEBUG org.sokybot.pk2.Pk2CryptoUtils - File firework_spray.ddj is not encrypted , flags not exists
07:15:15.219 [main] INFO org.soky.sro.pk2.io.Pk2IOTest - Consuming 2196 byte(s) from file firework_spray.ddj with size 2196 
07:15:15.220 [main] DEBUG org.sokybot.pk2.Pk2CryptoUtils - File firework_star_shower.ddj is not encrypted , flags not exists
07:15:15.220 [main] INFO org.soky.sro.pk2.io.Pk2IOTest - Consuming 2196 byte(s) from file firework_star_shower.ddj with size 2196 
07:15:15.220 [main] DEBUG org.sokybot.pk2.Pk2CryptoUtils - File firework_tadpole.ddj is not encrypted , flags not exists
07:15:15.220 [main] INFO org.soky.sro.pk2.io.Pk2IOTest - Consuming 2196 byte(s) from file firework_tadpole.ddj with size 2196 
07:15:15.220 [main] DEBUG org.sokybot.pk2.Pk2CryptoUtils - File gacha_question.ddj is not encrypted , flags not exists
07:15:15.220 [main] INFO org.soky.sro.pk2.io.Pk2IOTest - Consuming 4244 byte(s) from file gacha_question.ddj with size 4244 
07:15:15.220 [main] DEBUG org.sokybot.pk2.Pk2CryptoUtils - File gm_event_giftbox.ddj is not encrypted , flags not exists
07:15:15.220 [main] INFO org.soky.sro.pk2.io.Pk2IOTest - Consuming 2196 byte(s) from file gm_event_giftbox.ddj with size 2196 
07:15:15.220 [main] DEBUG org.sokybot.pk2.Pk2CryptoUtils - File golden_golden.ddj is not encrypted , flags not exists
07:15:15.221 [main] INFO org.soky.sro.pk2.io.Pk2IOTest - Consuming 49300 byte(s) from file golden_golden.ddj with size 49300 
07:15:15.221 [main] DEBUG org.sokybot.pk2.Pk2CryptoUtils - File guild_crest_delete.ddj is not encrypted , flags not exists
07:15:15.221 [main] INFO org.soky.sro.pk2.io.Pk2IOTest - Consuming 2196 byte(s) from file guild_crest_delete.ddj with size 2196 
07:15:15.221 [main] DEBUG org.sokybot.pk2.Pk2CryptoUtils - File guild_crest_user.ddj is not encrypted , flags not exists
07:15:15.221 [main] INFO org.soky.sro.pk2.io.Pk2IOTest - Consuming 2196 byte(s) from file guild_crest_user.ddj with size 2196 
07:15:15.221 [main] DEBUG org.sokybot.pk2.Pk2CryptoUtils - File guild_recall.ddj is not encrypted , flags not exists
07:15:15.221 [main] INFO org.soky.sro.pk2.io.Pk2IOTest - Consuming 2196 byte(s) from file guild_recall.ddj with size 2196 
07:15:15.222 [main] DEBUG org.sokybot.pk2.Pk2CryptoUtils - File halloween_bomb_bkpaint.ddj is not encrypted , flags not exists
07:15:15.222 [main] INFO org.soky.sro.pk2.io.Pk2IOTest - Consuming 4244 byte(s) from file halloween_bomb_bkpaint.ddj with size 4244 
07:15:15.222 [main] DEBUG org.sokybot.pk2.Pk2CryptoUtils - File halloween_bomb_dust.ddj is not encrypted , flags not exists
07:15:15.222 [main] INFO org.soky.sro.pk2.io.Pk2IOTest - Consuming 4244 byte(s) from file halloween_bomb_dust.ddj with size 4244 
07:15:15.222 [main] DEBUG org.sokybot.pk2.Pk2CryptoUtils - File halloween_bomb_egg.ddj is not encrypted , flags not exists
07:15:15.222 [main] INFO org.soky.sro.pk2.io.Pk2IOTest - Consuming 4244 byte(s) from file halloween_bomb_egg.ddj with size 4244 
07:15:15.222 [main] DEBUG org.sokybot.pk2.Pk2CryptoUtils - File halloween_bomb_redpaint.ddj is not encrypted , flags not exists
07:15:15.222 [main] INFO org.soky.sro.pk2.io.Pk2IOTest - Consuming 4244 byte(s) from file halloween_bomb_redpaint.ddj with size 4244 
07:15:15.222 [main] DEBUG org.sokybot.pk2.Pk2CryptoUtils - File halloween_bomb_spiderweb.ddj is not encrypted , flags not exists
07:15:15.222 [main] INFO org.soky.sro.pk2.io.Pk2IOTest - Consuming 4244 byte(s) from file halloween_bomb_spiderweb.ddj with size 4244 
07:15:15.223 [main] DEBUG org.sokybot.pk2.Pk2CryptoUtils - File halloween_candy.ddj is not encrypted , flags not exists
07:15:15.223 [main] INFO org.soky.sro.pk2.io.Pk2IOTest - Consuming 4244 byte(s) from file halloween_candy.ddj with size 4244 
07:15:15.223 [main] DEBUG org.sokybot.pk2.Pk2CryptoUtils - File honor_medals.ddj is not encrypted , flags not exists
07:15:15.223 [main] INFO org.soky.sro.pk2.io.Pk2IOTest - Consuming 4244 byte(s) from file honor_medals.ddj with size 4244 
07:15:15.223 [main] DEBUG org.sokybot.pk2.Pk2CryptoUtils - File hwanlook_m_panda.ddj is not encrypted , flags not exists
07:15:15.223 [main] INFO org.soky.sro.pk2.io.Pk2IOTest - Consuming 4244 byte(s) from file hwanlook_m_panda.ddj with size 4244 
07:15:15.223 [main] DEBUG org.sokybot.pk2.Pk2CryptoUtils - File hwanlook_m_penguin.ddj is not encrypted , flags not exists
07:15:15.223 [main] INFO org.soky.sro.pk2.io.Pk2IOTest - Consuming 4244 byte(s) from file hwanlook_m_penguin.ddj with size 4244 
07:15:15.223 [main] DEBUG org.sokybot.pk2.Pk2CryptoUtils - File hwanlook_m_whiteaustralia.ddj is not encrypted , flags not exists
07:15:15.223 [main] INFO org.soky.sro.pk2.io.Pk2IOTest - Consuming 4244 byte(s) from file hwanlook_m_whiteaustralia.ddj with size 4244 
07:15:15.224 [main] DEBUG org.sokybot.pk2.Pk2CryptoUtils - File hwanlook_w_panda.ddj is not encrypted , flags not exists
07:15:15.224 [main] INFO org.soky.sro.pk2.io.Pk2IOTest - Consuming 4244 byte(s) from file hwanlook_w_panda.ddj with size 4244 
07:15:15.224 [main] DEBUG org.sokybot.pk2.Pk2CryptoUtils - File hwanlook_w_penguin.ddj is not encrypted , flags not exists
07:15:15.224 [main] INFO org.soky.sro.pk2.io.Pk2IOTest - Consuming 4244 byte(s) from file hwanlook_w_penguin.ddj with size 4244 
07:15:15.224 [main] DEBUG org.sokybot.pk2.Pk2CryptoUtils - File hwanlook_w_whiteaustralia.ddj is not encrypted , flags not exists
07:15:15.224 [main] INFO org.soky.sro.pk2.io.Pk2IOTest - Consuming 4244 byte(s) from file hwanlook_w_whiteaustralia.ddj with size 4244 
07:15:15.224 [main] DEBUG org.sokybot.pk2.Pk2CryptoUtils - File icon_edge_legendry.ddj is not encrypted , flags not exists
07:15:15.226 [main] INFO org.soky.sro.pk2.io.Pk2IOTest - Consuming 163988 byte(s) from file icon_edge_legendry.ddj with size 163988 
07:15:15.226 [main] DEBUG org.sokybot.pk2.Pk2CryptoUtils - File icon_edge_nasrun.ddj is not encrypted , flags not exists
07:15:15.226 [main] INFO org.soky.sro.pk2.io.Pk2IOTest - Consuming 16532 byte(s) from file icon_edge_nasrun.ddj with size 16532 
07:15:15.226 [main] DEBUG org.sokybot.pk2.Pk2CryptoUtils - File icon_edge_rare.ddj is not encrypted , flags not exists
07:15:15.227 [main] INFO org.soky.sro.pk2.io.Pk2IOTest - Consuming 32916 byte(s) from file icon_edge_rare.ddj with size 32916 
07:15:15.227 [main] DEBUG org.sokybot.pk2.Pk2CryptoUtils - File icon_trade_timer.ddj is not encrypted , flags not exists
07:15:15.227 [main] INFO org.soky.sro.pk2.io.Pk2IOTest - Consuming 1748 byte(s) from file icon_trade_timer.ddj with size 1748 
07:15:15.227 [main] DEBUG org.sokybot.pk2.Pk2CryptoUtils - File item_cos_c_pegasus_scroll.ddj is not encrypted , flags not exists
07:15:15.227 [main] INFO org.soky.sro.pk2.io.Pk2IOTest - Consuming 4244 byte(s) from file item_cos_c_pegasus_scroll.ddj with size 4244 
07:15:15.227 [main] DEBUG org.sokybot.pk2.Pk2CryptoUtils - File item_cos_c_rudolph.ddj is not encrypted , flags not exists
07:15:15.228 [main] INFO org.soky.sro.pk2.io.Pk2IOTest - Consuming 4244 byte(s) from file item_cos_c_rudolph.ddj with size 4244 
07:15:15.228 [main] DEBUG org.sokybot.pk2.Pk2CryptoUtils - File item_cos_c_unicorn.ddj is not encrypted , flags not exists
07:15:15.228 [main] INFO org.soky.sro.pk2.io.Pk2IOTest - Consuming 4244 byte(s) from file item_cos_c_unicorn.ddj with size 4244 
07:15:15.228 [main] DEBUG org.sokybot.pk2.Pk2CryptoUtils - File item_cos_p_brownie_scroll.ddj is not encrypted , flags not exists
07:15:15.228 [main] INFO org.soky.sro.pk2.io.Pk2IOTest - Consuming 4244 byte(s) from file item_cos_p_brownie_scroll.ddj with size 4244 
07:15:15.228 [main] DEBUG org.sokybot.pk2.Pk2CryptoUtils - File item_cos_p_fox_scroll.ddj is not encrypted , flags not exists
07:15:15.228 [main] INFO org.soky.sro.pk2.io.Pk2IOTest - Consuming 4244 byte(s) from file item_cos_p_fox_scroll.ddj with size 4244 
07:15:15.229 [main] DEBUG org.sokybot.pk2.Pk2CryptoUtils - File item_cos_p_gglider_scroll.ddj is not encrypted , flags not exists
07:15:15.229 [main] INFO org.soky.sro.pk2.io.Pk2IOTest - Consuming 4244 byte(s) from file item_cos_p_gglider_scroll.ddj with size 4244 
07:15:15.229 [main] DEBUG org.sokybot.pk2.Pk2CryptoUtils - File item_cos_p_goldpig_scroll.ddj is not encrypted , flags not exists
07:15:15.229 [main] INFO org.soky.sro.pk2.io.Pk2IOTest - Consuming 4244 byte(s) from file item_cos_p_goldpig_scroll.ddj with size 4244 
07:15:15.229 [main] DEBUG org.sokybot.pk2.Pk2CryptoUtils - File item_cos_p_jinn_scroll.ddj is not encrypted , flags not exists
07:15:15.229 [main] INFO org.soky.sro.pk2.io.Pk2IOTest - Consuming 4244 byte(s) from file item_cos_p_jinn_scroll.ddj with size 4244 
07:15:15.229 [main] DEBUG org.sokybot.pk2.Pk2CryptoUtils - File item_cos_p_penguin_scroll.ddj is not encrypted , flags not exists
07:15:15.230 [main] INFO org.soky.sro.pk2.io.Pk2IOTest - Consuming 4244 byte(s) from file item_cos_p_penguin_scroll.ddj with size 4244 
07:15:15.230 [main] DEBUG org.sokybot.pk2.Pk2CryptoUtils - File item_cos_t_buffalo_scroll.ddj is not encrypted , flags not exists
07:15:15.230 [main] INFO org.soky.sro.pk2.io.Pk2IOTest - Consuming 4244 byte(s) from file item_cos_t_buffalo_scroll.ddj with size 4244 
07:15:15.230 [main] DEBUG org.sokybot.pk2.Pk2CryptoUtils - File item_cos_t_rhinoceros_scroll.ddj is not encrypted , flags not exists
07:15:15.230 [main] INFO org.soky.sro.pk2.io.Pk2IOTest - Consuming 4244 byte(s) from file item_cos_t_rhinoceros_scroll.ddj with size 4244 
07:15:15.230 [main] DEBUG org.sokybot.pk2.Pk2CryptoUtils - File item_etc_union_party_ticket.ddj is not encrypted , flags not exists
07:15:15.230 [main] INFO org.soky.sro.pk2.io.Pk2IOTest - Consuming 4244 byte(s) from file item_etc_union_party_ticket.ddj with size 4244 
07:15:15.230 [main] DEBUG org.sokybot.pk2.Pk2CryptoUtils - File japan_gacha_gold.ddj is not encrypted , flags not exists
07:15:15.230 [main] INFO org.soky.sro.pk2.io.Pk2IOTest - Consuming 4244 byte(s) from file japan_gacha_gold.ddj with size 4244 
07:15:15.230 [main] DEBUG org.sokybot.pk2.Pk2CryptoUtils - File jobexp_stone.ddj is not encrypted , flags not exists
07:15:15.231 [main] INFO org.soky.sro.pk2.io.Pk2IOTest - Consuming 4244 byte(s) from file jobexp_stone.ddj with size 4244 
07:15:15.231 [main] DEBUG org.sokybot.pk2.Pk2CryptoUtils - File mall_all_lamp.ddj is not encrypted , flags not exists
07:15:15.231 [main] INFO org.soky.sro.pk2.io.Pk2IOTest - Consuming 4244 byte(s) from file mall_all_lamp.ddj with size 4244 
07:15:15.231 [main] DEBUG org.sokybot.pk2.Pk2CryptoUtils - File mall_auto_potion_ticket.ddj is not encrypted , flags not exists
07:15:15.231 [main] INFO org.soky.sro.pk2.io.Pk2IOTest - Consuming 2196 byte(s) from file mall_auto_potion_ticket.ddj with size 2196 
07:15:15.231 [main] DEBUG org.sokybot.pk2.Pk2CryptoUtils - File mall_avatar_halloween_attach.ddj is not encrypted , flags not exists
07:15:15.231 [main] INFO org.soky.sro.pk2.io.Pk2IOTest - Consuming 4244 byte(s) from file mall_avatar_halloween_attach.ddj with size 4244 
07:15:15.231 [main] DEBUG org.sokybot.pk2.Pk2CryptoUtils - File mall_avatar_m_chingchu.ddj is not encrypted , flags not exists
07:15:15.231 [main] INFO org.soky.sro.pk2.io.Pk2IOTest - Consuming 4244 byte(s) from file mall_avatar_m_chingchu.ddj with size 4244 
07:15:15.231 [main] DEBUG org.sokybot.pk2.Pk2CryptoUtils - File mall_avatar_m_chingchu_attach.ddj is not encrypted , flags not exists
07:15:15.232 [main] INFO org.soky.sro.pk2.io.Pk2IOTest - Consuming 4244 byte(s) from file mall_avatar_m_chingchu_attach.ddj with size 4244 
07:15:15.232 [main] DEBUG org.sokybot.pk2.Pk2CryptoUtils - File mall_avatar_m_chingchu_hat.ddj is not encrypted , flags not exists
07:15:15.232 [main] INFO org.soky.sro.pk2.io.Pk2IOTest - Consuming 4244 byte(s) from file mall_avatar_m_chingchu_hat.ddj with size 4244 
07:15:15.232 [main] DEBUG org.sokybot.pk2.Pk2CryptoUtils - File mall_avatar_m_halloween.ddj is not encrypted , flags not exists
07:15:15.232 [main] INFO org.soky.sro.pk2.io.Pk2IOTest - Consuming 4244 byte(s) from file mall_avatar_m_halloween.ddj with size 4244 
07:15:15.232 [main] DEBUG org.sokybot.pk2.Pk2CryptoUtils - File mall_avatar_m_halloween_hat.ddj is not encrypted , flags not exists
07:15:15.232 [main] INFO org.soky.sro.pk2.io.Pk2IOTest - Consuming 4244 byte(s) from file mall_avatar_m_halloween_hat.ddj with size 4244 
07:15:15.232 [main] DEBUG org.sokybot.pk2.Pk2CryptoUtils - File mall_avatar_m_turkey.ddj is not encrypted , flags not exists
07:15:15.232 [main] INFO org.soky.sro.pk2.io.Pk2IOTest - Consuming 4244 byte(s) from file mall_avatar_m_turkey.ddj with size 4244 
07:15:15.232 [main] DEBUG org.sokybot.pk2.Pk2CryptoUtils - File mall_avatar_m_turkey_hat.ddj is not encrypted , flags not exists
07:15:15.233 [main] INFO org.soky.sro.pk2.io.Pk2IOTest - Consuming 4244 byte(s) from file mall_avatar_m_turkey_hat.ddj with size 4244 
07:15:15.233 [main] DEBUG org.sokybot.pk2.Pk2CryptoUtils - File mall_avatar_w_chingchu.ddj is not encrypted , flags not exists
07:15:15.233 [main] INFO org.soky.sro.pk2.io.Pk2IOTest - Consuming 4244 byte(s) from file mall_avatar_w_chingchu.ddj with size 4244 
07:15:15.233 [main] DEBUG org.sokybot.pk2.Pk2CryptoUtils - File mall_avatar_w_chingchu_attach.ddj is not encrypted , flags not exists
07:15:15.233 [main] INFO org.soky.sro.pk2.io.Pk2IOTest - Consuming 4244 byte(s) from file mall_avatar_w_chingchu_attach.ddj with size 4244 
07:15:15.233 [main] DEBUG org.sokybot.pk2.Pk2CryptoUtils - File mall_avatar_w_chingchu_hat.ddj is not encrypted , flags not exists
07:15:15.233 [main] INFO org.soky.sro.pk2.io.Pk2IOTest - Consuming 4244 byte(s) from file mall_avatar_w_chingchu_hat.ddj with size 4244 
07:15:15.233 [main] DEBUG org.sokybot.pk2.Pk2CryptoUtils - File mall_avatar_w_halloween.ddj is not encrypted , flags not exists
07:15:15.233 [main] INFO org.soky.sro.pk2.io.Pk2IOTest - Consuming 4244 byte(s) from file mall_avatar_w_halloween.ddj with size 4244 
07:15:15.233 [main] DEBUG org.sokybot.pk2.Pk2CryptoUtils - File mall_avatar_w_halloween_hat.ddj is not encrypted , flags not exists
07:15:15.234 [main] INFO org.soky.sro.pk2.io.Pk2IOTest - Consuming 4244 byte(s) from file mall_avatar_w_halloween_hat.ddj with size 4244 
07:15:15.234 [main] DEBUG org.sokybot.pk2.Pk2CryptoUtils - File mall_avatar_w_turkey.ddj is not encrypted , flags not exists
07:15:15.234 [main] INFO org.soky.sro.pk2.io.Pk2IOTest - Consuming 4244 byte(s) from file mall_avatar_w_turkey.ddj with size 4244 
07:15:15.234 [main] DEBUG org.sokybot.pk2.Pk2CryptoUtils - File mall_avatar_w_turkey_hat.ddj is not encrypted , flags not exists
07:15:15.234 [main] INFO org.soky.sro.pk2.io.Pk2IOTest - Consuming 4244 byte(s) from file mall_avatar_w_turkey_hat.ddj with size 4244 
07:15:15.234 [main] DEBUG org.sokybot.pk2.Pk2CryptoUtils - File mall_balloon_crab_dmgabs.ddj is not encrypted , flags not exists
07:15:15.234 [main] INFO org.soky.sro.pk2.io.Pk2IOTest - Consuming 4244 byte(s) from file mall_balloon_crab_dmgabs.ddj with size 4244 
07:15:15.234 [main] DEBUG org.sokybot.pk2.Pk2CryptoUtils - File mall_balloon_crab_dmgup.ddj is not encrypted , flags not exists
07:15:15.234 [main] INFO org.soky.sro.pk2.io.Pk2IOTest - Consuming 4244 byte(s) from file mall_balloon_crab_dmgup.ddj with size 4244 
07:15:15.235 [main] DEBUG org.sokybot.pk2.Pk2CryptoUtils - File mall_balloon_crab_int.ddj is not encrypted , flags not exists
07:15:15.235 [main] INFO org.soky.sro.pk2.io.Pk2IOTest - Consuming 4244 byte(s) from file mall_balloon_crab_int.ddj with size 4244 
07:15:15.235 [main] DEBUG org.sokybot.pk2.Pk2CryptoUtils - File mall_balloon_crab_str.ddj is not encrypted , flags not exists
07:15:15.235 [main] INFO org.soky.sro.pk2.io.Pk2IOTest - Consuming 4244 byte(s) from file mall_balloon_crab_str.ddj with size 4244 
07:15:15.235 [main] DEBUG org.sokybot.pk2.Pk2CryptoUtils - File mall_balloon_edenp_dmgabs.ddj is not encrypted , flags not exists
07:15:15.235 [main] INFO org.soky.sro.pk2.io.Pk2IOTest - Consuming 4244 byte(s) from file mall_balloon_edenp_dmgabs.ddj with size 4244 
07:15:15.235 [main] DEBUG org.sokybot.pk2.Pk2CryptoUtils - File mall_balloon_edenp_dmgup.ddj is not encrypted , flags not exists
07:15:15.235 [main] INFO org.soky.sro.pk2.io.Pk2IOTest - Consuming 4244 byte(s) from file mall_balloon_edenp_dmgup.ddj with size 4244 
07:15:15.235 [main] DEBUG org.sokybot.pk2.Pk2CryptoUtils - File mall_balloon_edenp_int.ddj is not encrypted , flags not exists
07:15:15.235 [main] INFO org.soky.sro.pk2.io.Pk2IOTest - Consuming 4244 byte(s) from file mall_balloon_edenp_int.ddj with size 4244 
07:15:15.236 [main] DEBUG org.sokybot.pk2.Pk2CryptoUtils - File mall_balloon_edenp_str.ddj is not encrypted , flags not exists
07:15:15.236 [main] INFO org.soky.sro.pk2.io.Pk2IOTest - Consuming 4244 byte(s) from file mall_balloon_edenp_str.ddj with size 4244 
07:15:15.236 [main] DEBUG org.sokybot.pk2.Pk2CryptoUtils - File mall_balloon_kerberos_dmgabs.ddj is not encrypted , flags not exists
07:15:15.236 [main] INFO org.soky.sro.pk2.io.Pk2IOTest - Consuming 4244 byte(s) from file mall_balloon_kerberos_dmgabs.ddj with size 4244 
07:15:15.236 [main] DEBUG org.sokybot.pk2.Pk2CryptoUtils - File mall_balloon_kerberos_dmgup.ddj is not encrypted , flags not exists
07:15:15.236 [main] INFO org.soky.sro.pk2.io.Pk2IOTest - Consuming 4244 byte(s) from file mall_balloon_kerberos_dmgup.ddj with size 4244 
07:15:15.236 [main] DEBUG org.sokybot.pk2.Pk2CryptoUtils - File mall_balloon_kerberos_int.ddj is not encrypted , flags not exists
07:15:15.236 [main] INFO org.soky.sro.pk2.io.Pk2IOTest - Consuming 4244 byte(s) from file mall_balloon_kerberos_int.ddj with size 4244 
07:15:15.236 [main] DEBUG org.sokybot.pk2.Pk2CryptoUtils - File mall_balloon_kerberos_str.ddj is not encrypted , flags not exists
07:15:15.236 [main] INFO org.soky.sro.pk2.io.Pk2IOTest - Consuming 4244 byte(s) from file mall_balloon_kerberos_str.ddj with size 4244 
07:15:15.237 [main] DEBUG org.sokybot.pk2.Pk2CryptoUtils - File mall_balloon_kyklopes_dmgabs.ddj is not encrypted , flags not exists
07:15:15.237 [main] INFO org.soky.sro.pk2.io.Pk2IOTest - Consuming 4244 byte(s) from file mall_balloon_kyklopes_dmgabs.ddj with size 4244 
07:15:15.237 [main] DEBUG org.sokybot.pk2.Pk2CryptoUtils - File mall_balloon_kyklopes_dmgup.ddj is not encrypted , flags not exists
07:15:15.237 [main] INFO org.soky.sro.pk2.io.Pk2IOTest - Consuming 4244 byte(s) from file mall_balloon_kyklopes_dmgup.ddj with size 4244 
07:15:15.237 [main] DEBUG org.sokybot.pk2.Pk2CryptoUtils - File mall_balloon_kyklopes_int.ddj is not encrypted , flags not exists
07:15:15.237 [main] INFO org.soky.sro.pk2.io.Pk2IOTest - Consuming 4244 byte(s) from file mall_balloon_kyklopes_int.ddj with size 4244 
07:15:15.237 [main] DEBUG org.sokybot.pk2.Pk2CryptoUtils - File mall_balloon_kyklopes_str.ddj is not encrypted , flags not exists
07:15:15.237 [main] INFO org.soky.sro.pk2.io.Pk2IOTest - Consuming 4244 byte(s) from file mall_balloon_kyklopes_str.ddj with size 4244 
07:15:15.238 [main] DEBUG org.sokybot.pk2.Pk2CryptoUtils - File mall_balloon_mujigi_dmgabs.ddj is not encrypted , flags not exists
07:15:15.238 [main] INFO org.soky.sro.pk2.io.Pk2IOTest - Consuming 4244 byte(s) from file mall_balloon_mujigi_dmgabs.ddj with size 4244 
07:15:15.238 [main] DEBUG org.sokybot.pk2.Pk2CryptoUtils - File mall_balloon_mujigi_dmgup.ddj is not encrypted , flags not exists
07:15:15.238 [main] INFO org.soky.sro.pk2.io.Pk2IOTest - Consuming 4244 byte(s) from file mall_balloon_mujigi_dmgup.ddj with size 4244 
07:15:15.238 [main] DEBUG org.sokybot.pk2.Pk2CryptoUtils - File mall_balloon_mujigi_int.ddj is not encrypted , flags not exists
07:15:15.239 [main] INFO org.soky.sro.pk2.io.Pk2IOTest - Consuming 4244 byte(s) from file mall_balloon_mujigi_int.ddj with size 4244 
07:15:15.239 [main] DEBUG org.sokybot.pk2.Pk2CryptoUtils - File mall_balloon_mujigi_str.ddj is not encrypted , flags not exists
07:15:15.239 [main] INFO org.soky.sro.pk2.io.Pk2IOTest - Consuming 4244 byte(s) from file mall_balloon_mujigi_str.ddj with size 4244 
07:15:15.239 [main] DEBUG org.sokybot.pk2.Pk2CryptoUtils - File mall_balloon_roc_dmgabs.ddj is not encrypted , flags not exists
07:15:15.239 [main] INFO org.soky.sro.pk2.io.Pk2IOTest - Consuming 4244 byte(s) from file mall_balloon_roc_dmgabs.ddj with size 4244 
07:15:15.240 [main] DEBUG org.sokybot.pk2.Pk2CryptoUtils - File mall_balloon_roc_dmgup.ddj is not encrypted , flags not exists
07:15:15.240 [main] INFO org.soky.sro.pk2.io.Pk2IOTest - Consuming 4244 byte(s) from file mall_balloon_roc_dmgup.ddj with size 4244 
07:15:15.240 [main] DEBUG org.sokybot.pk2.Pk2CryptoUtils - File mall_balloon_roc_int.ddj is not encrypted , flags not exists
07:15:15.240 [main] INFO org.soky.sro.pk2.io.Pk2IOTest - Consuming 4244 byte(s) from file mall_balloon_roc_int.ddj with size 4244 
07:15:15.240 [main] DEBUG org.sokybot.pk2.Pk2CryptoUtils - File mall_balloon_roc_str.ddj is not encrypted , flags not exists
07:15:15.240 [main] INFO org.soky.sro.pk2.io.Pk2IOTest - Consuming 4244 byte(s) from file mall_balloon_roc_str.ddj with size 4244 
07:15:15.241 [main] DEBUG org.sokybot.pk2.Pk2CryptoUtils - File mall_bolt.ddj is not encrypted , flags not exists
07:15:15.241 [main] INFO org.soky.sro.pk2.io.Pk2IOTest - Consuming 4244 byte(s) from file mall_bolt.ddj with size 4244 
07:15:15.241 [main] DEBUG org.sokybot.pk2.Pk2CryptoUtils - File mall_change_armor_gender.ddj is not encrypted , flags not exists
07:15:15.241 [main] INFO org.soky.sro.pk2.io.Pk2IOTest - Consuming 2196 byte(s) from file mall_change_armor_gender.ddj with size 2196 
07:15:15.241 [main] DEBUG org.sokybot.pk2.Pk2CryptoUtils - File mall_change_guild.ddj is not encrypted , flags not exists
07:15:15.242 [main] INFO org.soky.sro.pk2.io.Pk2IOTest - Consuming 4244 byte(s) from file mall_change_guild.ddj with size 4244 
07:15:15.242 [main] DEBUG org.sokybot.pk2.Pk2CryptoUtils - File mall_change_name.ddj is not encrypted , flags not exists
07:15:15.242 [main] INFO org.soky.sro.pk2.io.Pk2IOTest - Consuming 4244 byte(s) from file mall_change_name.ddj with size 4244 
07:15:15.242 [main] DEBUG org.sokybot.pk2.Pk2CryptoUtils - File mall_char_skin_change_scroll.ddj is not encrypted , flags not exists
07:15:15.242 [main] INFO org.soky.sro.pk2.io.Pk2IOTest - Consuming 2196 byte(s) from file mall_char_skin_change_scroll.ddj with size 2196 
07:15:15.243 [main] DEBUG org.sokybot.pk2.Pk2CryptoUtils - File mall_damage_abs_scroll.ddj is not encrypted , flags not exists
07:15:15.243 [main] INFO org.soky.sro.pk2.io.Pk2IOTest - Consuming 2196 byte(s) from file mall_damage_abs_scroll.ddj with size 2196 
07:15:15.243 [main] DEBUG org.sokybot.pk2.Pk2CryptoUtils - File mall_damage_inc_scroll.ddj is not encrypted , flags not exists
07:15:15.243 [main] INFO org.soky.sro.pk2.io.Pk2IOTest - Consuming 2196 byte(s) from file mall_damage_inc_scroll.ddj with size 2196 
07:15:15.243 [main] DEBUG org.sokybot.pk2.Pk2CryptoUtils - File mall_dungeon_free_ticket_arabia_dungeon.ddj is not encrypted , flags not exists
07:15:15.243 [main] INFO org.soky.sro.pk2.io.Pk2IOTest - Consuming 4244 byte(s) from file mall_dungeon_free_ticket_arabia_dungeon.ddj with size 4244 
07:15:15.244 [main] DEBUG org.sokybot.pk2.Pk2CryptoUtils - File mall_dungeon_free_ticket_egypt.ddj is not encrypted , flags not exists
07:15:15.244 [main] INFO org.soky.sro.pk2.io.Pk2IOTest - Consuming 4244 byte(s) from file mall_dungeon_free_ticket_egypt.ddj with size 4244 
07:15:15.244 [main] DEBUG org.sokybot.pk2.Pk2CryptoUtils - File mall_dungeon_free_ticket_forgotten_world.ddj is not encrypted , flags not exists
07:15:15.244 [main] INFO org.soky.sro.pk2.io.Pk2IOTest - Consuming 4244 byte(s) from file mall_dungeon_free_ticket_forgotten_world.ddj with size 4244 
07:15:15.244 [main] DEBUG org.sokybot.pk2.Pk2CryptoUtils - File mall_dungeon_free_ticket_jupiter.ddj is not encrypted , flags not exists
07:15:15.244 [main] INFO org.soky.sro.pk2.io.Pk2IOTest - Consuming 4244 byte(s) from file mall_dungeon_free_ticket_jupiter.ddj with size 4244 
07:15:15.245 [main] DEBUG org.sokybot.pk2.Pk2CryptoUtils - File mall_expert_package_service.ddj is not encrypted , flags not exists
07:15:15.245 [main] INFO org.soky.sro.pk2.io.Pk2IOTest - Consuming 4244 byte(s) from file mall_expert_package_service.ddj with size 4244 
07:15:15.245 [main] DEBUG org.sokybot.pk2.Pk2CryptoUtils - File mall_firewood.ddj is not encrypted , flags not exists
07:15:15.245 [main] INFO org.soky.sro.pk2.io.Pk2IOTest - Consuming 2196 byte(s) from file mall_firewood.ddj with size 2196 
07:15:15.245 [main] DEBUG org.sokybot.pk2.Pk2CryptoUtils - File mall_gacha_card.ddj is not encrypted , flags not exists
07:15:15.245 [main] INFO org.soky.sro.pk2.io.Pk2IOTest - Consuming 2196 byte(s) from file mall_gacha_card.ddj with size 2196 
07:15:15.246 [main] DEBUG org.sokybot.pk2.Pk2CryptoUtils - File mall_gacha_card_lose.ddj is not encrypted , flags not exists
07:15:15.246 [main] INFO org.soky.sro.pk2.io.Pk2IOTest - Consuming 2196 byte(s) from file mall_gacha_card_lose.ddj with size 2196 
07:15:15.246 [main] DEBUG org.sokybot.pk2.Pk2CryptoUtils - File mall_gacha_card_silver.ddj is not encrypted , flags not exists
07:15:15.246 [main] INFO org.soky.sro.pk2.io.Pk2IOTest - Consuming 2196 byte(s) from file mall_gacha_card_silver.ddj with size 2196 
07:15:15.246 [main] DEBUG org.sokybot.pk2.Pk2CryptoUtils - File mall_gacha_card_win.ddj is not encrypted , flags not exists
07:15:15.246 [main] INFO org.soky.sro.pk2.io.Pk2IOTest - Consuming 2196 byte(s) from file mall_gacha_card_win.ddj with size 2196 
07:15:15.246 [main] DEBUG org.sokybot.pk2.Pk2CryptoUtils - File mall_global_chatting.ddj is not encrypted , flags not exists
07:15:15.246 [main] INFO org.soky.sro.pk2.io.Pk2IOTest - Consuming 2196 byte(s) from file mall_global_chatting.ddj with size 2196 
07:15:15.247 [main] DEBUG org.sokybot.pk2.Pk2CryptoUtils - File mall_gold_time_service_ticket.ddj is not encrypted , flags not exists
07:15:15.247 [main] INFO org.soky.sro.pk2.io.Pk2IOTest - Consuming 2196 byte(s) from file mall_gold_time_service_ticket.ddj with size 2196 
07:15:15.247 [main] DEBUG org.sokybot.pk2.Pk2CryptoUtils - File mall_gold_time_service_ticket_90lv.ddj is not encrypted , flags not exists
07:15:15.247 [main] INFO org.soky.sro.pk2.io.Pk2IOTest - Consuming 4244 byte(s) from file mall_gold_time_service_ticket_90lv.ddj with size 4244 
07:15:15.247 [main] DEBUG org.sokybot.pk2.Pk2CryptoUtils - File mall_gold_time_service_ticket_off.ddj is not encrypted , flags not exists
07:15:15.247 [main] INFO org.soky.sro.pk2.io.Pk2IOTest - Consuming 2196 byte(s) from file mall_gold_time_service_ticket_off.ddj with size 2196 
07:15:15.247 [main] DEBUG org.sokybot.pk2.Pk2CryptoUtils - File mall_hp_inc_potion.ddj is not encrypted , flags not exists
07:15:15.247 [main] INFO org.soky.sro.pk2.io.Pk2IOTest - Consuming 2196 byte(s) from file mall_hp_inc_potion.ddj with size 2196 
07:15:15.247 [main] DEBUG org.sokybot.pk2.Pk2CryptoUtils - File mall_hwan.ddj is not encrypted , flags not exists
07:15:15.247 [main] INFO org.soky.sro.pk2.io.Pk2IOTest - Consuming 2196 byte(s) from file mall_hwan.ddj with size 2196 
07:15:15.248 [main] DEBUG org.sokybot.pk2.Pk2CryptoUtils - File mall_indulgence.ddj is not encrypted , flags not exists
07:15:15.248 [main] INFO org.soky.sro.pk2.io.Pk2IOTest - Consuming 4244 byte(s) from file mall_indulgence.ddj with size 4244 
07:15:15.248 [main] DEBUG org.sokybot.pk2.Pk2CryptoUtils - File mall_inventory_addition.ddj is not encrypted , flags not exists
07:15:15.248 [main] INFO org.soky.sro.pk2.io.Pk2IOTest - Consuming 4244 byte(s) from file mall_inventory_addition.ddj with size 4244 
07:15:15.248 [main] DEBUG org.sokybot.pk2.Pk2CryptoUtils - File mall_magic_cube_accessary.ddj is not encrypted , flags not exists
07:15:15.248 [main] INFO org.soky.sro.pk2.io.Pk2IOTest - Consuming 4244 byte(s) from file mall_magic_cube_accessary.ddj with size 4244 
07:15:15.248 [main] DEBUG org.sokybot.pk2.Pk2CryptoUtils - File mall_magic_cube_armor.ddj is not encrypted , flags not exists
07:15:15.248 [main] INFO org.soky.sro.pk2.io.Pk2IOTest - Consuming 4244 byte(s) from file mall_magic_cube_armor.ddj with size 4244 
07:15:15.249 [main] DEBUG org.sokybot.pk2.Pk2CryptoUtils - File mall_magic_cube_shield.ddj is not encrypted , flags not exists
07:15:15.249 [main] INFO org.soky.sro.pk2.io.Pk2IOTest - Consuming 4244 byte(s) from file mall_magic_cube_shield.ddj with size 4244 
07:15:15.249 [main] DEBUG org.sokybot.pk2.Pk2CryptoUtils - File mall_magic_cube_weapon.ddj is not encrypted , flags not exists
07:15:15.249 [main] INFO org.soky.sro.pk2.io.Pk2IOTest - Consuming 4244 byte(s) from file mall_magic_cube_weapon.ddj with size 4244 
07:15:15.249 [main] DEBUG org.sokybot.pk2.Pk2CryptoUtils - File mall_mp_inc_potion.ddj is not encrypted , flags not exists
07:15:15.249 [main] INFO org.soky.sro.pk2.io.Pk2IOTest - Consuming 2196 byte(s) from file mall_mp_inc_potion.ddj with size 2196 
07:15:15.249 [main] DEBUG org.sokybot.pk2.Pk2CryptoUtils - File mall_nasrun_archemy_magicstone_umdu.ddj is not encrypted , flags not exists
07:15:15.249 [main] INFO org.soky.sro.pk2.io.Pk2IOTest - Consuming 4244 byte(s) from file mall_nasrun_archemy_magicstone_umdu.ddj with size 4244 
07:15:15.249 [main] DEBUG org.sokybot.pk2.Pk2CryptoUtils - File mall_nasrun_extension.ddj is not encrypted , flags not exists
07:15:15.249 [main] INFO org.soky.sro.pk2.io.Pk2IOTest - Consuming 4244 byte(s) from file mall_nasrun_extension.ddj with size 4244 
07:15:15.250 [main] DEBUG org.sokybot.pk2.Pk2CryptoUtils - File mall_open_market_ticket.ddj is not encrypted , flags not exists
07:15:15.250 [main] INFO org.soky.sro.pk2.io.Pk2IOTest - Consuming 4244 byte(s) from file mall_open_market_ticket.ddj with size 4244 
07:15:15.250 [main] DEBUG org.sokybot.pk2.Pk2CryptoUtils - File mall_pet_growth_potion.ddj is not encrypted , flags not exists
07:15:15.250 [main] INFO org.soky.sro.pk2.io.Pk2IOTest - Consuming 4244 byte(s) from file mall_pet_growth_potion.ddj with size 4244 
07:15:15.250 [main] DEBUG org.sokybot.pk2.Pk2CryptoUtils - File mall_pet_skill_cold.ddj is not encrypted , flags not exists
07:15:15.250 [main] INFO org.soky.sro.pk2.io.Pk2IOTest - Consuming 4244 byte(s) from file mall_pet_skill_cold.ddj with size 4244 
07:15:15.250 [main] DEBUG org.sokybot.pk2.Pk2CryptoUtils - File mall_pet_skill_fire.ddj is not encrypted , flags not exists
07:15:15.250 [main] INFO org.soky.sro.pk2.io.Pk2IOTest - Consuming 4244 byte(s) from file mall_pet_skill_fire.ddj with size 4244 
07:15:15.250 [main] DEBUG org.sokybot.pk2.Pk2CryptoUtils - File mall_pet_skill_lightning.ddj is not encrypted , flags not exists
07:15:15.250 [main] INFO org.soky.sro.pk2.io.Pk2IOTest - Consuming 4244 byte(s) from file mall_pet_skill_lightning.ddj with size 4244 
07:15:15.251 [main] DEBUG org.sokybot.pk2.Pk2CryptoUtils - File mall_pet_watch_agol.ddj is not encrypted , flags not exists
07:15:15.251 [main] INFO org.soky.sro.pk2.io.Pk2IOTest - Consuming 4244 byte(s) from file mall_pet_watch_agol.ddj with size 4244 
07:15:15.251 [main] DEBUG org.sokybot.pk2.Pk2CryptoUtils - File mall_pet_watch_chulhyen.ddj is not encrypted , flags not exists
07:15:15.251 [main] INFO org.soky.sro.pk2.io.Pk2IOTest - Consuming 4244 byte(s) from file mall_pet_watch_chulhyen.ddj with size 4244 
07:15:15.251 [main] DEBUG org.sokybot.pk2.Pk2CryptoUtils - File mall_premium_global_goldtime.ddj is not encrypted , flags not exists
07:15:15.251 [main] INFO org.soky.sro.pk2.io.Pk2IOTest - Consuming 4244 byte(s) from file mall_premium_global_goldtime.ddj with size 4244 
07:15:15.251 [main] DEBUG org.sokybot.pk2.Pk2CryptoUtils - File mall_premium_global_goldtime_off.ddj is not encrypted , flags not exists
07:15:15.251 [main] INFO org.soky.sro.pk2.io.Pk2IOTest - Consuming 2196 byte(s) from file mall_premium_global_goldtime_off.ddj with size 2196 
07:15:15.251 [main] DEBUG org.sokybot.pk2.Pk2CryptoUtils - File mall_premium_global_goldtime_plus.ddj is not encrypted , flags not exists
07:15:15.252 [main] INFO org.soky.sro.pk2.io.Pk2IOTest - Consuming 2196 byte(s) from file mall_premium_global_goldtime_plus.ddj with size 2196 
07:15:15.252 [main] DEBUG org.sokybot.pk2.Pk2CryptoUtils - File mall_premium_global_silvertime.ddj is not encrypted , flags not exists
07:15:15.252 [main] INFO org.soky.sro.pk2.io.Pk2IOTest - Consuming 4244 byte(s) from file mall_premium_global_silvertime.ddj with size 4244 
07:15:15.252 [main] DEBUG org.sokybot.pk2.Pk2CryptoUtils - File mall_premium_global_silvertime_off.ddj is not encrypted , flags not exists
07:15:15.252 [main] INFO org.soky.sro.pk2.io.Pk2IOTest - Consuming 2196 byte(s) from file mall_premium_global_silvertime_off.ddj with size 2196 
07:15:15.252 [main] DEBUG org.sokybot.pk2.Pk2CryptoUtils - File mall_premium_goldtime.ddj is not encrypted , flags not exists
07:15:15.252 [main] INFO org.soky.sro.pk2.io.Pk2IOTest - Consuming 2196 byte(s) from file mall_premium_goldtime.ddj with size 2196 
07:15:15.252 [main] DEBUG org.sokybot.pk2.Pk2CryptoUtils - File mall_premium_goldtime_off.ddj is not encrypted , flags not exists
07:15:15.252 [main] INFO org.soky.sro.pk2.io.Pk2IOTest - Consuming 2196 byte(s) from file mall_premium_goldtime_off.ddj with size 2196 
07:15:15.252 [main] DEBUG org.sokybot.pk2.Pk2CryptoUtils - File mall_premium_quest_ticket.ddj is not encrypted , flags not exists
07:15:15.253 [main] INFO org.soky.sro.pk2.io.Pk2IOTest - Consuming 4244 byte(s) from file mall_premium_quest_ticket.ddj with size 4244 
07:15:15.253 [main] DEBUG org.sokybot.pk2.Pk2CryptoUtils - File mall_quiver.ddj is not encrypted , flags not exists
07:15:15.253 [main] INFO org.soky.sro.pk2.io.Pk2IOTest - Consuming 2196 byte(s) from file mall_quiver.ddj with size 2196 
07:15:15.253 [main] DEBUG org.sokybot.pk2.Pk2CryptoUtils - File mall_reinforce_accessary_inc_scroll.ddj is not encrypted , flags not exists
07:15:15.253 [main] INFO org.soky.sro.pk2.io.Pk2IOTest - Consuming 2196 byte(s) from file mall_reinforce_accessary_inc_scroll.ddj with size 2196 
07:15:15.253 [main] DEBUG org.sokybot.pk2.Pk2CryptoUtils - File mall_reinforce_armor_inc_scroll.ddj is not encrypted , flags not exists
07:15:15.253 [main] INFO org.soky.sro.pk2.io.Pk2IOTest - Consuming 2196 byte(s) from file mall_reinforce_armor_inc_scroll.ddj with size 2196 
07:15:15.253 [main] DEBUG org.sokybot.pk2.Pk2CryptoUtils - File mall_reinforce_weapon_inc_scroll.ddj is not encrypted , flags not exists
07:15:15.253 [main] INFO org.soky.sro.pk2.io.Pk2IOTest - Consuming 2196 byte(s) from file mall_reinforce_weapon_inc_scroll.ddj with size 2196 
07:15:15.253 [main] DEBUG org.sokybot.pk2.Pk2CryptoUtils - File mall_repair_hammer.ddj is not encrypted , flags not exists
07:15:15.253 [main] INFO org.soky.sro.pk2.io.Pk2IOTest - Consuming 2196 byte(s) from file mall_repair_hammer.ddj with size 2196 
07:15:15.254 [main] DEBUG org.sokybot.pk2.Pk2CryptoUtils - File mall_resurrection_scroll.ddj is not encrypted , flags not exists
07:15:15.254 [main] INFO org.soky.sro.pk2.io.Pk2IOTest - Consuming 2196 byte(s) from file mall_resurrection_scroll.ddj with size 2196 
07:15:15.254 [main] DEBUG org.sokybot.pk2.Pk2CryptoUtils - File mall_return_scroll.ddj is not encrypted , flags not exists
07:15:15.254 [main] INFO org.soky.sro.pk2.io.Pk2IOTest - Consuming 2196 byte(s) from file mall_return_scroll.ddj with size 2196 
07:15:15.254 [main] DEBUG org.sokybot.pk2.Pk2CryptoUtils - File mall_reverse_return_scroll.ddj is not encrypted , flags not exists
07:15:15.254 [main] INFO org.soky.sro.pk2.io.Pk2IOTest - Consuming 2196 byte(s) from file mall_reverse_return_scroll.ddj with size 2196 
07:15:15.254 [main] DEBUG org.sokybot.pk2.Pk2CryptoUtils - File mall_safety_device.ddj is not encrypted , flags not exists
07:15:15.254 [main] INFO org.soky.sro.pk2.io.Pk2IOTest - Consuming 4244 byte(s) from file mall_safety_device.ddj with size 4244 
07:15:15.254 [main] DEBUG org.sokybot.pk2.Pk2CryptoUtils - File mall_safety_device_clear.ddj is not encrypted , flags not exists
07:15:15.254 [main] INFO org.soky.sro.pk2.io.Pk2IOTest - Consuming 4244 byte(s) from file mall_safety_device_clear.ddj with size 4244 
07:15:15.254 [main] DEBUG org.sokybot.pk2.Pk2CryptoUtils - File mall_server_change_scroll.ddj is not encrypted , flags not exists
07:15:15.255 [main] INFO org.soky.sro.pk2.io.Pk2IOTest - Consuming 4244 byte(s) from file mall_server_change_scroll.ddj with size 4244 
07:15:15.255 [main] DEBUG org.sokybot.pk2.Pk2CryptoUtils - File mall_silver_time_service_ticket.ddj is not encrypted , flags not exists
07:15:15.255 [main] INFO org.soky.sro.pk2.io.Pk2IOTest - Consuming 2196 byte(s) from file mall_silver_time_service_ticket.ddj with size 2196 
07:15:15.255 [main] DEBUG org.sokybot.pk2.Pk2CryptoUtils - File mall_silver_time_service_ticket_off.ddj is not encrypted , flags not exists
07:15:15.255 [main] INFO org.soky.sro.pk2.io.Pk2IOTest - Consuming 2196 byte(s) from file mall_silver_time_service_ticket_off.ddj with size 2196 
07:15:15.255 [main] DEBUG org.sokybot.pk2.Pk2CryptoUtils - File mall_skillpoint_scroll.ddj is not encrypted , flags not exists
07:15:15.255 [main] INFO org.soky.sro.pk2.io.Pk2IOTest - Consuming 4244 byte(s) from file mall_skillpoint_scroll.ddj with size 4244 
07:15:15.255 [main] DEBUG org.sokybot.pk2.Pk2CryptoUtils - File mall_skill_gold_time_service_ticket.ddj is not encrypted , flags not exists
07:15:15.255 [main] INFO org.soky.sro.pk2.io.Pk2IOTest - Consuming 4244 byte(s) from file mall_skill_gold_time_service_ticket.ddj with size 4244 
07:15:15.257 [main] DEBUG org.sokybot.pk2.Pk2CryptoUtils - File mall_skill_gold_time_service_ticket_off.ddj is not encrypted , flags not exists
07:15:15.257 [main] INFO org.soky.sro.pk2.io.Pk2IOTest - Consuming 2196 byte(s) from file mall_skill_gold_time_service_ticket_off.ddj with size 2196 
07:15:15.257 [main] DEBUG org.sokybot.pk2.Pk2CryptoUtils - File mall_skill_point_recall.ddj is not encrypted , flags not exists
07:15:15.257 [main] INFO org.soky.sro.pk2.io.Pk2IOTest - Consuming 4244 byte(s) from file mall_skill_point_recall.ddj with size 4244 
07:15:15.257 [main] DEBUG org.sokybot.pk2.Pk2CryptoUtils - File mall_skill_point_recall_90lv.ddj is not encrypted , flags not exists
07:15:15.257 [main] INFO org.soky.sro.pk2.io.Pk2IOTest - Consuming 4244 byte(s) from file mall_skill_point_recall_90lv.ddj with size 4244 
07:15:15.257 [main] DEBUG org.sokybot.pk2.Pk2CryptoUtils - File mall_skill_point_recall_a.ddj is not encrypted , flags not exists
07:15:15.257 [main] INFO org.soky.sro.pk2.io.Pk2IOTest - Consuming 4244 byte(s) from file mall_skill_point_recall_a.ddj with size 4244 
07:15:15.257 [main] DEBUG org.sokybot.pk2.Pk2CryptoUtils - File mall_skill_point_recall_b.ddj is not encrypted , flags not exists
07:15:15.257 [main] INFO org.soky.sro.pk2.io.Pk2IOTest - Consuming 4244 byte(s) from file mall_skill_point_recall_b.ddj with size 4244 
07:15:15.257 [main] DEBUG org.sokybot.pk2.Pk2CryptoUtils - File mall_skill_point_recall_c.ddj is not encrypted , flags not exists
07:15:15.257 [main] INFO org.soky.sro.pk2.io.Pk2IOTest - Consuming 4244 byte(s) from file mall_skill_point_recall_c.ddj with size 4244 
07:15:15.257 [main] DEBUG org.sokybot.pk2.Pk2CryptoUtils - File mall_skill_restoration_potion.ddj is not encrypted , flags not exists
07:15:15.257 [main] INFO org.soky.sro.pk2.io.Pk2IOTest - Consuming 2196 byte(s) from file mall_skill_restoration_potion.ddj with size 2196 
07:15:15.257 [main] DEBUG org.sokybot.pk2.Pk2CryptoUtils - File mall_skill_silver_time_service_ticket.ddj is not encrypted , flags not exists
07:15:15.259 [main] INFO org.soky.sro.pk2.io.Pk2IOTest - Consuming 4244 byte(s) from file mall_skill_silver_time_service_ticket.ddj with size 4244 
07:15:15.259 [main] DEBUG org.sokybot.pk2.Pk2CryptoUtils - File mall_skill_silver_time_service_ticket_off.ddj is not encrypted , flags not exists
07:15:15.259 [main] INFO org.soky.sro.pk2.io.Pk2IOTest - Consuming 2196 byte(s) from file mall_skill_silver_time_service_ticket_off.ddj with size 2196 
07:15:15.259 [main] DEBUG org.sokybot.pk2.Pk2CryptoUtils - File mall_stats_point_recall.ddj is not encrypted , flags not exists
07:15:15.259 [main] INFO org.soky.sro.pk2.io.Pk2IOTest - Consuming 2196 byte(s) from file mall_stats_point_recall.ddj with size 2196 
07:15:15.259 [main] DEBUG org.sokybot.pk2.Pk2CryptoUtils - File mall_stats_point_recall_a.ddj is not encrypted , flags not exists
07:15:15.259 [main] INFO org.soky.sro.pk2.io.Pk2IOTest - Consuming 4244 byte(s) from file mall_stats_point_recall_a.ddj with size 4244 
07:15:15.259 [main] DEBUG org.sokybot.pk2.Pk2CryptoUtils - File mall_stats_point_recall_b.ddj is not encrypted , flags not exists
07:15:15.259 [main] INFO org.soky.sro.pk2.io.Pk2IOTest - Consuming 4244 byte(s) from file mall_stats_point_recall_b.ddj with size 4244 
07:15:15.259 [main] DEBUG org.sokybot.pk2.Pk2CryptoUtils - File mall_stats_point_recall_c.ddj is not encrypted , flags not exists
07:15:15.260 [main] INFO org.soky.sro.pk2.io.Pk2IOTest - Consuming 4244 byte(s) from file mall_stats_point_recall_c.ddj with size 4244 
07:15:15.260 [main] DEBUG org.sokybot.pk2.Pk2CryptoUtils - File mall_stats_point_recall_d.ddj is not encrypted , flags not exists
07:15:15.260 [main] INFO org.soky.sro.pk2.io.Pk2IOTest - Consuming 4244 byte(s) from file mall_stats_point_recall_d.ddj with size 4244 
07:15:15.260 [main] DEBUG org.sokybot.pk2.Pk2CryptoUtils - File mall_trade_magicrune_seal.ddj is not encrypted , flags not exists
07:15:15.260 [main] INFO org.soky.sro.pk2.io.Pk2IOTest - Consuming 4244 byte(s) from file mall_trade_magicrune_seal.ddj with size 4244 
07:15:15.260 [main] DEBUG org.sokybot.pk2.Pk2CryptoUtils - File mall_trade_material_destroystone.ddj is not encrypted , flags not exists
07:15:15.260 [main] INFO org.soky.sro.pk2.io.Pk2IOTest - Consuming 4244 byte(s) from file mall_trade_material_destroystone.ddj with size 4244 
07:15:15.260 [main] DEBUG org.sokybot.pk2.Pk2CryptoUtils - File mall_trade_statement.ddj is not encrypted , flags not exists
07:15:15.260 [main] INFO org.soky.sro.pk2.io.Pk2IOTest - Consuming 4244 byte(s) from file mall_trade_statement.ddj with size 4244 
07:15:15.260 [main] DEBUG org.sokybot.pk2.Pk2CryptoUtils - File mall_trade_strenthrune_seal.ddj is not encrypted , flags not exists
07:15:15.261 [main] INFO org.soky.sro.pk2.io.Pk2IOTest - Consuming 4244 byte(s) from file mall_trade_strenthrune_seal.ddj with size 4244 
07:15:15.261 [main] DEBUG org.sokybot.pk2.Pk2CryptoUtils - File mall_warehouse_addition.ddj is not encrypted , flags not exists
07:15:15.261 [main] INFO org.soky.sro.pk2.io.Pk2IOTest - Consuming 4244 byte(s) from file mall_warehouse_addition.ddj with size 4244 
07:15:15.261 [main] DEBUG org.sokybot.pk2.Pk2CryptoUtils - File mall_warehouse_ticket.ddj is not encrypted , flags not exists
07:15:15.261 [main] INFO org.soky.sro.pk2.io.Pk2IOTest - Consuming 2196 byte(s) from file mall_warehouse_ticket.ddj with size 2196 
07:15:15.261 [main] DEBUG org.sokybot.pk2.Pk2CryptoUtils - File material_armlet.ddj is not encrypted , flags not exists
07:15:15.261 [main] INFO org.soky.sro.pk2.io.Pk2IOTest - Consuming 2196 byte(s) from file material_armlet.ddj with size 2196 
07:15:15.261 [main] DEBUG org.sokybot.pk2.Pk2CryptoUtils - File material_arrow.ddj is not encrypted , flags not exists
07:15:15.261 [main] INFO org.soky.sro.pk2.io.Pk2IOTest - Consuming 2196 byte(s) from file material_arrow.ddj with size 2196 
07:15:15.261 [main] DEBUG org.sokybot.pk2.Pk2CryptoUtils - File material_axe.ddj is not encrypted , flags not exists
07:15:15.261 [main] INFO org.soky.sro.pk2.io.Pk2IOTest - Consuming 2196 byte(s) from file material_axe.ddj with size 2196 
07:15:15.262 [main] DEBUG org.sokybot.pk2.Pk2CryptoUtils - File material_bag.ddj is not encrypted , flags not exists
07:15:15.262 [main] INFO org.soky.sro.pk2.io.Pk2IOTest - Consuming 2196 byte(s) from file material_bag.ddj with size 2196 
07:15:15.262 [main] DEBUG org.sokybot.pk2.Pk2CryptoUtils - File material_banana.ddj is not encrypted , flags not exists
07:15:15.262 [main] INFO org.soky.sro.pk2.io.Pk2IOTest - Consuming 2196 byte(s) from file material_banana.ddj with size 2196 
07:15:15.262 [main] DEBUG org.sokybot.pk2.Pk2CryptoUtils - File material_band.ddj is not encrypted , flags not exists
07:15:15.262 [main] INFO org.soky.sro.pk2.io.Pk2IOTest - Consuming 2196 byte(s) from file material_band.ddj with size 2196 
07:15:15.262 [main] DEBUG org.sokybot.pk2.Pk2CryptoUtils - File material_bandage.ddj is not encrypted , flags not exists
07:15:15.262 [main] INFO org.soky.sro.pk2.io.Pk2IOTest - Consuming 2196 byte(s) from file material_bandage.ddj with size 2196 
07:15:15.262 [main] DEBUG org.sokybot.pk2.Pk2CryptoUtils - File material_bark.ddj is not encrypted , flags not exists
07:15:15.262 [main] INFO org.soky.sro.pk2.io.Pk2IOTest - Consuming 2196 byte(s) from file material_bark.ddj with size 2196 
07:15:15.262 [main] DEBUG org.sokybot.pk2.Pk2CryptoUtils - File material_belt.ddj is not encrypted , flags not exists
07:15:15.262 [main] INFO org.soky.sro.pk2.io.Pk2IOTest - Consuming 2196 byte(s) from file material_belt.ddj with size 2196 
07:15:15.263 [main] DEBUG org.sokybot.pk2.Pk2CryptoUtils - File material_bill.ddj is not encrypted , flags not exists
07:15:15.263 [main] INFO org.soky.sro.pk2.io.Pk2IOTest - Consuming 2196 byte(s) from file material_bill.ddj with size 2196 
07:15:15.263 [main] DEBUG org.sokybot.pk2.Pk2CryptoUtils - File material_blade.ddj is not encrypted , flags not exists
07:15:15.263 [main] INFO org.soky.sro.pk2.io.Pk2IOTest - Consuming 2196 byte(s) from file material_blade.ddj with size 2196 
07:15:15.263 [main] DEBUG org.sokybot.pk2.Pk2CryptoUtils - File material_blood.ddj is not encrypted , flags not exists
07:15:15.263 [main] INFO org.soky.sro.pk2.io.Pk2IOTest - Consuming 2196 byte(s) from file material_blood.ddj with size 2196 
07:15:15.263 [main] DEBUG org.sokybot.pk2.Pk2CryptoUtils - File material_bone.ddj is not encrypted , flags not exists
07:15:15.263 [main] INFO org.soky.sro.pk2.io.Pk2IOTest - Consuming 2196 byte(s) from file material_bone.ddj with size 2196 
07:15:15.263 [main] DEBUG org.sokybot.pk2.Pk2CryptoUtils - File material_bottle.ddj is not encrypted , flags not exists
07:15:15.263 [main] INFO org.soky.sro.pk2.io.Pk2IOTest - Consuming 2196 byte(s) from file material_bottle.ddj with size 2196 
07:15:15.263 [main] DEBUG org.sokybot.pk2.Pk2CryptoUtils - File material_branch.ddj is not encrypted , flags not exists
07:15:15.264 [main] INFO org.soky.sro.pk2.io.Pk2IOTest - Consuming 2196 byte(s) from file material_branch.ddj with size 2196 
07:15:15.264 [main] DEBUG org.sokybot.pk2.Pk2CryptoUtils - File material_cap.ddj is not encrypted , flags not exists
07:15:15.264 [main] INFO org.soky.sro.pk2.io.Pk2IOTest - Consuming 2196 byte(s) from file material_cap.ddj with size 2196 
07:15:15.264 [main] DEBUG org.sokybot.pk2.Pk2CryptoUtils - File material_chain.ddj is not encrypted , flags not exists
07:15:15.264 [main] INFO org.soky.sro.pk2.io.Pk2IOTest - Consuming 2196 byte(s) from file material_chain.ddj with size 2196 
07:15:15.264 [main] DEBUG org.sokybot.pk2.Pk2CryptoUtils - File material_charm.ddj is not encrypted , flags not exists
07:15:15.264 [main] INFO org.soky.sro.pk2.io.Pk2IOTest - Consuming 2196 byte(s) from file material_charm.ddj with size 2196 
07:15:15.264 [main] DEBUG org.sokybot.pk2.Pk2CryptoUtils - File material_chela.ddj is not encrypted , flags not exists
07:15:15.264 [main] INFO org.soky.sro.pk2.io.Pk2IOTest - Consuming 2196 byte(s) from file material_chela.ddj with size 2196 
07:15:15.264 [main] DEBUG org.sokybot.pk2.Pk2CryptoUtils - File material_claw.ddj is not encrypted , flags not exists
07:15:15.264 [main] INFO org.soky.sro.pk2.io.Pk2IOTest - Consuming 2196 byte(s) from file material_claw.ddj with size 2196 
07:15:15.265 [main] DEBUG org.sokybot.pk2.Pk2CryptoUtils - File material_cloth.ddj is not encrypted , flags not exists
07:15:15.265 [main] INFO org.soky.sro.pk2.io.Pk2IOTest - Consuming 2196 byte(s) from file material_cloth.ddj with size 2196 
07:15:15.265 [main] DEBUG org.sokybot.pk2.Pk2CryptoUtils - File material_club.ddj is not encrypted , flags not exists
07:15:15.265 [main] INFO org.soky.sro.pk2.io.Pk2IOTest - Consuming 2196 byte(s) from file material_club.ddj with size 2196 
07:15:15.265 [main] DEBUG org.sokybot.pk2.Pk2CryptoUtils - File material_crossbow.ddj is not encrypted , flags not exists
07:15:15.265 [main] INFO org.soky.sro.pk2.io.Pk2IOTest - Consuming 2196 byte(s) from file material_crossbow.ddj with size 2196 
07:15:15.265 [main] DEBUG org.sokybot.pk2.Pk2CryptoUtils - File material_cutis.ddj is not encrypted , flags not exists
07:15:15.265 [main] INFO org.soky.sro.pk2.io.Pk2IOTest - Consuming 2196 byte(s) from file material_cutis.ddj with size 2196 
07:15:15.266 [main] DEBUG org.sokybot.pk2.Pk2CryptoUtils - File material_dust.ddj is not encrypted , flags not exists
07:15:15.266 [main] INFO org.soky.sro.pk2.io.Pk2IOTest - Consuming 2196 byte(s) from file material_dust.ddj with size 2196 
07:15:15.266 [main] DEBUG org.sokybot.pk2.Pk2CryptoUtils - File material_earth.ddj is not encrypted , flags not exists
07:15:15.266 [main] INFO org.soky.sro.pk2.io.Pk2IOTest - Consuming 4244 byte(s) from file material_earth.ddj with size 4244 
07:15:15.266 [main] DEBUG org.sokybot.pk2.Pk2CryptoUtils - File material_eye.ddj is not encrypted , flags not exists
07:15:15.266 [main] INFO org.soky.sro.pk2.io.Pk2IOTest - Consuming 2196 byte(s) from file material_eye.ddj with size 2196 
07:15:15.267 [main] DEBUG org.sokybot.pk2.Pk2CryptoUtils - File material_feather_black.ddj is not encrypted , flags not exists
07:15:15.267 [main] INFO org.soky.sro.pk2.io.Pk2IOTest - Consuming 2196 byte(s) from file material_feather_black.ddj with size 2196 
07:15:15.267 [main] DEBUG org.sokybot.pk2.Pk2CryptoUtils - File material_feather_blue.ddj is not encrypted , flags not exists
07:15:15.267 [main] INFO org.soky.sro.pk2.io.Pk2IOTest - Consuming 2196 byte(s) from file material_feather_blue.ddj with size 2196 
07:15:15.267 [main] DEBUG org.sokybot.pk2.Pk2CryptoUtils - File material_feather_brown.ddj is not encrypted , flags not exists
07:15:15.267 [main] INFO org.soky.sro.pk2.io.Pk2IOTest - Consuming 2196 byte(s) from file material_feather_brown.ddj with size 2196 
07:15:15.267 [main] DEBUG org.sokybot.pk2.Pk2CryptoUtils - File material_feather_green.ddj is not encrypted , flags not exists
07:15:15.267 [main] INFO org.soky.sro.pk2.io.Pk2IOTest - Consuming 2196 byte(s) from file material_feather_green.ddj with size 2196 
07:15:15.268 [main] DEBUG org.sokybot.pk2.Pk2CryptoUtils - File material_feather_red.ddj is not encrypted , flags not exists
07:15:15.268 [main] INFO org.soky.sro.pk2.io.Pk2IOTest - Consuming 2196 byte(s) from file material_feather_red.ddj with size 2196 
07:15:15.268 [main] DEBUG org.sokybot.pk2.Pk2CryptoUtils - File material_feather_white.ddj is not encrypted , flags not exists
07:15:15.268 [main] INFO org.soky.sro.pk2.io.Pk2IOTest - Consuming 2196 byte(s) from file material_feather_white.ddj with size 2196 
07:15:15.268 [main] DEBUG org.sokybot.pk2.Pk2CryptoUtils - File material_feeler.ddj is not encrypted , flags not exists
07:15:15.268 [main] INFO org.soky.sro.pk2.io.Pk2IOTest - Consuming 2196 byte(s) from file material_feeler.ddj with size 2196 
07:15:15.268 [main] DEBUG org.sokybot.pk2.Pk2CryptoUtils - File material_fin.ddj is not encrypted , flags not exists
07:15:15.269 [main] INFO org.soky.sro.pk2.io.Pk2IOTest - Consuming 2196 byte(s) from file material_fin.ddj with size 2196 
07:15:15.269 [main] DEBUG org.sokybot.pk2.Pk2CryptoUtils - File material_frozen_piece.ddj is not encrypted , flags not exists
07:15:15.269 [main] INFO org.soky.sro.pk2.io.Pk2IOTest - Consuming 2196 byte(s) from file material_frozen_piece.ddj with size 2196 
07:15:15.269 [main] DEBUG org.sokybot.pk2.Pk2CryptoUtils - File material_fruit.ddj is not encrypted , flags not exists
07:15:15.269 [main] INFO org.soky.sro.pk2.io.Pk2IOTest - Consuming 2196 byte(s) from file material_fruit.ddj with size 2196 
07:15:15.269 [main] DEBUG org.sokybot.pk2.Pk2CryptoUtils - File material_fur_black.ddj is not encrypted , flags not exists
07:15:15.270 [main] INFO org.soky.sro.pk2.io.Pk2IOTest - Consuming 2196 byte(s) from file material_fur_black.ddj with size 2196 
07:15:15.270 [main] DEBUG org.sokybot.pk2.Pk2CryptoUtils - File material_fur_blue.ddj is not encrypted , flags not exists
07:15:15.270 [main] INFO org.soky.sro.pk2.io.Pk2IOTest - Consuming 2196 byte(s) from file material_fur_blue.ddj with size 2196 
07:15:15.270 [main] DEBUG org.sokybot.pk2.Pk2CryptoUtils - File material_fur_brown.ddj is not encrypted , flags not exists
07:15:15.270 [main] INFO org.soky.sro.pk2.io.Pk2IOTest - Consuming 2196 byte(s) from file material_fur_brown.ddj with size 2196 
07:15:15.270 [main] DEBUG org.sokybot.pk2.Pk2CryptoUtils - File material_fur_gray.ddj is not encrypted , flags not exists
07:15:15.270 [main] INFO org.soky.sro.pk2.io.Pk2IOTest - Consuming 2196 byte(s) from file material_fur_gray.ddj with size 2196 
07:15:15.271 [main] DEBUG org.sokybot.pk2.Pk2CryptoUtils - File material_fur_red.ddj is not encrypted , flags not exists
07:15:15.271 [main] INFO org.soky.sro.pk2.io.Pk2IOTest - Consuming 2196 byte(s) from file material_fur_red.ddj with size 2196 
07:15:15.271 [main] DEBUG org.sokybot.pk2.Pk2CryptoUtils - File material_fur_white.ddj is not encrypted , flags not exists
07:15:15.271 [main] INFO org.soky.sro.pk2.io.Pk2IOTest - Consuming 2196 byte(s) from file material_fur_white.ddj with size 2196 
07:15:15.271 [main] DEBUG org.sokybot.pk2.Pk2CryptoUtils - File material_gem.ddj is not encrypted , flags not exists
07:15:15.271 [main] INFO org.soky.sro.pk2.io.Pk2IOTest - Consuming 2196 byte(s) from file material_gem.ddj with size 2196 
07:15:15.271 [main] DEBUG org.sokybot.pk2.Pk2CryptoUtils - File material_glove.ddj is not encrypted , flags not exists
07:15:15.272 [main] INFO org.soky.sro.pk2.io.Pk2IOTest - Consuming 2196 byte(s) from file material_glove.ddj with size 2196 
07:15:15.272 [main] DEBUG org.sokybot.pk2.Pk2CryptoUtils - File material_guard.ddj is not encrypted , flags not exists
07:15:15.272 [main] INFO org.soky.sro.pk2.io.Pk2IOTest - Consuming 2196 byte(s) from file material_guard.ddj with size 2196 
07:15:15.272 [main] DEBUG org.sokybot.pk2.Pk2CryptoUtils - File material_heart.ddj is not encrypted , flags not exists
07:15:15.272 [main] INFO org.soky.sro.pk2.io.Pk2IOTest - Consuming 2196 byte(s) from file material_heart.ddj with size 2196 
07:15:15.272 [main] DEBUG org.sokybot.pk2.Pk2CryptoUtils - File material_hoof.ddj is not encrypted , flags not exists
07:15:15.272 [main] INFO org.soky.sro.pk2.io.Pk2IOTest - Consuming 2196 byte(s) from file material_hoof.ddj with size 2196 
07:15:15.273 [main] DEBUG org.sokybot.pk2.Pk2CryptoUtils - File material_hook.ddj is not encrypted , flags not exists
07:15:15.273 [main] INFO org.soky.sro.pk2.io.Pk2IOTest - Consuming 2196 byte(s) from file material_hook.ddj with size 2196 
07:15:15.273 [main] DEBUG org.sokybot.pk2.Pk2CryptoUtils - File material_horn.ddj is not encrypted , flags not exists
07:15:15.273 [main] INFO org.soky.sro.pk2.io.Pk2IOTest - Consuming 2196 byte(s) from file material_horn.ddj with size 2196 
07:15:15.273 [main] DEBUG org.sokybot.pk2.Pk2CryptoUtils - File material_leaf.ddj is not encrypted , flags not exists
07:15:15.273 [main] INFO org.soky.sro.pk2.io.Pk2IOTest - Consuming 2196 byte(s) from file material_leaf.ddj with size 2196 
07:15:15.273 [main] DEBUG org.sokybot.pk2.Pk2CryptoUtils - File material_leg.ddj is not encrypted , flags not exists
07:15:15.273 [main] INFO org.soky.sro.pk2.io.Pk2IOTest - Consuming 2196 byte(s) from file material_leg.ddj with size 2196 
07:15:15.274 [main] DEBUG org.sokybot.pk2.Pk2CryptoUtils - File material_mane.ddj is not encrypted , flags not exists
07:15:15.274 [main] INFO org.soky.sro.pk2.io.Pk2IOTest - Consuming 2196 byte(s) from file material_mane.ddj with size 2196 
07:15:15.274 [main] DEBUG org.sokybot.pk2.Pk2CryptoUtils - File material_mark.ddj is not encrypted , flags not exists
07:15:15.274 [main] INFO org.soky.sro.pk2.io.Pk2IOTest - Consuming 2196 byte(s) from file material_mark.ddj with size 2196 
07:15:15.274 [main] DEBUG org.sokybot.pk2.Pk2CryptoUtils - File material_mushroom.ddj is not encrypted , flags not exists
07:15:15.274 [main] INFO org.soky.sro.pk2.io.Pk2IOTest - Consuming 2196 byte(s) from file material_mushroom.ddj with size 2196 
07:15:15.274 [main] DEBUG org.sokybot.pk2.Pk2CryptoUtils - File material_necklace.ddj is not encrypted , flags not exists
07:15:15.274 [main] INFO org.soky.sro.pk2.io.Pk2IOTest - Consuming 2196 byte(s) from file material_necklace.ddj with size 2196 
07:15:15.275 [main] DEBUG org.sokybot.pk2.Pk2CryptoUtils - File material_peel.ddj is not encrypted , flags not exists
07:15:15.275 [main] INFO org.soky.sro.pk2.io.Pk2IOTest - Consuming 2196 byte(s) from file material_peel.ddj with size 2196 
07:15:15.275 [main] DEBUG org.sokybot.pk2.Pk2CryptoUtils - File material_quiver.ddj is not encrypted , flags not exists
07:15:15.275 [main] INFO org.soky.sro.pk2.io.Pk2IOTest - Consuming 2196 byte(s) from file material_quiver.ddj with size 2196 
07:15:15.275 [main] DEBUG org.sokybot.pk2.Pk2CryptoUtils - File material_ring.ddj is not encrypted , flags not exists
07:15:15.275 [main] INFO org.soky.sro.pk2.io.Pk2IOTest - Consuming 2196 byte(s) from file material_ring.ddj with size 2196 
07:15:15.275 [main] DEBUG org.sokybot.pk2.Pk2CryptoUtils - File material_rope.ddj is not encrypted , flags not exists
07:15:15.275 [main] INFO org.soky.sro.pk2.io.Pk2IOTest - Consuming 2196 byte(s) from file material_rope.ddj with size 2196 
07:15:15.275 [main] DEBUG org.sokybot.pk2.Pk2CryptoUtils - File material_sap_blue.ddj is not encrypted , flags not exists
07:15:15.275 [main] INFO org.soky.sro.pk2.io.Pk2IOTest - Consuming 2196 byte(s) from file material_sap_blue.ddj with size 2196 
07:15:15.275 [main] DEBUG org.sokybot.pk2.Pk2CryptoUtils - File material_scale.ddj is not encrypted , flags not exists
07:15:15.276 [main] INFO org.soky.sro.pk2.io.Pk2IOTest - Consuming 2196 byte(s) from file material_scale.ddj with size 2196 
07:15:15.276 [main] DEBUG org.sokybot.pk2.Pk2CryptoUtils - File material_shield.ddj is not encrypted , flags not exists
07:15:15.276 [main] INFO org.soky.sro.pk2.io.Pk2IOTest - Consuming 2196 byte(s) from file material_shield.ddj with size 2196 
07:15:15.276 [main] DEBUG org.sokybot.pk2.Pk2CryptoUtils - File material_shoes.ddj is not encrypted , flags not exists
07:15:15.276 [main] INFO org.soky.sro.pk2.io.Pk2IOTest - Consuming 2196 byte(s) from file material_shoes.ddj with size 2196 
07:15:15.276 [main] DEBUG org.sokybot.pk2.Pk2CryptoUtils - File material_sickle.ddj is not encrypted , flags not exists
07:15:15.276 [main] INFO org.soky.sro.pk2.io.Pk2IOTest - Consuming 2196 byte(s) from file material_sickle.ddj with size 2196 
07:15:15.276 [main] DEBUG org.sokybot.pk2.Pk2CryptoUtils - File material_skin_black.ddj is not encrypted , flags not exists
07:15:15.276 [main] INFO org.soky.sro.pk2.io.Pk2IOTest - Consuming 2196 byte(s) from file material_skin_black.ddj with size 2196 
07:15:15.276 [main] DEBUG org.sokybot.pk2.Pk2CryptoUtils - File material_skin_blue.ddj is not encrypted , flags not exists
07:15:15.276 [main] INFO org.soky.sro.pk2.io.Pk2IOTest - Consuming 2196 byte(s) from file material_skin_blue.ddj with size 2196 
07:15:15.277 [main] DEBUG org.sokybot.pk2.Pk2CryptoUtils - File material_skin_brown.ddj is not encrypted , flags not exists
07:15:15.277 [main] INFO org.soky.sro.pk2.io.Pk2IOTest - Consuming 2196 byte(s) from file material_skin_brown.ddj with size 2196 
07:15:15.277 [main] DEBUG org.sokybot.pk2.Pk2CryptoUtils - File material_skin_gold.ddj is not encrypted , flags not exists
07:15:15.277 [main] INFO org.soky.sro.pk2.io.Pk2IOTest - Consuming 2196 byte(s) from file material_skin_gold.ddj with size 2196 
07:15:15.277 [main] DEBUG org.sokybot.pk2.Pk2CryptoUtils - File material_skin_red.ddj is not encrypted , flags not exists
07:15:15.277 [main] INFO org.soky.sro.pk2.io.Pk2IOTest - Consuming 2196 byte(s) from file material_skin_red.ddj with size 2196 
07:15:15.277 [main] DEBUG org.sokybot.pk2.Pk2CryptoUtils - File material_skin_white.ddj is not encrypted , flags not exists
07:15:15.278 [main] INFO org.soky.sro.pk2.io.Pk2IOTest - Consuming 2196 byte(s) from file material_skin_white.ddj with size 2196 
07:15:15.278 [main] DEBUG org.sokybot.pk2.Pk2CryptoUtils - File material_spear.ddj is not encrypted , flags not exists
07:15:15.278 [main] INFO org.soky.sro.pk2.io.Pk2IOTest - Consuming 2196 byte(s) from file material_spear.ddj with size 2196 
07:15:15.278 [main] DEBUG org.sokybot.pk2.Pk2CryptoUtils - File material_steel_piece.ddj is not encrypted , flags not exists
07:15:15.278 [main] INFO org.soky.sro.pk2.io.Pk2IOTest - Consuming 2196 byte(s) from file material_steel_piece.ddj with size 2196 
07:15:15.278 [main] DEBUG org.sokybot.pk2.Pk2CryptoUtils - File material_stone.ddj is not encrypted , flags not exists
07:15:15.278 [main] INFO org.soky.sro.pk2.io.Pk2IOTest - Consuming 2196 byte(s) from file material_stone.ddj with size 2196 
07:15:15.279 [main] DEBUG org.sokybot.pk2.Pk2CryptoUtils - File material_tail.ddj is not encrypted , flags not exists
07:15:15.279 [main] INFO org.soky.sro.pk2.io.Pk2IOTest - Consuming 2196 byte(s) from file material_tail.ddj with size 2196 
07:15:15.279 [main] DEBUG org.sokybot.pk2.Pk2CryptoUtils - File material_thread.ddj is not encrypted , flags not exists
07:15:15.279 [main] INFO org.soky.sro.pk2.io.Pk2IOTest - Consuming 2196 byte(s) from file material_thread.ddj with size 2196 
07:15:15.279 [main] DEBUG org.sokybot.pk2.Pk2CryptoUtils - File material_tongue.ddj is not encrypted , flags not exists
07:15:15.279 [main] INFO org.soky.sro.pk2.io.Pk2IOTest - Consuming 2196 byte(s) from file material_tongue.ddj with size 2196 
07:15:15.279 [main] DEBUG org.sokybot.pk2.Pk2CryptoUtils - File material_tooth.ddj is not encrypted , flags not exists
07:15:15.279 [main] INFO org.soky.sro.pk2.io.Pk2IOTest - Consuming 2196 byte(s) from file material_tooth.ddj with size 2196 
07:15:15.280 [main] DEBUG org.sokybot.pk2.Pk2CryptoUtils - File material_wing.ddj is not encrypted , flags not exists
07:15:15.280 [main] INFO org.soky.sro.pk2.io.Pk2IOTest - Consuming 2196 byte(s) from file material_wing.ddj with size 2196 
07:15:15.280 [main] DEBUG org.sokybot.pk2.Pk2CryptoUtils - File mk_battle_marble.ddj is not encrypted , flags not exists
07:15:15.280 [main] INFO org.soky.sro.pk2.io.Pk2IOTest - Consuming 4244 byte(s) from file mk_battle_marble.ddj with size 4244 
07:15:15.280 [main] DEBUG org.sokybot.pk2.Pk2CryptoUtils - File mk_material_block.ddj is not encrypted , flags not exists
07:15:15.280 [main] INFO org.soky.sro.pk2.io.Pk2IOTest - Consuming 4244 byte(s) from file mk_material_block.ddj with size 4244 
07:15:15.280 [main] DEBUG org.sokybot.pk2.Pk2CryptoUtils - File mk_material_chain.ddj is not encrypted , flags not exists
07:15:15.280 [main] INFO org.soky.sro.pk2.io.Pk2IOTest - Consuming 4244 byte(s) from file mk_material_chain.ddj with size 4244 
07:15:15.280 [main] DEBUG org.sokybot.pk2.Pk2CryptoUtils - File mk_material_firestone.ddj is not encrypted , flags not exists
07:15:15.281 [main] INFO org.soky.sro.pk2.io.Pk2IOTest - Consuming 4244 byte(s) from file mk_material_firestone.ddj with size 4244 
07:15:15.281 [main] DEBUG org.sokybot.pk2.Pk2CryptoUtils - File mk_material_hammer.ddj is not encrypted , flags not exists
07:15:15.281 [main] INFO org.soky.sro.pk2.io.Pk2IOTest - Consuming 4244 byte(s) from file mk_material_hammer.ddj with size 4244 
07:15:15.281 [main] DEBUG org.sokybot.pk2.Pk2CryptoUtils - File mk_rc.ddj is not encrypted , flags not exists
07:15:15.281 [main] INFO org.soky.sro.pk2.io.Pk2IOTest - Consuming 4244 byte(s) from file mk_rc.ddj with size 4244 
07:15:15.281 [main] DEBUG org.sokybot.pk2.Pk2CryptoUtils - File moon_buff.ddj is not encrypted , flags not exists
07:15:15.281 [main] INFO org.soky.sro.pk2.io.Pk2IOTest - Consuming 4244 byte(s) from file moon_buff.ddj with size 4244 
07:15:15.281 [main] DEBUG org.sokybot.pk2.Pk2CryptoUtils - File moon_buff_black.ddj is not encrypted , flags not exists
07:15:15.281 [main] INFO org.soky.sro.pk2.io.Pk2IOTest - Consuming 4244 byte(s) from file moon_buff_black.ddj with size 4244 
07:15:15.282 [main] DEBUG org.sokybot.pk2.Pk2CryptoUtils - File moon_buff_red.ddj is not encrypted , flags not exists
07:15:15.282 [main] INFO org.soky.sro.pk2.io.Pk2IOTest - Consuming 4244 byte(s) from file moon_buff_red.ddj with size 4244 
07:15:15.282 [main] DEBUG org.sokybot.pk2.Pk2CryptoUtils - File moon_gem.ddj is not encrypted , flags not exists
07:15:15.282 [main] INFO org.soky.sro.pk2.io.Pk2IOTest - Consuming 4244 byte(s) from file moon_gem.ddj with size 4244 
07:15:15.282 [main] DEBUG org.sokybot.pk2.Pk2CryptoUtils - File moon_icon_0.ddj is not encrypted , flags not exists
07:15:15.282 [main] INFO org.soky.sro.pk2.io.Pk2IOTest - Consuming 6548 byte(s) from file moon_icon_0.ddj with size 6548 
07:15:15.282 [main] DEBUG org.sokybot.pk2.Pk2CryptoUtils - File moon_piece_black.ddj is not encrypted , flags not exists
07:15:15.282 [main] INFO org.soky.sro.pk2.io.Pk2IOTest - Consuming 4244 byte(s) from file moon_piece_black.ddj with size 4244 
07:15:15.283 [main] DEBUG org.sokybot.pk2.Pk2CryptoUtils - File moon_piece_red.ddj is not encrypted , flags not exists
07:15:15.283 [main] INFO org.soky.sro.pk2.io.Pk2IOTest - Consuming 4244 byte(s) from file moon_piece_red.ddj with size 4244 
07:15:15.283 [main] DEBUG org.sokybot.pk2.Pk2CryptoUtils - File moon_pot.ddj is not encrypted , flags not exists
07:15:15.283 [main] INFO org.soky.sro.pk2.io.Pk2IOTest - Consuming 4244 byte(s) from file moon_pot.ddj with size 4244 
07:15:15.283 [main] DEBUG org.sokybot.pk2.Pk2CryptoUtils - File nasrun_up_scroll.ddj is not encrypted , flags not exists
07:15:15.283 [main] INFO org.soky.sro.pk2.io.Pk2IOTest - Consuming 4244 byte(s) from file nasrun_up_scroll.ddj with size 4244 
07:15:15.283 [main] DEBUG org.sokybot.pk2.Pk2CryptoUtils - File Oilpot.ddj is not encrypted , flags not exists
07:15:15.283 [main] INFO org.soky.sro.pk2.io.Pk2IOTest - Consuming 4244 byte(s) from file Oilpot.ddj with size 4244 
07:15:15.284 [main] DEBUG org.sokybot.pk2.Pk2CryptoUtils - File pcbang.ddj is not encrypted , flags not exists
07:15:15.284 [main] INFO org.soky.sro.pk2.io.Pk2IOTest - Consuming 4244 byte(s) from file pcbang.ddj with size 4244 
07:15:15.284 [main] DEBUG org.sokybot.pk2.Pk2CryptoUtils - File present_09.ddj is not encrypted , flags not exists
07:15:15.284 [main] INFO org.soky.sro.pk2.io.Pk2IOTest - Consuming 4244 byte(s) from file present_09.ddj with size 4244 
07:15:15.284 [main] DEBUG org.sokybot.pk2.Pk2CryptoUtils - File present_blue.ddj is not encrypted , flags not exists
07:15:15.284 [main] INFO org.soky.sro.pk2.io.Pk2IOTest - Consuming 4244 byte(s) from file present_blue.ddj with size 4244 
07:15:15.284 [main] DEBUG org.sokybot.pk2.Pk2CryptoUtils - File present_green.ddj is not encrypted , flags not exists
07:15:15.284 [main] INFO org.soky.sro.pk2.io.Pk2IOTest - Consuming 4244 byte(s) from file present_green.ddj with size 4244 
07:15:15.284 [main] DEBUG org.sokybot.pk2.Pk2CryptoUtils - File present_red.ddj is not encrypted , flags not exists
07:15:15.284 [main] INFO org.soky.sro.pk2.io.Pk2IOTest - Consuming 4244 byte(s) from file present_red.ddj with size 4244 
07:15:15.285 [main] DEBUG org.sokybot.pk2.Pk2CryptoUtils - File qno_all_lamp.ddj is not encrypted , flags not exists
07:15:15.285 [main] INFO org.soky.sro.pk2.io.Pk2IOTest - Consuming 4244 byte(s) from file qno_all_lamp.ddj with size 4244 
07:15:15.285 [main] DEBUG org.sokybot.pk2.Pk2CryptoUtils - File Royalmark.ddj is not encrypted , flags not exists
07:15:15.285 [main] INFO org.soky.sro.pk2.io.Pk2IOTest - Consuming 4244 byte(s) from file Royalmark.ddj with size 4244 
07:15:15.285 [main] DEBUG org.sokybot.pk2.Pk2CryptoUtils - File sd_token_copper.ddj is not encrypted , flags not exists
07:15:15.285 [main] INFO org.soky.sro.pk2.io.Pk2IOTest - Consuming 4244 byte(s) from file sd_token_copper.ddj with size 4244 
07:15:15.285 [main] DEBUG org.sokybot.pk2.Pk2CryptoUtils - File sd_token_gold.ddj is not encrypted , flags not exists
07:15:15.285 [main] INFO org.soky.sro.pk2.io.Pk2IOTest - Consuming 4244 byte(s) from file sd_token_gold.ddj with size 4244 
07:15:15.285 [main] DEBUG org.sokybot.pk2.Pk2CryptoUtils - File sd_token_silver.ddj is not encrypted , flags not exists
07:15:15.286 [main] INFO org.soky.sro.pk2.io.Pk2IOTest - Consuming 4244 byte(s) from file sd_token_silver.ddj with size 4244 
07:15:15.286 [main] DEBUG org.sokybot.pk2.Pk2CryptoUtils - File sd_token_steel.ddj is not encrypted , flags not exists
07:15:15.286 [main] INFO org.soky.sro.pk2.io.Pk2IOTest - Consuming 4244 byte(s) from file sd_token_steel.ddj with size 4244 
07:15:15.286 [main] DEBUG org.sokybot.pk2.Pk2CryptoUtils - File sheepmask.ddj is not encrypted , flags not exists
07:15:15.286 [main] INFO org.soky.sro.pk2.io.Pk2IOTest - Consuming 4244 byte(s) from file sheepmask.ddj with size 4244 
07:15:15.286 [main] DEBUG org.sokybot.pk2.Pk2CryptoUtils - File sigpower.ddj is not encrypted , flags not exists
07:15:15.286 [main] INFO org.soky.sro.pk2.io.Pk2IOTest - Consuming 8340 byte(s) from file sigpower.ddj with size 8340 
07:15:15.286 [main] DEBUG org.sokybot.pk2.Pk2CryptoUtils - File skillpoint_stone.ddj is not encrypted , flags not exists
07:15:15.286 [main] INFO org.soky.sro.pk2.io.Pk2IOTest - Consuming 4244 byte(s) from file skillpoint_stone.ddj with size 4244 
07:15:15.287 [main] DEBUG org.sokybot.pk2.Pk2CryptoUtils - File socket_stone_actionon.ddj is not encrypted , flags not exists
07:15:15.287 [main] INFO org.soky.sro.pk2.io.Pk2IOTest - Consuming 4244 byte(s) from file socket_stone_actionon.ddj with size 4244 
07:15:15.287 [main] DEBUG org.sokybot.pk2.Pk2CryptoUtils - File socket_stone_actionon_a.ddj is not encrypted , flags not exists
07:15:15.287 [main] INFO org.soky.sro.pk2.io.Pk2IOTest - Consuming 4244 byte(s) from file socket_stone_actionon_a.ddj with size 4244 
07:15:15.287 [main] DEBUG org.sokybot.pk2.Pk2CryptoUtils - File socket_stone_ar.ddj is not encrypted , flags not exists
07:15:15.287 [main] INFO org.soky.sro.pk2.io.Pk2IOTest - Consuming 4244 byte(s) from file socket_stone_ar.ddj with size 4244 
07:15:15.287 [main] DEBUG org.sokybot.pk2.Pk2CryptoUtils - File socket_stone_bl_a.ddj is not encrypted , flags not exists
07:15:15.287 [main] INFO org.soky.sro.pk2.io.Pk2IOTest - Consuming 4244 byte(s) from file socket_stone_bl_a.ddj with size 4244 
07:15:15.287 [main] DEBUG org.sokybot.pk2.Pk2CryptoUtils - File socket_stone_cm_a.ddj is not encrypted , flags not exists
07:15:15.288 [main] INFO org.soky.sro.pk2.io.Pk2IOTest - Consuming 4244 byte(s) from file socket_stone_cm_a.ddj with size 4244 
07:15:15.288 [main] DEBUG org.sokybot.pk2.Pk2CryptoUtils - File socket_stone_critical.ddj is not encrypted , flags not exists
07:15:15.288 [main] INFO org.soky.sro.pk2.io.Pk2IOTest - Consuming 4244 byte(s) from file socket_stone_critical.ddj with size 4244 
07:15:15.288 [main] DEBUG org.sokybot.pk2.Pk2CryptoUtils - File socket_stone_cs_a.ddj is not encrypted , flags not exists
07:15:15.288 [main] INFO org.soky.sro.pk2.io.Pk2IOTest - Consuming 4244 byte(s) from file socket_stone_cs_a.ddj with size 4244 
07:15:15.288 [main] DEBUG org.sokybot.pk2.Pk2CryptoUtils - File socket_stone_dmreturn.ddj is not encrypted , flags not exists
07:15:15.288 [main] INFO org.soky.sro.pk2.io.Pk2IOTest - Consuming 4244 byte(s) from file socket_stone_dmreturn.ddj with size 4244 
07:15:15.288 [main] DEBUG org.sokybot.pk2.Pk2CryptoUtils - File socket_stone_er.ddj is not encrypted , flags not exists
07:15:15.288 [main] INFO org.soky.sro.pk2.io.Pk2IOTest - Consuming 4244 byte(s) from file socket_stone_er.ddj with size 4244 
07:15:15.288 [main] DEBUG org.sokybot.pk2.Pk2CryptoUtils - File socket_stone_fw_a.ddj is not encrypted , flags not exists
07:15:15.289 [main] INFO org.soky.sro.pk2.io.Pk2IOTest - Consuming 4244 byte(s) from file socket_stone_fw_a.ddj with size 4244 
07:15:15.289 [main] DEBUG org.sokybot.pk2.Pk2CryptoUtils - File socket_stone_gold.ddj is not encrypted , flags not exists
07:15:15.289 [main] INFO org.soky.sro.pk2.io.Pk2IOTest - Consuming 4244 byte(s) from file socket_stone_gold.ddj with size 4244 
07:15:15.289 [main] DEBUG org.sokybot.pk2.Pk2CryptoUtils - File socket_stone_hd_a.ddj is not encrypted , flags not exists
07:15:15.289 [main] INFO org.soky.sro.pk2.io.Pk2IOTest - Consuming 4244 byte(s) from file socket_stone_hd_a.ddj with size 4244 
07:15:15.289 [main] DEBUG org.sokybot.pk2.Pk2CryptoUtils - File socket_stone_heal.ddj is not encrypted , flags not exists
07:15:15.289 [main] INFO org.soky.sro.pk2.io.Pk2IOTest - Consuming 4244 byte(s) from file socket_stone_heal.ddj with size 4244 
07:15:15.289 [main] DEBUG org.sokybot.pk2.Pk2CryptoUtils - File socket_stone_hpi.ddj is not encrypted , flags not exists
07:15:15.289 [main] INFO org.soky.sro.pk2.io.Pk2IOTest - Consuming 4244 byte(s) from file socket_stone_hpi.ddj with size 4244 
07:15:15.290 [main] DEBUG org.sokybot.pk2.Pk2CryptoUtils - File socket_stone_hr.ddj is not encrypted , flags not exists
07:15:15.290 [main] INFO org.soky.sro.pk2.io.Pk2IOTest - Consuming 4244 byte(s) from file socket_stone_hr.ddj with size 4244 
07:15:15.290 [main] DEBUG org.sokybot.pk2.Pk2CryptoUtils - File socket_stone_hwan.ddj is not encrypted , flags not exists
07:15:15.290 [main] INFO org.soky.sro.pk2.io.Pk2IOTest - Consuming 4244 byte(s) from file socket_stone_hwan.ddj with size 4244 
07:15:15.290 [main] DEBUG org.sokybot.pk2.Pk2CryptoUtils - File socket_stone_kb.ddj is not encrypted , flags not exists
07:15:15.290 [main] INFO org.soky.sro.pk2.io.Pk2IOTest - Consuming 4244 byte(s) from file socket_stone_kb.ddj with size 4244 
07:15:15.290 [main] DEBUG org.sokybot.pk2.Pk2CryptoUtils - File socket_stone_mental.ddj is not encrypted , flags not exists
07:15:15.290 [main] INFO org.soky.sro.pk2.io.Pk2IOTest - Consuming 4244 byte(s) from file socket_stone_mental.ddj with size 4244 
07:15:15.290 [main] DEBUG org.sokybot.pk2.Pk2CryptoUtils - File socket_stone_mpi.ddj is not encrypted , flags not exists
07:15:15.291 [main] INFO org.soky.sro.pk2.io.Pk2IOTest - Consuming 4244 byte(s) from file socket_stone_mpi.ddj with size 4244 
07:15:15.291 [main] DEBUG org.sokybot.pk2.Pk2CryptoUtils - File socket_stone_sp.ddj is not encrypted , flags not exists
07:15:15.291 [main] INFO org.soky.sro.pk2.io.Pk2IOTest - Consuming 4244 byte(s) from file socket_stone_sp.ddj with size 4244 
07:15:15.291 [main] DEBUG org.sokybot.pk2.Pk2CryptoUtils - File special_awaken_ac.ddj is not encrypted , flags not exists
07:15:15.291 [main] INFO org.soky.sro.pk2.io.Pk2IOTest - Consuming 4244 byte(s) from file special_awaken_ac.ddj with size 4244 
07:15:15.291 [main] DEBUG org.sokybot.pk2.Pk2CryptoUtils - File special_awaken_ar.ddj is not encrypted , flags not exists
07:15:15.291 [main] INFO org.soky.sro.pk2.io.Pk2IOTest - Consuming 4244 byte(s) from file special_awaken_ar.ddj with size 4244 
07:15:15.291 [main] DEBUG org.sokybot.pk2.Pk2CryptoUtils - File special_awaken_sh.ddj is not encrypted , flags not exists
07:15:15.291 [main] INFO org.soky.sro.pk2.io.Pk2IOTest - Consuming 4244 byte(s) from file special_awaken_sh.ddj with size 4244 
07:15:15.291 [main] DEBUG org.sokybot.pk2.Pk2CryptoUtils - File special_awaken_we.ddj is not encrypted , flags not exists
07:15:15.292 [main] INFO org.soky.sro.pk2.io.Pk2IOTest - Consuming 4244 byte(s) from file special_awaken_we.ddj with size 4244 
07:15:15.292 [main] DEBUG org.sokybot.pk2.Pk2CryptoUtils - File summer_festival.ddj is not encrypted , flags not exists
07:15:15.308 [main] INFO org.soky.sro.pk2.io.Pk2IOTest - Consuming 985748 byte(s) from file summer_festival.ddj with size 985748 
07:15:15.308 [main] DEBUG org.sokybot.pk2.Pk2CryptoUtils - File summer_summer.ddj is not encrypted , flags not exists
07:15:15.309 [main] INFO org.soky.sro.pk2.io.Pk2IOTest - Consuming 49300 byte(s) from file summer_summer.ddj with size 49300 
07:15:15.309 [main] DEBUG org.sokybot.pk2.Pk2CryptoUtils - File summon_flower_09.ddj is not encrypted , flags not exists
07:15:15.309 [main] INFO org.soky.sro.pk2.io.Pk2IOTest - Consuming 4244 byte(s) from file summon_flower_09.ddj with size 4244 
07:15:15.310 [main] DEBUG org.sokybot.pk2.Pk2CryptoUtils - File survival_arena_pt_coin.ddj is not encrypted , flags not exists
07:15:15.310 [main] INFO org.soky.sro.pk2.io.Pk2IOTest - Consuming 4244 byte(s) from file survival_arena_pt_coin.ddj with size 4244 
07:15:15.310 [main] DEBUG org.sokybot.pk2.Pk2CryptoUtils - File survival_arena_sl_coin.ddj is not encrypted , flags not exists
07:15:15.310 [main] INFO org.soky.sro.pk2.io.Pk2IOTest - Consuming 4244 byte(s) from file survival_arena_sl_coin.ddj with size 4244 
07:15:15.310 [main] DEBUG org.sokybot.pk2.Pk2CryptoUtils - File survival_match_waiting.ddj is not encrypted , flags not exists
07:15:15.311 [main] INFO org.soky.sro.pk2.io.Pk2IOTest - Consuming 16532 byte(s) from file survival_match_waiting.ddj with size 16532 
07:15:15.311 [main] DEBUG org.sokybot.pk2.Pk2CryptoUtils - File survival_match_waiting_press.ddj is not encrypted , flags not exists
07:15:15.311 [main] INFO org.soky.sro.pk2.io.Pk2IOTest - Consuming 16532 byte(s) from file survival_match_waiting_press.ddj with size 16532 
07:15:15.311 [main] DEBUG org.sokybot.pk2.Pk2CryptoUtils - File talisman.ddj is not encrypted , flags not exists
07:15:15.311 [main] INFO org.soky.sro.pk2.io.Pk2IOTest - Consuming 4244 byte(s) from file talisman.ddj with size 4244 
07:15:15.312 [main] DEBUG org.sokybot.pk2.Pk2CryptoUtils - File talisman_adoun_aesima_hashish.ddj is not encrypted , flags not exists
07:15:15.312 [main] INFO org.soky.sro.pk2.io.Pk2IOTest - Consuming 38548 byte(s) from file talisman_adoun_aesima_hashish.ddj with size 38548 
07:15:15.313 [main] DEBUG org.sokybot.pk2.Pk2CryptoUtils - File talisman_adoun_baalzebub_wing.ddj is not encrypted , flags not exists
07:15:15.313 [main] INFO org.soky.sro.pk2.io.Pk2IOTest - Consuming 38548 byte(s) from file talisman_adoun_baalzebub_wing.ddj with size 38548 
07:15:15.314 [main] DEBUG org.sokybot.pk2.Pk2CryptoUtils - File talisman_adoun_belphegor_chain.ddj is not encrypted , flags not exists
07:15:15.314 [main] INFO org.soky.sro.pk2.io.Pk2IOTest - Consuming 38548 byte(s) from file talisman_adoun_belphegor_chain.ddj with size 38548 
07:15:15.314 [main] DEBUG org.sokybot.pk2.Pk2CryptoUtils - File talisman_adoun_ghoul_hoof.ddj is not encrypted , flags not exists
07:15:15.315 [main] INFO org.soky.sro.pk2.io.Pk2IOTest - Consuming 38548 byte(s) from file talisman_adoun_ghoul_hoof.ddj with size 38548 
07:15:15.315 [main] DEBUG org.sokybot.pk2.Pk2CryptoUtils - File talisman_adoun_iflit_smoke.ddj is not encrypted , flags not exists
07:15:15.315 [main] INFO org.soky.sro.pk2.io.Pk2IOTest - Consuming 38548 byte(s) from file talisman_adoun_iflit_smoke.ddj with size 38548 
07:15:15.315 [main] DEBUG org.sokybot.pk2.Pk2CryptoUtils - File talisman_adoun_leviathan_arrow.ddj is not encrypted , flags not exists
07:15:15.316 [main] INFO org.soky.sro.pk2.io.Pk2IOTest - Consuming 38548 byte(s) from file talisman_adoun_leviathan_arrow.ddj with size 38548 
07:15:15.316 [main] DEBUG org.sokybot.pk2.Pk2CryptoUtils - File talisman_adoun_mammon_glasses.ddj is not encrypted , flags not exists
07:15:15.316 [main] INFO org.soky.sro.pk2.io.Pk2IOTest - Consuming 38548 byte(s) from file talisman_adoun_mammon_glasses.ddj with size 38548 
07:15:15.316 [main] DEBUG org.sokybot.pk2.Pk2CryptoUtils - File talisman_adoun_transform_veil.ddj is not encrypted , flags not exists
07:15:15.317 [main] INFO org.soky.sro.pk2.io.Pk2IOTest - Consuming 38548 byte(s) from file talisman_adoun_transform_veil.ddj with size 38548 
07:15:15.317 [main] DEBUG org.sokybot.pk2.Pk2CryptoUtils - File talisman_dark_abraha_spear.ddj is not encrypted , flags not exists
07:15:15.318 [main] INFO org.soky.sro.pk2.io.Pk2IOTest - Consuming 38548 byte(s) from file talisman_dark_abraha_spear.ddj with size 38548 
07:15:15.318 [main] DEBUG org.sokybot.pk2.Pk2CryptoUtils - File talisman_dark_abyss_stone.ddj is not encrypted , flags not exists
07:15:15.318 [main] INFO org.soky.sro.pk2.io.Pk2IOTest - Consuming 38548 byte(s) from file talisman_dark_abyss_stone.ddj with size 38548 
07:15:15.318 [main] DEBUG org.sokybot.pk2.Pk2CryptoUtils - File talisman_dark_adouns_eye.ddj is not encrypted , flags not exists
07:15:15.319 [main] INFO org.soky.sro.pk2.io.Pk2IOTest - Consuming 38548 byte(s) from file talisman_dark_adouns_eye.ddj with size 38548 
07:15:15.319 [main] DEBUG org.sokybot.pk2.Pk2CryptoUtils - File talisman_dark_dark_essence.ddj is not encrypted , flags not exists
07:15:15.319 [main] INFO org.soky.sro.pk2.io.Pk2IOTest - Consuming 38548 byte(s) from file talisman_dark_dark_essence.ddj with size 38548 
07:15:15.319 [main] DEBUG org.sokybot.pk2.Pk2CryptoUtils - File talisman_dark_fallen_water.ddj is not encrypted , flags not exists
07:15:15.320 [main] INFO org.soky.sro.pk2.io.Pk2IOTest - Consuming 38548 byte(s) from file talisman_dark_fallen_water.ddj with size 38548 
07:15:15.320 [main] DEBUG org.sokybot.pk2.Pk2CryptoUtils - File talisman_dark_guide_staff.ddj is not encrypted , flags not exists
07:15:15.321 [main] INFO org.soky.sro.pk2.io.Pk2IOTest - Consuming 38548 byte(s) from file talisman_dark_guide_staff.ddj with size 38548 
07:15:15.321 [main] DEBUG org.sokybot.pk2.Pk2CryptoUtils - File talisman_dark_pot_piece.ddj is not encrypted , flags not exists
07:15:15.321 [main] INFO org.soky.sro.pk2.io.Pk2IOTest - Consuming 38548 byte(s) from file talisman_dark_pot_piece.ddj with size 38548 
07:15:15.321 [main] DEBUG org.sokybot.pk2.Pk2CryptoUtils - File talisman_dark_stone_statue.ddj is not encrypted , flags not exists
07:15:15.322 [main] INFO org.soky.sro.pk2.io.Pk2IOTest - Consuming 38548 byte(s) from file talisman_dark_stone_statue.ddj with size 38548 
07:15:15.322 [main] DEBUG org.sokybot.pk2.Pk2CryptoUtils - File talisman_fire_adouns_feather.ddj is not encrypted , flags not exists
07:15:15.322 [main] INFO org.soky.sro.pk2.io.Pk2IOTest - Consuming 38548 byte(s) from file talisman_fire_adouns_feather.ddj with size 38548 
07:15:15.322 [main] DEBUG org.sokybot.pk2.Pk2CryptoUtils - File talisman_fire_demolition_hammer.ddj is not encrypted , flags not exists
07:15:15.323 [main] INFO org.soky.sro.pk2.io.Pk2IOTest - Consuming 38548 byte(s) from file talisman_fire_demolition_hammer.ddj with size 38548 
07:15:15.323 [main] DEBUG org.sokybot.pk2.Pk2CryptoUtils - File talisman_fire_demons_bellows.ddj is not encrypted , flags not exists
07:15:15.324 [main] INFO org.soky.sro.pk2.io.Pk2IOTest - Consuming 38548 byte(s) from file talisman_fire_demons_bellows.ddj with size 38548 
07:15:15.324 [main] DEBUG org.sokybot.pk2.Pk2CryptoUtils - File talisman_fire_dragons_scale.ddj is not encrypted , flags not exists
07:15:15.324 [main] INFO org.soky.sro.pk2.io.Pk2IOTest - Consuming 38548 byte(s) from file talisman_fire_dragons_scale.ddj with size 38548 
07:15:15.324 [main] DEBUG org.sokybot.pk2.Pk2CryptoUtils - File talisman_fire_endless_flame.ddj is not encrypted , flags not exists
07:15:15.325 [main] INFO org.soky.sro.pk2.io.Pk2IOTest - Consuming 38548 byte(s) from file talisman_fire_endless_flame.ddj with size 38548 
07:15:15.325 [main] DEBUG org.sokybot.pk2.Pk2CryptoUtils - File talisman_fire_flame_stone.ddj is not encrypted , flags not exists
07:15:15.325 [main] INFO org.soky.sro.pk2.io.Pk2IOTest - Consuming 38548 byte(s) from file talisman_fire_flame_stone.ddj with size 38548 
07:15:15.325 [main] DEBUG org.sokybot.pk2.Pk2CryptoUtils - File talisman_fire_regeneration_anvil.ddj is not encrypted , flags not exists
07:15:15.326 [main] INFO org.soky.sro.pk2.io.Pk2IOTest - Consuming 38548 byte(s) from file talisman_fire_regeneration_anvil.ddj with size 38548 
07:15:15.326 [main] DEBUG org.sokybot.pk2.Pk2CryptoUtils - File talisman_fire_stone_statue.ddj is not encrypted , flags not exists
07:15:15.327 [main] INFO org.soky.sro.pk2.io.Pk2IOTest - Consuming 38548 byte(s) from file talisman_fire_stone_statue.ddj with size 38548 
07:15:15.327 [main] DEBUG org.sokybot.pk2.Pk2CryptoUtils - File talisman_flame_enchantress_neckl.ddj is not encrypted , flags not exists
07:15:15.327 [main] INFO org.soky.sro.pk2.io.Pk2IOTest - Consuming 38548 byte(s) from file talisman_flame_enchantress_neckl.ddj with size 38548 
07:15:15.327 [main] DEBUG org.sokybot.pk2.Pk2CryptoUtils - File talisman_flame_fire_dragon_sw.ddj is not encrypted , flags not exists
07:15:15.328 [main] INFO org.soky.sro.pk2.io.Pk2IOTest - Consuming 38548 byte(s) from file talisman_flame_fire_dragon_sw.ddj with size 38548 
07:15:15.328 [main] DEBUG org.sokybot.pk2.Pk2CryptoUtils - File talisman_flame_fire_flo.ddj is not encrypted , flags not exists
07:15:15.328 [main] INFO org.soky.sro.pk2.io.Pk2IOTest - Consuming 38548 byte(s) from file talisman_flame_fire_flo.ddj with size 38548 
07:15:15.328 [main] DEBUG org.sokybot.pk2.Pk2CryptoUtils - File talisman_flame_flame_of_obliv.ddj is not encrypted , flags not exists
07:15:15.329 [main] INFO org.soky.sro.pk2.io.Pk2IOTest - Consuming 38548 byte(s) from file talisman_flame_flame_of_obliv.ddj with size 38548 
07:15:15.329 [main] DEBUG org.sokybot.pk2.Pk2CryptoUtils - File talisman_flame_flame_pap.ddj is not encrypted , flags not exists
07:15:15.329 [main] INFO org.soky.sro.pk2.io.Pk2IOTest - Consuming 38548 byte(s) from file talisman_flame_flame_pap.ddj with size 38548 
07:15:15.330 [main] DEBUG org.sokybot.pk2.Pk2CryptoUtils - File talisman_flame_hearthstone_fl.ddj is not encrypted , flags not exists
07:15:15.330 [main] INFO org.soky.sro.pk2.io.Pk2IOTest - Consuming 38548 byte(s) from file talisman_flame_hearthstone_fl.ddj with size 38548 
07:15:15.330 [main] DEBUG org.sokybot.pk2.Pk2CryptoUtils - File talisman_flame_honghaeah_ar.ddj is not encrypted , flags not exists
07:15:15.331 [main] INFO org.soky.sro.pk2.io.Pk2IOTest - Consuming 38548 byte(s) from file talisman_flame_honghaeah_ar.ddj with size 38548 
07:15:15.331 [main] DEBUG org.sokybot.pk2.Pk2CryptoUtils - File talisman_flame_horned_cat.ddj is not encrypted , flags not exists
07:15:15.331 [main] INFO org.soky.sro.pk2.io.Pk2IOTest - Consuming 38548 byte(s) from file talisman_flame_horned_cat.ddj with size 38548 
07:15:15.331 [main] DEBUG org.sokybot.pk2.Pk2CryptoUtils - File talisman_human_black_bone.ddj is not encrypted , flags not exists
07:15:15.332 [main] INFO org.soky.sro.pk2.io.Pk2IOTest - Consuming 38548 byte(s) from file talisman_human_black_bone.ddj with size 38548 
07:15:15.332 [main] DEBUG org.sokybot.pk2.Pk2CryptoUtils - File talisman_human_bloody_chisel.ddj is not encrypted , flags not exists
07:15:15.332 [main] INFO org.soky.sro.pk2.io.Pk2IOTest - Consuming 38548 byte(s) from file talisman_human_bloody_chisel.ddj with size 38548 
07:15:15.333 [main] DEBUG org.sokybot.pk2.Pk2CryptoUtils - File talisman_human_frozen_bandage.ddj is not encrypted , flags not exists
07:15:15.333 [main] INFO org.soky.sro.pk2.io.Pk2IOTest - Consuming 38548 byte(s) from file talisman_human_frozen_bandage.ddj with size 38548 
07:15:15.333 [main] DEBUG org.sokybot.pk2.Pk2CryptoUtils - File talisman_human_melt_pendant.ddj is not encrypted , flags not exists
07:15:15.334 [main] INFO org.soky.sro.pk2.io.Pk2IOTest - Consuming 38548 byte(s) from file talisman_human_melt_pendant.ddj with size 38548 
07:15:15.334 [main] DEBUG org.sokybot.pk2.Pk2CryptoUtils - File talisman_human_old_chador.ddj is not encrypted , flags not exists
07:15:15.334 [main] INFO org.soky.sro.pk2.io.Pk2IOTest - Consuming 38548 byte(s) from file talisman_human_old_chador.ddj with size 38548 
07:15:15.334 [main] DEBUG org.sokybot.pk2.Pk2CryptoUtils - File talisman_human_old_diary.ddj is not encrypted , flags not exists
07:15:15.335 [main] INFO org.soky.sro.pk2.io.Pk2IOTest - Consuming 38548 byte(s) from file talisman_human_old_diary.ddj with size 38548 
07:15:15.335 [main] DEBUG org.sokybot.pk2.Pk2CryptoUtils - File talisman_human_rusty_lamp.ddj is not encrypted , flags not exists
07:15:15.335 [main] INFO org.soky.sro.pk2.io.Pk2IOTest - Consuming 38548 byte(s) from file talisman_human_rusty_lamp.ddj with size 38548 
07:15:15.336 [main] DEBUG org.sokybot.pk2.Pk2CryptoUtils - File talisman_human_rusty_ring.ddj is not encrypted , flags not exists
07:15:15.336 [main] INFO org.soky.sro.pk2.io.Pk2IOTest - Consuming 38548 byte(s) from file talisman_human_rusty_ring.ddj with size 38548 
07:15:15.336 [main] DEBUG org.sokybot.pk2.Pk2CryptoUtils - File talisman_ice_abnormal_fountain.ddj is not encrypted , flags not exists
07:15:15.337 [main] INFO org.soky.sro.pk2.io.Pk2IOTest - Consuming 38548 byte(s) from file talisman_ice_abnormal_fountain.ddj with size 38548 
07:15:15.337 [main] DEBUG org.sokybot.pk2.Pk2CryptoUtils - File talisman_ice_adouns_breath.ddj is not encrypted , flags not exists
07:15:15.337 [main] INFO org.soky.sro.pk2.io.Pk2IOTest - Consuming 38548 byte(s) from file talisman_ice_adouns_breath.ddj with size 38548 
07:15:15.338 [main] DEBUG org.sokybot.pk2.Pk2CryptoUtils - File talisman_ice_amaranth.ddj is not encrypted , flags not exists
07:15:15.338 [main] INFO org.soky.sro.pk2.io.Pk2IOTest - Consuming 38548 byte(s) from file talisman_ice_amaranth.ddj with size 38548 
07:15:15.338 [main] DEBUG org.sokybot.pk2.Pk2CryptoUtils - File talisman_ice_frozen_hourglass.ddj is not encrypted , flags not exists
07:15:15.339 [main] INFO org.soky.sro.pk2.io.Pk2IOTest - Consuming 38548 byte(s) from file talisman_ice_frozen_hourglass.ddj with size 38548 
07:15:15.339 [main] DEBUG org.sokybot.pk2.Pk2CryptoUtils - File talisman_ice_frozen_statue.ddj is not encrypted , flags not exists
07:15:15.340 [main] INFO org.soky.sro.pk2.io.Pk2IOTest - Consuming 38548 byte(s) from file talisman_ice_frozen_statue.ddj with size 38548 
07:15:15.340 [main] DEBUG org.sokybot.pk2.Pk2CryptoUtils - File talisman_ice_glacier_stone.ddj is not encrypted , flags not exists
07:15:15.341 [main] INFO org.soky.sro.pk2.io.Pk2IOTest - Consuming 38548 byte(s) from file talisman_ice_glacier_stone.ddj with size 38548 
07:15:15.341 [main] DEBUG org.sokybot.pk2.Pk2CryptoUtils - File talisman_ice_stone_statue.ddj is not encrypted , flags not exists
07:15:15.342 [main] INFO org.soky.sro.pk2.io.Pk2IOTest - Consuming 38548 byte(s) from file talisman_ice_stone_statue.ddj with size 38548 
07:15:15.342 [main] DEBUG org.sokybot.pk2.Pk2CryptoUtils - File talisman_ice_wolf_tooth.ddj is not encrypted , flags not exists
07:15:15.342 [main] INFO org.soky.sro.pk2.io.Pk2IOTest - Consuming 38548 byte(s) from file talisman_ice_wolf_tooth.ddj with size 38548 
07:15:15.343 [main] DEBUG org.sokybot.pk2.Pk2CryptoUtils - File talisman_israfil_angel_harp.ddj is not encrypted , flags not exists
07:15:15.343 [main] INFO org.soky.sro.pk2.io.Pk2IOTest - Consuming 38548 byte(s) from file talisman_israfil_angel_harp.ddj with size 38548 
07:15:15.343 [main] DEBUG org.sokybot.pk2.Pk2CryptoUtils - File talisman_israfil_angel_hourglass.ddj is not encrypted , flags not exists
07:15:15.344 [main] INFO org.soky.sro.pk2.io.Pk2IOTest - Consuming 38548 byte(s) from file talisman_israfil_angel_hourglass.ddj with size 38548 
07:15:15.344 [main] DEBUG org.sokybot.pk2.Pk2CryptoUtils - File talisman_israfil_light_stone.ddj is not encrypted , flags not exists
07:15:15.344 [main] INFO org.soky.sro.pk2.io.Pk2IOTest - Consuming 38548 byte(s) from file talisman_israfil_light_stone.ddj with size 38548 
07:15:15.345 [main] DEBUG org.sokybot.pk2.Pk2CryptoUtils - File talisman_israfil_praise_score.ddj is not encrypted , flags not exists
07:15:15.345 [main] INFO org.soky.sro.pk2.io.Pk2IOTest - Consuming 38548 byte(s) from file talisman_israfil_praise_score.ddj with size 38548 
07:15:15.345 [main] DEBUG org.sokybot.pk2.Pk2CryptoUtils - File talisman_israfil_sacred_flame.ddj is not encrypted , flags not exists
07:15:15.346 [main] INFO org.soky.sro.pk2.io.Pk2IOTest - Consuming 38548 byte(s) from file talisman_israfil_sacred_flame.ddj with size 38548 
07:15:15.346 [main] DEBUG org.sokybot.pk2.Pk2CryptoUtils - File talisman_israfil_tear_drop.ddj is not encrypted , flags not exists
07:15:15.346 [main] INFO org.soky.sro.pk2.io.Pk2IOTest - Consuming 38548 byte(s) from file talisman_israfil_tear_drop.ddj with size 38548 
07:15:15.347 [main] DEBUG org.sokybot.pk2.Pk2CryptoUtils - File talisman_izrail_angel_balances.ddj is not encrypted , flags not exists
07:15:15.347 [main] INFO org.soky.sro.pk2.io.Pk2IOTest - Consuming 38548 byte(s) from file talisman_izrail_angel_balances.ddj with size 38548 
07:15:15.348 [main] DEBUG org.sokybot.pk2.Pk2CryptoUtils - File talisman_izrail_angel_book.ddj is not encrypted , flags not exists
07:15:15.348 [main] INFO org.soky.sro.pk2.io.Pk2IOTest - Consuming 38548 byte(s) from file talisman_izrail_angel_book.ddj with size 38548 
07:15:15.348 [main] DEBUG org.sokybot.pk2.Pk2CryptoUtils - File talisman_izrail_angel_quill.ddj is not encrypted , flags not exists
07:15:15.349 [main] INFO org.soky.sro.pk2.io.Pk2IOTest - Consuming 38548 byte(s) from file talisman_izrail_angel_quill.ddj with size 38548 
07:15:15.349 [main] DEBUG org.sokybot.pk2.Pk2CryptoUtils - File talisman_izrail_angel_sword.ddj is not encrypted , flags not exists
07:15:15.349 [main] INFO org.soky.sro.pk2.io.Pk2IOTest - Consuming 38548 byte(s) from file talisman_izrail_angel_sword.ddj with size 38548 
07:15:15.350 [main] DEBUG org.sokybot.pk2.Pk2CryptoUtils - File talisman_izrail_angel_veil.ddj is not encrypted , flags not exists
07:15:15.350 [main] INFO org.soky.sro.pk2.io.Pk2IOTest - Consuming 38548 byte(s) from file talisman_izrail_angel_veil.ddj with size 38548 
07:15:15.350 [main] DEBUG org.sokybot.pk2.Pk2CryptoUtils - File talisman_izrail_death_stone.ddj is not encrypted , flags not exists
07:15:15.351 [main] INFO org.soky.sro.pk2.io.Pk2IOTest - Consuming 38548 byte(s) from file talisman_izrail_death_stone.ddj with size 38548 
07:15:15.351 [main] DEBUG org.sokybot.pk2.Pk2CryptoUtils - File talisman_izrail_sacred_dirt.ddj is not encrypted , flags not exists
07:15:15.351 [main] INFO org.soky.sro.pk2.io.Pk2IOTest - Consuming 38548 byte(s) from file talisman_izrail_sacred_dirt.ddj with size 38548 
07:15:15.352 [main] DEBUG org.sokybot.pk2.Pk2CryptoUtils - File talisman_izrail_soul_ship.ddj is not encrypted , flags not exists
07:15:15.352 [main] INFO org.soky.sro.pk2.io.Pk2IOTest - Consuming 38548 byte(s) from file talisman_izrail_soul_ship.ddj with size 38548 
07:15:15.352 [main] DEBUG org.sokybot.pk2.Pk2CryptoUtils - File talisman_jibril_angel_lamp.ddj is not encrypted , flags not exists
07:15:15.353 [main] INFO org.soky.sro.pk2.io.Pk2IOTest - Consuming 38548 byte(s) from file talisman_jibril_angel_lamp.ddj with size 38548 
07:15:15.353 [main] DEBUG org.sokybot.pk2.Pk2CryptoUtils - File talisman_jibril_angel_mirror.ddj is not encrypted , flags not exists
07:15:15.353 [main] INFO org.soky.sro.pk2.io.Pk2IOTest - Consuming 38548 byte(s) from file talisman_jibril_angel_mirror.ddj with size 38548 
07:15:15.354 [main] DEBUG org.sokybot.pk2.Pk2CryptoUtils - File talisman_jibril_balck_stone.ddj is not encrypted , flags not exists
07:15:15.354 [main] INFO org.soky.sro.pk2.io.Pk2IOTest - Consuming 38548 byte(s) from file talisman_jibril_balck_stone.ddj with size 38548 
07:15:15.354 [main] DEBUG org.sokybot.pk2.Pk2CryptoUtils - File talisman_jibril_borak_statue.ddj is not encrypted , flags not exists
07:15:15.355 [main] INFO org.soky.sro.pk2.io.Pk2IOTest - Consuming 38548 byte(s) from file talisman_jibril_borak_statue.ddj with size 38548 
07:15:15.355 [main] DEBUG org.sokybot.pk2.Pk2CryptoUtils - File talisman_jibril_mystic_shawl.ddj is not encrypted , flags not exists
07:15:15.355 [main] INFO org.soky.sro.pk2.io.Pk2IOTest - Consuming 38548 byte(s) from file talisman_jibril_mystic_shawl.ddj with size 38548 
07:15:15.355 [main] DEBUG org.sokybot.pk2.Pk2CryptoUtils - File talisman_jibril_short_sword.ddj is not encrypted , flags not exists
07:15:15.356 [main] INFO org.soky.sro.pk2.io.Pk2IOTest - Consuming 38548 byte(s) from file talisman_jibril_short_sword.ddj with size 38548 
07:15:15.356 [main] DEBUG org.sokybot.pk2.Pk2CryptoUtils - File talisman_jibril_water_drop.ddj is not encrypted , flags not exists
07:15:15.356 [main] INFO org.soky.sro.pk2.io.Pk2IOTest - Consuming 38548 byte(s) from file talisman_jibril_water_drop.ddj with size 38548 
07:15:15.357 [main] DEBUG org.sokybot.pk2.Pk2CryptoUtils - File talisman_michael_angel_compass.ddj is not encrypted , flags not exists
07:15:15.357 [main] INFO org.soky.sro.pk2.io.Pk2IOTest - Consuming 38548 byte(s) from file talisman_michael_angel_compass.ddj with size 38548 
07:15:15.357 [main] DEBUG org.sokybot.pk2.Pk2CryptoUtils - File talisman_michael_angel_mask.ddj is not encrypted , flags not exists
07:15:15.358 [main] INFO org.soky.sro.pk2.io.Pk2IOTest - Consuming 38548 byte(s) from file talisman_michael_angel_mask.ddj with size 38548 
07:15:15.358 [main] DEBUG org.sokybot.pk2.Pk2CryptoUtils - File talisman_michael_angel_plate.ddj is not encrypted , flags not exists
07:15:15.358 [main] INFO org.soky.sro.pk2.io.Pk2IOTest - Consuming 38548 byte(s) from file talisman_michael_angel_plate.ddj with size 38548 
07:15:15.358 [main] DEBUG org.sokybot.pk2.Pk2CryptoUtils - File talisman_michael_angel_prayer.ddj is not encrypted , flags not exists
07:15:15.359 [main] INFO org.soky.sro.pk2.io.Pk2IOTest - Consuming 38548 byte(s) from file talisman_michael_angel_prayer.ddj with size 38548 
07:15:15.359 [main] DEBUG org.sokybot.pk2.Pk2CryptoUtils - File talisman_michael_angel_shield.ddj is not encrypted , flags not exists
07:15:15.359 [main] INFO org.soky.sro.pk2.io.Pk2IOTest - Consuming 38548 byte(s) from file talisman_michael_angel_shield.ddj with size 38548 
07:15:15.359 [main] DEBUG org.sokybot.pk2.Pk2CryptoUtils - File talisman_michael_extinction_sword.ddj is not encrypted , flags not exists
07:15:15.360 [main] INFO org.soky.sro.pk2.io.Pk2IOTest - Consuming 38548 byte(s) from file talisman_michael_extinction_sword.ddj with size 38548 
07:15:15.360 [main] DEBUG org.sokybot.pk2.Pk2CryptoUtils - File talisman_michael_life_branch.ddj is not encrypted , flags not exists
07:15:15.361 [main] INFO org.soky.sro.pk2.io.Pk2IOTest - Consuming 38548 byte(s) from file talisman_michael_life_branch.ddj with size 38548 
07:15:15.361 [main] DEBUG org.sokybot.pk2.Pk2CryptoUtils - File talisman_michael_life_seed.ddj is not encrypted , flags not exists
07:15:15.361 [main] INFO org.soky.sro.pk2.io.Pk2IOTest - Consuming 38548 byte(s) from file talisman_michael_life_seed.ddj with size 38548 
07:15:15.361 [main] DEBUG org.sokybot.pk2.Pk2CryptoUtils - File talisman_poison_adouns_nail.ddj is not encrypted , flags not exists
07:15:15.362 [main] INFO org.soky.sro.pk2.io.Pk2IOTest - Consuming 38548 byte(s) from file talisman_poison_adouns_nail.ddj with size 38548 
07:15:15.362 [main] DEBUG org.sokybot.pk2.Pk2CryptoUtils - File talisman_poison_cobra_statue.ddj is not encrypted , flags not exists
07:15:15.362 [main] INFO org.soky.sro.pk2.io.Pk2IOTest - Consuming 38548 byte(s) from file talisman_poison_cobra_statue.ddj with size 38548 
07:15:15.362 [main] DEBUG org.sokybot.pk2.Pk2CryptoUtils - File talisman_poison_death_skull.ddj is not encrypted , flags not exists
07:15:15.363 [main] INFO org.soky.sro.pk2.io.Pk2IOTest - Consuming 38548 byte(s) from file talisman_poison_death_skull.ddj with size 38548 
07:15:15.363 [main] DEBUG org.sokybot.pk2.Pk2CryptoUtils - File talisman_poison_emerald.ddj is not encrypted , flags not exists
07:15:15.364 [main] INFO org.soky.sro.pk2.io.Pk2IOTest - Consuming 38548 byte(s) from file talisman_poison_emerald.ddj with size 38548 
07:15:15.364 [main] DEBUG org.sokybot.pk2.Pk2CryptoUtils - File talisman_poison_golden_male.ddj is not encrypted , flags not exists
07:15:15.364 [main] INFO org.soky.sro.pk2.io.Pk2IOTest - Consuming 38548 byte(s) from file talisman_poison_golden_male.ddj with size 38548 
07:15:15.365 [main] DEBUG org.sokybot.pk2.Pk2CryptoUtils - File talisman_poison_rose_thorn.ddj is not encrypted , flags not exists
07:15:15.365 [main] INFO org.soky.sro.pk2.io.Pk2IOTest - Consuming 38548 byte(s) from file talisman_poison_rose_thorn.ddj with size 38548 
07:15:15.365 [main] DEBUG org.sokybot.pk2.Pk2CryptoUtils - File talisman_poison_snake_teeth.ddj is not encrypted , flags not exists
07:15:15.366 [main] INFO org.soky.sro.pk2.io.Pk2IOTest - Consuming 38548 byte(s) from file talisman_poison_snake_teeth.ddj with size 38548 
07:15:15.366 [main] DEBUG org.sokybot.pk2.Pk2CryptoUtils - File talisman_poison_stone_statue.ddj is not encrypted , flags not exists
07:15:15.367 [main] INFO org.soky.sro.pk2.io.Pk2IOTest - Consuming 38548 byte(s) from file talisman_poison_stone_statue.ddj with size 38548 
07:15:15.367 [main] DEBUG org.sokybot.pk2.Pk2CryptoUtils - File talisman_togui_elder_st.ddj is not encrypted , flags not exists
07:15:15.368 [main] INFO org.soky.sro.pk2.io.Pk2IOTest - Consuming 38548 byte(s) from file talisman_togui_elder_st.ddj with size 38548 
07:15:15.368 [main] DEBUG org.sokybot.pk2.Pk2CryptoUtils - File talisman_togui_kitchen_kn.ddj is not encrypted , flags not exists
07:15:15.369 [main] INFO org.soky.sro.pk2.io.Pk2IOTest - Consuming 38548 byte(s) from file talisman_togui_kitchen_kn.ddj with size 38548 
07:15:15.369 [main] DEBUG org.sokybot.pk2.Pk2CryptoUtils - File talisman_togui_pupp.ddj is not encrypted , flags not exists
07:15:15.370 [main] INFO org.soky.sro.pk2.io.Pk2IOTest - Consuming 38548 byte(s) from file talisman_togui_pupp.ddj with size 38548 
07:15:15.370 [main] DEBUG org.sokybot.pk2.Pk2CryptoUtils - File talisman_togui_red_talis.ddj is not encrypted , flags not exists
07:15:15.371 [main] INFO org.soky.sro.pk2.io.Pk2IOTest - Consuming 38548 byte(s) from file talisman_togui_red_talis.ddj with size 38548 
07:15:15.371 [main] DEBUG org.sokybot.pk2.Pk2CryptoUtils - File talisman_togui_red_te.ddj is not encrypted , flags not exists
07:15:15.372 [main] INFO org.soky.sro.pk2.io.Pk2IOTest - Consuming 38548 byte(s) from file talisman_togui_red_te.ddj with size 38548 
07:15:15.372 [main] DEBUG org.sokybot.pk2.Pk2CryptoUtils - File talisman_togui_spell_pap.ddj is not encrypted , flags not exists
07:15:15.373 [main] INFO org.soky.sro.pk2.io.Pk2IOTest - Consuming 38548 byte(s) from file talisman_togui_spell_pap.ddj with size 38548 
07:15:15.373 [main] DEBUG org.sokybot.pk2.Pk2CryptoUtils - File talisman_togui_togui_m.ddj is not encrypted , flags not exists
07:15:15.374 [main] INFO org.soky.sro.pk2.io.Pk2IOTest - Consuming 38548 byte(s) from file talisman_togui_togui_m.ddj with size 38548 
07:15:15.374 [main] DEBUG org.sokybot.pk2.Pk2CryptoUtils - File talisman_togui_western_scriptu.ddj is not encrypted , flags not exists
07:15:15.375 [main] INFO org.soky.sro.pk2.io.Pk2IOTest - Consuming 38548 byte(s) from file talisman_togui_western_scriptu.ddj with size 38548 
07:15:15.375 [main] DEBUG org.sokybot.pk2.Pk2CryptoUtils - File talisman_wreck_a_cobalt_emer.ddj is not encrypted , flags not exists
07:15:15.375 [main] INFO org.soky.sro.pk2.io.Pk2IOTest - Consuming 38548 byte(s) from file talisman_wreck_a_cobalt_emer.ddj with size 38548 
07:15:15.376 [main] DEBUG org.sokybot.pk2.Pk2CryptoUtils - File talisman_wreck_a_diamond_watc.ddj is not encrypted , flags not exists
07:15:15.376 [main] INFO org.soky.sro.pk2.io.Pk2IOTest - Consuming 38548 byte(s) from file talisman_wreck_a_diamond_watc.ddj with size 38548 
07:15:15.377 [main] DEBUG org.sokybot.pk2.Pk2CryptoUtils - File talisman_wreck_a_jewelry.ddj is not encrypted , flags not exists
07:15:15.377 [main] INFO org.soky.sro.pk2.io.Pk2IOTest - Consuming 38548 byte(s) from file talisman_wreck_a_jewelry.ddj with size 38548 
07:15:15.378 [main] DEBUG org.sokybot.pk2.Pk2CryptoUtils - File talisman_wreck_a_logb.ddj is not encrypted , flags not exists
07:15:15.378 [main] INFO org.soky.sro.pk2.io.Pk2IOTest - Consuming 38548 byte(s) from file talisman_wreck_a_logb.ddj with size 38548 
07:15:15.378 [main] DEBUG org.sokybot.pk2.Pk2CryptoUtils - File talisman_wreck_a_love_let.ddj is not encrypted , flags not exists
07:15:15.379 [main] INFO org.soky.sro.pk2.io.Pk2IOTest - Consuming 38548 byte(s) from file talisman_wreck_a_love_let.ddj with size 38548 
07:15:15.379 [main] DEBUG org.sokybot.pk2.Pk2CryptoUtils - File talisman_wreck_a_mermaid_te.ddj is not encrypted , flags not exists
07:15:15.380 [main] INFO org.soky.sro.pk2.io.Pk2IOTest - Consuming 38548 byte(s) from file talisman_wreck_a_mermaid_te.ddj with size 38548 
07:15:15.380 [main] DEBUG org.sokybot.pk2.Pk2CryptoUtils - File talisman_wreck_a_portrait_wo.ddj is not encrypted , flags not exists
07:15:15.381 [main] INFO org.soky.sro.pk2.io.Pk2IOTest - Consuming 38548 byte(s) from file talisman_wreck_a_portrait_wo.ddj with size 38548 
07:15:15.381 [main] DEBUG org.sokybot.pk2.Pk2CryptoUtils - File talisman_wreck_a_silver_pend.ddj is not encrypted , flags not exists
07:15:15.382 [main] INFO org.soky.sro.pk2.io.Pk2IOTest - Consuming 38548 byte(s) from file talisman_wreck_a_silver_pend.ddj with size 38548 
07:15:15.383 [main] DEBUG org.sokybot.pk2.Pk2CryptoUtils - File talisman_wreck_b_broken.ddj is not encrypted , flags not exists
07:15:15.383 [main] INFO org.soky.sro.pk2.io.Pk2IOTest - Consuming 38548 byte(s) from file talisman_wreck_b_broken.ddj with size 38548 
07:15:15.384 [main] DEBUG org.sokybot.pk2.Pk2CryptoUtils - File talisman_wreck_b_commander_pa.ddj is not encrypted , flags not exists
07:15:15.384 [main] INFO org.soky.sro.pk2.io.Pk2IOTest - Consuming 38548 byte(s) from file talisman_wreck_b_commander_pa.ddj with size 38548 
07:15:15.384 [main] DEBUG org.sokybot.pk2.Pk2CryptoUtils - File talisman_wreck_b_evil_he.ddj is not encrypted , flags not exists
07:15:15.385 [main] INFO org.soky.sro.pk2.io.Pk2IOTest - Consuming 38548 byte(s) from file talisman_wreck_b_evil_he.ddj with size 38548 
07:15:15.385 [main] DEBUG org.sokybot.pk2.Pk2CryptoUtils - File talisman_wreck_b_hook_h.ddj is not encrypted , flags not exists
07:15:15.386 [main] INFO org.soky.sro.pk2.io.Pk2IOTest - Consuming 38548 byte(s) from file talisman_wreck_b_hook_h.ddj with size 38548 
07:15:15.386 [main] DEBUG org.sokybot.pk2.Pk2CryptoUtils - File talisman_wreck_b_large_to.ddj is not encrypted , flags not exists
07:15:15.387 [main] INFO org.soky.sro.pk2.io.Pk2IOTest - Consuming 38548 byte(s) from file talisman_wreck_b_large_to.ddj with size 38548 
07:15:15.387 [main] DEBUG org.sokybot.pk2.Pk2CryptoUtils - File talisman_wreck_b_phantom_h.ddj is not encrypted , flags not exists
07:15:15.388 [main] INFO org.soky.sro.pk2.io.Pk2IOTest - Consuming 38548 byte(s) from file talisman_wreck_b_phantom_h.ddj with size 38548 
07:15:15.388 [main] DEBUG org.sokybot.pk2.Pk2CryptoUtils - File talisman_wreck_b_revengeful_spirit_be.ddj is not encrypted , flags not exists
07:15:15.388 [main] INFO org.soky.sro.pk2.io.Pk2IOTest - Consuming 38548 byte(s) from file talisman_wreck_b_revengeful_spirit_be.ddj with size 38548 
07:15:15.389 [main] DEBUG org.sokybot.pk2.Pk2CryptoUtils - File talisman_wreck_b_serenity_te.ddj is not encrypted , flags not exists
07:15:15.389 [main] INFO org.soky.sro.pk2.io.Pk2IOTest - Consuming 38548 byte(s) from file talisman_wreck_b_serenity_te.ddj with size 38548 
07:15:15.389 [main] DEBUG org.sokybot.pk2.Pk2CryptoUtils - File teleprot_hole.ddj is not encrypted , flags not exists
07:15:15.389 [main] INFO org.soky.sro.pk2.io.Pk2IOTest - Consuming 4244 byte(s) from file teleprot_hole.ddj with size 4244 
07:15:15.389 [main] DEBUG org.sokybot.pk2.Pk2CryptoUtils - File title_equipitem.ddj is not encrypted , flags not exists
07:15:15.389 [main] INFO org.soky.sro.pk2.io.Pk2IOTest - Consuming 4244 byte(s) from file title_equipitem.ddj with size 4244 
07:15:15.390 [main] DEBUG org.sokybot.pk2.Pk2CryptoUtils - File title_survival_arena.ddj is not encrypted , flags not exists
07:15:15.390 [main] INFO org.soky.sro.pk2.io.Pk2IOTest - Consuming 4244 byte(s) from file title_survival_arena.ddj with size 4244 
07:15:15.390 [main] DEBUG org.sokybot.pk2.Pk2CryptoUtils - File trade_armor_a.ddj is not encrypted , flags not exists
07:15:15.390 [main] INFO org.soky.sro.pk2.io.Pk2IOTest - Consuming 4244 byte(s) from file trade_armor_a.ddj with size 4244 
07:15:15.390 [main] DEBUG org.sokybot.pk2.Pk2CryptoUtils - File trade_armor_a_da.ddj is not encrypted , flags not exists
07:15:15.390 [main] INFO org.soky.sro.pk2.io.Pk2IOTest - Consuming 4244 byte(s) from file trade_armor_a_da.ddj with size 4244 
07:15:15.390 [main] DEBUG org.sokybot.pk2.Pk2CryptoUtils - File trade_armor_a_da_magic.ddj is not encrypted , flags not exists
07:15:15.390 [main] INFO org.soky.sro.pk2.io.Pk2IOTest - Consuming 4244 byte(s) from file trade_armor_a_da_magic.ddj with size 4244 
07:15:15.390 [main] DEBUG org.sokybot.pk2.Pk2CryptoUtils - File trade_armor_a_da_rare.ddj is not encrypted , flags not exists
07:15:15.391 [main] INFO org.soky.sro.pk2.io.Pk2IOTest - Consuming 4244 byte(s) from file trade_armor_a_da_rare.ddj with size 4244 
07:15:15.391 [main] DEBUG org.sokybot.pk2.Pk2CryptoUtils - File trade_armor_a_ma.ddj is not encrypted , flags not exists
07:15:15.391 [main] INFO org.soky.sro.pk2.io.Pk2IOTest - Consuming 4244 byte(s) from file trade_armor_a_ma.ddj with size 4244 
07:15:15.391 [main] DEBUG org.sokybot.pk2.Pk2CryptoUtils - File trade_armor_a_ma_magic.ddj is not encrypted , flags not exists
07:15:15.391 [main] INFO org.soky.sro.pk2.io.Pk2IOTest - Consuming 4244 byte(s) from file trade_armor_a_ma_magic.ddj with size 4244 
07:15:15.391 [main] DEBUG org.sokybot.pk2.Pk2CryptoUtils - File trade_armor_a_ma_rare.ddj is not encrypted , flags not exists
07:15:15.391 [main] INFO org.soky.sro.pk2.io.Pk2IOTest - Consuming 4244 byte(s) from file trade_armor_a_ma_rare.ddj with size 4244 
07:15:15.391 [main] DEBUG org.sokybot.pk2.Pk2CryptoUtils - File trade_armor_a_pa.ddj is not encrypted , flags not exists
07:15:15.391 [main] INFO org.soky.sro.pk2.io.Pk2IOTest - Consuming 4244 byte(s) from file trade_armor_a_pa.ddj with size 4244 
07:15:15.392 [main] DEBUG org.sokybot.pk2.Pk2CryptoUtils - File trade_armor_a_pa_magic.ddj is not encrypted , flags not exists
07:15:15.392 [main] INFO org.soky.sro.pk2.io.Pk2IOTest - Consuming 4244 byte(s) from file trade_armor_a_pa_magic.ddj with size 4244 
07:15:15.392 [main] DEBUG org.sokybot.pk2.Pk2CryptoUtils - File trade_armor_a_pa_rare.ddj is not encrypted , flags not exists
07:15:15.392 [main] INFO org.soky.sro.pk2.io.Pk2IOTest - Consuming 4244 byte(s) from file trade_armor_a_pa_rare.ddj with size 4244 
07:15:15.392 [main] DEBUG org.sokybot.pk2.Pk2CryptoUtils - File trade_armor_b.ddj is not encrypted , flags not exists
07:15:15.392 [main] INFO org.soky.sro.pk2.io.Pk2IOTest - Consuming 4244 byte(s) from file trade_armor_b.ddj with size 4244 
07:15:15.392 [main] DEBUG org.sokybot.pk2.Pk2CryptoUtils - File trade_armor_b_da.ddj is not encrypted , flags not exists
07:15:15.392 [main] INFO org.soky.sro.pk2.io.Pk2IOTest - Consuming 4244 byte(s) from file trade_armor_b_da.ddj with size 4244 
07:15:15.392 [main] DEBUG org.sokybot.pk2.Pk2CryptoUtils - File trade_armor_b_da_magic.ddj is not encrypted , flags not exists
07:15:15.392 [main] INFO org.soky.sro.pk2.io.Pk2IOTest - Consuming 4244 byte(s) from file trade_armor_b_da_magic.ddj with size 4244 
07:15:15.393 [main] DEBUG org.sokybot.pk2.Pk2CryptoUtils - File trade_armor_b_da_rare.ddj is not encrypted , flags not exists
07:15:15.393 [main] INFO org.soky.sro.pk2.io.Pk2IOTest - Consuming 4244 byte(s) from file trade_armor_b_da_rare.ddj with size 4244 
07:15:15.393 [main] DEBUG org.sokybot.pk2.Pk2CryptoUtils - File trade_armor_b_ma.ddj is not encrypted , flags not exists
07:15:15.393 [main] INFO org.soky.sro.pk2.io.Pk2IOTest - Consuming 4244 byte(s) from file trade_armor_b_ma.ddj with size 4244 
07:15:15.393 [main] DEBUG org.sokybot.pk2.Pk2CryptoUtils - File trade_armor_b_ma_magic.ddj is not encrypted , flags not exists
07:15:15.393 [main] INFO org.soky.sro.pk2.io.Pk2IOTest - Consuming 4244 byte(s) from file trade_armor_b_ma_magic.ddj with size 4244 
07:15:15.393 [main] DEBUG org.sokybot.pk2.Pk2CryptoUtils - File trade_armor_b_ma_rare.ddj is not encrypted , flags not exists
07:15:15.393 [main] INFO org.soky.sro.pk2.io.Pk2IOTest - Consuming 4244 byte(s) from file trade_armor_b_ma_rare.ddj with size 4244 
07:15:15.393 [main] DEBUG org.sokybot.pk2.Pk2CryptoUtils - File trade_armor_b_pa.ddj is not encrypted , flags not exists
07:15:15.394 [main] INFO org.soky.sro.pk2.io.Pk2IOTest - Consuming 4244 byte(s) from file trade_armor_b_pa.ddj with size 4244 
07:15:15.394 [main] DEBUG org.sokybot.pk2.Pk2CryptoUtils - File trade_armor_b_pa_magic.ddj is not encrypted , flags not exists
07:15:15.394 [main] INFO org.soky.sro.pk2.io.Pk2IOTest - Consuming 4244 byte(s) from file trade_armor_b_pa_magic.ddj with size 4244 
07:15:15.394 [main] DEBUG org.sokybot.pk2.Pk2CryptoUtils - File trade_armor_b_pa_rare.ddj is not encrypted , flags not exists
07:15:15.394 [main] INFO org.soky.sro.pk2.io.Pk2IOTest - Consuming 4244 byte(s) from file trade_armor_b_pa_rare.ddj with size 4244 
07:15:15.394 [main] DEBUG org.sokybot.pk2.Pk2CryptoUtils - File trade_armor_c.ddj is not encrypted , flags not exists
07:15:15.394 [main] INFO org.soky.sro.pk2.io.Pk2IOTest - Consuming 4244 byte(s) from file trade_armor_c.ddj with size 4244 
07:15:15.394 [main] DEBUG org.sokybot.pk2.Pk2CryptoUtils - File trade_armor_c_da.ddj is not encrypted , flags not exists
07:15:15.394 [main] INFO org.soky.sro.pk2.io.Pk2IOTest - Consuming 4244 byte(s) from file trade_armor_c_da.ddj with size 4244 
07:15:15.394 [main] DEBUG org.sokybot.pk2.Pk2CryptoUtils - File trade_armor_c_da_magic.ddj is not encrypted , flags not exists
07:15:15.395 [main] INFO org.soky.sro.pk2.io.Pk2IOTest - Consuming 4244 byte(s) from file trade_armor_c_da_magic.ddj with size 4244 
07:15:15.395 [main] DEBUG org.sokybot.pk2.Pk2CryptoUtils - File trade_armor_c_da_rare.ddj is not encrypted , flags not exists
07:15:15.395 [main] INFO org.soky.sro.pk2.io.Pk2IOTest - Consuming 4244 byte(s) from file trade_armor_c_da_rare.ddj with size 4244 
07:15:15.395 [main] DEBUG org.sokybot.pk2.Pk2CryptoUtils - File trade_armor_c_ma.ddj is not encrypted , flags not exists
07:15:15.395 [main] INFO org.soky.sro.pk2.io.Pk2IOTest - Consuming 4244 byte(s) from file trade_armor_c_ma.ddj with size 4244 
07:15:15.395 [main] DEBUG org.sokybot.pk2.Pk2CryptoUtils - File trade_armor_c_ma_magic.ddj is not encrypted , flags not exists
07:15:15.395 [main] INFO org.soky.sro.pk2.io.Pk2IOTest - Consuming 4244 byte(s) from file trade_armor_c_ma_magic.ddj with size 4244 
07:15:15.395 [main] DEBUG org.sokybot.pk2.Pk2CryptoUtils - File trade_armor_c_ma_rare.ddj is not encrypted , flags not exists
07:15:15.395 [main] INFO org.soky.sro.pk2.io.Pk2IOTest - Consuming 4244 byte(s) from file trade_armor_c_ma_rare.ddj with size 4244 
07:15:15.395 [main] DEBUG org.sokybot.pk2.Pk2CryptoUtils - File trade_armor_c_pa.ddj is not encrypted , flags not exists
07:15:15.396 [main] INFO org.soky.sro.pk2.io.Pk2IOTest - Consuming 4244 byte(s) from file trade_armor_c_pa.ddj with size 4244 
07:15:15.396 [main] DEBUG org.sokybot.pk2.Pk2CryptoUtils - File trade_armor_c_pa_magic.ddj is not encrypted , flags not exists
07:15:15.396 [main] INFO org.soky.sro.pk2.io.Pk2IOTest - Consuming 4244 byte(s) from file trade_armor_c_pa_magic.ddj with size 4244 
07:15:15.396 [main] DEBUG org.sokybot.pk2.Pk2CryptoUtils - File trade_armor_c_pa_rare.ddj is not encrypted , flags not exists
07:15:15.396 [main] INFO org.soky.sro.pk2.io.Pk2IOTest - Consuming 4244 byte(s) from file trade_armor_c_pa_rare.ddj with size 4244 
07:15:15.396 [main] DEBUG org.sokybot.pk2.Pk2CryptoUtils - File trade_armor_d.ddj is not encrypted , flags not exists
07:15:15.396 [main] INFO org.soky.sro.pk2.io.Pk2IOTest - Consuming 4244 byte(s) from file trade_armor_d.ddj with size 4244 
07:15:15.396 [main] DEBUG org.sokybot.pk2.Pk2CryptoUtils - File trade_armor_e.ddj is not encrypted , flags not exists
07:15:15.396 [main] INFO org.soky.sro.pk2.io.Pk2IOTest - Consuming 4244 byte(s) from file trade_armor_e.ddj with size 4244 
07:15:15.396 [main] DEBUG org.sokybot.pk2.Pk2CryptoUtils - File trade_blackstone.ddj is not encrypted , flags not exists
07:15:15.397 [main] INFO org.soky.sro.pk2.io.Pk2IOTest - Consuming 4244 byte(s) from file trade_blackstone.ddj with size 4244 
07:15:15.397 [main] DEBUG org.sokybot.pk2.Pk2CryptoUtils - File trade_bluestone.ddj is not encrypted , flags not exists
07:15:15.397 [main] INFO org.soky.sro.pk2.io.Pk2IOTest - Consuming 4244 byte(s) from file trade_bluestone.ddj with size 4244 
07:15:15.397 [main] DEBUG org.sokybot.pk2.Pk2CryptoUtils - File trade_earring_a.ddj is not encrypted , flags not exists
07:15:15.397 [main] INFO org.soky.sro.pk2.io.Pk2IOTest - Consuming 4244 byte(s) from file trade_earring_a.ddj with size 4244 
07:15:15.397 [main] DEBUG org.sokybot.pk2.Pk2CryptoUtils - File trade_earring_a_da.ddj is not encrypted , flags not exists
07:15:15.397 [main] INFO org.soky.sro.pk2.io.Pk2IOTest - Consuming 4244 byte(s) from file trade_earring_a_da.ddj with size 4244 
07:15:15.397 [main] DEBUG org.sokybot.pk2.Pk2CryptoUtils - File trade_earring_a_da_magic.ddj is not encrypted , flags not exists
07:15:15.397 [main] INFO org.soky.sro.pk2.io.Pk2IOTest - Consuming 4244 byte(s) from file trade_earring_a_da_magic.ddj with size 4244 
07:15:15.397 [main] DEBUG org.sokybot.pk2.Pk2CryptoUtils - File trade_earring_a_da_rare.ddj is not encrypted , flags not exists
07:15:15.398 [main] INFO org.soky.sro.pk2.io.Pk2IOTest - Consuming 4244 byte(s) from file trade_earring_a_da_rare.ddj with size 4244 
07:15:15.398 [main] DEBUG org.sokybot.pk2.Pk2CryptoUtils - File trade_earring_a_ma.ddj is not encrypted , flags not exists
07:15:15.398 [main] INFO org.soky.sro.pk2.io.Pk2IOTest - Consuming 4244 byte(s) from file trade_earring_a_ma.ddj with size 4244 
07:15:15.398 [main] DEBUG org.sokybot.pk2.Pk2CryptoUtils - File trade_earring_a_ma_magic.ddj is not encrypted , flags not exists
07:15:15.398 [main] INFO org.soky.sro.pk2.io.Pk2IOTest - Consuming 4244 byte(s) from file trade_earring_a_ma_magic.ddj with size 4244 
07:15:15.398 [main] DEBUG org.sokybot.pk2.Pk2CryptoUtils - File trade_earring_a_ma_rare.ddj is not encrypted , flags not exists
07:15:15.398 [main] INFO org.soky.sro.pk2.io.Pk2IOTest - Consuming 4244 byte(s) from file trade_earring_a_ma_rare.ddj with size 4244 
07:15:15.398 [main] DEBUG org.sokybot.pk2.Pk2CryptoUtils - File trade_earring_a_pa.ddj is not encrypted , flags not exists
07:15:15.398 [main] INFO org.soky.sro.pk2.io.Pk2IOTest - Consuming 4244 byte(s) from file trade_earring_a_pa.ddj with size 4244 
07:15:15.398 [main] DEBUG org.sokybot.pk2.Pk2CryptoUtils - File trade_earring_a_pa_magic.ddj is not encrypted , flags not exists
07:15:15.399 [main] INFO org.soky.sro.pk2.io.Pk2IOTest - Consuming 4244 byte(s) from file trade_earring_a_pa_magic.ddj with size 4244 
07:15:15.399 [main] DEBUG org.sokybot.pk2.Pk2CryptoUtils - File trade_earring_a_pa_rare.ddj is not encrypted , flags not exists
07:15:15.399 [main] INFO org.soky.sro.pk2.io.Pk2IOTest - Consuming 4244 byte(s) from file trade_earring_a_pa_rare.ddj with size 4244 
07:15:15.399 [main] DEBUG org.sokybot.pk2.Pk2CryptoUtils - File trade_earring_b.ddj is not encrypted , flags not exists
07:15:15.399 [main] INFO org.soky.sro.pk2.io.Pk2IOTest - Consuming 4244 byte(s) from file trade_earring_b.ddj with size 4244 
07:15:15.399 [main] DEBUG org.sokybot.pk2.Pk2CryptoUtils - File trade_earring_b_da.ddj is not encrypted , flags not exists
07:15:15.399 [main] INFO org.soky.sro.pk2.io.Pk2IOTest - Consuming 4244 byte(s) from file trade_earring_b_da.ddj with size 4244 
07:15:15.399 [main] DEBUG org.sokybot.pk2.Pk2CryptoUtils - File trade_earring_b_da_magic.ddj is not encrypted , flags not exists
07:15:15.400 [main] INFO org.soky.sro.pk2.io.Pk2IOTest - Consuming 4244 byte(s) from file trade_earring_b_da_magic.ddj with size 4244 
07:15:15.400 [main] DEBUG org.sokybot.pk2.Pk2CryptoUtils - File trade_earring_b_da_rare.ddj is not encrypted , flags not exists
07:15:15.400 [main] INFO org.soky.sro.pk2.io.Pk2IOTest - Consuming 4244 byte(s) from file trade_earring_b_da_rare.ddj with size 4244 
07:15:15.400 [main] DEBUG org.sokybot.pk2.Pk2CryptoUtils - File trade_earring_b_ma.ddj is not encrypted , flags not exists
07:15:15.400 [main] INFO org.soky.sro.pk2.io.Pk2IOTest - Consuming 4244 byte(s) from file trade_earring_b_ma.ddj with size 4244 
07:15:15.400 [main] DEBUG org.sokybot.pk2.Pk2CryptoUtils - File trade_earring_b_ma_magic.ddj is not encrypted , flags not exists
07:15:15.400 [main] INFO org.soky.sro.pk2.io.Pk2IOTest - Consuming 4244 byte(s) from file trade_earring_b_ma_magic.ddj with size 4244 
07:15:15.400 [main] DEBUG org.sokybot.pk2.Pk2CryptoUtils - File trade_earring_b_ma_rare.ddj is not encrypted , flags not exists
07:15:15.401 [main] INFO org.soky.sro.pk2.io.Pk2IOTest - Consuming 4244 byte(s) from file trade_earring_b_ma_rare.ddj with size 4244 
07:15:15.401 [main] DEBUG org.sokybot.pk2.Pk2CryptoUtils - File trade_earring_b_pa.ddj is not encrypted , flags not exists
07:15:15.401 [main] INFO org.soky.sro.pk2.io.Pk2IOTest - Consuming 4244 byte(s) from file trade_earring_b_pa.ddj with size 4244 
07:15:15.401 [main] DEBUG org.sokybot.pk2.Pk2CryptoUtils - File trade_earring_b_pa_magic.ddj is not encrypted , flags not exists
07:15:15.401 [main] INFO org.soky.sro.pk2.io.Pk2IOTest - Consuming 4244 byte(s) from file trade_earring_b_pa_magic.ddj with size 4244 
07:15:15.401 [main] DEBUG org.sokybot.pk2.Pk2CryptoUtils - File trade_earring_b_pa_rare.ddj is not encrypted , flags not exists
07:15:15.401 [main] INFO org.soky.sro.pk2.io.Pk2IOTest - Consuming 4244 byte(s) from file trade_earring_b_pa_rare.ddj with size 4244 
07:15:15.401 [main] DEBUG org.sokybot.pk2.Pk2CryptoUtils - File trade_earring_c.ddj is not encrypted , flags not exists
07:15:15.401 [main] INFO org.soky.sro.pk2.io.Pk2IOTest - Consuming 4244 byte(s) from file trade_earring_c.ddj with size 4244 
07:15:15.402 [main] DEBUG org.sokybot.pk2.Pk2CryptoUtils - File trade_earring_c_da.ddj is not encrypted , flags not exists
07:15:15.402 [main] INFO org.soky.sro.pk2.io.Pk2IOTest - Consuming 4244 byte(s) from file trade_earring_c_da.ddj with size 4244 
07:15:15.402 [main] DEBUG org.sokybot.pk2.Pk2CryptoUtils - File trade_earring_c_da_magic.ddj is not encrypted , flags not exists
07:15:15.402 [main] INFO org.soky.sro.pk2.io.Pk2IOTest - Consuming 4244 byte(s) from file trade_earring_c_da_magic.ddj with size 4244 
07:15:15.402 [main] DEBUG org.sokybot.pk2.Pk2CryptoUtils - File trade_earring_c_da_rare.ddj is not encrypted , flags not exists
07:15:15.402 [main] INFO org.soky.sro.pk2.io.Pk2IOTest - Consuming 4244 byte(s) from file trade_earring_c_da_rare.ddj with size 4244 
07:15:15.402 [main] DEBUG org.sokybot.pk2.Pk2CryptoUtils - File trade_earring_c_ma.ddj is not encrypted , flags not exists
07:15:15.402 [main] INFO org.soky.sro.pk2.io.Pk2IOTest - Consuming 4244 byte(s) from file trade_earring_c_ma.ddj with size 4244 
07:15:15.403 [main] DEBUG org.sokybot.pk2.Pk2CryptoUtils - File trade_earring_c_ma_magic.ddj is not encrypted , flags not exists
07:15:15.403 [main] INFO org.soky.sro.pk2.io.Pk2IOTest - Consuming 4244 byte(s) from file trade_earring_c_ma_magic.ddj with size 4244 
07:15:15.403 [main] DEBUG org.sokybot.pk2.Pk2CryptoUtils - File trade_earring_c_ma_rare.ddj is not encrypted , flags not exists
07:15:15.403 [main] INFO org.soky.sro.pk2.io.Pk2IOTest - Consuming 4244 byte(s) from file trade_earring_c_ma_rare.ddj with size 4244 
07:15:15.403 [main] DEBUG org.sokybot.pk2.Pk2CryptoUtils - File trade_earring_c_pa.ddj is not encrypted , flags not exists
07:15:15.403 [main] INFO org.soky.sro.pk2.io.Pk2IOTest - Consuming 4244 byte(s) from file trade_earring_c_pa.ddj with size 4244 
07:15:15.404 [main] DEBUG org.sokybot.pk2.Pk2CryptoUtils - File trade_earring_c_pa_magic.ddj is not encrypted , flags not exists
07:15:15.404 [main] INFO org.soky.sro.pk2.io.Pk2IOTest - Consuming 4244 byte(s) from file trade_earring_c_pa_magic.ddj with size 4244 
07:15:15.404 [main] DEBUG org.sokybot.pk2.Pk2CryptoUtils - File trade_earring_c_pa_rare.ddj is not encrypted , flags not exists
07:15:15.404 [main] INFO org.soky.sro.pk2.io.Pk2IOTest - Consuming 4244 byte(s) from file trade_earring_c_pa_rare.ddj with size 4244 
07:15:15.404 [main] DEBUG org.sokybot.pk2.Pk2CryptoUtils - File trade_earring_d.ddj is not encrypted , flags not exists
07:15:15.404 [main] INFO org.soky.sro.pk2.io.Pk2IOTest - Consuming 4244 byte(s) from file trade_earring_d.ddj with size 4244 
07:15:15.405 [main] DEBUG org.sokybot.pk2.Pk2CryptoUtils - File trade_earring_e.ddj is not encrypted , flags not exists
07:15:15.405 [main] INFO org.soky.sro.pk2.io.Pk2IOTest - Consuming 4244 byte(s) from file trade_earring_e.ddj with size 4244 
07:15:15.405 [main] DEBUG org.sokybot.pk2.Pk2CryptoUtils - File trade_glove_a.ddj is not encrypted , flags not exists
07:15:15.405 [main] INFO org.soky.sro.pk2.io.Pk2IOTest - Consuming 4244 byte(s) from file trade_glove_a.ddj with size 4244 
07:15:15.405 [main] DEBUG org.sokybot.pk2.Pk2CryptoUtils - File trade_glove_a_da.ddj is not encrypted , flags not exists
07:15:15.405 [main] INFO org.soky.sro.pk2.io.Pk2IOTest - Consuming 4244 byte(s) from file trade_glove_a_da.ddj with size 4244 
07:15:15.405 [main] DEBUG org.sokybot.pk2.Pk2CryptoUtils - File trade_glove_a_da_magic.ddj is not encrypted , flags not exists
07:15:15.406 [main] INFO org.soky.sro.pk2.io.Pk2IOTest - Consuming 4244 byte(s) from file trade_glove_a_da_magic.ddj with size 4244 
07:15:15.406 [main] DEBUG org.sokybot.pk2.Pk2CryptoUtils - File trade_glove_a_da_rare.ddj is not encrypted , flags not exists
07:15:15.406 [main] INFO org.soky.sro.pk2.io.Pk2IOTest - Consuming 4244 byte(s) from file trade_glove_a_da_rare.ddj with size 4244 
07:15:15.406 [main] DEBUG org.sokybot.pk2.Pk2CryptoUtils - File trade_glove_a_ma.ddj is not encrypted , flags not exists
07:15:15.406 [main] INFO org.soky.sro.pk2.io.Pk2IOTest - Consuming 4244 byte(s) from file trade_glove_a_ma.ddj with size 4244 
07:15:15.406 [main] DEBUG org.sokybot.pk2.Pk2CryptoUtils - File trade_glove_a_ma_magic.ddj is not encrypted , flags not exists
07:15:15.407 [main] INFO org.soky.sro.pk2.io.Pk2IOTest - Consuming 4244 byte(s) from file trade_glove_a_ma_magic.ddj with size 4244 
07:15:15.407 [main] DEBUG org.sokybot.pk2.Pk2CryptoUtils - File trade_glove_a_ma_rare.ddj is not encrypted , flags not exists
07:15:15.407 [main] INFO org.soky.sro.pk2.io.Pk2IOTest - Consuming 4244 byte(s) from file trade_glove_a_ma_rare.ddj with size 4244 
07:15:15.407 [main] DEBUG org.sokybot.pk2.Pk2CryptoUtils - File trade_glove_a_pa.ddj is not encrypted , flags not exists
07:15:15.407 [main] INFO org.soky.sro.pk2.io.Pk2IOTest - Consuming 4244 byte(s) from file trade_glove_a_pa.ddj with size 4244 
07:15:15.407 [main] DEBUG org.sokybot.pk2.Pk2CryptoUtils - File trade_glove_a_pa_magic.ddj is not encrypted , flags not exists
07:15:15.407 [main] INFO org.soky.sro.pk2.io.Pk2IOTest - Consuming 4244 byte(s) from file trade_glove_a_pa_magic.ddj with size 4244 
07:15:15.408 [main] DEBUG org.sokybot.pk2.Pk2CryptoUtils - File trade_glove_a_pa_rare.ddj is not encrypted , flags not exists
07:15:15.408 [main] INFO org.soky.sro.pk2.io.Pk2IOTest - Consuming 4244 byte(s) from file trade_glove_a_pa_rare.ddj with size 4244 
07:15:15.408 [main] DEBUG org.sokybot.pk2.Pk2CryptoUtils - File trade_glove_b.ddj is not encrypted , flags not exists
07:15:15.408 [main] INFO org.soky.sro.pk2.io.Pk2IOTest - Consuming 4244 byte(s) from file trade_glove_b.ddj with size 4244 
07:15:15.408 [main] DEBUG org.sokybot.pk2.Pk2CryptoUtils - File trade_glove_b_da.ddj is not encrypted , flags not exists
07:15:15.408 [main] INFO org.soky.sro.pk2.io.Pk2IOTest - Consuming 4244 byte(s) from file trade_glove_b_da.ddj with size 4244 
07:15:15.409 [main] DEBUG org.sokybot.pk2.Pk2CryptoUtils - File trade_glove_b_da_magic.ddj is not encrypted , flags not exists
07:15:15.409 [main] INFO org.soky.sro.pk2.io.Pk2IOTest - Consuming 4244 byte(s) from file trade_glove_b_da_magic.ddj with size 4244 
07:15:15.409 [main] DEBUG org.sokybot.pk2.Pk2CryptoUtils - File trade_glove_b_da_rare.ddj is not encrypted , flags not exists
07:15:15.409 [main] INFO org.soky.sro.pk2.io.Pk2IOTest - Consuming 4244 byte(s) from file trade_glove_b_da_rare.ddj with size 4244 
07:15:15.409 [main] DEBUG org.sokybot.pk2.Pk2CryptoUtils - File trade_glove_b_ma.ddj is not encrypted , flags not exists
07:15:15.409 [main] INFO org.soky.sro.pk2.io.Pk2IOTest - Consuming 4244 byte(s) from file trade_glove_b_ma.ddj with size 4244 
07:15:15.410 [main] DEBUG org.sokybot.pk2.Pk2CryptoUtils - File trade_glove_b_ma_magic.ddj is not encrypted , flags not exists
07:15:15.410 [main] INFO org.soky.sro.pk2.io.Pk2IOTest - Consuming 4244 byte(s) from file trade_glove_b_ma_magic.ddj with size 4244 
07:15:15.410 [main] DEBUG org.sokybot.pk2.Pk2CryptoUtils - File trade_glove_b_ma_rare.ddj is not encrypted , flags not exists
07:15:15.410 [main] INFO org.soky.sro.pk2.io.Pk2IOTest - Consuming 4244 byte(s) from file trade_glove_b_ma_rare.ddj with size 4244 
07:15:15.410 [main] DEBUG org.sokybot.pk2.Pk2CryptoUtils - File trade_glove_b_pa.ddj is not encrypted , flags not exists
07:15:15.410 [main] INFO org.soky.sro.pk2.io.Pk2IOTest - Consuming 4244 byte(s) from file trade_glove_b_pa.ddj with size 4244 
07:15:15.411 [main] DEBUG org.sokybot.pk2.Pk2CryptoUtils - File trade_glove_b_pa_magic.ddj is not encrypted , flags not exists
07:15:15.411 [main] INFO org.soky.sro.pk2.io.Pk2IOTest - Consuming 4244 byte(s) from file trade_glove_b_pa_magic.ddj with size 4244 
07:15:15.411 [main] DEBUG org.sokybot.pk2.Pk2CryptoUtils - File trade_glove_b_pa_rare.ddj is not encrypted , flags not exists
07:15:15.411 [main] INFO org.soky.sro.pk2.io.Pk2IOTest - Consuming 4244 byte(s) from file trade_glove_b_pa_rare.ddj with size 4244 
07:15:15.411 [main] DEBUG org.sokybot.pk2.Pk2CryptoUtils - File trade_glove_c.ddj is not encrypted , flags not exists
07:15:15.411 [main] INFO org.soky.sro.pk2.io.Pk2IOTest - Consuming 4244 byte(s) from file trade_glove_c.ddj with size 4244 
07:15:15.411 [main] DEBUG org.sokybot.pk2.Pk2CryptoUtils - File trade_glove_c_da.ddj is not encrypted , flags not exists
07:15:15.412 [main] INFO org.soky.sro.pk2.io.Pk2IOTest - Consuming 4244 byte(s) from file trade_glove_c_da.ddj with size 4244 
07:15:15.412 [main] DEBUG org.sokybot.pk2.Pk2CryptoUtils - File trade_glove_c_da_magic.ddj is not encrypted , flags not exists
07:15:15.412 [main] INFO org.soky.sro.pk2.io.Pk2IOTest - Consuming 4244 byte(s) from file trade_glove_c_da_magic.ddj with size 4244 
07:15:15.412 [main] DEBUG org.sokybot.pk2.Pk2CryptoUtils - File trade_glove_c_da_rare.ddj is not encrypted , flags not exists
07:15:15.412 [main] INFO org.soky.sro.pk2.io.Pk2IOTest - Consuming 4244 byte(s) from file trade_glove_c_da_rare.ddj with size 4244 
07:15:15.412 [main] DEBUG org.sokybot.pk2.Pk2CryptoUtils - File trade_glove_c_ma.ddj is not encrypted , flags not exists
07:15:15.413 [main] INFO org.soky.sro.pk2.io.Pk2IOTest - Consuming 4244 byte(s) from file trade_glove_c_ma.ddj with size 4244 
07:15:15.413 [main] DEBUG org.sokybot.pk2.Pk2CryptoUtils - File trade_glove_c_ma_magic.ddj is not encrypted , flags not exists
07:15:15.413 [main] INFO org.soky.sro.pk2.io.Pk2IOTest - Consuming 4244 byte(s) from file trade_glove_c_ma_magic.ddj with size 4244 
07:15:15.413 [main] DEBUG org.sokybot.pk2.Pk2CryptoUtils - File trade_glove_c_ma_rare.ddj is not encrypted , flags not exists
07:15:15.413 [main] INFO org.soky.sro.pk2.io.Pk2IOTest - Consuming 4244 byte(s) from file trade_glove_c_ma_rare.ddj with size 4244 
07:15:15.413 [main] DEBUG org.sokybot.pk2.Pk2CryptoUtils - File trade_glove_c_pa.ddj is not encrypted , flags not exists
07:15:15.414 [main] INFO org.soky.sro.pk2.io.Pk2IOTest - Consuming 4244 byte(s) from file trade_glove_c_pa.ddj with size 4244 
07:15:15.414 [main] DEBUG org.sokybot.pk2.Pk2CryptoUtils - File trade_glove_c_pa_magic.ddj is not encrypted , flags not exists
07:15:15.414 [main] INFO org.soky.sro.pk2.io.Pk2IOTest - Consuming 4244 byte(s) from file trade_glove_c_pa_magic.ddj with size 4244 
07:15:15.414 [main] DEBUG org.sokybot.pk2.Pk2CryptoUtils - File trade_glove_c_pa_rare.ddj is not encrypted , flags not exists
07:15:15.414 [main] INFO org.soky.sro.pk2.io.Pk2IOTest - Consuming 4244 byte(s) from file trade_glove_c_pa_rare.ddj with size 4244 
07:15:15.415 [main] DEBUG org.sokybot.pk2.Pk2CryptoUtils - File trade_glove_d.ddj is not encrypted , flags not exists
07:15:15.415 [main] INFO org.soky.sro.pk2.io.Pk2IOTest - Consuming 4244 byte(s) from file trade_glove_d.ddj with size 4244 
07:15:15.415 [main] DEBUG org.sokybot.pk2.Pk2CryptoUtils - File trade_glove_e.ddj is not encrypted , flags not exists
07:15:15.415 [main] INFO org.soky.sro.pk2.io.Pk2IOTest - Consuming 4244 byte(s) from file trade_glove_e.ddj with size 4244 
07:15:15.415 [main] DEBUG org.sokybot.pk2.Pk2CryptoUtils - File trade_hat_a.ddj is not encrypted , flags not exists
07:15:15.415 [main] INFO org.soky.sro.pk2.io.Pk2IOTest - Consuming 4244 byte(s) from file trade_hat_a.ddj with size 4244 
07:15:15.416 [main] DEBUG org.sokybot.pk2.Pk2CryptoUtils - File trade_hat_a_da.ddj is not encrypted , flags not exists
07:15:15.416 [main] INFO org.soky.sro.pk2.io.Pk2IOTest - Consuming 4244 byte(s) from file trade_hat_a_da.ddj with size 4244 
07:15:15.416 [main] DEBUG org.sokybot.pk2.Pk2CryptoUtils - File trade_hat_a_da_magic.ddj is not encrypted , flags not exists
07:15:15.416 [main] INFO org.soky.sro.pk2.io.Pk2IOTest - Consuming 4244 byte(s) from file trade_hat_a_da_magic.ddj with size 4244 
07:15:15.416 [main] DEBUG org.sokybot.pk2.Pk2CryptoUtils - File trade_hat_a_da_rare.ddj is not encrypted , flags not exists
07:15:15.416 [main] INFO org.soky.sro.pk2.io.Pk2IOTest - Consuming 4244 byte(s) from file trade_hat_a_da_rare.ddj with size 4244 
07:15:15.417 [main] DEBUG org.sokybot.pk2.Pk2CryptoUtils - File trade_hat_a_ma.ddj is not encrypted , flags not exists
07:15:15.417 [main] INFO org.soky.sro.pk2.io.Pk2IOTest - Consuming 4244 byte(s) from file trade_hat_a_ma.ddj with size 4244 
07:15:15.417 [main] DEBUG org.sokybot.pk2.Pk2CryptoUtils - File trade_hat_a_ma_magic.ddj is not encrypted , flags not exists
07:15:15.417 [main] INFO org.soky.sro.pk2.io.Pk2IOTest - Consuming 4244 byte(s) from file trade_hat_a_ma_magic.ddj with size 4244 
07:15:15.417 [main] DEBUG org.sokybot.pk2.Pk2CryptoUtils - File trade_hat_a_ma_rare.ddj is not encrypted , flags not exists
07:15:15.417 [main] INFO org.soky.sro.pk2.io.Pk2IOTest - Consuming 4244 byte(s) from file trade_hat_a_ma_rare.ddj with size 4244 
07:15:15.418 [main] DEBUG org.sokybot.pk2.Pk2CryptoUtils - File trade_hat_a_pa.ddj is not encrypted , flags not exists
07:15:15.418 [main] INFO org.soky.sro.pk2.io.Pk2IOTest - Consuming 4244 byte(s) from file trade_hat_a_pa.ddj with size 4244 
07:15:15.418 [main] DEBUG org.sokybot.pk2.Pk2CryptoUtils - File trade_hat_a_pa_magic.ddj is not encrypted , flags not exists
07:15:15.418 [main] INFO org.soky.sro.pk2.io.Pk2IOTest - Consuming 4244 byte(s) from file trade_hat_a_pa_magic.ddj with size 4244 
07:15:15.418 [main] DEBUG org.sokybot.pk2.Pk2CryptoUtils - File trade_hat_a_pa_rare.ddj is not encrypted , flags not exists
07:15:15.418 [main] INFO org.soky.sro.pk2.io.Pk2IOTest - Consuming 4244 byte(s) from file trade_hat_a_pa_rare.ddj with size 4244 
07:15:15.418 [main] DEBUG org.sokybot.pk2.Pk2CryptoUtils - File trade_hat_b.ddj is not encrypted , flags not exists
07:15:15.419 [main] INFO org.soky.sro.pk2.io.Pk2IOTest - Consuming 4244 byte(s) from file trade_hat_b.ddj with size 4244 
07:15:15.419 [main] DEBUG org.sokybot.pk2.Pk2CryptoUtils - File trade_hat_b_da.ddj is not encrypted , flags not exists
07:15:15.419 [main] INFO org.soky.sro.pk2.io.Pk2IOTest - Consuming 4244 byte(s) from file trade_hat_b_da.ddj with size 4244 
07:15:15.419 [main] DEBUG org.sokybot.pk2.Pk2CryptoUtils - File trade_hat_b_da_magic.ddj is not encrypted , flags not exists
07:15:15.419 [main] INFO org.soky.sro.pk2.io.Pk2IOTest - Consuming 4244 byte(s) from file trade_hat_b_da_magic.ddj with size 4244 
07:15:15.419 [main] DEBUG org.sokybot.pk2.Pk2CryptoUtils - File trade_hat_b_da_rare.ddj is not encrypted , flags not exists
07:15:15.420 [main] INFO org.soky.sro.pk2.io.Pk2IOTest - Consuming 4244 byte(s) from file trade_hat_b_da_rare.ddj with size 4244 
07:15:15.420 [main] DEBUG org.sokybot.pk2.Pk2CryptoUtils - File trade_hat_b_ma.ddj is not encrypted , flags not exists
07:15:15.420 [main] INFO org.soky.sro.pk2.io.Pk2IOTest - Consuming 4244 byte(s) from file trade_hat_b_ma.ddj with size 4244 
07:15:15.420 [main] DEBUG org.sokybot.pk2.Pk2CryptoUtils - File trade_hat_b_ma_magic.ddj is not encrypted , flags not exists
07:15:15.420 [main] INFO org.soky.sro.pk2.io.Pk2IOTest - Consuming 4244 byte(s) from file trade_hat_b_ma_magic.ddj with size 4244 
07:15:15.420 [main] DEBUG org.sokybot.pk2.Pk2CryptoUtils - File trade_hat_b_ma_rare.ddj is not encrypted , flags not exists
07:15:15.421 [main] INFO org.soky.sro.pk2.io.Pk2IOTest - Consuming 4244 byte(s) from file trade_hat_b_ma_rare.ddj with size 4244 
07:15:15.421 [main] DEBUG org.sokybot.pk2.Pk2CryptoUtils - File trade_hat_b_pa.ddj is not encrypted , flags not exists
07:15:15.421 [main] INFO org.soky.sro.pk2.io.Pk2IOTest - Consuming 4244 byte(s) from file trade_hat_b_pa.ddj with size 4244 
07:15:15.421 [main] DEBUG org.sokybot.pk2.Pk2CryptoUtils - File trade_hat_b_pa_magic.ddj is not encrypted , flags not exists
07:15:15.421 [main] INFO org.soky.sro.pk2.io.Pk2IOTest - Consuming 4244 byte(s) from file trade_hat_b_pa_magic.ddj with size 4244 
07:15:15.422 [main] DEBUG org.sokybot.pk2.Pk2CryptoUtils - File trade_hat_b_pa_rare.ddj is not encrypted , flags not exists
07:15:15.422 [main] INFO org.soky.sro.pk2.io.Pk2IOTest - Consuming 4244 byte(s) from file trade_hat_b_pa_rare.ddj with size 4244 
07:15:15.422 [main] DEBUG org.sokybot.pk2.Pk2CryptoUtils - File trade_hat_c.ddj is not encrypted , flags not exists
07:15:15.422 [main] INFO org.soky.sro.pk2.io.Pk2IOTest - Consuming 4244 byte(s) from file trade_hat_c.ddj with size 4244 
07:15:15.422 [main] DEBUG org.sokybot.pk2.Pk2CryptoUtils - File trade_hat_c_da.ddj is not encrypted , flags not exists
07:15:15.422 [main] INFO org.soky.sro.pk2.io.Pk2IOTest - Consuming 4244 byte(s) from file trade_hat_c_da.ddj with size 4244 
07:15:15.423 [main] DEBUG org.sokybot.pk2.Pk2CryptoUtils - File trade_hat_c_da_magic.ddj is not encrypted , flags not exists
07:15:15.423 [main] INFO org.soky.sro.pk2.io.Pk2IOTest - Consuming 4244 byte(s) from file trade_hat_c_da_magic.ddj with size 4244 
07:15:15.423 [main] DEBUG org.sokybot.pk2.Pk2CryptoUtils - File trade_hat_c_da_rare.ddj is not encrypted , flags not exists
07:15:15.423 [main] INFO org.soky.sro.pk2.io.Pk2IOTest - Consuming 4244 byte(s) from file trade_hat_c_da_rare.ddj with size 4244 
07:15:15.423 [main] DEBUG org.sokybot.pk2.Pk2CryptoUtils - File trade_hat_c_ma.ddj is not encrypted , flags not exists
07:15:15.423 [main] INFO org.soky.sro.pk2.io.Pk2IOTest - Consuming 4244 byte(s) from file trade_hat_c_ma.ddj with size 4244 
07:15:15.424 [main] DEBUG org.sokybot.pk2.Pk2CryptoUtils - File trade_hat_c_ma_magic.ddj is not encrypted , flags not exists
07:15:15.424 [main] INFO org.soky.sro.pk2.io.Pk2IOTest - Consuming 4244 byte(s) from file trade_hat_c_ma_magic.ddj with size 4244 
07:15:15.424 [main] DEBUG org.sokybot.pk2.Pk2CryptoUtils - File trade_hat_c_ma_rare.ddj is not encrypted , flags not exists
07:15:15.424 [main] INFO org.soky.sro.pk2.io.Pk2IOTest - Consuming 4244 byte(s) from file trade_hat_c_ma_rare.ddj with size 4244 
07:15:15.424 [main] DEBUG org.sokybot.pk2.Pk2CryptoUtils - File trade_hat_c_pa.ddj is not encrypted , flags not exists
07:15:15.424 [main] INFO org.soky.sro.pk2.io.Pk2IOTest - Consuming 4244 byte(s) from file trade_hat_c_pa.ddj with size 4244 
07:15:15.425 [main] DEBUG org.sokybot.pk2.Pk2CryptoUtils - File trade_hat_c_pa_magic.ddj is not encrypted , flags not exists
07:15:15.425 [main] INFO org.soky.sro.pk2.io.Pk2IOTest - Consuming 4244 byte(s) from file trade_hat_c_pa_magic.ddj with size 4244 
07:15:15.425 [main] DEBUG org.sokybot.pk2.Pk2CryptoUtils - File trade_hat_c_pa_rare.ddj is not encrypted , flags not exists
07:15:15.425 [main] INFO org.soky.sro.pk2.io.Pk2IOTest - Consuming 4244 byte(s) from file trade_hat_c_pa_rare.ddj with size 4244 
07:15:15.425 [main] DEBUG org.sokybot.pk2.Pk2CryptoUtils - File trade_hat_d.ddj is not encrypted , flags not exists
07:15:15.425 [main] INFO org.soky.sro.pk2.io.Pk2IOTest - Consuming 4244 byte(s) from file trade_hat_d.ddj with size 4244 
07:15:15.426 [main] DEBUG org.sokybot.pk2.Pk2CryptoUtils - File trade_hat_e.ddj is not encrypted , flags not exists
07:15:15.426 [main] INFO org.soky.sro.pk2.io.Pk2IOTest - Consuming 4244 byte(s) from file trade_hat_e.ddj with size 4244 
07:15:15.426 [main] DEBUG org.sokybot.pk2.Pk2CryptoUtils - File trade_magicrune_a.ddj is not encrypted , flags not exists
07:15:15.426 [main] INFO org.soky.sro.pk2.io.Pk2IOTest - Consuming 4244 byte(s) from file trade_magicrune_a.ddj with size 4244 
07:15:15.426 [main] DEBUG org.sokybot.pk2.Pk2CryptoUtils - File trade_magicrune_b.ddj is not encrypted , flags not exists
07:15:15.426 [main] INFO org.soky.sro.pk2.io.Pk2IOTest - Consuming 4244 byte(s) from file trade_magicrune_b.ddj with size 4244 
07:15:15.426 [main] DEBUG org.sokybot.pk2.Pk2CryptoUtils - File trade_magicrune_c.ddj is not encrypted , flags not exists
07:15:15.427 [main] INFO org.soky.sro.pk2.io.Pk2IOTest - Consuming 4244 byte(s) from file trade_magicrune_c.ddj with size 4244 
07:15:15.427 [main] DEBUG org.sokybot.pk2.Pk2CryptoUtils - File trade_magicrune_d.ddj is not encrypted , flags not exists
07:15:15.427 [main] INFO org.soky.sro.pk2.io.Pk2IOTest - Consuming 4244 byte(s) from file trade_magicrune_d.ddj with size 4244 
07:15:15.427 [main] DEBUG org.sokybot.pk2.Pk2CryptoUtils - File trade_magicrune_e.ddj is not encrypted , flags not exists
07:15:15.427 [main] INFO org.soky.sro.pk2.io.Pk2IOTest - Consuming 4244 byte(s) from file trade_magicrune_e.ddj with size 4244 
07:15:15.428 [main] DEBUG org.sokybot.pk2.Pk2CryptoUtils - File trade_material_lightstone_a.ddj is not encrypted , flags not exists
07:15:15.428 [main] INFO org.soky.sro.pk2.io.Pk2IOTest - Consuming 4244 byte(s) from file trade_material_lightstone_a.ddj with size 4244 
07:15:15.428 [main] DEBUG org.sokybot.pk2.Pk2CryptoUtils - File trade_material_lightstone_b.ddj is not encrypted , flags not exists
07:15:15.428 [main] INFO org.soky.sro.pk2.io.Pk2IOTest - Consuming 4244 byte(s) from file trade_material_lightstone_b.ddj with size 4244 
07:15:15.428 [main] DEBUG org.sokybot.pk2.Pk2CryptoUtils - File trade_material_lightstone_c.ddj is not encrypted , flags not exists
07:15:15.428 [main] INFO org.soky.sro.pk2.io.Pk2IOTest - Consuming 4244 byte(s) from file trade_material_lightstone_c.ddj with size 4244 
07:15:15.429 [main] DEBUG org.sokybot.pk2.Pk2CryptoUtils - File trade_material_lightstone_d.ddj is not encrypted , flags not exists
07:15:15.429 [main] INFO org.soky.sro.pk2.io.Pk2IOTest - Consuming 4244 byte(s) from file trade_material_lightstone_d.ddj with size 4244 
07:15:15.429 [main] DEBUG org.sokybot.pk2.Pk2CryptoUtils - File trade_material_lightstone_e.ddj is not encrypted , flags not exists
07:15:15.429 [main] INFO org.soky.sro.pk2.io.Pk2IOTest - Consuming 4244 byte(s) from file trade_material_lightstone_e.ddj with size 4244 
07:15:15.429 [main] DEBUG org.sokybot.pk2.Pk2CryptoUtils - File trade_necklace_a.ddj is not encrypted , flags not exists
07:15:15.430 [main] INFO org.soky.sro.pk2.io.Pk2IOTest - Consuming 4244 byte(s) from file trade_necklace_a.ddj with size 4244 
07:15:15.430 [main] DEBUG org.sokybot.pk2.Pk2CryptoUtils - File trade_necklace_a_da.ddj is not encrypted , flags not exists
07:15:15.430 [main] INFO org.soky.sro.pk2.io.Pk2IOTest - Consuming 4244 byte(s) from file trade_necklace_a_da.ddj with size 4244 
07:15:15.430 [main] DEBUG org.sokybot.pk2.Pk2CryptoUtils - File trade_necklace_a_da_magic.ddj is not encrypted , flags not exists
07:15:15.430 [main] INFO org.soky.sro.pk2.io.Pk2IOTest - Consuming 4244 byte(s) from file trade_necklace_a_da_magic.ddj with size 4244 
07:15:15.431 [main] DEBUG org.sokybot.pk2.Pk2CryptoUtils - File trade_necklace_a_da_rare.ddj is not encrypted , flags not exists
07:15:15.431 [main] INFO org.soky.sro.pk2.io.Pk2IOTest - Consuming 4244 byte(s) from file trade_necklace_a_da_rare.ddj with size 4244 
07:15:15.431 [main] DEBUG org.sokybot.pk2.Pk2CryptoUtils - File trade_necklace_a_ma.ddj is not encrypted , flags not exists
07:15:15.431 [main] INFO org.soky.sro.pk2.io.Pk2IOTest - Consuming 4244 byte(s) from file trade_necklace_a_ma.ddj with size 4244 
07:15:15.432 [main] DEBUG org.sokybot.pk2.Pk2CryptoUtils - File trade_necklace_a_ma_magic.ddj is not encrypted , flags not exists
07:15:15.432 [main] INFO org.soky.sro.pk2.io.Pk2IOTest - Consuming 4244 byte(s) from file trade_necklace_a_ma_magic.ddj with size 4244 
07:15:15.432 [main] DEBUG org.sokybot.pk2.Pk2CryptoUtils - File trade_necklace_a_ma_rare.ddj is not encrypted , flags not exists
07:15:15.432 [main] INFO org.soky.sro.pk2.io.Pk2IOTest - Consuming 4244 byte(s) from file trade_necklace_a_ma_rare.ddj with size 4244 
07:15:15.432 [main] DEBUG org.sokybot.pk2.Pk2CryptoUtils - File trade_necklace_a_pa.ddj is not encrypted , flags not exists
07:15:15.432 [main] INFO org.soky.sro.pk2.io.Pk2IOTest - Consuming 4244 byte(s) from file trade_necklace_a_pa.ddj with size 4244 
07:15:15.433 [main] DEBUG org.sokybot.pk2.Pk2CryptoUtils - File trade_necklace_a_pa_magic.ddj is not encrypted , flags not exists
07:15:15.433 [main] INFO org.soky.sro.pk2.io.Pk2IOTest - Consuming 4244 byte(s) from file trade_necklace_a_pa_magic.ddj with size 4244 
07:15:15.433 [main] DEBUG org.sokybot.pk2.Pk2CryptoUtils - File trade_necklace_a_pa_rare.ddj is not encrypted , flags not exists
07:15:15.433 [main] INFO org.soky.sro.pk2.io.Pk2IOTest - Consuming 4244 byte(s) from file trade_necklace_a_pa_rare.ddj with size 4244 
07:15:15.433 [main] DEBUG org.sokybot.pk2.Pk2CryptoUtils - File trade_necklace_b.ddj is not encrypted , flags not exists
07:15:15.434 [main] INFO org.soky.sro.pk2.io.Pk2IOTest - Consuming 4244 byte(s) from file trade_necklace_b.ddj with size 4244 
07:15:15.434 [main] DEBUG org.sokybot.pk2.Pk2CryptoUtils - File trade_necklace_b_da.ddj is not encrypted , flags not exists
07:15:15.434 [main] INFO org.soky.sro.pk2.io.Pk2IOTest - Consuming 4244 byte(s) from file trade_necklace_b_da.ddj with size 4244 
07:15:15.434 [main] DEBUG org.sokybot.pk2.Pk2CryptoUtils - File trade_necklace_b_da_magic.ddj is not encrypted , flags not exists
07:15:15.434 [main] INFO org.soky.sro.pk2.io.Pk2IOTest - Consuming 4244 byte(s) from file trade_necklace_b_da_magic.ddj with size 4244 
07:15:15.434 [main] DEBUG org.sokybot.pk2.Pk2CryptoUtils - File trade_necklace_b_da_rare.ddj is not encrypted , flags not exists
07:15:15.434 [main] INFO org.soky.sro.pk2.io.Pk2IOTest - Consuming 4244 byte(s) from file trade_necklace_b_da_rare.ddj with size 4244 
07:15:15.435 [main] DEBUG org.sokybot.pk2.Pk2CryptoUtils - File trade_necklace_b_ma.ddj is not encrypted , flags not exists
07:15:15.435 [main] INFO org.soky.sro.pk2.io.Pk2IOTest - Consuming 4244 byte(s) from file trade_necklace_b_ma.ddj with size 4244 
07:15:15.435 [main] DEBUG org.sokybot.pk2.Pk2CryptoUtils - File trade_necklace_b_ma_magic.ddj is not encrypted , flags not exists
07:15:15.435 [main] INFO org.soky.sro.pk2.io.Pk2IOTest - Consuming 4244 byte(s) from file trade_necklace_b_ma_magic.ddj with size 4244 
07:15:15.435 [main] DEBUG org.sokybot.pk2.Pk2CryptoUtils - File trade_necklace_b_ma_rare.ddj is not encrypted , flags not exists
07:15:15.435 [main] INFO org.soky.sro.pk2.io.Pk2IOTest - Consuming 4244 byte(s) from file trade_necklace_b_ma_rare.ddj with size 4244 
07:15:15.435 [main] DEBUG org.sokybot.pk2.Pk2CryptoUtils - File trade_necklace_b_pa.ddj is not encrypted , flags not exists
07:15:15.435 [main] INFO org.soky.sro.pk2.io.Pk2IOTest - Consuming 4244 byte(s) from file trade_necklace_b_pa.ddj with size 4244 
07:15:15.435 [main] DEBUG org.sokybot.pk2.Pk2CryptoUtils - File trade_necklace_b_pa_magic.ddj is not encrypted , flags not exists
07:15:15.435 [main] INFO org.soky.sro.pk2.io.Pk2IOTest - Consuming 4244 byte(s) from file trade_necklace_b_pa_magic.ddj with size 4244 
07:15:15.436 [main] DEBUG org.sokybot.pk2.Pk2CryptoUtils - File trade_necklace_b_pa_rare.ddj is not encrypted , flags not exists
07:15:15.436 [main] INFO org.soky.sro.pk2.io.Pk2IOTest - Consuming 4244 byte(s) from file trade_necklace_b_pa_rare.ddj with size 4244 
07:15:15.436 [main] DEBUG org.sokybot.pk2.Pk2CryptoUtils - File trade_necklace_c.ddj is not encrypted , flags not exists
07:15:15.436 [main] INFO org.soky.sro.pk2.io.Pk2IOTest - Consuming 4244 byte(s) from file trade_necklace_c.ddj with size 4244 
07:15:15.436 [main] DEBUG org.sokybot.pk2.Pk2CryptoUtils - File trade_necklace_c_da.ddj is not encrypted , flags not exists
07:15:15.436 [main] INFO org.soky.sro.pk2.io.Pk2IOTest - Consuming 4244 byte(s) from file trade_necklace_c_da.ddj with size 4244 
07:15:15.436 [main] DEBUG org.sokybot.pk2.Pk2CryptoUtils - File trade_necklace_c_da_magic.ddj is not encrypted , flags not exists
07:15:15.436 [main] INFO org.soky.sro.pk2.io.Pk2IOTest - Consuming 4244 byte(s) from file trade_necklace_c_da_magic.ddj with size 4244 
07:15:15.436 [main] DEBUG org.sokybot.pk2.Pk2CryptoUtils - File trade_necklace_c_da_rare.ddj is not encrypted , flags not exists
07:15:15.436 [main] INFO org.soky.sro.pk2.io.Pk2IOTest - Consuming 4244 byte(s) from file trade_necklace_c_da_rare.ddj with size 4244 
07:15:15.437 [main] DEBUG org.sokybot.pk2.Pk2CryptoUtils - File trade_necklace_c_ma.ddj is not encrypted , flags not exists
07:15:15.437 [main] INFO org.soky.sro.pk2.io.Pk2IOTest - Consuming 4244 byte(s) from file trade_necklace_c_ma.ddj with size 4244 
07:15:15.437 [main] DEBUG org.sokybot.pk2.Pk2CryptoUtils - File trade_necklace_c_ma_magic.ddj is not encrypted , flags not exists
07:15:15.437 [main] INFO org.soky.sro.pk2.io.Pk2IOTest - Consuming 4244 byte(s) from file trade_necklace_c_ma_magic.ddj with size 4244 
07:15:15.437 [main] DEBUG org.sokybot.pk2.Pk2CryptoUtils - File trade_necklace_c_ma_rare.ddj is not encrypted , flags not exists
07:15:15.437 [main] INFO org.soky.sro.pk2.io.Pk2IOTest - Consuming 4244 byte(s) from file trade_necklace_c_ma_rare.ddj with size 4244 
07:15:15.437 [main] DEBUG org.sokybot.pk2.Pk2CryptoUtils - File trade_necklace_c_pa.ddj is not encrypted , flags not exists
07:15:15.437 [main] INFO org.soky.sro.pk2.io.Pk2IOTest - Consuming 4244 byte(s) from file trade_necklace_c_pa.ddj with size 4244 
07:15:15.437 [main] DEBUG org.sokybot.pk2.Pk2CryptoUtils - File trade_necklace_c_pa_magic.ddj is not encrypted , flags not exists
07:15:15.438 [main] INFO org.soky.sro.pk2.io.Pk2IOTest - Consuming 4244 byte(s) from file trade_necklace_c_pa_magic.ddj with size 4244 
07:15:15.438 [main] DEBUG org.sokybot.pk2.Pk2CryptoUtils - File trade_necklace_c_pa_rare.ddj is not encrypted , flags not exists
07:15:15.438 [main] INFO org.soky.sro.pk2.io.Pk2IOTest - Consuming 4244 byte(s) from file trade_necklace_c_pa_rare.ddj with size 4244 
07:15:15.438 [main] DEBUG org.sokybot.pk2.Pk2CryptoUtils - File trade_necklace_d.ddj is not encrypted , flags not exists
07:15:15.438 [main] INFO org.soky.sro.pk2.io.Pk2IOTest - Consuming 4244 byte(s) from file trade_necklace_d.ddj with size 4244 
07:15:15.438 [main] DEBUG org.sokybot.pk2.Pk2CryptoUtils - File trade_necklace_e.ddj is not encrypted , flags not exists
07:15:15.438 [main] INFO org.soky.sro.pk2.io.Pk2IOTest - Consuming 4244 byte(s) from file trade_necklace_e.ddj with size 4244 
07:15:15.438 [main] DEBUG org.sokybot.pk2.Pk2CryptoUtils - File trade_pants_a.ddj is not encrypted , flags not exists
07:15:15.438 [main] INFO org.soky.sro.pk2.io.Pk2IOTest - Consuming 4244 byte(s) from file trade_pants_a.ddj with size 4244 
07:15:15.438 [main] DEBUG org.sokybot.pk2.Pk2CryptoUtils - File trade_pants_a_da.ddj is not encrypted , flags not exists
07:15:15.439 [main] INFO org.soky.sro.pk2.io.Pk2IOTest - Consuming 4244 byte(s) from file trade_pants_a_da.ddj with size 4244 
07:15:15.439 [main] DEBUG org.sokybot.pk2.Pk2CryptoUtils - File trade_pants_a_da_magic.ddj is not encrypted , flags not exists
07:15:15.439 [main] INFO org.soky.sro.pk2.io.Pk2IOTest - Consuming 4244 byte(s) from file trade_pants_a_da_magic.ddj with size 4244 
07:15:15.439 [main] DEBUG org.sokybot.pk2.Pk2CryptoUtils - File trade_pants_a_da_rare.ddj is not encrypted , flags not exists
07:15:15.439 [main] INFO org.soky.sro.pk2.io.Pk2IOTest - Consuming 4244 byte(s) from file trade_pants_a_da_rare.ddj with size 4244 
07:15:15.439 [main] DEBUG org.sokybot.pk2.Pk2CryptoUtils - File trade_pants_a_ma.ddj is not encrypted , flags not exists
07:15:15.439 [main] INFO org.soky.sro.pk2.io.Pk2IOTest - Consuming 4244 byte(s) from file trade_pants_a_ma.ddj with size 4244 
07:15:15.439 [main] DEBUG org.sokybot.pk2.Pk2CryptoUtils - File trade_pants_a_ma_magic.ddj is not encrypted , flags not exists
07:15:15.439 [main] INFO org.soky.sro.pk2.io.Pk2IOTest - Consuming 4244 byte(s) from file trade_pants_a_ma_magic.ddj with size 4244 
07:15:15.439 [main] DEBUG org.sokybot.pk2.Pk2CryptoUtils - File trade_pants_a_ma_rare.ddj is not encrypted , flags not exists
07:15:15.440 [main] INFO org.soky.sro.pk2.io.Pk2IOTest - Consuming 4244 byte(s) from file trade_pants_a_ma_rare.ddj with size 4244 
07:15:15.440 [main] DEBUG org.sokybot.pk2.Pk2CryptoUtils - File trade_pants_a_pa.ddj is not encrypted , flags not exists
07:15:15.440 [main] INFO org.soky.sro.pk2.io.Pk2IOTest - Consuming 4244 byte(s) from file trade_pants_a_pa.ddj with size 4244 
07:15:15.440 [main] DEBUG org.sokybot.pk2.Pk2CryptoUtils - File trade_pants_a_pa_magic.ddj is not encrypted , flags not exists
07:15:15.440 [main] INFO org.soky.sro.pk2.io.Pk2IOTest - Consuming 4244 byte(s) from file trade_pants_a_pa_magic.ddj with size 4244 
07:15:15.440 [main] DEBUG org.sokybot.pk2.Pk2CryptoUtils - File trade_pants_a_pa_rare.ddj is not encrypted , flags not exists
07:15:15.440 [main] INFO org.soky.sro.pk2.io.Pk2IOTest - Consuming 4244 byte(s) from file trade_pants_a_pa_rare.ddj with size 4244 
07:15:15.440 [main] DEBUG org.sokybot.pk2.Pk2CryptoUtils - File trade_pants_b.ddj is not encrypted , flags not exists
07:15:15.440 [main] INFO org.soky.sro.pk2.io.Pk2IOTest - Consuming 4244 byte(s) from file trade_pants_b.ddj with size 4244 
07:15:15.441 [main] DEBUG org.sokybot.pk2.Pk2CryptoUtils - File trade_pants_b_da.ddj is not encrypted , flags not exists
07:15:15.441 [main] INFO org.soky.sro.pk2.io.Pk2IOTest - Consuming 4244 byte(s) from file trade_pants_b_da.ddj with size 4244 
07:15:15.441 [main] DEBUG org.sokybot.pk2.Pk2CryptoUtils - File trade_pants_b_da_magic.ddj is not encrypted , flags not exists
07:15:15.441 [main] INFO org.soky.sro.pk2.io.Pk2IOTest - Consuming 4244 byte(s) from file trade_pants_b_da_magic.ddj with size 4244 
07:15:15.441 [main] DEBUG org.sokybot.pk2.Pk2CryptoUtils - File trade_pants_b_da_rare.ddj is not encrypted , flags not exists
07:15:15.441 [main] INFO org.soky.sro.pk2.io.Pk2IOTest - Consuming 4244 byte(s) from file trade_pants_b_da_rare.ddj with size 4244 
07:15:15.441 [main] DEBUG org.sokybot.pk2.Pk2CryptoUtils - File trade_pants_b_ma.ddj is not encrypted , flags not exists
07:15:15.441 [main] INFO org.soky.sro.pk2.io.Pk2IOTest - Consuming 4244 byte(s) from file trade_pants_b_ma.ddj with size 4244 
07:15:15.441 [main] DEBUG org.sokybot.pk2.Pk2CryptoUtils - File trade_pants_b_ma_magic.ddj is not encrypted , flags not exists
07:15:15.442 [main] INFO org.soky.sro.pk2.io.Pk2IOTest - Consuming 4244 byte(s) from file trade_pants_b_ma_magic.ddj with size 4244 
07:15:15.442 [main] DEBUG org.sokybot.pk2.Pk2CryptoUtils - File trade_pants_b_ma_rare.ddj is not encrypted , flags not exists
07:15:15.442 [main] INFO org.soky.sro.pk2.io.Pk2IOTest - Consuming 4244 byte(s) from file trade_pants_b_ma_rare.ddj with size 4244 
07:15:15.442 [main] DEBUG org.sokybot.pk2.Pk2CryptoUtils - File trade_pants_b_pa.ddj is not encrypted , flags not exists
07:15:15.442 [main] INFO org.soky.sro.pk2.io.Pk2IOTest - Consuming 4244 byte(s) from file trade_pants_b_pa.ddj with size 4244 
07:15:15.442 [main] DEBUG org.sokybot.pk2.Pk2CryptoUtils - File trade_pants_b_pa_magic.ddj is not encrypted , flags not exists
07:15:15.442 [main] INFO org.soky.sro.pk2.io.Pk2IOTest - Consuming 4244 byte(s) from file trade_pants_b_pa_magic.ddj with size 4244 
07:15:15.442 [main] DEBUG org.sokybot.pk2.Pk2CryptoUtils - File trade_pants_b_pa_rare.ddj is not encrypted , flags not exists
07:15:15.442 [main] INFO org.soky.sro.pk2.io.Pk2IOTest - Consuming 4244 byte(s) from file trade_pants_b_pa_rare.ddj with size 4244 
07:15:15.443 [main] DEBUG org.sokybot.pk2.Pk2CryptoUtils - File trade_pants_c.ddj is not encrypted , flags not exists
07:15:15.443 [main] INFO org.soky.sro.pk2.io.Pk2IOTest - Consuming 4244 byte(s) from file trade_pants_c.ddj with size 4244 
07:15:15.443 [main] DEBUG org.sokybot.pk2.Pk2CryptoUtils - File trade_pants_c_da.ddj is not encrypted , flags not exists
07:15:15.443 [main] INFO org.soky.sro.pk2.io.Pk2IOTest - Consuming 4244 byte(s) from file trade_pants_c_da.ddj with size 4244 
07:15:15.443 [main] DEBUG org.sokybot.pk2.Pk2CryptoUtils - File trade_pants_c_da_magic.ddj is not encrypted , flags not exists
07:15:15.443 [main] INFO org.soky.sro.pk2.io.Pk2IOTest - Consuming 4244 byte(s) from file trade_pants_c_da_magic.ddj with size 4244 
07:15:15.443 [main] DEBUG org.sokybot.pk2.Pk2CryptoUtils - File trade_pants_c_da_rare.ddj is not encrypted , flags not exists
07:15:15.443 [main] INFO org.soky.sro.pk2.io.Pk2IOTest - Consuming 4244 byte(s) from file trade_pants_c_da_rare.ddj with size 4244 
07:15:15.443 [main] DEBUG org.sokybot.pk2.Pk2CryptoUtils - File trade_pants_c_ma.ddj is not encrypted , flags not exists
07:15:15.443 [main] INFO org.soky.sro.pk2.io.Pk2IOTest - Consuming 4244 byte(s) from file trade_pants_c_ma.ddj with size 4244 
07:15:15.444 [main] DEBUG org.sokybot.pk2.Pk2CryptoUtils - File trade_pants_c_ma_magic.ddj is not encrypted , flags not exists
07:15:15.444 [main] INFO org.soky.sro.pk2.io.Pk2IOTest - Consuming 4244 byte(s) from file trade_pants_c_ma_magic.ddj with size 4244 
07:15:15.444 [main] DEBUG org.sokybot.pk2.Pk2CryptoUtils - File trade_pants_c_ma_rare.ddj is not encrypted , flags not exists
07:15:15.444 [main] INFO org.soky.sro.pk2.io.Pk2IOTest - Consuming 4244 byte(s) from file trade_pants_c_ma_rare.ddj with size 4244 
07:15:15.444 [main] DEBUG org.sokybot.pk2.Pk2CryptoUtils - File trade_pants_c_pa.ddj is not encrypted , flags not exists
07:15:15.444 [main] INFO org.soky.sro.pk2.io.Pk2IOTest - Consuming 4244 byte(s) from file trade_pants_c_pa.ddj with size 4244 
07:15:15.445 [main] DEBUG org.sokybot.pk2.Pk2CryptoUtils - File trade_pants_c_pa_magic.ddj is not encrypted , flags not exists
07:15:15.445 [main] INFO org.soky.sro.pk2.io.Pk2IOTest - Consuming 4244 byte(s) from file trade_pants_c_pa_magic.ddj with size 4244 
07:15:15.445 [main] DEBUG org.sokybot.pk2.Pk2CryptoUtils - File trade_pants_c_pa_rare.ddj is not encrypted , flags not exists
07:15:15.445 [main] INFO org.soky.sro.pk2.io.Pk2IOTest - Consuming 4244 byte(s) from file trade_pants_c_pa_rare.ddj with size 4244 
07:15:15.445 [main] DEBUG org.sokybot.pk2.Pk2CryptoUtils - File trade_pants_d.ddj is not encrypted , flags not exists
07:15:15.445 [main] INFO org.soky.sro.pk2.io.Pk2IOTest - Consuming 4244 byte(s) from file trade_pants_d.ddj with size 4244 
07:15:15.446 [main] DEBUG org.sokybot.pk2.Pk2CryptoUtils - File trade_pants_e.ddj is not encrypted , flags not exists
07:15:15.446 [main] INFO org.soky.sro.pk2.io.Pk2IOTest - Consuming 4244 byte(s) from file trade_pants_e.ddj with size 4244 
07:15:15.446 [main] DEBUG org.sokybot.pk2.Pk2CryptoUtils - File trade_qno_normal_009.ddj is not encrypted , flags not exists
07:15:15.446 [main] INFO org.soky.sro.pk2.io.Pk2IOTest - Consuming 4244 byte(s) from file trade_qno_normal_009.ddj with size 4244 
07:15:15.446 [main] DEBUG org.sokybot.pk2.Pk2CryptoUtils - File trade_ring_a.ddj is not encrypted , flags not exists
07:15:15.446 [main] INFO org.soky.sro.pk2.io.Pk2IOTest - Consuming 4244 byte(s) from file trade_ring_a.ddj with size 4244 
07:15:15.447 [main] DEBUG org.sokybot.pk2.Pk2CryptoUtils - File trade_ring_a_da.ddj is not encrypted , flags not exists
07:15:15.447 [main] INFO org.soky.sro.pk2.io.Pk2IOTest - Consuming 4244 byte(s) from file trade_ring_a_da.ddj with size 4244 
07:15:15.447 [main] DEBUG org.sokybot.pk2.Pk2CryptoUtils - File trade_ring_a_da_magic.ddj is not encrypted , flags not exists
07:15:15.447 [main] INFO org.soky.sro.pk2.io.Pk2IOTest - Consuming 4244 byte(s) from file trade_ring_a_da_magic.ddj with size 4244 
07:15:15.447 [main] DEBUG org.sokybot.pk2.Pk2CryptoUtils - File trade_ring_a_da_rare.ddj is not encrypted , flags not exists
07:15:15.447 [main] INFO org.soky.sro.pk2.io.Pk2IOTest - Consuming 4244 byte(s) from file trade_ring_a_da_rare.ddj with size 4244 
07:15:15.448 [main] DEBUG org.sokybot.pk2.Pk2CryptoUtils - File trade_ring_a_ma.ddj is not encrypted , flags not exists
07:15:15.448 [main] INFO org.soky.sro.pk2.io.Pk2IOTest - Consuming 4244 byte(s) from file trade_ring_a_ma.ddj with size 4244 
07:15:15.448 [main] DEBUG org.sokybot.pk2.Pk2CryptoUtils - File trade_ring_a_ma_magic.ddj is not encrypted , flags not exists
07:15:15.448 [main] INFO org.soky.sro.pk2.io.Pk2IOTest - Consuming 4244 byte(s) from file trade_ring_a_ma_magic.ddj with size 4244 
07:15:15.448 [main] DEBUG org.sokybot.pk2.Pk2CryptoUtils - File trade_ring_a_ma_rare.ddj is not encrypted , flags not exists
07:15:15.448 [main] INFO org.soky.sro.pk2.io.Pk2IOTest - Consuming 4244 byte(s) from file trade_ring_a_ma_rare.ddj with size 4244 
07:15:15.449 [main] DEBUG org.sokybot.pk2.Pk2CryptoUtils - File trade_ring_a_pa.ddj is not encrypted , flags not exists
07:15:15.449 [main] INFO org.soky.sro.pk2.io.Pk2IOTest - Consuming 4244 byte(s) from file trade_ring_a_pa.ddj with size 4244 
07:15:15.449 [main] DEBUG org.sokybot.pk2.Pk2CryptoUtils - File trade_ring_a_pa_magic.ddj is not encrypted , flags not exists
07:15:15.449 [main] INFO org.soky.sro.pk2.io.Pk2IOTest - Consuming 4244 byte(s) from file trade_ring_a_pa_magic.ddj with size 4244 
07:15:15.449 [main] DEBUG org.sokybot.pk2.Pk2CryptoUtils - File trade_ring_a_pa_rare.ddj is not encrypted , flags not exists
07:15:15.449 [main] INFO org.soky.sro.pk2.io.Pk2IOTest - Consuming 4244 byte(s) from file trade_ring_a_pa_rare.ddj with size 4244 
07:15:15.450 [main] DEBUG org.sokybot.pk2.Pk2CryptoUtils - File trade_ring_b.ddj is not encrypted , flags not exists
07:15:15.450 [main] INFO org.soky.sro.pk2.io.Pk2IOTest - Consuming 4244 byte(s) from file trade_ring_b.ddj with size 4244 
07:15:15.450 [main] DEBUG org.sokybot.pk2.Pk2CryptoUtils - File trade_ring_b_da.ddj is not encrypted , flags not exists
07:15:15.450 [main] INFO org.soky.sro.pk2.io.Pk2IOTest - Consuming 4244 byte(s) from file trade_ring_b_da.ddj with size 4244 
07:15:15.450 [main] DEBUG org.sokybot.pk2.Pk2CryptoUtils - File trade_ring_b_da_magic.ddj is not encrypted , flags not exists
07:15:15.450 [main] INFO org.soky.sro.pk2.io.Pk2IOTest - Consuming 4244 byte(s) from file trade_ring_b_da_magic.ddj with size 4244 
07:15:15.450 [main] DEBUG org.sokybot.pk2.Pk2CryptoUtils - File trade_ring_b_da_rare.ddj is not encrypted , flags not exists
07:15:15.451 [main] INFO org.soky.sro.pk2.io.Pk2IOTest - Consuming 4244 byte(s) from file trade_ring_b_da_rare.ddj with size 4244 
07:15:15.451 [main] DEBUG org.sokybot.pk2.Pk2CryptoUtils - File trade_ring_b_ma.ddj is not encrypted , flags not exists
07:15:15.451 [main] INFO org.soky.sro.pk2.io.Pk2IOTest - Consuming 4244 byte(s) from file trade_ring_b_ma.ddj with size 4244 
07:15:15.451 [main] DEBUG org.sokybot.pk2.Pk2CryptoUtils - File trade_ring_b_ma_magic.ddj is not encrypted , flags not exists
07:15:15.451 [main] INFO org.soky.sro.pk2.io.Pk2IOTest - Consuming 4244 byte(s) from file trade_ring_b_ma_magic.ddj with size 4244 
07:15:15.452 [main] DEBUG org.sokybot.pk2.Pk2CryptoUtils - File trade_ring_b_ma_rare.ddj is not encrypted , flags not exists
07:15:15.452 [main] INFO org.soky.sro.pk2.io.Pk2IOTest - Consuming 4244 byte(s) from file trade_ring_b_ma_rare.ddj with size 4244 
07:15:15.452 [main] DEBUG org.sokybot.pk2.Pk2CryptoUtils - File trade_ring_b_pa.ddj is not encrypted , flags not exists
07:15:15.452 [main] INFO org.soky.sro.pk2.io.Pk2IOTest - Consuming 4244 byte(s) from file trade_ring_b_pa.ddj with size 4244 
07:15:15.452 [main] DEBUG org.sokybot.pk2.Pk2CryptoUtils - File trade_ring_b_pa_magic.ddj is not encrypted , flags not exists
07:15:15.452 [main] INFO org.soky.sro.pk2.io.Pk2IOTest - Consuming 4244 byte(s) from file trade_ring_b_pa_magic.ddj with size 4244 
07:15:15.453 [main] DEBUG org.sokybot.pk2.Pk2CryptoUtils - File trade_ring_b_pa_rare.ddj is not encrypted , flags not exists
07:15:15.453 [main] INFO org.soky.sro.pk2.io.Pk2IOTest - Consuming 4244 byte(s) from file trade_ring_b_pa_rare.ddj with size 4244 
07:15:15.453 [main] DEBUG org.sokybot.pk2.Pk2CryptoUtils - File trade_ring_c.ddj is not encrypted , flags not exists
07:15:15.453 [main] INFO org.soky.sro.pk2.io.Pk2IOTest - Consuming 4244 byte(s) from file trade_ring_c.ddj with size 4244 
07:15:15.453 [main] DEBUG org.sokybot.pk2.Pk2CryptoUtils - File trade_ring_c_da.ddj is not encrypted , flags not exists
07:15:15.453 [main] INFO org.soky.sro.pk2.io.Pk2IOTest - Consuming 4244 byte(s) from file trade_ring_c_da.ddj with size 4244 
07:15:15.453 [main] DEBUG org.sokybot.pk2.Pk2CryptoUtils - File trade_ring_c_da_magic.ddj is not encrypted , flags not exists
07:15:15.454 [main] INFO org.soky.sro.pk2.io.Pk2IOTest - Consuming 4244 byte(s) from file trade_ring_c_da_magic.ddj with size 4244 
07:15:15.454 [main] DEBUG org.sokybot.pk2.Pk2CryptoUtils - File trade_ring_c_da_rare.ddj is not encrypted , flags not exists
07:15:15.454 [main] INFO org.soky.sro.pk2.io.Pk2IOTest - Consuming 4244 byte(s) from file trade_ring_c_da_rare.ddj with size 4244 
07:15:15.454 [main] DEBUG org.sokybot.pk2.Pk2CryptoUtils - File trade_ring_c_ma.ddj is not encrypted , flags not exists
07:15:15.454 [main] INFO org.soky.sro.pk2.io.Pk2IOTest - Consuming 4244 byte(s) from file trade_ring_c_ma.ddj with size 4244 
07:15:15.454 [main] DEBUG org.sokybot.pk2.Pk2CryptoUtils - File trade_ring_c_ma_magic.ddj is not encrypted , flags not exists
07:15:15.455 [main] INFO org.soky.sro.pk2.io.Pk2IOTest - Consuming 4244 byte(s) from file trade_ring_c_ma_magic.ddj with size 4244 
07:15:15.455 [main] DEBUG org.sokybot.pk2.Pk2CryptoUtils - File trade_ring_c_ma_rare.ddj is not encrypted , flags not exists
07:15:15.455 [main] INFO org.soky.sro.pk2.io.Pk2IOTest - Consuming 4244 byte(s) from file trade_ring_c_ma_rare.ddj with size 4244 
07:15:15.455 [main] DEBUG org.sokybot.pk2.Pk2CryptoUtils - File trade_ring_c_pa.ddj is not encrypted , flags not exists
07:15:15.455 [main] INFO org.soky.sro.pk2.io.Pk2IOTest - Consuming 4244 byte(s) from file trade_ring_c_pa.ddj with size 4244 
07:15:15.455 [main] DEBUG org.sokybot.pk2.Pk2CryptoUtils - File trade_ring_c_pa_magic.ddj is not encrypted , flags not exists
07:15:15.456 [main] INFO org.soky.sro.pk2.io.Pk2IOTest - Consuming 4244 byte(s) from file trade_ring_c_pa_magic.ddj with size 4244 
07:15:15.456 [main] DEBUG org.sokybot.pk2.Pk2CryptoUtils - File trade_ring_c_pa_rare.ddj is not encrypted , flags not exists
07:15:15.456 [main] INFO org.soky.sro.pk2.io.Pk2IOTest - Consuming 4244 byte(s) from file trade_ring_c_pa_rare.ddj with size 4244 
07:15:15.456 [main] DEBUG org.sokybot.pk2.Pk2CryptoUtils - File trade_ring_d.ddj is not encrypted , flags not exists
07:15:15.456 [main] INFO org.soky.sro.pk2.io.Pk2IOTest - Consuming 4244 byte(s) from file trade_ring_d.ddj with size 4244 
07:15:15.456 [main] DEBUG org.sokybot.pk2.Pk2CryptoUtils - File trade_ring_e.ddj is not encrypted , flags not exists
07:15:15.456 [main] INFO org.soky.sro.pk2.io.Pk2IOTest - Consuming 4244 byte(s) from file trade_ring_e.ddj with size 4244 
07:15:15.456 [main] DEBUG org.sokybot.pk2.Pk2CryptoUtils - File trade_shoes_a.ddj is not encrypted , flags not exists
07:15:15.456 [main] INFO org.soky.sro.pk2.io.Pk2IOTest - Consuming 4244 byte(s) from file trade_shoes_a.ddj with size 4244 
07:15:15.457 [main] DEBUG org.sokybot.pk2.Pk2CryptoUtils - File trade_shoes_a_da.ddj is not encrypted , flags not exists
07:15:15.457 [main] INFO org.soky.sro.pk2.io.Pk2IOTest - Consuming 4244 byte(s) from file trade_shoes_a_da.ddj with size 4244 
07:15:15.457 [main] DEBUG org.sokybot.pk2.Pk2CryptoUtils - File trade_shoes_a_da_magic.ddj is not encrypted , flags not exists
07:15:15.457 [main] INFO org.soky.sro.pk2.io.Pk2IOTest - Consuming 4244 byte(s) from file trade_shoes_a_da_magic.ddj with size 4244 
07:15:15.457 [main] DEBUG org.sokybot.pk2.Pk2CryptoUtils - File trade_shoes_a_da_rare.ddj is not encrypted , flags not exists
07:15:15.457 [main] INFO org.soky.sro.pk2.io.Pk2IOTest - Consuming 4244 byte(s) from file trade_shoes_a_da_rare.ddj with size 4244 
07:15:15.457 [main] DEBUG org.sokybot.pk2.Pk2CryptoUtils - File trade_shoes_a_ma.ddj is not encrypted , flags not exists
07:15:15.457 [main] INFO org.soky.sro.pk2.io.Pk2IOTest - Consuming 4244 byte(s) from file trade_shoes_a_ma.ddj with size 4244 
07:15:15.457 [main] DEBUG org.sokybot.pk2.Pk2CryptoUtils - File trade_shoes_a_ma_magic.ddj is not encrypted , flags not exists
07:15:15.457 [main] INFO org.soky.sro.pk2.io.Pk2IOTest - Consuming 4244 byte(s) from file trade_shoes_a_ma_magic.ddj with size 4244 
07:15:15.458 [main] DEBUG org.sokybot.pk2.Pk2CryptoUtils - File trade_shoes_a_ma_rare.ddj is not encrypted , flags not exists
07:15:15.458 [main] INFO org.soky.sro.pk2.io.Pk2IOTest - Consuming 4244 byte(s) from file trade_shoes_a_ma_rare.ddj with size 4244 
07:15:15.458 [main] DEBUG org.sokybot.pk2.Pk2CryptoUtils - File trade_shoes_a_pa.ddj is not encrypted , flags not exists
07:15:15.458 [main] INFO org.soky.sro.pk2.io.Pk2IOTest - Consuming 4244 byte(s) from file trade_shoes_a_pa.ddj with size 4244 
07:15:15.458 [main] DEBUG org.sokybot.pk2.Pk2CryptoUtils - File trade_shoes_a_pa_magic.ddj is not encrypted , flags not exists
07:15:15.458 [main] INFO org.soky.sro.pk2.io.Pk2IOTest - Consuming 4244 byte(s) from file trade_shoes_a_pa_magic.ddj with size 4244 
07:15:15.458 [main] DEBUG org.sokybot.pk2.Pk2CryptoUtils - File trade_shoes_a_pa_rare.ddj is not encrypted , flags not exists
07:15:15.458 [main] INFO org.soky.sro.pk2.io.Pk2IOTest - Consuming 4244 byte(s) from file trade_shoes_a_pa_rare.ddj with size 4244 
07:15:15.459 [main] DEBUG org.sokybot.pk2.Pk2CryptoUtils - File trade_shoes_b.ddj is not encrypted , flags not exists
07:15:15.459 [main] INFO org.soky.sro.pk2.io.Pk2IOTest - Consuming 4244 byte(s) from file trade_shoes_b.ddj with size 4244 
07:15:15.459 [main] DEBUG org.sokybot.pk2.Pk2CryptoUtils - File trade_shoes_b_da.ddj is not encrypted , flags not exists
07:15:15.459 [main] INFO org.soky.sro.pk2.io.Pk2IOTest - Consuming 4244 byte(s) from file trade_shoes_b_da.ddj with size 4244 
07:15:15.459 [main] DEBUG org.sokybot.pk2.Pk2CryptoUtils - File trade_shoes_b_da_magic.ddj is not encrypted , flags not exists
07:15:15.459 [main] INFO org.soky.sro.pk2.io.Pk2IOTest - Consuming 4244 byte(s) from file trade_shoes_b_da_magic.ddj with size 4244 
07:15:15.459 [main] DEBUG org.sokybot.pk2.Pk2CryptoUtils - File trade_shoes_b_da_rare.ddj is not encrypted , flags not exists
07:15:15.459 [main] INFO org.soky.sro.pk2.io.Pk2IOTest - Consuming 4244 byte(s) from file trade_shoes_b_da_rare.ddj with size 4244 
07:15:15.460 [main] DEBUG org.sokybot.pk2.Pk2CryptoUtils - File trade_shoes_b_ma.ddj is not encrypted , flags not exists
07:15:15.460 [main] INFO org.soky.sro.pk2.io.Pk2IOTest - Consuming 4244 byte(s) from file trade_shoes_b_ma.ddj with size 4244 
07:15:15.460 [main] DEBUG org.sokybot.pk2.Pk2CryptoUtils - File trade_shoes_b_ma_magic.ddj is not encrypted , flags not exists
07:15:15.460 [main] INFO org.soky.sro.pk2.io.Pk2IOTest - Consuming 4244 byte(s) from file trade_shoes_b_ma_magic.ddj with size 4244 
07:15:15.460 [main] DEBUG org.sokybot.pk2.Pk2CryptoUtils - File trade_shoes_b_ma_rare.ddj is not encrypted , flags not exists
07:15:15.461 [main] INFO org.soky.sro.pk2.io.Pk2IOTest - Consuming 4244 byte(s) from file trade_shoes_b_ma_rare.ddj with size 4244 
07:15:15.461 [main] DEBUG org.sokybot.pk2.Pk2CryptoUtils - File trade_shoes_b_pa.ddj is not encrypted , flags not exists
07:15:15.461 [main] INFO org.soky.sro.pk2.io.Pk2IOTest - Consuming 4244 byte(s) from file trade_shoes_b_pa.ddj with size 4244 
07:15:15.461 [main] DEBUG org.sokybot.pk2.Pk2CryptoUtils - File trade_shoes_b_pa_magic.ddj is not encrypted , flags not exists
07:15:15.461 [main] INFO org.soky.sro.pk2.io.Pk2IOTest - Consuming 4244 byte(s) from file trade_shoes_b_pa_magic.ddj with size 4244 
07:15:15.461 [main] DEBUG org.sokybot.pk2.Pk2CryptoUtils - File trade_shoes_b_pa_rare.ddj is not encrypted , flags not exists
07:15:15.462 [main] INFO org.soky.sro.pk2.io.Pk2IOTest - Consuming 4244 byte(s) from file trade_shoes_b_pa_rare.ddj with size 4244 
07:15:15.462 [main] DEBUG org.sokybot.pk2.Pk2CryptoUtils - File trade_shoes_c.ddj is not encrypted , flags not exists
07:15:15.462 [main] INFO org.soky.sro.pk2.io.Pk2IOTest - Consuming 4244 byte(s) from file trade_shoes_c.ddj with size 4244 
07:15:15.462 [main] DEBUG org.sokybot.pk2.Pk2CryptoUtils - File trade_shoes_c_da.ddj is not encrypted , flags not exists
07:15:15.462 [main] INFO org.soky.sro.pk2.io.Pk2IOTest - Consuming 4244 byte(s) from file trade_shoes_c_da.ddj with size 4244 
07:15:15.462 [main] DEBUG org.sokybot.pk2.Pk2CryptoUtils - File trade_shoes_c_da_magic.ddj is not encrypted , flags not exists
07:15:15.463 [main] INFO org.soky.sro.pk2.io.Pk2IOTest - Consuming 4244 byte(s) from file trade_shoes_c_da_magic.ddj with size 4244 
07:15:15.463 [main] DEBUG org.sokybot.pk2.Pk2CryptoUtils - File trade_shoes_c_da_rare.ddj is not encrypted , flags not exists
07:15:15.463 [main] INFO org.soky.sro.pk2.io.Pk2IOTest - Consuming 4244 byte(s) from file trade_shoes_c_da_rare.ddj with size 4244 
07:15:15.463 [main] DEBUG org.sokybot.pk2.Pk2CryptoUtils - File trade_shoes_c_ma.ddj is not encrypted , flags not exists
07:15:15.463 [main] INFO org.soky.sro.pk2.io.Pk2IOTest - Consuming 4244 byte(s) from file trade_shoes_c_ma.ddj with size 4244 
07:15:15.463 [main] DEBUG org.sokybot.pk2.Pk2CryptoUtils - File trade_shoes_c_ma_magic.ddj is not encrypted , flags not exists
07:15:15.463 [main] INFO org.soky.sro.pk2.io.Pk2IOTest - Consuming 4244 byte(s) from file trade_shoes_c_ma_magic.ddj with size 4244 
07:15:15.464 [main] DEBUG org.sokybot.pk2.Pk2CryptoUtils - File trade_shoes_c_ma_rare.ddj is not encrypted , flags not exists
07:15:15.464 [main] INFO org.soky.sro.pk2.io.Pk2IOTest - Consuming 4244 byte(s) from file trade_shoes_c_ma_rare.ddj with size 4244 
07:15:15.464 [main] DEBUG org.sokybot.pk2.Pk2CryptoUtils - File trade_shoes_c_pa.ddj is not encrypted , flags not exists
07:15:15.464 [main] INFO org.soky.sro.pk2.io.Pk2IOTest - Consuming 4244 byte(s) from file trade_shoes_c_pa.ddj with size 4244 
07:15:15.464 [main] DEBUG org.sokybot.pk2.Pk2CryptoUtils - File trade_shoes_c_pa_magic.ddj is not encrypted , flags not exists
07:15:15.464 [main] INFO org.soky.sro.pk2.io.Pk2IOTest - Consuming 4244 byte(s) from file trade_shoes_c_pa_magic.ddj with size 4244 
07:15:15.464 [main] DEBUG org.sokybot.pk2.Pk2CryptoUtils - File trade_shoes_c_pa_rare.ddj is not encrypted , flags not exists
07:15:15.465 [main] INFO org.soky.sro.pk2.io.Pk2IOTest - Consuming 4244 byte(s) from file trade_shoes_c_pa_rare.ddj with size 4244 
07:15:15.465 [main] DEBUG org.sokybot.pk2.Pk2CryptoUtils - File trade_shoes_d.ddj is not encrypted , flags not exists
07:15:15.465 [main] INFO org.soky.sro.pk2.io.Pk2IOTest - Consuming 4244 byte(s) from file trade_shoes_d.ddj with size 4244 
07:15:15.465 [main] DEBUG org.sokybot.pk2.Pk2CryptoUtils - File trade_shoes_e.ddj is not encrypted , flags not exists
07:15:15.465 [main] INFO org.soky.sro.pk2.io.Pk2IOTest - Consuming 4244 byte(s) from file trade_shoes_e.ddj with size 4244 
07:15:15.465 [main] DEBUG org.sokybot.pk2.Pk2CryptoUtils - File trade_shoulder_a.ddj is not encrypted , flags not exists
07:15:15.466 [main] INFO org.soky.sro.pk2.io.Pk2IOTest - Consuming 4244 byte(s) from file trade_shoulder_a.ddj with size 4244 
07:15:15.466 [main] DEBUG org.sokybot.pk2.Pk2CryptoUtils - File trade_shoulder_a_da.ddj is not encrypted , flags not exists
07:15:15.466 [main] INFO org.soky.sro.pk2.io.Pk2IOTest - Consuming 4244 byte(s) from file trade_shoulder_a_da.ddj with size 4244 
07:15:15.466 [main] DEBUG org.sokybot.pk2.Pk2CryptoUtils - File trade_shoulder_a_da_magic.ddj is not encrypted , flags not exists
07:15:15.466 [main] INFO org.soky.sro.pk2.io.Pk2IOTest - Consuming 4244 byte(s) from file trade_shoulder_a_da_magic.ddj with size 4244 
07:15:15.466 [main] DEBUG org.sokybot.pk2.Pk2CryptoUtils - File trade_shoulder_a_da_rare.ddj is not encrypted , flags not exists
07:15:15.466 [main] INFO org.soky.sro.pk2.io.Pk2IOTest - Consuming 4244 byte(s) from file trade_shoulder_a_da_rare.ddj with size 4244 
07:15:15.467 [main] DEBUG org.sokybot.pk2.Pk2CryptoUtils - File trade_shoulder_a_ma.ddj is not encrypted , flags not exists
07:15:15.467 [main] INFO org.soky.sro.pk2.io.Pk2IOTest - Consuming 4244 byte(s) from file trade_shoulder_a_ma.ddj with size 4244 
07:15:15.467 [main] DEBUG org.sokybot.pk2.Pk2CryptoUtils - File trade_shoulder_a_ma_magic.ddj is not encrypted , flags not exists
07:15:15.467 [main] INFO org.soky.sro.pk2.io.Pk2IOTest - Consuming 4244 byte(s) from file trade_shoulder_a_ma_magic.ddj with size 4244 
07:15:15.467 [main] DEBUG org.sokybot.pk2.Pk2CryptoUtils - File trade_shoulder_a_ma_rare.ddj is not encrypted , flags not exists
07:15:15.467 [main] INFO org.soky.sro.pk2.io.Pk2IOTest - Consuming 4244 byte(s) from file trade_shoulder_a_ma_rare.ddj with size 4244 
07:15:15.467 [main] DEBUG org.sokybot.pk2.Pk2CryptoUtils - File trade_shoulder_a_pa.ddj is not encrypted , flags not exists
07:15:15.468 [main] INFO org.soky.sro.pk2.io.Pk2IOTest - Consuming 4244 byte(s) from file trade_shoulder_a_pa.ddj with size 4244 
07:15:15.468 [main] DEBUG org.sokybot.pk2.Pk2CryptoUtils - File trade_shoulder_a_pa_magic.ddj is not encrypted , flags not exists
07:15:15.468 [main] INFO org.soky.sro.pk2.io.Pk2IOTest - Consuming 4244 byte(s) from file trade_shoulder_a_pa_magic.ddj with size 4244 
07:15:15.468 [main] DEBUG org.sokybot.pk2.Pk2CryptoUtils - File trade_shoulder_a_pa_rare.ddj is not encrypted , flags not exists
07:15:15.468 [main] INFO org.soky.sro.pk2.io.Pk2IOTest - Consuming 4244 byte(s) from file trade_shoulder_a_pa_rare.ddj with size 4244 
07:15:15.468 [main] DEBUG org.sokybot.pk2.Pk2CryptoUtils - File trade_shoulder_b.ddj is not encrypted , flags not exists
07:15:15.468 [main] INFO org.soky.sro.pk2.io.Pk2IOTest - Consuming 4244 byte(s) from file trade_shoulder_b.ddj with size 4244 
07:15:15.468 [main] DEBUG org.sokybot.pk2.Pk2CryptoUtils - File trade_shoulder_b_da.ddj is not encrypted , flags not exists
07:15:15.468 [main] INFO org.soky.sro.pk2.io.Pk2IOTest - Consuming 4244 byte(s) from file trade_shoulder_b_da.ddj with size 4244 
07:15:15.469 [main] DEBUG org.sokybot.pk2.Pk2CryptoUtils - File trade_shoulder_b_da_magic.ddj is not encrypted , flags not exists
07:15:15.469 [main] INFO org.soky.sro.pk2.io.Pk2IOTest - Consuming 4244 byte(s) from file trade_shoulder_b_da_magic.ddj with size 4244 
07:15:15.469 [main] DEBUG org.sokybot.pk2.Pk2CryptoUtils - File trade_shoulder_b_da_rare.ddj is not encrypted , flags not exists
07:15:15.469 [main] INFO org.soky.sro.pk2.io.Pk2IOTest - Consuming 4244 byte(s) from file trade_shoulder_b_da_rare.ddj with size 4244 
07:15:15.469 [main] DEBUG org.sokybot.pk2.Pk2CryptoUtils - File trade_shoulder_b_ma.ddj is not encrypted , flags not exists
07:15:15.469 [main] INFO org.soky.sro.pk2.io.Pk2IOTest - Consuming 4244 byte(s) from file trade_shoulder_b_ma.ddj with size 4244 
07:15:15.469 [main] DEBUG org.sokybot.pk2.Pk2CryptoUtils - File trade_shoulder_b_ma_magic.ddj is not encrypted , flags not exists
07:15:15.469 [main] INFO org.soky.sro.pk2.io.Pk2IOTest - Consuming 4244 byte(s) from file trade_shoulder_b_ma_magic.ddj with size 4244 
07:15:15.469 [main] DEBUG org.sokybot.pk2.Pk2CryptoUtils - File trade_shoulder_b_ma_rare.ddj is not encrypted , flags not exists
07:15:15.470 [main] INFO org.soky.sro.pk2.io.Pk2IOTest - Consuming 4244 byte(s) from file trade_shoulder_b_ma_rare.ddj with size 4244 
07:15:15.470 [main] DEBUG org.sokybot.pk2.Pk2CryptoUtils - File trade_shoulder_b_pa.ddj is not encrypted , flags not exists
07:15:15.470 [main] INFO org.soky.sro.pk2.io.Pk2IOTest - Consuming 4244 byte(s) from file trade_shoulder_b_pa.ddj with size 4244 
07:15:15.470 [main] DEBUG org.sokybot.pk2.Pk2CryptoUtils - File trade_shoulder_b_pa_magic.ddj is not encrypted , flags not exists
07:15:15.470 [main] INFO org.soky.sro.pk2.io.Pk2IOTest - Consuming 4244 byte(s) from file trade_shoulder_b_pa_magic.ddj with size 4244 
07:15:15.470 [main] DEBUG org.sokybot.pk2.Pk2CryptoUtils - File trade_shoulder_b_pa_rare.ddj is not encrypted , flags not exists
07:15:15.470 [main] INFO org.soky.sro.pk2.io.Pk2IOTest - Consuming 4244 byte(s) from file trade_shoulder_b_pa_rare.ddj with size 4244 
07:15:15.470 [main] DEBUG org.sokybot.pk2.Pk2CryptoUtils - File trade_shoulder_c.ddj is not encrypted , flags not exists
07:15:15.470 [main] INFO org.soky.sro.pk2.io.Pk2IOTest - Consuming 4244 byte(s) from file trade_shoulder_c.ddj with size 4244 
07:15:15.470 [main] DEBUG org.sokybot.pk2.Pk2CryptoUtils - File trade_shoulder_c_da.ddj is not encrypted , flags not exists
07:15:15.471 [main] INFO org.soky.sro.pk2.io.Pk2IOTest - Consuming 4244 byte(s) from file trade_shoulder_c_da.ddj with size 4244 
07:15:15.471 [main] DEBUG org.sokybot.pk2.Pk2CryptoUtils - File trade_shoulder_c_da_magic.ddj is not encrypted , flags not exists
07:15:15.471 [main] INFO org.soky.sro.pk2.io.Pk2IOTest - Consuming 4244 byte(s) from file trade_shoulder_c_da_magic.ddj with size 4244 
07:15:15.471 [main] DEBUG org.sokybot.pk2.Pk2CryptoUtils - File trade_shoulder_c_da_rare.ddj is not encrypted , flags not exists
07:15:15.471 [main] INFO org.soky.sro.pk2.io.Pk2IOTest - Consuming 4244 byte(s) from file trade_shoulder_c_da_rare.ddj with size 4244 
07:15:15.471 [main] DEBUG org.sokybot.pk2.Pk2CryptoUtils - File trade_shoulder_c_ma.ddj is not encrypted , flags not exists
07:15:15.471 [main] INFO org.soky.sro.pk2.io.Pk2IOTest - Consuming 4244 byte(s) from file trade_shoulder_c_ma.ddj with size 4244 
07:15:15.471 [main] DEBUG org.sokybot.pk2.Pk2CryptoUtils - File trade_shoulder_c_ma_magic.ddj is not encrypted , flags not exists
07:15:15.471 [main] INFO org.soky.sro.pk2.io.Pk2IOTest - Consuming 4244 byte(s) from file trade_shoulder_c_ma_magic.ddj with size 4244 
07:15:15.472 [main] DEBUG org.sokybot.pk2.Pk2CryptoUtils - File trade_shoulder_c_ma_rare.ddj is not encrypted , flags not exists
07:15:15.472 [main] INFO org.soky.sro.pk2.io.Pk2IOTest - Consuming 4244 byte(s) from file trade_shoulder_c_ma_rare.ddj with size 4244 
07:15:15.472 [main] DEBUG org.sokybot.pk2.Pk2CryptoUtils - File trade_shoulder_c_pa.ddj is not encrypted , flags not exists
07:15:15.472 [main] INFO org.soky.sro.pk2.io.Pk2IOTest - Consuming 4244 byte(s) from file trade_shoulder_c_pa.ddj with size 4244 
07:15:15.472 [main] DEBUG org.sokybot.pk2.Pk2CryptoUtils - File trade_shoulder_c_pa_magic.ddj is not encrypted , flags not exists
07:15:15.472 [main] INFO org.soky.sro.pk2.io.Pk2IOTest - Consuming 4244 byte(s) from file trade_shoulder_c_pa_magic.ddj with size 4244 
07:15:15.472 [main] DEBUG org.sokybot.pk2.Pk2CryptoUtils - File trade_shoulder_c_pa_rare.ddj is not encrypted , flags not exists
07:15:15.472 [main] INFO org.soky.sro.pk2.io.Pk2IOTest - Consuming 4244 byte(s) from file trade_shoulder_c_pa_rare.ddj with size 4244 
07:15:15.472 [main] DEBUG org.sokybot.pk2.Pk2CryptoUtils - File trade_shoulder_d.ddj is not encrypted , flags not exists
07:15:15.473 [main] INFO org.soky.sro.pk2.io.Pk2IOTest - Consuming 4244 byte(s) from file trade_shoulder_d.ddj with size 4244 
07:15:15.473 [main] DEBUG org.sokybot.pk2.Pk2CryptoUtils - File trade_shoulder_e.ddj is not encrypted , flags not exists
07:15:15.473 [main] INFO org.soky.sro.pk2.io.Pk2IOTest - Consuming 4244 byte(s) from file trade_shoulder_e.ddj with size 4244 
07:15:15.473 [main] DEBUG org.sokybot.pk2.Pk2CryptoUtils - File trade_special_box.ddj is not encrypted , flags not exists
07:15:15.473 [main] INFO org.soky.sro.pk2.io.Pk2IOTest - Consuming 4244 byte(s) from file trade_special_box.ddj with size 4244 
07:15:15.473 [main] DEBUG org.sokybot.pk2.Pk2CryptoUtils - File trade_statement.ddj is not encrypted , flags not exists
07:15:15.473 [main] INFO org.soky.sro.pk2.io.Pk2IOTest - Consuming 4244 byte(s) from file trade_statement.ddj with size 4244 
07:15:15.473 [main] DEBUG org.sokybot.pk2.Pk2CryptoUtils - File trade_strenthrune_a.ddj is not encrypted , flags not exists
07:15:15.474 [main] INFO org.soky.sro.pk2.io.Pk2IOTest - Consuming 4244 byte(s) from file trade_strenthrune_a.ddj with size 4244 
07:15:15.474 [main] DEBUG org.sokybot.pk2.Pk2CryptoUtils - File trade_strenthrune_b.ddj is not encrypted , flags not exists
07:15:15.474 [main] INFO org.soky.sro.pk2.io.Pk2IOTest - Consuming 4244 byte(s) from file trade_strenthrune_b.ddj with size 4244 
07:15:15.474 [main] DEBUG org.sokybot.pk2.Pk2CryptoUtils - File trade_strenthrune_c.ddj is not encrypted , flags not exists
07:15:15.474 [main] INFO org.soky.sro.pk2.io.Pk2IOTest - Consuming 4244 byte(s) from file trade_strenthrune_c.ddj with size 4244 
07:15:15.474 [main] DEBUG org.sokybot.pk2.Pk2CryptoUtils - File trade_strenthrune_d.ddj is not encrypted , flags not exists
07:15:15.474 [main] INFO org.soky.sro.pk2.io.Pk2IOTest - Consuming 4244 byte(s) from file trade_strenthrune_d.ddj with size 4244 
07:15:15.474 [main] DEBUG org.sokybot.pk2.Pk2CryptoUtils - File trade_strenthrune_e.ddj is not encrypted , flags not exists
07:15:15.474 [main] INFO org.soky.sro.pk2.io.Pk2IOTest - Consuming 4244 byte(s) from file trade_strenthrune_e.ddj with size 4244 
07:15:15.475 [main] DEBUG org.sokybot.pk2.Pk2CryptoUtils - File trade_weapon_a.ddj is not encrypted , flags not exists
07:15:15.475 [main] INFO org.soky.sro.pk2.io.Pk2IOTest - Consuming 4244 byte(s) from file trade_weapon_a.ddj with size 4244 
07:15:15.475 [main] DEBUG org.sokybot.pk2.Pk2CryptoUtils - File trade_weapon_a_da.ddj is not encrypted , flags not exists
07:15:15.475 [main] INFO org.soky.sro.pk2.io.Pk2IOTest - Consuming 4244 byte(s) from file trade_weapon_a_da.ddj with size 4244 
07:15:15.475 [main] DEBUG org.sokybot.pk2.Pk2CryptoUtils - File trade_weapon_a_da_magic.ddj is not encrypted , flags not exists
07:15:15.475 [main] INFO org.soky.sro.pk2.io.Pk2IOTest - Consuming 4244 byte(s) from file trade_weapon_a_da_magic.ddj with size 4244 
07:15:15.475 [main] DEBUG org.sokybot.pk2.Pk2CryptoUtils - File trade_weapon_a_da_rare.ddj is not encrypted , flags not exists
07:15:15.475 [main] INFO org.soky.sro.pk2.io.Pk2IOTest - Consuming 4244 byte(s) from file trade_weapon_a_da_rare.ddj with size 4244 
07:15:15.475 [main] DEBUG org.sokybot.pk2.Pk2CryptoUtils - File trade_weapon_a_ma.ddj is not encrypted , flags not exists
07:15:15.475 [main] INFO org.soky.sro.pk2.io.Pk2IOTest - Consuming 4244 byte(s) from file trade_weapon_a_ma.ddj with size 4244 
07:15:15.476 [main] DEBUG org.sokybot.pk2.Pk2CryptoUtils - File trade_weapon_a_ma_magic.ddj is not encrypted , flags not exists
07:15:15.476 [main] INFO org.soky.sro.pk2.io.Pk2IOTest - Consuming 4244 byte(s) from file trade_weapon_a_ma_magic.ddj with size 4244 
07:15:15.476 [main] DEBUG org.sokybot.pk2.Pk2CryptoUtils - File trade_weapon_a_ma_rare.ddj is not encrypted , flags not exists
07:15:15.476 [main] INFO org.soky.sro.pk2.io.Pk2IOTest - Consuming 4244 byte(s) from file trade_weapon_a_ma_rare.ddj with size 4244 
07:15:15.476 [main] DEBUG org.sokybot.pk2.Pk2CryptoUtils - File trade_weapon_a_pa.ddj is not encrypted , flags not exists
07:15:15.476 [main] INFO org.soky.sro.pk2.io.Pk2IOTest - Consuming 4244 byte(s) from file trade_weapon_a_pa.ddj with size 4244 
07:15:15.476 [main] DEBUG org.sokybot.pk2.Pk2CryptoUtils - File trade_weapon_a_pa_magic.ddj is not encrypted , flags not exists
07:15:15.476 [main] INFO org.soky.sro.pk2.io.Pk2IOTest - Consuming 4244 byte(s) from file trade_weapon_a_pa_magic.ddj with size 4244 
07:15:15.476 [main] DEBUG org.sokybot.pk2.Pk2CryptoUtils - File trade_weapon_a_pa_rare.ddj is not encrypted , flags not exists
07:15:15.476 [main] INFO org.soky.sro.pk2.io.Pk2IOTest - Consuming 4244 byte(s) from file trade_weapon_a_pa_rare.ddj with size 4244 
07:15:15.476 [main] DEBUG org.sokybot.pk2.Pk2CryptoUtils - File trade_weapon_b.ddj is not encrypted , flags not exists
07:15:15.477 [main] INFO org.soky.sro.pk2.io.Pk2IOTest - Consuming 4244 byte(s) from file trade_weapon_b.ddj with size 4244 
07:15:15.477 [main] DEBUG org.sokybot.pk2.Pk2CryptoUtils - File trade_weapon_b_da.ddj is not encrypted , flags not exists
07:15:15.477 [main] INFO org.soky.sro.pk2.io.Pk2IOTest - Consuming 4244 byte(s) from file trade_weapon_b_da.ddj with size 4244 
07:15:15.477 [main] DEBUG org.sokybot.pk2.Pk2CryptoUtils - File trade_weapon_b_da_magic.ddj is not encrypted , flags not exists
07:15:15.477 [main] INFO org.soky.sro.pk2.io.Pk2IOTest - Consuming 4244 byte(s) from file trade_weapon_b_da_magic.ddj with size 4244 
07:15:15.477 [main] DEBUG org.sokybot.pk2.Pk2CryptoUtils - File trade_weapon_b_da_rare.ddj is not encrypted , flags not exists
07:15:15.477 [main] INFO org.soky.sro.pk2.io.Pk2IOTest - Consuming 4244 byte(s) from file trade_weapon_b_da_rare.ddj with size 4244 
07:15:15.477 [main] DEBUG org.sokybot.pk2.Pk2CryptoUtils - File trade_weapon_b_ma.ddj is not encrypted , flags not exists
07:15:15.477 [main] INFO org.soky.sro.pk2.io.Pk2IOTest - Consuming 4244 byte(s) from file trade_weapon_b_ma.ddj with size 4244 
07:15:15.477 [main] DEBUG org.sokybot.pk2.Pk2CryptoUtils - File trade_weapon_b_ma_magic.ddj is not encrypted , flags not exists
07:15:15.478 [main] INFO org.soky.sro.pk2.io.Pk2IOTest - Consuming 4244 byte(s) from file trade_weapon_b_ma_magic.ddj with size 4244 
07:15:15.478 [main] DEBUG org.sokybot.pk2.Pk2CryptoUtils - File trade_weapon_b_ma_rare.ddj is not encrypted , flags not exists
07:15:15.478 [main] INFO org.soky.sro.pk2.io.Pk2IOTest - Consuming 4244 byte(s) from file trade_weapon_b_ma_rare.ddj with size 4244 
07:15:15.478 [main] DEBUG org.sokybot.pk2.Pk2CryptoUtils - File trade_weapon_b_pa.ddj is not encrypted , flags not exists
07:15:15.478 [main] INFO org.soky.sro.pk2.io.Pk2IOTest - Consuming 4244 byte(s) from file trade_weapon_b_pa.ddj with size 4244 
07:15:15.478 [main] DEBUG org.sokybot.pk2.Pk2CryptoUtils - File trade_weapon_b_pa_magic.ddj is not encrypted , flags not exists
07:15:15.478 [main] INFO org.soky.sro.pk2.io.Pk2IOTest - Consuming 4244 byte(s) from file trade_weapon_b_pa_magic.ddj with size 4244 
07:15:15.478 [main] DEBUG org.sokybot.pk2.Pk2CryptoUtils - File trade_weapon_b_pa_rare.ddj is not encrypted , flags not exists
07:15:15.478 [main] INFO org.soky.sro.pk2.io.Pk2IOTest - Consuming 4244 byte(s) from file trade_weapon_b_pa_rare.ddj with size 4244 
07:15:15.478 [main] DEBUG org.sokybot.pk2.Pk2CryptoUtils - File trade_weapon_c.ddj is not encrypted , flags not exists
07:15:15.479 [main] INFO org.soky.sro.pk2.io.Pk2IOTest - Consuming 4244 byte(s) from file trade_weapon_c.ddj with size 4244 
07:15:15.479 [main] DEBUG org.sokybot.pk2.Pk2CryptoUtils - File trade_weapon_c_da.ddj is not encrypted , flags not exists
07:15:15.479 [main] INFO org.soky.sro.pk2.io.Pk2IOTest - Consuming 4244 byte(s) from file trade_weapon_c_da.ddj with size 4244 
07:15:15.479 [main] DEBUG org.sokybot.pk2.Pk2CryptoUtils - File trade_weapon_c_da_magic.ddj is not encrypted , flags not exists
07:15:15.479 [main] INFO org.soky.sro.pk2.io.Pk2IOTest - Consuming 4244 byte(s) from file trade_weapon_c_da_magic.ddj with size 4244 
07:15:15.479 [main] DEBUG org.sokybot.pk2.Pk2CryptoUtils - File trade_weapon_c_da_rare.ddj is not encrypted , flags not exists
07:15:15.479 [main] INFO org.soky.sro.pk2.io.Pk2IOTest - Consuming 4244 byte(s) from file trade_weapon_c_da_rare.ddj with size 4244 
07:15:15.479 [main] DEBUG org.sokybot.pk2.Pk2CryptoUtils - File trade_weapon_c_ma.ddj is not encrypted , flags not exists
07:15:15.479 [main] INFO org.soky.sro.pk2.io.Pk2IOTest - Consuming 4244 byte(s) from file trade_weapon_c_ma.ddj with size 4244 
07:15:15.479 [main] DEBUG org.sokybot.pk2.Pk2CryptoUtils - File trade_weapon_c_ma_magic.ddj is not encrypted , flags not exists
07:15:15.480 [main] INFO org.soky.sro.pk2.io.Pk2IOTest - Consuming 4244 byte(s) from file trade_weapon_c_ma_magic.ddj with size 4244 
07:15:15.480 [main] DEBUG org.sokybot.pk2.Pk2CryptoUtils - File trade_weapon_c_ma_rare.ddj is not encrypted , flags not exists
07:15:15.480 [main] INFO org.soky.sro.pk2.io.Pk2IOTest - Consuming 4244 byte(s) from file trade_weapon_c_ma_rare.ddj with size 4244 
07:15:15.480 [main] DEBUG org.sokybot.pk2.Pk2CryptoUtils - File trade_weapon_c_pa.ddj is not encrypted , flags not exists
07:15:15.480 [main] INFO org.soky.sro.pk2.io.Pk2IOTest - Consuming 4244 byte(s) from file trade_weapon_c_pa.ddj with size 4244 
07:15:15.480 [main] DEBUG org.sokybot.pk2.Pk2CryptoUtils - File trade_weapon_c_pa_magic.ddj is not encrypted , flags not exists
07:15:15.480 [main] INFO org.soky.sro.pk2.io.Pk2IOTest - Consuming 4244 byte(s) from file trade_weapon_c_pa_magic.ddj with size 4244 
07:15:15.480 [main] DEBUG org.sokybot.pk2.Pk2CryptoUtils - File trade_weapon_c_pa_rare.ddj is not encrypted , flags not exists
07:15:15.480 [main] INFO org.soky.sro.pk2.io.Pk2IOTest - Consuming 4244 byte(s) from file trade_weapon_c_pa_rare.ddj with size 4244 
07:15:15.480 [main] DEBUG org.sokybot.pk2.Pk2CryptoUtils - File trade_weapon_d.ddj is not encrypted , flags not exists
07:15:15.480 [main] INFO org.soky.sro.pk2.io.Pk2IOTest - Consuming 4244 byte(s) from file trade_weapon_d.ddj with size 4244 
07:15:15.481 [main] DEBUG org.sokybot.pk2.Pk2CryptoUtils - File trade_weapon_e.ddj is not encrypted , flags not exists
07:15:15.481 [main] INFO org.soky.sro.pk2.io.Pk2IOTest - Consuming 4244 byte(s) from file trade_weapon_e.ddj with size 4244 
07:15:15.481 [main] DEBUG org.sokybot.pk2.Pk2CryptoUtils - File trans_monster.ddj is not encrypted , flags not exists
07:15:15.481 [main] INFO org.soky.sro.pk2.io.Pk2IOTest - Consuming 2196 byte(s) from file trans_monster.ddj with size 2196 
07:15:15.481 [main] DEBUG org.sokybot.pk2.Pk2CryptoUtils - File ub_new_icon_collection.ddj is not encrypted , flags not exists
07:15:15.481 [main] INFO org.soky.sro.pk2.io.Pk2IOTest - Consuming 1748 byte(s) from file ub_new_icon_collection.ddj with size 1748 
07:15:15.481 [main] DEBUG org.sokybot.pk2.Pk2CryptoUtils - File union_crest_delete.ddj is not encrypted , flags not exists
07:15:15.481 [main] INFO org.soky.sro.pk2.io.Pk2IOTest - Consuming 2196 byte(s) from file union_crest_delete.ddj with size 2196 
07:15:15.481 [main] DEBUG org.sokybot.pk2.Pk2CryptoUtils - File union_crest_user.ddj is not encrypted , flags not exists
07:15:15.481 [main] INFO org.soky.sro.pk2.io.Pk2IOTest - Consuming 2196 byte(s) from file union_crest_user.ddj with size 2196 
07:15:15.481 [main] DEBUG org.sokybot.pk2.Pk2CryptoUtils - File union_party_ticket.ddj is not encrypted , flags not exists
07:15:15.482 [main] INFO org.soky.sro.pk2.io.Pk2IOTest - Consuming 4244 byte(s) from file union_party_ticket.ddj with size 4244 
07:15:15.482 [main] DEBUG org.sokybot.pk2.Pk2CryptoUtils - File warenetwork_event.ddj is not encrypted , flags not exists
07:15:15.482 [main] INFO org.soky.sro.pk2.io.Pk2IOTest - Consuming 2196 byte(s) from file warenetwork_event.ddj with size 2196 
07:15:15.482 [main] DEBUG org.sokybot.pk2.Pk2CryptoUtils - File wolfear.ddj is not encrypted , flags not exists
07:15:15.482 [main] INFO org.soky.sro.pk2.io.Pk2IOTest - Consuming 4244 byte(s) from file wolfear.ddj with size 4244 
07:15:15.482 [main] DEBUG org.sokybot.pk2.Pk2CryptoUtils - File wolftail.ddj is not encrypted , flags not exists
07:15:15.483 [main] INFO org.soky.sro.pk2.io.Pk2IOTest - Consuming 4244 byte(s) from file wolftail.ddj with size 4244 
07:15:15.483 [main] DEBUG org.sokybot.pk2.Pk2CryptoUtils - File worldcup_algeria.ddj is not encrypted , flags not exists
07:15:15.483 [main] INFO org.soky.sro.pk2.io.Pk2IOTest - Consuming 4244 byte(s) from file worldcup_algeria.ddj with size 4244 
07:15:15.483 [main] DEBUG org.sokybot.pk2.Pk2CryptoUtils - File worldcup_argentina.ddj is not encrypted , flags not exists
07:15:15.483 [main] INFO org.soky.sro.pk2.io.Pk2IOTest - Consuming 4244 byte(s) from file worldcup_argentina.ddj with size 4244 
07:15:15.483 [main] DEBUG org.sokybot.pk2.Pk2CryptoUtils - File worldcup_australia.ddj is not encrypted , flags not exists
07:15:15.483 [main] INFO org.soky.sro.pk2.io.Pk2IOTest - Consuming 4244 byte(s) from file worldcup_australia.ddj with size 4244 
07:15:15.484 [main] DEBUG org.sokybot.pk2.Pk2CryptoUtils - File worldcup_brazil.ddj is not encrypted , flags not exists
07:15:15.484 [main] INFO org.soky.sro.pk2.io.Pk2IOTest - Consuming 4244 byte(s) from file worldcup_brazil.ddj with size 4244 
07:15:15.484 [main] DEBUG org.sokybot.pk2.Pk2CryptoUtils - File worldcup_cameroon.ddj is not encrypted , flags not exists
07:15:15.484 [main] INFO org.soky.sro.pk2.io.Pk2IOTest - Consuming 4244 byte(s) from file worldcup_cameroon.ddj with size 4244 
07:15:15.484 [main] DEBUG org.sokybot.pk2.Pk2CryptoUtils - File worldcup_chile.ddj is not encrypted , flags not exists
07:15:15.484 [main] INFO org.soky.sro.pk2.io.Pk2IOTest - Consuming 4244 byte(s) from file worldcup_chile.ddj with size 4244 
07:15:15.485 [main] DEBUG org.sokybot.pk2.Pk2CryptoUtils - File worldcup_cotedivoire.ddj is not encrypted , flags not exists
07:15:15.485 [main] INFO org.soky.sro.pk2.io.Pk2IOTest - Consuming 4244 byte(s) from file worldcup_cotedivoire.ddj with size 4244 
07:15:15.485 [main] DEBUG org.sokybot.pk2.Pk2CryptoUtils - File worldcup_denmark.ddj is not encrypted , flags not exists
07:15:15.485 [main] INFO org.soky.sro.pk2.io.Pk2IOTest - Consuming 4244 byte(s) from file worldcup_denmark.ddj with size 4244 
07:15:15.485 [main] DEBUG org.sokybot.pk2.Pk2CryptoUtils - File worldcup_england.ddj is not encrypted , flags not exists
07:15:15.485 [main] INFO org.soky.sro.pk2.io.Pk2IOTest - Consuming 4244 byte(s) from file worldcup_england.ddj with size 4244 
07:15:15.486 [main] DEBUG org.sokybot.pk2.Pk2CryptoUtils - File worldcup_entryticket.ddj is not encrypted , flags not exists
07:15:15.486 [main] INFO org.soky.sro.pk2.io.Pk2IOTest - Consuming 4244 byte(s) from file worldcup_entryticket.ddj with size 4244 
07:15:15.486 [main] DEBUG org.sokybot.pk2.Pk2CryptoUtils - File worldcup_france.ddj is not encrypted , flags not exists
07:15:15.486 [main] INFO org.soky.sro.pk2.io.Pk2IOTest - Consuming 4244 byte(s) from file worldcup_france.ddj with size 4244 
07:15:15.486 [main] DEBUG org.sokybot.pk2.Pk2CryptoUtils - File worldcup_germany.ddj is not encrypted , flags not exists
07:15:15.486 [main] INFO org.soky.sro.pk2.io.Pk2IOTest - Consuming 4244 byte(s) from file worldcup_germany.ddj with size 4244 
07:15:15.486 [main] DEBUG org.sokybot.pk2.Pk2CryptoUtils - File worldcup_ghana.ddj is not encrypted , flags not exists
07:15:15.487 [main] INFO org.soky.sro.pk2.io.Pk2IOTest - Consuming 4244 byte(s) from file worldcup_ghana.ddj with size 4244 
07:15:15.487 [main] DEBUG org.sokybot.pk2.Pk2CryptoUtils - File worldcup_greece.ddj is not encrypted , flags not exists
07:15:15.487 [main] INFO org.soky.sro.pk2.io.Pk2IOTest - Consuming 4244 byte(s) from file worldcup_greece.ddj with size 4244 
07:15:15.487 [main] DEBUG org.sokybot.pk2.Pk2CryptoUtils - File worldcup_honduras.ddj is not encrypted , flags not exists
07:15:15.487 [main] INFO org.soky.sro.pk2.io.Pk2IOTest - Consuming 4244 byte(s) from file worldcup_honduras.ddj with size 4244 
07:15:15.487 [main] DEBUG org.sokybot.pk2.Pk2CryptoUtils - File worldcup_italy.ddj is not encrypted , flags not exists
07:15:15.487 [main] INFO org.soky.sro.pk2.io.Pk2IOTest - Consuming 4244 byte(s) from file worldcup_italy.ddj with size 4244 
07:15:15.488 [main] DEBUG org.sokybot.pk2.Pk2CryptoUtils - File worldcup_japan.ddj is not encrypted , flags not exists
07:15:15.488 [main] INFO org.soky.sro.pk2.io.Pk2IOTest - Consuming 4244 byte(s) from file worldcup_japan.ddj with size 4244 
07:15:15.488 [main] DEBUG org.sokybot.pk2.Pk2CryptoUtils - File worldcup_korea.ddj is not encrypted , flags not exists
07:15:15.488 [main] INFO org.soky.sro.pk2.io.Pk2IOTest - Consuming 4244 byte(s) from file worldcup_korea.ddj with size 4244 
07:15:15.488 [main] DEBUG org.sokybot.pk2.Pk2CryptoUtils - File worldcup_mexico.ddj is not encrypted , flags not exists
07:15:15.488 [main] INFO org.soky.sro.pk2.io.Pk2IOTest - Consuming 4244 byte(s) from file worldcup_mexico.ddj with size 4244 
07:15:15.488 [main] DEBUG org.sokybot.pk2.Pk2CryptoUtils - File worldcup_netherlands.ddj is not encrypted , flags not exists
07:15:15.489 [main] INFO org.soky.sro.pk2.io.Pk2IOTest - Consuming 4244 byte(s) from file worldcup_netherlands.ddj with size 4244 
07:15:15.489 [main] DEBUG org.sokybot.pk2.Pk2CryptoUtils - File worldcup_newzealand.ddj is not encrypted , flags not exists
07:15:15.489 [main] INFO org.soky.sro.pk2.io.Pk2IOTest - Consuming 4244 byte(s) from file worldcup_newzealand.ddj with size 4244 
07:15:15.489 [main] DEBUG org.sokybot.pk2.Pk2CryptoUtils - File worldcup_nigeria.ddj is not encrypted , flags not exists
07:15:15.489 [main] INFO org.soky.sro.pk2.io.Pk2IOTest - Consuming 4244 byte(s) from file worldcup_nigeria.ddj with size 4244 
07:15:15.489 [main] DEBUG org.sokybot.pk2.Pk2CryptoUtils - File worldcup_paraguay.ddj is not encrypted , flags not exists
07:15:15.489 [main] INFO org.soky.sro.pk2.io.Pk2IOTest - Consuming 4244 byte(s) from file worldcup_paraguay.ddj with size 4244 
07:15:15.490 [main] DEBUG org.sokybot.pk2.Pk2CryptoUtils - File worldcup_portugal.ddj is not encrypted , flags not exists
07:15:15.490 [main] INFO org.soky.sro.pk2.io.Pk2IOTest - Consuming 4244 byte(s) from file worldcup_portugal.ddj with size 4244 
07:15:15.490 [main] DEBUG org.sokybot.pk2.Pk2CryptoUtils - File worldcup_serbia.ddj is not encrypted , flags not exists
07:15:15.490 [main] INFO org.soky.sro.pk2.io.Pk2IOTest - Consuming 4244 byte(s) from file worldcup_serbia.ddj with size 4244 
07:15:15.490 [main] DEBUG org.sokybot.pk2.Pk2CryptoUtils - File worldcup_slovakia.ddj is not encrypted , flags not exists
07:15:15.490 [main] INFO org.soky.sro.pk2.io.Pk2IOTest - Consuming 4244 byte(s) from file worldcup_slovakia.ddj with size 4244 
07:15:15.491 [main] DEBUG org.sokybot.pk2.Pk2CryptoUtils - File worldcup_slovenia.ddj is not encrypted , flags not exists
07:15:15.491 [main] INFO org.soky.sro.pk2.io.Pk2IOTest - Consuming 4244 byte(s) from file worldcup_slovenia.ddj with size 4244 
07:15:15.491 [main] DEBUG org.sokybot.pk2.Pk2CryptoUtils - File worldcup_southafrica.ddj is not encrypted , flags not exists
07:15:15.491 [main] INFO org.soky.sro.pk2.io.Pk2IOTest - Consuming 4244 byte(s) from file worldcup_southafrica.ddj with size 4244 
07:15:15.491 [main] DEBUG org.sokybot.pk2.Pk2CryptoUtils - File worldcup_spain.ddj is not encrypted , flags not exists
07:15:15.491 [main] INFO org.soky.sro.pk2.io.Pk2IOTest - Consuming 4244 byte(s) from file worldcup_spain.ddj with size 4244 
07:15:15.491 [main] DEBUG org.sokybot.pk2.Pk2CryptoUtils - File worldcup_switzerland.ddj is not encrypted , flags not exists
07:15:15.492 [main] INFO org.soky.sro.pk2.io.Pk2IOTest - Consuming 4244 byte(s) from file worldcup_switzerland.ddj with size 4244 
07:15:15.492 [main] DEBUG org.sokybot.pk2.Pk2CryptoUtils - File worldcup_uruguay.ddj is not encrypted , flags not exists
07:15:15.492 [main] INFO org.soky.sro.pk2.io.Pk2IOTest - Consuming 4244 byte(s) from file worldcup_uruguay.ddj with size 4244 
07:15:15.492 [main] DEBUG org.sokybot.pk2.Pk2CryptoUtils - File worldcup_usa.ddj is not encrypted , flags not exists
07:15:15.492 [main] INFO org.soky.sro.pk2.io.Pk2IOTest - Consuming 4244 byte(s) from file worldcup_usa.ddj with size 4244 
07:15:15.492 [main] DEBUG org.sokybot.pk2.Pk2CryptoUtils - File ads_rmv.ddj is not encrypted , flags not exists
07:15:15.492 [main] INFO org.soky.sro.pk2.io.Pk2IOTest - Consuming 1172 byte(s) from file ads_rmv.ddj with size 1172 
07:15:15.493 [main] DEBUG org.sokybot.pk2.Pk2CryptoUtils - File upg.ddj is not encrypted , flags not exists
07:15:15.493 [main] INFO org.soky.sro.pk2.io.Pk2IOTest - Consuming 1172 byte(s) from file upg.ddj with size 1172 
07:15:15.493 [main] DEBUG org.sokybot.pk2.Pk2CryptoUtils - File archemy_key_recpie.ddj is not encrypted , flags not exists
07:15:15.493 [main] INFO org.soky.sro.pk2.io.Pk2IOTest - Consuming 1172 byte(s) from file archemy_key_recpie.ddj with size 1172 
07:15:15.493 [main] DEBUG org.sokybot.pk2.Pk2CryptoUtils - File sus.ddj is not encrypted , flags not exists
07:15:15.493 [main] INFO org.soky.sro.pk2.io.Pk2IOTest - Consuming 1172 byte(s) from file sus.ddj with size 1172 
07:15:15.493 [main] DEBUG org.sokybot.pk2.Pk2CryptoUtils - File skill_scroll.ddj is not encrypted , flags not exists
07:15:15.493 [main] INFO org.soky.sro.pk2.io.Pk2IOTest - Consuming 1172 byte(s) from file skill_scroll.ddj with size 1172 
07:15:15.494 [main] DEBUG org.sokybot.pk2.Pk2CryptoUtils - File skill_reset.ddj is not encrypted , flags not exists
07:15:15.494 [main] INFO org.soky.sro.pk2.io.Pk2IOTest - Consuming 1172 byte(s) from file skill_reset.ddj with size 1172 
07:15:15.494 [main] DEBUG org.sokybot.pk2.Pk2CryptoUtils - File stats_reset.ddj is not encrypted , flags not exists
07:15:15.494 [main] INFO org.soky.sro.pk2.io.Pk2IOTest - Consuming 1172 byte(s) from file stats_reset.ddj with size 1172 
07:15:15.494 [main] DEBUG org.sokybot.pk2.Pk2CryptoUtils - File jobdm_shield.ddj is not encrypted , flags not exists
07:15:15.494 [main] INFO org.soky.sro.pk2.io.Pk2IOTest - Consuming 1172 byte(s) from file jobdm_shield.ddj with size 1172 
07:15:15.494 [main] DEBUG org.sokybot.pk2.Pk2CryptoUtils - File job_upg.ddj is not encrypted , flags not exists
07:15:15.494 [main] INFO org.soky.sro.pk2.io.Pk2IOTest - Consuming 1172 byte(s) from file job_upg.ddj with size 1172 
07:15:15.494 [main] DEBUG org.sokybot.pk2.Pk2CryptoUtils - File box.ddj is not encrypted , flags not exists
07:15:15.494 [main] INFO org.soky.sro.pk2.io.Pk2IOTest - Consuming 1540 byte(s) from file box.ddj with size 1540 
07:15:15.495 [main] DEBUG org.sokybot.pk2.Pk2CryptoUtils - File ep.ddj is not encrypted , flags not exists
07:15:15.495 [main] INFO org.soky.sro.pk2.io.Pk2IOTest - Consuming 1540 byte(s) from file ep.ddj with size 1540 
07:15:15.495 [main] DEBUG org.sokybot.pk2.Pk2CryptoUtils - File thunderstorm_glow.ddj is not encrypted , flags not exists
07:15:15.495 [main] INFO org.soky.sro.pk2.io.Pk2IOTest - Consuming 1172 byte(s) from file thunderstorm_glow.ddj with size 1172 
07:15:15.495 [main] DEBUG org.sokybot.pk2.Pk2CryptoUtils - File egg.ddj is not encrypted , flags not exists
07:15:15.495 [main] INFO org.soky.sro.pk2.io.Pk2IOTest - Consuming 1172 byte(s) from file egg.ddj with size 1172 
07:15:15.495 [main] DEBUG org.sokybot.pk2.Pk2CryptoUtils - File legend.ddj is not encrypted , flags not exists
07:15:15.495 [main] INFO org.soky.sro.pk2.io.Pk2IOTest - Consuming 1172 byte(s) from file legend.ddj with size 1172 
07:15:15.496 [main] DEBUG org.sokybot.pk2.Pk2CryptoUtils - File legion_set_up.ddj is not encrypted , flags not exists
07:15:15.496 [main] INFO org.soky.sro.pk2.io.Pk2IOTest - Consuming 1172 byte(s) from file legion_set_up.ddj with size 1172 
07:15:15.496 [main] DEBUG org.sokybot.pk2.Pk2CryptoUtils - File red_remover.ddj is not encrypted , flags not exists
07:15:15.496 [main] INFO org.soky.sro.pk2.io.Pk2IOTest - Consuming 4244 byte(s) from file red_remover.ddj with size 4244 
07:15:15.496 [main] DEBUG org.sokybot.pk2.Pk2CryptoUtils - File job_levelup.ddj is not encrypted , flags not exists
07:15:15.496 [main] INFO org.soky.sro.pk2.io.Pk2IOTest - Consuming 1172 byte(s) from file job_levelup.ddj with size 1172 
07:15:15.496 [main] DEBUG org.sokybot.pk2.Pk2CryptoUtils - File santaclaus.ddj is not encrypted , flags not exists
07:15:15.496 [main] INFO org.soky.sro.pk2.io.Pk2IOTest - Consuming 1172 byte(s) from file santaclaus.ddj with size 1172 
07:15:15.497 [main] DEBUG org.sokybot.pk2.Pk2CryptoUtils - File whiteknight.ddj is not encrypted , flags not exists
07:15:15.497 [main] INFO org.soky.sro.pk2.io.Pk2IOTest - Consuming 1172 byte(s) from file whiteknight.ddj with size 1172 
07:15:15.497 [main] DEBUG org.sokybot.pk2.Pk2CryptoUtils - File winterknight.ddj is not encrypted , flags not exists
07:15:15.497 [main] INFO org.soky.sro.pk2.io.Pk2IOTest - Consuming 1172 byte(s) from file winterknight.ddj with size 1172 
07:15:15.497 [main] DEBUG org.sokybot.pk2.Pk2CryptoUtils - File darkknight.ddj is not encrypted , flags not exists
07:15:15.497 [main] INFO org.soky.sro.pk2.io.Pk2IOTest - Consuming 1172 byte(s) from file darkknight.ddj with size 1172 
07:15:15.497 [main] DEBUG org.sokybot.pk2.Pk2CryptoUtils - File pvpt.ddj is not encrypted , flags not exists
07:15:15.497 [main] INFO org.soky.sro.pk2.io.Pk2IOTest - Consuming 1172 byte(s) from file pvpt.ddj with size 1172 
07:15:15.498 [main] DEBUG org.sokybot.pk2.Pk2CryptoUtils - File valentine.ddj is not encrypted , flags not exists
07:15:15.498 [main] INFO org.soky.sro.pk2.io.Pk2IOTest - Consuming 1172 byte(s) from file valentine.ddj with size 1172 
07:15:15.498 [main] DEBUG org.sokybot.pk2.Pk2CryptoUtils - File boxer.ddj is not encrypted , flags not exists
07:15:15.498 [main] INFO org.soky.sro.pk2.io.Pk2IOTest - Consuming 1172 byte(s) from file boxer.ddj with size 1172 
07:15:15.498 [main] DEBUG org.sokybot.pk2.Pk2CryptoUtils - File boxer_title.ddj is not encrypted , flags not exists
07:15:15.498 [main] INFO org.soky.sro.pk2.io.Pk2IOTest - Consuming 1172 byte(s) from file boxer_title.ddj with size 1172 
07:15:15.498 [main] DEBUG org.sokybot.pk2.Pk2CryptoUtils - File egg_a.ddj is not encrypted , flags not exists
07:15:15.498 [main] INFO org.soky.sro.pk2.io.Pk2IOTest - Consuming 1172 byte(s) from file egg_a.ddj with size 1172 
07:15:15.499 [main] DEBUG org.sokybot.pk2.Pk2CryptoUtils - File egg_e.ddj is not encrypted , flags not exists
07:15:15.499 [main] INFO org.soky.sro.pk2.io.Pk2IOTest - Consuming 1172 byte(s) from file egg_e.ddj with size 1172 
07:15:15.499 [main] DEBUG org.sokybot.pk2.Pk2CryptoUtils - File egg_r.ddj is not encrypted , flags not exists
07:15:15.499 [main] INFO org.soky.sro.pk2.io.Pk2IOTest - Consuming 1172 byte(s) from file egg_r.ddj with size 1172 
07:15:15.499 [main] DEBUG org.sokybot.pk2.Pk2CryptoUtils - File egg_s.ddj is not encrypted , flags not exists
07:15:15.499 [main] INFO org.soky.sro.pk2.io.Pk2IOTest - Consuming 1172 byte(s) from file egg_s.ddj with size 1172 
07:15:15.499 [main] DEBUG org.sokybot.pk2.Pk2CryptoUtils - File egg_t.ddj is not encrypted , flags not exists
07:15:15.499 [main] INFO org.soky.sro.pk2.io.Pk2IOTest - Consuming 1172 byte(s) from file egg_t.ddj with size 1172 
07:15:15.500 [main] DEBUG org.sokybot.pk2.Pk2CryptoUtils - File golden_glow.ddj is not encrypted , flags not exists
07:15:15.500 [main] INFO org.soky.sro.pk2.io.Pk2IOTest - Consuming 1172 byte(s) from file golden_glow.ddj with size 1172 
07:15:15.500 [main] DEBUG org.sokybot.pk2.Pk2CryptoUtils - File dark_glow.ddj is not encrypted , flags not exists
07:15:15.500 [main] INFO org.soky.sro.pk2.io.Pk2IOTest - Consuming 1172 byte(s) from file dark_glow.ddj with size 1172 
07:15:15.500 [main] DEBUG org.sokybot.pk2.Pk2CryptoUtils - File gm_medal.ddj is not encrypted , flags not exists
07:15:15.500 [main] INFO org.soky.sro.pk2.io.Pk2IOTest - Consuming 1172 byte(s) from file gm_medal.ddj with size 1172 
07:15:15.500 [main] DEBUG org.sokybot.pk2.Pk2CryptoUtils - File remove_glow.ddj is not encrypted , flags not exists
07:15:15.500 [main] INFO org.soky.sro.pk2.io.Pk2IOTest - Consuming 1172 byte(s) from file remove_glow.ddj with size 1172 
07:15:15.500 [main] DEBUG org.sokybot.pk2.Pk2CryptoUtils - File supp_medal.ddj is not encrypted , flags not exists
07:15:15.501 [main] INFO org.soky.sro.pk2.io.Pk2IOTest - Consuming 1172 byte(s) from file supp_medal.ddj with size 1172 
07:15:15.501 [main] DEBUG org.sokybot.pk2.Pk2CryptoUtils - File wanted.ddj is not encrypted , flags not exists
07:15:15.501 [main] INFO org.soky.sro.pk2.io.Pk2IOTest - Consuming 1172 byte(s) from file wanted.ddj with size 1172 
07:15:15.501 [main] DEBUG org.sokybot.pk2.Pk2CryptoUtils - File boogieman_title.ddj is not encrypted , flags not exists
07:15:15.501 [main] INFO org.soky.sro.pk2.io.Pk2IOTest - Consuming 1172 byte(s) from file boogieman_title.ddj with size 1172 
07:15:15.501 [main] DEBUG org.sokybot.pk2.Pk2CryptoUtils - File ba_reward.ddj is not encrypted , flags not exists
07:15:15.501 [main] INFO org.soky.sro.pk2.io.Pk2IOTest - Consuming 1444 byte(s) from file ba_reward.ddj with size 1444 
07:15:15.501 [main] DEBUG org.sokybot.pk2.Pk2CryptoUtils - File pkremove.ddj is not encrypted , flags not exists
07:15:15.502 [main] INFO org.soky.sro.pk2.io.Pk2IOTest - Consuming 1444 byte(s) from file pkremove.ddj with size 1444 
07:15:15.502 [main] DEBUG org.sokybot.pk2.Pk2CryptoUtils - File thebest_title.ddj is not encrypted , flags not exists
07:15:15.502 [main] INFO org.soky.sro.pk2.io.Pk2IOTest - Consuming 1748 byte(s) from file thebest_title.ddj with size 1748 
07:15:15.502 [main] DEBUG org.sokybot.pk2.Pk2CryptoUtils - File green_glow.ddj is not encrypted , flags not exists
07:15:15.502 [main] INFO org.soky.sro.pk2.io.Pk2IOTest - Consuming 1172 byte(s) from file green_glow.ddj with size 1172 
07:15:15.502 [main] DEBUG org.sokybot.pk2.Pk2CryptoUtils - File dsel_blueskull.ddj is not encrypted , flags not exists
07:15:15.502 [main] INFO org.soky.sro.pk2.io.Pk2IOTest - Consuming 1172 byte(s) from file dsel_blueskull.ddj with size 1172 
07:15:15.503 [main] DEBUG org.sokybot.pk2.Pk2CryptoUtils - File dsel_goldenskull.ddj is not encrypted , flags not exists
07:15:15.503 [main] INFO org.soky.sro.pk2.io.Pk2IOTest - Consuming 1172 byte(s) from file dsel_goldenskull.ddj with size 1172 
07:15:15.503 [main] DEBUG org.sokybot.pk2.Pk2CryptoUtils - File dsel_greenskull.ddj is not encrypted , flags not exists
07:15:15.503 [main] INFO org.soky.sro.pk2.io.Pk2IOTest - Consuming 1172 byte(s) from file dsel_greenskull.ddj with size 1172 
07:15:15.503 [main] DEBUG org.sokybot.pk2.Pk2CryptoUtils - File dsel_redskull.ddj is not encrypted , flags not exists
07:15:15.503 [main] INFO org.soky.sro.pk2.io.Pk2IOTest - Consuming 1172 byte(s) from file dsel_redskull.ddj with size 1172 
07:15:15.503 [main] DEBUG org.sokybot.pk2.Pk2CryptoUtils - File dstab_block.ddj is not encrypted , flags not exists
07:15:15.503 [main] INFO org.soky.sro.pk2.io.Pk2IOTest - Consuming 1172 byte(s) from file dstab_block.ddj with size 1172 
07:15:15.504 [main] DEBUG org.sokybot.pk2.Pk2CryptoUtils - File dstab_crit.ddj is not encrypted , flags not exists
07:15:15.504 [main] INFO org.soky.sro.pk2.io.Pk2IOTest - Consuming 1172 byte(s) from file dstab_crit.ddj with size 1172 
07:15:15.504 [main] DEBUG org.sokybot.pk2.Pk2CryptoUtils - File dstab_hp.ddj is not encrypted , flags not exists
07:15:15.504 [main] INFO org.soky.sro.pk2.io.Pk2IOTest - Consuming 1172 byte(s) from file dstab_hp.ddj with size 1172 
07:15:15.504 [main] DEBUG org.sokybot.pk2.Pk2CryptoUtils - File dstab_int.ddj is not encrypted , flags not exists
07:15:15.504 [main] INFO org.soky.sro.pk2.io.Pk2IOTest - Consuming 1172 byte(s) from file dstab_int.ddj with size 1172 
07:15:15.504 [main] DEBUG org.sokybot.pk2.Pk2CryptoUtils - File dstab_mp.ddj is not encrypted , flags not exists
07:15:15.504 [main] INFO org.soky.sro.pk2.io.Pk2IOTest - Consuming 1172 byte(s) from file dstab_mp.ddj with size 1172 
07:15:15.505 [main] DEBUG org.sokybot.pk2.Pk2CryptoUtils - File dstab_str.ddj is not encrypted , flags not exists
07:15:15.505 [main] INFO org.soky.sro.pk2.io.Pk2IOTest - Consuming 1172 byte(s) from file dstab_str.ddj with size 1172 
07:15:15.505 [main] DEBUG org.sokybot.pk2.Pk2CryptoUtils - File ds_block.ddj is not encrypted , flags not exists
07:15:15.505 [main] INFO org.soky.sro.pk2.io.Pk2IOTest - Consuming 1172 byte(s) from file ds_block.ddj with size 1172 
07:15:15.505 [main] DEBUG org.sokybot.pk2.Pk2CryptoUtils - File ds_crit.ddj is not encrypted , flags not exists
07:15:15.505 [main] INFO org.soky.sro.pk2.io.Pk2IOTest - Consuming 1172 byte(s) from file ds_crit.ddj with size 1172 
07:15:15.505 [main] DEBUG org.sokybot.pk2.Pk2CryptoUtils - File ds_hp.ddj is not encrypted , flags not exists
07:15:15.505 [main] INFO org.soky.sro.pk2.io.Pk2IOTest - Consuming 1172 byte(s) from file ds_hp.ddj with size 1172 
07:15:15.506 [main] DEBUG org.sokybot.pk2.Pk2CryptoUtils - File ds_int.ddj is not encrypted , flags not exists
07:15:15.506 [main] INFO org.soky.sro.pk2.io.Pk2IOTest - Consuming 1172 byte(s) from file ds_int.ddj with size 1172 
07:15:15.506 [main] DEBUG org.sokybot.pk2.Pk2CryptoUtils - File ds_ironwall.ddj is not encrypted , flags not exists
07:15:15.506 [main] INFO org.soky.sro.pk2.io.Pk2IOTest - Consuming 1172 byte(s) from file ds_ironwall.ddj with size 1172 
07:15:15.506 [main] DEBUG org.sokybot.pk2.Pk2CryptoUtils - File ds_mp.ddj is not encrypted , flags not exists
07:15:15.506 [main] INFO org.soky.sro.pk2.io.Pk2IOTest - Consuming 1172 byte(s) from file ds_mp.ddj with size 1172 
07:15:15.506 [main] DEBUG org.sokybot.pk2.Pk2CryptoUtils - File ds_sharp.ddj is not encrypted , flags not exists
07:15:15.506 [main] INFO org.soky.sro.pk2.io.Pk2IOTest - Consuming 1172 byte(s) from file ds_sharp.ddj with size 1172 
07:15:15.506 [main] DEBUG org.sokybot.pk2.Pk2CryptoUtils - File ds_str.ddj is not encrypted , flags not exists
07:15:15.506 [main] INFO org.soky.sro.pk2.io.Pk2IOTest - Consuming 1172 byte(s) from file ds_str.ddj with size 1172 
07:15:15.506 [main] DEBUG org.sokybot.pk2.Pk2CryptoUtils - File ds_token.ddj is not encrypted , flags not exists
07:15:15.507 [main] INFO org.soky.sro.pk2.io.Pk2IOTest - Consuming 1172 byte(s) from file ds_token.ddj with size 1172 
07:15:15.507 [main] DEBUG org.sokybot.pk2.Pk2CryptoUtils - File legion_devil_up.ddj is not encrypted , flags not exists
07:15:15.507 [main] INFO org.soky.sro.pk2.io.Pk2IOTest - Consuming 1172 byte(s) from file legion_devil_up.ddj with size 1172 
07:15:15.507 [main] DEBUG org.sokybot.pk2.Pk2CryptoUtils - File herokiller_title.ddj is not encrypted , flags not exists
07:15:15.507 [main] INFO org.soky.sro.pk2.io.Pk2IOTest - Consuming 1172 byte(s) from file herokiller_title.ddj with size 1172 
07:15:15.507 [main] DEBUG org.sokybot.pk2.Pk2CryptoUtils - File invasion.ddj is not encrypted , flags not exists
07:15:15.507 [main] INFO org.soky.sro.pk2.io.Pk2IOTest - Consuming 1172 byte(s) from file invasion.ddj with size 1172 
07:15:15.507 [main] DEBUG org.sokybot.pk2.Pk2CryptoUtils - File jobpen.ddj is not encrypted , flags not exists
07:15:15.507 [main] INFO org.soky.sro.pk2.io.Pk2IOTest - Consuming 1444 byte(s) from file jobpen.ddj with size 1444 
07:15:15.507 [main] DEBUG org.sokybot.pk2.Pk2CryptoUtils - File red_glow.ddj is not encrypted , flags not exists
07:15:15.508 [main] INFO org.soky.sro.pk2.io.Pk2IOTest - Consuming 1444 byte(s) from file red_glow.ddj with size 1444 
07:15:15.508 [main] DEBUG org.sokybot.pk2.Pk2CryptoUtils - File chaos_glow.ddj is not encrypted , flags not exists
07:15:15.508 [main] INFO org.soky.sro.pk2.io.Pk2IOTest - Consuming 1172 byte(s) from file chaos_glow.ddj with size 1172 
07:15:15.508 [main] DEBUG org.sokybot.pk2.Pk2CryptoUtils - File grun_glow.ddj is not encrypted , flags not exists
07:15:15.508 [main] INFO org.soky.sro.pk2.io.Pk2IOTest - Consuming 1172 byte(s) from file grun_glow.ddj with size 1172 
07:15:15.508 [main] DEBUG org.sokybot.pk2.Pk2CryptoUtils - File devil_glow.ddj is not encrypted , flags not exists
07:15:15.508 [main] INFO org.soky.sro.pk2.io.Pk2IOTest - Consuming 1172 byte(s) from file devil_glow.ddj with size 1172 
07:15:15.508 [main] DEBUG org.sokybot.pk2.Pk2CryptoUtils - File guildrm.ddj is not encrypted , flags not exists
07:15:15.508 [main] INFO org.soky.sro.pk2.io.Pk2IOTest - Consuming 1172 byte(s) from file guildrm.ddj with size 1172 
07:15:15.509 [main] DEBUG org.sokybot.pk2.Pk2CryptoUtils - File job_master.ddj is not encrypted , flags not exists
07:15:15.509 [main] INFO org.soky.sro.pk2.io.Pk2IOTest - Consuming 1172 byte(s) from file job_master.ddj with size 1172 
07:15:15.509 [main] DEBUG org.sokybot.pk2.Pk2CryptoUtils - File pvpbf.ddj is not encrypted , flags not exists
07:15:15.509 [main] INFO org.soky.sro.pk2.io.Pk2IOTest - Consuming 1172 byte(s) from file pvpbf.ddj with size 1172 
07:15:15.509 [main] DEBUG org.sokybot.pk2.Pk2CryptoUtils - File santa_bag.ddj is not encrypted , flags not exists
07:15:15.509 [main] INFO org.soky.sro.pk2.io.Pk2IOTest - Consuming 1172 byte(s) from file santa_bag.ddj with size 1172 
07:15:15.509 [main] DEBUG org.sokybot.pk2.Pk2CryptoUtils - File silver_glow.ddj is not encrypted , flags not exists
07:15:15.509 [main] INFO org.soky.sro.pk2.io.Pk2IOTest - Consuming 1172 byte(s) from file silver_glow.ddj with size 1172 
07:15:15.510 [main] DEBUG org.sokybot.pk2.Pk2CryptoUtils - File orange_glow.ddj is not encrypted , flags not exists
07:15:15.510 [main] INFO org.soky.sro.pk2.io.Pk2IOTest - Consuming 1172 byte(s) from file orange_glow.ddj with size 1172 
07:15:15.510 [main] DEBUG org.sokybot.pk2.Pk2CryptoUtils - File devil_gender.ddj is not encrypted , flags not exists
07:15:15.510 [main] INFO org.soky.sro.pk2.io.Pk2IOTest - Consuming 1172 byte(s) from file devil_gender.ddj with size 1172 
07:15:15.510 [main] DEBUG org.sokybot.pk2.Pk2CryptoUtils - File pvp_master.ddj is not encrypted , flags not exists
07:15:15.510 [main] INFO org.soky.sro.pk2.io.Pk2IOTest - Consuming 1172 byte(s) from file pvp_master.ddj with size 1172 
07:15:15.510 [main] DEBUG org.sokybot.pk2.Pk2CryptoUtils - File energy_glow.ddj is not encrypted , flags not exists
07:15:15.511 [main] INFO org.soky.sro.pk2.io.Pk2IOTest - Consuming 1172 byte(s) from file energy_glow.ddj with size 1172 
07:15:15.511 [main] DEBUG org.sokybot.pk2.Pk2CryptoUtils - File pink_glow.ddj is not encrypted , flags not exists
07:15:15.511 [main] INFO org.soky.sro.pk2.io.Pk2IOTest - Consuming 1172 byte(s) from file pink_glow.ddj with size 1172 
07:15:15.511 [main] DEBUG org.sokybot.pk2.Pk2CryptoUtils - File teleport_scroll.ddj is not encrypted , flags not exists
07:15:15.511 [main] INFO org.soky.sro.pk2.io.Pk2IOTest - Consuming 5608 byte(s) from file teleport_scroll.ddj with size 5608 
07:15:15.511 [main] DEBUG org.sokybot.pk2.Pk2CryptoUtils - File cos_p_princess.ddj is not encrypted , flags not exists
07:15:15.511 [main] INFO org.soky.sro.pk2.io.Pk2IOTest - Consuming 1092 byte(s) from file cos_p_princess.ddj with size 1092 
07:15:15.512 [main] DEBUG org.sokybot.pk2.Pk2CryptoUtils - File cos_p_whiteknight.ddj is not encrypted , flags not exists
07:15:15.512 [main] INFO org.soky.sro.pk2.io.Pk2IOTest - Consuming 1092 byte(s) from file cos_p_whiteknight.ddj with size 1092 
07:15:15.512 [main] DEBUG org.sokybot.pk2.Pk2CryptoUtils - File skin_glow.ddj is not encrypted , flags not exists
07:15:15.512 [main] INFO org.soky.sro.pk2.io.Pk2IOTest - Consuming 844 byte(s) from file skin_glow.ddj with size 844 
07:15:15.512 [main] DEBUG org.sokybot.pk2.Pk2CryptoUtils - File admiral_title.ddj is not encrypted , flags not exists
07:15:15.512 [main] INFO org.soky.sro.pk2.io.Pk2IOTest - Consuming 1172 byte(s) from file admiral_title.ddj with size 1172 
07:15:15.513 [main] DEBUG org.sokybot.pk2.Pk2CryptoUtils - File amazing_title.ddj is not encrypted , flags not exists
07:15:15.513 [main] INFO org.soky.sro.pk2.io.Pk2IOTest - Consuming 1172 byte(s) from file amazing_title.ddj with size 1172 
07:15:15.513 [main] DEBUG org.sokybot.pk2.Pk2CryptoUtils - File assassin_title.ddj is not encrypted , flags not exists
07:15:15.513 [main] INFO org.soky.sro.pk2.io.Pk2IOTest - Consuming 1172 byte(s) from file assassin_title.ddj with size 1172 
07:15:15.513 [main] DEBUG org.sokybot.pk2.Pk2CryptoUtils - File avenge_title.ddj is not encrypted , flags not exists
07:15:15.513 [main] INFO org.soky.sro.pk2.io.Pk2IOTest - Consuming 1172 byte(s) from file avenge_title.ddj with size 1172 
07:15:15.513 [main] DEBUG org.sokybot.pk2.Pk2CryptoUtils - File awesome_title.ddj is not encrypted , flags not exists
07:15:15.514 [main] INFO org.soky.sro.pk2.io.Pk2IOTest - Consuming 1172 byte(s) from file awesome_title.ddj with size 1172 
07:15:15.514 [main] DEBUG org.sokybot.pk2.Pk2CryptoUtils - File box_title.ddj is not encrypted , flags not exists
07:15:15.514 [main] INFO org.soky.sro.pk2.io.Pk2IOTest - Consuming 1172 byte(s) from file box_title.ddj with size 1172 
07:15:15.514 [main] DEBUG org.sokybot.pk2.Pk2CryptoUtils - File cannibal_title.ddj is not encrypted , flags not exists
07:15:15.514 [main] INFO org.soky.sro.pk2.io.Pk2IOTest - Consuming 1172 byte(s) from file cannibal_title.ddj with size 1172 
07:15:15.514 [main] DEBUG org.sokybot.pk2.Pk2CryptoUtils - File commander_title.ddj is not encrypted , flags not exists
07:15:15.514 [main] INFO org.soky.sro.pk2.io.Pk2IOTest - Consuming 1172 byte(s) from file commander_title.ddj with size 1172 
07:15:15.514 [main] DEBUG org.sokybot.pk2.Pk2CryptoUtils - File curel_title.ddj is not encrypted , flags not exists
07:15:15.515 [main] INFO org.soky.sro.pk2.io.Pk2IOTest - Consuming 1172 byte(s) from file curel_title.ddj with size 1172 
07:15:15.515 [main] DEBUG org.sokybot.pk2.Pk2CryptoUtils - File dealer_title.ddj is not encrypted , flags not exists
07:15:15.515 [main] INFO org.soky.sro.pk2.io.Pk2IOTest - Consuming 1172 byte(s) from file dealer_title.ddj with size 1172 
07:15:15.515 [main] DEBUG org.sokybot.pk2.Pk2CryptoUtils - File demon_title.ddj is not encrypted , flags not exists
07:15:15.515 [main] INFO org.soky.sro.pk2.io.Pk2IOTest - Consuming 1172 byte(s) from file demon_title.ddj with size 1172 
07:15:15.515 [main] DEBUG org.sokybot.pk2.Pk2CryptoUtils - File destroyer_title.ddj is not encrypted , flags not exists
07:15:15.515 [main] INFO org.soky.sro.pk2.io.Pk2IOTest - Consuming 1172 byte(s) from file destroyer_title.ddj with size 1172 
07:15:15.515 [main] DEBUG org.sokybot.pk2.Pk2CryptoUtils - File devilsnemesis_title.ddj is not encrypted , flags not exists
07:15:15.516 [main] INFO org.soky.sro.pk2.io.Pk2IOTest - Consuming 1172 byte(s) from file devilsnemesis_title.ddj with size 1172 
07:15:15.516 [main] DEBUG org.sokybot.pk2.Pk2CryptoUtils - File emergency_title.ddj is not encrypted , flags not exists
07:15:15.516 [main] INFO org.soky.sro.pk2.io.Pk2IOTest - Consuming 1172 byte(s) from file emergency_title.ddj with size 1172 
07:15:15.516 [main] DEBUG org.sokybot.pk2.Pk2CryptoUtils - File epic_title.ddj is not encrypted , flags not exists
07:15:15.516 [main] INFO org.soky.sro.pk2.io.Pk2IOTest - Consuming 1172 byte(s) from file epic_title.ddj with size 1172 
07:15:15.516 [main] DEBUG org.sokybot.pk2.Pk2CryptoUtils - File eternal_title.ddj is not encrypted , flags not exists
07:15:15.516 [main] INFO org.soky.sro.pk2.io.Pk2IOTest - Consuming 1172 byte(s) from file eternal_title.ddj with size 1172 
07:15:15.516 [main] DEBUG org.sokybot.pk2.Pk2CryptoUtils - File evil_title.ddj is not encrypted , flags not exists
07:15:15.516 [main] INFO org.soky.sro.pk2.io.Pk2IOTest - Consuming 1172 byte(s) from file evil_title.ddj with size 1172 
07:15:15.517 [main] DEBUG org.sokybot.pk2.Pk2CryptoUtils - File executioner_title.ddj is not encrypted , flags not exists
07:15:15.517 [main] INFO org.soky.sro.pk2.io.Pk2IOTest - Consuming 1172 byte(s) from file executioner_title.ddj with size 1172 
07:15:15.517 [main] DEBUG org.sokybot.pk2.Pk2CryptoUtils - File fbi_title.ddj is not encrypted , flags not exists
07:15:15.517 [main] INFO org.soky.sro.pk2.io.Pk2IOTest - Consuming 1172 byte(s) from file fbi_title.ddj with size 1172 
07:15:15.517 [main] DEBUG org.sokybot.pk2.Pk2CryptoUtils - File fighter_title.ddj is not encrypted , flags not exists
07:15:15.517 [main] INFO org.soky.sro.pk2.io.Pk2IOTest - Consuming 1172 byte(s) from file fighter_title.ddj with size 1172 
07:15:15.517 [main] DEBUG org.sokybot.pk2.Pk2CryptoUtils - File gladiator_title.ddj is not encrypted , flags not exists
07:15:15.517 [main] INFO org.soky.sro.pk2.io.Pk2IOTest - Consuming 1172 byte(s) from file gladiator_title.ddj with size 1172 
07:15:15.518 [main] DEBUG org.sokybot.pk2.Pk2CryptoUtils - File hannibal_title.ddj is not encrypted , flags not exists
07:15:15.518 [main] INFO org.soky.sro.pk2.io.Pk2IOTest - Consuming 1172 byte(s) from file hannibal_title.ddj with size 1172 
07:15:15.518 [main] DEBUG org.sokybot.pk2.Pk2CryptoUtils - File headshot_title.ddj is not encrypted , flags not exists
07:15:15.518 [main] INFO org.soky.sro.pk2.io.Pk2IOTest - Consuming 1172 byte(s) from file headshot_title.ddj with size 1172 
07:15:15.518 [main] DEBUG org.sokybot.pk2.Pk2CryptoUtils - File immortal_title.ddj is not encrypted , flags not exists
07:15:15.518 [main] INFO org.soky.sro.pk2.io.Pk2IOTest - Consuming 1172 byte(s) from file immortal_title.ddj with size 1172 
07:15:15.518 [main] DEBUG org.sokybot.pk2.Pk2CryptoUtils - File incredible_title.ddj is not encrypted , flags not exists
07:15:15.518 [main] INFO org.soky.sro.pk2.io.Pk2IOTest - Consuming 1172 byte(s) from file incredible_title.ddj with size 1172 
07:15:15.518 [main] DEBUG org.sokybot.pk2.Pk2CryptoUtils - File joker_title.ddj is not encrypted , flags not exists
07:15:15.519 [main] INFO org.soky.sro.pk2.io.Pk2IOTest - Consuming 1172 byte(s) from file joker_title.ddj with size 1172 
07:15:15.519 [main] DEBUG org.sokybot.pk2.Pk2CryptoUtils - File king_title.ddj is not encrypted , flags not exists
07:15:15.519 [main] INFO org.soky.sro.pk2.io.Pk2IOTest - Consuming 1172 byte(s) from file king_title.ddj with size 1172 
07:15:15.519 [main] DEBUG org.sokybot.pk2.Pk2CryptoUtils - File lasthope_title.ddj is not encrypted , flags not exists
07:15:15.519 [main] INFO org.soky.sro.pk2.io.Pk2IOTest - Consuming 1172 byte(s) from file lasthope_title.ddj with size 1172 
07:15:15.519 [main] DEBUG org.sokybot.pk2.Pk2CryptoUtils - File legendary_title.ddj is not encrypted , flags not exists
07:15:15.519 [main] INFO org.soky.sro.pk2.io.Pk2IOTest - Consuming 1172 byte(s) from file legendary_title.ddj with size 1172 
07:15:15.519 [main] DEBUG org.sokybot.pk2.Pk2CryptoUtils - File lucifer_title.ddj is not encrypted , flags not exists
07:15:15.519 [main] INFO org.soky.sro.pk2.io.Pk2IOTest - Consuming 1172 byte(s) from file lucifer_title.ddj with size 1172 
07:15:15.520 [main] DEBUG org.sokybot.pk2.Pk2CryptoUtils - File magnanimous_title.ddj is not encrypted , flags not exists
07:15:15.520 [main] INFO org.soky.sro.pk2.io.Pk2IOTest - Consuming 1172 byte(s) from file magnanimous_title.ddj with size 1172 
07:15:15.520 [main] DEBUG org.sokybot.pk2.Pk2CryptoUtils - File magnate_title.ddj is not encrypted , flags not exists
07:15:15.520 [main] INFO org.soky.sro.pk2.io.Pk2IOTest - Consuming 1172 byte(s) from file magnate_title.ddj with size 1172 
07:15:15.520 [main] DEBUG org.sokybot.pk2.Pk2CryptoUtils - File monster_title.ddj is not encrypted , flags not exists
07:15:15.520 [main] INFO org.soky.sro.pk2.io.Pk2IOTest - Consuming 1172 byte(s) from file monster_title.ddj with size 1172 
07:15:15.520 [main] DEBUG org.sokybot.pk2.Pk2CryptoUtils - File monstrosity_title.ddj is not encrypted , flags not exists
07:15:15.520 [main] INFO org.soky.sro.pk2.io.Pk2IOTest - Consuming 1172 byte(s) from file monstrosity_title.ddj with size 1172 
07:15:15.520 [main] DEBUG org.sokybot.pk2.Pk2CryptoUtils - File mystic_title.ddj is not encrypted , flags not exists
07:15:15.521 [main] INFO org.soky.sro.pk2.io.Pk2IOTest - Consuming 1172 byte(s) from file mystic_title.ddj with size 1172 
07:15:15.521 [main] DEBUG org.sokybot.pk2.Pk2CryptoUtils - File noob_title.ddj is not encrypted , flags not exists
07:15:15.521 [main] INFO org.soky.sro.pk2.io.Pk2IOTest - Consuming 1172 byte(s) from file noob_title.ddj with size 1172 
07:15:15.521 [main] DEBUG org.sokybot.pk2.Pk2CryptoUtils - File overdose_title.ddj is not encrypted , flags not exists
07:15:15.521 [main] INFO org.soky.sro.pk2.io.Pk2IOTest - Consuming 1172 byte(s) from file overdose_title.ddj with size 1172 
07:15:15.521 [main] DEBUG org.sokybot.pk2.Pk2CryptoUtils - File queen_title.ddj is not encrypted , flags not exists
07:15:15.521 [main] INFO org.soky.sro.pk2.io.Pk2IOTest - Consuming 1172 byte(s) from file queen_title.ddj with size 1172 
07:15:15.521 [main] DEBUG org.sokybot.pk2.Pk2CryptoUtils - File revenge_title.ddj is not encrypted , flags not exists
07:15:15.521 [main] INFO org.soky.sro.pk2.io.Pk2IOTest - Consuming 1172 byte(s) from file revenge_title.ddj with size 1172 
07:15:15.522 [main] DEBUG org.sokybot.pk2.Pk2CryptoUtils - File scream_title.ddj is not encrypted , flags not exists
07:15:15.522 [main] INFO org.soky.sro.pk2.io.Pk2IOTest - Consuming 1172 byte(s) from file scream_title.ddj with size 1172 
07:15:15.522 [main] DEBUG org.sokybot.pk2.Pk2CryptoUtils - File soulliberator_title.ddj is not encrypted , flags not exists
07:15:15.522 [main] INFO org.soky.sro.pk2.io.Pk2IOTest - Consuming 1172 byte(s) from file soulliberator_title.ddj with size 1172 
07:15:15.522 [main] DEBUG org.sokybot.pk2.Pk2CryptoUtils - File swat_title.ddj is not encrypted , flags not exists
07:15:15.522 [main] INFO org.soky.sro.pk2.io.Pk2IOTest - Consuming 1172 byte(s) from file swat_title.ddj with size 1172 
07:15:15.522 [main] DEBUG org.sokybot.pk2.Pk2CryptoUtils - File tank_title.ddj is not encrypted , flags not exists
07:15:15.522 [main] INFO org.soky.sro.pk2.io.Pk2IOTest - Consuming 1172 byte(s) from file tank_title.ddj with size 1172 
07:15:15.522 [main] DEBUG org.sokybot.pk2.Pk2CryptoUtils - File twilight_title.ddj is not encrypted , flags not exists
07:15:15.522 [main] INFO org.soky.sro.pk2.io.Pk2IOTest - Consuming 1172 byte(s) from file twilight_title.ddj with size 1172 
07:15:15.523 [main] DEBUG org.sokybot.pk2.Pk2CryptoUtils - File unstoppable_title.ddj is not encrypted , flags not exists
07:15:15.523 [main] INFO org.soky.sro.pk2.io.Pk2IOTest - Consuming 1172 byte(s) from file unstoppable_title.ddj with size 1172 
07:15:15.523 [main] DEBUG org.sokybot.pk2.Pk2CryptoUtils - File earring_09.ddj is not encrypted , flags not exists
07:15:15.523 [main] INFO org.soky.sro.pk2.io.Pk2IOTest - Consuming 4244 byte(s) from file earring_09.ddj with size 4244 
07:15:15.523 [main] DEBUG org.sokybot.pk2.Pk2CryptoUtils - File necklace_09.ddj is not encrypted , flags not exists
07:15:15.523 [main] INFO org.soky.sro.pk2.io.Pk2IOTest - Consuming 4244 byte(s) from file necklace_09.ddj with size 4244 
07:15:15.523 [main] DEBUG org.sokybot.pk2.Pk2CryptoUtils - File ring_09.ddj is not encrypted , flags not exists
07:15:15.523 [main] INFO org.soky.sro.pk2.io.Pk2IOTest - Consuming 4244 byte(s) from file ring_09.ddj with size 4244 
07:15:15.523 [main] DEBUG org.sokybot.pk2.Pk2CryptoUtils - File clothes_09_aa.ddj is not encrypted , flags not exists
07:15:15.524 [main] INFO org.soky.sro.pk2.io.Pk2IOTest - Consuming 4244 byte(s) from file clothes_09_aa.ddj with size 4244 
07:15:15.524 [main] DEBUG org.sokybot.pk2.Pk2CryptoUtils - File clothes_09_ba.ddj is not encrypted , flags not exists
07:15:15.524 [main] INFO org.soky.sro.pk2.io.Pk2IOTest - Consuming 4244 byte(s) from file clothes_09_ba.ddj with size 4244 
07:15:15.524 [main] DEBUG org.sokybot.pk2.Pk2CryptoUtils - File clothes_09_ca.ddj is not encrypted , flags not exists
07:15:15.524 [main] INFO org.soky.sro.pk2.io.Pk2IOTest - Consuming 4244 byte(s) from file clothes_09_ca.ddj with size 4244 
07:15:15.524 [main] DEBUG org.sokybot.pk2.Pk2CryptoUtils - File clothes_09_fa.ddj is not encrypted , flags not exists
07:15:15.524 [main] INFO org.soky.sro.pk2.io.Pk2IOTest - Consuming 4244 byte(s) from file clothes_09_fa.ddj with size 4244 
07:15:15.525 [main] DEBUG org.sokybot.pk2.Pk2CryptoUtils - File clothes_09_ha.ddj is not encrypted , flags not exists
07:15:15.525 [main] INFO org.soky.sro.pk2.io.Pk2IOTest - Consuming 4244 byte(s) from file clothes_09_ha.ddj with size 4244 
07:15:15.525 [main] DEBUG org.sokybot.pk2.Pk2CryptoUtils - File clothes_09_la.ddj is not encrypted , flags not exists
07:15:15.525 [main] INFO org.soky.sro.pk2.io.Pk2IOTest - Consuming 4244 byte(s) from file clothes_09_la.ddj with size 4244 
07:15:15.525 [main] DEBUG org.sokybot.pk2.Pk2CryptoUtils - File clothes_09_sa.ddj is not encrypted , flags not exists
07:15:15.525 [main] INFO org.soky.sro.pk2.io.Pk2IOTest - Consuming 4244 byte(s) from file clothes_09_sa.ddj with size 4244 
07:15:15.525 [main] DEBUG org.sokybot.pk2.Pk2CryptoUtils - File heavy_09_aa.ddj is not encrypted , flags not exists
07:15:15.525 [main] INFO org.soky.sro.pk2.io.Pk2IOTest - Consuming 4244 byte(s) from file heavy_09_aa.ddj with size 4244 
07:15:15.526 [main] DEBUG org.sokybot.pk2.Pk2CryptoUtils - File heavy_09_ba.ddj is not encrypted , flags not exists
07:15:15.526 [main] INFO org.soky.sro.pk2.io.Pk2IOTest - Consuming 4244 byte(s) from file heavy_09_ba.ddj with size 4244 
07:15:15.526 [main] DEBUG org.sokybot.pk2.Pk2CryptoUtils - File heavy_09_ca.ddj is not encrypted , flags not exists
07:15:15.526 [main] INFO org.soky.sro.pk2.io.Pk2IOTest - Consuming 4244 byte(s) from file heavy_09_ca.ddj with size 4244 
07:15:15.526 [main] DEBUG org.sokybot.pk2.Pk2CryptoUtils - File heavy_09_fa.ddj is not encrypted , flags not exists
07:15:15.526 [main] INFO org.soky.sro.pk2.io.Pk2IOTest - Consuming 4244 byte(s) from file heavy_09_fa.ddj with size 4244 
07:15:15.526 [main] DEBUG org.sokybot.pk2.Pk2CryptoUtils - File heavy_09_ha.ddj is not encrypted , flags not exists
07:15:15.526 [main] INFO org.soky.sro.pk2.io.Pk2IOTest - Consuming 4244 byte(s) from file heavy_09_ha.ddj with size 4244 
07:15:15.526 [main] DEBUG org.sokybot.pk2.Pk2CryptoUtils - File heavy_09_la.ddj is not encrypted , flags not exists
07:15:15.526 [main] INFO org.soky.sro.pk2.io.Pk2IOTest - Consuming 4244 byte(s) from file heavy_09_la.ddj with size 4244 
07:15:15.527 [main] DEBUG org.sokybot.pk2.Pk2CryptoUtils - File heavy_09_sa.ddj is not encrypted , flags not exists
07:15:15.527 [main] INFO org.soky.sro.pk2.io.Pk2IOTest - Consuming 4244 byte(s) from file heavy_09_sa.ddj with size 4244 
07:15:15.527 [main] DEBUG org.sokybot.pk2.Pk2CryptoUtils - File light_09_aa.ddj is not encrypted , flags not exists
07:15:15.527 [main] INFO org.soky.sro.pk2.io.Pk2IOTest - Consuming 4244 byte(s) from file light_09_aa.ddj with size 4244 
07:15:15.527 [main] DEBUG org.sokybot.pk2.Pk2CryptoUtils - File light_09_ba.ddj is not encrypted , flags not exists
07:15:15.527 [main] INFO org.soky.sro.pk2.io.Pk2IOTest - Consuming 4244 byte(s) from file light_09_ba.ddj with size 4244 
07:15:15.528 [main] DEBUG org.sokybot.pk2.Pk2CryptoUtils - File light_09_ca.ddj is not encrypted , flags not exists
07:15:15.528 [main] INFO org.soky.sro.pk2.io.Pk2IOTest - Consuming 4244 byte(s) from file light_09_ca.ddj with size 4244 
07:15:15.528 [main] DEBUG org.sokybot.pk2.Pk2CryptoUtils - File light_09_fa.ddj is not encrypted , flags not exists
07:15:15.528 [main] INFO org.soky.sro.pk2.io.Pk2IOTest - Consuming 4244 byte(s) from file light_09_fa.ddj with size 4244 
07:15:15.528 [main] DEBUG org.sokybot.pk2.Pk2CryptoUtils - File light_09_ha.ddj is not encrypted , flags not exists
07:15:15.528 [main] INFO org.soky.sro.pk2.io.Pk2IOTest - Consuming 4244 byte(s) from file light_09_ha.ddj with size 4244 
07:15:15.528 [main] DEBUG org.sokybot.pk2.Pk2CryptoUtils - File light_09_la.ddj is not encrypted , flags not exists
07:15:15.529 [main] INFO org.soky.sro.pk2.io.Pk2IOTest - Consuming 4244 byte(s) from file light_09_la.ddj with size 4244 
07:15:15.529 [main] DEBUG org.sokybot.pk2.Pk2CryptoUtils - File light_09_sa.ddj is not encrypted , flags not exists
07:15:15.529 [main] INFO org.soky.sro.pk2.io.Pk2IOTest - Consuming 4244 byte(s) from file light_09_sa.ddj with size 4244 
07:15:15.529 [main] DEBUG org.sokybot.pk2.Pk2CryptoUtils - File roc_clothes_aa.ddj is not encrypted , flags not exists
07:15:15.529 [main] INFO org.soky.sro.pk2.io.Pk2IOTest - Consuming 4244 byte(s) from file roc_clothes_aa.ddj with size 4244 
07:15:15.529 [main] DEBUG org.sokybot.pk2.Pk2CryptoUtils - File roc_clothes_ba.ddj is not encrypted , flags not exists
07:15:15.529 [main] INFO org.soky.sro.pk2.io.Pk2IOTest - Consuming 4244 byte(s) from file roc_clothes_ba.ddj with size 4244 
07:15:15.530 [main] DEBUG org.sokybot.pk2.Pk2CryptoUtils - File roc_clothes_fa.ddj is not encrypted , flags not exists
07:15:15.530 [main] INFO org.soky.sro.pk2.io.Pk2IOTest - Consuming 4244 byte(s) from file roc_clothes_fa.ddj with size 4244 
07:15:15.530 [main] DEBUG org.sokybot.pk2.Pk2CryptoUtils - File roc_clothes_ha.ddj is not encrypted , flags not exists
07:15:15.530 [main] INFO org.soky.sro.pk2.io.Pk2IOTest - Consuming 4244 byte(s) from file roc_clothes_ha.ddj with size 4244 
07:15:15.530 [main] DEBUG org.sokybot.pk2.Pk2CryptoUtils - File roc_clothes_la.ddj is not encrypted , flags not exists
07:15:15.530 [main] INFO org.soky.sro.pk2.io.Pk2IOTest - Consuming 4244 byte(s) from file roc_clothes_la.ddj with size 4244 
07:15:15.530 [main] DEBUG org.sokybot.pk2.Pk2CryptoUtils - File roc_clothes_sa.ddj is not encrypted , flags not exists
07:15:15.531 [main] INFO org.soky.sro.pk2.io.Pk2IOTest - Consuming 4244 byte(s) from file roc_clothes_sa.ddj with size 4244 
07:15:15.531 [main] DEBUG org.sokybot.pk2.Pk2CryptoUtils - File roc_heavy_aa.ddj is not encrypted , flags not exists
07:15:15.531 [main] INFO org.soky.sro.pk2.io.Pk2IOTest - Consuming 4244 byte(s) from file roc_heavy_aa.ddj with size 4244 
07:15:15.531 [main] DEBUG org.sokybot.pk2.Pk2CryptoUtils - File roc_heavy_ba.ddj is not encrypted , flags not exists
07:15:15.531 [main] INFO org.soky.sro.pk2.io.Pk2IOTest - Consuming 4244 byte(s) from file roc_heavy_ba.ddj with size 4244 
07:15:15.531 [main] DEBUG org.sokybot.pk2.Pk2CryptoUtils - File roc_heavy_fa.ddj is not encrypted , flags not exists
07:15:15.532 [main] INFO org.soky.sro.pk2.io.Pk2IOTest - Consuming 4244 byte(s) from file roc_heavy_fa.ddj with size 4244 
07:15:15.532 [main] DEBUG org.sokybot.pk2.Pk2CryptoUtils - File roc_heavy_ha.ddj is not encrypted , flags not exists
07:15:15.532 [main] INFO org.soky.sro.pk2.io.Pk2IOTest - Consuming 4244 byte(s) from file roc_heavy_ha.ddj with size 4244 
07:15:15.532 [main] DEBUG org.sokybot.pk2.Pk2CryptoUtils - File roc_heavy_la.ddj is not encrypted , flags not exists
07:15:15.532 [main] INFO org.soky.sro.pk2.io.Pk2IOTest - Consuming 4244 byte(s) from file roc_heavy_la.ddj with size 4244 
07:15:15.532 [main] DEBUG org.sokybot.pk2.Pk2CryptoUtils - File roc_heavy_sa.ddj is not encrypted , flags not exists
07:15:15.532 [main] INFO org.soky.sro.pk2.io.Pk2IOTest - Consuming 4244 byte(s) from file roc_heavy_sa.ddj with size 4244 
07:15:15.533 [main] DEBUG org.sokybot.pk2.Pk2CryptoUtils - File roc_light_aa.ddj is not encrypted , flags not exists
07:15:15.533 [main] INFO org.soky.sro.pk2.io.Pk2IOTest - Consuming 4244 byte(s) from file roc_light_aa.ddj with size 4244 
07:15:15.533 [main] DEBUG org.sokybot.pk2.Pk2CryptoUtils - File roc_light_ba.ddj is not encrypted , flags not exists
07:15:15.533 [main] INFO org.soky.sro.pk2.io.Pk2IOTest - Consuming 4244 byte(s) from file roc_light_ba.ddj with size 4244 
07:15:15.533 [main] DEBUG org.sokybot.pk2.Pk2CryptoUtils - File roc_light_fa.ddj is not encrypted , flags not exists
07:15:15.533 [main] INFO org.soky.sro.pk2.io.Pk2IOTest - Consuming 4244 byte(s) from file roc_light_fa.ddj with size 4244 
07:15:15.534 [main] DEBUG org.sokybot.pk2.Pk2CryptoUtils - File roc_light_ha.ddj is not encrypted , flags not exists
07:15:15.534 [main] INFO org.soky.sro.pk2.io.Pk2IOTest - Consuming 4244 byte(s) from file roc_light_ha.ddj with size 4244 
07:15:15.534 [main] DEBUG org.sokybot.pk2.Pk2CryptoUtils - File roc_light_la.ddj is not encrypted , flags not exists
07:15:15.534 [main] INFO org.soky.sro.pk2.io.Pk2IOTest - Consuming 4244 byte(s) from file roc_light_la.ddj with size 4244 
07:15:15.534 [main] DEBUG org.sokybot.pk2.Pk2CryptoUtils - File roc_light_sa.ddj is not encrypted , flags not exists
07:15:15.534 [main] INFO org.soky.sro.pk2.io.Pk2IOTest - Consuming 4244 byte(s) from file roc_light_sa.ddj with size 4244 
07:15:15.534 [main] DEBUG org.sokybot.pk2.Pk2CryptoUtils - File shield_09.ddj is not encrypted , flags not exists
07:15:15.535 [main] INFO org.soky.sro.pk2.io.Pk2IOTest - Consuming 4244 byte(s) from file shield_09.ddj with size 4244 
07:15:15.535 [main] DEBUG org.sokybot.pk2.Pk2CryptoUtils - File axe_09.ddj is not encrypted , flags not exists
07:15:15.535 [main] INFO org.soky.sro.pk2.io.Pk2IOTest - Consuming 4244 byte(s) from file axe_09.ddj with size 4244 
07:15:15.535 [main] DEBUG org.sokybot.pk2.Pk2CryptoUtils - File crossbow_09.ddj is not encrypted , flags not exists
07:15:15.535 [main] INFO org.soky.sro.pk2.io.Pk2IOTest - Consuming 4244 byte(s) from file crossbow_09.ddj with size 4244 
07:15:15.535 [main] DEBUG org.sokybot.pk2.Pk2CryptoUtils - File dagger_09.ddj is not encrypted , flags not exists
07:15:15.535 [main] INFO org.soky.sro.pk2.io.Pk2IOTest - Consuming 4244 byte(s) from file dagger_09.ddj with size 4244 
07:15:15.536 [main] DEBUG org.sokybot.pk2.Pk2CryptoUtils - File darkstaff_09.ddj is not encrypted , flags not exists
07:15:15.536 [main] INFO org.soky.sro.pk2.io.Pk2IOTest - Consuming 4244 byte(s) from file darkstaff_09.ddj with size 4244 
07:15:15.536 [main] DEBUG org.sokybot.pk2.Pk2CryptoUtils - File darkwand_09.ddj is not encrypted , flags not exists
07:15:15.536 [main] INFO org.soky.sro.pk2.io.Pk2IOTest - Consuming 4244 byte(s) from file darkwand_09.ddj with size 4244 
07:15:15.536 [main] DEBUG org.sokybot.pk2.Pk2CryptoUtils - File harp_09.ddj is not encrypted , flags not exists
07:15:15.536 [main] INFO org.soky.sro.pk2.io.Pk2IOTest - Consuming 4244 byte(s) from file harp_09.ddj with size 4244 
07:15:15.537 [main] DEBUG org.sokybot.pk2.Pk2CryptoUtils - File shortsword_09.ddj is not encrypted , flags not exists
07:15:15.537 [main] INFO org.soky.sro.pk2.io.Pk2IOTest - Consuming 4244 byte(s) from file shortsword_09.ddj with size 4244 
07:15:15.537 [main] DEBUG org.sokybot.pk2.Pk2CryptoUtils - File staff_09.ddj is not encrypted , flags not exists
07:15:15.537 [main] INFO org.soky.sro.pk2.io.Pk2IOTest - Consuming 4244 byte(s) from file staff_09.ddj with size 4244 
07:15:15.538 [main] DEBUG org.sokybot.pk2.Pk2CryptoUtils - File sword_09.ddj is not encrypted , flags not exists
07:15:15.538 [main] INFO org.soky.sro.pk2.io.Pk2IOTest - Consuming 4244 byte(s) from file sword_09.ddj with size 4244 
07:15:15.538 [main] DEBUG org.sokybot.pk2.Pk2CryptoUtils - File tstaff_09.ddj is not encrypted , flags not exists
07:15:15.538 [main] INFO org.soky.sro.pk2.io.Pk2IOTest - Consuming 4244 byte(s) from file tstaff_09.ddj with size 4244 
07:15:15.538 [main] DEBUG org.sokybot.pk2.Pk2CryptoUtils - File tsword_09.ddj is not encrypted , flags not exists
07:15:15.538 [main] INFO org.soky.sro.pk2.io.Pk2IOTest - Consuming 4244 byte(s) from file tsword_09.ddj with size 4244 
07:15:15.538 [main] DEBUG org.sokybot.pk2.Pk2CryptoUtils - File tsword_09_legend.ddj is not encrypted , flags not exists
07:15:15.539 [main] INFO org.soky.sro.pk2.io.Pk2IOTest - Consuming 4244 byte(s) from file tsword_09_legend.ddj with size 4244 
07:15:15.539 [main] DEBUG org.sokybot.pk2.Pk2CryptoUtils - File wand_09.ddj is not encrypted , flags not exists
07:15:15.539 [main] INFO org.soky.sro.pk2.io.Pk2IOTest - Consuming 4244 byte(s) from file wand_09.ddj with size 4244 
07:15:15.539 [main] DEBUG org.sokybot.pk2.Pk2CryptoUtils - File clothes_09_aa.ddj is not encrypted , flags not exists
07:15:15.539 [main] INFO org.soky.sro.pk2.io.Pk2IOTest - Consuming 4244 byte(s) from file clothes_09_aa.ddj with size 4244 
07:15:15.539 [main] DEBUG org.sokybot.pk2.Pk2CryptoUtils - File clothes_09_ba.ddj is not encrypted , flags not exists
07:15:15.539 [main] INFO org.soky.sro.pk2.io.Pk2IOTest - Consuming 4244 byte(s) from file clothes_09_ba.ddj with size 4244 
07:15:15.540 [main] DEBUG org.sokybot.pk2.Pk2CryptoUtils - File clothes_09_ca.ddj is not encrypted , flags not exists
07:15:15.540 [main] INFO org.soky.sro.pk2.io.Pk2IOTest - Consuming 4244 byte(s) from file clothes_09_ca.ddj with size 4244 
07:15:15.540 [main] DEBUG org.sokybot.pk2.Pk2CryptoUtils - File clothes_09_fa.ddj is not encrypted , flags not exists
07:15:15.540 [main] INFO org.soky.sro.pk2.io.Pk2IOTest - Consuming 4244 byte(s) from file clothes_09_fa.ddj with size 4244 
07:15:15.540 [main] DEBUG org.sokybot.pk2.Pk2CryptoUtils - File clothes_09_ha.ddj is not encrypted , flags not exists
07:15:15.540 [main] INFO org.soky.sro.pk2.io.Pk2IOTest - Consuming 4244 byte(s) from file clothes_09_ha.ddj with size 4244 
07:15:15.541 [main] DEBUG org.sokybot.pk2.Pk2CryptoUtils - File clothes_09_la.ddj is not encrypted , flags not exists
07:15:15.541 [main] INFO org.soky.sro.pk2.io.Pk2IOTest - Consuming 4244 byte(s) from file clothes_09_la.ddj with size 4244 
07:15:15.541 [main] DEBUG org.sokybot.pk2.Pk2CryptoUtils - File clothes_09_sa.ddj is not encrypted , flags not exists
07:15:15.541 [main] INFO org.soky.sro.pk2.io.Pk2IOTest - Consuming 4244 byte(s) from file clothes_09_sa.ddj with size 4244 
07:15:15.541 [main] DEBUG org.sokybot.pk2.Pk2CryptoUtils - File heavy_09_aa.ddj is not encrypted , flags not exists
07:15:15.541 [main] INFO org.soky.sro.pk2.io.Pk2IOTest - Consuming 4244 byte(s) from file heavy_09_aa.ddj with size 4244 
07:15:15.541 [main] DEBUG org.sokybot.pk2.Pk2CryptoUtils - File heavy_09_ba.ddj is not encrypted , flags not exists
07:15:15.542 [main] INFO org.soky.sro.pk2.io.Pk2IOTest - Consuming 4244 byte(s) from file heavy_09_ba.ddj with size 4244 
07:15:15.542 [main] DEBUG org.sokybot.pk2.Pk2CryptoUtils - File heavy_09_ca.ddj is not encrypted , flags not exists
07:15:15.542 [main] INFO org.soky.sro.pk2.io.Pk2IOTest - Consuming 4244 byte(s) from file heavy_09_ca.ddj with size 4244 
07:15:15.542 [main] DEBUG org.sokybot.pk2.Pk2CryptoUtils - File heavy_09_fa.ddj is not encrypted , flags not exists
07:15:15.542 [main] INFO org.soky.sro.pk2.io.Pk2IOTest - Consuming 4244 byte(s) from file heavy_09_fa.ddj with size 4244 
07:15:15.542 [main] DEBUG org.sokybot.pk2.Pk2CryptoUtils - File heavy_09_ha.ddj is not encrypted , flags not exists
07:15:15.542 [main] INFO org.soky.sro.pk2.io.Pk2IOTest - Consuming 4244 byte(s) from file heavy_09_ha.ddj with size 4244 
07:15:15.543 [main] DEBUG org.sokybot.pk2.Pk2CryptoUtils - File heavy_09_la.ddj is not encrypted , flags not exists
07:15:15.543 [main] INFO org.soky.sro.pk2.io.Pk2IOTest - Consuming 4244 byte(s) from file heavy_09_la.ddj with size 4244 
07:15:15.543 [main] DEBUG org.sokybot.pk2.Pk2CryptoUtils - File heavy_09_sa.ddj is not encrypted , flags not exists
07:15:15.543 [main] INFO org.soky.sro.pk2.io.Pk2IOTest - Consuming 4244 byte(s) from file heavy_09_sa.ddj with size 4244 
07:15:15.543 [main] DEBUG org.sokybot.pk2.Pk2CryptoUtils - File light_09_aa.ddj is not encrypted , flags not exists
07:15:15.543 [main] INFO org.soky.sro.pk2.io.Pk2IOTest - Consuming 4244 byte(s) from file light_09_aa.ddj with size 4244 
07:15:15.544 [main] DEBUG org.sokybot.pk2.Pk2CryptoUtils - File light_09_ba.ddj is not encrypted , flags not exists
07:15:15.544 [main] INFO org.soky.sro.pk2.io.Pk2IOTest - Consuming 4244 byte(s) from file light_09_ba.ddj with size 4244 
07:15:15.544 [main] DEBUG org.sokybot.pk2.Pk2CryptoUtils - File light_09_ca.ddj is not encrypted , flags not exists
07:15:15.544 [main] INFO org.soky.sro.pk2.io.Pk2IOTest - Consuming 4244 byte(s) from file light_09_ca.ddj with size 4244 
07:15:15.544 [main] DEBUG org.sokybot.pk2.Pk2CryptoUtils - File light_09_fa.ddj is not encrypted , flags not exists
07:15:15.544 [main] INFO org.soky.sro.pk2.io.Pk2IOTest - Consuming 4244 byte(s) from file light_09_fa.ddj with size 4244 
07:15:15.545 [main] DEBUG org.sokybot.pk2.Pk2CryptoUtils - File light_09_ha.ddj is not encrypted , flags not exists
07:15:15.545 [main] INFO org.soky.sro.pk2.io.Pk2IOTest - Consuming 4244 byte(s) from file light_09_ha.ddj with size 4244 
07:15:15.545 [main] DEBUG org.sokybot.pk2.Pk2CryptoUtils - File light_09_la.ddj is not encrypted , flags not exists
07:15:15.545 [main] INFO org.soky.sro.pk2.io.Pk2IOTest - Consuming 4244 byte(s) from file light_09_la.ddj with size 4244 
07:15:15.545 [main] DEBUG org.sokybot.pk2.Pk2CryptoUtils - File light_09_sa.ddj is not encrypted , flags not exists
07:15:15.545 [main] INFO org.soky.sro.pk2.io.Pk2IOTest - Consuming 4244 byte(s) from file light_09_sa.ddj with size 4244 
07:15:15.545 [main] DEBUG org.sokybot.pk2.Pk2CryptoUtils - File roc_clothes_aa.ddj is not encrypted , flags not exists
07:15:15.546 [main] INFO org.soky.sro.pk2.io.Pk2IOTest - Consuming 4244 byte(s) from file roc_clothes_aa.ddj with size 4244 
07:15:15.546 [main] DEBUG org.sokybot.pk2.Pk2CryptoUtils - File roc_clothes_ba.ddj is not encrypted , flags not exists
07:15:15.546 [main] INFO org.soky.sro.pk2.io.Pk2IOTest - Consuming 4244 byte(s) from file roc_clothes_ba.ddj with size 4244 
07:15:15.546 [main] DEBUG org.sokybot.pk2.Pk2CryptoUtils - File roc_clothes_fa.ddj is not encrypted , flags not exists
07:15:15.546 [main] INFO org.soky.sro.pk2.io.Pk2IOTest - Consuming 4244 byte(s) from file roc_clothes_fa.ddj with size 4244 
07:15:15.546 [main] DEBUG org.sokybot.pk2.Pk2CryptoUtils - File roc_clothes_ha.ddj is not encrypted , flags not exists
07:15:15.547 [main] INFO org.soky.sro.pk2.io.Pk2IOTest - Consuming 4244 byte(s) from file roc_clothes_ha.ddj with size 4244 
07:15:15.547 [main] DEBUG org.sokybot.pk2.Pk2CryptoUtils - File roc_clothes_la.ddj is not encrypted , flags not exists
07:15:15.547 [main] INFO org.soky.sro.pk2.io.Pk2IOTest - Consuming 4244 byte(s) from file roc_clothes_la.ddj with size 4244 
07:15:15.547 [main] DEBUG org.sokybot.pk2.Pk2CryptoUtils - File roc_clothes_sa.ddj is not encrypted , flags not exists
07:15:15.547 [main] INFO org.soky.sro.pk2.io.Pk2IOTest - Consuming 4244 byte(s) from file roc_clothes_sa.ddj with size 4244 
07:15:15.547 [main] DEBUG org.sokybot.pk2.Pk2CryptoUtils - File roc_heavy_aa.ddj is not encrypted , flags not exists
07:15:15.548 [main] INFO org.soky.sro.pk2.io.Pk2IOTest - Consuming 4244 byte(s) from file roc_heavy_aa.ddj with size 4244 
07:15:15.548 [main] DEBUG org.sokybot.pk2.Pk2CryptoUtils - File roc_heavy_ba.ddj is not encrypted , flags not exists
07:15:15.548 [main] INFO org.soky.sro.pk2.io.Pk2IOTest - Consuming 4244 byte(s) from file roc_heavy_ba.ddj with size 4244 
07:15:15.548 [main] DEBUG org.sokybot.pk2.Pk2CryptoUtils - File roc_heavy_fa.ddj is not encrypted , flags not exists
07:15:15.548 [main] INFO org.soky.sro.pk2.io.Pk2IOTest - Consuming 4244 byte(s) from file roc_heavy_fa.ddj with size 4244 
07:15:15.548 [main] DEBUG org.sokybot.pk2.Pk2CryptoUtils - File roc_heavy_ha.ddj is not encrypted , flags not exists
07:15:15.548 [main] INFO org.soky.sro.pk2.io.Pk2IOTest - Consuming 4244 byte(s) from file roc_heavy_ha.ddj with size 4244 
07:15:15.549 [main] DEBUG org.sokybot.pk2.Pk2CryptoUtils - File roc_heavy_la.ddj is not encrypted , flags not exists
07:15:15.549 [main] INFO org.soky.sro.pk2.io.Pk2IOTest - Consuming 4244 byte(s) from file roc_heavy_la.ddj with size 4244 
07:15:15.549 [main] DEBUG org.sokybot.pk2.Pk2CryptoUtils - File roc_heavy_sa.ddj is not encrypted , flags not exists
07:15:15.549 [main] INFO org.soky.sro.pk2.io.Pk2IOTest - Consuming 4244 byte(s) from file roc_heavy_sa.ddj with size 4244 
07:15:15.549 [main] DEBUG org.sokybot.pk2.Pk2CryptoUtils - File roc_light_aa.ddj is not encrypted , flags not exists
07:15:15.549 [main] INFO org.soky.sro.pk2.io.Pk2IOTest - Consuming 4244 byte(s) from file roc_light_aa.ddj with size 4244 
07:15:15.549 [main] DEBUG org.sokybot.pk2.Pk2CryptoUtils - File roc_light_ba.ddj is not encrypted , flags not exists
07:15:15.550 [main] INFO org.soky.sro.pk2.io.Pk2IOTest - Consuming 4244 byte(s) from file roc_light_ba.ddj with size 4244 
07:15:15.550 [main] DEBUG org.sokybot.pk2.Pk2CryptoUtils - File roc_light_fa.ddj is not encrypted , flags not exists
07:15:15.550 [main] INFO org.soky.sro.pk2.io.Pk2IOTest - Consuming 4244 byte(s) from file roc_light_fa.ddj with size 4244 
07:15:15.550 [main] DEBUG org.sokybot.pk2.Pk2CryptoUtils - File roc_light_ha.ddj is not encrypted , flags not exists
07:15:15.550 [main] INFO org.soky.sro.pk2.io.Pk2IOTest - Consuming 4244 byte(s) from file roc_light_ha.ddj with size 4244 
07:15:15.550 [main] DEBUG org.sokybot.pk2.Pk2CryptoUtils - File roc_light_la.ddj is not encrypted , flags not exists
07:15:15.551 [main] INFO org.soky.sro.pk2.io.Pk2IOTest - Consuming 4244 byte(s) from file roc_light_la.ddj with size 4244 
07:15:15.551 [main] DEBUG org.sokybot.pk2.Pk2CryptoUtils - File roc_light_sa.ddj is not encrypted , flags not exists
07:15:15.551 [main] INFO org.soky.sro.pk2.io.Pk2IOTest - Consuming 4244 byte(s) from file roc_light_sa.ddj with size 4244 
07:15:15.551 [main] DEBUG org.sokybot.pk2.Pk2CryptoUtils - File aggressive_flag.ddj is not encrypted , flags not exists
07:15:15.551 [main] INFO org.soky.sro.pk2.io.Pk2IOTest - Consuming 4244 byte(s) from file aggressive_flag.ddj with size 4244 
07:15:15.552 [main] DEBUG org.sokybot.pk2.Pk2CryptoUtils - File aggressive_flag_up.ddj is not encrypted , flags not exists
07:15:15.552 [main] INFO org.soky.sro.pk2.io.Pk2IOTest - Consuming 4244 byte(s) from file aggressive_flag_up.ddj with size 4244 
07:15:15.552 [main] DEBUG org.sokybot.pk2.Pk2CryptoUtils - File agressive_flag_up.ddj is not encrypted , flags not exists
07:15:15.552 [main] INFO org.soky.sro.pk2.io.Pk2IOTest - Consuming 4244 byte(s) from file agressive_flag_up.ddj with size 4244 
07:15:15.553 [main] DEBUG org.sokybot.pk2.Pk2CryptoUtils - File blunting_flag.ddj is not encrypted , flags not exists
07:15:15.553 [main] INFO org.soky.sro.pk2.io.Pk2IOTest - Consuming 4244 byte(s) from file blunting_flag.ddj with size 4244 
07:15:15.553 [main] DEBUG org.sokybot.pk2.Pk2CryptoUtils - File defensive_flag.ddj is not encrypted , flags not exists
07:15:15.553 [main] INFO org.soky.sro.pk2.io.Pk2IOTest - Consuming 4244 byte(s) from file defensive_flag.ddj with size 4244 
07:15:15.553 [main] DEBUG org.sokybot.pk2.Pk2CryptoUtils - File defensive_flag_up.ddj is not encrypted , flags not exists
07:15:15.554 [main] INFO org.soky.sro.pk2.io.Pk2IOTest - Consuming 4244 byte(s) from file defensive_flag_up.ddj with size 4244 
07:15:15.554 [main] DEBUG org.sokybot.pk2.Pk2CryptoUtils - File fortress_axe.ddj is not encrypted , flags not exists
07:15:15.555 [main] INFO org.soky.sro.pk2.io.Pk2IOTest - Consuming 4244 byte(s) from file fortress_axe.ddj with size 4244 
07:15:15.555 [main] DEBUG org.sokybot.pk2.Pk2CryptoUtils - File fortress_hammer.ddj is not encrypted , flags not exists
07:15:15.555 [main] INFO org.soky.sro.pk2.io.Pk2IOTest - Consuming 4244 byte(s) from file fortress_hammer.ddj with size 4244 
07:15:15.556 [main] DEBUG org.sokybot.pk2.Pk2CryptoUtils - File healing_flag.ddj is not encrypted , flags not exists
07:15:15.556 [main] INFO org.soky.sro.pk2.io.Pk2IOTest - Consuming 4244 byte(s) from file healing_flag.ddj with size 4244 
07:15:15.556 [main] DEBUG org.sokybot.pk2.Pk2CryptoUtils - File manual_barricade.ddj is not encrypted , flags not exists
07:15:15.556 [main] INFO org.soky.sro.pk2.io.Pk2IOTest - Consuming 4244 byte(s) from file manual_barricade.ddj with size 4244 
07:15:15.556 [main] DEBUG org.sokybot.pk2.Pk2CryptoUtils - File manual_battlecamp.ddj is not encrypted , flags not exists
07:15:15.556 [main] INFO org.soky.sro.pk2.io.Pk2IOTest - Consuming 4244 byte(s) from file manual_battlecamp.ddj with size 4244 
07:15:15.557 [main] DEBUG org.sokybot.pk2.Pk2CryptoUtils - File panic_flag.ddj is not encrypted , flags not exists
07:15:15.557 [main] INFO org.soky.sro.pk2.io.Pk2IOTest - Consuming 4244 byte(s) from file panic_flag.ddj with size 4244 
07:15:15.557 [main] DEBUG org.sokybot.pk2.Pk2CryptoUtils - File shock_bomb.ddj is not encrypted , flags not exists
07:15:15.557 [main] INFO org.soky.sro.pk2.io.Pk2IOTest - Consuming 4244 byte(s) from file shock_bomb.ddj with size 4244 
07:15:15.557 [main] DEBUG org.sokybot.pk2.Pk2CryptoUtils - File tablet_monster_gold.ddj is not encrypted , flags not exists
07:15:15.557 [main] INFO org.soky.sro.pk2.io.Pk2IOTest - Consuming 4244 byte(s) from file tablet_monster_gold.ddj with size 4244 
07:15:15.557 [main] DEBUG org.sokybot.pk2.Pk2CryptoUtils - File tablet_monster_silver.ddj is not encrypted , flags not exists
07:15:15.558 [main] INFO org.soky.sro.pk2.io.Pk2IOTest - Consuming 4244 byte(s) from file tablet_monster_silver.ddj with size 4244 
07:15:15.558 [main] DEBUG org.sokybot.pk2.Pk2CryptoUtils - File accessory_test.ddj is not encrypted , flags not exists
07:15:15.558 [main] INFO org.soky.sro.pk2.io.Pk2IOTest - Consuming 2196 byte(s) from file accessory_test.ddj with size 2196 
07:15:15.558 [main] DEBUG org.sokybot.pk2.Pk2CryptoUtils - File armor_test.ddj is not encrypted , flags not exists
07:15:15.558 [main] INFO org.soky.sro.pk2.io.Pk2IOTest - Consuming 2196 byte(s) from file armor_test.ddj with size 2196 
07:15:15.558 [main] DEBUG org.sokybot.pk2.Pk2CryptoUtils - File guild_test.ddj is not encrypted , flags not exists
07:15:15.558 [main] INFO org.soky.sro.pk2.io.Pk2IOTest - Consuming 2196 byte(s) from file guild_test.ddj with size 2196 
07:15:15.558 [main] DEBUG org.sokybot.pk2.Pk2CryptoUtils - File mall_test.ddj is not encrypted , flags not exists
07:15:15.559 [main] INFO org.soky.sro.pk2.io.Pk2IOTest - Consuming 2196 byte(s) from file mall_test.ddj with size 2196 
07:15:15.559 [main] DEBUG org.sokybot.pk2.Pk2CryptoUtils - File potion_test.ddj is not encrypted , flags not exists
07:15:15.559 [main] INFO org.soky.sro.pk2.io.Pk2IOTest - Consuming 2196 byte(s) from file potion_test.ddj with size 2196 
07:15:15.559 [main] DEBUG org.sokybot.pk2.Pk2CryptoUtils - File trade_test.ddj is not encrypted , flags not exists
07:15:15.559 [main] INFO org.soky.sro.pk2.io.Pk2IOTest - Consuming 2196 byte(s) from file trade_test.ddj with size 2196 
07:15:15.559 [main] DEBUG org.sokybot.pk2.Pk2CryptoUtils - File weapon_test.ddj is not encrypted , flags not exists
07:15:15.559 [main] INFO org.soky.sro.pk2.io.Pk2IOTest - Consuming 2196 byte(s) from file weapon_test.ddj with size 2196 
07:15:15.559 [main] DEBUG org.sokybot.pk2.Pk2CryptoUtils - File trade_armor_a.ddj is not encrypted , flags not exists
07:15:15.559 [main] INFO org.soky.sro.pk2.io.Pk2IOTest - Consuming 4244 byte(s) from file trade_armor_a.ddj with size 4244 
07:15:15.560 [main] DEBUG org.sokybot.pk2.Pk2CryptoUtils - File trade_armor_a_da.ddj is not encrypted , flags not exists
07:15:15.560 [main] INFO org.soky.sro.pk2.io.Pk2IOTest - Consuming 4244 byte(s) from file trade_armor_a_da.ddj with size 4244 
07:15:15.560 [main] DEBUG org.sokybot.pk2.Pk2CryptoUtils - File trade_armor_a_da_magic.ddj is not encrypted , flags not exists
07:15:15.560 [main] INFO org.soky.sro.pk2.io.Pk2IOTest - Consuming 4244 byte(s) from file trade_armor_a_da_magic.ddj with size 4244 
07:15:15.560 [main] DEBUG org.sokybot.pk2.Pk2CryptoUtils - File trade_armor_a_da_rare.ddj is not encrypted , flags not exists
07:15:15.560 [main] INFO org.soky.sro.pk2.io.Pk2IOTest - Consuming 4244 byte(s) from file trade_armor_a_da_rare.ddj with size 4244 
07:15:15.560 [main] DEBUG org.sokybot.pk2.Pk2CryptoUtils - File trade_armor_a_ma.ddj is not encrypted , flags not exists
07:15:15.561 [main] INFO org.soky.sro.pk2.io.Pk2IOTest - Consuming 4244 byte(s) from file trade_armor_a_ma.ddj with size 4244 
07:15:15.561 [main] DEBUG org.sokybot.pk2.Pk2CryptoUtils - File trade_armor_a_ma_magic.ddj is not encrypted , flags not exists
07:15:15.561 [main] INFO org.soky.sro.pk2.io.Pk2IOTest - Consuming 4244 byte(s) from file trade_armor_a_ma_magic.ddj with size 4244 
07:15:15.561 [main] DEBUG org.sokybot.pk2.Pk2CryptoUtils - File trade_armor_a_ma_rare.ddj is not encrypted , flags not exists
07:15:15.561 [main] INFO org.soky.sro.pk2.io.Pk2IOTest - Consuming 4244 byte(s) from file trade_armor_a_ma_rare.ddj with size 4244 
07:15:15.561 [main] DEBUG org.sokybot.pk2.Pk2CryptoUtils - File trade_armor_a_pa.ddj is not encrypted , flags not exists
07:15:15.561 [main] INFO org.soky.sro.pk2.io.Pk2IOTest - Consuming 4244 byte(s) from file trade_armor_a_pa.ddj with size 4244 
07:15:15.562 [main] DEBUG org.sokybot.pk2.Pk2CryptoUtils - File trade_armor_a_pa_magic.ddj is not encrypted , flags not exists
07:15:15.562 [main] INFO org.soky.sro.pk2.io.Pk2IOTest - Consuming 4244 byte(s) from file trade_armor_a_pa_magic.ddj with size 4244 
07:15:15.562 [main] DEBUG org.sokybot.pk2.Pk2CryptoUtils - File trade_armor_a_pa_rare.ddj is not encrypted , flags not exists
07:15:15.562 [main] INFO org.soky.sro.pk2.io.Pk2IOTest - Consuming 4244 byte(s) from file trade_armor_a_pa_rare.ddj with size 4244 
07:15:15.562 [main] DEBUG org.sokybot.pk2.Pk2CryptoUtils - File trade_armor_b.ddj is not encrypted , flags not exists
07:15:15.562 [main] INFO org.soky.sro.pk2.io.Pk2IOTest - Consuming 4244 byte(s) from file trade_armor_b.ddj with size 4244 
07:15:15.562 [main] DEBUG org.sokybot.pk2.Pk2CryptoUtils - File trade_armor_b_da.ddj is not encrypted , flags not exists
07:15:15.563 [main] INFO org.soky.sro.pk2.io.Pk2IOTest - Consuming 4244 byte(s) from file trade_armor_b_da.ddj with size 4244 
07:15:15.563 [main] DEBUG org.sokybot.pk2.Pk2CryptoUtils - File trade_armor_b_da_magic.ddj is not encrypted , flags not exists
07:15:15.563 [main] INFO org.soky.sro.pk2.io.Pk2IOTest - Consuming 4244 byte(s) from file trade_armor_b_da_magic.ddj with size 4244 
07:15:15.563 [main] DEBUG org.sokybot.pk2.Pk2CryptoUtils - File trade_armor_b_da_rare.ddj is not encrypted , flags not exists
07:15:15.563 [main] INFO org.soky.sro.pk2.io.Pk2IOTest - Consuming 4244 byte(s) from file trade_armor_b_da_rare.ddj with size 4244 
07:15:15.564 [main] DEBUG org.sokybot.pk2.Pk2CryptoUtils - File trade_armor_b_ma.ddj is not encrypted , flags not exists
07:15:15.564 [main] INFO org.soky.sro.pk2.io.Pk2IOTest - Consuming 4244 byte(s) from file trade_armor_b_ma.ddj with size 4244 
07:15:15.564 [main] DEBUG org.sokybot.pk2.Pk2CryptoUtils - File trade_armor_b_ma_magic.ddj is not encrypted , flags not exists
07:15:15.564 [main] INFO org.soky.sro.pk2.io.Pk2IOTest - Consuming 4244 byte(s) from file trade_armor_b_ma_magic.ddj with size 4244 
07:15:15.564 [main] DEBUG org.sokybot.pk2.Pk2CryptoUtils - File trade_armor_b_ma_rare.ddj is not encrypted , flags not exists
07:15:15.564 [main] INFO org.soky.sro.pk2.io.Pk2IOTest - Consuming 4244 byte(s) from file trade_armor_b_ma_rare.ddj with size 4244 
07:15:15.564 [main] DEBUG org.sokybot.pk2.Pk2CryptoUtils - File trade_armor_b_pa.ddj is not encrypted , flags not exists
07:15:15.565 [main] INFO org.soky.sro.pk2.io.Pk2IOTest - Consuming 4244 byte(s) from file trade_armor_b_pa.ddj with size 4244 
07:15:15.565 [main] DEBUG org.sokybot.pk2.Pk2CryptoUtils - File trade_armor_b_pa_magic.ddj is not encrypted , flags not exists
07:15:15.565 [main] INFO org.soky.sro.pk2.io.Pk2IOTest - Consuming 4244 byte(s) from file trade_armor_b_pa_magic.ddj with size 4244 
07:15:15.565 [main] DEBUG org.sokybot.pk2.Pk2CryptoUtils - File trade_armor_b_pa_rare.ddj is not encrypted , flags not exists
07:15:15.565 [main] INFO org.soky.sro.pk2.io.Pk2IOTest - Consuming 4244 byte(s) from file trade_armor_b_pa_rare.ddj with size 4244 
07:15:15.565 [main] DEBUG org.sokybot.pk2.Pk2CryptoUtils - File trade_armor_c.ddj is not encrypted , flags not exists
07:15:15.566 [main] INFO org.soky.sro.pk2.io.Pk2IOTest - Consuming 4244 byte(s) from file trade_armor_c.ddj with size 4244 
07:15:15.567 [main] DEBUG org.sokybot.pk2.Pk2CryptoUtils - File trade_armor_c_da.ddj is not encrypted , flags not exists
07:15:15.568 [main] INFO org.soky.sro.pk2.io.Pk2IOTest - Consuming 4244 byte(s) from file trade_armor_c_da.ddj with size 4244 
07:15:15.569 [main] DEBUG org.sokybot.pk2.Pk2CryptoUtils - File trade_armor_c_da_magic.ddj is not encrypted , flags not exists
07:15:15.569 [main] INFO org.soky.sro.pk2.io.Pk2IOTest - Consuming 4244 byte(s) from file trade_armor_c_da_magic.ddj with size 4244 
07:15:15.569 [main] DEBUG org.sokybot.pk2.Pk2CryptoUtils - File trade_armor_c_da_rare.ddj is not encrypted , flags not exists
07:15:15.569 [main] INFO org.soky.sro.pk2.io.Pk2IOTest - Consuming 4244 byte(s) from file trade_armor_c_da_rare.ddj with size 4244 
07:15:15.569 [main] DEBUG org.sokybot.pk2.Pk2CryptoUtils - File trade_armor_c_ma.ddj is not encrypted , flags not exists
07:15:15.570 [main] INFO org.soky.sro.pk2.io.Pk2IOTest - Consuming 4244 byte(s) from file trade_armor_c_ma.ddj with size 4244 
07:15:15.570 [main] DEBUG org.sokybot.pk2.Pk2CryptoUtils - File trade_armor_c_ma_magic.ddj is not encrypted , flags not exists
07:15:15.570 [main] INFO org.soky.sro.pk2.io.Pk2IOTest - Consuming 4244 byte(s) from file trade_armor_c_ma_magic.ddj with size 4244 
07:15:15.570 [main] DEBUG org.sokybot.pk2.Pk2CryptoUtils - File trade_armor_c_ma_rare.ddj is not encrypted , flags not exists
07:15:15.570 [main] INFO org.soky.sro.pk2.io.Pk2IOTest - Consuming 4244 byte(s) from file trade_armor_c_ma_rare.ddj with size 4244 
07:15:15.570 [main] DEBUG org.sokybot.pk2.Pk2CryptoUtils - File trade_armor_c_pa.ddj is not encrypted , flags not exists
07:15:15.570 [main] INFO org.soky.sro.pk2.io.Pk2IOTest - Consuming 4244 byte(s) from file trade_armor_c_pa.ddj with size 4244 
07:15:15.571 [main] DEBUG org.sokybot.pk2.Pk2CryptoUtils - File trade_armor_c_pa_magic.ddj is not encrypted , flags not exists
07:15:15.571 [main] INFO org.soky.sro.pk2.io.Pk2IOTest - Consuming 4244 byte(s) from file trade_armor_c_pa_magic.ddj with size 4244 
07:15:15.571 [main] DEBUG org.sokybot.pk2.Pk2CryptoUtils - File trade_armor_c_pa_rare.ddj is not encrypted , flags not exists
07:15:15.571 [main] INFO org.soky.sro.pk2.io.Pk2IOTest - Consuming 4244 byte(s) from file trade_armor_c_pa_rare.ddj with size 4244 
07:15:15.571 [main] DEBUG org.sokybot.pk2.Pk2CryptoUtils - File trade_armor_d.ddj is not encrypted , flags not exists
07:15:15.571 [main] INFO org.soky.sro.pk2.io.Pk2IOTest - Consuming 4244 byte(s) from file trade_armor_d.ddj with size 4244 
07:15:15.571 [main] DEBUG org.sokybot.pk2.Pk2CryptoUtils - File trade_armor_d_da.ddj is not encrypted , flags not exists
07:15:15.571 [main] INFO org.soky.sro.pk2.io.Pk2IOTest - Consuming 4244 byte(s) from file trade_armor_d_da.ddj with size 4244 
07:15:15.572 [main] DEBUG org.sokybot.pk2.Pk2CryptoUtils - File trade_armor_d_da_magic.ddj is not encrypted , flags not exists
07:15:15.572 [main] INFO org.soky.sro.pk2.io.Pk2IOTest - Consuming 4244 byte(s) from file trade_armor_d_da_magic.ddj with size 4244 
07:15:15.572 [main] DEBUG org.sokybot.pk2.Pk2CryptoUtils - File trade_armor_d_da_rare.ddj is not encrypted , flags not exists
07:15:15.572 [main] INFO org.soky.sro.pk2.io.Pk2IOTest - Consuming 4244 byte(s) from file trade_armor_d_da_rare.ddj with size 4244 
07:15:15.572 [main] DEBUG org.sokybot.pk2.Pk2CryptoUtils - File trade_armor_d_ma.ddj is not encrypted , flags not exists
07:15:15.572 [main] INFO org.soky.sro.pk2.io.Pk2IOTest - Consuming 4244 byte(s) from file trade_armor_d_ma.ddj with size 4244 
07:15:15.572 [main] DEBUG org.sokybot.pk2.Pk2CryptoUtils - File trade_armor_d_ma_magic.ddj is not encrypted , flags not exists
07:15:15.572 [main] INFO org.soky.sro.pk2.io.Pk2IOTest - Consuming 4244 byte(s) from file trade_armor_d_ma_magic.ddj with size 4244 
07:15:15.572 [main] DEBUG org.sokybot.pk2.Pk2CryptoUtils - File trade_armor_d_ma_rare.ddj is not encrypted , flags not exists
07:15:15.572 [main] INFO org.soky.sro.pk2.io.Pk2IOTest - Consuming 4244 byte(s) from file trade_armor_d_ma_rare.ddj with size 4244 
07:15:15.573 [main] DEBUG org.sokybot.pk2.Pk2CryptoUtils - File trade_armor_d_pa.ddj is not encrypted , flags not exists
07:15:15.573 [main] INFO org.soky.sro.pk2.io.Pk2IOTest - Consuming 4244 byte(s) from file trade_armor_d_pa.ddj with size 4244 
07:15:15.573 [main] DEBUG org.sokybot.pk2.Pk2CryptoUtils - File trade_armor_d_pa_magic.ddj is not encrypted , flags not exists
07:15:15.573 [main] INFO org.soky.sro.pk2.io.Pk2IOTest - Consuming 4244 byte(s) from file trade_armor_d_pa_magic.ddj with size 4244 
07:15:15.573 [main] DEBUG org.sokybot.pk2.Pk2CryptoUtils - File trade_armor_d_pa_rare.ddj is not encrypted , flags not exists
07:15:15.574 [main] INFO org.soky.sro.pk2.io.Pk2IOTest - Consuming 4244 byte(s) from file trade_armor_d_pa_rare.ddj with size 4244 
07:15:15.574 [main] DEBUG org.sokybot.pk2.Pk2CryptoUtils - File trade_armor_e.ddj is not encrypted , flags not exists
07:15:15.574 [main] INFO org.soky.sro.pk2.io.Pk2IOTest - Consuming 4244 byte(s) from file trade_armor_e.ddj with size 4244 
07:15:15.574 [main] DEBUG org.sokybot.pk2.Pk2CryptoUtils - File trade_armor_e_da.ddj is not encrypted , flags not exists
07:15:15.574 [main] INFO org.soky.sro.pk2.io.Pk2IOTest - Consuming 4244 byte(s) from file trade_armor_e_da.ddj with size 4244 
07:15:15.574 [main] DEBUG org.sokybot.pk2.Pk2CryptoUtils - File trade_armor_e_da_magic.ddj is not encrypted , flags not exists
07:15:15.575 [main] INFO org.soky.sro.pk2.io.Pk2IOTest - Consuming 4244 byte(s) from file trade_armor_e_da_magic.ddj with size 4244 
07:15:15.575 [main] DEBUG org.sokybot.pk2.Pk2CryptoUtils - File trade_armor_e_da_rare.ddj is not encrypted , flags not exists
07:15:15.575 [main] INFO org.soky.sro.pk2.io.Pk2IOTest - Consuming 4244 byte(s) from file trade_armor_e_da_rare.ddj with size 4244 
07:15:15.575 [main] DEBUG org.sokybot.pk2.Pk2CryptoUtils - File trade_armor_e_ma.ddj is not encrypted , flags not exists
07:15:15.575 [main] INFO org.soky.sro.pk2.io.Pk2IOTest - Consuming 4244 byte(s) from file trade_armor_e_ma.ddj with size 4244 
07:15:15.575 [main] DEBUG org.sokybot.pk2.Pk2CryptoUtils - File trade_armor_e_ma_magic.ddj is not encrypted , flags not exists
07:15:15.576 [main] INFO org.soky.sro.pk2.io.Pk2IOTest - Consuming 4244 byte(s) from file trade_armor_e_ma_magic.ddj with size 4244 
07:15:15.576 [main] DEBUG org.sokybot.pk2.Pk2CryptoUtils - File trade_armor_e_ma_rare.ddj is not encrypted , flags not exists
07:15:15.576 [main] INFO org.soky.sro.pk2.io.Pk2IOTest - Consuming 4244 byte(s) from file trade_armor_e_ma_rare.ddj with size 4244 
07:15:15.576 [main] DEBUG org.sokybot.pk2.Pk2CryptoUtils - File trade_armor_e_pa.ddj is not encrypted , flags not exists
07:15:15.576 [main] INFO org.soky.sro.pk2.io.Pk2IOTest - Consuming 4244 byte(s) from file trade_armor_e_pa.ddj with size 4244 
07:15:15.576 [main] DEBUG org.sokybot.pk2.Pk2CryptoUtils - File trade_armor_e_pa_magic.ddj is not encrypted , flags not exists
07:15:15.576 [main] INFO org.soky.sro.pk2.io.Pk2IOTest - Consuming 4244 byte(s) from file trade_armor_e_pa_magic.ddj with size 4244 
07:15:15.577 [main] DEBUG org.sokybot.pk2.Pk2CryptoUtils - File trade_armor_e_pa_rare.ddj is not encrypted , flags not exists
07:15:15.577 [main] INFO org.soky.sro.pk2.io.Pk2IOTest - Consuming 4244 byte(s) from file trade_armor_e_pa_rare.ddj with size 4244 
07:15:15.577 [main] DEBUG org.sokybot.pk2.Pk2CryptoUtils - File trade_earring_a.ddj is not encrypted , flags not exists
07:15:15.577 [main] INFO org.soky.sro.pk2.io.Pk2IOTest - Consuming 4244 byte(s) from file trade_earring_a.ddj with size 4244 
07:15:15.577 [main] DEBUG org.sokybot.pk2.Pk2CryptoUtils - File trade_earring_a_da.ddj is not encrypted , flags not exists
07:15:15.577 [main] INFO org.soky.sro.pk2.io.Pk2IOTest - Consuming 4244 byte(s) from file trade_earring_a_da.ddj with size 4244 
07:15:15.578 [main] DEBUG org.sokybot.pk2.Pk2CryptoUtils - File trade_earring_a_da_magic.ddj is not encrypted , flags not exists
07:15:15.578 [main] INFO org.soky.sro.pk2.io.Pk2IOTest - Consuming 4244 byte(s) from file trade_earring_a_da_magic.ddj with size 4244 
07:15:15.578 [main] DEBUG org.sokybot.pk2.Pk2CryptoUtils - File trade_earring_a_da_rare.ddj is not encrypted , flags not exists
07:15:15.578 [main] INFO org.soky.sro.pk2.io.Pk2IOTest - Consuming 4244 byte(s) from file trade_earring_a_da_rare.ddj with size 4244 
07:15:15.578 [main] DEBUG org.sokybot.pk2.Pk2CryptoUtils - File trade_earring_a_ma.ddj is not encrypted , flags not exists
07:15:15.578 [main] INFO org.soky.sro.pk2.io.Pk2IOTest - Consuming 4244 byte(s) from file trade_earring_a_ma.ddj with size 4244 
07:15:15.579 [main] DEBUG org.sokybot.pk2.Pk2CryptoUtils - File trade_earring_a_ma_magic.ddj is not encrypted , flags not exists
07:15:15.579 [main] INFO org.soky.sro.pk2.io.Pk2IOTest - Consuming 4244 byte(s) from file trade_earring_a_ma_magic.ddj with size 4244 
07:15:15.579 [main] DEBUG org.sokybot.pk2.Pk2CryptoUtils - File trade_earring_a_ma_rare.ddj is not encrypted , flags not exists
07:15:15.579 [main] INFO org.soky.sro.pk2.io.Pk2IOTest - Consuming 4244 byte(s) from file trade_earring_a_ma_rare.ddj with size 4244 
07:15:15.579 [main] DEBUG org.sokybot.pk2.Pk2CryptoUtils - File trade_earring_a_pa.ddj is not encrypted , flags not exists
07:15:15.579 [main] INFO org.soky.sro.pk2.io.Pk2IOTest - Consuming 4244 byte(s) from file trade_earring_a_pa.ddj with size 4244 
07:15:15.579 [main] DEBUG org.sokybot.pk2.Pk2CryptoUtils - File trade_earring_a_pa_magic.ddj is not encrypted , flags not exists
07:15:15.580 [main] INFO org.soky.sro.pk2.io.Pk2IOTest - Consuming 4244 byte(s) from file trade_earring_a_pa_magic.ddj with size 4244 
07:15:15.580 [main] DEBUG org.sokybot.pk2.Pk2CryptoUtils - File trade_earring_a_pa_rare.ddj is not encrypted , flags not exists
07:15:15.580 [main] INFO org.soky.sro.pk2.io.Pk2IOTest - Consuming 4244 byte(s) from file trade_earring_a_pa_rare.ddj with size 4244 
07:15:15.580 [main] DEBUG org.sokybot.pk2.Pk2CryptoUtils - File trade_earring_b.ddj is not encrypted , flags not exists
07:15:15.580 [main] INFO org.soky.sro.pk2.io.Pk2IOTest - Consuming 4244 byte(s) from file trade_earring_b.ddj with size 4244 
07:15:15.580 [main] DEBUG org.sokybot.pk2.Pk2CryptoUtils - File trade_earring_b_da.ddj is not encrypted , flags not exists
07:15:15.580 [main] INFO org.soky.sro.pk2.io.Pk2IOTest - Consuming 4244 byte(s) from file trade_earring_b_da.ddj with size 4244 
07:15:15.580 [main] DEBUG org.sokybot.pk2.Pk2CryptoUtils - File trade_earring_b_da_magic.ddj is not encrypted , flags not exists
07:15:15.581 [main] INFO org.soky.sro.pk2.io.Pk2IOTest - Consuming 4244 byte(s) from file trade_earring_b_da_magic.ddj with size 4244 
07:15:15.581 [main] DEBUG org.sokybot.pk2.Pk2CryptoUtils - File trade_earring_b_da_rare.ddj is not encrypted , flags not exists
07:15:15.581 [main] INFO org.soky.sro.pk2.io.Pk2IOTest - Consuming 4244 byte(s) from file trade_earring_b_da_rare.ddj with size 4244 
07:15:15.581 [main] DEBUG org.sokybot.pk2.Pk2CryptoUtils - File trade_earring_b_ma.ddj is not encrypted , flags not exists
07:15:15.581 [main] INFO org.soky.sro.pk2.io.Pk2IOTest - Consuming 4244 byte(s) from file trade_earring_b_ma.ddj with size 4244 
07:15:15.581 [main] DEBUG org.sokybot.pk2.Pk2CryptoUtils - File trade_earring_b_ma_magic.ddj is not encrypted , flags not exists
07:15:15.581 [main] INFO org.soky.sro.pk2.io.Pk2IOTest - Consuming 4244 byte(s) from file trade_earring_b_ma_magic.ddj with size 4244 
07:15:15.581 [main] DEBUG org.sokybot.pk2.Pk2CryptoUtils - File trade_earring_b_ma_rare.ddj is not encrypted , flags not exists
07:15:15.582 [main] INFO org.soky.sro.pk2.io.Pk2IOTest - Consuming 4244 byte(s) from file trade_earring_b_ma_rare.ddj with size 4244 
07:15:15.582 [main] DEBUG org.sokybot.pk2.Pk2CryptoUtils - File trade_earring_b_pa.ddj is not encrypted , flags not exists
07:15:15.582 [main] INFO org.soky.sro.pk2.io.Pk2IOTest - Consuming 4244 byte(s) from file trade_earring_b_pa.ddj with size 4244 
07:15:15.582 [main] DEBUG org.sokybot.pk2.Pk2CryptoUtils - File trade_earring_b_pa_magic.ddj is not encrypted , flags not exists
07:15:15.582 [main] INFO org.soky.sro.pk2.io.Pk2IOTest - Consuming 4244 byte(s) from file trade_earring_b_pa_magic.ddj with size 4244 
07:15:15.582 [main] DEBUG org.sokybot.pk2.Pk2CryptoUtils - File trade_earring_b_pa_rare.ddj is not encrypted , flags not exists
07:15:15.583 [main] INFO org.soky.sro.pk2.io.Pk2IOTest - Consuming 4244 byte(s) from file trade_earring_b_pa_rare.ddj with size 4244 
07:15:15.583 [main] DEBUG org.sokybot.pk2.Pk2CryptoUtils - File trade_earring_c.ddj is not encrypted , flags not exists
07:15:15.583 [main] INFO org.soky.sro.pk2.io.Pk2IOTest - Consuming 4244 byte(s) from file trade_earring_c.ddj with size 4244 
07:15:15.583 [main] DEBUG org.sokybot.pk2.Pk2CryptoUtils - File trade_earring_c_da.ddj is not encrypted , flags not exists
07:15:15.583 [main] INFO org.soky.sro.pk2.io.Pk2IOTest - Consuming 4244 byte(s) from file trade_earring_c_da.ddj with size 4244 
07:15:15.583 [main] DEBUG org.sokybot.pk2.Pk2CryptoUtils - File trade_earring_c_da_magic.ddj is not encrypted , flags not exists
07:15:15.584 [main] INFO org.soky.sro.pk2.io.Pk2IOTest - Consuming 4244 byte(s) from file trade_earring_c_da_magic.ddj with size 4244 
07:15:15.584 [main] DEBUG org.sokybot.pk2.Pk2CryptoUtils - File trade_earring_c_da_rare.ddj is not encrypted , flags not exists
07:15:15.584 [main] INFO org.soky.sro.pk2.io.Pk2IOTest - Consuming 4244 byte(s) from file trade_earring_c_da_rare.ddj with size 4244 
07:15:15.584 [main] DEBUG org.sokybot.pk2.Pk2CryptoUtils - File trade_earring_c_ma.ddj is not encrypted , flags not exists
07:15:15.584 [main] INFO org.soky.sro.pk2.io.Pk2IOTest - Consuming 4244 byte(s) from file trade_earring_c_ma.ddj with size 4244 
07:15:15.584 [main] DEBUG org.sokybot.pk2.Pk2CryptoUtils - File trade_earring_c_ma_magic.ddj is not encrypted , flags not exists
07:15:15.585 [main] INFO org.soky.sro.pk2.io.Pk2IOTest - Consuming 4244 byte(s) from file trade_earring_c_ma_magic.ddj with size 4244 
07:15:15.585 [main] DEBUG org.sokybot.pk2.Pk2CryptoUtils - File trade_earring_c_ma_rare.ddj is not encrypted , flags not exists
07:15:15.585 [main] INFO org.soky.sro.pk2.io.Pk2IOTest - Consuming 4244 byte(s) from file trade_earring_c_ma_rare.ddj with size 4244 
07:15:15.585 [main] DEBUG org.sokybot.pk2.Pk2CryptoUtils - File trade_earring_c_pa.ddj is not encrypted , flags not exists
07:15:15.585 [main] INFO org.soky.sro.pk2.io.Pk2IOTest - Consuming 4244 byte(s) from file trade_earring_c_pa.ddj with size 4244 
07:15:15.585 [main] DEBUG org.sokybot.pk2.Pk2CryptoUtils - File trade_earring_c_pa_magic.ddj is not encrypted , flags not exists
07:15:15.586 [main] INFO org.soky.sro.pk2.io.Pk2IOTest - Consuming 4244 byte(s) from file trade_earring_c_pa_magic.ddj with size 4244 
07:15:15.586 [main] DEBUG org.sokybot.pk2.Pk2CryptoUtils - File trade_earring_c_pa_rare.ddj is not encrypted , flags not exists
07:15:15.586 [main] INFO org.soky.sro.pk2.io.Pk2IOTest - Consuming 4244 byte(s) from file trade_earring_c_pa_rare.ddj with size 4244 
07:15:15.586 [main] DEBUG org.sokybot.pk2.Pk2CryptoUtils - File trade_earring_d.ddj is not encrypted , flags not exists
07:15:15.586 [main] INFO org.soky.sro.pk2.io.Pk2IOTest - Consuming 4244 byte(s) from file trade_earring_d.ddj with size 4244 
07:15:15.586 [main] DEBUG org.sokybot.pk2.Pk2CryptoUtils - File trade_earring_d_da.ddj is not encrypted , flags not exists
07:15:15.586 [main] INFO org.soky.sro.pk2.io.Pk2IOTest - Consuming 4244 byte(s) from file trade_earring_d_da.ddj with size 4244 
07:15:15.587 [main] DEBUG org.sokybot.pk2.Pk2CryptoUtils - File trade_earring_d_da_magic.ddj is not encrypted , flags not exists
07:15:15.587 [main] INFO org.soky.sro.pk2.io.Pk2IOTest - Consuming 4244 byte(s) from file trade_earring_d_da_magic.ddj with size 4244 
07:15:15.587 [main] DEBUG org.sokybot.pk2.Pk2CryptoUtils - File trade_earring_d_da_rare.ddj is not encrypted , flags not exists
07:15:15.587 [main] INFO org.soky.sro.pk2.io.Pk2IOTest - Consuming 4244 byte(s) from file trade_earring_d_da_rare.ddj with size 4244 
07:15:15.587 [main] DEBUG org.sokybot.pk2.Pk2CryptoUtils - File trade_earring_d_ma.ddj is not encrypted , flags not exists
07:15:15.587 [main] INFO org.soky.sro.pk2.io.Pk2IOTest - Consuming 4244 byte(s) from file trade_earring_d_ma.ddj with size 4244 
07:15:15.588 [main] DEBUG org.sokybot.pk2.Pk2CryptoUtils - File trade_earring_d_ma_magic.ddj is not encrypted , flags not exists
07:15:15.588 [main] INFO org.soky.sro.pk2.io.Pk2IOTest - Consuming 4244 byte(s) from file trade_earring_d_ma_magic.ddj with size 4244 
07:15:15.588 [main] DEBUG org.sokybot.pk2.Pk2CryptoUtils - File trade_earring_d_ma_rare.ddj is not encrypted , flags not exists
07:15:15.588 [main] INFO org.soky.sro.pk2.io.Pk2IOTest - Consuming 4244 byte(s) from file trade_earring_d_ma_rare.ddj with size 4244 
07:15:15.588 [main] DEBUG org.sokybot.pk2.Pk2CryptoUtils - File trade_earring_d_pa.ddj is not encrypted , flags not exists
07:15:15.588 [main] INFO org.soky.sro.pk2.io.Pk2IOTest - Consuming 4244 byte(s) from file trade_earring_d_pa.ddj with size 4244 
07:15:15.588 [main] DEBUG org.sokybot.pk2.Pk2CryptoUtils - File trade_earring_d_pa_magic.ddj is not encrypted , flags not exists
07:15:15.589 [main] INFO org.soky.sro.pk2.io.Pk2IOTest - Consuming 4244 byte(s) from file trade_earring_d_pa_magic.ddj with size 4244 
07:15:15.589 [main] DEBUG org.sokybot.pk2.Pk2CryptoUtils - File trade_earring_d_pa_rare.ddj is not encrypted , flags not exists
07:15:15.589 [main] INFO org.soky.sro.pk2.io.Pk2IOTest - Consuming 4244 byte(s) from file trade_earring_d_pa_rare.ddj with size 4244 
07:15:15.589 [main] DEBUG org.sokybot.pk2.Pk2CryptoUtils - File trade_earring_e.ddj is not encrypted , flags not exists
07:15:15.589 [main] INFO org.soky.sro.pk2.io.Pk2IOTest - Consuming 4244 byte(s) from file trade_earring_e.ddj with size 4244 
07:15:15.589 [main] DEBUG org.sokybot.pk2.Pk2CryptoUtils - File trade_earring_e_da.ddj is not encrypted , flags not exists
07:15:15.590 [main] INFO org.soky.sro.pk2.io.Pk2IOTest - Consuming 4244 byte(s) from file trade_earring_e_da.ddj with size 4244 
07:15:15.590 [main] DEBUG org.sokybot.pk2.Pk2CryptoUtils - File trade_earring_e_da_magic.ddj is not encrypted , flags not exists
07:15:15.590 [main] INFO org.soky.sro.pk2.io.Pk2IOTest - Consuming 4244 byte(s) from file trade_earring_e_da_magic.ddj with size 4244 
07:15:15.590 [main] DEBUG org.sokybot.pk2.Pk2CryptoUtils - File trade_earring_e_da_rare.ddj is not encrypted , flags not exists
07:15:15.590 [main] INFO org.soky.sro.pk2.io.Pk2IOTest - Consuming 4244 byte(s) from file trade_earring_e_da_rare.ddj with size 4244 
07:15:15.590 [main] DEBUG org.sokybot.pk2.Pk2CryptoUtils - File trade_earring_e_ma.ddj is not encrypted , flags not exists
07:15:15.591 [main] INFO org.soky.sro.pk2.io.Pk2IOTest - Consuming 4244 byte(s) from file trade_earring_e_ma.ddj with size 4244 
07:15:15.591 [main] DEBUG org.sokybot.pk2.Pk2CryptoUtils - File trade_earring_e_ma_magic.ddj is not encrypted , flags not exists
07:15:15.591 [main] INFO org.soky.sro.pk2.io.Pk2IOTest - Consuming 4244 byte(s) from file trade_earring_e_ma_magic.ddj with size 4244 
07:15:15.591 [main] DEBUG org.sokybot.pk2.Pk2CryptoUtils - File trade_earring_e_ma_rare.ddj is not encrypted , flags not exists
07:15:15.591 [main] INFO org.soky.sro.pk2.io.Pk2IOTest - Consuming 4244 byte(s) from file trade_earring_e_ma_rare.ddj with size 4244 
07:15:15.591 [main] DEBUG org.sokybot.pk2.Pk2CryptoUtils - File trade_earring_e_pa.ddj is not encrypted , flags not exists
07:15:15.592 [main] INFO org.soky.sro.pk2.io.Pk2IOTest - Consuming 4244 byte(s) from file trade_earring_e_pa.ddj with size 4244 
07:15:15.592 [main] DEBUG org.sokybot.pk2.Pk2CryptoUtils - File trade_earring_e_pa_magic.ddj is not encrypted , flags not exists
07:15:15.592 [main] INFO org.soky.sro.pk2.io.Pk2IOTest - Consuming 4244 byte(s) from file trade_earring_e_pa_magic.ddj with size 4244 
07:15:15.592 [main] DEBUG org.sokybot.pk2.Pk2CryptoUtils - File trade_earring_e_pa_rare.ddj is not encrypted , flags not exists
07:15:15.592 [main] INFO org.soky.sro.pk2.io.Pk2IOTest - Consuming 4244 byte(s) from file trade_earring_e_pa_rare.ddj with size 4244 
07:15:15.592 [main] DEBUG org.sokybot.pk2.Pk2CryptoUtils - File trade_glove_a.ddj is not encrypted , flags not exists
07:15:15.592 [main] INFO org.soky.sro.pk2.io.Pk2IOTest - Consuming 4244 byte(s) from file trade_glove_a.ddj with size 4244 
07:15:15.592 [main] DEBUG org.sokybot.pk2.Pk2CryptoUtils - File trade_glove_a_da.ddj is not encrypted , flags not exists
07:15:15.592 [main] INFO org.soky.sro.pk2.io.Pk2IOTest - Consuming 4244 byte(s) from file trade_glove_a_da.ddj with size 4244 
07:15:15.593 [main] DEBUG org.sokybot.pk2.Pk2CryptoUtils - File trade_glove_a_da_magic.ddj is not encrypted , flags not exists
07:15:15.593 [main] INFO org.soky.sro.pk2.io.Pk2IOTest - Consuming 4244 byte(s) from file trade_glove_a_da_magic.ddj with size 4244 
07:15:15.593 [main] DEBUG org.sokybot.pk2.Pk2CryptoUtils - File trade_glove_a_da_rare.ddj is not encrypted , flags not exists
07:15:15.593 [main] INFO org.soky.sro.pk2.io.Pk2IOTest - Consuming 4244 byte(s) from file trade_glove_a_da_rare.ddj with size 4244 
07:15:15.593 [main] DEBUG org.sokybot.pk2.Pk2CryptoUtils - File trade_glove_a_ma.ddj is not encrypted , flags not exists
07:15:15.593 [main] INFO org.soky.sro.pk2.io.Pk2IOTest - Consuming 4244 byte(s) from file trade_glove_a_ma.ddj with size 4244 
07:15:15.593 [main] DEBUG org.sokybot.pk2.Pk2CryptoUtils - File trade_glove_a_ma_magic.ddj is not encrypted , flags not exists
07:15:15.593 [main] INFO org.soky.sro.pk2.io.Pk2IOTest - Consuming 4244 byte(s) from file trade_glove_a_ma_magic.ddj with size 4244 
07:15:15.593 [main] DEBUG org.sokybot.pk2.Pk2CryptoUtils - File trade_glove_a_ma_rare.ddj is not encrypted , flags not exists
07:15:15.594 [main] INFO org.soky.sro.pk2.io.Pk2IOTest - Consuming 4244 byte(s) from file trade_glove_a_ma_rare.ddj with size 4244 
07:15:15.594 [main] DEBUG org.sokybot.pk2.Pk2CryptoUtils - File trade_glove_a_pa.ddj is not encrypted , flags not exists
07:15:15.594 [main] INFO org.soky.sro.pk2.io.Pk2IOTest - Consuming 4244 byte(s) from file trade_glove_a_pa.ddj with size 4244 
07:15:15.594 [main] DEBUG org.sokybot.pk2.Pk2CryptoUtils - File trade_glove_a_pa_magic.ddj is not encrypted , flags not exists
07:15:15.594 [main] INFO org.soky.sro.pk2.io.Pk2IOTest - Consuming 4244 byte(s) from file trade_glove_a_pa_magic.ddj with size 4244 
07:15:15.594 [main] DEBUG org.sokybot.pk2.Pk2CryptoUtils - File trade_glove_a_pa_rare.ddj is not encrypted , flags not exists
07:15:15.594 [main] INFO org.soky.sro.pk2.io.Pk2IOTest - Consuming 4244 byte(s) from file trade_glove_a_pa_rare.ddj with size 4244 
07:15:15.594 [main] DEBUG org.sokybot.pk2.Pk2CryptoUtils - File trade_glove_b.ddj is not encrypted , flags not exists
07:15:15.594 [main] INFO org.soky.sro.pk2.io.Pk2IOTest - Consuming 4244 byte(s) from file trade_glove_b.ddj with size 4244 
07:15:15.595 [main] DEBUG org.sokybot.pk2.Pk2CryptoUtils - File trade_glove_b_da.ddj is not encrypted , flags not exists
07:15:15.595 [main] INFO org.soky.sro.pk2.io.Pk2IOTest - Consuming 4244 byte(s) from file trade_glove_b_da.ddj with size 4244 
07:15:15.595 [main] DEBUG org.sokybot.pk2.Pk2CryptoUtils - File trade_glove_b_da_magic.ddj is not encrypted , flags not exists
07:15:15.595 [main] INFO org.soky.sro.pk2.io.Pk2IOTest - Consuming 4244 byte(s) from file trade_glove_b_da_magic.ddj with size 4244 
07:15:15.595 [main] DEBUG org.sokybot.pk2.Pk2CryptoUtils - File trade_glove_b_da_rare.ddj is not encrypted , flags not exists
07:15:15.595 [main] INFO org.soky.sro.pk2.io.Pk2IOTest - Consuming 4244 byte(s) from file trade_glove_b_da_rare.ddj with size 4244 
07:15:15.595 [main] DEBUG org.sokybot.pk2.Pk2CryptoUtils - File trade_glove_b_ma.ddj is not encrypted , flags not exists
07:15:15.595 [main] INFO org.soky.sro.pk2.io.Pk2IOTest - Consuming 4244 byte(s) from file trade_glove_b_ma.ddj with size 4244 
07:15:15.595 [main] DEBUG org.sokybot.pk2.Pk2CryptoUtils - File trade_glove_b_ma_magic.ddj is not encrypted , flags not exists
07:15:15.595 [main] INFO org.soky.sro.pk2.io.Pk2IOTest - Consuming 4244 byte(s) from file trade_glove_b_ma_magic.ddj with size 4244 
07:15:15.596 [main] DEBUG org.sokybot.pk2.Pk2CryptoUtils - File trade_glove_b_ma_rare.ddj is not encrypted , flags not exists
07:15:15.596 [main] INFO org.soky.sro.pk2.io.Pk2IOTest - Consuming 4244 byte(s) from file trade_glove_b_ma_rare.ddj with size 4244 
07:15:15.596 [main] DEBUG org.sokybot.pk2.Pk2CryptoUtils - File trade_glove_b_pa.ddj is not encrypted , flags not exists
07:15:15.596 [main] INFO org.soky.sro.pk2.io.Pk2IOTest - Consuming 4244 byte(s) from file trade_glove_b_pa.ddj with size 4244 
07:15:15.596 [main] DEBUG org.sokybot.pk2.Pk2CryptoUtils - File trade_glove_b_pa_magic.ddj is not encrypted , flags not exists
07:15:15.596 [main] INFO org.soky.sro.pk2.io.Pk2IOTest - Consuming 4244 byte(s) from file trade_glove_b_pa_magic.ddj with size 4244 
07:15:15.597 [main] DEBUG org.sokybot.pk2.Pk2CryptoUtils - File trade_glove_b_pa_rare.ddj is not encrypted , flags not exists
07:15:15.597 [main] INFO org.soky.sro.pk2.io.Pk2IOTest - Consuming 4244 byte(s) from file trade_glove_b_pa_rare.ddj with size 4244 
07:15:15.597 [main] DEBUG org.sokybot.pk2.Pk2CryptoUtils - File trade_glove_c.ddj is not encrypted , flags not exists
07:15:15.597 [main] INFO org.soky.sro.pk2.io.Pk2IOTest - Consuming 4244 byte(s) from file trade_glove_c.ddj with size 4244 
07:15:15.597 [main] DEBUG org.sokybot.pk2.Pk2CryptoUtils - File trade_glove_c_da.ddj is not encrypted , flags not exists
07:15:15.597 [main] INFO org.soky.sro.pk2.io.Pk2IOTest - Consuming 4244 byte(s) from file trade_glove_c_da.ddj with size 4244 
07:15:15.597 [main] DEBUG org.sokybot.pk2.Pk2CryptoUtils - File trade_glove_c_da_magic.ddj is not encrypted , flags not exists
07:15:15.598 [main] INFO org.soky.sro.pk2.io.Pk2IOTest - Consuming 4244 byte(s) from file trade_glove_c_da_magic.ddj with size 4244 
07:15:15.598 [main] DEBUG org.sokybot.pk2.Pk2CryptoUtils - File trade_glove_c_da_rare.ddj is not encrypted , flags not exists
07:15:15.598 [main] INFO org.soky.sro.pk2.io.Pk2IOTest - Consuming 4244 byte(s) from file trade_glove_c_da_rare.ddj with size 4244 
07:15:15.598 [main] DEBUG org.sokybot.pk2.Pk2CryptoUtils - File trade_glove_c_ma.ddj is not encrypted , flags not exists
07:15:15.598 [main] INFO org.soky.sro.pk2.io.Pk2IOTest - Consuming 4244 byte(s) from file trade_glove_c_ma.ddj with size 4244 
07:15:15.598 [main] DEBUG org.sokybot.pk2.Pk2CryptoUtils - File trade_glove_c_ma_magic.ddj is not encrypted , flags not exists
07:15:15.598 [main] INFO org.soky.sro.pk2.io.Pk2IOTest - Consuming 4244 byte(s) from file trade_glove_c_ma_magic.ddj with size 4244 
07:15:15.598 [main] DEBUG org.sokybot.pk2.Pk2CryptoUtils - File trade_glove_c_ma_rare.ddj is not encrypted , flags not exists
07:15:15.599 [main] INFO org.soky.sro.pk2.io.Pk2IOTest - Consuming 4244 byte(s) from file trade_glove_c_ma_rare.ddj with size 4244 
07:15:15.599 [main] DEBUG org.sokybot.pk2.Pk2CryptoUtils - File trade_glove_c_pa.ddj is not encrypted , flags not exists
07:15:15.599 [main] INFO org.soky.sro.pk2.io.Pk2IOTest - Consuming 4244 byte(s) from file trade_glove_c_pa.ddj with size 4244 
07:15:15.599 [main] DEBUG org.sokybot.pk2.Pk2CryptoUtils - File trade_glove_c_pa_magic.ddj is not encrypted , flags not exists
07:15:15.599 [main] INFO org.soky.sro.pk2.io.Pk2IOTest - Consuming 4244 byte(s) from file trade_glove_c_pa_magic.ddj with size 4244 
07:15:15.599 [main] DEBUG org.sokybot.pk2.Pk2CryptoUtils - File trade_glove_c_pa_rare.ddj is not encrypted , flags not exists
07:15:15.599 [main] INFO org.soky.sro.pk2.io.Pk2IOTest - Consuming 4244 byte(s) from file trade_glove_c_pa_rare.ddj with size 4244 
07:15:15.599 [main] DEBUG org.sokybot.pk2.Pk2CryptoUtils - File trade_glove_d.ddj is not encrypted , flags not exists
07:15:15.599 [main] INFO org.soky.sro.pk2.io.Pk2IOTest - Consuming 4244 byte(s) from file trade_glove_d.ddj with size 4244 
07:15:15.600 [main] DEBUG org.sokybot.pk2.Pk2CryptoUtils - File trade_glove_d_da.ddj is not encrypted , flags not exists
07:15:15.600 [main] INFO org.soky.sro.pk2.io.Pk2IOTest - Consuming 4244 byte(s) from file trade_glove_d_da.ddj with size 4244 
07:15:15.600 [main] DEBUG org.sokybot.pk2.Pk2CryptoUtils - File trade_glove_d_da_magic.ddj is not encrypted , flags not exists
07:15:15.600 [main] INFO org.soky.sro.pk2.io.Pk2IOTest - Consuming 4244 byte(s) from file trade_glove_d_da_magic.ddj with size 4244 
07:15:15.600 [main] DEBUG org.sokybot.pk2.Pk2CryptoUtils - File trade_glove_d_da_rare.ddj is not encrypted , flags not exists
07:15:15.600 [main] INFO org.soky.sro.pk2.io.Pk2IOTest - Consuming 4244 byte(s) from file trade_glove_d_da_rare.ddj with size 4244 
07:15:15.600 [main] DEBUG org.sokybot.pk2.Pk2CryptoUtils - File trade_glove_d_ma.ddj is not encrypted , flags not exists
07:15:15.600 [main] INFO org.soky.sro.pk2.io.Pk2IOTest - Consuming 4244 byte(s) from file trade_glove_d_ma.ddj with size 4244 
07:15:15.600 [main] DEBUG org.sokybot.pk2.Pk2CryptoUtils - File trade_glove_d_ma_magic.ddj is not encrypted , flags not exists
07:15:15.601 [main] INFO org.soky.sro.pk2.io.Pk2IOTest - Consuming 4244 byte(s) from file trade_glove_d_ma_magic.ddj with size 4244 
07:15:15.601 [main] DEBUG org.sokybot.pk2.Pk2CryptoUtils - File trade_glove_d_ma_rare.ddj is not encrypted , flags not exists
07:15:15.601 [main] INFO org.soky.sro.pk2.io.Pk2IOTest - Consuming 4244 byte(s) from file trade_glove_d_ma_rare.ddj with size 4244 
07:15:15.601 [main] DEBUG org.sokybot.pk2.Pk2CryptoUtils - File trade_glove_d_pa.ddj is not encrypted , flags not exists
07:15:15.601 [main] INFO org.soky.sro.pk2.io.Pk2IOTest - Consuming 4244 byte(s) from file trade_glove_d_pa.ddj with size 4244 
07:15:15.601 [main] DEBUG org.sokybot.pk2.Pk2CryptoUtils - File trade_glove_d_pa_magic.ddj is not encrypted , flags not exists
07:15:15.601 [main] INFO org.soky.sro.pk2.io.Pk2IOTest - Consuming 4244 byte(s) from file trade_glove_d_pa_magic.ddj with size 4244 
07:15:15.601 [main] DEBUG org.sokybot.pk2.Pk2CryptoUtils - File trade_glove_d_pa_rare.ddj is not encrypted , flags not exists
07:15:15.601 [main] INFO org.soky.sro.pk2.io.Pk2IOTest - Consuming 4244 byte(s) from file trade_glove_d_pa_rare.ddj with size 4244 
07:15:15.602 [main] DEBUG org.sokybot.pk2.Pk2CryptoUtils - File trade_glove_e.ddj is not encrypted , flags not exists
07:15:15.602 [main] INFO org.soky.sro.pk2.io.Pk2IOTest - Consuming 4244 byte(s) from file trade_glove_e.ddj with size 4244 
07:15:15.602 [main] DEBUG org.sokybot.pk2.Pk2CryptoUtils - File trade_glove_e_da.ddj is not encrypted , flags not exists
07:15:15.602 [main] INFO org.soky.sro.pk2.io.Pk2IOTest - Consuming 4244 byte(s) from file trade_glove_e_da.ddj with size 4244 
07:15:15.602 [main] DEBUG org.sokybot.pk2.Pk2CryptoUtils - File trade_glove_e_da_magic.ddj is not encrypted , flags not exists
07:15:15.602 [main] INFO org.soky.sro.pk2.io.Pk2IOTest - Consuming 4244 byte(s) from file trade_glove_e_da_magic.ddj with size 4244 
07:15:15.602 [main] DEBUG org.sokybot.pk2.Pk2CryptoUtils - File trade_glove_e_da_rare.ddj is not encrypted , flags not exists
07:15:15.602 [main] INFO org.soky.sro.pk2.io.Pk2IOTest - Consuming 4244 byte(s) from file trade_glove_e_da_rare.ddj with size 4244 
07:15:15.602 [main] DEBUG org.sokybot.pk2.Pk2CryptoUtils - File trade_glove_e_ma.ddj is not encrypted , flags not exists
07:15:15.602 [main] INFO org.soky.sro.pk2.io.Pk2IOTest - Consuming 4244 byte(s) from file trade_glove_e_ma.ddj with size 4244 
07:15:15.603 [main] DEBUG org.sokybot.pk2.Pk2CryptoUtils - File trade_glove_e_ma_magic.ddj is not encrypted , flags not exists
07:15:15.603 [main] INFO org.soky.sro.pk2.io.Pk2IOTest - Consuming 4244 byte(s) from file trade_glove_e_ma_magic.ddj with size 4244 
07:15:15.603 [main] DEBUG org.sokybot.pk2.Pk2CryptoUtils - File trade_glove_e_ma_rare.ddj is not encrypted , flags not exists
07:15:15.603 [main] INFO org.soky.sro.pk2.io.Pk2IOTest - Consuming 4244 byte(s) from file trade_glove_e_ma_rare.ddj with size 4244 
07:15:15.603 [main] DEBUG org.sokybot.pk2.Pk2CryptoUtils - File trade_glove_e_pa.ddj is not encrypted , flags not exists
07:15:15.603 [main] INFO org.soky.sro.pk2.io.Pk2IOTest - Consuming 4244 byte(s) from file trade_glove_e_pa.ddj with size 4244 
07:15:15.603 [main] DEBUG org.sokybot.pk2.Pk2CryptoUtils - File trade_glove_e_pa_magic.ddj is not encrypted , flags not exists
07:15:15.603 [main] INFO org.soky.sro.pk2.io.Pk2IOTest - Consuming 4244 byte(s) from file trade_glove_e_pa_magic.ddj with size 4244 
07:15:15.603 [main] DEBUG org.sokybot.pk2.Pk2CryptoUtils - File trade_glove_e_pa_rare.ddj is not encrypted , flags not exists
07:15:15.604 [main] INFO org.soky.sro.pk2.io.Pk2IOTest - Consuming 4244 byte(s) from file trade_glove_e_pa_rare.ddj with size 4244 
07:15:15.604 [main] DEBUG org.sokybot.pk2.Pk2CryptoUtils - File trade_hat_a.ddj is not encrypted , flags not exists
07:15:15.604 [main] INFO org.soky.sro.pk2.io.Pk2IOTest - Consuming 4244 byte(s) from file trade_hat_a.ddj with size 4244 
07:15:15.604 [main] DEBUG org.sokybot.pk2.Pk2CryptoUtils - File trade_hat_a_da.ddj is not encrypted , flags not exists
07:15:15.604 [main] INFO org.soky.sro.pk2.io.Pk2IOTest - Consuming 4244 byte(s) from file trade_hat_a_da.ddj with size 4244 
07:15:15.604 [main] DEBUG org.sokybot.pk2.Pk2CryptoUtils - File trade_hat_a_da_magic.ddj is not encrypted , flags not exists
07:15:15.604 [main] INFO org.soky.sro.pk2.io.Pk2IOTest - Consuming 4244 byte(s) from file trade_hat_a_da_magic.ddj with size 4244 
07:15:15.605 [main] DEBUG org.sokybot.pk2.Pk2CryptoUtils - File trade_hat_a_da_rare.ddj is not encrypted , flags not exists
07:15:15.605 [main] INFO org.soky.sro.pk2.io.Pk2IOTest - Consuming 4244 byte(s) from file trade_hat_a_da_rare.ddj with size 4244 
07:15:15.605 [main] DEBUG org.sokybot.pk2.Pk2CryptoUtils - File trade_hat_a_ma.ddj is not encrypted , flags not exists
07:15:15.605 [main] INFO org.soky.sro.pk2.io.Pk2IOTest - Consuming 4244 byte(s) from file trade_hat_a_ma.ddj with size 4244 
07:15:15.605 [main] DEBUG org.sokybot.pk2.Pk2CryptoUtils - File trade_hat_a_ma_magic.ddj is not encrypted , flags not exists
07:15:15.605 [main] INFO org.soky.sro.pk2.io.Pk2IOTest - Consuming 4244 byte(s) from file trade_hat_a_ma_magic.ddj with size 4244 
07:15:15.605 [main] DEBUG org.sokybot.pk2.Pk2CryptoUtils - File trade_hat_a_ma_rare.ddj is not encrypted , flags not exists
07:15:15.606 [main] INFO org.soky.sro.pk2.io.Pk2IOTest - Consuming 4244 byte(s) from file trade_hat_a_ma_rare.ddj with size 4244 
07:15:15.606 [main] DEBUG org.sokybot.pk2.Pk2CryptoUtils - File trade_hat_a_pa.ddj is not encrypted , flags not exists
07:15:15.606 [main] INFO org.soky.sro.pk2.io.Pk2IOTest - Consuming 4244 byte(s) from file trade_hat_a_pa.ddj with size 4244 
07:15:15.606 [main] DEBUG org.sokybot.pk2.Pk2CryptoUtils - File trade_hat_a_pa_magic.ddj is not encrypted , flags not exists
07:15:15.606 [main] INFO org.soky.sro.pk2.io.Pk2IOTest - Consuming 4244 byte(s) from file trade_hat_a_pa_magic.ddj with size 4244 
07:15:15.606 [main] DEBUG org.sokybot.pk2.Pk2CryptoUtils - File trade_hat_a_pa_rare.ddj is not encrypted , flags not exists
07:15:15.606 [main] INFO org.soky.sro.pk2.io.Pk2IOTest - Consuming 4244 byte(s) from file trade_hat_a_pa_rare.ddj with size 4244 
07:15:15.607 [main] DEBUG org.sokybot.pk2.Pk2CryptoUtils - File trade_hat_b.ddj is not encrypted , flags not exists
07:15:15.607 [main] INFO org.soky.sro.pk2.io.Pk2IOTest - Consuming 4244 byte(s) from file trade_hat_b.ddj with size 4244 
07:15:15.607 [main] DEBUG org.sokybot.pk2.Pk2CryptoUtils - File trade_hat_b_da.ddj is not encrypted , flags not exists
07:15:15.607 [main] INFO org.soky.sro.pk2.io.Pk2IOTest - Consuming 4244 byte(s) from file trade_hat_b_da.ddj with size 4244 
07:15:15.607 [main] DEBUG org.sokybot.pk2.Pk2CryptoUtils - File trade_hat_b_da_magic.ddj is not encrypted , flags not exists
07:15:15.607 [main] INFO org.soky.sro.pk2.io.Pk2IOTest - Consuming 4244 byte(s) from file trade_hat_b_da_magic.ddj with size 4244 
07:15:15.608 [main] DEBUG org.sokybot.pk2.Pk2CryptoUtils - File trade_hat_b_da_rare.ddj is not encrypted , flags not exists
07:15:15.608 [main] INFO org.soky.sro.pk2.io.Pk2IOTest - Consuming 4244 byte(s) from file trade_hat_b_da_rare.ddj with size 4244 
07:15:15.608 [main] DEBUG org.sokybot.pk2.Pk2CryptoUtils - File trade_hat_b_ma.ddj is not encrypted , flags not exists
07:15:15.608 [main] INFO org.soky.sro.pk2.io.Pk2IOTest - Consuming 4244 byte(s) from file trade_hat_b_ma.ddj with size 4244 
07:15:15.608 [main] DEBUG org.sokybot.pk2.Pk2CryptoUtils - File trade_hat_b_ma_magic.ddj is not encrypted , flags not exists
07:15:15.608 [main] INFO org.soky.sro.pk2.io.Pk2IOTest - Consuming 4244 byte(s) from file trade_hat_b_ma_magic.ddj with size 4244 
07:15:15.609 [main] DEBUG org.sokybot.pk2.Pk2CryptoUtils - File trade_hat_b_ma_rare.ddj is not encrypted , flags not exists
07:15:15.609 [main] INFO org.soky.sro.pk2.io.Pk2IOTest - Consuming 4244 byte(s) from file trade_hat_b_ma_rare.ddj with size 4244 
07:15:15.609 [main] DEBUG org.sokybot.pk2.Pk2CryptoUtils - File trade_hat_b_pa.ddj is not encrypted , flags not exists
07:15:15.609 [main] INFO org.soky.sro.pk2.io.Pk2IOTest - Consuming 4244 byte(s) from file trade_hat_b_pa.ddj with size 4244 
07:15:15.609 [main] DEBUG org.sokybot.pk2.Pk2CryptoUtils - File trade_hat_b_pa_magic.ddj is not encrypted , flags not exists
07:15:15.609 [main] INFO org.soky.sro.pk2.io.Pk2IOTest - Consuming 4244 byte(s) from file trade_hat_b_pa_magic.ddj with size 4244 
07:15:15.609 [main] DEBUG org.sokybot.pk2.Pk2CryptoUtils - File trade_hat_b_pa_rare.ddj is not encrypted , flags not exists
07:15:15.610 [main] INFO org.soky.sro.pk2.io.Pk2IOTest - Consuming 4244 byte(s) from file trade_hat_b_pa_rare.ddj with size 4244 
07:15:15.610 [main] DEBUG org.sokybot.pk2.Pk2CryptoUtils - File trade_hat_c.ddj is not encrypted , flags not exists
07:15:15.610 [main] INFO org.soky.sro.pk2.io.Pk2IOTest - Consuming 4244 byte(s) from file trade_hat_c.ddj with size 4244 
07:15:15.610 [main] DEBUG org.sokybot.pk2.Pk2CryptoUtils - File trade_hat_c_da.ddj is not encrypted , flags not exists
07:15:15.610 [main] INFO org.soky.sro.pk2.io.Pk2IOTest - Consuming 4244 byte(s) from file trade_hat_c_da.ddj with size 4244 
07:15:15.610 [main] DEBUG org.sokybot.pk2.Pk2CryptoUtils - File trade_hat_c_da_magic.ddj is not encrypted , flags not exists
07:15:15.610 [main] INFO org.soky.sro.pk2.io.Pk2IOTest - Consuming 4244 byte(s) from file trade_hat_c_da_magic.ddj with size 4244 
07:15:15.611 [main] DEBUG org.sokybot.pk2.Pk2CryptoUtils - File trade_hat_c_da_rare.ddj is not encrypted , flags not exists
07:15:15.611 [main] INFO org.soky.sro.pk2.io.Pk2IOTest - Consuming 4244 byte(s) from file trade_hat_c_da_rare.ddj with size 4244 
07:15:15.611 [main] DEBUG org.sokybot.pk2.Pk2CryptoUtils - File trade_hat_c_ma.ddj is not encrypted , flags not exists
07:15:15.611 [main] INFO org.soky.sro.pk2.io.Pk2IOTest - Consuming 4244 byte(s) from file trade_hat_c_ma.ddj with size 4244 
07:15:15.611 [main] DEBUG org.sokybot.pk2.Pk2CryptoUtils - File trade_hat_c_ma_magic.ddj is not encrypted , flags not exists
07:15:15.611 [main] INFO org.soky.sro.pk2.io.Pk2IOTest - Consuming 4244 byte(s) from file trade_hat_c_ma_magic.ddj with size 4244 
07:15:15.611 [main] DEBUG org.sokybot.pk2.Pk2CryptoUtils - File trade_hat_c_ma_rare.ddj is not encrypted , flags not exists
07:15:15.612 [main] INFO org.soky.sro.pk2.io.Pk2IOTest - Consuming 4244 byte(s) from file trade_hat_c_ma_rare.ddj with size 4244 
07:15:15.612 [main] DEBUG org.sokybot.pk2.Pk2CryptoUtils - File trade_hat_c_pa.ddj is not encrypted , flags not exists
07:15:15.612 [main] INFO org.soky.sro.pk2.io.Pk2IOTest - Consuming 4244 byte(s) from file trade_hat_c_pa.ddj with size 4244 
07:15:15.612 [main] DEBUG org.sokybot.pk2.Pk2CryptoUtils - File trade_hat_c_pa_magic.ddj is not encrypted , flags not exists
07:15:15.612 [main] INFO org.soky.sro.pk2.io.Pk2IOTest - Consuming 4244 byte(s) from file trade_hat_c_pa_magic.ddj with size 4244 
07:15:15.612 [main] DEBUG org.sokybot.pk2.Pk2CryptoUtils - File trade_hat_c_pa_rare.ddj is not encrypted , flags not exists
07:15:15.612 [main] INFO org.soky.sro.pk2.io.Pk2IOTest - Consuming 4244 byte(s) from file trade_hat_c_pa_rare.ddj with size 4244 
07:15:15.612 [main] DEBUG org.sokybot.pk2.Pk2CryptoUtils - File trade_hat_d.ddj is not encrypted , flags not exists
07:15:15.613 [main] INFO org.soky.sro.pk2.io.Pk2IOTest - Consuming 4244 byte(s) from file trade_hat_d.ddj with size 4244 
07:15:15.613 [main] DEBUG org.sokybot.pk2.Pk2CryptoUtils - File trade_hat_d_da.ddj is not encrypted , flags not exists
07:15:15.613 [main] INFO org.soky.sro.pk2.io.Pk2IOTest - Consuming 4244 byte(s) from file trade_hat_d_da.ddj with size 4244 
07:15:15.613 [main] DEBUG org.sokybot.pk2.Pk2CryptoUtils - File trade_hat_d_da_magic.ddj is not encrypted , flags not exists
07:15:15.613 [main] INFO org.soky.sro.pk2.io.Pk2IOTest - Consuming 4244 byte(s) from file trade_hat_d_da_magic.ddj with size 4244 
07:15:15.613 [main] DEBUG org.sokybot.pk2.Pk2CryptoUtils - File trade_hat_d_da_rare.ddj is not encrypted , flags not exists
07:15:15.614 [main] INFO org.soky.sro.pk2.io.Pk2IOTest - Consuming 4244 byte(s) from file trade_hat_d_da_rare.ddj with size 4244 
07:15:15.614 [main] DEBUG org.sokybot.pk2.Pk2CryptoUtils - File trade_hat_d_ma.ddj is not encrypted , flags not exists
07:15:15.614 [main] INFO org.soky.sro.pk2.io.Pk2IOTest - Consuming 4244 byte(s) from file trade_hat_d_ma.ddj with size 4244 
07:15:15.615 [main] DEBUG org.sokybot.pk2.Pk2CryptoUtils - File trade_hat_d_ma_magic.ddj is not encrypted , flags not exists
07:15:15.615 [main] INFO org.soky.sro.pk2.io.Pk2IOTest - Consuming 4244 byte(s) from file trade_hat_d_ma_magic.ddj with size 4244 
07:15:15.615 [main] DEBUG org.sokybot.pk2.Pk2CryptoUtils - File trade_hat_d_ma_rare.ddj is not encrypted , flags not exists
07:15:15.615 [main] INFO org.soky.sro.pk2.io.Pk2IOTest - Consuming 4244 byte(s) from file trade_hat_d_ma_rare.ddj with size 4244 
07:15:15.616 [main] DEBUG org.sokybot.pk2.Pk2CryptoUtils - File trade_hat_d_pa.ddj is not encrypted , flags not exists
07:15:15.616 [main] INFO org.soky.sro.pk2.io.Pk2IOTest - Consuming 4244 byte(s) from file trade_hat_d_pa.ddj with size 4244 
07:15:15.616 [main] DEBUG org.sokybot.pk2.Pk2CryptoUtils - File trade_hat_d_pa_magic.ddj is not encrypted , flags not exists
07:15:15.616 [main] INFO org.soky.sro.pk2.io.Pk2IOTest - Consuming 4244 byte(s) from file trade_hat_d_pa_magic.ddj with size 4244 
07:15:15.616 [main] DEBUG org.sokybot.pk2.Pk2CryptoUtils - File trade_hat_d_pa_rare.ddj is not encrypted , flags not exists
07:15:15.616 [main] INFO org.soky.sro.pk2.io.Pk2IOTest - Consuming 4244 byte(s) from file trade_hat_d_pa_rare.ddj with size 4244 
07:15:15.617 [main] DEBUG org.sokybot.pk2.Pk2CryptoUtils - File trade_hat_e.ddj is not encrypted , flags not exists
07:15:15.617 [main] INFO org.soky.sro.pk2.io.Pk2IOTest - Consuming 4244 byte(s) from file trade_hat_e.ddj with size 4244 
07:15:15.617 [main] DEBUG org.sokybot.pk2.Pk2CryptoUtils - File trade_hat_e_da.ddj is not encrypted , flags not exists
07:15:15.617 [main] INFO org.soky.sro.pk2.io.Pk2IOTest - Consuming 4244 byte(s) from file trade_hat_e_da.ddj with size 4244 
07:15:15.617 [main] DEBUG org.sokybot.pk2.Pk2CryptoUtils - File trade_hat_e_da_magic.ddj is not encrypted , flags not exists
07:15:15.617 [main] INFO org.soky.sro.pk2.io.Pk2IOTest - Consuming 4244 byte(s) from file trade_hat_e_da_magic.ddj with size 4244 
07:15:15.618 [main] DEBUG org.sokybot.pk2.Pk2CryptoUtils - File trade_hat_e_da_rare.ddj is not encrypted , flags not exists
07:15:15.618 [main] INFO org.soky.sro.pk2.io.Pk2IOTest - Consuming 4244 byte(s) from file trade_hat_e_da_rare.ddj with size 4244 
07:15:15.618 [main] DEBUG org.sokybot.pk2.Pk2CryptoUtils - File trade_hat_e_ma.ddj is not encrypted , flags not exists
07:15:15.618 [main] INFO org.soky.sro.pk2.io.Pk2IOTest - Consuming 4244 byte(s) from file trade_hat_e_ma.ddj with size 4244 
07:15:15.618 [main] DEBUG org.sokybot.pk2.Pk2CryptoUtils - File trade_hat_e_ma_magic.ddj is not encrypted , flags not exists
07:15:15.618 [main] INFO org.soky.sro.pk2.io.Pk2IOTest - Consuming 4244 byte(s) from file trade_hat_e_ma_magic.ddj with size 4244 
07:15:15.618 [main] DEBUG org.sokybot.pk2.Pk2CryptoUtils - File trade_hat_e_ma_rare.ddj is not encrypted , flags not exists
07:15:15.619 [main] INFO org.soky.sro.pk2.io.Pk2IOTest - Consuming 4244 byte(s) from file trade_hat_e_ma_rare.ddj with size 4244 
07:15:15.619 [main] DEBUG org.sokybot.pk2.Pk2CryptoUtils - File trade_hat_e_pa.ddj is not encrypted , flags not exists
07:15:15.619 [main] INFO org.soky.sro.pk2.io.Pk2IOTest - Consuming 4244 byte(s) from file trade_hat_e_pa.ddj with size 4244 
07:15:15.619 [main] DEBUG org.sokybot.pk2.Pk2CryptoUtils - File trade_hat_e_pa_magic.ddj is not encrypted , flags not exists
07:15:15.619 [main] INFO org.soky.sro.pk2.io.Pk2IOTest - Consuming 4244 byte(s) from file trade_hat_e_pa_magic.ddj with size 4244 
07:15:15.619 [main] DEBUG org.sokybot.pk2.Pk2CryptoUtils - File trade_hat_e_pa_rare.ddj is not encrypted , flags not exists
07:15:15.619 [main] INFO org.soky.sro.pk2.io.Pk2IOTest - Consuming 4244 byte(s) from file trade_hat_e_pa_rare.ddj with size 4244 
07:15:15.620 [main] DEBUG org.sokybot.pk2.Pk2CryptoUtils - File trade_necklace_a.ddj is not encrypted , flags not exists
07:15:15.620 [main] INFO org.soky.sro.pk2.io.Pk2IOTest - Consuming 4244 byte(s) from file trade_necklace_a.ddj with size 4244 
07:15:15.620 [main] DEBUG org.sokybot.pk2.Pk2CryptoUtils - File trade_necklace_a_da.ddj is not encrypted , flags not exists
07:15:15.620 [main] INFO org.soky.sro.pk2.io.Pk2IOTest - Consuming 4244 byte(s) from file trade_necklace_a_da.ddj with size 4244 
07:15:15.620 [main] DEBUG org.sokybot.pk2.Pk2CryptoUtils - File trade_necklace_a_da_magic.ddj is not encrypted , flags not exists
07:15:15.620 [main] INFO org.soky.sro.pk2.io.Pk2IOTest - Consuming 4244 byte(s) from file trade_necklace_a_da_magic.ddj with size 4244 
07:15:15.620 [main] DEBUG org.sokybot.pk2.Pk2CryptoUtils - File trade_necklace_a_da_rare.ddj is not encrypted , flags not exists
07:15:15.620 [main] INFO org.soky.sro.pk2.io.Pk2IOTest - Consuming 4244 byte(s) from file trade_necklace_a_da_rare.ddj with size 4244 
07:15:15.621 [main] DEBUG org.sokybot.pk2.Pk2CryptoUtils - File trade_necklace_a_ma.ddj is not encrypted , flags not exists
07:15:15.621 [main] INFO org.soky.sro.pk2.io.Pk2IOTest - Consuming 4244 byte(s) from file trade_necklace_a_ma.ddj with size 4244 
07:15:15.621 [main] DEBUG org.sokybot.pk2.Pk2CryptoUtils - File trade_necklace_a_ma_magic.ddj is not encrypted , flags not exists
07:15:15.621 [main] INFO org.soky.sro.pk2.io.Pk2IOTest - Consuming 4244 byte(s) from file trade_necklace_a_ma_magic.ddj with size 4244 
07:15:15.622 [main] DEBUG org.sokybot.pk2.Pk2CryptoUtils - File trade_necklace_a_ma_rare.ddj is not encrypted , flags not exists
07:15:15.622 [main] INFO org.soky.sro.pk2.io.Pk2IOTest - Consuming 4244 byte(s) from file trade_necklace_a_ma_rare.ddj with size 4244 
07:15:15.622 [main] DEBUG org.sokybot.pk2.Pk2CryptoUtils - File trade_necklace_a_pa.ddj is not encrypted , flags not exists
07:15:15.622 [main] INFO org.soky.sro.pk2.io.Pk2IOTest - Consuming 4244 byte(s) from file trade_necklace_a_pa.ddj with size 4244 
07:15:15.622 [main] DEBUG org.sokybot.pk2.Pk2CryptoUtils - File trade_necklace_a_pa_magic.ddj is not encrypted , flags not exists
07:15:15.622 [main] INFO org.soky.sro.pk2.io.Pk2IOTest - Consuming 4244 byte(s) from file trade_necklace_a_pa_magic.ddj with size 4244 
07:15:15.623 [main] DEBUG org.sokybot.pk2.Pk2CryptoUtils - File trade_necklace_a_pa_rare.ddj is not encrypted , flags not exists
07:15:15.623 [main] INFO org.soky.sro.pk2.io.Pk2IOTest - Consuming 4244 byte(s) from file trade_necklace_a_pa_rare.ddj with size 4244 
07:15:15.623 [main] DEBUG org.sokybot.pk2.Pk2CryptoUtils - File trade_necklace_b.ddj is not encrypted , flags not exists
07:15:15.623 [main] INFO org.soky.sro.pk2.io.Pk2IOTest - Consuming 4244 byte(s) from file trade_necklace_b.ddj with size 4244 
07:15:15.623 [main] DEBUG org.sokybot.pk2.Pk2CryptoUtils - File trade_necklace_b_da.ddj is not encrypted , flags not exists
07:15:15.623 [main] INFO org.soky.sro.pk2.io.Pk2IOTest - Consuming 4244 byte(s) from file trade_necklace_b_da.ddj with size 4244 
07:15:15.624 [main] DEBUG org.sokybot.pk2.Pk2CryptoUtils - File trade_necklace_b_da_magic.ddj is not encrypted , flags not exists
07:15:15.624 [main] INFO org.soky.sro.pk2.io.Pk2IOTest - Consuming 4244 byte(s) from file trade_necklace_b_da_magic.ddj with size 4244 
07:15:15.624 [main] DEBUG org.sokybot.pk2.Pk2CryptoUtils - File trade_necklace_b_da_rare.ddj is not encrypted , flags not exists
07:15:15.624 [main] INFO org.soky.sro.pk2.io.Pk2IOTest - Consuming 4244 byte(s) from file trade_necklace_b_da_rare.ddj with size 4244 
07:15:15.624 [main] DEBUG org.sokybot.pk2.Pk2CryptoUtils - File trade_necklace_b_ma.ddj is not encrypted , flags not exists
07:15:15.624 [main] INFO org.soky.sro.pk2.io.Pk2IOTest - Consuming 4244 byte(s) from file trade_necklace_b_ma.ddj with size 4244 
07:15:15.624 [main] DEBUG org.sokybot.pk2.Pk2CryptoUtils - File trade_necklace_b_ma_magic.ddj is not encrypted , flags not exists
07:15:15.625 [main] INFO org.soky.sro.pk2.io.Pk2IOTest - Consuming 4244 byte(s) from file trade_necklace_b_ma_magic.ddj with size 4244 
07:15:15.625 [main] DEBUG org.sokybot.pk2.Pk2CryptoUtils - File trade_necklace_b_ma_rare.ddj is not encrypted , flags not exists
07:15:15.625 [main] INFO org.soky.sro.pk2.io.Pk2IOTest - Consuming 4244 byte(s) from file trade_necklace_b_ma_rare.ddj with size 4244 
07:15:15.625 [main] DEBUG org.sokybot.pk2.Pk2CryptoUtils - File trade_necklace_b_pa.ddj is not encrypted , flags not exists
07:15:15.625 [main] INFO org.soky.sro.pk2.io.Pk2IOTest - Consuming 4244 byte(s) from file trade_necklace_b_pa.ddj with size 4244 
07:15:15.625 [main] DEBUG org.sokybot.pk2.Pk2CryptoUtils - File trade_necklace_b_pa_magic.ddj is not encrypted , flags not exists
07:15:15.625 [main] INFO org.soky.sro.pk2.io.Pk2IOTest - Consuming 4244 byte(s) from file trade_necklace_b_pa_magic.ddj with size 4244 
07:15:15.625 [main] DEBUG org.sokybot.pk2.Pk2CryptoUtils - File trade_necklace_b_pa_rare.ddj is not encrypted , flags not exists
07:15:15.626 [main] INFO org.soky.sro.pk2.io.Pk2IOTest - Consuming 4244 byte(s) from file trade_necklace_b_pa_rare.ddj with size 4244 
07:15:15.626 [main] DEBUG org.sokybot.pk2.Pk2CryptoUtils - File trade_necklace_c.ddj is not encrypted , flags not exists
07:15:15.626 [main] INFO org.soky.sro.pk2.io.Pk2IOTest - Consuming 4244 byte(s) from file trade_necklace_c.ddj with size 4244 
07:15:15.626 [main] DEBUG org.sokybot.pk2.Pk2CryptoUtils - File trade_necklace_c_da.ddj is not encrypted , flags not exists
07:15:15.626 [main] INFO org.soky.sro.pk2.io.Pk2IOTest - Consuming 4244 byte(s) from file trade_necklace_c_da.ddj with size 4244 
07:15:15.626 [main] DEBUG org.sokybot.pk2.Pk2CryptoUtils - File trade_necklace_c_da_magic.ddj is not encrypted , flags not exists
07:15:15.626 [main] INFO org.soky.sro.pk2.io.Pk2IOTest - Consuming 4244 byte(s) from file trade_necklace_c_da_magic.ddj with size 4244 
07:15:15.626 [main] DEBUG org.sokybot.pk2.Pk2CryptoUtils - File trade_necklace_c_da_rare.ddj is not encrypted , flags not exists
07:15:15.627 [main] INFO org.soky.sro.pk2.io.Pk2IOTest - Consuming 4244 byte(s) from file trade_necklace_c_da_rare.ddj with size 4244 
07:15:15.627 [main] DEBUG org.sokybot.pk2.Pk2CryptoUtils - File trade_necklace_c_ma.ddj is not encrypted , flags not exists
07:15:15.627 [main] INFO org.soky.sro.pk2.io.Pk2IOTest - Consuming 4244 byte(s) from file trade_necklace_c_ma.ddj with size 4244 
07:15:15.627 [main] DEBUG org.sokybot.pk2.Pk2CryptoUtils - File trade_necklace_c_ma_magic.ddj is not encrypted , flags not exists
07:15:15.627 [main] INFO org.soky.sro.pk2.io.Pk2IOTest - Consuming 4244 byte(s) from file trade_necklace_c_ma_magic.ddj with size 4244 
07:15:15.627 [main] DEBUG org.sokybot.pk2.Pk2CryptoUtils - File trade_necklace_c_ma_rare.ddj is not encrypted , flags not exists
07:15:15.627 [main] INFO org.soky.sro.pk2.io.Pk2IOTest - Consuming 4244 byte(s) from file trade_necklace_c_ma_rare.ddj with size 4244 
07:15:15.627 [main] DEBUG org.sokybot.pk2.Pk2CryptoUtils - File trade_necklace_c_pa.ddj is not encrypted , flags not exists
07:15:15.628 [main] INFO org.soky.sro.pk2.io.Pk2IOTest - Consuming 4244 byte(s) from file trade_necklace_c_pa.ddj with size 4244 
07:15:15.628 [main] DEBUG org.sokybot.pk2.Pk2CryptoUtils - File trade_necklace_c_pa_magic.ddj is not encrypted , flags not exists
07:15:15.628 [main] INFO org.soky.sro.pk2.io.Pk2IOTest - Consuming 4244 byte(s) from file trade_necklace_c_pa_magic.ddj with size 4244 
07:15:15.628 [main] DEBUG org.sokybot.pk2.Pk2CryptoUtils - File trade_necklace_c_pa_rare.ddj is not encrypted , flags not exists
07:15:15.628 [main] INFO org.soky.sro.pk2.io.Pk2IOTest - Consuming 4244 byte(s) from file trade_necklace_c_pa_rare.ddj with size 4244 
07:15:15.628 [main] DEBUG org.sokybot.pk2.Pk2CryptoUtils - File trade_necklace_d.ddj is not encrypted , flags not exists
07:15:15.628 [main] INFO org.soky.sro.pk2.io.Pk2IOTest - Consuming 4244 byte(s) from file trade_necklace_d.ddj with size 4244 
07:15:15.628 [main] DEBUG org.sokybot.pk2.Pk2CryptoUtils - File trade_necklace_d_da.ddj is not encrypted , flags not exists
07:15:15.629 [main] INFO org.soky.sro.pk2.io.Pk2IOTest - Consuming 4244 byte(s) from file trade_necklace_d_da.ddj with size 4244 
07:15:15.629 [main] DEBUG org.sokybot.pk2.Pk2CryptoUtils - File trade_necklace_d_da_magic.ddj is not encrypted , flags not exists
07:15:15.629 [main] INFO org.soky.sro.pk2.io.Pk2IOTest - Consuming 4244 byte(s) from file trade_necklace_d_da_magic.ddj with size 4244 
07:15:15.629 [main] DEBUG org.sokybot.pk2.Pk2CryptoUtils - File trade_necklace_d_da_rare.ddj is not encrypted , flags not exists
07:15:15.629 [main] INFO org.soky.sro.pk2.io.Pk2IOTest - Consuming 4244 byte(s) from file trade_necklace_d_da_rare.ddj with size 4244 
07:15:15.629 [main] DEBUG org.sokybot.pk2.Pk2CryptoUtils - File trade_necklace_d_ma.ddj is not encrypted , flags not exists
07:15:15.629 [main] INFO org.soky.sro.pk2.io.Pk2IOTest - Consuming 4244 byte(s) from file trade_necklace_d_ma.ddj with size 4244 
07:15:15.630 [main] DEBUG org.sokybot.pk2.Pk2CryptoUtils - File trade_necklace_d_ma_magic.ddj is not encrypted , flags not exists
07:15:15.630 [main] INFO org.soky.sro.pk2.io.Pk2IOTest - Consuming 4244 byte(s) from file trade_necklace_d_ma_magic.ddj with size 4244 
07:15:15.630 [main] DEBUG org.sokybot.pk2.Pk2CryptoUtils - File trade_necklace_d_ma_rare.ddj is not encrypted , flags not exists
07:15:15.630 [main] INFO org.soky.sro.pk2.io.Pk2IOTest - Consuming 4244 byte(s) from file trade_necklace_d_ma_rare.ddj with size 4244 
07:15:15.630 [main] DEBUG org.sokybot.pk2.Pk2CryptoUtils - File trade_necklace_d_pa.ddj is not encrypted , flags not exists
07:15:15.630 [main] INFO org.soky.sro.pk2.io.Pk2IOTest - Consuming 4244 byte(s) from file trade_necklace_d_pa.ddj with size 4244 
07:15:15.630 [main] DEBUG org.sokybot.pk2.Pk2CryptoUtils - File trade_necklace_d_pa_magic.ddj is not encrypted , flags not exists
07:15:15.630 [main] INFO org.soky.sro.pk2.io.Pk2IOTest - Consuming 4244 byte(s) from file trade_necklace_d_pa_magic.ddj with size 4244 
07:15:15.631 [main] DEBUG org.sokybot.pk2.Pk2CryptoUtils - File trade_necklace_d_pa_rare.ddj is not encrypted , flags not exists
07:15:15.631 [main] INFO org.soky.sro.pk2.io.Pk2IOTest - Consuming 4244 byte(s) from file trade_necklace_d_pa_rare.ddj with size 4244 
07:15:15.631 [main] DEBUG org.sokybot.pk2.Pk2CryptoUtils - File trade_necklace_e.ddj is not encrypted , flags not exists
07:15:15.631 [main] INFO org.soky.sro.pk2.io.Pk2IOTest - Consuming 4244 byte(s) from file trade_necklace_e.ddj with size 4244 
07:15:15.631 [main] DEBUG org.sokybot.pk2.Pk2CryptoUtils - File trade_necklace_e_da.ddj is not encrypted , flags not exists
07:15:15.631 [main] INFO org.soky.sro.pk2.io.Pk2IOTest - Consuming 4244 byte(s) from file trade_necklace_e_da.ddj with size 4244 
07:15:15.632 [main] DEBUG org.sokybot.pk2.Pk2CryptoUtils - File trade_necklace_e_da_magic.ddj is not encrypted , flags not exists
07:15:15.632 [main] INFO org.soky.sro.pk2.io.Pk2IOTest - Consuming 4244 byte(s) from file trade_necklace_e_da_magic.ddj with size 4244 
07:15:15.632 [main] DEBUG org.sokybot.pk2.Pk2CryptoUtils - File trade_necklace_e_da_rare.ddj is not encrypted , flags not exists
07:15:15.632 [main] INFO org.soky.sro.pk2.io.Pk2IOTest - Consuming 4244 byte(s) from file trade_necklace_e_da_rare.ddj with size 4244 
07:15:15.632 [main] DEBUG org.sokybot.pk2.Pk2CryptoUtils - File trade_necklace_e_ma.ddj is not encrypted , flags not exists
07:15:15.632 [main] INFO org.soky.sro.pk2.io.Pk2IOTest - Consuming 4244 byte(s) from file trade_necklace_e_ma.ddj with size 4244 
07:15:15.632 [main] DEBUG org.sokybot.pk2.Pk2CryptoUtils - File trade_necklace_e_ma_magic.ddj is not encrypted , flags not exists
07:15:15.633 [main] INFO org.soky.sro.pk2.io.Pk2IOTest - Consuming 4244 byte(s) from file trade_necklace_e_ma_magic.ddj with size 4244 
07:15:15.633 [main] DEBUG org.sokybot.pk2.Pk2CryptoUtils - File trade_necklace_e_ma_rare.ddj is not encrypted , flags not exists
07:15:15.633 [main] INFO org.soky.sro.pk2.io.Pk2IOTest - Consuming 4244 byte(s) from file trade_necklace_e_ma_rare.ddj with size 4244 
07:15:15.633 [main] DEBUG org.sokybot.pk2.Pk2CryptoUtils - File trade_necklace_e_pa.ddj is not encrypted , flags not exists
07:15:15.633 [main] INFO org.soky.sro.pk2.io.Pk2IOTest - Consuming 4244 byte(s) from file trade_necklace_e_pa.ddj with size 4244 
07:15:15.633 [main] DEBUG org.sokybot.pk2.Pk2CryptoUtils - File trade_necklace_e_pa_magic.ddj is not encrypted , flags not exists
07:15:15.633 [main] INFO org.soky.sro.pk2.io.Pk2IOTest - Consuming 4244 byte(s) from file trade_necklace_e_pa_magic.ddj with size 4244 
07:15:15.634 [main] DEBUG org.sokybot.pk2.Pk2CryptoUtils - File trade_necklace_e_pa_rare.ddj is not encrypted , flags not exists
07:15:15.634 [main] INFO org.soky.sro.pk2.io.Pk2IOTest - Consuming 4244 byte(s) from file trade_necklace_e_pa_rare.ddj with size 4244 
07:15:15.634 [main] DEBUG org.sokybot.pk2.Pk2CryptoUtils - File trade_pants_a.ddj is not encrypted , flags not exists
07:15:15.634 [main] INFO org.soky.sro.pk2.io.Pk2IOTest - Consuming 4244 byte(s) from file trade_pants_a.ddj with size 4244 
07:15:15.634 [main] DEBUG org.sokybot.pk2.Pk2CryptoUtils - File trade_pants_a_da.ddj is not encrypted , flags not exists
07:15:15.634 [main] INFO org.soky.sro.pk2.io.Pk2IOTest - Consuming 4244 byte(s) from file trade_pants_a_da.ddj with size 4244 
07:15:15.635 [main] DEBUG org.sokybot.pk2.Pk2CryptoUtils - File trade_pants_a_da_magic.ddj is not encrypted , flags not exists
07:15:15.635 [main] INFO org.soky.sro.pk2.io.Pk2IOTest - Consuming 4244 byte(s) from file trade_pants_a_da_magic.ddj with size 4244 
07:15:15.635 [main] DEBUG org.sokybot.pk2.Pk2CryptoUtils - File trade_pants_a_da_rare.ddj is not encrypted , flags not exists
07:15:15.635 [main] INFO org.soky.sro.pk2.io.Pk2IOTest - Consuming 4244 byte(s) from file trade_pants_a_da_rare.ddj with size 4244 
07:15:15.635 [main] DEBUG org.sokybot.pk2.Pk2CryptoUtils - File trade_pants_a_ma.ddj is not encrypted , flags not exists
07:15:15.635 [main] INFO org.soky.sro.pk2.io.Pk2IOTest - Consuming 4244 byte(s) from file trade_pants_a_ma.ddj with size 4244 
07:15:15.635 [main] DEBUG org.sokybot.pk2.Pk2CryptoUtils - File trade_pants_a_ma_magic.ddj is not encrypted , flags not exists
07:15:15.636 [main] INFO org.soky.sro.pk2.io.Pk2IOTest - Consuming 4244 byte(s) from file trade_pants_a_ma_magic.ddj with size 4244 
07:15:15.636 [main] DEBUG org.sokybot.pk2.Pk2CryptoUtils - File trade_pants_a_ma_rare.ddj is not encrypted , flags not exists
07:15:15.636 [main] INFO org.soky.sro.pk2.io.Pk2IOTest - Consuming 4244 byte(s) from file trade_pants_a_ma_rare.ddj with size 4244 
07:15:15.636 [main] DEBUG org.sokybot.pk2.Pk2CryptoUtils - File trade_pants_a_pa.ddj is not encrypted , flags not exists
07:15:15.636 [main] INFO org.soky.sro.pk2.io.Pk2IOTest - Consuming 4244 byte(s) from file trade_pants_a_pa.ddj with size 4244 
07:15:15.636 [main] DEBUG org.sokybot.pk2.Pk2CryptoUtils - File trade_pants_a_pa_magic.ddj is not encrypted , flags not exists
07:15:15.636 [main] INFO org.soky.sro.pk2.io.Pk2IOTest - Consuming 4244 byte(s) from file trade_pants_a_pa_magic.ddj with size 4244 
07:15:15.637 [main] DEBUG org.sokybot.pk2.Pk2CryptoUtils - File trade_pants_a_pa_rare.ddj is not encrypted , flags not exists
07:15:15.637 [main] INFO org.soky.sro.pk2.io.Pk2IOTest - Consuming 4244 byte(s) from file trade_pants_a_pa_rare.ddj with size 4244 
07:15:15.637 [main] DEBUG org.sokybot.pk2.Pk2CryptoUtils - File trade_pants_b.ddj is not encrypted , flags not exists
07:15:15.637 [main] INFO org.soky.sro.pk2.io.Pk2IOTest - Consuming 4244 byte(s) from file trade_pants_b.ddj with size 4244 
07:15:15.637 [main] DEBUG org.sokybot.pk2.Pk2CryptoUtils - File trade_pants_b_da.ddj is not encrypted , flags not exists
07:15:15.637 [main] INFO org.soky.sro.pk2.io.Pk2IOTest - Consuming 4244 byte(s) from file trade_pants_b_da.ddj with size 4244 
07:15:15.637 [main] DEBUG org.sokybot.pk2.Pk2CryptoUtils - File trade_pants_b_da_magic.ddj is not encrypted , flags not exists
07:15:15.638 [main] INFO org.soky.sro.pk2.io.Pk2IOTest - Consuming 4244 byte(s) from file trade_pants_b_da_magic.ddj with size 4244 
07:15:15.638 [main] DEBUG org.sokybot.pk2.Pk2CryptoUtils - File trade_pants_b_da_rare.ddj is not encrypted , flags not exists
07:15:15.638 [main] INFO org.soky.sro.pk2.io.Pk2IOTest - Consuming 4244 byte(s) from file trade_pants_b_da_rare.ddj with size 4244 
07:15:15.639 [main] DEBUG org.sokybot.pk2.Pk2CryptoUtils - File trade_pants_b_ma.ddj is not encrypted , flags not exists
07:15:15.639 [main] INFO org.soky.sro.pk2.io.Pk2IOTest - Consuming 4244 byte(s) from file trade_pants_b_ma.ddj with size 4244 
07:15:15.639 [main] DEBUG org.sokybot.pk2.Pk2CryptoUtils - File trade_pants_b_ma_magic.ddj is not encrypted , flags not exists
07:15:15.639 [main] INFO org.soky.sro.pk2.io.Pk2IOTest - Consuming 4244 byte(s) from file trade_pants_b_ma_magic.ddj with size 4244 
07:15:15.639 [main] DEBUG org.sokybot.pk2.Pk2CryptoUtils - File trade_pants_b_ma_rare.ddj is not encrypted , flags not exists
07:15:15.639 [main] INFO org.soky.sro.pk2.io.Pk2IOTest - Consuming 4244 byte(s) from file trade_pants_b_ma_rare.ddj with size 4244 
07:15:15.639 [main] DEBUG org.sokybot.pk2.Pk2CryptoUtils - File trade_pants_b_pa.ddj is not encrypted , flags not exists
07:15:15.640 [main] INFO org.soky.sro.pk2.io.Pk2IOTest - Consuming 4244 byte(s) from file trade_pants_b_pa.ddj with size 4244 
07:15:15.640 [main] DEBUG org.sokybot.pk2.Pk2CryptoUtils - File trade_pants_b_pa_magic.ddj is not encrypted , flags not exists
07:15:15.640 [main] INFO org.soky.sro.pk2.io.Pk2IOTest - Consuming 4244 byte(s) from file trade_pants_b_pa_magic.ddj with size 4244 
07:15:15.640 [main] DEBUG org.sokybot.pk2.Pk2CryptoUtils - File trade_pants_b_pa_rare.ddj is not encrypted , flags not exists
07:15:15.640 [main] INFO org.soky.sro.pk2.io.Pk2IOTest - Consuming 4244 byte(s) from file trade_pants_b_pa_rare.ddj with size 4244 
07:15:15.640 [main] DEBUG org.sokybot.pk2.Pk2CryptoUtils - File trade_pants_c.ddj is not encrypted , flags not exists
07:15:15.641 [main] INFO org.soky.sro.pk2.io.Pk2IOTest - Consuming 4244 byte(s) from file trade_pants_c.ddj with size 4244 
07:15:15.641 [main] DEBUG org.sokybot.pk2.Pk2CryptoUtils - File trade_pants_c_da.ddj is not encrypted , flags not exists
07:15:15.641 [main] INFO org.soky.sro.pk2.io.Pk2IOTest - Consuming 4244 byte(s) from file trade_pants_c_da.ddj with size 4244 
07:15:15.641 [main] DEBUG org.sokybot.pk2.Pk2CryptoUtils - File trade_pants_c_da_magic.ddj is not encrypted , flags not exists
07:15:15.641 [main] INFO org.soky.sro.pk2.io.Pk2IOTest - Consuming 4244 byte(s) from file trade_pants_c_da_magic.ddj with size 4244 
07:15:15.642 [main] DEBUG org.sokybot.pk2.Pk2CryptoUtils - File trade_pants_c_da_rare.ddj is not encrypted , flags not exists
07:15:15.642 [main] INFO org.soky.sro.pk2.io.Pk2IOTest - Consuming 4244 byte(s) from file trade_pants_c_da_rare.ddj with size 4244 
07:15:15.642 [main] DEBUG org.sokybot.pk2.Pk2CryptoUtils - File trade_pants_c_ma.ddj is not encrypted , flags not exists
07:15:15.642 [main] INFO org.soky.sro.pk2.io.Pk2IOTest - Consuming 4244 byte(s) from file trade_pants_c_ma.ddj with size 4244 
07:15:15.642 [main] DEBUG org.sokybot.pk2.Pk2CryptoUtils - File trade_pants_c_ma_magic.ddj is not encrypted , flags not exists
07:15:15.642 [main] INFO org.soky.sro.pk2.io.Pk2IOTest - Consuming 4244 byte(s) from file trade_pants_c_ma_magic.ddj with size 4244 
07:15:15.643 [main] DEBUG org.sokybot.pk2.Pk2CryptoUtils - File trade_pants_c_ma_rare.ddj is not encrypted , flags not exists
07:15:15.643 [main] INFO org.soky.sro.pk2.io.Pk2IOTest - Consuming 4244 byte(s) from file trade_pants_c_ma_rare.ddj with size 4244 
07:15:15.643 [main] DEBUG org.sokybot.pk2.Pk2CryptoUtils - File trade_pants_c_pa.ddj is not encrypted , flags not exists
07:15:15.643 [main] INFO org.soky.sro.pk2.io.Pk2IOTest - Consuming 4244 byte(s) from file trade_pants_c_pa.ddj with size 4244 
07:15:15.643 [main] DEBUG org.sokybot.pk2.Pk2CryptoUtils - File trade_pants_c_pa_magic.ddj is not encrypted , flags not exists
07:15:15.643 [main] INFO org.soky.sro.pk2.io.Pk2IOTest - Consuming 4244 byte(s) from file trade_pants_c_pa_magic.ddj with size 4244 
07:15:15.644 [main] DEBUG org.sokybot.pk2.Pk2CryptoUtils - File trade_pants_c_pa_rare.ddj is not encrypted , flags not exists
07:15:15.644 [main] INFO org.soky.sro.pk2.io.Pk2IOTest - Consuming 4244 byte(s) from file trade_pants_c_pa_rare.ddj with size 4244 
07:15:15.644 [main] DEBUG org.sokybot.pk2.Pk2CryptoUtils - File trade_pants_d.ddj is not encrypted , flags not exists
07:15:15.644 [main] INFO org.soky.sro.pk2.io.Pk2IOTest - Consuming 4244 byte(s) from file trade_pants_d.ddj with size 4244 
07:15:15.644 [main] DEBUG org.sokybot.pk2.Pk2CryptoUtils - File trade_pants_d_da.ddj is not encrypted , flags not exists
07:15:15.644 [main] INFO org.soky.sro.pk2.io.Pk2IOTest - Consuming 4244 byte(s) from file trade_pants_d_da.ddj with size 4244 
07:15:15.645 [main] DEBUG org.sokybot.pk2.Pk2CryptoUtils - File trade_pants_d_da_magic.ddj is not encrypted , flags not exists
07:15:15.645 [main] INFO org.soky.sro.pk2.io.Pk2IOTest - Consuming 4244 byte(s) from file trade_pants_d_da_magic.ddj with size 4244 
07:15:15.645 [main] DEBUG org.sokybot.pk2.Pk2CryptoUtils - File trade_pants_d_da_rare.ddj is not encrypted , flags not exists
07:15:15.645 [main] INFO org.soky.sro.pk2.io.Pk2IOTest - Consuming 4244 byte(s) from file trade_pants_d_da_rare.ddj with size 4244 
07:15:15.645 [main] DEBUG org.sokybot.pk2.Pk2CryptoUtils - File trade_pants_d_ma.ddj is not encrypted , flags not exists
07:15:15.645 [main] INFO org.soky.sro.pk2.io.Pk2IOTest - Consuming 4244 byte(s) from file trade_pants_d_ma.ddj with size 4244 
07:15:15.645 [main] DEBUG org.sokybot.pk2.Pk2CryptoUtils - File trade_pants_d_ma_magic.ddj is not encrypted , flags not exists
07:15:15.645 [main] INFO org.soky.sro.pk2.io.Pk2IOTest - Consuming 4244 byte(s) from file trade_pants_d_ma_magic.ddj with size 4244 
07:15:15.645 [main] DEBUG org.sokybot.pk2.Pk2CryptoUtils - File trade_pants_d_ma_rare.ddj is not encrypted , flags not exists
07:15:15.646 [main] INFO org.soky.sro.pk2.io.Pk2IOTest - Consuming 4244 byte(s) from file trade_pants_d_ma_rare.ddj with size 4244 
07:15:15.646 [main] DEBUG org.sokybot.pk2.Pk2CryptoUtils - File trade_pants_d_pa.ddj is not encrypted , flags not exists
07:15:15.646 [main] INFO org.soky.sro.pk2.io.Pk2IOTest - Consuming 4244 byte(s) from file trade_pants_d_pa.ddj with size 4244 
07:15:15.646 [main] DEBUG org.sokybot.pk2.Pk2CryptoUtils - File trade_pants_d_pa_magic.ddj is not encrypted , flags not exists
07:15:15.646 [main] INFO org.soky.sro.pk2.io.Pk2IOTest - Consuming 4244 byte(s) from file trade_pants_d_pa_magic.ddj with size 4244 
07:15:15.646 [main] DEBUG org.sokybot.pk2.Pk2CryptoUtils - File trade_pants_d_pa_rare.ddj is not encrypted , flags not exists
07:15:15.646 [main] INFO org.soky.sro.pk2.io.Pk2IOTest - Consuming 4244 byte(s) from file trade_pants_d_pa_rare.ddj with size 4244 
07:15:15.646 [main] DEBUG org.sokybot.pk2.Pk2CryptoUtils - File trade_pants_e.ddj is not encrypted , flags not exists
07:15:15.646 [main] INFO org.soky.sro.pk2.io.Pk2IOTest - Consuming 4244 byte(s) from file trade_pants_e.ddj with size 4244 
07:15:15.646 [main] DEBUG org.sokybot.pk2.Pk2CryptoUtils - File trade_pants_e_da.ddj is not encrypted , flags not exists
07:15:15.647 [main] INFO org.soky.sro.pk2.io.Pk2IOTest - Consuming 4244 byte(s) from file trade_pants_e_da.ddj with size 4244 
07:15:15.647 [main] DEBUG org.sokybot.pk2.Pk2CryptoUtils - File trade_pants_e_da_magic.ddj is not encrypted , flags not exists
07:15:15.647 [main] INFO org.soky.sro.pk2.io.Pk2IOTest - Consuming 4244 byte(s) from file trade_pants_e_da_magic.ddj with size 4244 
07:15:15.647 [main] DEBUG org.sokybot.pk2.Pk2CryptoUtils - File trade_pants_e_da_rare.ddj is not encrypted , flags not exists
07:15:15.647 [main] INFO org.soky.sro.pk2.io.Pk2IOTest - Consuming 4244 byte(s) from file trade_pants_e_da_rare.ddj with size 4244 
07:15:15.647 [main] DEBUG org.sokybot.pk2.Pk2CryptoUtils - File trade_pants_e_ma.ddj is not encrypted , flags not exists
07:15:15.647 [main] INFO org.soky.sro.pk2.io.Pk2IOTest - Consuming 4244 byte(s) from file trade_pants_e_ma.ddj with size 4244 
07:15:15.647 [main] DEBUG org.sokybot.pk2.Pk2CryptoUtils - File trade_pants_e_ma_magic.ddj is not encrypted , flags not exists
07:15:15.647 [main] INFO org.soky.sro.pk2.io.Pk2IOTest - Consuming 4244 byte(s) from file trade_pants_e_ma_magic.ddj with size 4244 
07:15:15.647 [main] DEBUG org.sokybot.pk2.Pk2CryptoUtils - File trade_pants_e_ma_rare.ddj is not encrypted , flags not exists
07:15:15.648 [main] INFO org.soky.sro.pk2.io.Pk2IOTest - Consuming 4244 byte(s) from file trade_pants_e_ma_rare.ddj with size 4244 
07:15:15.648 [main] DEBUG org.sokybot.pk2.Pk2CryptoUtils - File trade_pants_e_pa.ddj is not encrypted , flags not exists
07:15:15.648 [main] INFO org.soky.sro.pk2.io.Pk2IOTest - Consuming 4244 byte(s) from file trade_pants_e_pa.ddj with size 4244 
07:15:15.648 [main] DEBUG org.sokybot.pk2.Pk2CryptoUtils - File trade_pants_e_pa_magic.ddj is not encrypted , flags not exists
07:15:15.648 [main] INFO org.soky.sro.pk2.io.Pk2IOTest - Consuming 4244 byte(s) from file trade_pants_e_pa_magic.ddj with size 4244 
07:15:15.648 [main] DEBUG org.sokybot.pk2.Pk2CryptoUtils - File trade_pants_e_pa_rare.ddj is not encrypted , flags not exists
07:15:15.648 [main] INFO org.soky.sro.pk2.io.Pk2IOTest - Consuming 4244 byte(s) from file trade_pants_e_pa_rare.ddj with size 4244 
07:15:15.648 [main] DEBUG org.sokybot.pk2.Pk2CryptoUtils - File trade_ring_a.ddj is not encrypted , flags not exists
07:15:15.648 [main] INFO org.soky.sro.pk2.io.Pk2IOTest - Consuming 4244 byte(s) from file trade_ring_a.ddj with size 4244 
07:15:15.649 [main] DEBUG org.sokybot.pk2.Pk2CryptoUtils - File trade_ring_a_da.ddj is not encrypted , flags not exists
07:15:15.649 [main] INFO org.soky.sro.pk2.io.Pk2IOTest - Consuming 4244 byte(s) from file trade_ring_a_da.ddj with size 4244 
07:15:15.649 [main] DEBUG org.sokybot.pk2.Pk2CryptoUtils - File trade_ring_a_da_magic.ddj is not encrypted , flags not exists
07:15:15.649 [main] INFO org.soky.sro.pk2.io.Pk2IOTest - Consuming 4244 byte(s) from file trade_ring_a_da_magic.ddj with size 4244 
07:15:15.649 [main] DEBUG org.sokybot.pk2.Pk2CryptoUtils - File trade_ring_a_da_rare.ddj is not encrypted , flags not exists
07:15:15.649 [main] INFO org.soky.sro.pk2.io.Pk2IOTest - Consuming 4244 byte(s) from file trade_ring_a_da_rare.ddj with size 4244 
07:15:15.649 [main] DEBUG org.sokybot.pk2.Pk2CryptoUtils - File trade_ring_a_ma.ddj is not encrypted , flags not exists
07:15:15.649 [main] INFO org.soky.sro.pk2.io.Pk2IOTest - Consuming 4244 byte(s) from file trade_ring_a_ma.ddj with size 4244 
07:15:15.649 [main] DEBUG org.sokybot.pk2.Pk2CryptoUtils - File trade_ring_a_ma_magic.ddj is not encrypted , flags not exists
07:15:15.649 [main] INFO org.soky.sro.pk2.io.Pk2IOTest - Consuming 4244 byte(s) from file trade_ring_a_ma_magic.ddj with size 4244 
07:15:15.650 [main] DEBUG org.sokybot.pk2.Pk2CryptoUtils - File trade_ring_a_ma_rare.ddj is not encrypted , flags not exists
07:15:15.650 [main] INFO org.soky.sro.pk2.io.Pk2IOTest - Consuming 4244 byte(s) from file trade_ring_a_ma_rare.ddj with size 4244 
07:15:15.650 [main] DEBUG org.sokybot.pk2.Pk2CryptoUtils - File trade_ring_a_pa.ddj is not encrypted , flags not exists
07:15:15.650 [main] INFO org.soky.sro.pk2.io.Pk2IOTest - Consuming 4244 byte(s) from file trade_ring_a_pa.ddj with size 4244 
07:15:15.650 [main] DEBUG org.sokybot.pk2.Pk2CryptoUtils - File trade_ring_a_pa_magic.ddj is not encrypted , flags not exists
07:15:15.650 [main] INFO org.soky.sro.pk2.io.Pk2IOTest - Consuming 4244 byte(s) from file trade_ring_a_pa_magic.ddj with size 4244 
07:15:15.650 [main] DEBUG org.sokybot.pk2.Pk2CryptoUtils - File trade_ring_a_pa_rare.ddj is not encrypted , flags not exists
07:15:15.650 [main] INFO org.soky.sro.pk2.io.Pk2IOTest - Consuming 4244 byte(s) from file trade_ring_a_pa_rare.ddj with size 4244 
07:15:15.650 [main] DEBUG org.sokybot.pk2.Pk2CryptoUtils - File trade_ring_b.ddj is not encrypted , flags not exists
07:15:15.650 [main] INFO org.soky.sro.pk2.io.Pk2IOTest - Consuming 4244 byte(s) from file trade_ring_b.ddj with size 4244 
07:15:15.651 [main] DEBUG org.sokybot.pk2.Pk2CryptoUtils - File trade_ring_b_da.ddj is not encrypted , flags not exists
07:15:15.651 [main] INFO org.soky.sro.pk2.io.Pk2IOTest - Consuming 4244 byte(s) from file trade_ring_b_da.ddj with size 4244 
07:15:15.651 [main] DEBUG org.sokybot.pk2.Pk2CryptoUtils - File trade_ring_b_da_magic.ddj is not encrypted , flags not exists
07:15:15.651 [main] INFO org.soky.sro.pk2.io.Pk2IOTest - Consuming 4244 byte(s) from file trade_ring_b_da_magic.ddj with size 4244 
07:15:15.651 [main] DEBUG org.sokybot.pk2.Pk2CryptoUtils - File trade_ring_b_da_rare.ddj is not encrypted , flags not exists
07:15:15.651 [main] INFO org.soky.sro.pk2.io.Pk2IOTest - Consuming 4244 byte(s) from file trade_ring_b_da_rare.ddj with size 4244 
07:15:15.651 [main] DEBUG org.sokybot.pk2.Pk2CryptoUtils - File trade_ring_b_ma.ddj is not encrypted , flags not exists
07:15:15.651 [main] INFO org.soky.sro.pk2.io.Pk2IOTest - Consuming 4244 byte(s) from file trade_ring_b_ma.ddj with size 4244 
07:15:15.652 [main] DEBUG org.sokybot.pk2.Pk2CryptoUtils - File trade_ring_b_ma_magic.ddj is not encrypted , flags not exists
07:15:15.652 [main] INFO org.soky.sro.pk2.io.Pk2IOTest - Consuming 4244 byte(s) from file trade_ring_b_ma_magic.ddj with size 4244 
07:15:15.652 [main] DEBUG org.sokybot.pk2.Pk2CryptoUtils - File trade_ring_b_ma_rare.ddj is not encrypted , flags not exists
07:15:15.652 [main] INFO org.soky.sro.pk2.io.Pk2IOTest - Consuming 4244 byte(s) from file trade_ring_b_ma_rare.ddj with size 4244 
07:15:15.652 [main] DEBUG org.sokybot.pk2.Pk2CryptoUtils - File trade_ring_b_pa.ddj is not encrypted , flags not exists
07:15:15.652 [main] INFO org.soky.sro.pk2.io.Pk2IOTest - Consuming 4244 byte(s) from file trade_ring_b_pa.ddj with size 4244 
07:15:15.652 [main] DEBUG org.sokybot.pk2.Pk2CryptoUtils - File trade_ring_b_pa_magic.ddj is not encrypted , flags not exists
07:15:15.652 [main] INFO org.soky.sro.pk2.io.Pk2IOTest - Consuming 4244 byte(s) from file trade_ring_b_pa_magic.ddj with size 4244 
07:15:15.652 [main] DEBUG org.sokybot.pk2.Pk2CryptoUtils - File trade_ring_b_pa_rare.ddj is not encrypted , flags not exists
07:15:15.652 [main] INFO org.soky.sro.pk2.io.Pk2IOTest - Consuming 4244 byte(s) from file trade_ring_b_pa_rare.ddj with size 4244 
07:15:15.653 [main] DEBUG org.sokybot.pk2.Pk2CryptoUtils - File trade_ring_c.ddj is not encrypted , flags not exists
07:15:15.653 [main] INFO org.soky.sro.pk2.io.Pk2IOTest - Consuming 4244 byte(s) from file trade_ring_c.ddj with size 4244 
07:15:15.653 [main] DEBUG org.sokybot.pk2.Pk2CryptoUtils - File trade_ring_c_da.ddj is not encrypted , flags not exists
07:15:15.653 [main] INFO org.soky.sro.pk2.io.Pk2IOTest - Consuming 4244 byte(s) from file trade_ring_c_da.ddj with size 4244 
07:15:15.653 [main] DEBUG org.sokybot.pk2.Pk2CryptoUtils - File trade_ring_c_da_magic.ddj is not encrypted , flags not exists
07:15:15.653 [main] INFO org.soky.sro.pk2.io.Pk2IOTest - Consuming 4244 byte(s) from file trade_ring_c_da_magic.ddj with size 4244 
07:15:15.653 [main] DEBUG org.sokybot.pk2.Pk2CryptoUtils - File trade_ring_c_da_rare.ddj is not encrypted , flags not exists
07:15:15.653 [main] INFO org.soky.sro.pk2.io.Pk2IOTest - Consuming 4244 byte(s) from file trade_ring_c_da_rare.ddj with size 4244 
07:15:15.653 [main] DEBUG org.sokybot.pk2.Pk2CryptoUtils - File trade_ring_c_ma.ddj is not encrypted , flags not exists
07:15:15.653 [main] INFO org.soky.sro.pk2.io.Pk2IOTest - Consuming 4244 byte(s) from file trade_ring_c_ma.ddj with size 4244 
07:15:15.654 [main] DEBUG org.sokybot.pk2.Pk2CryptoUtils - File trade_ring_c_ma_magic.ddj is not encrypted , flags not exists
07:15:15.654 [main] INFO org.soky.sro.pk2.io.Pk2IOTest - Consuming 4244 byte(s) from file trade_ring_c_ma_magic.ddj with size 4244 
07:15:15.654 [main] DEBUG org.sokybot.pk2.Pk2CryptoUtils - File trade_ring_c_ma_rare.ddj is not encrypted , flags not exists
07:15:15.654 [main] INFO org.soky.sro.pk2.io.Pk2IOTest - Consuming 4244 byte(s) from file trade_ring_c_ma_rare.ddj with size 4244 
07:15:15.654 [main] DEBUG org.sokybot.pk2.Pk2CryptoUtils - File trade_ring_c_pa.ddj is not encrypted , flags not exists
07:15:15.654 [main] INFO org.soky.sro.pk2.io.Pk2IOTest - Consuming 4244 byte(s) from file trade_ring_c_pa.ddj with size 4244 
07:15:15.654 [main] DEBUG org.sokybot.pk2.Pk2CryptoUtils - File trade_ring_c_pa_magic.ddj is not encrypted , flags not exists
07:15:15.654 [main] INFO org.soky.sro.pk2.io.Pk2IOTest - Consuming 4244 byte(s) from file trade_ring_c_pa_magic.ddj with size 4244 
07:15:15.654 [main] DEBUG org.sokybot.pk2.Pk2CryptoUtils - File trade_ring_c_pa_rare.ddj is not encrypted , flags not exists
07:15:15.655 [main] INFO org.soky.sro.pk2.io.Pk2IOTest - Consuming 4244 byte(s) from file trade_ring_c_pa_rare.ddj with size 4244 
07:15:15.655 [main] DEBUG org.sokybot.pk2.Pk2CryptoUtils - File trade_ring_d.ddj is not encrypted , flags not exists
07:15:15.655 [main] INFO org.soky.sro.pk2.io.Pk2IOTest - Consuming 4244 byte(s) from file trade_ring_d.ddj with size 4244 
07:15:15.655 [main] DEBUG org.sokybot.pk2.Pk2CryptoUtils - File trade_ring_d_da.ddj is not encrypted , flags not exists
07:15:15.655 [main] INFO org.soky.sro.pk2.io.Pk2IOTest - Consuming 4244 byte(s) from file trade_ring_d_da.ddj with size 4244 
07:15:15.655 [main] DEBUG org.sokybot.pk2.Pk2CryptoUtils - File trade_ring_d_da_magic.ddj is not encrypted , flags not exists
07:15:15.655 [main] INFO org.soky.sro.pk2.io.Pk2IOTest - Consuming 4244 byte(s) from file trade_ring_d_da_magic.ddj with size 4244 
07:15:15.655 [main] DEBUG org.sokybot.pk2.Pk2CryptoUtils - File trade_ring_d_da_rare.ddj is not encrypted , flags not exists
07:15:15.655 [main] INFO org.soky.sro.pk2.io.Pk2IOTest - Consuming 4244 byte(s) from file trade_ring_d_da_rare.ddj with size 4244 
07:15:15.655 [main] DEBUG org.sokybot.pk2.Pk2CryptoUtils - File trade_ring_d_ma.ddj is not encrypted , flags not exists
07:15:15.656 [main] INFO org.soky.sro.pk2.io.Pk2IOTest - Consuming 4244 byte(s) from file trade_ring_d_ma.ddj with size 4244 
07:15:15.656 [main] DEBUG org.sokybot.pk2.Pk2CryptoUtils - File trade_ring_d_ma_magic.ddj is not encrypted , flags not exists
07:15:15.656 [main] INFO org.soky.sro.pk2.io.Pk2IOTest - Consuming 4244 byte(s) from file trade_ring_d_ma_magic.ddj with size 4244 
07:15:15.656 [main] DEBUG org.sokybot.pk2.Pk2CryptoUtils - File trade_ring_d_ma_rare.ddj is not encrypted , flags not exists
07:15:15.656 [main] INFO org.soky.sro.pk2.io.Pk2IOTest - Consuming 4244 byte(s) from file trade_ring_d_ma_rare.ddj with size 4244 
07:15:15.656 [main] DEBUG org.sokybot.pk2.Pk2CryptoUtils - File trade_ring_d_pa.ddj is not encrypted , flags not exists
07:15:15.656 [main] INFO org.soky.sro.pk2.io.Pk2IOTest - Consuming 4244 byte(s) from file trade_ring_d_pa.ddj with size 4244 
07:15:15.657 [main] DEBUG org.sokybot.pk2.Pk2CryptoUtils - File trade_ring_d_pa_magic.ddj is not encrypted , flags not exists
07:15:15.657 [main] INFO org.soky.sro.pk2.io.Pk2IOTest - Consuming 4244 byte(s) from file trade_ring_d_pa_magic.ddj with size 4244 
07:15:15.657 [main] DEBUG org.sokybot.pk2.Pk2CryptoUtils - File trade_ring_d_pa_rare.ddj is not encrypted , flags not exists
07:15:15.657 [main] INFO org.soky.sro.pk2.io.Pk2IOTest - Consuming 4244 byte(s) from file trade_ring_d_pa_rare.ddj with size 4244 
07:15:15.657 [main] DEBUG org.sokybot.pk2.Pk2CryptoUtils - File trade_ring_e.ddj is not encrypted , flags not exists
07:15:15.657 [main] INFO org.soky.sro.pk2.io.Pk2IOTest - Consuming 4244 byte(s) from file trade_ring_e.ddj with size 4244 
07:15:15.657 [main] DEBUG org.sokybot.pk2.Pk2CryptoUtils - File trade_ring_e_da.ddj is not encrypted , flags not exists
07:15:15.657 [main] INFO org.soky.sro.pk2.io.Pk2IOTest - Consuming 4244 byte(s) from file trade_ring_e_da.ddj with size 4244 
07:15:15.657 [main] DEBUG org.sokybot.pk2.Pk2CryptoUtils - File trade_ring_e_da_magic.ddj is not encrypted , flags not exists
07:15:15.657 [main] INFO org.soky.sro.pk2.io.Pk2IOTest - Consuming 4244 byte(s) from file trade_ring_e_da_magic.ddj with size 4244 
07:15:15.658 [main] DEBUG org.sokybot.pk2.Pk2CryptoUtils - File trade_ring_e_da_rare.ddj is not encrypted , flags not exists
07:15:15.658 [main] INFO org.soky.sro.pk2.io.Pk2IOTest - Consuming 4244 byte(s) from file trade_ring_e_da_rare.ddj with size 4244 
07:15:15.658 [main] DEBUG org.sokybot.pk2.Pk2CryptoUtils - File trade_ring_e_ma.ddj is not encrypted , flags not exists
07:15:15.658 [main] INFO org.soky.sro.pk2.io.Pk2IOTest - Consuming 4244 byte(s) from file trade_ring_e_ma.ddj with size 4244 
07:15:15.658 [main] DEBUG org.sokybot.pk2.Pk2CryptoUtils - File trade_ring_e_ma_magic.ddj is not encrypted , flags not exists
07:15:15.658 [main] INFO org.soky.sro.pk2.io.Pk2IOTest - Consuming 4244 byte(s) from file trade_ring_e_ma_magic.ddj with size 4244 
07:15:15.658 [main] DEBUG org.sokybot.pk2.Pk2CryptoUtils - File trade_ring_e_ma_rare.ddj is not encrypted , flags not exists
07:15:15.658 [main] INFO org.soky.sro.pk2.io.Pk2IOTest - Consuming 4244 byte(s) from file trade_ring_e_ma_rare.ddj with size 4244 
07:15:15.658 [main] DEBUG org.sokybot.pk2.Pk2CryptoUtils - File trade_ring_e_pa.ddj is not encrypted , flags not exists
07:15:15.658 [main] INFO org.soky.sro.pk2.io.Pk2IOTest - Consuming 4244 byte(s) from file trade_ring_e_pa.ddj with size 4244 
07:15:15.658 [main] DEBUG org.sokybot.pk2.Pk2CryptoUtils - File trade_ring_e_pa_magic.ddj is not encrypted , flags not exists
07:15:15.659 [main] INFO org.soky.sro.pk2.io.Pk2IOTest - Consuming 4244 byte(s) from file trade_ring_e_pa_magic.ddj with size 4244 
07:15:15.659 [main] DEBUG org.sokybot.pk2.Pk2CryptoUtils - File trade_ring_e_pa_rare.ddj is not encrypted , flags not exists
07:15:15.659 [main] INFO org.soky.sro.pk2.io.Pk2IOTest - Consuming 4244 byte(s) from file trade_ring_e_pa_rare.ddj with size 4244 
07:15:15.659 [main] DEBUG org.sokybot.pk2.Pk2CryptoUtils - File trade_shoes_a.ddj is not encrypted , flags not exists
07:15:15.659 [main] INFO org.soky.sro.pk2.io.Pk2IOTest - Consuming 4244 byte(s) from file trade_shoes_a.ddj with size 4244 
07:15:15.659 [main] DEBUG org.sokybot.pk2.Pk2CryptoUtils - File trade_shoes_a_da.ddj is not encrypted , flags not exists
07:15:15.659 [main] INFO org.soky.sro.pk2.io.Pk2IOTest - Consuming 4244 byte(s) from file trade_shoes_a_da.ddj with size 4244 
07:15:15.659 [main] DEBUG org.sokybot.pk2.Pk2CryptoUtils - File trade_shoes_a_da_magic.ddj is not encrypted , flags not exists
07:15:15.659 [main] INFO org.soky.sro.pk2.io.Pk2IOTest - Consuming 4244 byte(s) from file trade_shoes_a_da_magic.ddj with size 4244 
07:15:15.659 [main] DEBUG org.sokybot.pk2.Pk2CryptoUtils - File trade_shoes_a_da_rare.ddj is not encrypted , flags not exists
07:15:15.659 [main] INFO org.soky.sro.pk2.io.Pk2IOTest - Consuming 4244 byte(s) from file trade_shoes_a_da_rare.ddj with size 4244 
07:15:15.660 [main] DEBUG org.sokybot.pk2.Pk2CryptoUtils - File trade_shoes_a_ma.ddj is not encrypted , flags not exists
07:15:15.660 [main] INFO org.soky.sro.pk2.io.Pk2IOTest - Consuming 4244 byte(s) from file trade_shoes_a_ma.ddj with size 4244 
07:15:15.660 [main] DEBUG org.sokybot.pk2.Pk2CryptoUtils - File trade_shoes_a_ma_magic.ddj is not encrypted , flags not exists
07:15:15.660 [main] INFO org.soky.sro.pk2.io.Pk2IOTest - Consuming 4244 byte(s) from file trade_shoes_a_ma_magic.ddj with size 4244 
07:15:15.660 [main] DEBUG org.sokybot.pk2.Pk2CryptoUtils - File trade_shoes_a_ma_rare.ddj is not encrypted , flags not exists
07:15:15.660 [main] INFO org.soky.sro.pk2.io.Pk2IOTest - Consuming 4244 byte(s) from file trade_shoes_a_ma_rare.ddj with size 4244 
07:15:15.660 [main] DEBUG org.sokybot.pk2.Pk2CryptoUtils - File trade_shoes_a_pa.ddj is not encrypted , flags not exists
07:15:15.660 [main] INFO org.soky.sro.pk2.io.Pk2IOTest - Consuming 4244 byte(s) from file trade_shoes_a_pa.ddj with size 4244 
07:15:15.660 [main] DEBUG org.sokybot.pk2.Pk2CryptoUtils - File trade_shoes_a_pa_magic.ddj is not encrypted , flags not exists
07:15:15.660 [main] INFO org.soky.sro.pk2.io.Pk2IOTest - Consuming 4244 byte(s) from file trade_shoes_a_pa_magic.ddj with size 4244 
07:15:15.660 [main] DEBUG org.sokybot.pk2.Pk2CryptoUtils - File trade_shoes_a_pa_rare.ddj is not encrypted , flags not exists
07:15:15.661 [main] INFO org.soky.sro.pk2.io.Pk2IOTest - Consuming 4244 byte(s) from file trade_shoes_a_pa_rare.ddj with size 4244 
07:15:15.661 [main] DEBUG org.sokybot.pk2.Pk2CryptoUtils - File trade_shoes_b.ddj is not encrypted , flags not exists
07:15:15.661 [main] INFO org.soky.sro.pk2.io.Pk2IOTest - Consuming 4244 byte(s) from file trade_shoes_b.ddj with size 4244 
07:15:15.661 [main] DEBUG org.sokybot.pk2.Pk2CryptoUtils - File trade_shoes_b_da.ddj is not encrypted , flags not exists
07:15:15.661 [main] INFO org.soky.sro.pk2.io.Pk2IOTest - Consuming 4244 byte(s) from file trade_shoes_b_da.ddj with size 4244 
07:15:15.661 [main] DEBUG org.sokybot.pk2.Pk2CryptoUtils - File trade_shoes_b_da_magic.ddj is not encrypted , flags not exists
07:15:15.661 [main] INFO org.soky.sro.pk2.io.Pk2IOTest - Consuming 4244 byte(s) from file trade_shoes_b_da_magic.ddj with size 4244 
07:15:15.661 [main] DEBUG org.sokybot.pk2.Pk2CryptoUtils - File trade_shoes_b_da_rare.ddj is not encrypted , flags not exists
07:15:15.661 [main] INFO org.soky.sro.pk2.io.Pk2IOTest - Consuming 4244 byte(s) from file trade_shoes_b_da_rare.ddj with size 4244 
07:15:15.661 [main] DEBUG org.sokybot.pk2.Pk2CryptoUtils - File trade_shoes_b_ma.ddj is not encrypted , flags not exists
07:15:15.662 [main] INFO org.soky.sro.pk2.io.Pk2IOTest - Consuming 4244 byte(s) from file trade_shoes_b_ma.ddj with size 4244 
07:15:15.662 [main] DEBUG org.sokybot.pk2.Pk2CryptoUtils - File trade_shoes_b_ma_magic.ddj is not encrypted , flags not exists
07:15:15.662 [main] INFO org.soky.sro.pk2.io.Pk2IOTest - Consuming 4244 byte(s) from file trade_shoes_b_ma_magic.ddj with size 4244 
07:15:15.662 [main] DEBUG org.sokybot.pk2.Pk2CryptoUtils - File trade_shoes_b_ma_rare.ddj is not encrypted , flags not exists
07:15:15.662 [main] INFO org.soky.sro.pk2.io.Pk2IOTest - Consuming 4244 byte(s) from file trade_shoes_b_ma_rare.ddj with size 4244 
07:15:15.662 [main] DEBUG org.sokybot.pk2.Pk2CryptoUtils - File trade_shoes_b_pa.ddj is not encrypted , flags not exists
07:15:15.662 [main] INFO org.soky.sro.pk2.io.Pk2IOTest - Consuming 4244 byte(s) from file trade_shoes_b_pa.ddj with size 4244 
07:15:15.662 [main] DEBUG org.sokybot.pk2.Pk2CryptoUtils - File trade_shoes_b_pa_magic.ddj is not encrypted , flags not exists
07:15:15.662 [main] INFO org.soky.sro.pk2.io.Pk2IOTest - Consuming 4244 byte(s) from file trade_shoes_b_pa_magic.ddj with size 4244 
07:15:15.662 [main] DEBUG org.sokybot.pk2.Pk2CryptoUtils - File trade_shoes_b_pa_rare.ddj is not encrypted , flags not exists
07:15:15.662 [main] INFO org.soky.sro.pk2.io.Pk2IOTest - Consuming 4244 byte(s) from file trade_shoes_b_pa_rare.ddj with size 4244 
07:15:15.663 [main] DEBUG org.sokybot.pk2.Pk2CryptoUtils - File trade_shoes_c.ddj is not encrypted , flags not exists
07:15:15.663 [main] INFO org.soky.sro.pk2.io.Pk2IOTest - Consuming 4244 byte(s) from file trade_shoes_c.ddj with size 4244 
07:15:15.663 [main] DEBUG org.sokybot.pk2.Pk2CryptoUtils - File trade_shoes_c_da.ddj is not encrypted , flags not exists
07:15:15.663 [main] INFO org.soky.sro.pk2.io.Pk2IOTest - Consuming 4244 byte(s) from file trade_shoes_c_da.ddj with size 4244 
07:15:15.663 [main] DEBUG org.sokybot.pk2.Pk2CryptoUtils - File trade_shoes_c_da_magic.ddj is not encrypted , flags not exists
07:15:15.663 [main] INFO org.soky.sro.pk2.io.Pk2IOTest - Consuming 4244 byte(s) from file trade_shoes_c_da_magic.ddj with size 4244 
07:15:15.663 [main] DEBUG org.sokybot.pk2.Pk2CryptoUtils - File trade_shoes_c_da_rare.ddj is not encrypted , flags not exists
07:15:15.663 [main] INFO org.soky.sro.pk2.io.Pk2IOTest - Consuming 4244 byte(s) from file trade_shoes_c_da_rare.ddj with size 4244 
07:15:15.663 [main] DEBUG org.sokybot.pk2.Pk2CryptoUtils - File trade_shoes_c_ma.ddj is not encrypted , flags not exists
07:15:15.663 [main] INFO org.soky.sro.pk2.io.Pk2IOTest - Consuming 4244 byte(s) from file trade_shoes_c_ma.ddj with size 4244 
07:15:15.664 [main] DEBUG org.sokybot.pk2.Pk2CryptoUtils - File trade_shoes_c_ma_magic.ddj is not encrypted , flags not exists
07:15:15.664 [main] INFO org.soky.sro.pk2.io.Pk2IOTest - Consuming 4244 byte(s) from file trade_shoes_c_ma_magic.ddj with size 4244 
07:15:15.664 [main] DEBUG org.sokybot.pk2.Pk2CryptoUtils - File trade_shoes_c_ma_rare.ddj is not encrypted , flags not exists
07:15:15.664 [main] INFO org.soky.sro.pk2.io.Pk2IOTest - Consuming 4244 byte(s) from file trade_shoes_c_ma_rare.ddj with size 4244 
07:15:15.664 [main] DEBUG org.sokybot.pk2.Pk2CryptoUtils - File trade_shoes_c_pa.ddj is not encrypted , flags not exists
07:15:15.664 [main] INFO org.soky.sro.pk2.io.Pk2IOTest - Consuming 4244 byte(s) from file trade_shoes_c_pa.ddj with size 4244 
07:15:15.664 [main] DEBUG org.sokybot.pk2.Pk2CryptoUtils - File trade_shoes_c_pa_magic.ddj is not encrypted , flags not exists
07:15:15.664 [main] INFO org.soky.sro.pk2.io.Pk2IOTest - Consuming 4244 byte(s) from file trade_shoes_c_pa_magic.ddj with size 4244 
07:15:15.664 [main] DEBUG org.sokybot.pk2.Pk2CryptoUtils - File trade_shoes_c_pa_rare.ddj is not encrypted , flags not exists
07:15:15.664 [main] INFO org.soky.sro.pk2.io.Pk2IOTest - Consuming 4244 byte(s) from file trade_shoes_c_pa_rare.ddj with size 4244 
07:15:15.665 [main] DEBUG org.sokybot.pk2.Pk2CryptoUtils - File trade_shoes_d.ddj is not encrypted , flags not exists
07:15:15.665 [main] INFO org.soky.sro.pk2.io.Pk2IOTest - Consuming 4244 byte(s) from file trade_shoes_d.ddj with size 4244 
07:15:15.665 [main] DEBUG org.sokybot.pk2.Pk2CryptoUtils - File trade_shoes_d_da.ddj is not encrypted , flags not exists
07:15:15.665 [main] INFO org.soky.sro.pk2.io.Pk2IOTest - Consuming 4244 byte(s) from file trade_shoes_d_da.ddj with size 4244 
07:15:15.665 [main] DEBUG org.sokybot.pk2.Pk2CryptoUtils - File trade_shoes_d_da_magic.ddj is not encrypted , flags not exists
07:15:15.665 [main] INFO org.soky.sro.pk2.io.Pk2IOTest - Consuming 4244 byte(s) from file trade_shoes_d_da_magic.ddj with size 4244 
07:15:15.665 [main] DEBUG org.sokybot.pk2.Pk2CryptoUtils - File trade_shoes_d_da_rare.ddj is not encrypted , flags not exists
07:15:15.665 [main] INFO org.soky.sro.pk2.io.Pk2IOTest - Consuming 4244 byte(s) from file trade_shoes_d_da_rare.ddj with size 4244 
07:15:15.665 [main] DEBUG org.sokybot.pk2.Pk2CryptoUtils - File trade_shoes_d_ma.ddj is not encrypted , flags not exists
07:15:15.665 [main] INFO org.soky.sro.pk2.io.Pk2IOTest - Consuming 4244 byte(s) from file trade_shoes_d_ma.ddj with size 4244 
07:15:15.666 [main] DEBUG org.sokybot.pk2.Pk2CryptoUtils - File trade_shoes_d_ma_magic.ddj is not encrypted , flags not exists
07:15:15.666 [main] INFO org.soky.sro.pk2.io.Pk2IOTest - Consuming 4244 byte(s) from file trade_shoes_d_ma_magic.ddj with size 4244 
07:15:15.666 [main] DEBUG org.sokybot.pk2.Pk2CryptoUtils - File trade_shoes_d_ma_rare.ddj is not encrypted , flags not exists
07:15:15.666 [main] INFO org.soky.sro.pk2.io.Pk2IOTest - Consuming 4244 byte(s) from file trade_shoes_d_ma_rare.ddj with size 4244 
07:15:15.666 [main] DEBUG org.sokybot.pk2.Pk2CryptoUtils - File trade_shoes_d_pa.ddj is not encrypted , flags not exists
07:15:15.666 [main] INFO org.soky.sro.pk2.io.Pk2IOTest - Consuming 4244 byte(s) from file trade_shoes_d_pa.ddj with size 4244 
07:15:15.666 [main] DEBUG org.sokybot.pk2.Pk2CryptoUtils - File trade_shoes_d_pa_magic.ddj is not encrypted , flags not exists
07:15:15.666 [main] INFO org.soky.sro.pk2.io.Pk2IOTest - Consuming 4244 byte(s) from file trade_shoes_d_pa_magic.ddj with size 4244 
07:15:15.666 [main] DEBUG org.sokybot.pk2.Pk2CryptoUtils - File trade_shoes_d_pa_rare.ddj is not encrypted , flags not exists
07:15:15.666 [main] INFO org.soky.sro.pk2.io.Pk2IOTest - Consuming 4244 byte(s) from file trade_shoes_d_pa_rare.ddj with size 4244 
07:15:15.666 [main] DEBUG org.sokybot.pk2.Pk2CryptoUtils - File trade_shoes_e.ddj is not encrypted , flags not exists
07:15:15.667 [main] INFO org.soky.sro.pk2.io.Pk2IOTest - Consuming 4244 byte(s) from file trade_shoes_e.ddj with size 4244 
07:15:15.667 [main] DEBUG org.sokybot.pk2.Pk2CryptoUtils - File trade_shoes_e_da.ddj is not encrypted , flags not exists
07:15:15.667 [main] INFO org.soky.sro.pk2.io.Pk2IOTest - Consuming 4244 byte(s) from file trade_shoes_e_da.ddj with size 4244 
07:15:15.667 [main] DEBUG org.sokybot.pk2.Pk2CryptoUtils - File trade_shoes_e_da_magic.ddj is not encrypted , flags not exists
07:15:15.667 [main] INFO org.soky.sro.pk2.io.Pk2IOTest - Consuming 4244 byte(s) from file trade_shoes_e_da_magic.ddj with size 4244 
07:15:15.667 [main] DEBUG org.sokybot.pk2.Pk2CryptoUtils - File trade_shoes_e_da_rare.ddj is not encrypted , flags not exists
07:15:15.667 [main] INFO org.soky.sro.pk2.io.Pk2IOTest - Consuming 4244 byte(s) from file trade_shoes_e_da_rare.ddj with size 4244 
07:15:15.667 [main] DEBUG org.sokybot.pk2.Pk2CryptoUtils - File trade_shoes_e_ma.ddj is not encrypted , flags not exists
07:15:15.667 [main] INFO org.soky.sro.pk2.io.Pk2IOTest - Consuming 4244 byte(s) from file trade_shoes_e_ma.ddj with size 4244 
07:15:15.667 [main] DEBUG org.sokybot.pk2.Pk2CryptoUtils - File trade_shoes_e_ma_magic.ddj is not encrypted , flags not exists
07:15:15.668 [main] INFO org.soky.sro.pk2.io.Pk2IOTest - Consuming 4244 byte(s) from file trade_shoes_e_ma_magic.ddj with size 4244 
07:15:15.668 [main] DEBUG org.sokybot.pk2.Pk2CryptoUtils - File trade_shoes_e_ma_rare.ddj is not encrypted , flags not exists
07:15:15.668 [main] INFO org.soky.sro.pk2.io.Pk2IOTest - Consuming 4244 byte(s) from file trade_shoes_e_ma_rare.ddj with size 4244 
07:15:15.668 [main] DEBUG org.sokybot.pk2.Pk2CryptoUtils - File trade_shoes_e_pa.ddj is not encrypted , flags not exists
07:15:15.668 [main] INFO org.soky.sro.pk2.io.Pk2IOTest - Consuming 4244 byte(s) from file trade_shoes_e_pa.ddj with size 4244 
07:15:15.668 [main] DEBUG org.sokybot.pk2.Pk2CryptoUtils - File trade_shoes_e_pa_magic.ddj is not encrypted , flags not exists
07:15:15.668 [main] INFO org.soky.sro.pk2.io.Pk2IOTest - Consuming 4244 byte(s) from file trade_shoes_e_pa_magic.ddj with size 4244 
07:15:15.668 [main] DEBUG org.sokybot.pk2.Pk2CryptoUtils - File trade_shoes_e_pa_rare.ddj is not encrypted , flags not exists
07:15:15.668 [main] INFO org.soky.sro.pk2.io.Pk2IOTest - Consuming 4244 byte(s) from file trade_shoes_e_pa_rare.ddj with size 4244 
07:15:15.668 [main] DEBUG org.sokybot.pk2.Pk2CryptoUtils - File trade_shoulder_a.ddj is not encrypted , flags not exists
07:15:15.668 [main] INFO org.soky.sro.pk2.io.Pk2IOTest - Consuming 4244 byte(s) from file trade_shoulder_a.ddj with size 4244 
07:15:15.669 [main] DEBUG org.sokybot.pk2.Pk2CryptoUtils - File trade_shoulder_a_da.ddj is not encrypted , flags not exists
07:15:15.669 [main] INFO org.soky.sro.pk2.io.Pk2IOTest - Consuming 4244 byte(s) from file trade_shoulder_a_da.ddj with size 4244 
07:15:15.669 [main] DEBUG org.sokybot.pk2.Pk2CryptoUtils - File trade_shoulder_a_da_magic.ddj is not encrypted , flags not exists
07:15:15.669 [main] INFO org.soky.sro.pk2.io.Pk2IOTest - Consuming 4244 byte(s) from file trade_shoulder_a_da_magic.ddj with size 4244 
07:15:15.669 [main] DEBUG org.sokybot.pk2.Pk2CryptoUtils - File trade_shoulder_a_da_rare.ddj is not encrypted , flags not exists
07:15:15.669 [main] INFO org.soky.sro.pk2.io.Pk2IOTest - Consuming 4244 byte(s) from file trade_shoulder_a_da_rare.ddj with size 4244 
07:15:15.669 [main] DEBUG org.sokybot.pk2.Pk2CryptoUtils - File trade_shoulder_a_ma.ddj is not encrypted , flags not exists
07:15:15.669 [main] INFO org.soky.sro.pk2.io.Pk2IOTest - Consuming 4244 byte(s) from file trade_shoulder_a_ma.ddj with size 4244 
07:15:15.669 [main] DEBUG org.sokybot.pk2.Pk2CryptoUtils - File trade_shoulder_a_ma_magic.ddj is not encrypted , flags not exists
07:15:15.670 [main] INFO org.soky.sro.pk2.io.Pk2IOTest - Consuming 4244 byte(s) from file trade_shoulder_a_ma_magic.ddj with size 4244 
07:15:15.670 [main] DEBUG org.sokybot.pk2.Pk2CryptoUtils - File trade_shoulder_a_ma_rare.ddj is not encrypted , flags not exists
07:15:15.670 [main] INFO org.soky.sro.pk2.io.Pk2IOTest - Consuming 4244 byte(s) from file trade_shoulder_a_ma_rare.ddj with size 4244 
07:15:15.670 [main] DEBUG org.sokybot.pk2.Pk2CryptoUtils - File trade_shoulder_a_pa.ddj is not encrypted , flags not exists
07:15:15.670 [main] INFO org.soky.sro.pk2.io.Pk2IOTest - Consuming 4244 byte(s) from file trade_shoulder_a_pa.ddj with size 4244 
07:15:15.670 [main] DEBUG org.sokybot.pk2.Pk2CryptoUtils - File trade_shoulder_a_pa_magic.ddj is not encrypted , flags not exists
07:15:15.671 [main] INFO org.soky.sro.pk2.io.Pk2IOTest - Consuming 4244 byte(s) from file trade_shoulder_a_pa_magic.ddj with size 4244 
07:15:15.671 [main] DEBUG org.sokybot.pk2.Pk2CryptoUtils - File trade_shoulder_a_pa_rare.ddj is not encrypted , flags not exists
07:15:15.671 [main] INFO org.soky.sro.pk2.io.Pk2IOTest - Consuming 4244 byte(s) from file trade_shoulder_a_pa_rare.ddj with size 4244 
07:15:15.671 [main] DEBUG org.sokybot.pk2.Pk2CryptoUtils - File trade_shoulder_b.ddj is not encrypted , flags not exists
07:15:15.671 [main] INFO org.soky.sro.pk2.io.Pk2IOTest - Consuming 4244 byte(s) from file trade_shoulder_b.ddj with size 4244 
07:15:15.671 [main] DEBUG org.sokybot.pk2.Pk2CryptoUtils - File trade_shoulder_b_da.ddj is not encrypted , flags not exists
07:15:15.671 [main] INFO org.soky.sro.pk2.io.Pk2IOTest - Consuming 4244 byte(s) from file trade_shoulder_b_da.ddj with size 4244 
07:15:15.672 [main] DEBUG org.sokybot.pk2.Pk2CryptoUtils - File trade_shoulder_b_da_magic.ddj is not encrypted , flags not exists
07:15:15.672 [main] INFO org.soky.sro.pk2.io.Pk2IOTest - Consuming 4244 byte(s) from file trade_shoulder_b_da_magic.ddj with size 4244 
07:15:15.672 [main] DEBUG org.sokybot.pk2.Pk2CryptoUtils - File trade_shoulder_b_da_rare.ddj is not encrypted , flags not exists
07:15:15.672 [main] INFO org.soky.sro.pk2.io.Pk2IOTest - Consuming 4244 byte(s) from file trade_shoulder_b_da_rare.ddj with size 4244 
07:15:15.672 [main] DEBUG org.sokybot.pk2.Pk2CryptoUtils - File trade_shoulder_b_ma.ddj is not encrypted , flags not exists
07:15:15.672 [main] INFO org.soky.sro.pk2.io.Pk2IOTest - Consuming 4244 byte(s) from file trade_shoulder_b_ma.ddj with size 4244 
07:15:15.672 [main] DEBUG org.sokybot.pk2.Pk2CryptoUtils - File trade_shoulder_b_ma_magic.ddj is not encrypted , flags not exists
07:15:15.672 [main] INFO org.soky.sro.pk2.io.Pk2IOTest - Consuming 4244 byte(s) from file trade_shoulder_b_ma_magic.ddj with size 4244 
07:15:15.673 [main] DEBUG org.sokybot.pk2.Pk2CryptoUtils - File trade_shoulder_b_ma_rare.ddj is not encrypted , flags not exists
07:15:15.673 [main] INFO org.soky.sro.pk2.io.Pk2IOTest - Consuming 4244 byte(s) from file trade_shoulder_b_ma_rare.ddj with size 4244 
07:15:15.673 [main] DEBUG org.sokybot.pk2.Pk2CryptoUtils - File trade_shoulder_b_pa.ddj is not encrypted , flags not exists
07:15:15.673 [main] INFO org.soky.sro.pk2.io.Pk2IOTest - Consuming 4244 byte(s) from file trade_shoulder_b_pa.ddj with size 4244 
07:15:15.673 [main] DEBUG org.sokybot.pk2.Pk2CryptoUtils - File trade_shoulder_b_pa_magic.ddj is not encrypted , flags not exists
07:15:15.673 [main] INFO org.soky.sro.pk2.io.Pk2IOTest - Consuming 4244 byte(s) from file trade_shoulder_b_pa_magic.ddj with size 4244 
07:15:15.673 [main] DEBUG org.sokybot.pk2.Pk2CryptoUtils - File trade_shoulder_b_pa_rare.ddj is not encrypted , flags not exists
07:15:15.674 [main] INFO org.soky.sro.pk2.io.Pk2IOTest - Consuming 4244 byte(s) from file trade_shoulder_b_pa_rare.ddj with size 4244 
07:15:15.674 [main] DEBUG org.sokybot.pk2.Pk2CryptoUtils - File trade_shoulder_c.ddj is not encrypted , flags not exists
07:15:15.674 [main] INFO org.soky.sro.pk2.io.Pk2IOTest - Consuming 4244 byte(s) from file trade_shoulder_c.ddj with size 4244 
07:15:15.674 [main] DEBUG org.sokybot.pk2.Pk2CryptoUtils - File trade_shoulder_c_da.ddj is not encrypted , flags not exists
07:15:15.674 [main] INFO org.soky.sro.pk2.io.Pk2IOTest - Consuming 4244 byte(s) from file trade_shoulder_c_da.ddj with size 4244 
07:15:15.674 [main] DEBUG org.sokybot.pk2.Pk2CryptoUtils - File trade_shoulder_c_da_magic.ddj is not encrypted , flags not exists
07:15:15.674 [main] INFO org.soky.sro.pk2.io.Pk2IOTest - Consuming 4244 byte(s) from file trade_shoulder_c_da_magic.ddj with size 4244 
07:15:15.674 [main] DEBUG org.sokybot.pk2.Pk2CryptoUtils - File trade_shoulder_c_da_rare.ddj is not encrypted , flags not exists
07:15:15.675 [main] INFO org.soky.sro.pk2.io.Pk2IOTest - Consuming 4244 byte(s) from file trade_shoulder_c_da_rare.ddj with size 4244 
07:15:15.675 [main] DEBUG org.sokybot.pk2.Pk2CryptoUtils - File trade_shoulder_c_ma.ddj is not encrypted , flags not exists
07:15:15.675 [main] INFO org.soky.sro.pk2.io.Pk2IOTest - Consuming 4244 byte(s) from file trade_shoulder_c_ma.ddj with size 4244 
07:15:15.675 [main] DEBUG org.sokybot.pk2.Pk2CryptoUtils - File trade_shoulder_c_ma_magic.ddj is not encrypted , flags not exists
07:15:15.675 [main] INFO org.soky.sro.pk2.io.Pk2IOTest - Consuming 4244 byte(s) from file trade_shoulder_c_ma_magic.ddj with size 4244 
07:15:15.675 [main] DEBUG org.sokybot.pk2.Pk2CryptoUtils - File trade_shoulder_c_ma_rare.ddj is not encrypted , flags not exists
07:15:15.675 [main] INFO org.soky.sro.pk2.io.Pk2IOTest - Consuming 4244 byte(s) from file trade_shoulder_c_ma_rare.ddj with size 4244 
07:15:15.675 [main] DEBUG org.sokybot.pk2.Pk2CryptoUtils - File trade_shoulder_c_pa.ddj is not encrypted , flags not exists
07:15:15.675 [main] INFO org.soky.sro.pk2.io.Pk2IOTest - Consuming 4244 byte(s) from file trade_shoulder_c_pa.ddj with size 4244 
07:15:15.676 [main] DEBUG org.sokybot.pk2.Pk2CryptoUtils - File trade_shoulder_c_pa_magic.ddj is not encrypted , flags not exists
07:15:15.676 [main] INFO org.soky.sro.pk2.io.Pk2IOTest - Consuming 4244 byte(s) from file trade_shoulder_c_pa_magic.ddj with size 4244 
07:15:15.676 [main] DEBUG org.sokybot.pk2.Pk2CryptoUtils - File trade_shoulder_c_pa_rare.ddj is not encrypted , flags not exists
07:15:15.676 [main] INFO org.soky.sro.pk2.io.Pk2IOTest - Consuming 4244 byte(s) from file trade_shoulder_c_pa_rare.ddj with size 4244 
07:15:15.676 [main] DEBUG org.sokybot.pk2.Pk2CryptoUtils - File trade_shoulder_d.ddj is not encrypted , flags not exists
07:15:15.676 [main] INFO org.soky.sro.pk2.io.Pk2IOTest - Consuming 4244 byte(s) from file trade_shoulder_d.ddj with size 4244 
07:15:15.676 [main] DEBUG org.sokybot.pk2.Pk2CryptoUtils - File trade_shoulder_d_da.ddj is not encrypted , flags not exists
07:15:15.676 [main] INFO org.soky.sro.pk2.io.Pk2IOTest - Consuming 4244 byte(s) from file trade_shoulder_d_da.ddj with size 4244 
07:15:15.676 [main] DEBUG org.sokybot.pk2.Pk2CryptoUtils - File trade_shoulder_d_da_magic.ddj is not encrypted , flags not exists
07:15:15.677 [main] INFO org.soky.sro.pk2.io.Pk2IOTest - Consuming 4244 byte(s) from file trade_shoulder_d_da_magic.ddj with size 4244 
07:15:15.677 [main] DEBUG org.sokybot.pk2.Pk2CryptoUtils - File trade_shoulder_d_da_rare.ddj is not encrypted , flags not exists
07:15:15.677 [main] INFO org.soky.sro.pk2.io.Pk2IOTest - Consuming 4244 byte(s) from file trade_shoulder_d_da_rare.ddj with size 4244 
07:15:15.677 [main] DEBUG org.sokybot.pk2.Pk2CryptoUtils - File trade_shoulder_d_ma.ddj is not encrypted , flags not exists
07:15:15.677 [main] INFO org.soky.sro.pk2.io.Pk2IOTest - Consuming 4244 byte(s) from file trade_shoulder_d_ma.ddj with size 4244 
07:15:15.677 [main] DEBUG org.sokybot.pk2.Pk2CryptoUtils - File trade_shoulder_d_ma_magic.ddj is not encrypted , flags not exists
07:15:15.678 [main] INFO org.soky.sro.pk2.io.Pk2IOTest - Consuming 4244 byte(s) from file trade_shoulder_d_ma_magic.ddj with size 4244 
07:15:15.678 [main] DEBUG org.sokybot.pk2.Pk2CryptoUtils - File trade_shoulder_d_ma_rare.ddj is not encrypted , flags not exists
07:15:15.678 [main] INFO org.soky.sro.pk2.io.Pk2IOTest - Consuming 4244 byte(s) from file trade_shoulder_d_ma_rare.ddj with size 4244 
07:15:15.678 [main] DEBUG org.sokybot.pk2.Pk2CryptoUtils - File trade_shoulder_d_pa.ddj is not encrypted , flags not exists
07:15:15.678 [main] INFO org.soky.sro.pk2.io.Pk2IOTest - Consuming 4244 byte(s) from file trade_shoulder_d_pa.ddj with size 4244 
07:15:15.678 [main] DEBUG org.sokybot.pk2.Pk2CryptoUtils - File trade_shoulder_d_pa_magic.ddj is not encrypted , flags not exists
07:15:15.678 [main] INFO org.soky.sro.pk2.io.Pk2IOTest - Consuming 4244 byte(s) from file trade_shoulder_d_pa_magic.ddj with size 4244 
07:15:15.678 [main] DEBUG org.sokybot.pk2.Pk2CryptoUtils - File trade_shoulder_d_pa_rare.ddj is not encrypted , flags not exists
07:15:15.679 [main] INFO org.soky.sro.pk2.io.Pk2IOTest - Consuming 4244 byte(s) from file trade_shoulder_d_pa_rare.ddj with size 4244 
07:15:15.679 [main] DEBUG org.sokybot.pk2.Pk2CryptoUtils - File trade_shoulder_e.ddj is not encrypted , flags not exists
07:15:15.679 [main] INFO org.soky.sro.pk2.io.Pk2IOTest - Consuming 4244 byte(s) from file trade_shoulder_e.ddj with size 4244 
07:15:15.679 [main] DEBUG org.sokybot.pk2.Pk2CryptoUtils - File trade_shoulder_e_da.ddj is not encrypted , flags not exists
07:15:15.679 [main] INFO org.soky.sro.pk2.io.Pk2IOTest - Consuming 4244 byte(s) from file trade_shoulder_e_da.ddj with size 4244 
07:15:15.679 [main] DEBUG org.sokybot.pk2.Pk2CryptoUtils - File trade_shoulder_e_da_magic.ddj is not encrypted , flags not exists
07:15:15.679 [main] INFO org.soky.sro.pk2.io.Pk2IOTest - Consuming 4244 byte(s) from file trade_shoulder_e_da_magic.ddj with size 4244 
07:15:15.679 [main] DEBUG org.sokybot.pk2.Pk2CryptoUtils - File trade_shoulder_e_da_rare.ddj is not encrypted , flags not exists
07:15:15.680 [main] INFO org.soky.sro.pk2.io.Pk2IOTest - Consuming 4244 byte(s) from file trade_shoulder_e_da_rare.ddj with size 4244 
07:15:15.680 [main] DEBUG org.sokybot.pk2.Pk2CryptoUtils - File trade_shoulder_e_ma.ddj is not encrypted , flags not exists
07:15:15.680 [main] INFO org.soky.sro.pk2.io.Pk2IOTest - Consuming 4244 byte(s) from file trade_shoulder_e_ma.ddj with size 4244 
07:15:15.680 [main] DEBUG org.sokybot.pk2.Pk2CryptoUtils - File trade_shoulder_e_ma_magic.ddj is not encrypted , flags not exists
07:15:15.681 [main] INFO org.soky.sro.pk2.io.Pk2IOTest - Consuming 4244 byte(s) from file trade_shoulder_e_ma_magic.ddj with size 4244 
07:15:15.681 [main] DEBUG org.sokybot.pk2.Pk2CryptoUtils - File trade_shoulder_e_ma_rare.ddj is not encrypted , flags not exists
07:15:15.681 [main] INFO org.soky.sro.pk2.io.Pk2IOTest - Consuming 4244 byte(s) from file trade_shoulder_e_ma_rare.ddj with size 4244 
07:15:15.681 [main] DEBUG org.sokybot.pk2.Pk2CryptoUtils - File trade_shoulder_e_pa.ddj is not encrypted , flags not exists
07:15:15.681 [main] INFO org.soky.sro.pk2.io.Pk2IOTest - Consuming 4244 byte(s) from file trade_shoulder_e_pa.ddj with size 4244 
07:15:15.681 [main] DEBUG org.sokybot.pk2.Pk2CryptoUtils - File trade_shoulder_e_pa_magic.ddj is not encrypted , flags not exists
07:15:15.682 [main] INFO org.soky.sro.pk2.io.Pk2IOTest - Consuming 4244 byte(s) from file trade_shoulder_e_pa_magic.ddj with size 4244 
07:15:15.682 [main] DEBUG org.sokybot.pk2.Pk2CryptoUtils - File trade_shoulder_e_pa_rare.ddj is not encrypted , flags not exists
07:15:15.682 [main] INFO org.soky.sro.pk2.io.Pk2IOTest - Consuming 4244 byte(s) from file trade_shoulder_e_pa_rare.ddj with size 4244 
07:15:15.682 [main] DEBUG org.sokybot.pk2.Pk2CryptoUtils - File trade_weapon_a.ddj is not encrypted , flags not exists
07:15:15.682 [main] INFO org.soky.sro.pk2.io.Pk2IOTest - Consuming 4244 byte(s) from file trade_weapon_a.ddj with size 4244 
07:15:15.682 [main] DEBUG org.sokybot.pk2.Pk2CryptoUtils - File trade_weapon_a_da.ddj is not encrypted , flags not exists
07:15:15.683 [main] INFO org.soky.sro.pk2.io.Pk2IOTest - Consuming 4244 byte(s) from file trade_weapon_a_da.ddj with size 4244 
07:15:15.683 [main] DEBUG org.sokybot.pk2.Pk2CryptoUtils - File trade_weapon_a_da_magic.ddj is not encrypted , flags not exists
07:15:15.683 [main] INFO org.soky.sro.pk2.io.Pk2IOTest - Consuming 4244 byte(s) from file trade_weapon_a_da_magic.ddj with size 4244 
07:15:15.683 [main] DEBUG org.sokybot.pk2.Pk2CryptoUtils - File trade_weapon_a_da_rare.ddj is not encrypted , flags not exists
07:15:15.683 [main] INFO org.soky.sro.pk2.io.Pk2IOTest - Consuming 4244 byte(s) from file trade_weapon_a_da_rare.ddj with size 4244 
07:15:15.683 [main] DEBUG org.sokybot.pk2.Pk2CryptoUtils - File trade_weapon_a_ma.ddj is not encrypted , flags not exists
07:15:15.684 [main] INFO org.soky.sro.pk2.io.Pk2IOTest - Consuming 4244 byte(s) from file trade_weapon_a_ma.ddj with size 4244 
07:15:15.684 [main] DEBUG org.sokybot.pk2.Pk2CryptoUtils - File trade_weapon_a_ma_magic.ddj is not encrypted , flags not exists
07:15:15.684 [main] INFO org.soky.sro.pk2.io.Pk2IOTest - Consuming 4244 byte(s) from file trade_weapon_a_ma_magic.ddj with size 4244 
07:15:15.684 [main] DEBUG org.sokybot.pk2.Pk2CryptoUtils - File trade_weapon_a_ma_rare.ddj is not encrypted , flags not exists
07:15:15.684 [main] INFO org.soky.sro.pk2.io.Pk2IOTest - Consuming 4244 byte(s) from file trade_weapon_a_ma_rare.ddj with size 4244 
07:15:15.684 [main] DEBUG org.sokybot.pk2.Pk2CryptoUtils - File trade_weapon_a_pa.ddj is not encrypted , flags not exists
07:15:15.684 [main] INFO org.soky.sro.pk2.io.Pk2IOTest - Consuming 4244 byte(s) from file trade_weapon_a_pa.ddj with size 4244 
07:15:15.685 [main] DEBUG org.sokybot.pk2.Pk2CryptoUtils - File trade_weapon_a_pa_magic.ddj is not encrypted , flags not exists
07:15:15.685 [main] INFO org.soky.sro.pk2.io.Pk2IOTest - Consuming 4244 byte(s) from file trade_weapon_a_pa_magic.ddj with size 4244 
07:15:15.685 [main] DEBUG org.sokybot.pk2.Pk2CryptoUtils - File trade_weapon_a_pa_rare.ddj is not encrypted , flags not exists
07:15:15.685 [main] INFO org.soky.sro.pk2.io.Pk2IOTest - Consuming 4244 byte(s) from file trade_weapon_a_pa_rare.ddj with size 4244 
07:15:15.685 [main] DEBUG org.sokybot.pk2.Pk2CryptoUtils - File trade_weapon_b.ddj is not encrypted , flags not exists
07:15:15.686 [main] INFO org.soky.sro.pk2.io.Pk2IOTest - Consuming 4244 byte(s) from file trade_weapon_b.ddj with size 4244 
07:15:15.686 [main] DEBUG org.sokybot.pk2.Pk2CryptoUtils - File trade_weapon_b_da.ddj is not encrypted , flags not exists
07:15:15.686 [main] INFO org.soky.sro.pk2.io.Pk2IOTest - Consuming 4244 byte(s) from file trade_weapon_b_da.ddj with size 4244 
07:15:15.686 [main] DEBUG org.sokybot.pk2.Pk2CryptoUtils - File trade_weapon_b_da_magic.ddj is not encrypted , flags not exists
07:15:15.686 [main] INFO org.soky.sro.pk2.io.Pk2IOTest - Consuming 4244 byte(s) from file trade_weapon_b_da_magic.ddj with size 4244 
07:15:15.686 [main] DEBUG org.sokybot.pk2.Pk2CryptoUtils - File trade_weapon_b_da_rare.ddj is not encrypted , flags not exists
07:15:15.686 [main] INFO org.soky.sro.pk2.io.Pk2IOTest - Consuming 4244 byte(s) from file trade_weapon_b_da_rare.ddj with size 4244 
07:15:15.687 [main] DEBUG org.sokybot.pk2.Pk2CryptoUtils - File trade_weapon_b_ma.ddj is not encrypted , flags not exists
07:15:15.687 [main] INFO org.soky.sro.pk2.io.Pk2IOTest - Consuming 4244 byte(s) from file trade_weapon_b_ma.ddj with size 4244 
07:15:15.687 [main] DEBUG org.sokybot.pk2.Pk2CryptoUtils - File trade_weapon_b_ma_magic.ddj is not encrypted , flags not exists
07:15:15.687 [main] INFO org.soky.sro.pk2.io.Pk2IOTest - Consuming 4244 byte(s) from file trade_weapon_b_ma_magic.ddj with size 4244 
07:15:15.687 [main] DEBUG org.sokybot.pk2.Pk2CryptoUtils - File trade_weapon_b_ma_rare.ddj is not encrypted , flags not exists
07:15:15.687 [main] INFO org.soky.sro.pk2.io.Pk2IOTest - Consuming 4244 byte(s) from file trade_weapon_b_ma_rare.ddj with size 4244 
07:15:15.688 [main] DEBUG org.sokybot.pk2.Pk2CryptoUtils - File trade_weapon_b_pa.ddj is not encrypted , flags not exists
07:15:15.688 [main] INFO org.soky.sro.pk2.io.Pk2IOTest - Consuming 4244 byte(s) from file trade_weapon_b_pa.ddj with size 4244 
07:15:15.688 [main] DEBUG org.sokybot.pk2.Pk2CryptoUtils - File trade_weapon_b_pa_magic.ddj is not encrypted , flags not exists
07:15:15.688 [main] INFO org.soky.sro.pk2.io.Pk2IOTest - Consuming 4244 byte(s) from file trade_weapon_b_pa_magic.ddj with size 4244 
07:15:15.688 [main] DEBUG org.sokybot.pk2.Pk2CryptoUtils - File trade_weapon_b_pa_rare.ddj is not encrypted , flags not exists
07:15:15.688 [main] INFO org.soky.sro.pk2.io.Pk2IOTest - Consuming 4244 byte(s) from file trade_weapon_b_pa_rare.ddj with size 4244 
07:15:15.688 [main] DEBUG org.sokybot.pk2.Pk2CryptoUtils - File trade_weapon_c.ddj is not encrypted , flags not exists
07:15:15.689 [main] INFO org.soky.sro.pk2.io.Pk2IOTest - Consuming 4244 byte(s) from file trade_weapon_c.ddj with size 4244 
07:15:15.689 [main] DEBUG org.sokybot.pk2.Pk2CryptoUtils - File trade_weapon_c_da.ddj is not encrypted , flags not exists
07:15:15.689 [main] INFO org.soky.sro.pk2.io.Pk2IOTest - Consuming 4244 byte(s) from file trade_weapon_c_da.ddj with size 4244 
07:15:15.689 [main] DEBUG org.sokybot.pk2.Pk2CryptoUtils - File trade_weapon_c_da_magic.ddj is not encrypted , flags not exists
07:15:15.689 [main] INFO org.soky.sro.pk2.io.Pk2IOTest - Consuming 4244 byte(s) from file trade_weapon_c_da_magic.ddj with size 4244 
07:15:15.689 [main] DEBUG org.sokybot.pk2.Pk2CryptoUtils - File trade_weapon_c_da_rare.ddj is not encrypted , flags not exists
07:15:15.690 [main] INFO org.soky.sro.pk2.io.Pk2IOTest - Consuming 4244 byte(s) from file trade_weapon_c_da_rare.ddj with size 4244 
07:15:15.690 [main] DEBUG org.sokybot.pk2.Pk2CryptoUtils - File trade_weapon_c_ma.ddj is not encrypted , flags not exists
07:15:15.690 [main] INFO org.soky.sro.pk2.io.Pk2IOTest - Consuming 4244 byte(s) from file trade_weapon_c_ma.ddj with size 4244 
07:15:15.690 [main] DEBUG org.sokybot.pk2.Pk2CryptoUtils - File trade_weapon_c_ma_magic.ddj is not encrypted , flags not exists
07:15:15.690 [main] INFO org.soky.sro.pk2.io.Pk2IOTest - Consuming 4244 byte(s) from file trade_weapon_c_ma_magic.ddj with size 4244 
07:15:15.691 [main] DEBUG org.sokybot.pk2.Pk2CryptoUtils - File trade_weapon_c_ma_rare.ddj is not encrypted , flags not exists
07:15:15.691 [main] INFO org.soky.sro.pk2.io.Pk2IOTest - Consuming 4244 byte(s) from file trade_weapon_c_ma_rare.ddj with size 4244 
07:15:15.691 [main] DEBUG org.sokybot.pk2.Pk2CryptoUtils - File trade_weapon_c_pa.ddj is not encrypted , flags not exists
07:15:15.691 [main] INFO org.soky.sro.pk2.io.Pk2IOTest - Consuming 4244 byte(s) from file trade_weapon_c_pa.ddj with size 4244 
07:15:15.691 [main] DEBUG org.sokybot.pk2.Pk2CryptoUtils - File trade_weapon_c_pa_magic.ddj is not encrypted , flags not exists
07:15:15.691 [main] INFO org.soky.sro.pk2.io.Pk2IOTest - Consuming 4244 byte(s) from file trade_weapon_c_pa_magic.ddj with size 4244 
07:15:15.691 [main] DEBUG org.sokybot.pk2.Pk2CryptoUtils - File trade_weapon_c_pa_rare.ddj is not encrypted , flags not exists
07:15:15.691 [main] INFO org.soky.sro.pk2.io.Pk2IOTest - Consuming 4244 byte(s) from file trade_weapon_c_pa_rare.ddj with size 4244 
07:15:15.692 [main] DEBUG org.sokybot.pk2.Pk2CryptoUtils - File trade_weapon_d.ddj is not encrypted , flags not exists
07:15:15.692 [main] INFO org.soky.sro.pk2.io.Pk2IOTest - Consuming 4244 byte(s) from file trade_weapon_d.ddj with size 4244 
07:15:15.692 [main] DEBUG org.sokybot.pk2.Pk2CryptoUtils - File trade_weapon_d_da.ddj is not encrypted , flags not exists
07:15:15.692 [main] INFO org.soky.sro.pk2.io.Pk2IOTest - Consuming 4244 byte(s) from file trade_weapon_d_da.ddj with size 4244 
07:15:15.692 [main] DEBUG org.sokybot.pk2.Pk2CryptoUtils - File trade_weapon_d_da_magic.ddj is not encrypted , flags not exists
07:15:15.692 [main] INFO org.soky.sro.pk2.io.Pk2IOTest - Consuming 4244 byte(s) from file trade_weapon_d_da_magic.ddj with size 4244 
07:15:15.692 [main] DEBUG org.sokybot.pk2.Pk2CryptoUtils - File trade_weapon_d_da_rare.ddj is not encrypted , flags not exists
07:15:15.693 [main] INFO org.soky.sro.pk2.io.Pk2IOTest - Consuming 4244 byte(s) from file trade_weapon_d_da_rare.ddj with size 4244 
07:15:15.693 [main] DEBUG org.sokybot.pk2.Pk2CryptoUtils - File trade_weapon_d_ma.ddj is not encrypted , flags not exists
07:15:15.693 [main] INFO org.soky.sro.pk2.io.Pk2IOTest - Consuming 4244 byte(s) from file trade_weapon_d_ma.ddj with size 4244 
07:15:15.693 [main] DEBUG org.sokybot.pk2.Pk2CryptoUtils - File trade_weapon_d_ma_magi.ddj is not encrypted , flags not exists
07:15:15.693 [main] INFO org.soky.sro.pk2.io.Pk2IOTest - Consuming 4244 byte(s) from file trade_weapon_d_ma_magi.ddj with size 4244 
07:15:15.693 [main] DEBUG org.sokybot.pk2.Pk2CryptoUtils - File trade_weapon_d_ma_magic.ddj is not encrypted , flags not exists
07:15:15.693 [main] INFO org.soky.sro.pk2.io.Pk2IOTest - Consuming 4244 byte(s) from file trade_weapon_d_ma_magic.ddj with size 4244 
07:15:15.693 [main] DEBUG org.sokybot.pk2.Pk2CryptoUtils - File trade_weapon_d_ma_rare.ddj is not encrypted , flags not exists
07:15:15.694 [main] INFO org.soky.sro.pk2.io.Pk2IOTest - Consuming 4244 byte(s) from file trade_weapon_d_ma_rare.ddj with size 4244 
07:15:15.694 [main] DEBUG org.sokybot.pk2.Pk2CryptoUtils - File trade_weapon_d_pa.ddj is not encrypted , flags not exists
07:15:15.694 [main] INFO org.soky.sro.pk2.io.Pk2IOTest - Consuming 4244 byte(s) from file trade_weapon_d_pa.ddj with size 4244 
07:15:15.694 [main] DEBUG org.sokybot.pk2.Pk2CryptoUtils - File trade_weapon_d_pa_magic.ddj is not encrypted , flags not exists
07:15:15.694 [main] INFO org.soky.sro.pk2.io.Pk2IOTest - Consuming 4244 byte(s) from file trade_weapon_d_pa_magic.ddj with size 4244 
07:15:15.694 [main] DEBUG org.sokybot.pk2.Pk2CryptoUtils - File trade_weapon_d_pa_rare.ddj is not encrypted , flags not exists
07:15:15.694 [main] INFO org.soky.sro.pk2.io.Pk2IOTest - Consuming 4244 byte(s) from file trade_weapon_d_pa_rare.ddj with size 4244 
07:15:15.694 [main] DEBUG org.sokybot.pk2.Pk2CryptoUtils - File trade_weapon_e.ddj is not encrypted , flags not exists
07:15:15.694 [main] INFO org.soky.sro.pk2.io.Pk2IOTest - Consuming 4244 byte(s) from file trade_weapon_e.ddj with size 4244 
07:15:15.695 [main] DEBUG org.sokybot.pk2.Pk2CryptoUtils - File trade_weapon_e_da.ddj is not encrypted , flags not exists
07:15:15.695 [main] INFO org.soky.sro.pk2.io.Pk2IOTest - Consuming 4244 byte(s) from file trade_weapon_e_da.ddj with size 4244 
07:15:15.695 [main] DEBUG org.sokybot.pk2.Pk2CryptoUtils - File trade_weapon_e_da_magic.ddj is not encrypted , flags not exists
07:15:15.695 [main] INFO org.soky.sro.pk2.io.Pk2IOTest - Consuming 4244 byte(s) from file trade_weapon_e_da_magic.ddj with size 4244 
07:15:15.695 [main] DEBUG org.sokybot.pk2.Pk2CryptoUtils - File trade_weapon_e_da_rare.ddj is not encrypted , flags not exists
07:15:15.695 [main] INFO org.soky.sro.pk2.io.Pk2IOTest - Consuming 4244 byte(s) from file trade_weapon_e_da_rare.ddj with size 4244 
07:15:15.695 [main] DEBUG org.sokybot.pk2.Pk2CryptoUtils - File trade_weapon_e_ma.ddj is not encrypted , flags not exists
07:15:15.695 [main] INFO org.soky.sro.pk2.io.Pk2IOTest - Consuming 4244 byte(s) from file trade_weapon_e_ma.ddj with size 4244 
07:15:15.695 [main] DEBUG org.sokybot.pk2.Pk2CryptoUtils - File trade_weapon_e_ma_magic.ddj is not encrypted , flags not exists
07:15:15.695 [main] INFO org.soky.sro.pk2.io.Pk2IOTest - Consuming 4244 byte(s) from file trade_weapon_e_ma_magic.ddj with size 4244 
07:15:15.696 [main] DEBUG org.sokybot.pk2.Pk2CryptoUtils - File trade_weapon_e_ma_rare.ddj is not encrypted , flags not exists
07:15:15.696 [main] INFO org.soky.sro.pk2.io.Pk2IOTest - Consuming 4244 byte(s) from file trade_weapon_e_ma_rare.ddj with size 4244 
07:15:15.696 [main] DEBUG org.sokybot.pk2.Pk2CryptoUtils - File trade_weapon_e_pa.ddj is not encrypted , flags not exists
07:15:15.696 [main] INFO org.soky.sro.pk2.io.Pk2IOTest - Consuming 4244 byte(s) from file trade_weapon_e_pa.ddj with size 4244 
07:15:15.696 [main] DEBUG org.sokybot.pk2.Pk2CryptoUtils - File trade_weapon_e_pa_magic.ddj is not encrypted , flags not exists
07:15:15.696 [main] INFO org.soky.sro.pk2.io.Pk2IOTest - Consuming 4244 byte(s) from file trade_weapon_e_pa_magic.ddj with size 4244 
07:15:15.696 [main] DEBUG org.sokybot.pk2.Pk2CryptoUtils - File trade_weapon_e_pa_rare.ddj is not encrypted , flags not exists
07:15:15.696 [main] INFO org.soky.sro.pk2.io.Pk2IOTest - Consuming 4244 byte(s) from file trade_weapon_e_pa_rare.ddj with size 4244 
07:15:15.696 [main] DEBUG org.sokybot.pk2.Pk2CryptoUtils - File trade_armor_a.ddj is not encrypted , flags not exists
07:15:15.696 [main] INFO org.soky.sro.pk2.io.Pk2IOTest - Consuming 4244 byte(s) from file trade_armor_a.ddj with size 4244 
07:15:15.697 [main] DEBUG org.sokybot.pk2.Pk2CryptoUtils - File trade_armor_a_da.ddj is not encrypted , flags not exists
07:15:15.697 [main] INFO org.soky.sro.pk2.io.Pk2IOTest - Consuming 4244 byte(s) from file trade_armor_a_da.ddj with size 4244 
07:15:15.697 [main] DEBUG org.sokybot.pk2.Pk2CryptoUtils - File trade_armor_a_da_magic.ddj is not encrypted , flags not exists
07:15:15.697 [main] INFO org.soky.sro.pk2.io.Pk2IOTest - Consuming 4244 byte(s) from file trade_armor_a_da_magic.ddj with size 4244 
07:15:15.697 [main] DEBUG org.sokybot.pk2.Pk2CryptoUtils - File trade_armor_a_da_rare.ddj is not encrypted , flags not exists
07:15:15.697 [main] INFO org.soky.sro.pk2.io.Pk2IOTest - Consuming 4244 byte(s) from file trade_armor_a_da_rare.ddj with size 4244 
07:15:15.697 [main] DEBUG org.sokybot.pk2.Pk2CryptoUtils - File trade_armor_a_ma.ddj is not encrypted , flags not exists
07:15:15.697 [main] INFO org.soky.sro.pk2.io.Pk2IOTest - Consuming 4244 byte(s) from file trade_armor_a_ma.ddj with size 4244 
07:15:15.697 [main] DEBUG org.sokybot.pk2.Pk2CryptoUtils - File trade_armor_a_ma_magic.ddj is not encrypted , flags not exists
07:15:15.697 [main] INFO org.soky.sro.pk2.io.Pk2IOTest - Consuming 4244 byte(s) from file trade_armor_a_ma_magic.ddj with size 4244 
07:15:15.697 [main] DEBUG org.sokybot.pk2.Pk2CryptoUtils - File trade_armor_a_ma_rare.ddj is not encrypted , flags not exists
07:15:15.698 [main] INFO org.soky.sro.pk2.io.Pk2IOTest - Consuming 4244 byte(s) from file trade_armor_a_ma_rare.ddj with size 4244 
07:15:15.698 [main] DEBUG org.sokybot.pk2.Pk2CryptoUtils - File trade_armor_a_pa.ddj is not encrypted , flags not exists
07:15:15.698 [main] INFO org.soky.sro.pk2.io.Pk2IOTest - Consuming 4244 byte(s) from file trade_armor_a_pa.ddj with size 4244 
07:15:15.698 [main] DEBUG org.sokybot.pk2.Pk2CryptoUtils - File trade_armor_a_pa_magic.ddj is not encrypted , flags not exists
07:15:15.698 [main] INFO org.soky.sro.pk2.io.Pk2IOTest - Consuming 4244 byte(s) from file trade_armor_a_pa_magic.ddj with size 4244 
07:15:15.698 [main] DEBUG org.sokybot.pk2.Pk2CryptoUtils - File trade_armor_a_pa_rare.ddj is not encrypted , flags not exists
07:15:15.698 [main] INFO org.soky.sro.pk2.io.Pk2IOTest - Consuming 4244 byte(s) from file trade_armor_a_pa_rare.ddj with size 4244 
07:15:15.698 [main] DEBUG org.sokybot.pk2.Pk2CryptoUtils - File trade_armor_b.ddj is not encrypted , flags not exists
07:15:15.698 [main] INFO org.soky.sro.pk2.io.Pk2IOTest - Consuming 4244 byte(s) from file trade_armor_b.ddj with size 4244 
07:15:15.698 [main] DEBUG org.sokybot.pk2.Pk2CryptoUtils - File trade_armor_b_da.ddj is not encrypted , flags not exists
07:15:15.698 [main] INFO org.soky.sro.pk2.io.Pk2IOTest - Consuming 4244 byte(s) from file trade_armor_b_da.ddj with size 4244 
07:15:15.699 [main] DEBUG org.sokybot.pk2.Pk2CryptoUtils - File trade_armor_b_da_magic.ddj is not encrypted , flags not exists
07:15:15.699 [main] INFO org.soky.sro.pk2.io.Pk2IOTest - Consuming 4244 byte(s) from file trade_armor_b_da_magic.ddj with size 4244 
07:15:15.699 [main] DEBUG org.sokybot.pk2.Pk2CryptoUtils - File trade_armor_b_da_rare.ddj is not encrypted , flags not exists
07:15:15.699 [main] INFO org.soky.sro.pk2.io.Pk2IOTest - Consuming 4244 byte(s) from file trade_armor_b_da_rare.ddj with size 4244 
07:15:15.699 [main] DEBUG org.sokybot.pk2.Pk2CryptoUtils - File trade_armor_b_ma.ddj is not encrypted , flags not exists
07:15:15.699 [main] INFO org.soky.sro.pk2.io.Pk2IOTest - Consuming 4244 byte(s) from file trade_armor_b_ma.ddj with size 4244 
07:15:15.699 [main] DEBUG org.sokybot.pk2.Pk2CryptoUtils - File trade_armor_b_ma_magic.ddj is not encrypted , flags not exists
07:15:15.699 [main] INFO org.soky.sro.pk2.io.Pk2IOTest - Consuming 4244 byte(s) from file trade_armor_b_ma_magic.ddj with size 4244 
07:15:15.699 [main] DEBUG org.sokybot.pk2.Pk2CryptoUtils - File trade_armor_b_ma_rare.ddj is not encrypted , flags not exists
07:15:15.699 [main] INFO org.soky.sro.pk2.io.Pk2IOTest - Consuming 4244 byte(s) from file trade_armor_b_ma_rare.ddj with size 4244 
07:15:15.699 [main] DEBUG org.sokybot.pk2.Pk2CryptoUtils - File trade_armor_b_pa.ddj is not encrypted , flags not exists
07:15:15.700 [main] INFO org.soky.sro.pk2.io.Pk2IOTest - Consuming 4244 byte(s) from file trade_armor_b_pa.ddj with size 4244 
07:15:15.700 [main] DEBUG org.sokybot.pk2.Pk2CryptoUtils - File trade_armor_b_pa_magic.ddj is not encrypted , flags not exists
07:15:15.700 [main] INFO org.soky.sro.pk2.io.Pk2IOTest - Consuming 4244 byte(s) from file trade_armor_b_pa_magic.ddj with size 4244 
07:15:15.700 [main] DEBUG org.sokybot.pk2.Pk2CryptoUtils - File trade_armor_b_pa_rare.ddj is not encrypted , flags not exists
07:15:15.700 [main] INFO org.soky.sro.pk2.io.Pk2IOTest - Consuming 4244 byte(s) from file trade_armor_b_pa_rare.ddj with size 4244 
07:15:15.700 [main] DEBUG org.sokybot.pk2.Pk2CryptoUtils - File trade_armor_c.ddj is not encrypted , flags not exists
07:15:15.700 [main] INFO org.soky.sro.pk2.io.Pk2IOTest - Consuming 4244 byte(s) from file trade_armor_c.ddj with size 4244 
07:15:15.700 [main] DEBUG org.sokybot.pk2.Pk2CryptoUtils - File trade_armor_c_da.ddj is not encrypted , flags not exists
07:15:15.700 [main] INFO org.soky.sro.pk2.io.Pk2IOTest - Consuming 4244 byte(s) from file trade_armor_c_da.ddj with size 4244 
07:15:15.700 [main] DEBUG org.sokybot.pk2.Pk2CryptoUtils - File trade_armor_c_da_magic.ddj is not encrypted , flags not exists
07:15:15.700 [main] INFO org.soky.sro.pk2.io.Pk2IOTest - Consuming 4244 byte(s) from file trade_armor_c_da_magic.ddj with size 4244 
07:15:15.701 [main] DEBUG org.sokybot.pk2.Pk2CryptoUtils - File trade_armor_c_da_rare.ddj is not encrypted , flags not exists
07:15:15.701 [main] INFO org.soky.sro.pk2.io.Pk2IOTest - Consuming 4244 byte(s) from file trade_armor_c_da_rare.ddj with size 4244 
07:15:15.701 [main] DEBUG org.sokybot.pk2.Pk2CryptoUtils - File trade_armor_c_ma.ddj is not encrypted , flags not exists
07:15:15.701 [main] INFO org.soky.sro.pk2.io.Pk2IOTest - Consuming 4244 byte(s) from file trade_armor_c_ma.ddj with size 4244 
07:15:15.701 [main] DEBUG org.sokybot.pk2.Pk2CryptoUtils - File trade_armor_c_ma_magic.ddj is not encrypted , flags not exists
07:15:15.701 [main] INFO org.soky.sro.pk2.io.Pk2IOTest - Consuming 4244 byte(s) from file trade_armor_c_ma_magic.ddj with size 4244 
07:15:15.701 [main] DEBUG org.sokybot.pk2.Pk2CryptoUtils - File trade_armor_c_ma_rare.ddj is not encrypted , flags not exists
07:15:15.701 [main] INFO org.soky.sro.pk2.io.Pk2IOTest - Consuming 4244 byte(s) from file trade_armor_c_ma_rare.ddj with size 4244 
07:15:15.701 [main] DEBUG org.sokybot.pk2.Pk2CryptoUtils - File trade_armor_c_pa.ddj is not encrypted , flags not exists
07:15:15.701 [main] INFO org.soky.sro.pk2.io.Pk2IOTest - Consuming 4244 byte(s) from file trade_armor_c_pa.ddj with size 4244 
07:15:15.702 [main] DEBUG org.sokybot.pk2.Pk2CryptoUtils - File trade_armor_c_pa_magic.ddj is not encrypted , flags not exists
07:15:15.702 [main] INFO org.soky.sro.pk2.io.Pk2IOTest - Consuming 4244 byte(s) from file trade_armor_c_pa_magic.ddj with size 4244 
07:15:15.702 [main] DEBUG org.sokybot.pk2.Pk2CryptoUtils - File trade_armor_c_pa_rare.ddj is not encrypted , flags not exists
07:15:15.702 [main] INFO org.soky.sro.pk2.io.Pk2IOTest - Consuming 4244 byte(s) from file trade_armor_c_pa_rare.ddj with size 4244 
07:15:15.702 [main] DEBUG org.sokybot.pk2.Pk2CryptoUtils - File trade_armor_d.ddj is not encrypted , flags not exists
07:15:15.702 [main] INFO org.soky.sro.pk2.io.Pk2IOTest - Consuming 4244 byte(s) from file trade_armor_d.ddj with size 4244 
07:15:15.702 [main] DEBUG org.sokybot.pk2.Pk2CryptoUtils - File trade_armor_d_da.ddj is not encrypted , flags not exists
07:15:15.702 [main] INFO org.soky.sro.pk2.io.Pk2IOTest - Consuming 4244 byte(s) from file trade_armor_d_da.ddj with size 4244 
07:15:15.702 [main] DEBUG org.sokybot.pk2.Pk2CryptoUtils - File trade_armor_d_da_magic.ddj is not encrypted , flags not exists
07:15:15.702 [main] INFO org.soky.sro.pk2.io.Pk2IOTest - Consuming 4244 byte(s) from file trade_armor_d_da_magic.ddj with size 4244 
07:15:15.702 [main] DEBUG org.sokybot.pk2.Pk2CryptoUtils - File trade_armor_d_da_rare.ddj is not encrypted , flags not exists
07:15:15.702 [main] INFO org.soky.sro.pk2.io.Pk2IOTest - Consuming 4244 byte(s) from file trade_armor_d_da_rare.ddj with size 4244 
07:15:15.703 [main] DEBUG org.sokybot.pk2.Pk2CryptoUtils - File trade_armor_d_ma.ddj is not encrypted , flags not exists
07:15:15.703 [main] INFO org.soky.sro.pk2.io.Pk2IOTest - Consuming 4244 byte(s) from file trade_armor_d_ma.ddj with size 4244 
07:15:15.703 [main] DEBUG org.sokybot.pk2.Pk2CryptoUtils - File trade_armor_d_ma_magic.ddj is not encrypted , flags not exists
07:15:15.703 [main] INFO org.soky.sro.pk2.io.Pk2IOTest - Consuming 4244 byte(s) from file trade_armor_d_ma_magic.ddj with size 4244 
07:15:15.703 [main] DEBUG org.sokybot.pk2.Pk2CryptoUtils - File trade_armor_d_ma_rare.ddj is not encrypted , flags not exists
07:15:15.703 [main] INFO org.soky.sro.pk2.io.Pk2IOTest - Consuming 4244 byte(s) from file trade_armor_d_ma_rare.ddj with size 4244 
07:15:15.703 [main] DEBUG org.sokybot.pk2.Pk2CryptoUtils - File trade_armor_d_pa.ddj is not encrypted , flags not exists
07:15:15.703 [main] INFO org.soky.sro.pk2.io.Pk2IOTest - Consuming 4244 byte(s) from file trade_armor_d_pa.ddj with size 4244 
07:15:15.704 [main] DEBUG org.sokybot.pk2.Pk2CryptoUtils - File trade_armor_d_pa_magic.ddj is not encrypted , flags not exists
07:15:15.704 [main] INFO org.soky.sro.pk2.io.Pk2IOTest - Consuming 4244 byte(s) from file trade_armor_d_pa_magic.ddj with size 4244 
07:15:15.704 [main] DEBUG org.sokybot.pk2.Pk2CryptoUtils - File trade_armor_d_pa_rare.ddj is not encrypted , flags not exists
07:15:15.704 [main] INFO org.soky.sro.pk2.io.Pk2IOTest - Consuming 4244 byte(s) from file trade_armor_d_pa_rare.ddj with size 4244 
07:15:15.704 [main] DEBUG org.sokybot.pk2.Pk2CryptoUtils - File trade_armor_e.ddj is not encrypted , flags not exists
07:15:15.704 [main] INFO org.soky.sro.pk2.io.Pk2IOTest - Consuming 4244 byte(s) from file trade_armor_e.ddj with size 4244 
07:15:15.704 [main] DEBUG org.sokybot.pk2.Pk2CryptoUtils - File trade_armor_e_da.ddj is not encrypted , flags not exists
07:15:15.704 [main] INFO org.soky.sro.pk2.io.Pk2IOTest - Consuming 4244 byte(s) from file trade_armor_e_da.ddj with size 4244 
07:15:15.704 [main] DEBUG org.sokybot.pk2.Pk2CryptoUtils - File trade_armor_e_da_magic.ddj is not encrypted , flags not exists
07:15:15.704 [main] INFO org.soky.sro.pk2.io.Pk2IOTest - Consuming 4244 byte(s) from file trade_armor_e_da_magic.ddj with size 4244 
07:15:15.704 [main] DEBUG org.sokybot.pk2.Pk2CryptoUtils - File trade_armor_e_da_rare.ddj is not encrypted , flags not exists
07:15:15.705 [main] INFO org.soky.sro.pk2.io.Pk2IOTest - Consuming 4244 byte(s) from file trade_armor_e_da_rare.ddj with size 4244 
07:15:15.705 [main] DEBUG org.sokybot.pk2.Pk2CryptoUtils - File trade_armor_e_ma.ddj is not encrypted , flags not exists
07:15:15.705 [main] INFO org.soky.sro.pk2.io.Pk2IOTest - Consuming 4244 byte(s) from file trade_armor_e_ma.ddj with size 4244 
07:15:15.705 [main] DEBUG org.sokybot.pk2.Pk2CryptoUtils - File trade_armor_e_ma_magic.ddj is not encrypted , flags not exists
07:15:15.705 [main] INFO org.soky.sro.pk2.io.Pk2IOTest - Consuming 4244 byte(s) from file trade_armor_e_ma_magic.ddj with size 4244 
07:15:15.705 [main] DEBUG org.sokybot.pk2.Pk2CryptoUtils - File trade_armor_e_ma_rare.ddj is not encrypted , flags not exists
07:15:15.705 [main] INFO org.soky.sro.pk2.io.Pk2IOTest - Consuming 4244 byte(s) from file trade_armor_e_ma_rare.ddj with size 4244 
07:15:15.705 [main] DEBUG org.sokybot.pk2.Pk2CryptoUtils - File trade_armor_e_pa.ddj is not encrypted , flags not exists
07:15:15.705 [main] INFO org.soky.sro.pk2.io.Pk2IOTest - Consuming 4244 byte(s) from file trade_armor_e_pa.ddj with size 4244 
07:15:15.705 [main] DEBUG org.sokybot.pk2.Pk2CryptoUtils - File trade_armor_e_pa_magic.ddj is not encrypted , flags not exists
07:15:15.706 [main] INFO org.soky.sro.pk2.io.Pk2IOTest - Consuming 4244 byte(s) from file trade_armor_e_pa_magic.ddj with size 4244 
07:15:15.706 [main] DEBUG org.sokybot.pk2.Pk2CryptoUtils - File trade_armor_e_pa_rare.ddj is not encrypted , flags not exists
07:15:15.706 [main] INFO org.soky.sro.pk2.io.Pk2IOTest - Consuming 4244 byte(s) from file trade_armor_e_pa_rare.ddj with size 4244 
07:15:15.717 [main] DEBUG org.sokybot.pk2.Pk2CryptoUtils - File trade_earring_a.ddj is not encrypted , flags not exists
07:15:15.717 [main] INFO org.soky.sro.pk2.io.Pk2IOTest - Consuming 4244 byte(s) from file trade_earring_a.ddj with size 4244 
07:15:15.718 [main] DEBUG org.sokybot.pk2.Pk2CryptoUtils - File trade_earring_a_da.ddj is not encrypted , flags not exists
07:15:15.718 [main] INFO org.soky.sro.pk2.io.Pk2IOTest - Consuming 4244 byte(s) from file trade_earring_a_da.ddj with size 4244 
07:15:15.718 [main] DEBUG org.sokybot.pk2.Pk2CryptoUtils - File trade_earring_a_da_magic.ddj is not encrypted , flags not exists
07:15:15.718 [main] INFO org.soky.sro.pk2.io.Pk2IOTest - Consuming 4244 byte(s) from file trade_earring_a_da_magic.ddj with size 4244 
07:15:15.718 [main] DEBUG org.sokybot.pk2.Pk2CryptoUtils - File trade_earring_a_da_rare.ddj is not encrypted , flags not exists
07:15:15.718 [main] INFO org.soky.sro.pk2.io.Pk2IOTest - Consuming 4244 byte(s) from file trade_earring_a_da_rare.ddj with size 4244 
07:15:15.719 [main] DEBUG org.sokybot.pk2.Pk2CryptoUtils - File trade_earring_a_ma.ddj is not encrypted , flags not exists
07:15:15.719 [main] INFO org.soky.sro.pk2.io.Pk2IOTest - Consuming 4244 byte(s) from file trade_earring_a_ma.ddj with size 4244 
07:15:15.719 [main] DEBUG org.sokybot.pk2.Pk2CryptoUtils - File trade_earring_a_ma_magic.ddj is not encrypted , flags not exists
07:15:15.719 [main] INFO org.soky.sro.pk2.io.Pk2IOTest - Consuming 4244 byte(s) from file trade_earring_a_ma_magic.ddj with size 4244 
07:15:15.719 [main] DEBUG org.sokybot.pk2.Pk2CryptoUtils - File trade_earring_a_ma_rare.ddj is not encrypted , flags not exists
07:15:15.720 [main] INFO org.soky.sro.pk2.io.Pk2IOTest - Consuming 4244 byte(s) from file trade_earring_a_ma_rare.ddj with size 4244 
07:15:15.720 [main] DEBUG org.sokybot.pk2.Pk2CryptoUtils - File trade_earring_a_pa.ddj is not encrypted , flags not exists
07:15:15.720 [main] INFO org.soky.sro.pk2.io.Pk2IOTest - Consuming 4244 byte(s) from file trade_earring_a_pa.ddj with size 4244 
07:15:15.720 [main] DEBUG org.sokybot.pk2.Pk2CryptoUtils - File trade_earring_a_pa_magic.ddj is not encrypted , flags not exists
07:15:15.720 [main] INFO org.soky.sro.pk2.io.Pk2IOTest - Consuming 4244 byte(s) from file trade_earring_a_pa_magic.ddj with size 4244 
07:15:15.720 [main] DEBUG org.sokybot.pk2.Pk2CryptoUtils - File trade_earring_a_pa_rare.ddj is not encrypted , flags not exists
07:15:15.720 [main] INFO org.soky.sro.pk2.io.Pk2IOTest - Consuming 4244 byte(s) from file trade_earring_a_pa_rare.ddj with size 4244 
07:15:15.721 [main] DEBUG org.sokybot.pk2.Pk2CryptoUtils - File trade_earring_b.ddj is not encrypted , flags not exists
07:15:15.721 [main] INFO org.soky.sro.pk2.io.Pk2IOTest - Consuming 4244 byte(s) from file trade_earring_b.ddj with size 4244 
07:15:15.721 [main] DEBUG org.sokybot.pk2.Pk2CryptoUtils - File trade_earring_b_da.ddj is not encrypted , flags not exists
07:15:15.721 [main] INFO org.soky.sro.pk2.io.Pk2IOTest - Consuming 4244 byte(s) from file trade_earring_b_da.ddj with size 4244 
07:15:15.721 [main] DEBUG org.sokybot.pk2.Pk2CryptoUtils - File trade_earring_b_da_magic.ddj is not encrypted , flags not exists
07:15:15.721 [main] INFO org.soky.sro.pk2.io.Pk2IOTest - Consuming 4244 byte(s) from file trade_earring_b_da_magic.ddj with size 4244 
07:15:15.722 [main] DEBUG org.sokybot.pk2.Pk2CryptoUtils - File trade_earring_b_da_rare.ddj is not encrypted , flags not exists
07:15:15.722 [main] INFO org.soky.sro.pk2.io.Pk2IOTest - Consuming 4244 byte(s) from file trade_earring_b_da_rare.ddj with size 4244 
07:15:15.722 [main] DEBUG org.sokybot.pk2.Pk2CryptoUtils - File trade_earring_b_ma.ddj is not encrypted , flags not exists
07:15:15.722 [main] INFO org.soky.sro.pk2.io.Pk2IOTest - Consuming 4244 byte(s) from file trade_earring_b_ma.ddj with size 4244 
07:15:15.722 [main] DEBUG org.sokybot.pk2.Pk2CryptoUtils - File trade_earring_b_ma_magic.ddj is not encrypted , flags not exists
07:15:15.722 [main] INFO org.soky.sro.pk2.io.Pk2IOTest - Consuming 4244 byte(s) from file trade_earring_b_ma_magic.ddj with size 4244 
07:15:15.722 [main] DEBUG org.sokybot.pk2.Pk2CryptoUtils - File trade_earring_b_ma_rare.ddj is not encrypted , flags not exists
07:15:15.722 [main] INFO org.soky.sro.pk2.io.Pk2IOTest - Consuming 4244 byte(s) from file trade_earring_b_ma_rare.ddj with size 4244 
07:15:15.722 [main] DEBUG org.sokybot.pk2.Pk2CryptoUtils - File trade_earring_b_pa.ddj is not encrypted , flags not exists
07:15:15.723 [main] INFO org.soky.sro.pk2.io.Pk2IOTest - Consuming 4244 byte(s) from file trade_earring_b_pa.ddj with size 4244 
07:15:15.723 [main] DEBUG org.sokybot.pk2.Pk2CryptoUtils - File trade_earring_b_pa_magic.ddj is not encrypted , flags not exists
07:15:15.723 [main] INFO org.soky.sro.pk2.io.Pk2IOTest - Consuming 4244 byte(s) from file trade_earring_b_pa_magic.ddj with size 4244 
07:15:15.723 [main] DEBUG org.sokybot.pk2.Pk2CryptoUtils - File trade_earring_b_pa_rare.ddj is not encrypted , flags not exists
07:15:15.723 [main] INFO org.soky.sro.pk2.io.Pk2IOTest - Consuming 4244 byte(s) from file trade_earring_b_pa_rare.ddj with size 4244 
07:15:15.724 [main] DEBUG org.sokybot.pk2.Pk2CryptoUtils - File trade_earring_c.ddj is not encrypted , flags not exists
07:15:15.724 [main] INFO org.soky.sro.pk2.io.Pk2IOTest - Consuming 4244 byte(s) from file trade_earring_c.ddj with size 4244 
07:15:15.724 [main] DEBUG org.sokybot.pk2.Pk2CryptoUtils - File trade_earring_c_da.ddj is not encrypted , flags not exists
07:15:15.724 [main] INFO org.soky.sro.pk2.io.Pk2IOTest - Consuming 4244 byte(s) from file trade_earring_c_da.ddj with size 4244 
07:15:15.724 [main] DEBUG org.sokybot.pk2.Pk2CryptoUtils - File trade_earring_c_da_magic.ddj is not encrypted , flags not exists
07:15:15.724 [main] INFO org.soky.sro.pk2.io.Pk2IOTest - Consuming 4244 byte(s) from file trade_earring_c_da_magic.ddj with size 4244 
07:15:15.724 [main] DEBUG org.sokybot.pk2.Pk2CryptoUtils - File trade_earring_c_da_rare.ddj is not encrypted , flags not exists
07:15:15.724 [main] INFO org.soky.sro.pk2.io.Pk2IOTest - Consuming 4244 byte(s) from file trade_earring_c_da_rare.ddj with size 4244 
07:15:15.725 [main] DEBUG org.sokybot.pk2.Pk2CryptoUtils - File trade_earring_c_ma.ddj is not encrypted , flags not exists
07:15:15.725 [main] INFO org.soky.sro.pk2.io.Pk2IOTest - Consuming 4244 byte(s) from file trade_earring_c_ma.ddj with size 4244 
07:15:15.725 [main] DEBUG org.sokybot.pk2.Pk2CryptoUtils - File trade_earring_c_ma_magic.ddj is not encrypted , flags not exists
07:15:15.725 [main] INFO org.soky.sro.pk2.io.Pk2IOTest - Consuming 4244 byte(s) from file trade_earring_c_ma_magic.ddj with size 4244 
07:15:15.725 [main] DEBUG org.sokybot.pk2.Pk2CryptoUtils - File trade_earring_c_ma_rare.ddj is not encrypted , flags not exists
07:15:15.725 [main] INFO org.soky.sro.pk2.io.Pk2IOTest - Consuming 4244 byte(s) from file trade_earring_c_ma_rare.ddj with size 4244 
07:15:15.725 [main] DEBUG org.sokybot.pk2.Pk2CryptoUtils - File trade_earring_c_pa.ddj is not encrypted , flags not exists
07:15:15.726 [main] INFO org.soky.sro.pk2.io.Pk2IOTest - Consuming 4244 byte(s) from file trade_earring_c_pa.ddj with size 4244 
07:15:15.726 [main] DEBUG org.sokybot.pk2.Pk2CryptoUtils - File trade_earring_c_pa_magic.ddj is not encrypted , flags not exists
07:15:15.726 [main] INFO org.soky.sro.pk2.io.Pk2IOTest - Consuming 4244 byte(s) from file trade_earring_c_pa_magic.ddj with size 4244 
07:15:15.726 [main] DEBUG org.sokybot.pk2.Pk2CryptoUtils - File trade_earring_c_pa_rare.ddj is not encrypted , flags not exists
07:15:15.726 [main] INFO org.soky.sro.pk2.io.Pk2IOTest - Consuming 4244 byte(s) from file trade_earring_c_pa_rare.ddj with size 4244 
07:15:15.726 [main] DEBUG org.sokybot.pk2.Pk2CryptoUtils - File trade_earring_d.ddj is not encrypted , flags not exists
07:15:15.726 [main] INFO org.soky.sro.pk2.io.Pk2IOTest - Consuming 4244 byte(s) from file trade_earring_d.ddj with size 4244 
07:15:15.726 [main] DEBUG org.sokybot.pk2.Pk2CryptoUtils - File trade_earring_d_da.ddj is not encrypted , flags not exists
07:15:15.727 [main] INFO org.soky.sro.pk2.io.Pk2IOTest - Consuming 4244 byte(s) from file trade_earring_d_da.ddj with size 4244 
07:15:15.727 [main] DEBUG org.sokybot.pk2.Pk2CryptoUtils - File trade_earring_d_da_magic.ddj is not encrypted , flags not exists
07:15:15.727 [main] INFO org.soky.sro.pk2.io.Pk2IOTest - Consuming 4244 byte(s) from file trade_earring_d_da_magic.ddj with size 4244 
07:15:15.727 [main] DEBUG org.sokybot.pk2.Pk2CryptoUtils - File trade_earring_d_da_rare.ddj is not encrypted , flags not exists
07:15:15.727 [main] INFO org.soky.sro.pk2.io.Pk2IOTest - Consuming 4244 byte(s) from file trade_earring_d_da_rare.ddj with size 4244 
07:15:15.727 [main] DEBUG org.sokybot.pk2.Pk2CryptoUtils - File trade_earring_d_ma.ddj is not encrypted , flags not exists
07:15:15.727 [main] INFO org.soky.sro.pk2.io.Pk2IOTest - Consuming 4244 byte(s) from file trade_earring_d_ma.ddj with size 4244 
07:15:15.727 [main] DEBUG org.sokybot.pk2.Pk2CryptoUtils - File trade_earring_d_ma_magic.ddj is not encrypted , flags not exists
07:15:15.728 [main] INFO org.soky.sro.pk2.io.Pk2IOTest - Consuming 4244 byte(s) from file trade_earring_d_ma_magic.ddj with size 4244 
07:15:15.728 [main] DEBUG org.sokybot.pk2.Pk2CryptoUtils - File trade_earring_d_ma_rare.ddj is not encrypted , flags not exists
07:15:15.728 [main] INFO org.soky.sro.pk2.io.Pk2IOTest - Consuming 4244 byte(s) from file trade_earring_d_ma_rare.ddj with size 4244 
07:15:15.728 [main] DEBUG org.sokybot.pk2.Pk2CryptoUtils - File trade_earring_d_pa.ddj is not encrypted , flags not exists
07:15:15.728 [main] INFO org.soky.sro.pk2.io.Pk2IOTest - Consuming 4244 byte(s) from file trade_earring_d_pa.ddj with size 4244 
07:15:15.728 [main] DEBUG org.sokybot.pk2.Pk2CryptoUtils - File trade_earring_d_pa_magic.ddj is not encrypted , flags not exists
07:15:15.728 [main] INFO org.soky.sro.pk2.io.Pk2IOTest - Consuming 4244 byte(s) from file trade_earring_d_pa_magic.ddj with size 4244 
07:15:15.729 [main] DEBUG org.sokybot.pk2.Pk2CryptoUtils - File trade_earring_d_pa_rare.ddj is not encrypted , flags not exists
07:15:15.729 [main] INFO org.soky.sro.pk2.io.Pk2IOTest - Consuming 4244 byte(s) from file trade_earring_d_pa_rare.ddj with size 4244 
07:15:15.729 [main] DEBUG org.sokybot.pk2.Pk2CryptoUtils - File trade_earring_e.ddj is not encrypted , flags not exists
07:15:15.729 [main] INFO org.soky.sro.pk2.io.Pk2IOTest - Consuming 4244 byte(s) from file trade_earring_e.ddj with size 4244 
07:15:15.729 [main] DEBUG org.sokybot.pk2.Pk2CryptoUtils - File trade_earring_e_da.ddj is not encrypted , flags not exists
07:15:15.729 [main] INFO org.soky.sro.pk2.io.Pk2IOTest - Consuming 4244 byte(s) from file trade_earring_e_da.ddj with size 4244 
07:15:15.729 [main] DEBUG org.sokybot.pk2.Pk2CryptoUtils - File trade_earring_e_da_magic.ddj is not encrypted , flags not exists
07:15:15.729 [main] INFO org.soky.sro.pk2.io.Pk2IOTest - Consuming 4244 byte(s) from file trade_earring_e_da_magic.ddj with size 4244 
07:15:15.730 [main] DEBUG org.sokybot.pk2.Pk2CryptoUtils - File trade_earring_e_da_rare.ddj is not encrypted , flags not exists
07:15:15.730 [main] INFO org.soky.sro.pk2.io.Pk2IOTest - Consuming 4244 byte(s) from file trade_earring_e_da_rare.ddj with size 4244 
07:15:15.730 [main] DEBUG org.sokybot.pk2.Pk2CryptoUtils - File trade_earring_e_ma.ddj is not encrypted , flags not exists
07:15:15.730 [main] INFO org.soky.sro.pk2.io.Pk2IOTest - Consuming 4244 byte(s) from file trade_earring_e_ma.ddj with size 4244 
07:15:15.730 [main] DEBUG org.sokybot.pk2.Pk2CryptoUtils - File trade_earring_e_ma_magic.ddj is not encrypted , flags not exists
07:15:15.731 [main] INFO org.soky.sro.pk2.io.Pk2IOTest - Consuming 4244 byte(s) from file trade_earring_e_ma_magic.ddj with size 4244 
07:15:15.731 [main] DEBUG org.sokybot.pk2.Pk2CryptoUtils - File trade_earring_e_ma_rare.ddj is not encrypted , flags not exists
07:15:15.731 [main] INFO org.soky.sro.pk2.io.Pk2IOTest - Consuming 4244 byte(s) from file trade_earring_e_ma_rare.ddj with size 4244 
07:15:15.731 [main] DEBUG org.sokybot.pk2.Pk2CryptoUtils - File trade_earring_e_pa.ddj is not encrypted , flags not exists
07:15:15.731 [main] INFO org.soky.sro.pk2.io.Pk2IOTest - Consuming 4244 byte(s) from file trade_earring_e_pa.ddj with size 4244 
07:15:15.731 [main] DEBUG org.sokybot.pk2.Pk2CryptoUtils - File trade_earring_e_pa_magic.ddj is not encrypted , flags not exists
07:15:15.731 [main] INFO org.soky.sro.pk2.io.Pk2IOTest - Consuming 4244 byte(s) from file trade_earring_e_pa_magic.ddj with size 4244 
07:15:15.732 [main] DEBUG org.sokybot.pk2.Pk2CryptoUtils - File trade_earring_e_pa_rare.ddj is not encrypted , flags not exists
07:15:15.732 [main] INFO org.soky.sro.pk2.io.Pk2IOTest - Consuming 4244 byte(s) from file trade_earring_e_pa_rare.ddj with size 4244 
07:15:15.732 [main] DEBUG org.sokybot.pk2.Pk2CryptoUtils - File trade_glove_a.ddj is not encrypted , flags not exists
07:15:15.732 [main] INFO org.soky.sro.pk2.io.Pk2IOTest - Consuming 4244 byte(s) from file trade_glove_a.ddj with size 4244 
07:15:15.732 [main] DEBUG org.sokybot.pk2.Pk2CryptoUtils - File trade_glove_a_da.ddj is not encrypted , flags not exists
07:15:15.733 [main] INFO org.soky.sro.pk2.io.Pk2IOTest - Consuming 4244 byte(s) from file trade_glove_a_da.ddj with size 4244 
07:15:15.733 [main] DEBUG org.sokybot.pk2.Pk2CryptoUtils - File trade_glove_a_da_magic.ddj is not encrypted , flags not exists
07:15:15.733 [main] INFO org.soky.sro.pk2.io.Pk2IOTest - Consuming 4244 byte(s) from file trade_glove_a_da_magic.ddj with size 4244 
07:15:15.733 [main] DEBUG org.sokybot.pk2.Pk2CryptoUtils - File trade_glove_a_da_rare.ddj is not encrypted , flags not exists
07:15:15.733 [main] INFO org.soky.sro.pk2.io.Pk2IOTest - Consuming 4244 byte(s) from file trade_glove_a_da_rare.ddj with size 4244 
07:15:15.733 [main] DEBUG org.sokybot.pk2.Pk2CryptoUtils - File trade_glove_a_ma.ddj is not encrypted , flags not exists
07:15:15.734 [main] INFO org.soky.sro.pk2.io.Pk2IOTest - Consuming 4244 byte(s) from file trade_glove_a_ma.ddj with size 4244 
07:15:15.734 [main] DEBUG org.sokybot.pk2.Pk2CryptoUtils - File trade_glove_a_ma_magic.ddj is not encrypted , flags not exists
07:15:15.734 [main] INFO org.soky.sro.pk2.io.Pk2IOTest - Consuming 4244 byte(s) from file trade_glove_a_ma_magic.ddj with size 4244 
07:15:15.734 [main] DEBUG org.sokybot.pk2.Pk2CryptoUtils - File trade_glove_a_ma_rare.ddj is not encrypted , flags not exists
07:15:15.734 [main] INFO org.soky.sro.pk2.io.Pk2IOTest - Consuming 4244 byte(s) from file trade_glove_a_ma_rare.ddj with size 4244 
07:15:15.734 [main] DEBUG org.sokybot.pk2.Pk2CryptoUtils - File trade_glove_a_pa.ddj is not encrypted , flags not exists
07:15:15.735 [main] INFO org.soky.sro.pk2.io.Pk2IOTest - Consuming 4244 byte(s) from file trade_glove_a_pa.ddj with size 4244 
07:15:15.735 [main] DEBUG org.sokybot.pk2.Pk2CryptoUtils - File trade_glove_a_pa_magic.ddj is not encrypted , flags not exists
07:15:15.735 [main] INFO org.soky.sro.pk2.io.Pk2IOTest - Consuming 4244 byte(s) from file trade_glove_a_pa_magic.ddj with size 4244 
07:15:15.735 [main] DEBUG org.sokybot.pk2.Pk2CryptoUtils - File trade_glove_a_pa_rare.ddj is not encrypted , flags not exists
07:15:15.735 [main] INFO org.soky.sro.pk2.io.Pk2IOTest - Consuming 4244 byte(s) from file trade_glove_a_pa_rare.ddj with size 4244 
07:15:15.736 [main] DEBUG org.sokybot.pk2.Pk2CryptoUtils - File trade_glove_b.ddj is not encrypted , flags not exists
07:15:15.736 [main] INFO org.soky.sro.pk2.io.Pk2IOTest - Consuming 4244 byte(s) from file trade_glove_b.ddj with size 4244 
07:15:15.736 [main] DEBUG org.sokybot.pk2.Pk2CryptoUtils - File trade_glove_b_da.ddj is not encrypted , flags not exists
07:15:15.736 [main] INFO org.soky.sro.pk2.io.Pk2IOTest - Consuming 4244 byte(s) from file trade_glove_b_da.ddj with size 4244 
07:15:15.736 [main] DEBUG org.sokybot.pk2.Pk2CryptoUtils - File trade_glove_b_da_magic.ddj is not encrypted , flags not exists
07:15:15.736 [main] INFO org.soky.sro.pk2.io.Pk2IOTest - Consuming 4244 byte(s) from file trade_glove_b_da_magic.ddj with size 4244 
07:15:15.737 [main] DEBUG org.sokybot.pk2.Pk2CryptoUtils - File trade_glove_b_da_rare.ddj is not encrypted , flags not exists
07:15:15.737 [main] INFO org.soky.sro.pk2.io.Pk2IOTest - Consuming 4244 byte(s) from file trade_glove_b_da_rare.ddj with size 4244 
07:15:15.737 [main] DEBUG org.sokybot.pk2.Pk2CryptoUtils - File trade_glove_b_ma.ddj is not encrypted , flags not exists
07:15:15.737 [main] INFO org.soky.sro.pk2.io.Pk2IOTest - Consuming 4244 byte(s) from file trade_glove_b_ma.ddj with size 4244 
07:15:15.737 [main] DEBUG org.sokybot.pk2.Pk2CryptoUtils - File trade_glove_b_ma_magic.ddj is not encrypted , flags not exists
07:15:15.737 [main] INFO org.soky.sro.pk2.io.Pk2IOTest - Consuming 4244 byte(s) from file trade_glove_b_ma_magic.ddj with size 4244 
07:15:15.738 [main] DEBUG org.sokybot.pk2.Pk2CryptoUtils - File trade_glove_b_ma_rare.ddj is not encrypted , flags not exists
07:15:15.738 [main] INFO org.soky.sro.pk2.io.Pk2IOTest - Consuming 4244 byte(s) from file trade_glove_b_ma_rare.ddj with size 4244 
07:15:15.738 [main] DEBUG org.sokybot.pk2.Pk2CryptoUtils - File trade_glove_b_pa.ddj is not encrypted , flags not exists
07:15:15.738 [main] INFO org.soky.sro.pk2.io.Pk2IOTest - Consuming 4244 byte(s) from file trade_glove_b_pa.ddj with size 4244 
07:15:15.738 [main] DEBUG org.sokybot.pk2.Pk2CryptoUtils - File trade_glove_b_pa_magic.ddj is not encrypted , flags not exists
07:15:15.738 [main] INFO org.soky.sro.pk2.io.Pk2IOTest - Consuming 4244 byte(s) from file trade_glove_b_pa_magic.ddj with size 4244 
07:15:15.739 [main] DEBUG org.sokybot.pk2.Pk2CryptoUtils - File trade_glove_b_pa_rare.ddj is not encrypted , flags not exists
07:15:15.739 [main] INFO org.soky.sro.pk2.io.Pk2IOTest - Consuming 4244 byte(s) from file trade_glove_b_pa_rare.ddj with size 4244 
07:15:15.739 [main] DEBUG org.sokybot.pk2.Pk2CryptoUtils - File trade_glove_c.ddj is not encrypted , flags not exists
07:15:15.740 [main] INFO org.soky.sro.pk2.io.Pk2IOTest - Consuming 4244 byte(s) from file trade_glove_c.ddj with size 4244 
07:15:15.740 [main] DEBUG org.sokybot.pk2.Pk2CryptoUtils - File trade_glove_c_da.ddj is not encrypted , flags not exists
07:15:15.740 [main] INFO org.soky.sro.pk2.io.Pk2IOTest - Consuming 4244 byte(s) from file trade_glove_c_da.ddj with size 4244 
07:15:15.740 [main] DEBUG org.sokybot.pk2.Pk2CryptoUtils - File trade_glove_c_da_magic.ddj is not encrypted , flags not exists
07:15:15.740 [main] INFO org.soky.sro.pk2.io.Pk2IOTest - Consuming 4244 byte(s) from file trade_glove_c_da_magic.ddj with size 4244 
07:15:15.741 [main] DEBUG org.sokybot.pk2.Pk2CryptoUtils - File trade_glove_c_da_rare.ddj is not encrypted , flags not exists
07:15:15.741 [main] INFO org.soky.sro.pk2.io.Pk2IOTest - Consuming 4244 byte(s) from file trade_glove_c_da_rare.ddj with size 4244 
07:15:15.741 [main] DEBUG org.sokybot.pk2.Pk2CryptoUtils - File trade_glove_c_ma.ddj is not encrypted , flags not exists
07:15:15.741 [main] INFO org.soky.sro.pk2.io.Pk2IOTest - Consuming 4244 byte(s) from file trade_glove_c_ma.ddj with size 4244 
07:15:15.741 [main] DEBUG org.sokybot.pk2.Pk2CryptoUtils - File trade_glove_c_ma_magic.ddj is not encrypted , flags not exists
07:15:15.742 [main] INFO org.soky.sro.pk2.io.Pk2IOTest - Consuming 4244 byte(s) from file trade_glove_c_ma_magic.ddj with size 4244 
07:15:15.742 [main] DEBUG org.sokybot.pk2.Pk2CryptoUtils - File trade_glove_c_ma_rare.ddj is not encrypted , flags not exists
07:15:15.742 [main] INFO org.soky.sro.pk2.io.Pk2IOTest - Consuming 4244 byte(s) from file trade_glove_c_ma_rare.ddj with size 4244 
07:15:15.742 [main] DEBUG org.sokybot.pk2.Pk2CryptoUtils - File trade_glove_c_pa.ddj is not encrypted , flags not exists
07:15:15.742 [main] INFO org.soky.sro.pk2.io.Pk2IOTest - Consuming 4244 byte(s) from file trade_glove_c_pa.ddj with size 4244 
07:15:15.742 [main] DEBUG org.sokybot.pk2.Pk2CryptoUtils - File trade_glove_c_pa_magic.ddj is not encrypted , flags not exists
07:15:15.743 [main] INFO org.soky.sro.pk2.io.Pk2IOTest - Consuming 4244 byte(s) from file trade_glove_c_pa_magic.ddj with size 4244 
07:15:15.743 [main] DEBUG org.sokybot.pk2.Pk2CryptoUtils - File trade_glove_c_pa_rare.ddj is not encrypted , flags not exists
07:15:15.743 [main] INFO org.soky.sro.pk2.io.Pk2IOTest - Consuming 4244 byte(s) from file trade_glove_c_pa_rare.ddj with size 4244 
07:15:15.743 [main] DEBUG org.sokybot.pk2.Pk2CryptoUtils - File trade_glove_d.ddj is not encrypted , flags not exists
07:15:15.744 [main] INFO org.soky.sro.pk2.io.Pk2IOTest - Consuming 4244 byte(s) from file trade_glove_d.ddj with size 4244 
07:15:15.744 [main] DEBUG org.sokybot.pk2.Pk2CryptoUtils - File trade_glove_d_da.ddj is not encrypted , flags not exists
07:15:15.744 [main] INFO org.soky.sro.pk2.io.Pk2IOTest - Consuming 4244 byte(s) from file trade_glove_d_da.ddj with size 4244 
07:15:15.744 [main] DEBUG org.sokybot.pk2.Pk2CryptoUtils - File trade_glove_d_da_magic.ddj is not encrypted , flags not exists
07:15:15.744 [main] INFO org.soky.sro.pk2.io.Pk2IOTest - Consuming 4244 byte(s) from file trade_glove_d_da_magic.ddj with size 4244 
07:15:15.745 [main] DEBUG org.sokybot.pk2.Pk2CryptoUtils - File trade_glove_d_da_rare.ddj is not encrypted , flags not exists
07:15:15.745 [main] INFO org.soky.sro.pk2.io.Pk2IOTest - Consuming 4244 byte(s) from file trade_glove_d_da_rare.ddj with size 4244 
07:15:15.745 [main] DEBUG org.sokybot.pk2.Pk2CryptoUtils - File trade_glove_d_ma.ddj is not encrypted , flags not exists
07:15:15.745 [main] INFO org.soky.sro.pk2.io.Pk2IOTest - Consuming 4244 byte(s) from file trade_glove_d_ma.ddj with size 4244 
07:15:15.745 [main] DEBUG org.sokybot.pk2.Pk2CryptoUtils - File trade_glove_d_ma_magic.ddj is not encrypted , flags not exists
07:15:15.745 [main] INFO org.soky.sro.pk2.io.Pk2IOTest - Consuming 4244 byte(s) from file trade_glove_d_ma_magic.ddj with size 4244 
07:15:15.746 [main] DEBUG org.sokybot.pk2.Pk2CryptoUtils - File trade_glove_d_ma_rare.ddj is not encrypted , flags not exists
07:15:15.746 [main] INFO org.soky.sro.pk2.io.Pk2IOTest - Consuming 4244 byte(s) from file trade_glove_d_ma_rare.ddj with size 4244 
07:15:15.746 [main] DEBUG org.sokybot.pk2.Pk2CryptoUtils - File trade_glove_d_pa.ddj is not encrypted , flags not exists
07:15:15.746 [main] INFO org.soky.sro.pk2.io.Pk2IOTest - Consuming 4244 byte(s) from file trade_glove_d_pa.ddj with size 4244 
07:15:15.747 [main] DEBUG org.sokybot.pk2.Pk2CryptoUtils - File trade_glove_d_pa_magic.ddj is not encrypted , flags not exists
07:15:15.747 [main] INFO org.soky.sro.pk2.io.Pk2IOTest - Consuming 4244 byte(s) from file trade_glove_d_pa_magic.ddj with size 4244 
07:15:15.747 [main] DEBUG org.sokybot.pk2.Pk2CryptoUtils - File trade_glove_d_pa_rare.ddj is not encrypted , flags not exists
07:15:15.747 [main] INFO org.soky.sro.pk2.io.Pk2IOTest - Consuming 4244 byte(s) from file trade_glove_d_pa_rare.ddj with size 4244 
07:15:15.747 [main] DEBUG org.sokybot.pk2.Pk2CryptoUtils - File trade_glove_e.ddj is not encrypted , flags not exists
07:15:15.747 [main] INFO org.soky.sro.pk2.io.Pk2IOTest - Consuming 4244 byte(s) from file trade_glove_e.ddj with size 4244 
07:15:15.748 [main] DEBUG org.sokybot.pk2.Pk2CryptoUtils - File trade_glove_e_da.ddj is not encrypted , flags not exists
07:15:15.748 [main] INFO org.soky.sro.pk2.io.Pk2IOTest - Consuming 4244 byte(s) from file trade_glove_e_da.ddj with size 4244 
07:15:15.748 [main] DEBUG org.sokybot.pk2.Pk2CryptoUtils - File trade_glove_e_da_magic.ddj is not encrypted , flags not exists
07:15:15.748 [main] INFO org.soky.sro.pk2.io.Pk2IOTest - Consuming 4244 byte(s) from file trade_glove_e_da_magic.ddj with size 4244 
07:15:15.748 [main] DEBUG org.sokybot.pk2.Pk2CryptoUtils - File trade_glove_e_da_rare.ddj is not encrypted , flags not exists
07:15:15.748 [main] INFO org.soky.sro.pk2.io.Pk2IOTest - Consuming 4244 byte(s) from file trade_glove_e_da_rare.ddj with size 4244 
07:15:15.749 [main] DEBUG org.sokybot.pk2.Pk2CryptoUtils - File trade_glove_e_ma.ddj is not encrypted , flags not exists
07:15:15.749 [main] INFO org.soky.sro.pk2.io.Pk2IOTest - Consuming 4244 byte(s) from file trade_glove_e_ma.ddj with size 4244 
07:15:15.749 [main] DEBUG org.sokybot.pk2.Pk2CryptoUtils - File trade_glove_e_ma_magic.ddj is not encrypted , flags not exists
07:15:15.749 [main] INFO org.soky.sro.pk2.io.Pk2IOTest - Consuming 4244 byte(s) from file trade_glove_e_ma_magic.ddj with size 4244 
07:15:15.749 [main] DEBUG org.sokybot.pk2.Pk2CryptoUtils - File trade_glove_e_ma_rare.ddj is not encrypted , flags not exists
07:15:15.749 [main] INFO org.soky.sro.pk2.io.Pk2IOTest - Consuming 4244 byte(s) from file trade_glove_e_ma_rare.ddj with size 4244 
07:15:15.750 [main] DEBUG org.sokybot.pk2.Pk2CryptoUtils - File trade_glove_e_pa.ddj is not encrypted , flags not exists
07:15:15.750 [main] INFO org.soky.sro.pk2.io.Pk2IOTest - Consuming 4244 byte(s) from file trade_glove_e_pa.ddj with size 4244 
07:15:15.750 [main] DEBUG org.sokybot.pk2.Pk2CryptoUtils - File trade_glove_e_pa_magic.ddj is not encrypted , flags not exists
07:15:15.750 [main] INFO org.soky.sro.pk2.io.Pk2IOTest - Consuming 4244 byte(s) from file trade_glove_e_pa_magic.ddj with size 4244 
07:15:15.750 [main] DEBUG org.sokybot.pk2.Pk2CryptoUtils - File trade_glove_e_pa_rare.ddj is not encrypted , flags not exists
07:15:15.750 [main] INFO org.soky.sro.pk2.io.Pk2IOTest - Consuming 4244 byte(s) from file trade_glove_e_pa_rare.ddj with size 4244 
07:15:15.750 [main] DEBUG org.sokybot.pk2.Pk2CryptoUtils - File trade_hat_a.ddj is not encrypted , flags not exists
07:15:15.751 [main] INFO org.soky.sro.pk2.io.Pk2IOTest - Consuming 4244 byte(s) from file trade_hat_a.ddj with size 4244 
07:15:15.751 [main] DEBUG org.sokybot.pk2.Pk2CryptoUtils - File trade_hat_a_da.ddj is not encrypted , flags not exists
07:15:15.751 [main] INFO org.soky.sro.pk2.io.Pk2IOTest - Consuming 4244 byte(s) from file trade_hat_a_da.ddj with size 4244 
07:15:15.751 [main] DEBUG org.sokybot.pk2.Pk2CryptoUtils - File trade_hat_a_da_magic.ddj is not encrypted , flags not exists
07:15:15.751 [main] INFO org.soky.sro.pk2.io.Pk2IOTest - Consuming 4244 byte(s) from file trade_hat_a_da_magic.ddj with size 4244 
07:15:15.751 [main] DEBUG org.sokybot.pk2.Pk2CryptoUtils - File trade_hat_a_da_rare.ddj is not encrypted , flags not exists
07:15:15.751 [main] INFO org.soky.sro.pk2.io.Pk2IOTest - Consuming 4244 byte(s) from file trade_hat_a_da_rare.ddj with size 4244 
07:15:15.751 [main] DEBUG org.sokybot.pk2.Pk2CryptoUtils - File trade_hat_a_ma.ddj is not encrypted , flags not exists
07:15:15.751 [main] INFO org.soky.sro.pk2.io.Pk2IOTest - Consuming 4244 byte(s) from file trade_hat_a_ma.ddj with size 4244 
07:15:15.752 [main] DEBUG org.sokybot.pk2.Pk2CryptoUtils - File trade_hat_a_ma_magic.ddj is not encrypted , flags not exists
07:15:15.752 [main] INFO org.soky.sro.pk2.io.Pk2IOTest - Consuming 4244 byte(s) from file trade_hat_a_ma_magic.ddj with size 4244 
07:15:15.752 [main] DEBUG org.sokybot.pk2.Pk2CryptoUtils - File trade_hat_a_ma_rare.ddj is not encrypted , flags not exists
07:15:15.752 [main] INFO org.soky.sro.pk2.io.Pk2IOTest - Consuming 4244 byte(s) from file trade_hat_a_ma_rare.ddj with size 4244 
07:15:15.752 [main] DEBUG org.sokybot.pk2.Pk2CryptoUtils - File trade_hat_a_pa.ddj is not encrypted , flags not exists
07:15:15.753 [main] INFO org.soky.sro.pk2.io.Pk2IOTest - Consuming 4244 byte(s) from file trade_hat_a_pa.ddj with size 4244 
07:15:15.753 [main] DEBUG org.sokybot.pk2.Pk2CryptoUtils - File trade_hat_a_pa_magic.ddj is not encrypted , flags not exists
07:15:15.753 [main] INFO org.soky.sro.pk2.io.Pk2IOTest - Consuming 4244 byte(s) from file trade_hat_a_pa_magic.ddj with size 4244 
07:15:15.753 [main] DEBUG org.sokybot.pk2.Pk2CryptoUtils - File trade_hat_a_pa_rare.ddj is not encrypted , flags not exists
07:15:15.753 [main] INFO org.soky.sro.pk2.io.Pk2IOTest - Consuming 4244 byte(s) from file trade_hat_a_pa_rare.ddj with size 4244 
07:15:15.753 [main] DEBUG org.sokybot.pk2.Pk2CryptoUtils - File trade_hat_b.ddj is not encrypted , flags not exists
07:15:15.753 [main] INFO org.soky.sro.pk2.io.Pk2IOTest - Consuming 4244 byte(s) from file trade_hat_b.ddj with size 4244 
07:15:15.754 [main] DEBUG org.sokybot.pk2.Pk2CryptoUtils - File trade_hat_b_da.ddj is not encrypted , flags not exists
07:15:15.754 [main] INFO org.soky.sro.pk2.io.Pk2IOTest - Consuming 4244 byte(s) from file trade_hat_b_da.ddj with size 4244 
07:15:15.754 [main] DEBUG org.sokybot.pk2.Pk2CryptoUtils - File trade_hat_b_da_magic.ddj is not encrypted , flags not exists
07:15:15.754 [main] INFO org.soky.sro.pk2.io.Pk2IOTest - Consuming 4244 byte(s) from file trade_hat_b_da_magic.ddj with size 4244 
07:15:15.754 [main] DEBUG org.sokybot.pk2.Pk2CryptoUtils - File trade_hat_b_da_rare.ddj is not encrypted , flags not exists
07:15:15.754 [main] INFO org.soky.sro.pk2.io.Pk2IOTest - Consuming 4244 byte(s) from file trade_hat_b_da_rare.ddj with size 4244 
07:15:15.754 [main] DEBUG org.sokybot.pk2.Pk2CryptoUtils - File trade_hat_b_ma.ddj is not encrypted , flags not exists
07:15:15.754 [main] INFO org.soky.sro.pk2.io.Pk2IOTest - Consuming 4244 byte(s) from file trade_hat_b_ma.ddj with size 4244 
07:15:15.755 [main] DEBUG org.sokybot.pk2.Pk2CryptoUtils - File trade_hat_b_ma_magic.ddj is not encrypted , flags not exists
07:15:15.755 [main] INFO org.soky.sro.pk2.io.Pk2IOTest - Consuming 4244 byte(s) from file trade_hat_b_ma_magic.ddj with size 4244 
07:15:15.755 [main] DEBUG org.sokybot.pk2.Pk2CryptoUtils - File trade_hat_b_ma_rare.ddj is not encrypted , flags not exists
07:15:15.755 [main] INFO org.soky.sro.pk2.io.Pk2IOTest - Consuming 4244 byte(s) from file trade_hat_b_ma_rare.ddj with size 4244 
07:15:15.755 [main] DEBUG org.sokybot.pk2.Pk2CryptoUtils - File trade_hat_b_pa.ddj is not encrypted , flags not exists
07:15:15.756 [main] INFO org.soky.sro.pk2.io.Pk2IOTest - Consuming 4244 byte(s) from file trade_hat_b_pa.ddj with size 4244 
07:15:15.756 [main] DEBUG org.sokybot.pk2.Pk2CryptoUtils - File trade_hat_b_pa_magic.ddj is not encrypted , flags not exists
07:15:15.756 [main] INFO org.soky.sro.pk2.io.Pk2IOTest - Consuming 4244 byte(s) from file trade_hat_b_pa_magic.ddj with size 4244 
07:15:15.757 [main] DEBUG org.sokybot.pk2.Pk2CryptoUtils - File trade_hat_b_pa_rare.ddj is not encrypted , flags not exists
07:15:15.757 [main] INFO org.soky.sro.pk2.io.Pk2IOTest - Consuming 4244 byte(s) from file trade_hat_b_pa_rare.ddj with size 4244 
07:15:15.757 [main] DEBUG org.sokybot.pk2.Pk2CryptoUtils - File trade_hat_c.ddj is not encrypted , flags not exists
07:15:15.757 [main] INFO org.soky.sro.pk2.io.Pk2IOTest - Consuming 4244 byte(s) from file trade_hat_c.ddj with size 4244 
07:15:15.757 [main] DEBUG org.sokybot.pk2.Pk2CryptoUtils - File trade_hat_c_da.ddj is not encrypted , flags not exists
07:15:15.757 [main] INFO org.soky.sro.pk2.io.Pk2IOTest - Consuming 4244 byte(s) from file trade_hat_c_da.ddj with size 4244 
07:15:15.758 [main] DEBUG org.sokybot.pk2.Pk2CryptoUtils - File trade_hat_c_da_magic.ddj is not encrypted , flags not exists
07:15:15.758 [main] INFO org.soky.sro.pk2.io.Pk2IOTest - Consuming 4244 byte(s) from file trade_hat_c_da_magic.ddj with size 4244 
07:15:15.758 [main] DEBUG org.sokybot.pk2.Pk2CryptoUtils - File trade_hat_c_da_rare.ddj is not encrypted , flags not exists
07:15:15.758 [main] INFO org.soky.sro.pk2.io.Pk2IOTest - Consuming 4244 byte(s) from file trade_hat_c_da_rare.ddj with size 4244 
07:15:15.758 [main] DEBUG org.sokybot.pk2.Pk2CryptoUtils - File trade_hat_c_ma.ddj is not encrypted , flags not exists
07:15:15.759 [main] INFO org.soky.sro.pk2.io.Pk2IOTest - Consuming 4244 byte(s) from file trade_hat_c_ma.ddj with size 4244 
07:15:15.759 [main] DEBUG org.sokybot.pk2.Pk2CryptoUtils - File trade_hat_c_ma_magic.ddj is not encrypted , flags not exists
07:15:15.759 [main] INFO org.soky.sro.pk2.io.Pk2IOTest - Consuming 4244 byte(s) from file trade_hat_c_ma_magic.ddj with size 4244 
07:15:15.759 [main] DEBUG org.sokybot.pk2.Pk2CryptoUtils - File trade_hat_c_ma_rare.ddj is not encrypted , flags not exists
07:15:15.759 [main] INFO org.soky.sro.pk2.io.Pk2IOTest - Consuming 4244 byte(s) from file trade_hat_c_ma_rare.ddj with size 4244 
07:15:15.759 [main] DEBUG org.sokybot.pk2.Pk2CryptoUtils - File trade_hat_c_pa.ddj is not encrypted , flags not exists
07:15:15.760 [main] INFO org.soky.sro.pk2.io.Pk2IOTest - Consuming 4244 byte(s) from file trade_hat_c_pa.ddj with size 4244 
07:15:15.760 [main] DEBUG org.sokybot.pk2.Pk2CryptoUtils - File trade_hat_c_pa_magic.ddj is not encrypted , flags not exists
07:15:15.760 [main] INFO org.soky.sro.pk2.io.Pk2IOTest - Consuming 4244 byte(s) from file trade_hat_c_pa_magic.ddj with size 4244 
07:15:15.760 [main] DEBUG org.sokybot.pk2.Pk2CryptoUtils - File trade_hat_c_pa_rare.ddj is not encrypted , flags not exists
07:15:15.760 [main] INFO org.soky.sro.pk2.io.Pk2IOTest - Consuming 4244 byte(s) from file trade_hat_c_pa_rare.ddj with size 4244 
07:15:15.760 [main] DEBUG org.sokybot.pk2.Pk2CryptoUtils - File trade_hat_d.ddj is not encrypted , flags not exists
07:15:15.761 [main] INFO org.soky.sro.pk2.io.Pk2IOTest - Consuming 4244 byte(s) from file trade_hat_d.ddj with size 4244 
07:15:15.761 [main] DEBUG org.sokybot.pk2.Pk2CryptoUtils - File trade_hat_d_da.ddj is not encrypted , flags not exists
07:15:15.761 [main] INFO org.soky.sro.pk2.io.Pk2IOTest - Consuming 4244 byte(s) from file trade_hat_d_da.ddj with size 4244 
07:15:15.761 [main] DEBUG org.sokybot.pk2.Pk2CryptoUtils - File trade_hat_d_da_magic.ddj is not encrypted , flags not exists
07:15:15.761 [main] INFO org.soky.sro.pk2.io.Pk2IOTest - Consuming 4244 byte(s) from file trade_hat_d_da_magic.ddj with size 4244 
07:15:15.762 [main] DEBUG org.sokybot.pk2.Pk2CryptoUtils - File trade_hat_d_da_rare.ddj is not encrypted , flags not exists
07:15:15.762 [main] INFO org.soky.sro.pk2.io.Pk2IOTest - Consuming 4244 byte(s) from file trade_hat_d_da_rare.ddj with size 4244 
07:15:15.762 [main] DEBUG org.sokybot.pk2.Pk2CryptoUtils - File trade_hat_d_ma.ddj is not encrypted , flags not exists
07:15:15.762 [main] INFO org.soky.sro.pk2.io.Pk2IOTest - Consuming 4244 byte(s) from file trade_hat_d_ma.ddj with size 4244 
07:15:15.762 [main] DEBUG org.sokybot.pk2.Pk2CryptoUtils - File trade_hat_d_ma_magic.ddj is not encrypted , flags not exists
07:15:15.762 [main] INFO org.soky.sro.pk2.io.Pk2IOTest - Consuming 4244 byte(s) from file trade_hat_d_ma_magic.ddj with size 4244 
07:15:15.763 [main] DEBUG org.sokybot.pk2.Pk2CryptoUtils - File trade_hat_d_ma_rare.ddj is not encrypted , flags not exists
07:15:15.763 [main] INFO org.soky.sro.pk2.io.Pk2IOTest - Consuming 4244 byte(s) from file trade_hat_d_ma_rare.ddj with size 4244 
07:15:15.763 [main] DEBUG org.sokybot.pk2.Pk2CryptoUtils - File trade_hat_d_pa.ddj is not encrypted , flags not exists
07:15:15.763 [main] INFO org.soky.sro.pk2.io.Pk2IOTest - Consuming 4244 byte(s) from file trade_hat_d_pa.ddj with size 4244 
07:15:15.763 [main] DEBUG org.sokybot.pk2.Pk2CryptoUtils - File trade_hat_d_pa_magic.ddj is not encrypted , flags not exists
07:15:15.763 [main] INFO org.soky.sro.pk2.io.Pk2IOTest - Consuming 4244 byte(s) from file trade_hat_d_pa_magic.ddj with size 4244 
07:15:15.764 [main] DEBUG org.sokybot.pk2.Pk2CryptoUtils - File trade_hat_d_pa_rare.ddj is not encrypted , flags not exists
07:15:15.764 [main] INFO org.soky.sro.pk2.io.Pk2IOTest - Consuming 4244 byte(s) from file trade_hat_d_pa_rare.ddj with size 4244 
07:15:15.764 [main] DEBUG org.sokybot.pk2.Pk2CryptoUtils - File trade_hat_e.ddj is not encrypted , flags not exists
07:15:15.764 [main] INFO org.soky.sro.pk2.io.Pk2IOTest - Consuming 4244 byte(s) from file trade_hat_e.ddj with size 4244 
07:15:15.764 [main] DEBUG org.sokybot.pk2.Pk2CryptoUtils - File trade_hat_e_da.ddj is not encrypted , flags not exists
07:15:15.764 [main] INFO org.soky.sro.pk2.io.Pk2IOTest - Consuming 4244 byte(s) from file trade_hat_e_da.ddj with size 4244 
07:15:15.765 [main] DEBUG org.sokybot.pk2.Pk2CryptoUtils - File trade_hat_e_da_magic.ddj is not encrypted , flags not exists
07:15:15.765 [main] INFO org.soky.sro.pk2.io.Pk2IOTest - Consuming 4244 byte(s) from file trade_hat_e_da_magic.ddj with size 4244 
07:15:15.765 [main] DEBUG org.sokybot.pk2.Pk2CryptoUtils - File trade_hat_e_da_rare.ddj is not encrypted , flags not exists
07:15:15.765 [main] INFO org.soky.sro.pk2.io.Pk2IOTest - Consuming 4244 byte(s) from file trade_hat_e_da_rare.ddj with size 4244 
07:15:15.765 [main] DEBUG org.sokybot.pk2.Pk2CryptoUtils - File trade_hat_e_ma.ddj is not encrypted , flags not exists
07:15:15.765 [main] INFO org.soky.sro.pk2.io.Pk2IOTest - Consuming 4244 byte(s) from file trade_hat_e_ma.ddj with size 4244 
07:15:15.766 [main] DEBUG org.sokybot.pk2.Pk2CryptoUtils - File trade_hat_e_ma_magic.ddj is not encrypted , flags not exists
07:15:15.766 [main] INFO org.soky.sro.pk2.io.Pk2IOTest - Consuming 4244 byte(s) from file trade_hat_e_ma_magic.ddj with size 4244 
07:15:15.766 [main] DEBUG org.sokybot.pk2.Pk2CryptoUtils - File trade_hat_e_ma_rare.ddj is not encrypted , flags not exists
07:15:15.766 [main] INFO org.soky.sro.pk2.io.Pk2IOTest - Consuming 4244 byte(s) from file trade_hat_e_ma_rare.ddj with size 4244 
07:15:15.766 [main] DEBUG org.sokybot.pk2.Pk2CryptoUtils - File trade_hat_e_pa.ddj is not encrypted , flags not exists
07:15:15.766 [main] INFO org.soky.sro.pk2.io.Pk2IOTest - Consuming 4244 byte(s) from file trade_hat_e_pa.ddj with size 4244 
07:15:15.767 [main] DEBUG org.sokybot.pk2.Pk2CryptoUtils - File trade_hat_e_pa_magic.ddj is not encrypted , flags not exists
07:15:15.767 [main] INFO org.soky.sro.pk2.io.Pk2IOTest - Consuming 4244 byte(s) from file trade_hat_e_pa_magic.ddj with size 4244 
07:15:15.767 [main] DEBUG org.sokybot.pk2.Pk2CryptoUtils - File trade_hat_e_pa_rare.ddj is not encrypted , flags not exists
07:15:15.767 [main] INFO org.soky.sro.pk2.io.Pk2IOTest - Consuming 4244 byte(s) from file trade_hat_e_pa_rare.ddj with size 4244 
07:15:15.767 [main] DEBUG org.sokybot.pk2.Pk2CryptoUtils - File trade_necklace_a.ddj is not encrypted , flags not exists
07:15:15.767 [main] INFO org.soky.sro.pk2.io.Pk2IOTest - Consuming 4244 byte(s) from file trade_necklace_a.ddj with size 4244 
07:15:15.768 [main] DEBUG org.sokybot.pk2.Pk2CryptoUtils - File trade_necklace_a_da.ddj is not encrypted , flags not exists
07:15:15.768 [main] INFO org.soky.sro.pk2.io.Pk2IOTest - Consuming 4244 byte(s) from file trade_necklace_a_da.ddj with size 4244 
07:15:15.768 [main] DEBUG org.sokybot.pk2.Pk2CryptoUtils - File trade_necklace_a_da_magic.ddj is not encrypted , flags not exists
07:15:15.768 [main] INFO org.soky.sro.pk2.io.Pk2IOTest - Consuming 4244 byte(s) from file trade_necklace_a_da_magic.ddj with size 4244 
07:15:15.768 [main] DEBUG org.sokybot.pk2.Pk2CryptoUtils - File trade_necklace_a_da_rare.ddj is not encrypted , flags not exists
07:15:15.769 [main] INFO org.soky.sro.pk2.io.Pk2IOTest - Consuming 4244 byte(s) from file trade_necklace_a_da_rare.ddj with size 4244 
07:15:15.769 [main] DEBUG org.sokybot.pk2.Pk2CryptoUtils - File trade_necklace_a_ma.ddj is not encrypted , flags not exists
07:15:15.769 [main] INFO org.soky.sro.pk2.io.Pk2IOTest - Consuming 4244 byte(s) from file trade_necklace_a_ma.ddj with size 4244 
07:15:15.769 [main] DEBUG org.sokybot.pk2.Pk2CryptoUtils - File trade_necklace_a_ma_magic.ddj is not encrypted , flags not exists
07:15:15.769 [main] INFO org.soky.sro.pk2.io.Pk2IOTest - Consuming 4244 byte(s) from file trade_necklace_a_ma_magic.ddj with size 4244 
07:15:15.769 [main] DEBUG org.sokybot.pk2.Pk2CryptoUtils - File trade_necklace_a_ma_rare.ddj is not encrypted , flags not exists
07:15:15.770 [main] INFO org.soky.sro.pk2.io.Pk2IOTest - Consuming 4244 byte(s) from file trade_necklace_a_ma_rare.ddj with size 4244 
07:15:15.770 [main] DEBUG org.sokybot.pk2.Pk2CryptoUtils - File trade_necklace_a_pa.ddj is not encrypted , flags not exists
07:15:15.770 [main] INFO org.soky.sro.pk2.io.Pk2IOTest - Consuming 4244 byte(s) from file trade_necklace_a_pa.ddj with size 4244 
07:15:15.770 [main] DEBUG org.sokybot.pk2.Pk2CryptoUtils - File trade_necklace_a_pa_magic.ddj is not encrypted , flags not exists
07:15:15.770 [main] INFO org.soky.sro.pk2.io.Pk2IOTest - Consuming 4244 byte(s) from file trade_necklace_a_pa_magic.ddj with size 4244 
07:15:15.771 [main] DEBUG org.sokybot.pk2.Pk2CryptoUtils - File trade_necklace_a_pa_rare.ddj is not encrypted , flags not exists
07:15:15.771 [main] INFO org.soky.sro.pk2.io.Pk2IOTest - Consuming 4244 byte(s) from file trade_necklace_a_pa_rare.ddj with size 4244 
07:15:15.771 [main] DEBUG org.sokybot.pk2.Pk2CryptoUtils - File trade_necklace_b.ddj is not encrypted , flags not exists
07:15:15.771 [main] INFO org.soky.sro.pk2.io.Pk2IOTest - Consuming 4244 byte(s) from file trade_necklace_b.ddj with size 4244 
07:15:15.771 [main] DEBUG org.sokybot.pk2.Pk2CryptoUtils - File trade_necklace_b_da.ddj is not encrypted , flags not exists
07:15:15.771 [main] INFO org.soky.sro.pk2.io.Pk2IOTest - Consuming 4244 byte(s) from file trade_necklace_b_da.ddj with size 4244 
07:15:15.772 [main] DEBUG org.sokybot.pk2.Pk2CryptoUtils - File trade_necklace_b_da_magic.ddj is not encrypted , flags not exists
07:15:15.772 [main] INFO org.soky.sro.pk2.io.Pk2IOTest - Consuming 4244 byte(s) from file trade_necklace_b_da_magic.ddj with size 4244 
07:15:15.772 [main] DEBUG org.sokybot.pk2.Pk2CryptoUtils - File trade_necklace_b_da_rare.ddj is not encrypted , flags not exists
07:15:15.772 [main] INFO org.soky.sro.pk2.io.Pk2IOTest - Consuming 4244 byte(s) from file trade_necklace_b_da_rare.ddj with size 4244 
07:15:15.772 [main] DEBUG org.sokybot.pk2.Pk2CryptoUtils - File trade_necklace_b_ma.ddj is not encrypted , flags not exists
07:15:15.773 [main] INFO org.soky.sro.pk2.io.Pk2IOTest - Consuming 4244 byte(s) from file trade_necklace_b_ma.ddj with size 4244 
07:15:15.773 [main] DEBUG org.sokybot.pk2.Pk2CryptoUtils - File trade_necklace_b_ma_magic.ddj is not encrypted , flags not exists
07:15:15.773 [main] INFO org.soky.sro.pk2.io.Pk2IOTest - Consuming 4244 byte(s) from file trade_necklace_b_ma_magic.ddj with size 4244 
07:15:15.773 [main] DEBUG org.sokybot.pk2.Pk2CryptoUtils - File trade_necklace_b_ma_rare.ddj is not encrypted , flags not exists
07:15:15.773 [main] INFO org.soky.sro.pk2.io.Pk2IOTest - Consuming 4244 byte(s) from file trade_necklace_b_ma_rare.ddj with size 4244 
07:15:15.774 [main] DEBUG org.sokybot.pk2.Pk2CryptoUtils - File trade_necklace_b_pa.ddj is not encrypted , flags not exists
07:15:15.774 [main] INFO org.soky.sro.pk2.io.Pk2IOTest - Consuming 4244 byte(s) from file trade_necklace_b_pa.ddj with size 4244 
07:15:15.774 [main] DEBUG org.sokybot.pk2.Pk2CryptoUtils - File trade_necklace_b_pa_magic.ddj is not encrypted , flags not exists
07:15:15.774 [main] INFO org.soky.sro.pk2.io.Pk2IOTest - Consuming 4244 byte(s) from file trade_necklace_b_pa_magic.ddj with size 4244 
07:15:15.774 [main] DEBUG org.sokybot.pk2.Pk2CryptoUtils - File trade_necklace_b_pa_rare.ddj is not encrypted , flags not exists
07:15:15.775 [main] INFO org.soky.sro.pk2.io.Pk2IOTest - Consuming 4244 byte(s) from file trade_necklace_b_pa_rare.ddj with size 4244 
07:15:15.775 [main] DEBUG org.sokybot.pk2.Pk2CryptoUtils - File trade_necklace_c.ddj is not encrypted , flags not exists
07:15:15.775 [main] INFO org.soky.sro.pk2.io.Pk2IOTest - Consuming 4244 byte(s) from file trade_necklace_c.ddj with size 4244 
07:15:15.775 [main] DEBUG org.sokybot.pk2.Pk2CryptoUtils - File trade_necklace_c_da.ddj is not encrypted , flags not exists
07:15:15.775 [main] INFO org.soky.sro.pk2.io.Pk2IOTest - Consuming 4244 byte(s) from file trade_necklace_c_da.ddj with size 4244 
07:15:15.775 [main] DEBUG org.sokybot.pk2.Pk2CryptoUtils - File trade_necklace_c_da_magic.ddj is not encrypted , flags not exists
07:15:15.776 [main] INFO org.soky.sro.pk2.io.Pk2IOTest - Consuming 4244 byte(s) from file trade_necklace_c_da_magic.ddj with size 4244 
07:15:15.776 [main] DEBUG org.sokybot.pk2.Pk2CryptoUtils - File trade_necklace_c_da_rare.ddj is not encrypted , flags not exists
07:15:15.776 [main] INFO org.soky.sro.pk2.io.Pk2IOTest - Consuming 4244 byte(s) from file trade_necklace_c_da_rare.ddj with size 4244 
07:15:15.776 [main] DEBUG org.sokybot.pk2.Pk2CryptoUtils - File trade_necklace_c_ma.ddj is not encrypted , flags not exists
07:15:15.776 [main] INFO org.soky.sro.pk2.io.Pk2IOTest - Consuming 4244 byte(s) from file trade_necklace_c_ma.ddj with size 4244 
07:15:15.777 [main] DEBUG org.sokybot.pk2.Pk2CryptoUtils - File trade_necklace_c_ma_magic.ddj is not encrypted , flags not exists
07:15:15.777 [main] INFO org.soky.sro.pk2.io.Pk2IOTest - Consuming 4244 byte(s) from file trade_necklace_c_ma_magic.ddj with size 4244 
07:15:15.777 [main] DEBUG org.sokybot.pk2.Pk2CryptoUtils - File trade_necklace_c_ma_rare.ddj is not encrypted , flags not exists
07:15:15.777 [main] INFO org.soky.sro.pk2.io.Pk2IOTest - Consuming 4244 byte(s) from file trade_necklace_c_ma_rare.ddj with size 4244 
07:15:15.777 [main] DEBUG org.sokybot.pk2.Pk2CryptoUtils - File trade_necklace_c_pa.ddj is not encrypted , flags not exists
07:15:15.778 [main] INFO org.soky.sro.pk2.io.Pk2IOTest - Consuming 4244 byte(s) from file trade_necklace_c_pa.ddj with size 4244 
07:15:15.778 [main] DEBUG org.sokybot.pk2.Pk2CryptoUtils - File trade_necklace_c_pa_magic.ddj is not encrypted , flags not exists
07:15:15.778 [main] INFO org.soky.sro.pk2.io.Pk2IOTest - Consuming 4244 byte(s) from file trade_necklace_c_pa_magic.ddj with size 4244 
07:15:15.778 [main] DEBUG org.sokybot.pk2.Pk2CryptoUtils - File trade_necklace_c_pa_rare.ddj is not encrypted , flags not exists
07:15:15.778 [main] INFO org.soky.sro.pk2.io.Pk2IOTest - Consuming 4244 byte(s) from file trade_necklace_c_pa_rare.ddj with size 4244 
07:15:15.778 [main] DEBUG org.sokybot.pk2.Pk2CryptoUtils - File trade_necklace_d.ddj is not encrypted , flags not exists
07:15:15.779 [main] INFO org.soky.sro.pk2.io.Pk2IOTest - Consuming 4244 byte(s) from file trade_necklace_d.ddj with size 4244 
07:15:15.779 [main] DEBUG org.sokybot.pk2.Pk2CryptoUtils - File trade_necklace_d_da.ddj is not encrypted , flags not exists
07:15:15.779 [main] INFO org.soky.sro.pk2.io.Pk2IOTest - Consuming 4244 byte(s) from file trade_necklace_d_da.ddj with size 4244 
07:15:15.779 [main] DEBUG org.sokybot.pk2.Pk2CryptoUtils - File trade_necklace_d_da_magic.ddj is not encrypted , flags not exists
07:15:15.779 [main] INFO org.soky.sro.pk2.io.Pk2IOTest - Consuming 4244 byte(s) from file trade_necklace_d_da_magic.ddj with size 4244 
07:15:15.779 [main] DEBUG org.sokybot.pk2.Pk2CryptoUtils - File trade_necklace_d_da_rare.ddj is not encrypted , flags not exists
07:15:15.780 [main] INFO org.soky.sro.pk2.io.Pk2IOTest - Consuming 4244 byte(s) from file trade_necklace_d_da_rare.ddj with size 4244 
07:15:15.780 [main] DEBUG org.sokybot.pk2.Pk2CryptoUtils - File trade_necklace_d_ma.ddj is not encrypted , flags not exists
07:15:15.780 [main] INFO org.soky.sro.pk2.io.Pk2IOTest - Consuming 4244 byte(s) from file trade_necklace_d_ma.ddj with size 4244 
07:15:15.780 [main] DEBUG org.sokybot.pk2.Pk2CryptoUtils - File trade_necklace_d_ma_magic.ddj is not encrypted , flags not exists
07:15:15.780 [main] INFO org.soky.sro.pk2.io.Pk2IOTest - Consuming 4244 byte(s) from file trade_necklace_d_ma_magic.ddj with size 4244 
07:15:15.780 [main] DEBUG org.sokybot.pk2.Pk2CryptoUtils - File trade_necklace_d_ma_rare.ddj is not encrypted , flags not exists
07:15:15.781 [main] INFO org.soky.sro.pk2.io.Pk2IOTest - Consuming 4244 byte(s) from file trade_necklace_d_ma_rare.ddj with size 4244 
07:15:15.781 [main] DEBUG org.sokybot.pk2.Pk2CryptoUtils - File trade_necklace_d_pa.ddj is not encrypted , flags not exists
07:15:15.781 [main] INFO org.soky.sro.pk2.io.Pk2IOTest - Consuming 4244 byte(s) from file trade_necklace_d_pa.ddj with size 4244 
07:15:15.781 [main] DEBUG org.sokybot.pk2.Pk2CryptoUtils - File trade_necklace_d_pa_magic.ddj is not encrypted , flags not exists
07:15:15.781 [main] INFO org.soky.sro.pk2.io.Pk2IOTest - Consuming 4244 byte(s) from file trade_necklace_d_pa_magic.ddj with size 4244 
07:15:15.781 [main] DEBUG org.sokybot.pk2.Pk2CryptoUtils - File trade_necklace_d_pa_rare.ddj is not encrypted , flags not exists
07:15:15.781 [main] INFO org.soky.sro.pk2.io.Pk2IOTest - Consuming 4244 byte(s) from file trade_necklace_d_pa_rare.ddj with size 4244 
07:15:15.781 [main] DEBUG org.sokybot.pk2.Pk2CryptoUtils - File trade_necklace_e.ddj is not encrypted , flags not exists
07:15:15.782 [main] INFO org.soky.sro.pk2.io.Pk2IOTest - Consuming 4244 byte(s) from file trade_necklace_e.ddj with size 4244 
07:15:15.782 [main] DEBUG org.sokybot.pk2.Pk2CryptoUtils - File trade_necklace_e_da.ddj is not encrypted , flags not exists
07:15:15.782 [main] INFO org.soky.sro.pk2.io.Pk2IOTest - Consuming 4244 byte(s) from file trade_necklace_e_da.ddj with size 4244 
07:15:15.782 [main] DEBUG org.sokybot.pk2.Pk2CryptoUtils - File trade_necklace_e_da_magic.ddj is not encrypted , flags not exists
07:15:15.782 [main] INFO org.soky.sro.pk2.io.Pk2IOTest - Consuming 4244 byte(s) from file trade_necklace_e_da_magic.ddj with size 4244 
07:15:15.782 [main] DEBUG org.sokybot.pk2.Pk2CryptoUtils - File trade_necklace_e_da_rare.ddj is not encrypted , flags not exists
07:15:15.782 [main] INFO org.soky.sro.pk2.io.Pk2IOTest - Consuming 4244 byte(s) from file trade_necklace_e_da_rare.ddj with size 4244 
07:15:15.783 [main] DEBUG org.sokybot.pk2.Pk2CryptoUtils - File trade_necklace_e_ma.ddj is not encrypted , flags not exists
07:15:15.783 [main] INFO org.soky.sro.pk2.io.Pk2IOTest - Consuming 4244 byte(s) from file trade_necklace_e_ma.ddj with size 4244 
07:15:15.783 [main] DEBUG org.sokybot.pk2.Pk2CryptoUtils - File trade_necklace_e_ma_magic.ddj is not encrypted , flags not exists
07:15:15.783 [main] INFO org.soky.sro.pk2.io.Pk2IOTest - Consuming 4244 byte(s) from file trade_necklace_e_ma_magic.ddj with size 4244 
07:15:15.783 [main] DEBUG org.sokybot.pk2.Pk2CryptoUtils - File trade_necklace_e_ma_rare.ddj is not encrypted , flags not exists
07:15:15.783 [main] INFO org.soky.sro.pk2.io.Pk2IOTest - Consuming 4244 byte(s) from file trade_necklace_e_ma_rare.ddj with size 4244 
07:15:15.783 [main] DEBUG org.sokybot.pk2.Pk2CryptoUtils - File trade_necklace_e_pa.ddj is not encrypted , flags not exists
07:15:15.784 [main] INFO org.soky.sro.pk2.io.Pk2IOTest - Consuming 4244 byte(s) from file trade_necklace_e_pa.ddj with size 4244 
07:15:15.784 [main] DEBUG org.sokybot.pk2.Pk2CryptoUtils - File trade_necklace_e_pa_magic.ddj is not encrypted , flags not exists
07:15:15.784 [main] INFO org.soky.sro.pk2.io.Pk2IOTest - Consuming 4244 byte(s) from file trade_necklace_e_pa_magic.ddj with size 4244 
07:15:15.784 [main] DEBUG org.sokybot.pk2.Pk2CryptoUtils - File trade_necklace_e_pa_rare.ddj is not encrypted , flags not exists
07:15:15.784 [main] INFO org.soky.sro.pk2.io.Pk2IOTest - Consuming 4244 byte(s) from file trade_necklace_e_pa_rare.ddj with size 4244 
07:15:15.784 [main] DEBUG org.sokybot.pk2.Pk2CryptoUtils - File trade_pants_a.ddj is not encrypted , flags not exists
07:15:15.784 [main] INFO org.soky.sro.pk2.io.Pk2IOTest - Consuming 4244 byte(s) from file trade_pants_a.ddj with size 4244 
07:15:15.784 [main] DEBUG org.sokybot.pk2.Pk2CryptoUtils - File trade_pants_a_da.ddj is not encrypted , flags not exists
07:15:15.785 [main] INFO org.soky.sro.pk2.io.Pk2IOTest - Consuming 4244 byte(s) from file trade_pants_a_da.ddj with size 4244 
07:15:15.785 [main] DEBUG org.sokybot.pk2.Pk2CryptoUtils - File trade_pants_a_da_magic.ddj is not encrypted , flags not exists
07:15:15.785 [main] INFO org.soky.sro.pk2.io.Pk2IOTest - Consuming 4244 byte(s) from file trade_pants_a_da_magic.ddj with size 4244 
07:15:15.785 [main] DEBUG org.sokybot.pk2.Pk2CryptoUtils - File trade_pants_a_da_rare.ddj is not encrypted , flags not exists
07:15:15.785 [main] INFO org.soky.sro.pk2.io.Pk2IOTest - Consuming 4244 byte(s) from file trade_pants_a_da_rare.ddj with size 4244 
07:15:15.785 [main] DEBUG org.sokybot.pk2.Pk2CryptoUtils - File trade_pants_a_ma.ddj is not encrypted , flags not exists
07:15:15.786 [main] INFO org.soky.sro.pk2.io.Pk2IOTest - Consuming 4244 byte(s) from file trade_pants_a_ma.ddj with size 4244 
07:15:15.786 [main] DEBUG org.sokybot.pk2.Pk2CryptoUtils - File trade_pants_a_ma_magic.ddj is not encrypted , flags not exists
07:15:15.786 [main] INFO org.soky.sro.pk2.io.Pk2IOTest - Consuming 4244 byte(s) from file trade_pants_a_ma_magic.ddj with size 4244 
07:15:15.786 [main] DEBUG org.sokybot.pk2.Pk2CryptoUtils - File trade_pants_a_ma_rare.ddj is not encrypted , flags not exists
07:15:15.787 [main] INFO org.soky.sro.pk2.io.Pk2IOTest - Consuming 4244 byte(s) from file trade_pants_a_ma_rare.ddj with size 4244 
07:15:15.787 [main] DEBUG org.sokybot.pk2.Pk2CryptoUtils - File trade_pants_a_pa.ddj is not encrypted , flags not exists
07:15:15.787 [main] INFO org.soky.sro.pk2.io.Pk2IOTest - Consuming 4244 byte(s) from file trade_pants_a_pa.ddj with size 4244 
07:15:15.787 [main] DEBUG org.sokybot.pk2.Pk2CryptoUtils - File trade_pants_a_pa_magic.ddj is not encrypted , flags not exists
07:15:15.788 [main] INFO org.soky.sro.pk2.io.Pk2IOTest - Consuming 4244 byte(s) from file trade_pants_a_pa_magic.ddj with size 4244 
07:15:15.788 [main] DEBUG org.sokybot.pk2.Pk2CryptoUtils - File trade_pants_a_pa_rare.ddj is not encrypted , flags not exists
07:15:15.788 [main] INFO org.soky.sro.pk2.io.Pk2IOTest - Consuming 4244 byte(s) from file trade_pants_a_pa_rare.ddj with size 4244 
07:15:15.788 [main] DEBUG org.sokybot.pk2.Pk2CryptoUtils - File trade_pants_b.ddj is not encrypted , flags not exists
07:15:15.788 [main] INFO org.soky.sro.pk2.io.Pk2IOTest - Consuming 4244 byte(s) from file trade_pants_b.ddj with size 4244 
07:15:15.789 [main] DEBUG org.sokybot.pk2.Pk2CryptoUtils - File trade_pants_b_da.ddj is not encrypted , flags not exists
07:15:15.789 [main] INFO org.soky.sro.pk2.io.Pk2IOTest - Consuming 4244 byte(s) from file trade_pants_b_da.ddj with size 4244 
07:15:15.789 [main] DEBUG org.sokybot.pk2.Pk2CryptoUtils - File trade_pants_b_da_magic.ddj is not encrypted , flags not exists
07:15:15.789 [main] INFO org.soky.sro.pk2.io.Pk2IOTest - Consuming 4244 byte(s) from file trade_pants_b_da_magic.ddj with size 4244 
07:15:15.790 [main] DEBUG org.sokybot.pk2.Pk2CryptoUtils - File trade_pants_b_da_rare.ddj is not encrypted , flags not exists
07:15:15.790 [main] INFO org.soky.sro.pk2.io.Pk2IOTest - Consuming 4244 byte(s) from file trade_pants_b_da_rare.ddj with size 4244 
07:15:15.790 [main] DEBUG org.sokybot.pk2.Pk2CryptoUtils - File trade_pants_b_ma.ddj is not encrypted , flags not exists
07:15:15.790 [main] INFO org.soky.sro.pk2.io.Pk2IOTest - Consuming 4244 byte(s) from file trade_pants_b_ma.ddj with size 4244 
07:15:15.790 [main] DEBUG org.sokybot.pk2.Pk2CryptoUtils - File trade_pants_b_ma_magic.ddj is not encrypted , flags not exists
07:15:15.790 [main] INFO org.soky.sro.pk2.io.Pk2IOTest - Consuming 4244 byte(s) from file trade_pants_b_ma_magic.ddj with size 4244 
07:15:15.791 [main] DEBUG org.sokybot.pk2.Pk2CryptoUtils - File trade_pants_b_ma_rare.ddj is not encrypted , flags not exists
07:15:15.791 [main] INFO org.soky.sro.pk2.io.Pk2IOTest - Consuming 4244 byte(s) from file trade_pants_b_ma_rare.ddj with size 4244 
07:15:15.791 [main] DEBUG org.sokybot.pk2.Pk2CryptoUtils - File trade_pants_b_pa.ddj is not encrypted , flags not exists
07:15:15.791 [main] INFO org.soky.sro.pk2.io.Pk2IOTest - Consuming 4244 byte(s) from file trade_pants_b_pa.ddj with size 4244 
07:15:15.791 [main] DEBUG org.sokybot.pk2.Pk2CryptoUtils - File trade_pants_b_pa_magic.ddj is not encrypted , flags not exists
07:15:15.792 [main] INFO org.soky.sro.pk2.io.Pk2IOTest - Consuming 4244 byte(s) from file trade_pants_b_pa_magic.ddj with size 4244 
07:15:15.792 [main] DEBUG org.sokybot.pk2.Pk2CryptoUtils - File trade_pants_b_pa_rare.ddj is not encrypted , flags not exists
07:15:15.792 [main] INFO org.soky.sro.pk2.io.Pk2IOTest - Consuming 4244 byte(s) from file trade_pants_b_pa_rare.ddj with size 4244 
07:15:15.792 [main] DEBUG org.sokybot.pk2.Pk2CryptoUtils - File trade_pants_c.ddj is not encrypted , flags not exists
07:15:15.792 [main] INFO org.soky.sro.pk2.io.Pk2IOTest - Consuming 4244 byte(s) from file trade_pants_c.ddj with size 4244 
07:15:15.793 [main] DEBUG org.sokybot.pk2.Pk2CryptoUtils - File trade_pants_c_da.ddj is not encrypted , flags not exists
07:15:15.793 [main] INFO org.soky.sro.pk2.io.Pk2IOTest - Consuming 4244 byte(s) from file trade_pants_c_da.ddj with size 4244 
07:15:15.793 [main] DEBUG org.sokybot.pk2.Pk2CryptoUtils - File trade_pants_c_da_magic.ddj is not encrypted , flags not exists
07:15:15.793 [main] INFO org.soky.sro.pk2.io.Pk2IOTest - Consuming 4244 byte(s) from file trade_pants_c_da_magic.ddj with size 4244 
07:15:15.793 [main] DEBUG org.sokybot.pk2.Pk2CryptoUtils - File trade_pants_c_da_rare.ddj is not encrypted , flags not exists
07:15:15.793 [main] INFO org.soky.sro.pk2.io.Pk2IOTest - Consuming 4244 byte(s) from file trade_pants_c_da_rare.ddj with size 4244 
07:15:15.794 [main] DEBUG org.sokybot.pk2.Pk2CryptoUtils - File trade_pants_c_ma.ddj is not encrypted , flags not exists
07:15:15.794 [main] INFO org.soky.sro.pk2.io.Pk2IOTest - Consuming 4244 byte(s) from file trade_pants_c_ma.ddj with size 4244 
07:15:15.794 [main] DEBUG org.sokybot.pk2.Pk2CryptoUtils - File trade_pants_c_ma_magic.ddj is not encrypted , flags not exists
07:15:15.794 [main] INFO org.soky.sro.pk2.io.Pk2IOTest - Consuming 4244 byte(s) from file trade_pants_c_ma_magic.ddj with size 4244 
07:15:15.794 [main] DEBUG org.sokybot.pk2.Pk2CryptoUtils - File trade_pants_c_ma_rare.ddj is not encrypted , flags not exists
07:15:15.795 [main] INFO org.soky.sro.pk2.io.Pk2IOTest - Consuming 4244 byte(s) from file trade_pants_c_ma_rare.ddj with size 4244 
07:15:15.795 [main] DEBUG org.sokybot.pk2.Pk2CryptoUtils - File trade_pants_c_pa.ddj is not encrypted , flags not exists
07:15:15.795 [main] INFO org.soky.sro.pk2.io.Pk2IOTest - Consuming 4244 byte(s) from file trade_pants_c_pa.ddj with size 4244 
07:15:15.795 [main] DEBUG org.sokybot.pk2.Pk2CryptoUtils - File trade_pants_c_pa_magic.ddj is not encrypted , flags not exists
07:15:15.795 [main] INFO org.soky.sro.pk2.io.Pk2IOTest - Consuming 4244 byte(s) from file trade_pants_c_pa_magic.ddj with size 4244 
07:15:15.795 [main] DEBUG org.sokybot.pk2.Pk2CryptoUtils - File trade_pants_c_pa_rare.ddj is not encrypted , flags not exists
07:15:15.796 [main] INFO org.soky.sro.pk2.io.Pk2IOTest - Consuming 4244 byte(s) from file trade_pants_c_pa_rare.ddj with size 4244 
07:15:15.796 [main] DEBUG org.sokybot.pk2.Pk2CryptoUtils - File trade_pants_d.ddj is not encrypted , flags not exists
07:15:15.796 [main] INFO org.soky.sro.pk2.io.Pk2IOTest - Consuming 4244 byte(s) from file trade_pants_d.ddj with size 4244 
07:15:15.796 [main] DEBUG org.sokybot.pk2.Pk2CryptoUtils - File trade_pants_d_da.ddj is not encrypted , flags not exists
07:15:15.796 [main] INFO org.soky.sro.pk2.io.Pk2IOTest - Consuming 4244 byte(s) from file trade_pants_d_da.ddj with size 4244 
07:15:15.796 [main] DEBUG org.sokybot.pk2.Pk2CryptoUtils - File trade_pants_d_da_magic.ddj is not encrypted , flags not exists
07:15:15.796 [main] INFO org.soky.sro.pk2.io.Pk2IOTest - Consuming 4244 byte(s) from file trade_pants_d_da_magic.ddj with size 4244 
07:15:15.797 [main] DEBUG org.sokybot.pk2.Pk2CryptoUtils - File trade_pants_d_da_rare.ddj is not encrypted , flags not exists
07:15:15.797 [main] INFO org.soky.sro.pk2.io.Pk2IOTest - Consuming 4244 byte(s) from file trade_pants_d_da_rare.ddj with size 4244 
07:15:15.797 [main] DEBUG org.sokybot.pk2.Pk2CryptoUtils - File trade_pants_d_ma.ddj is not encrypted , flags not exists
07:15:15.797 [main] INFO org.soky.sro.pk2.io.Pk2IOTest - Consuming 4244 byte(s) from file trade_pants_d_ma.ddj with size 4244 
07:15:15.797 [main] DEBUG org.sokybot.pk2.Pk2CryptoUtils - File trade_pants_d_ma_magic.ddj is not encrypted , flags not exists
07:15:15.797 [main] INFO org.soky.sro.pk2.io.Pk2IOTest - Consuming 4244 byte(s) from file trade_pants_d_ma_magic.ddj with size 4244 
07:15:15.798 [main] DEBUG org.sokybot.pk2.Pk2CryptoUtils - File trade_pants_d_ma_rare.ddj is not encrypted , flags not exists
07:15:15.798 [main] INFO org.soky.sro.pk2.io.Pk2IOTest - Consuming 4244 byte(s) from file trade_pants_d_ma_rare.ddj with size 4244 
07:15:15.798 [main] DEBUG org.sokybot.pk2.Pk2CryptoUtils - File trade_pants_d_pa.ddj is not encrypted , flags not exists
07:15:15.798 [main] INFO org.soky.sro.pk2.io.Pk2IOTest - Consuming 4244 byte(s) from file trade_pants_d_pa.ddj with size 4244 
07:15:15.798 [main] DEBUG org.sokybot.pk2.Pk2CryptoUtils - File trade_pants_d_pa_magic.ddj is not encrypted , flags not exists
07:15:15.799 [main] INFO org.soky.sro.pk2.io.Pk2IOTest - Consuming 4244 byte(s) from file trade_pants_d_pa_magic.ddj with size 4244 
07:15:15.799 [main] DEBUG org.sokybot.pk2.Pk2CryptoUtils - File trade_pants_d_pa_rare.ddj is not encrypted , flags not exists
07:15:15.799 [main] INFO org.soky.sro.pk2.io.Pk2IOTest - Consuming 4244 byte(s) from file trade_pants_d_pa_rare.ddj with size 4244 
07:15:15.799 [main] DEBUG org.sokybot.pk2.Pk2CryptoUtils - File trade_pants_e.ddj is not encrypted , flags not exists
07:15:15.799 [main] INFO org.soky.sro.pk2.io.Pk2IOTest - Consuming 4244 byte(s) from file trade_pants_e.ddj with size 4244 
07:15:15.800 [main] DEBUG org.sokybot.pk2.Pk2CryptoUtils - File trade_pants_e_da.ddj is not encrypted , flags not exists
07:15:15.800 [main] INFO org.soky.sro.pk2.io.Pk2IOTest - Consuming 4244 byte(s) from file trade_pants_e_da.ddj with size 4244 
07:15:15.800 [main] DEBUG org.sokybot.pk2.Pk2CryptoUtils - File trade_pants_e_da_magic.ddj is not encrypted , flags not exists
07:15:15.800 [main] INFO org.soky.sro.pk2.io.Pk2IOTest - Consuming 4244 byte(s) from file trade_pants_e_da_magic.ddj with size 4244 
07:15:15.800 [main] DEBUG org.sokybot.pk2.Pk2CryptoUtils - File trade_pants_e_da_rare.ddj is not encrypted , flags not exists
07:15:15.800 [main] INFO org.soky.sro.pk2.io.Pk2IOTest - Consuming 4244 byte(s) from file trade_pants_e_da_rare.ddj with size 4244 
07:15:15.800 [main] DEBUG org.sokybot.pk2.Pk2CryptoUtils - File trade_pants_e_ma.ddj is not encrypted , flags not exists
07:15:15.800 [main] INFO org.soky.sro.pk2.io.Pk2IOTest - Consuming 4244 byte(s) from file trade_pants_e_ma.ddj with size 4244 
07:15:15.801 [main] DEBUG org.sokybot.pk2.Pk2CryptoUtils - File trade_pants_e_ma_magic.ddj is not encrypted , flags not exists
07:15:15.801 [main] INFO org.soky.sro.pk2.io.Pk2IOTest - Consuming 4244 byte(s) from file trade_pants_e_ma_magic.ddj with size 4244 
07:15:15.801 [main] DEBUG org.sokybot.pk2.Pk2CryptoUtils - File trade_pants_e_ma_rare.ddj is not encrypted , flags not exists
07:15:15.801 [main] INFO org.soky.sro.pk2.io.Pk2IOTest - Consuming 4244 byte(s) from file trade_pants_e_ma_rare.ddj with size 4244 
07:15:15.801 [main] DEBUG org.sokybot.pk2.Pk2CryptoUtils - File trade_pants_e_pa.ddj is not encrypted , flags not exists
07:15:15.801 [main] INFO org.soky.sro.pk2.io.Pk2IOTest - Consuming 4244 byte(s) from file trade_pants_e_pa.ddj with size 4244 
07:15:15.802 [main] DEBUG org.sokybot.pk2.Pk2CryptoUtils - File trade_pants_e_pa_magic.ddj is not encrypted , flags not exists
07:15:15.802 [main] INFO org.soky.sro.pk2.io.Pk2IOTest - Consuming 4244 byte(s) from file trade_pants_e_pa_magic.ddj with size 4244 
07:15:15.802 [main] DEBUG org.sokybot.pk2.Pk2CryptoUtils - File trade_pants_e_pa_rare.ddj is not encrypted , flags not exists
07:15:15.802 [main] INFO org.soky.sro.pk2.io.Pk2IOTest - Consuming 4244 byte(s) from file trade_pants_e_pa_rare.ddj with size 4244 
07:15:15.802 [main] DEBUG org.sokybot.pk2.Pk2CryptoUtils - File trade_ring_a.ddj is not encrypted , flags not exists
07:15:15.803 [main] INFO org.soky.sro.pk2.io.Pk2IOTest - Consuming 4244 byte(s) from file trade_ring_a.ddj with size 4244 
07:15:15.803 [main] DEBUG org.sokybot.pk2.Pk2CryptoUtils - File trade_ring_a_da.ddj is not encrypted , flags not exists
07:15:15.803 [main] INFO org.soky.sro.pk2.io.Pk2IOTest - Consuming 4244 byte(s) from file trade_ring_a_da.ddj with size 4244 
07:15:15.803 [main] DEBUG org.sokybot.pk2.Pk2CryptoUtils - File trade_ring_a_da_magic.ddj is not encrypted , flags not exists
07:15:15.803 [main] INFO org.soky.sro.pk2.io.Pk2IOTest - Consuming 4244 byte(s) from file trade_ring_a_da_magic.ddj with size 4244 
07:15:15.804 [main] DEBUG org.sokybot.pk2.Pk2CryptoUtils - File trade_ring_a_da_rare.ddj is not encrypted , flags not exists
07:15:15.804 [main] INFO org.soky.sro.pk2.io.Pk2IOTest - Consuming 4244 byte(s) from file trade_ring_a_da_rare.ddj with size 4244 
07:15:15.804 [main] DEBUG org.sokybot.pk2.Pk2CryptoUtils - File trade_ring_a_ma.ddj is not encrypted , flags not exists
07:15:15.804 [main] INFO org.soky.sro.pk2.io.Pk2IOTest - Consuming 4244 byte(s) from file trade_ring_a_ma.ddj with size 4244 
07:15:15.805 [main] DEBUG org.sokybot.pk2.Pk2CryptoUtils - File trade_ring_a_ma_magic.ddj is not encrypted , flags not exists
07:15:15.805 [main] INFO org.soky.sro.pk2.io.Pk2IOTest - Consuming 4244 byte(s) from file trade_ring_a_ma_magic.ddj with size 4244 
07:15:15.805 [main] DEBUG org.sokybot.pk2.Pk2CryptoUtils - File trade_ring_a_ma_rare.ddj is not encrypted , flags not exists
07:15:15.805 [main] INFO org.soky.sro.pk2.io.Pk2IOTest - Consuming 4244 byte(s) from file trade_ring_a_ma_rare.ddj with size 4244 
07:15:15.805 [main] DEBUG org.sokybot.pk2.Pk2CryptoUtils - File trade_ring_a_pa.ddj is not encrypted , flags not exists
07:15:15.805 [main] INFO org.soky.sro.pk2.io.Pk2IOTest - Consuming 4244 byte(s) from file trade_ring_a_pa.ddj with size 4244 
07:15:15.806 [main] DEBUG org.sokybot.pk2.Pk2CryptoUtils - File trade_ring_a_pa_magic.ddj is not encrypted , flags not exists
07:15:15.806 [main] INFO org.soky.sro.pk2.io.Pk2IOTest - Consuming 4244 byte(s) from file trade_ring_a_pa_magic.ddj with size 4244 
07:15:15.806 [main] DEBUG org.sokybot.pk2.Pk2CryptoUtils - File trade_ring_a_pa_rare.ddj is not encrypted , flags not exists
07:15:15.807 [main] INFO org.soky.sro.pk2.io.Pk2IOTest - Consuming 4244 byte(s) from file trade_ring_a_pa_rare.ddj with size 4244 
07:15:15.807 [main] DEBUG org.sokybot.pk2.Pk2CryptoUtils - File trade_ring_b.ddj is not encrypted , flags not exists
07:15:15.807 [main] INFO org.soky.sro.pk2.io.Pk2IOTest - Consuming 4244 byte(s) from file trade_ring_b.ddj with size 4244 
07:15:15.807 [main] DEBUG org.sokybot.pk2.Pk2CryptoUtils - File trade_ring_b_da.ddj is not encrypted , flags not exists
07:15:15.808 [main] INFO org.soky.sro.pk2.io.Pk2IOTest - Consuming 4244 byte(s) from file trade_ring_b_da.ddj with size 4244 
07:15:15.808 [main] DEBUG org.sokybot.pk2.Pk2CryptoUtils - File trade_ring_b_da_magic.ddj is not encrypted , flags not exists
07:15:15.808 [main] INFO org.soky.sro.pk2.io.Pk2IOTest - Consuming 4244 byte(s) from file trade_ring_b_da_magic.ddj with size 4244 
07:15:15.808 [main] DEBUG org.sokybot.pk2.Pk2CryptoUtils - File trade_ring_b_da_rare.ddj is not encrypted , flags not exists
07:15:15.808 [main] INFO org.soky.sro.pk2.io.Pk2IOTest - Consuming 4244 byte(s) from file trade_ring_b_da_rare.ddj with size 4244 
07:15:15.808 [main] DEBUG org.sokybot.pk2.Pk2CryptoUtils - File trade_ring_b_ma.ddj is not encrypted , flags not exists
07:15:15.809 [main] INFO org.soky.sro.pk2.io.Pk2IOTest - Consuming 4244 byte(s) from file trade_ring_b_ma.ddj with size 4244 
07:15:15.809 [main] DEBUG org.sokybot.pk2.Pk2CryptoUtils - File trade_ring_b_ma_magic.ddj is not encrypted , flags not exists
07:15:15.809 [main] INFO org.soky.sro.pk2.io.Pk2IOTest - Consuming 4244 byte(s) from file trade_ring_b_ma_magic.ddj with size 4244 
07:15:15.809 [main] DEBUG org.sokybot.pk2.Pk2CryptoUtils - File trade_ring_b_ma_rare.ddj is not encrypted , flags not exists
07:15:15.809 [main] INFO org.soky.sro.pk2.io.Pk2IOTest - Consuming 4244 byte(s) from file trade_ring_b_ma_rare.ddj with size 4244 
07:15:15.809 [main] DEBUG org.sokybot.pk2.Pk2CryptoUtils - File trade_ring_b_pa.ddj is not encrypted , flags not exists
07:15:15.809 [main] INFO org.soky.sro.pk2.io.Pk2IOTest - Consuming 4244 byte(s) from file trade_ring_b_pa.ddj with size 4244 
07:15:15.810 [main] DEBUG org.sokybot.pk2.Pk2CryptoUtils - File trade_ring_b_pa_magic.ddj is not encrypted , flags not exists
07:15:15.810 [main] INFO org.soky.sro.pk2.io.Pk2IOTest - Consuming 4244 byte(s) from file trade_ring_b_pa_magic.ddj with size 4244 
07:15:15.810 [main] DEBUG org.sokybot.pk2.Pk2CryptoUtils - File trade_ring_b_pa_rare.ddj is not encrypted , flags not exists
07:15:15.810 [main] INFO org.soky.sro.pk2.io.Pk2IOTest - Consuming 4244 byte(s) from file trade_ring_b_pa_rare.ddj with size 4244 
07:15:15.810 [main] DEBUG org.sokybot.pk2.Pk2CryptoUtils - File trade_ring_c.ddj is not encrypted , flags not exists
07:15:15.810 [main] INFO org.soky.sro.pk2.io.Pk2IOTest - Consuming 4244 byte(s) from file trade_ring_c.ddj with size 4244 
07:15:15.810 [main] DEBUG org.sokybot.pk2.Pk2CryptoUtils - File trade_ring_c_da.ddj is not encrypted , flags not exists
07:15:15.810 [main] INFO org.soky.sro.pk2.io.Pk2IOTest - Consuming 4244 byte(s) from file trade_ring_c_da.ddj with size 4244 
07:15:15.811 [main] DEBUG org.sokybot.pk2.Pk2CryptoUtils - File trade_ring_c_da_magic.ddj is not encrypted , flags not exists
07:15:15.811 [main] INFO org.soky.sro.pk2.io.Pk2IOTest - Consuming 4244 byte(s) from file trade_ring_c_da_magic.ddj with size 4244 
07:15:15.811 [main] DEBUG org.sokybot.pk2.Pk2CryptoUtils - File trade_ring_c_da_rare.ddj is not encrypted , flags not exists
07:15:15.811 [main] INFO org.soky.sro.pk2.io.Pk2IOTest - Consuming 4244 byte(s) from file trade_ring_c_da_rare.ddj with size 4244 
07:15:15.811 [main] DEBUG org.sokybot.pk2.Pk2CryptoUtils - File trade_ring_c_ma.ddj is not encrypted , flags not exists
07:15:15.811 [main] INFO org.soky.sro.pk2.io.Pk2IOTest - Consuming 4244 byte(s) from file trade_ring_c_ma.ddj with size 4244 
07:15:15.811 [main] DEBUG org.sokybot.pk2.Pk2CryptoUtils - File trade_ring_c_ma_magic.ddj is not encrypted , flags not exists
07:15:15.811 [main] INFO org.soky.sro.pk2.io.Pk2IOTest - Consuming 4244 byte(s) from file trade_ring_c_ma_magic.ddj with size 4244 
07:15:15.811 [main] DEBUG org.sokybot.pk2.Pk2CryptoUtils - File trade_ring_c_ma_rare.ddj is not encrypted , flags not exists
07:15:15.812 [main] INFO org.soky.sro.pk2.io.Pk2IOTest - Consuming 4244 byte(s) from file trade_ring_c_ma_rare.ddj with size 4244 
07:15:15.812 [main] DEBUG org.sokybot.pk2.Pk2CryptoUtils - File trade_ring_c_pa.ddj is not encrypted , flags not exists
07:15:15.812 [main] INFO org.soky.sro.pk2.io.Pk2IOTest - Consuming 4244 byte(s) from file trade_ring_c_pa.ddj with size 4244 
07:15:15.812 [main] DEBUG org.sokybot.pk2.Pk2CryptoUtils - File trade_ring_c_pa_magic.ddj is not encrypted , flags not exists
07:15:15.812 [main] INFO org.soky.sro.pk2.io.Pk2IOTest - Consuming 4244 byte(s) from file trade_ring_c_pa_magic.ddj with size 4244 
07:15:15.812 [main] DEBUG org.sokybot.pk2.Pk2CryptoUtils - File trade_ring_c_pa_rare.ddj is not encrypted , flags not exists
07:15:15.812 [main] INFO org.soky.sro.pk2.io.Pk2IOTest - Consuming 4244 byte(s) from file trade_ring_c_pa_rare.ddj with size 4244 
07:15:15.812 [main] DEBUG org.sokybot.pk2.Pk2CryptoUtils - File trade_ring_d.ddj is not encrypted , flags not exists
07:15:15.812 [main] INFO org.soky.sro.pk2.io.Pk2IOTest - Consuming 4244 byte(s) from file trade_ring_d.ddj with size 4244 
07:15:15.813 [main] DEBUG org.sokybot.pk2.Pk2CryptoUtils - File trade_ring_d_da.ddj is not encrypted , flags not exists
07:15:15.813 [main] INFO org.soky.sro.pk2.io.Pk2IOTest - Consuming 4244 byte(s) from file trade_ring_d_da.ddj with size 4244 
07:15:15.813 [main] DEBUG org.sokybot.pk2.Pk2CryptoUtils - File trade_ring_d_da_magic.ddj is not encrypted , flags not exists
07:15:15.813 [main] INFO org.soky.sro.pk2.io.Pk2IOTest - Consuming 4244 byte(s) from file trade_ring_d_da_magic.ddj with size 4244 
07:15:15.813 [main] DEBUG org.sokybot.pk2.Pk2CryptoUtils - File trade_ring_d_da_rare.ddj is not encrypted , flags not exists
07:15:15.813 [main] INFO org.soky.sro.pk2.io.Pk2IOTest - Consuming 4244 byte(s) from file trade_ring_d_da_rare.ddj with size 4244 
07:15:15.813 [main] DEBUG org.sokybot.pk2.Pk2CryptoUtils - File trade_ring_d_ma.ddj is not encrypted , flags not exists
07:15:15.813 [main] INFO org.soky.sro.pk2.io.Pk2IOTest - Consuming 4244 byte(s) from file trade_ring_d_ma.ddj with size 4244 
07:15:15.814 [main] DEBUG org.sokybot.pk2.Pk2CryptoUtils - File trade_ring_d_ma_magic.ddj is not encrypted , flags not exists
07:15:15.814 [main] INFO org.soky.sro.pk2.io.Pk2IOTest - Consuming 4244 byte(s) from file trade_ring_d_ma_magic.ddj with size 4244 
07:15:15.814 [main] DEBUG org.sokybot.pk2.Pk2CryptoUtils - File trade_ring_d_ma_rare.ddj is not encrypted , flags not exists
07:15:15.814 [main] INFO org.soky.sro.pk2.io.Pk2IOTest - Consuming 4244 byte(s) from file trade_ring_d_ma_rare.ddj with size 4244 
07:15:15.814 [main] DEBUG org.sokybot.pk2.Pk2CryptoUtils - File trade_ring_d_pa.ddj is not encrypted , flags not exists
07:15:15.814 [main] INFO org.soky.sro.pk2.io.Pk2IOTest - Consuming 4244 byte(s) from file trade_ring_d_pa.ddj with size 4244 
07:15:15.814 [main] DEBUG org.sokybot.pk2.Pk2CryptoUtils - File trade_ring_d_pa_magic.ddj is not encrypted , flags not exists
07:15:15.814 [main] INFO org.soky.sro.pk2.io.Pk2IOTest - Consuming 4244 byte(s) from file trade_ring_d_pa_magic.ddj with size 4244 
07:15:15.815 [main] DEBUG org.sokybot.pk2.Pk2CryptoUtils - File trade_ring_d_pa_rare.ddj is not encrypted , flags not exists
07:15:15.815 [main] INFO org.soky.sro.pk2.io.Pk2IOTest - Consuming 4244 byte(s) from file trade_ring_d_pa_rare.ddj with size 4244 
07:15:15.815 [main] DEBUG org.sokybot.pk2.Pk2CryptoUtils - File trade_ring_e.ddj is not encrypted , flags not exists
07:15:15.815 [main] INFO org.soky.sro.pk2.io.Pk2IOTest - Consuming 4244 byte(s) from file trade_ring_e.ddj with size 4244 
07:15:15.815 [main] DEBUG org.sokybot.pk2.Pk2CryptoUtils - File trade_ring_e_da.ddj is not encrypted , flags not exists
07:15:15.815 [main] INFO org.soky.sro.pk2.io.Pk2IOTest - Consuming 4244 byte(s) from file trade_ring_e_da.ddj with size 4244 
07:15:15.815 [main] DEBUG org.sokybot.pk2.Pk2CryptoUtils - File trade_ring_e_da_magic.ddj is not encrypted , flags not exists
07:15:15.815 [main] INFO org.soky.sro.pk2.io.Pk2IOTest - Consuming 4244 byte(s) from file trade_ring_e_da_magic.ddj with size 4244 
07:15:15.815 [main] DEBUG org.sokybot.pk2.Pk2CryptoUtils - File trade_ring_e_da_rare.ddj is not encrypted , flags not exists
07:15:15.816 [main] INFO org.soky.sro.pk2.io.Pk2IOTest - Consuming 4244 byte(s) from file trade_ring_e_da_rare.ddj with size 4244 
07:15:15.816 [main] DEBUG org.sokybot.pk2.Pk2CryptoUtils - File trade_ring_e_ma.ddj is not encrypted , flags not exists
07:15:15.816 [main] INFO org.soky.sro.pk2.io.Pk2IOTest - Consuming 4244 byte(s) from file trade_ring_e_ma.ddj with size 4244 
07:15:15.816 [main] DEBUG org.sokybot.pk2.Pk2CryptoUtils - File trade_ring_e_ma_magic.ddj is not encrypted , flags not exists
07:15:15.816 [main] INFO org.soky.sro.pk2.io.Pk2IOTest - Consuming 4244 byte(s) from file trade_ring_e_ma_magic.ddj with size 4244 
07:15:15.816 [main] DEBUG org.sokybot.pk2.Pk2CryptoUtils - File trade_ring_e_ma_magicj.ddj is not encrypted , flags not exists
07:15:15.816 [main] INFO org.soky.sro.pk2.io.Pk2IOTest - Consuming 4244 byte(s) from file trade_ring_e_ma_magicj.ddj with size 4244 
07:15:15.817 [main] DEBUG org.sokybot.pk2.Pk2CryptoUtils - File trade_ring_e_ma_rare.ddj is not encrypted , flags not exists
07:15:15.817 [main] INFO org.soky.sro.pk2.io.Pk2IOTest - Consuming 4244 byte(s) from file trade_ring_e_ma_rare.ddj with size 4244 
07:15:15.817 [main] DEBUG org.sokybot.pk2.Pk2CryptoUtils - File trade_ring_e_pa.ddj is not encrypted , flags not exists
07:15:15.817 [main] INFO org.soky.sro.pk2.io.Pk2IOTest - Consuming 4244 byte(s) from file trade_ring_e_pa.ddj with size 4244 
07:15:15.817 [main] DEBUG org.sokybot.pk2.Pk2CryptoUtils - File trade_ring_e_pa_magic.ddj is not encrypted , flags not exists
07:15:15.817 [main] INFO org.soky.sro.pk2.io.Pk2IOTest - Consuming 4244 byte(s) from file trade_ring_e_pa_magic.ddj with size 4244 
07:15:15.817 [main] DEBUG org.sokybot.pk2.Pk2CryptoUtils - File trade_ring_e_pa_rare.ddj is not encrypted , flags not exists
07:15:15.817 [main] INFO org.soky.sro.pk2.io.Pk2IOTest - Consuming 4244 byte(s) from file trade_ring_e_pa_rare.ddj with size 4244 
07:15:15.818 [main] DEBUG org.sokybot.pk2.Pk2CryptoUtils - File trade_shoes_a.ddj is not encrypted , flags not exists
07:15:15.818 [main] INFO org.soky.sro.pk2.io.Pk2IOTest - Consuming 4244 byte(s) from file trade_shoes_a.ddj with size 4244 
07:15:15.818 [main] DEBUG org.sokybot.pk2.Pk2CryptoUtils - File trade_shoes_a_da.ddj is not encrypted , flags not exists
07:15:15.818 [main] INFO org.soky.sro.pk2.io.Pk2IOTest - Consuming 4244 byte(s) from file trade_shoes_a_da.ddj with size 4244 
07:15:15.818 [main] DEBUG org.sokybot.pk2.Pk2CryptoUtils - File trade_shoes_a_da_magic.ddj is not encrypted , flags not exists
07:15:15.818 [main] INFO org.soky.sro.pk2.io.Pk2IOTest - Consuming 4244 byte(s) from file trade_shoes_a_da_magic.ddj with size 4244 
07:15:15.818 [main] DEBUG org.sokybot.pk2.Pk2CryptoUtils - File trade_shoes_a_da_rare.ddj is not encrypted , flags not exists
07:15:15.818 [main] INFO org.soky.sro.pk2.io.Pk2IOTest - Consuming 4244 byte(s) from file trade_shoes_a_da_rare.ddj with size 4244 
07:15:15.819 [main] DEBUG org.sokybot.pk2.Pk2CryptoUtils - File trade_shoes_a_ma.ddj is not encrypted , flags not exists
07:15:15.819 [main] INFO org.soky.sro.pk2.io.Pk2IOTest - Consuming 4244 byte(s) from file trade_shoes_a_ma.ddj with size 4244 
07:15:15.819 [main] DEBUG org.sokybot.pk2.Pk2CryptoUtils - File trade_shoes_a_ma_magic.ddj is not encrypted , flags not exists
07:15:15.819 [main] INFO org.soky.sro.pk2.io.Pk2IOTest - Consuming 4244 byte(s) from file trade_shoes_a_ma_magic.ddj with size 4244 
07:15:15.819 [main] DEBUG org.sokybot.pk2.Pk2CryptoUtils - File trade_shoes_a_ma_rare.ddj is not encrypted , flags not exists
07:15:15.819 [main] INFO org.soky.sro.pk2.io.Pk2IOTest - Consuming 4244 byte(s) from file trade_shoes_a_ma_rare.ddj with size 4244 
07:15:15.819 [main] DEBUG org.sokybot.pk2.Pk2CryptoUtils - File trade_shoes_a_pa.ddj is not encrypted , flags not exists
07:15:15.819 [main] INFO org.soky.sro.pk2.io.Pk2IOTest - Consuming 4244 byte(s) from file trade_shoes_a_pa.ddj with size 4244 
07:15:15.820 [main] DEBUG org.sokybot.pk2.Pk2CryptoUtils - File trade_shoes_a_pa_magic.ddj is not encrypted , flags not exists
07:15:15.820 [main] INFO org.soky.sro.pk2.io.Pk2IOTest - Consuming 4244 byte(s) from file trade_shoes_a_pa_magic.ddj with size 4244 
07:15:15.820 [main] DEBUG org.sokybot.pk2.Pk2CryptoUtils - File trade_shoes_a_pa_rare.ddj is not encrypted , flags not exists
07:15:15.820 [main] INFO org.soky.sro.pk2.io.Pk2IOTest - Consuming 4244 byte(s) from file trade_shoes_a_pa_rare.ddj with size 4244 
07:15:15.820 [main] DEBUG org.sokybot.pk2.Pk2CryptoUtils - File trade_shoes_b.ddj is not encrypted , flags not exists
07:15:15.820 [main] INFO org.soky.sro.pk2.io.Pk2IOTest - Consuming 4244 byte(s) from file trade_shoes_b.ddj with size 4244 
07:15:15.820 [main] DEBUG org.sokybot.pk2.Pk2CryptoUtils - File trade_shoes_b_da.ddj is not encrypted , flags not exists
07:15:15.821 [main] INFO org.soky.sro.pk2.io.Pk2IOTest - Consuming 4244 byte(s) from file trade_shoes_b_da.ddj with size 4244 
07:15:15.821 [main] DEBUG org.sokybot.pk2.Pk2CryptoUtils - File trade_shoes_b_da_magic.ddj is not encrypted , flags not exists
07:15:15.821 [main] INFO org.soky.sro.pk2.io.Pk2IOTest - Consuming 4244 byte(s) from file trade_shoes_b_da_magic.ddj with size 4244 
07:15:15.821 [main] DEBUG org.sokybot.pk2.Pk2CryptoUtils - File trade_shoes_b_da_rare.ddj is not encrypted , flags not exists
07:15:15.821 [main] INFO org.soky.sro.pk2.io.Pk2IOTest - Consuming 4244 byte(s) from file trade_shoes_b_da_rare.ddj with size 4244 
07:15:15.821 [main] DEBUG org.sokybot.pk2.Pk2CryptoUtils - File trade_shoes_b_ma.ddj is not encrypted , flags not exists
07:15:15.821 [main] INFO org.soky.sro.pk2.io.Pk2IOTest - Consuming 4244 byte(s) from file trade_shoes_b_ma.ddj with size 4244 
07:15:15.821 [main] DEBUG org.sokybot.pk2.Pk2CryptoUtils - File trade_shoes_b_ma_magic.ddj is not encrypted , flags not exists
07:15:15.822 [main] INFO org.soky.sro.pk2.io.Pk2IOTest - Consuming 4244 byte(s) from file trade_shoes_b_ma_magic.ddj with size 4244 
07:15:15.822 [main] DEBUG org.sokybot.pk2.Pk2CryptoUtils - File trade_shoes_b_ma_rare.ddj is not encrypted , flags not exists
07:15:15.822 [main] INFO org.soky.sro.pk2.io.Pk2IOTest - Consuming 4244 byte(s) from file trade_shoes_b_ma_rare.ddj with size 4244 
07:15:15.822 [main] DEBUG org.sokybot.pk2.Pk2CryptoUtils - File trade_shoes_b_pa.ddj is not encrypted , flags not exists
07:15:15.822 [main] INFO org.soky.sro.pk2.io.Pk2IOTest - Consuming 4244 byte(s) from file trade_shoes_b_pa.ddj with size 4244 
07:15:15.822 [main] DEBUG org.sokybot.pk2.Pk2CryptoUtils - File trade_shoes_b_pa_magic.ddj is not encrypted , flags not exists
07:15:15.822 [main] INFO org.soky.sro.pk2.io.Pk2IOTest - Consuming 4244 byte(s) from file trade_shoes_b_pa_magic.ddj with size 4244 
07:15:15.822 [main] DEBUG org.sokybot.pk2.Pk2CryptoUtils - File trade_shoes_b_pa_rare.ddj is not encrypted , flags not exists
07:15:15.823 [main] INFO org.soky.sro.pk2.io.Pk2IOTest - Consuming 4244 byte(s) from file trade_shoes_b_pa_rare.ddj with size 4244 
07:15:15.823 [main] DEBUG org.sokybot.pk2.Pk2CryptoUtils - File trade_shoes_c.ddj is not encrypted , flags not exists
07:15:15.823 [main] INFO org.soky.sro.pk2.io.Pk2IOTest - Consuming 4244 byte(s) from file trade_shoes_c.ddj with size 4244 
07:15:15.823 [main] DEBUG org.sokybot.pk2.Pk2CryptoUtils - File trade_shoes_c_da.ddj is not encrypted , flags not exists
07:15:15.823 [main] INFO org.soky.sro.pk2.io.Pk2IOTest - Consuming 4244 byte(s) from file trade_shoes_c_da.ddj with size 4244 
07:15:15.823 [main] DEBUG org.sokybot.pk2.Pk2CryptoUtils - File trade_shoes_c_da_magic.ddj is not encrypted , flags not exists
07:15:15.823 [main] INFO org.soky.sro.pk2.io.Pk2IOTest - Consuming 4244 byte(s) from file trade_shoes_c_da_magic.ddj with size 4244 
07:15:15.824 [main] DEBUG org.sokybot.pk2.Pk2CryptoUtils - File trade_shoes_c_da_rare.ddj is not encrypted , flags not exists
07:15:15.824 [main] INFO org.soky.sro.pk2.io.Pk2IOTest - Consuming 4244 byte(s) from file trade_shoes_c_da_rare.ddj with size 4244 
07:15:15.824 [main] DEBUG org.sokybot.pk2.Pk2CryptoUtils - File trade_shoes_c_ma.ddj is not encrypted , flags not exists
07:15:15.824 [main] INFO org.soky.sro.pk2.io.Pk2IOTest - Consuming 4244 byte(s) from file trade_shoes_c_ma.ddj with size 4244 
07:15:15.824 [main] DEBUG org.sokybot.pk2.Pk2CryptoUtils - File trade_shoes_c_ma_magic.ddj is not encrypted , flags not exists
07:15:15.824 [main] INFO org.soky.sro.pk2.io.Pk2IOTest - Consuming 4244 byte(s) from file trade_shoes_c_ma_magic.ddj with size 4244 
07:15:15.824 [main] DEBUG org.sokybot.pk2.Pk2CryptoUtils - File trade_shoes_c_ma_rare.ddj is not encrypted , flags not exists
07:15:15.825 [main] INFO org.soky.sro.pk2.io.Pk2IOTest - Consuming 4244 byte(s) from file trade_shoes_c_ma_rare.ddj with size 4244 
07:15:15.825 [main] DEBUG org.sokybot.pk2.Pk2CryptoUtils - File trade_shoes_c_pa.ddj is not encrypted , flags not exists
07:15:15.825 [main] INFO org.soky.sro.pk2.io.Pk2IOTest - Consuming 4244 byte(s) from file trade_shoes_c_pa.ddj with size 4244 
07:15:15.825 [main] DEBUG org.sokybot.pk2.Pk2CryptoUtils - File trade_shoes_c_pa_magic.ddj is not encrypted , flags not exists
07:15:15.825 [main] INFO org.soky.sro.pk2.io.Pk2IOTest - Consuming 4244 byte(s) from file trade_shoes_c_pa_magic.ddj with size 4244 
07:15:15.825 [main] DEBUG org.sokybot.pk2.Pk2CryptoUtils - File trade_shoes_c_pa_rare.ddj is not encrypted , flags not exists
07:15:15.825 [main] INFO org.soky.sro.pk2.io.Pk2IOTest - Consuming 4244 byte(s) from file trade_shoes_c_pa_rare.ddj with size 4244 
07:15:15.825 [main] DEBUG org.sokybot.pk2.Pk2CryptoUtils - File trade_shoes_d.ddj is not encrypted , flags not exists
07:15:15.826 [main] INFO org.soky.sro.pk2.io.Pk2IOTest - Consuming 4244 byte(s) from file trade_shoes_d.ddj with size 4244 
07:15:15.826 [main] DEBUG org.sokybot.pk2.Pk2CryptoUtils - File trade_shoes_d_da.ddj is not encrypted , flags not exists
07:15:15.826 [main] INFO org.soky.sro.pk2.io.Pk2IOTest - Consuming 4244 byte(s) from file trade_shoes_d_da.ddj with size 4244 
07:15:15.826 [main] DEBUG org.sokybot.pk2.Pk2CryptoUtils - File trade_shoes_d_da_magic.ddj is not encrypted , flags not exists
07:15:15.826 [main] INFO org.soky.sro.pk2.io.Pk2IOTest - Consuming 4244 byte(s) from file trade_shoes_d_da_magic.ddj with size 4244 
07:15:15.826 [main] DEBUG org.sokybot.pk2.Pk2CryptoUtils - File trade_shoes_d_da_rare.ddj is not encrypted , flags not exists
07:15:15.826 [main] INFO org.soky.sro.pk2.io.Pk2IOTest - Consuming 4244 byte(s) from file trade_shoes_d_da_rare.ddj with size 4244 
07:15:15.827 [main] DEBUG org.sokybot.pk2.Pk2CryptoUtils - File trade_shoes_d_ma.ddj is not encrypted , flags not exists
07:15:15.827 [main] INFO org.soky.sro.pk2.io.Pk2IOTest - Consuming 4244 byte(s) from file trade_shoes_d_ma.ddj with size 4244 
07:15:15.827 [main] DEBUG org.sokybot.pk2.Pk2CryptoUtils - File trade_shoes_d_ma_magic.ddj is not encrypted , flags not exists
07:15:15.827 [main] INFO org.soky.sro.pk2.io.Pk2IOTest - Consuming 4244 byte(s) from file trade_shoes_d_ma_magic.ddj with size 4244 
07:15:15.827 [main] DEBUG org.sokybot.pk2.Pk2CryptoUtils - File trade_shoes_d_ma_rare.ddj is not encrypted , flags not exists
07:15:15.827 [main] INFO org.soky.sro.pk2.io.Pk2IOTest - Consuming 4244 byte(s) from file trade_shoes_d_ma_rare.ddj with size 4244 
07:15:15.827 [main] DEBUG org.sokybot.pk2.Pk2CryptoUtils - File trade_shoes_d_pa.ddj is not encrypted , flags not exists
07:15:15.827 [main] INFO org.soky.sro.pk2.io.Pk2IOTest - Consuming 4244 byte(s) from file trade_shoes_d_pa.ddj with size 4244 
07:15:15.828 [main] DEBUG org.sokybot.pk2.Pk2CryptoUtils - File trade_shoes_d_pa_magic.ddj is not encrypted , flags not exists
07:15:15.828 [main] INFO org.soky.sro.pk2.io.Pk2IOTest - Consuming 4244 byte(s) from file trade_shoes_d_pa_magic.ddj with size 4244 
07:15:15.828 [main] DEBUG org.sokybot.pk2.Pk2CryptoUtils - File trade_shoes_d_pa_rare.ddj is not encrypted , flags not exists
07:15:15.828 [main] INFO org.soky.sro.pk2.io.Pk2IOTest - Consuming 4244 byte(s) from file trade_shoes_d_pa_rare.ddj with size 4244 
07:15:15.828 [main] DEBUG org.sokybot.pk2.Pk2CryptoUtils - File trade_shoes_e.ddj is not encrypted , flags not exists
07:15:15.828 [main] INFO org.soky.sro.pk2.io.Pk2IOTest - Consuming 4244 byte(s) from file trade_shoes_e.ddj with size 4244 
07:15:15.828 [main] DEBUG org.sokybot.pk2.Pk2CryptoUtils - File trade_shoes_e_da.ddj is not encrypted , flags not exists
07:15:15.828 [main] INFO org.soky.sro.pk2.io.Pk2IOTest - Consuming 4244 byte(s) from file trade_shoes_e_da.ddj with size 4244 
07:15:15.829 [main] DEBUG org.sokybot.pk2.Pk2CryptoUtils - File trade_shoes_e_da_magic.ddj is not encrypted , flags not exists
07:15:15.829 [main] INFO org.soky.sro.pk2.io.Pk2IOTest - Consuming 4244 byte(s) from file trade_shoes_e_da_magic.ddj with size 4244 
07:15:15.829 [main] DEBUG org.sokybot.pk2.Pk2CryptoUtils - File trade_shoes_e_da_rare.ddj is not encrypted , flags not exists
07:15:15.829 [main] INFO org.soky.sro.pk2.io.Pk2IOTest - Consuming 4244 byte(s) from file trade_shoes_e_da_rare.ddj with size 4244 
07:15:15.829 [main] DEBUG org.sokybot.pk2.Pk2CryptoUtils - File trade_shoes_e_ma.ddj is not encrypted , flags not exists
07:15:15.829 [main] INFO org.soky.sro.pk2.io.Pk2IOTest - Consuming 4244 byte(s) from file trade_shoes_e_ma.ddj with size 4244 
07:15:15.829 [main] DEBUG org.sokybot.pk2.Pk2CryptoUtils - File trade_shoes_e_ma_magic.ddj is not encrypted , flags not exists
07:15:15.829 [main] INFO org.soky.sro.pk2.io.Pk2IOTest - Consuming 4244 byte(s) from file trade_shoes_e_ma_magic.ddj with size 4244 
07:15:15.830 [main] DEBUG org.sokybot.pk2.Pk2CryptoUtils - File trade_shoes_e_ma_rare.ddj is not encrypted , flags not exists
07:15:15.830 [main] INFO org.soky.sro.pk2.io.Pk2IOTest - Consuming 4244 byte(s) from file trade_shoes_e_ma_rare.ddj with size 4244 
07:15:15.830 [main] DEBUG org.sokybot.pk2.Pk2CryptoUtils - File trade_shoes_e_pa.ddj is not encrypted , flags not exists
07:15:15.830 [main] INFO org.soky.sro.pk2.io.Pk2IOTest - Consuming 4244 byte(s) from file trade_shoes_e_pa.ddj with size 4244 
07:15:15.830 [main] DEBUG org.sokybot.pk2.Pk2CryptoUtils - File trade_shoes_e_pa_magic.ddj is not encrypted , flags not exists
07:15:15.830 [main] INFO org.soky.sro.pk2.io.Pk2IOTest - Consuming 4244 byte(s) from file trade_shoes_e_pa_magic.ddj with size 4244 
07:15:15.830 [main] DEBUG org.sokybot.pk2.Pk2CryptoUtils - File trade_shoes_e_pa_rare.ddj is not encrypted , flags not exists
07:15:15.830 [main] INFO org.soky.sro.pk2.io.Pk2IOTest - Consuming 4244 byte(s) from file trade_shoes_e_pa_rare.ddj with size 4244 
07:15:15.831 [main] DEBUG org.sokybot.pk2.Pk2CryptoUtils - File trade_shoulder_a.ddj is not encrypted , flags not exists
07:15:15.831 [main] INFO org.soky.sro.pk2.io.Pk2IOTest - Consuming 4244 byte(s) from file trade_shoulder_a.ddj with size 4244 
07:15:15.831 [main] DEBUG org.sokybot.pk2.Pk2CryptoUtils - File trade_shoulder_a_da.ddj is not encrypted , flags not exists
07:15:15.831 [main] INFO org.soky.sro.pk2.io.Pk2IOTest - Consuming 4244 byte(s) from file trade_shoulder_a_da.ddj with size 4244 
07:15:15.831 [main] DEBUG org.sokybot.pk2.Pk2CryptoUtils - File trade_shoulder_a_da_magic.ddj is not encrypted , flags not exists
07:15:15.831 [main] INFO org.soky.sro.pk2.io.Pk2IOTest - Consuming 4244 byte(s) from file trade_shoulder_a_da_magic.ddj with size 4244 
07:15:15.831 [main] DEBUG org.sokybot.pk2.Pk2CryptoUtils - File trade_shoulder_a_da_rare.ddj is not encrypted , flags not exists
07:15:15.831 [main] INFO org.soky.sro.pk2.io.Pk2IOTest - Consuming 4244 byte(s) from file trade_shoulder_a_da_rare.ddj with size 4244 
07:15:15.832 [main] DEBUG org.sokybot.pk2.Pk2CryptoUtils - File trade_shoulder_a_ma.ddj is not encrypted , flags not exists
07:15:15.832 [main] INFO org.soky.sro.pk2.io.Pk2IOTest - Consuming 4244 byte(s) from file trade_shoulder_a_ma.ddj with size 4244 
07:15:15.832 [main] DEBUG org.sokybot.pk2.Pk2CryptoUtils - File trade_shoulder_a_ma_magic.ddj is not encrypted , flags not exists
07:15:15.832 [main] INFO org.soky.sro.pk2.io.Pk2IOTest - Consuming 4244 byte(s) from file trade_shoulder_a_ma_magic.ddj with size 4244 
07:15:15.832 [main] DEBUG org.sokybot.pk2.Pk2CryptoUtils - File trade_shoulder_a_ma_rare.ddj is not encrypted , flags not exists
07:15:15.832 [main] INFO org.soky.sro.pk2.io.Pk2IOTest - Consuming 4244 byte(s) from file trade_shoulder_a_ma_rare.ddj with size 4244 
07:15:15.832 [main] DEBUG org.sokybot.pk2.Pk2CryptoUtils - File trade_shoulder_a_pa.ddj is not encrypted , flags not exists
07:15:15.833 [main] INFO org.soky.sro.pk2.io.Pk2IOTest - Consuming 4244 byte(s) from file trade_shoulder_a_pa.ddj with size 4244 
07:15:15.833 [main] DEBUG org.sokybot.pk2.Pk2CryptoUtils - File trade_shoulder_a_pa_magic.ddj is not encrypted , flags not exists
07:15:15.833 [main] INFO org.soky.sro.pk2.io.Pk2IOTest - Consuming 4244 byte(s) from file trade_shoulder_a_pa_magic.ddj with size 4244 
07:15:15.833 [main] DEBUG org.sokybot.pk2.Pk2CryptoUtils - File trade_shoulder_a_pa_rare.ddj is not encrypted , flags not exists
07:15:15.833 [main] INFO org.soky.sro.pk2.io.Pk2IOTest - Consuming 4244 byte(s) from file trade_shoulder_a_pa_rare.ddj with size 4244 
07:15:15.833 [main] DEBUG org.sokybot.pk2.Pk2CryptoUtils - File trade_shoulder_b.ddj is not encrypted , flags not exists
07:15:15.833 [main] INFO org.soky.sro.pk2.io.Pk2IOTest - Consuming 4244 byte(s) from file trade_shoulder_b.ddj with size 4244 
07:15:15.834 [main] DEBUG org.sokybot.pk2.Pk2CryptoUtils - File trade_shoulder_b_da.ddj is not encrypted , flags not exists
07:15:15.834 [main] INFO org.soky.sro.pk2.io.Pk2IOTest - Consuming 4244 byte(s) from file trade_shoulder_b_da.ddj with size 4244 
07:15:15.834 [main] DEBUG org.sokybot.pk2.Pk2CryptoUtils - File trade_shoulder_b_da_magic.ddj is not encrypted , flags not exists
07:15:15.834 [main] INFO org.soky.sro.pk2.io.Pk2IOTest - Consuming 4244 byte(s) from file trade_shoulder_b_da_magic.ddj with size 4244 
07:15:15.834 [main] DEBUG org.sokybot.pk2.Pk2CryptoUtils - File trade_shoulder_b_da_rare.ddj is not encrypted , flags not exists
07:15:15.834 [main] INFO org.soky.sro.pk2.io.Pk2IOTest - Consuming 4244 byte(s) from file trade_shoulder_b_da_rare.ddj with size 4244 
07:15:15.834 [main] DEBUG org.sokybot.pk2.Pk2CryptoUtils - File trade_shoulder_b_ma.ddj is not encrypted , flags not exists
07:15:15.835 [main] INFO org.soky.sro.pk2.io.Pk2IOTest - Consuming 4244 byte(s) from file trade_shoulder_b_ma.ddj with size 4244 
07:15:15.835 [main] DEBUG org.sokybot.pk2.Pk2CryptoUtils - File trade_shoulder_b_ma_magic.ddj is not encrypted , flags not exists
07:15:15.835 [main] INFO org.soky.sro.pk2.io.Pk2IOTest - Consuming 4244 byte(s) from file trade_shoulder_b_ma_magic.ddj with size 4244 
07:15:15.835 [main] DEBUG org.sokybot.pk2.Pk2CryptoUtils - File trade_shoulder_b_ma_rare.ddj is not encrypted , flags not exists
07:15:15.835 [main] INFO org.soky.sro.pk2.io.Pk2IOTest - Consuming 4244 byte(s) from file trade_shoulder_b_ma_rare.ddj with size 4244 
07:15:15.835 [main] DEBUG org.sokybot.pk2.Pk2CryptoUtils - File trade_shoulder_b_pa.ddj is not encrypted , flags not exists
07:15:15.835 [main] INFO org.soky.sro.pk2.io.Pk2IOTest - Consuming 4244 byte(s) from file trade_shoulder_b_pa.ddj with size 4244 
07:15:15.836 [main] DEBUG org.sokybot.pk2.Pk2CryptoUtils - File trade_shoulder_b_pa_magic.ddj is not encrypted , flags not exists
07:15:15.836 [main] INFO org.soky.sro.pk2.io.Pk2IOTest - Consuming 4244 byte(s) from file trade_shoulder_b_pa_magic.ddj with size 4244 
07:15:15.836 [main] DEBUG org.sokybot.pk2.Pk2CryptoUtils - File trade_shoulder_b_pa_rare.ddj is not encrypted , flags not exists
07:15:15.836 [main] INFO org.soky.sro.pk2.io.Pk2IOTest - Consuming 4244 byte(s) from file trade_shoulder_b_pa_rare.ddj with size 4244 
07:15:15.836 [main] DEBUG org.sokybot.pk2.Pk2CryptoUtils - File trade_shoulder_c.ddj is not encrypted , flags not exists
07:15:15.836 [main] INFO org.soky.sro.pk2.io.Pk2IOTest - Consuming 4244 byte(s) from file trade_shoulder_c.ddj with size 4244 
07:15:15.836 [main] DEBUG org.sokybot.pk2.Pk2CryptoUtils - File trade_shoulder_c_da.ddj is not encrypted , flags not exists
07:15:15.837 [main] INFO org.soky.sro.pk2.io.Pk2IOTest - Consuming 4244 byte(s) from file trade_shoulder_c_da.ddj with size 4244 
07:15:15.837 [main] DEBUG org.sokybot.pk2.Pk2CryptoUtils - File trade_shoulder_c_da_magic.ddj is not encrypted , flags not exists
07:15:15.837 [main] INFO org.soky.sro.pk2.io.Pk2IOTest - Consuming 4244 byte(s) from file trade_shoulder_c_da_magic.ddj with size 4244 
07:15:15.837 [main] DEBUG org.sokybot.pk2.Pk2CryptoUtils - File trade_shoulder_c_da_rare.ddj is not encrypted , flags not exists
07:15:15.837 [main] INFO org.soky.sro.pk2.io.Pk2IOTest - Consuming 4244 byte(s) from file trade_shoulder_c_da_rare.ddj with size 4244 
07:15:15.838 [main] DEBUG org.sokybot.pk2.Pk2CryptoUtils - File trade_shoulder_c_ma.ddj is not encrypted , flags not exists
07:15:15.838 [main] INFO org.soky.sro.pk2.io.Pk2IOTest - Consuming 4244 byte(s) from file trade_shoulder_c_ma.ddj with size 4244 
07:15:15.838 [main] DEBUG org.sokybot.pk2.Pk2CryptoUtils - File trade_shoulder_c_ma_magic.ddj is not encrypted , flags not exists
07:15:15.838 [main] INFO org.soky.sro.pk2.io.Pk2IOTest - Consuming 4244 byte(s) from file trade_shoulder_c_ma_magic.ddj with size 4244 
07:15:15.838 [main] DEBUG org.sokybot.pk2.Pk2CryptoUtils - File trade_shoulder_c_ma_rare.ddj is not encrypted , flags not exists
07:15:15.838 [main] INFO org.soky.sro.pk2.io.Pk2IOTest - Consuming 4244 byte(s) from file trade_shoulder_c_ma_rare.ddj with size 4244 
07:15:15.838 [main] DEBUG org.sokybot.pk2.Pk2CryptoUtils - File trade_shoulder_c_pa.ddj is not encrypted , flags not exists
07:15:15.839 [main] INFO org.soky.sro.pk2.io.Pk2IOTest - Consuming 4244 byte(s) from file trade_shoulder_c_pa.ddj with size 4244 
07:15:15.839 [main] DEBUG org.sokybot.pk2.Pk2CryptoUtils - File trade_shoulder_c_pa_magic.ddj is not encrypted , flags not exists
07:15:15.839 [main] INFO org.soky.sro.pk2.io.Pk2IOTest - Consuming 4244 byte(s) from file trade_shoulder_c_pa_magic.ddj with size 4244 
07:15:15.839 [main] DEBUG org.sokybot.pk2.Pk2CryptoUtils - File trade_shoulder_c_pa_rare.ddj is not encrypted , flags not exists
07:15:15.839 [main] INFO org.soky.sro.pk2.io.Pk2IOTest - Consuming 4244 byte(s) from file trade_shoulder_c_pa_rare.ddj with size 4244 
07:15:15.839 [main] DEBUG org.sokybot.pk2.Pk2CryptoUtils - File trade_shoulder_d.ddj is not encrypted , flags not exists
07:15:15.839 [main] INFO org.soky.sro.pk2.io.Pk2IOTest - Consuming 4244 byte(s) from file trade_shoulder_d.ddj with size 4244 
07:15:15.840 [main] DEBUG org.sokybot.pk2.Pk2CryptoUtils - File trade_shoulder_d_da.ddj is not encrypted , flags not exists
07:15:15.840 [main] INFO org.soky.sro.pk2.io.Pk2IOTest - Consuming 4244 byte(s) from file trade_shoulder_d_da.ddj with size 4244 
07:15:15.840 [main] DEBUG org.sokybot.pk2.Pk2CryptoUtils - File trade_shoulder_d_da_magic.ddj is not encrypted , flags not exists
07:15:15.840 [main] INFO org.soky.sro.pk2.io.Pk2IOTest - Consuming 4244 byte(s) from file trade_shoulder_d_da_magic.ddj with size 4244 
07:15:15.840 [main] DEBUG org.sokybot.pk2.Pk2CryptoUtils - File trade_shoulder_d_da_rare.ddj is not encrypted , flags not exists
07:15:15.840 [main] INFO org.soky.sro.pk2.io.Pk2IOTest - Consuming 4244 byte(s) from file trade_shoulder_d_da_rare.ddj with size 4244 
07:15:15.841 [main] DEBUG org.sokybot.pk2.Pk2CryptoUtils - File trade_shoulder_d_ma.ddj is not encrypted , flags not exists
07:15:15.841 [main] INFO org.soky.sro.pk2.io.Pk2IOTest - Consuming 4244 byte(s) from file trade_shoulder_d_ma.ddj with size 4244 
07:15:15.841 [main] DEBUG org.sokybot.pk2.Pk2CryptoUtils - File trade_shoulder_d_ma_magic.ddj is not encrypted , flags not exists
07:15:15.841 [main] INFO org.soky.sro.pk2.io.Pk2IOTest - Consuming 4244 byte(s) from file trade_shoulder_d_ma_magic.ddj with size 4244 
07:15:15.841 [main] DEBUG org.sokybot.pk2.Pk2CryptoUtils - File trade_shoulder_d_ma_rare.ddj is not encrypted , flags not exists
07:15:15.841 [main] INFO org.soky.sro.pk2.io.Pk2IOTest - Consuming 4244 byte(s) from file trade_shoulder_d_ma_rare.ddj with size 4244 
07:15:15.841 [main] DEBUG org.sokybot.pk2.Pk2CryptoUtils - File trade_shoulder_d_pa.ddj is not encrypted , flags not exists
07:15:15.842 [main] INFO org.soky.sro.pk2.io.Pk2IOTest - Consuming 4244 byte(s) from file trade_shoulder_d_pa.ddj with size 4244 
07:15:15.842 [main] DEBUG org.sokybot.pk2.Pk2CryptoUtils - File trade_shoulder_d_pa_magic.ddj is not encrypted , flags not exists
07:15:15.842 [main] INFO org.soky.sro.pk2.io.Pk2IOTest - Consuming 4244 byte(s) from file trade_shoulder_d_pa_magic.ddj with size 4244 
07:15:15.842 [main] DEBUG org.sokybot.pk2.Pk2CryptoUtils - File trade_shoulder_d_pa_rare.ddj is not encrypted , flags not exists
07:15:15.842 [main] INFO org.soky.sro.pk2.io.Pk2IOTest - Consuming 4244 byte(s) from file trade_shoulder_d_pa_rare.ddj with size 4244 
07:15:15.842 [main] DEBUG org.sokybot.pk2.Pk2CryptoUtils - File trade_shoulder_e.ddj is not encrypted , flags not exists
07:15:15.842 [main] INFO org.soky.sro.pk2.io.Pk2IOTest - Consuming 4244 byte(s) from file trade_shoulder_e.ddj with size 4244 
07:15:15.843 [main] DEBUG org.sokybot.pk2.Pk2CryptoUtils - File trade_shoulder_e_da.ddj is not encrypted , flags not exists
07:15:15.843 [main] INFO org.soky.sro.pk2.io.Pk2IOTest - Consuming 4244 byte(s) from file trade_shoulder_e_da.ddj with size 4244 
07:15:15.843 [main] DEBUG org.sokybot.pk2.Pk2CryptoUtils - File trade_shoulder_e_da_magic.ddj is not encrypted , flags not exists
07:15:15.843 [main] INFO org.soky.sro.pk2.io.Pk2IOTest - Consuming 4244 byte(s) from file trade_shoulder_e_da_magic.ddj with size 4244 
07:15:15.843 [main] DEBUG org.sokybot.pk2.Pk2CryptoUtils - File trade_shoulder_e_da_rare.ddj is not encrypted , flags not exists
07:15:15.843 [main] INFO org.soky.sro.pk2.io.Pk2IOTest - Consuming 4244 byte(s) from file trade_shoulder_e_da_rare.ddj with size 4244 
07:15:15.844 [main] DEBUG org.sokybot.pk2.Pk2CryptoUtils - File trade_shoulder_e_ma.ddj is not encrypted , flags not exists
07:15:15.844 [main] INFO org.soky.sro.pk2.io.Pk2IOTest - Consuming 4244 byte(s) from file trade_shoulder_e_ma.ddj with size 4244 
07:15:15.844 [main] DEBUG org.sokybot.pk2.Pk2CryptoUtils - File trade_shoulder_e_ma_magic.ddj is not encrypted , flags not exists
07:15:15.844 [main] INFO org.soky.sro.pk2.io.Pk2IOTest - Consuming 4244 byte(s) from file trade_shoulder_e_ma_magic.ddj with size 4244 
07:15:15.844 [main] DEBUG org.sokybot.pk2.Pk2CryptoUtils - File trade_shoulder_e_ma_rare.ddj is not encrypted , flags not exists
07:15:15.844 [main] INFO org.soky.sro.pk2.io.Pk2IOTest - Consuming 4244 byte(s) from file trade_shoulder_e_ma_rare.ddj with size 4244 
07:15:15.844 [main] DEBUG org.sokybot.pk2.Pk2CryptoUtils - File trade_shoulder_e_pa.ddj is not encrypted , flags not exists
07:15:15.844 [main] INFO org.soky.sro.pk2.io.Pk2IOTest - Consuming 4244 byte(s) from file trade_shoulder_e_pa.ddj with size 4244 
07:15:15.845 [main] DEBUG org.sokybot.pk2.Pk2CryptoUtils - File trade_shoulder_e_pa_magic.ddj is not encrypted , flags not exists
07:15:15.845 [main] INFO org.soky.sro.pk2.io.Pk2IOTest - Consuming 4244 byte(s) from file trade_shoulder_e_pa_magic.ddj with size 4244 
07:15:15.845 [main] DEBUG org.sokybot.pk2.Pk2CryptoUtils - File trade_shoulder_e_pa_rare.ddj is not encrypted , flags not exists
07:15:15.845 [main] INFO org.soky.sro.pk2.io.Pk2IOTest - Consuming 4244 byte(s) from file trade_shoulder_e_pa_rare.ddj with size 4244 
07:15:15.845 [main] DEBUG org.sokybot.pk2.Pk2CryptoUtils - File trade_weapon_a.ddj is not encrypted , flags not exists
07:15:15.845 [main] INFO org.soky.sro.pk2.io.Pk2IOTest - Consuming 4244 byte(s) from file trade_weapon_a.ddj with size 4244 
07:15:15.845 [main] DEBUG org.sokybot.pk2.Pk2CryptoUtils - File trade_weapon_a_da.ddj is not encrypted , flags not exists
07:15:15.846 [main] INFO org.soky.sro.pk2.io.Pk2IOTest - Consuming 4244 byte(s) from file trade_weapon_a_da.ddj with size 4244 
07:15:15.846 [main] DEBUG org.sokybot.pk2.Pk2CryptoUtils - File trade_weapon_a_da_magic.ddj is not encrypted , flags not exists
07:15:15.846 [main] INFO org.soky.sro.pk2.io.Pk2IOTest - Consuming 4244 byte(s) from file trade_weapon_a_da_magic.ddj with size 4244 
07:15:15.846 [main] DEBUG org.sokybot.pk2.Pk2CryptoUtils - File trade_weapon_a_da_rare.ddj is not encrypted , flags not exists
07:15:15.846 [main] INFO org.soky.sro.pk2.io.Pk2IOTest - Consuming 4244 byte(s) from file trade_weapon_a_da_rare.ddj with size 4244 
07:15:15.846 [main] DEBUG org.sokybot.pk2.Pk2CryptoUtils - File trade_weapon_a_ma.ddj is not encrypted , flags not exists
07:15:15.846 [main] INFO org.soky.sro.pk2.io.Pk2IOTest - Consuming 4244 byte(s) from file trade_weapon_a_ma.ddj with size 4244 
07:15:15.847 [main] DEBUG org.sokybot.pk2.Pk2CryptoUtils - File trade_weapon_a_ma_magic.ddj is not encrypted , flags not exists
07:15:15.847 [main] INFO org.soky.sro.pk2.io.Pk2IOTest - Consuming 4244 byte(s) from file trade_weapon_a_ma_magic.ddj with size 4244 
07:15:15.847 [main] DEBUG org.sokybot.pk2.Pk2CryptoUtils - File trade_weapon_a_ma_rare.ddj is not encrypted , flags not exists
07:15:15.847 [main] INFO org.soky.sro.pk2.io.Pk2IOTest - Consuming 4244 byte(s) from file trade_weapon_a_ma_rare.ddj with size 4244 
07:15:15.847 [main] DEBUG org.sokybot.pk2.Pk2CryptoUtils - File trade_weapon_a_pa.ddj is not encrypted , flags not exists
07:15:15.847 [main] INFO org.soky.sro.pk2.io.Pk2IOTest - Consuming 4244 byte(s) from file trade_weapon_a_pa.ddj with size 4244 
07:15:15.847 [main] DEBUG org.sokybot.pk2.Pk2CryptoUtils - File trade_weapon_a_pa_magic.ddj is not encrypted , flags not exists
07:15:15.848 [main] INFO org.soky.sro.pk2.io.Pk2IOTest - Consuming 4244 byte(s) from file trade_weapon_a_pa_magic.ddj with size 4244 
07:15:15.848 [main] DEBUG org.sokybot.pk2.Pk2CryptoUtils - File trade_weapon_a_pa_rare.ddj is not encrypted , flags not exists
07:15:15.848 [main] INFO org.soky.sro.pk2.io.Pk2IOTest - Consuming 4244 byte(s) from file trade_weapon_a_pa_rare.ddj with size 4244 
07:15:15.848 [main] DEBUG org.sokybot.pk2.Pk2CryptoUtils - File trade_weapon_b.ddj is not encrypted , flags not exists
07:15:15.848 [main] INFO org.soky.sro.pk2.io.Pk2IOTest - Consuming 4244 byte(s) from file trade_weapon_b.ddj with size 4244 
07:15:15.848 [main] DEBUG org.sokybot.pk2.Pk2CryptoUtils - File trade_weapon_b_da.ddj is not encrypted , flags not exists
07:15:15.848 [main] INFO org.soky.sro.pk2.io.Pk2IOTest - Consuming 4244 byte(s) from file trade_weapon_b_da.ddj with size 4244 
07:15:15.848 [main] DEBUG org.sokybot.pk2.Pk2CryptoUtils - File trade_weapon_b_da_magic.ddj is not encrypted , flags not exists
07:15:15.849 [main] INFO org.soky.sro.pk2.io.Pk2IOTest - Consuming 4244 byte(s) from file trade_weapon_b_da_magic.ddj with size 4244 
07:15:15.849 [main] DEBUG org.sokybot.pk2.Pk2CryptoUtils - File trade_weapon_b_da_rare.ddj is not encrypted , flags not exists
07:15:15.849 [main] INFO org.soky.sro.pk2.io.Pk2IOTest - Consuming 4244 byte(s) from file trade_weapon_b_da_rare.ddj with size 4244 
07:15:15.849 [main] DEBUG org.sokybot.pk2.Pk2CryptoUtils - File trade_weapon_b_ma.ddj is not encrypted , flags not exists
07:15:15.849 [main] INFO org.soky.sro.pk2.io.Pk2IOTest - Consuming 4244 byte(s) from file trade_weapon_b_ma.ddj with size 4244 
07:15:15.849 [main] DEBUG org.sokybot.pk2.Pk2CryptoUtils - File trade_weapon_b_ma_magic.ddj is not encrypted , flags not exists
07:15:15.849 [main] INFO org.soky.sro.pk2.io.Pk2IOTest - Consuming 4244 byte(s) from file trade_weapon_b_ma_magic.ddj with size 4244 
07:15:15.849 [main] DEBUG org.sokybot.pk2.Pk2CryptoUtils - File trade_weapon_b_ma_rare.ddj is not encrypted , flags not exists
07:15:15.850 [main] INFO org.soky.sro.pk2.io.Pk2IOTest - Consuming 4244 byte(s) from file trade_weapon_b_ma_rare.ddj with size 4244 
07:15:15.850 [main] DEBUG org.sokybot.pk2.Pk2CryptoUtils - File trade_weapon_b_pa.ddj is not encrypted , flags not exists
07:15:15.850 [main] INFO org.soky.sro.pk2.io.Pk2IOTest - Consuming 4244 byte(s) from file trade_weapon_b_pa.ddj with size 4244 
07:15:15.850 [main] DEBUG org.sokybot.pk2.Pk2CryptoUtils - File trade_weapon_b_pa_magic.ddj is not encrypted , flags not exists
07:15:15.850 [main] INFO org.soky.sro.pk2.io.Pk2IOTest - Consuming 4244 byte(s) from file trade_weapon_b_pa_magic.ddj with size 4244 
07:15:15.850 [main] DEBUG org.sokybot.pk2.Pk2CryptoUtils - File trade_weapon_b_pa_rare.ddj is not encrypted , flags not exists
07:15:15.850 [main] INFO org.soky.sro.pk2.io.Pk2IOTest - Consuming 4244 byte(s) from file trade_weapon_b_pa_rare.ddj with size 4244 
07:15:15.850 [main] DEBUG org.sokybot.pk2.Pk2CryptoUtils - File trade_weapon_c.ddj is not encrypted , flags not exists
07:15:15.851 [main] INFO org.soky.sro.pk2.io.Pk2IOTest - Consuming 4244 byte(s) from file trade_weapon_c.ddj with size 4244 
07:15:15.851 [main] DEBUG org.sokybot.pk2.Pk2CryptoUtils - File trade_weapon_c_da.ddj is not encrypted , flags not exists
07:15:15.851 [main] INFO org.soky.sro.pk2.io.Pk2IOTest - Consuming 4244 byte(s) from file trade_weapon_c_da.ddj with size 4244 
07:15:15.851 [main] DEBUG org.sokybot.pk2.Pk2CryptoUtils - File trade_weapon_c_da_magic.ddj is not encrypted , flags not exists
07:15:15.851 [main] INFO org.soky.sro.pk2.io.Pk2IOTest - Consuming 4244 byte(s) from file trade_weapon_c_da_magic.ddj with size 4244 
07:15:15.851 [main] DEBUG org.sokybot.pk2.Pk2CryptoUtils - File trade_weapon_c_da_rare.ddj is not encrypted , flags not exists
07:15:15.851 [main] INFO org.soky.sro.pk2.io.Pk2IOTest - Consuming 4244 byte(s) from file trade_weapon_c_da_rare.ddj with size 4244 
07:15:15.851 [main] DEBUG org.sokybot.pk2.Pk2CryptoUtils - File trade_weapon_c_ma.ddj is not encrypted , flags not exists
07:15:15.852 [main] INFO org.soky.sro.pk2.io.Pk2IOTest - Consuming 4244 byte(s) from file trade_weapon_c_ma.ddj with size 4244 
07:15:15.852 [main] DEBUG org.sokybot.pk2.Pk2CryptoUtils - File trade_weapon_c_ma_magic.ddj is not encrypted , flags not exists
07:15:15.852 [main] INFO org.soky.sro.pk2.io.Pk2IOTest - Consuming 4244 byte(s) from file trade_weapon_c_ma_magic.ddj with size 4244 
07:15:15.852 [main] DEBUG org.sokybot.pk2.Pk2CryptoUtils - File trade_weapon_c_ma_rare.ddj is not encrypted , flags not exists
07:15:15.852 [main] INFO org.soky.sro.pk2.io.Pk2IOTest - Consuming 4244 byte(s) from file trade_weapon_c_ma_rare.ddj with size 4244 
07:15:15.852 [main] DEBUG org.sokybot.pk2.Pk2CryptoUtils - File trade_weapon_c_pa.ddj is not encrypted , flags not exists
07:15:15.852 [main] INFO org.soky.sro.pk2.io.Pk2IOTest - Consuming 4244 byte(s) from file trade_weapon_c_pa.ddj with size 4244 
07:15:15.852 [main] DEBUG org.sokybot.pk2.Pk2CryptoUtils - File trade_weapon_c_pa_magic.ddj is not encrypted , flags not exists
07:15:15.853 [main] INFO org.soky.sro.pk2.io.Pk2IOTest - Consuming 4244 byte(s) from file trade_weapon_c_pa_magic.ddj with size 4244 
07:15:15.853 [main] DEBUG org.sokybot.pk2.Pk2CryptoUtils - File trade_weapon_c_pa_rare.ddj is not encrypted , flags not exists
07:15:15.853 [main] INFO org.soky.sro.pk2.io.Pk2IOTest - Consuming 4244 byte(s) from file trade_weapon_c_pa_rare.ddj with size 4244 
07:15:15.853 [main] DEBUG org.sokybot.pk2.Pk2CryptoUtils - File trade_weapon_d.ddj is not encrypted , flags not exists
07:15:15.853 [main] INFO org.soky.sro.pk2.io.Pk2IOTest - Consuming 4244 byte(s) from file trade_weapon_d.ddj with size 4244 
07:15:15.853 [main] DEBUG org.sokybot.pk2.Pk2CryptoUtils - File trade_weapon_d_da.ddj is not encrypted , flags not exists
07:15:15.854 [main] INFO org.soky.sro.pk2.io.Pk2IOTest - Consuming 4244 byte(s) from file trade_weapon_d_da.ddj with size 4244 
07:15:15.854 [main] DEBUG org.sokybot.pk2.Pk2CryptoUtils - File trade_weapon_d_da_magic.ddj is not encrypted , flags not exists
07:15:15.854 [main] INFO org.soky.sro.pk2.io.Pk2IOTest - Consuming 4244 byte(s) from file trade_weapon_d_da_magic.ddj with size 4244 
07:15:15.854 [main] DEBUG org.sokybot.pk2.Pk2CryptoUtils - File trade_weapon_d_da_rare.ddj is not encrypted , flags not exists
07:15:15.854 [main] INFO org.soky.sro.pk2.io.Pk2IOTest - Consuming 4244 byte(s) from file trade_weapon_d_da_rare.ddj with size 4244 
07:15:15.854 [main] DEBUG org.sokybot.pk2.Pk2CryptoUtils - File trade_weapon_d_ma.ddj is not encrypted , flags not exists
07:15:15.855 [main] INFO org.soky.sro.pk2.io.Pk2IOTest - Consuming 4244 byte(s) from file trade_weapon_d_ma.ddj with size 4244 
07:15:15.855 [main] DEBUG org.sokybot.pk2.Pk2CryptoUtils - File trade_weapon_d_ma_magic.ddj is not encrypted , flags not exists
07:15:15.855 [main] INFO org.soky.sro.pk2.io.Pk2IOTest - Consuming 4244 byte(s) from file trade_weapon_d_ma_magic.ddj with size 4244 
07:15:15.855 [main] DEBUG org.sokybot.pk2.Pk2CryptoUtils - File trade_weapon_d_ma_rare.ddj is not encrypted , flags not exists
07:15:15.855 [main] INFO org.soky.sro.pk2.io.Pk2IOTest - Consuming 4244 byte(s) from file trade_weapon_d_ma_rare.ddj with size 4244 
07:15:15.855 [main] DEBUG org.sokybot.pk2.Pk2CryptoUtils - File trade_weapon_d_pa.ddj is not encrypted , flags not exists
07:15:15.855 [main] INFO org.soky.sro.pk2.io.Pk2IOTest - Consuming 4244 byte(s) from file trade_weapon_d_pa.ddj with size 4244 
07:15:15.856 [main] DEBUG org.sokybot.pk2.Pk2CryptoUtils - File trade_weapon_d_pa_magic.ddj is not encrypted , flags not exists
07:15:15.856 [main] INFO org.soky.sro.pk2.io.Pk2IOTest - Consuming 4244 byte(s) from file trade_weapon_d_pa_magic.ddj with size 4244 
07:15:15.856 [main] DEBUG org.sokybot.pk2.Pk2CryptoUtils - File trade_weapon_d_pa_rare.ddj is not encrypted , flags not exists
07:15:15.856 [main] INFO org.soky.sro.pk2.io.Pk2IOTest - Consuming 4244 byte(s) from file trade_weapon_d_pa_rare.ddj with size 4244 
07:15:15.856 [main] DEBUG org.sokybot.pk2.Pk2CryptoUtils - File trade_weapon_e.ddj is not encrypted , flags not exists
07:15:15.856 [main] INFO org.soky.sro.pk2.io.Pk2IOTest - Consuming 4244 byte(s) from file trade_weapon_e.ddj with size 4244 
07:15:15.856 [main] DEBUG org.sokybot.pk2.Pk2CryptoUtils - File trade_weapon_e_da.ddj is not encrypted , flags not exists
07:15:15.856 [main] INFO org.soky.sro.pk2.io.Pk2IOTest - Consuming 4244 byte(s) from file trade_weapon_e_da.ddj with size 4244 
07:15:15.857 [main] DEBUG org.sokybot.pk2.Pk2CryptoUtils - File trade_weapon_e_da_magic.ddj is not encrypted , flags not exists
07:15:15.857 [main] INFO org.soky.sro.pk2.io.Pk2IOTest - Consuming 4244 byte(s) from file trade_weapon_e_da_magic.ddj with size 4244 
07:15:15.857 [main] DEBUG org.sokybot.pk2.Pk2CryptoUtils - File trade_weapon_e_da_rare.ddj is not encrypted , flags not exists
07:15:15.857 [main] INFO org.soky.sro.pk2.io.Pk2IOTest - Consuming 4244 byte(s) from file trade_weapon_e_da_rare.ddj with size 4244 
07:15:15.857 [main] DEBUG org.sokybot.pk2.Pk2CryptoUtils - File trade_weapon_e_ma.ddj is not encrypted , flags not exists
07:15:15.857 [main] INFO org.soky.sro.pk2.io.Pk2IOTest - Consuming 4244 byte(s) from file trade_weapon_e_ma.ddj with size 4244 
07:15:15.857 [main] DEBUG org.sokybot.pk2.Pk2CryptoUtils - File trade_weapon_e_ma_magic.ddj is not encrypted , flags not exists
07:15:15.857 [main] INFO org.soky.sro.pk2.io.Pk2IOTest - Consuming 4244 byte(s) from file trade_weapon_e_ma_magic.ddj with size 4244 
07:15:15.858 [main] DEBUG org.sokybot.pk2.Pk2CryptoUtils - File trade_weapon_e_ma_rare.ddj is not encrypted , flags not exists
07:15:15.858 [main] INFO org.soky.sro.pk2.io.Pk2IOTest - Consuming 4244 byte(s) from file trade_weapon_e_ma_rare.ddj with size 4244 
07:15:15.858 [main] DEBUG org.sokybot.pk2.Pk2CryptoUtils - File trade_weapon_e_pa.ddj is not encrypted , flags not exists
07:15:15.858 [main] INFO org.soky.sro.pk2.io.Pk2IOTest - Consuming 4244 byte(s) from file trade_weapon_e_pa.ddj with size 4244 
07:15:15.858 [main] DEBUG org.sokybot.pk2.Pk2CryptoUtils - File trade_weapon_e_pa_magic.ddj is not encrypted , flags not exists
07:15:15.858 [main] INFO org.soky.sro.pk2.io.Pk2IOTest - Consuming 4244 byte(s) from file trade_weapon_e_pa_magic.ddj with size 4244 
07:15:15.858 [main] DEBUG org.sokybot.pk2.Pk2CryptoUtils - File trade_weapon_e_pa_rare.ddj is not encrypted , flags not exists
07:15:15.858 [main] INFO org.soky.sro.pk2.io.Pk2IOTest - Consuming 4244 byte(s) from file trade_weapon_e_pa_rare.ddj with size 4244 
07:15:15.859 [main] DEBUG org.sokybot.pk2.Pk2CryptoUtils - File fortress_battleaide.ddj is not encrypted , flags not exists
07:15:15.859 [main] INFO org.soky.sro.pk2.io.Pk2IOTest - Consuming 2452 byte(s) from file fortress_battleaide.ddj with size 2452 
07:15:15.859 [main] DEBUG org.sokybot.pk2.Pk2CryptoUtils - File fortress_manager.ddj is not encrypted , flags not exists
07:15:15.859 [main] INFO org.soky.sro.pk2.io.Pk2IOTest - Consuming 2452 byte(s) from file fortress_manager.ddj with size 2452 
07:15:15.859 [main] DEBUG org.sokybot.pk2.Pk2CryptoUtils - File fortress_offical.ddj is not encrypted , flags not exists
07:15:15.859 [main] INFO org.soky.sro.pk2.io.Pk2IOTest - Consuming 2452 byte(s) from file fortress_offical.ddj with size 2452 
07:15:15.859 [main] DEBUG org.sokybot.pk2.Pk2CryptoUtils - File fortress_smith.ddj is not encrypted , flags not exists
07:15:15.859 [main] INFO org.soky.sro.pk2.io.Pk2IOTest - Consuming 2452 byte(s) from file fortress_smith.ddj with size 2452 
07:15:15.859 [main] DEBUG org.sokybot.pk2.Pk2CryptoUtils - File fortress_trainer.ddj is not encrypted , flags not exists
07:15:15.859 [main] INFO org.soky.sro.pk2.io.Pk2IOTest - Consuming 2452 byte(s) from file fortress_trainer.ddj with size 2452 
07:15:15.860 [main] DEBUG org.sokybot.pk2.Pk2CryptoUtils - File mall_avatar_halloween_attach.ddj is not encrypted , flags not exists
07:15:15.860 [main] INFO org.soky.sro.pk2.io.Pk2IOTest - Consuming 4244 byte(s) from file mall_avatar_halloween_attach.ddj with size 4244 
07:15:15.860 [main] DEBUG org.sokybot.pk2.Pk2CryptoUtils - File mall_avatar_m_admiral.ddj is not encrypted , flags not exists
07:15:15.860 [main] INFO org.soky.sro.pk2.io.Pk2IOTest - Consuming 4244 byte(s) from file mall_avatar_m_admiral.ddj with size 4244 
07:15:15.860 [main] DEBUG org.sokybot.pk2.Pk2CryptoUtils - File mall_avatar_m_admiral_attach.ddj is not encrypted , flags not exists
07:15:15.860 [main] INFO org.soky.sro.pk2.io.Pk2IOTest - Consuming 4244 byte(s) from file mall_avatar_m_admiral_attach.ddj with size 4244 
07:15:15.860 [main] DEBUG org.sokybot.pk2.Pk2CryptoUtils - File mall_avatar_m_admiral_hat.ddj is not encrypted , flags not exists
07:15:15.860 [main] INFO org.soky.sro.pk2.io.Pk2IOTest - Consuming 4244 byte(s) from file mall_avatar_m_admiral_hat.ddj with size 4244 
07:15:15.861 [main] DEBUG org.sokybot.pk2.Pk2CryptoUtils - File mall_avatar_m_amalrun.ddj is not encrypted , flags not exists
07:15:15.861 [main] INFO org.soky.sro.pk2.io.Pk2IOTest - Consuming 4244 byte(s) from file mall_avatar_m_amalrun.ddj with size 4244 
07:15:15.861 [main] DEBUG org.sokybot.pk2.Pk2CryptoUtils - File mall_avatar_m_amalrun_blue.ddj is not encrypted , flags not exists
07:15:15.861 [main] INFO org.soky.sro.pk2.io.Pk2IOTest - Consuming 4244 byte(s) from file mall_avatar_m_amalrun_blue.ddj with size 4244 
07:15:15.861 [main] DEBUG org.sokybot.pk2.Pk2CryptoUtils - File mall_avatar_m_amalrun_yellow.ddj is not encrypted , flags not exists
07:15:15.861 [main] INFO org.soky.sro.pk2.io.Pk2IOTest - Consuming 4244 byte(s) from file mall_avatar_m_amalrun_yellow.ddj with size 4244 
07:15:15.861 [main] DEBUG org.sokybot.pk2.Pk2CryptoUtils - File mall_avatar_m_angel_powers_dress.ddj is not encrypted , flags not exists
07:15:15.861 [main] INFO org.soky.sro.pk2.io.Pk2IOTest - Consuming 4244 byte(s) from file mall_avatar_m_angel_powers_dress.ddj with size 4244 
07:15:15.862 [main] DEBUG org.sokybot.pk2.Pk2CryptoUtils - File mall_avatar_m_angel_powers_dress_hat.ddj is not encrypted , flags not exists
07:15:15.862 [main] INFO org.soky.sro.pk2.io.Pk2IOTest - Consuming 4244 byte(s) from file mall_avatar_m_angel_powers_dress_hat.ddj with size 4244 
07:15:15.862 [main] DEBUG org.sokybot.pk2.Pk2CryptoUtils - File mall_avatar_m_angel_wing.ddj is not encrypted , flags not exists
07:15:15.862 [main] INFO org.soky.sro.pk2.io.Pk2IOTest - Consuming 4244 byte(s) from file mall_avatar_m_angel_wing.ddj with size 4244 
07:15:15.862 [main] DEBUG org.sokybot.pk2.Pk2CryptoUtils - File mall_avatar_m_angel_wing_dress.ddj is not encrypted , flags not exists
07:15:15.862 [main] INFO org.soky.sro.pk2.io.Pk2IOTest - Consuming 4244 byte(s) from file mall_avatar_m_angel_wing_dress.ddj with size 4244 
07:15:15.862 [main] DEBUG org.sokybot.pk2.Pk2CryptoUtils - File mall_avatar_m_arabia.ddj is not encrypted , flags not exists
07:15:15.862 [main] INFO org.soky.sro.pk2.io.Pk2IOTest - Consuming 4244 byte(s) from file mall_avatar_m_arabia.ddj with size 4244 
07:15:15.863 [main] DEBUG org.sokybot.pk2.Pk2CryptoUtils - File mall_avatar_m_arabiandress.ddj is not encrypted , flags not exists
07:15:15.863 [main] INFO org.soky.sro.pk2.io.Pk2IOTest - Consuming 4244 byte(s) from file mall_avatar_m_arabiandress.ddj with size 4244 
07:15:15.863 [main] DEBUG org.sokybot.pk2.Pk2CryptoUtils - File mall_avatar_m_arabiandress_attach.ddj is not encrypted , flags not exists
07:15:15.863 [main] INFO org.soky.sro.pk2.io.Pk2IOTest - Consuming 4244 byte(s) from file mall_avatar_m_arabiandress_attach.ddj with size 4244 
07:15:15.863 [main] DEBUG org.sokybot.pk2.Pk2CryptoUtils - File mall_avatar_m_arabiandress_hat.ddj is not encrypted , flags not exists
07:15:15.863 [main] INFO org.soky.sro.pk2.io.Pk2IOTest - Consuming 4244 byte(s) from file mall_avatar_m_arabiandress_hat.ddj with size 4244 
07:15:15.863 [main] DEBUG org.sokybot.pk2.Pk2CryptoUtils - File mall_avatar_m_arabia_attach.ddj is not encrypted , flags not exists
07:15:15.863 [main] INFO org.soky.sro.pk2.io.Pk2IOTest - Consuming 4244 byte(s) from file mall_avatar_m_arabia_attach.ddj with size 4244 
07:15:15.864 [main] DEBUG org.sokybot.pk2.Pk2CryptoUtils - File mall_avatar_m_arabia_hat.ddj is not encrypted , flags not exists
07:15:15.864 [main] INFO org.soky.sro.pk2.io.Pk2IOTest - Consuming 4244 byte(s) from file mall_avatar_m_arabia_hat.ddj with size 4244 
07:15:15.864 [main] DEBUG org.sokybot.pk2.Pk2CryptoUtils - File mall_avatar_m_assassin.ddj is not encrypted , flags not exists
07:15:15.864 [main] INFO org.soky.sro.pk2.io.Pk2IOTest - Consuming 4244 byte(s) from file mall_avatar_m_assassin.ddj with size 4244 
07:15:15.864 [main] DEBUG org.sokybot.pk2.Pk2CryptoUtils - File mall_avatar_m_assassin_attach.ddj is not encrypted , flags not exists
07:15:15.864 [main] INFO org.soky.sro.pk2.io.Pk2IOTest - Consuming 4244 byte(s) from file mall_avatar_m_assassin_attach.ddj with size 4244 
07:15:15.864 [main] DEBUG org.sokybot.pk2.Pk2CryptoUtils - File mall_avatar_m_assassin_hat.ddj is not encrypted , flags not exists
07:15:15.864 [main] INFO org.soky.sro.pk2.io.Pk2IOTest - Consuming 4244 byte(s) from file mall_avatar_m_assassin_hat.ddj with size 4244 
07:15:15.865 [main] DEBUG org.sokybot.pk2.Pk2CryptoUtils - File mall_avatar_m_blackwing.ddj is not encrypted , flags not exists
07:15:15.865 [main] INFO org.soky.sro.pk2.io.Pk2IOTest - Consuming 4244 byte(s) from file mall_avatar_m_blackwing.ddj with size 4244 
07:15:15.865 [main] DEBUG org.sokybot.pk2.Pk2CryptoUtils - File mall_avatar_m_blackwing_hat.ddj is not encrypted , flags not exists
07:15:15.865 [main] INFO org.soky.sro.pk2.io.Pk2IOTest - Consuming 4244 byte(s) from file mall_avatar_m_blackwing_hat.ddj with size 4244 
07:15:15.866 [main] DEBUG org.sokybot.pk2.Pk2CryptoUtils - File mall_avatar_m_blue_soulknight.ddj is not encrypted , flags not exists
07:15:15.866 [main] INFO org.soky.sro.pk2.io.Pk2IOTest - Consuming 4244 byte(s) from file mall_avatar_m_blue_soulknight.ddj with size 4244 
07:15:15.866 [main] DEBUG org.sokybot.pk2.Pk2CryptoUtils - File mall_avatar_m_blue_soulknight_attach.ddj is not encrypted , flags not exists
07:15:15.866 [main] INFO org.soky.sro.pk2.io.Pk2IOTest - Consuming 4244 byte(s) from file mall_avatar_m_blue_soulknight_attach.ddj with size 4244 
07:15:15.866 [main] DEBUG org.sokybot.pk2.Pk2CryptoUtils - File mall_avatar_m_blue_soulknight_hat.ddj is not encrypted , flags not exists
07:15:15.866 [main] INFO org.soky.sro.pk2.io.Pk2IOTest - Consuming 4244 byte(s) from file mall_avatar_m_blue_soulknight_hat.ddj with size 4244 
07:15:15.867 [main] DEBUG org.sokybot.pk2.Pk2CryptoUtils - File mall_avatar_m_carnival.ddj is not encrypted , flags not exists
07:15:15.867 [main] INFO org.soky.sro.pk2.io.Pk2IOTest - Consuming 4244 byte(s) from file mall_avatar_m_carnival.ddj with size 4244 
07:15:15.867 [main] DEBUG org.sokybot.pk2.Pk2CryptoUtils - File mall_avatar_m_carnival_attach.ddj is not encrypted , flags not exists
07:15:15.867 [main] INFO org.soky.sro.pk2.io.Pk2IOTest - Consuming 4244 byte(s) from file mall_avatar_m_carnival_attach.ddj with size 4244 
07:15:15.867 [main] DEBUG org.sokybot.pk2.Pk2CryptoUtils - File mall_avatar_m_carnival_hat.ddj is not encrypted , flags not exists
07:15:15.867 [main] INFO org.soky.sro.pk2.io.Pk2IOTest - Consuming 4244 byte(s) from file mall_avatar_m_carnival_hat.ddj with size 4244 
07:15:15.868 [main] DEBUG org.sokybot.pk2.Pk2CryptoUtils - File mall_avatar_m_chingchu.ddj is not encrypted , flags not exists
07:15:15.868 [main] INFO org.soky.sro.pk2.io.Pk2IOTest - Consuming 4244 byte(s) from file mall_avatar_m_chingchu.ddj with size 4244 
07:15:15.868 [main] DEBUG org.sokybot.pk2.Pk2CryptoUtils - File mall_avatar_m_chingchu_attach.ddj is not encrypted , flags not exists
07:15:15.868 [main] INFO org.soky.sro.pk2.io.Pk2IOTest - Consuming 4244 byte(s) from file mall_avatar_m_chingchu_attach.ddj with size 4244 
07:15:15.868 [main] DEBUG org.sokybot.pk2.Pk2CryptoUtils - File mall_avatar_m_chingchu_hat.ddj is not encrypted , flags not exists
07:15:15.868 [main] INFO org.soky.sro.pk2.io.Pk2IOTest - Consuming 4244 byte(s) from file mall_avatar_m_chingchu_hat.ddj with size 4244 
07:15:15.869 [main] DEBUG org.sokybot.pk2.Pk2CryptoUtils - File mall_avatar_m_ch_wedding.ddj is not encrypted , flags not exists
07:15:15.869 [main] INFO org.soky.sro.pk2.io.Pk2IOTest - Consuming 4244 byte(s) from file mall_avatar_m_ch_wedding.ddj with size 4244 
07:15:15.869 [main] DEBUG org.sokybot.pk2.Pk2CryptoUtils - File mall_avatar_m_ch_wedding_hat.ddj is not encrypted , flags not exists
07:15:15.869 [main] INFO org.soky.sro.pk2.io.Pk2IOTest - Consuming 4244 byte(s) from file mall_avatar_m_ch_wedding_hat.ddj with size 4244 
07:15:15.869 [main] DEBUG org.sokybot.pk2.Pk2CryptoUtils - File mall_avatar_m_clown.ddj is not encrypted , flags not exists
07:15:15.869 [main] INFO org.soky.sro.pk2.io.Pk2IOTest - Consuming 4244 byte(s) from file mall_avatar_m_clown.ddj with size 4244 
07:15:15.869 [main] DEBUG org.sokybot.pk2.Pk2CryptoUtils - File mall_avatar_m_clown_attach.ddj is not encrypted , flags not exists
07:15:15.869 [main] INFO org.soky.sro.pk2.io.Pk2IOTest - Consuming 4244 byte(s) from file mall_avatar_m_clown_attach.ddj with size 4244 
07:15:15.869 [main] DEBUG org.sokybot.pk2.Pk2CryptoUtils - File mall_avatar_m_clown_hat.ddj is not encrypted , flags not exists
07:15:15.869 [main] INFO org.soky.sro.pk2.io.Pk2IOTest - Consuming 4244 byte(s) from file mall_avatar_m_clown_hat.ddj with size 4244 
07:15:15.869 [main] DEBUG org.sokybot.pk2.Pk2CryptoUtils - File mall_avatar_m_darkknight.ddj is not encrypted , flags not exists
07:15:15.870 [main] INFO org.soky.sro.pk2.io.Pk2IOTest - Consuming 4244 byte(s) from file mall_avatar_m_darkknight.ddj with size 4244 
07:15:15.870 [main] DEBUG org.sokybot.pk2.Pk2CryptoUtils - File mall_avatar_m_darkknight_attach.ddj is not encrypted , flags not exists
07:15:15.870 [main] INFO org.soky.sro.pk2.io.Pk2IOTest - Consuming 4244 byte(s) from file mall_avatar_m_darkknight_attach.ddj with size 4244 
07:15:15.870 [main] DEBUG org.sokybot.pk2.Pk2CryptoUtils - File mall_avatar_m_darkknight_hat.ddj is not encrypted , flags not exists
07:15:15.870 [main] INFO org.soky.sro.pk2.io.Pk2IOTest - Consuming 4244 byte(s) from file mall_avatar_m_darkknight_hat.ddj with size 4244 
07:15:15.870 [main] DEBUG org.sokybot.pk2.Pk2CryptoUtils - File mall_avatar_m_darklknight.ddj is not encrypted , flags not exists
07:15:15.870 [main] INFO org.soky.sro.pk2.io.Pk2IOTest - Consuming 4244 byte(s) from file mall_avatar_m_darklknight.ddj with size 4244 
07:15:15.870 [main] DEBUG org.sokybot.pk2.Pk2CryptoUtils - File mall_avatar_m_darklknight_attach.ddj is not encrypted , flags not exists
07:15:15.870 [main] INFO org.soky.sro.pk2.io.Pk2IOTest - Consuming 4244 byte(s) from file mall_avatar_m_darklknight_attach.ddj with size 4244 
07:15:15.870 [main] DEBUG org.sokybot.pk2.Pk2CryptoUtils - File mall_avatar_m_darklknight_hat.ddj is not encrypted , flags not exists
07:15:15.870 [main] INFO org.soky.sro.pk2.io.Pk2IOTest - Consuming 4244 byte(s) from file mall_avatar_m_darklknight_hat.ddj with size 4244 
07:15:15.870 [main] DEBUG org.sokybot.pk2.Pk2CryptoUtils - File mall_avatar_m_darkwarrior.ddj is not encrypted , flags not exists
07:15:15.871 [main] INFO org.soky.sro.pk2.io.Pk2IOTest - Consuming 4244 byte(s) from file mall_avatar_m_darkwarrior.ddj with size 4244 
07:15:15.871 [main] DEBUG org.sokybot.pk2.Pk2CryptoUtils - File mall_avatar_m_darkwarrior_attach.ddj is not encrypted , flags not exists
07:15:15.871 [main] INFO org.soky.sro.pk2.io.Pk2IOTest - Consuming 4244 byte(s) from file mall_avatar_m_darkwarrior_attach.ddj with size 4244 
07:15:15.871 [main] DEBUG org.sokybot.pk2.Pk2CryptoUtils - File mall_avatar_m_darkwarrior_hat.ddj is not encrypted , flags not exists
07:15:15.871 [main] INFO org.soky.sro.pk2.io.Pk2IOTest - Consuming 4244 byte(s) from file mall_avatar_m_darkwarrior_hat.ddj with size 4244 
07:15:15.871 [main] DEBUG org.sokybot.pk2.Pk2CryptoUtils - File mall_avatar_m_day_deathassassin.ddj is not encrypted , flags not exists
07:15:15.871 [main] INFO org.soky.sro.pk2.io.Pk2IOTest - Consuming 4244 byte(s) from file mall_avatar_m_day_deathassassin.ddj with size 4244 
07:15:15.871 [main] DEBUG org.sokybot.pk2.Pk2CryptoUtils - File mall_avatar_m_day_deathassassin_attach.ddj is not encrypted , flags not exists
07:15:15.871 [main] INFO org.soky.sro.pk2.io.Pk2IOTest - Consuming 4244 byte(s) from file mall_avatar_m_day_deathassassin_attach.ddj with size 4244 
07:15:15.871 [main] DEBUG org.sokybot.pk2.Pk2CryptoUtils - File mall_avatar_m_day_deathassassin_hat.ddj is not encrypted , flags not exists
07:15:15.871 [main] INFO org.soky.sro.pk2.io.Pk2IOTest - Consuming 4244 byte(s) from file mall_avatar_m_day_deathassassin_hat.ddj with size 4244 
07:15:15.872 [main] DEBUG org.sokybot.pk2.Pk2CryptoUtils - File mall_avatar_m_devil_wing_dress.ddj is not encrypted , flags not exists
07:15:15.872 [main] INFO org.soky.sro.pk2.io.Pk2IOTest - Consuming 4244 byte(s) from file mall_avatar_m_devil_wing_dress.ddj with size 4244 
07:15:15.872 [main] DEBUG org.sokybot.pk2.Pk2CryptoUtils - File mall_avatar_m_dragondress.ddj is not encrypted , flags not exists
07:15:15.872 [main] INFO org.soky.sro.pk2.io.Pk2IOTest - Consuming 4244 byte(s) from file mall_avatar_m_dragondress.ddj with size 4244 
07:15:15.872 [main] DEBUG org.sokybot.pk2.Pk2CryptoUtils - File mall_avatar_m_dragondress_attach.ddj is not encrypted , flags not exists
07:15:15.872 [main] INFO org.soky.sro.pk2.io.Pk2IOTest - Consuming 4244 byte(s) from file mall_avatar_m_dragondress_attach.ddj with size 4244 
07:15:15.872 [main] DEBUG org.sokybot.pk2.Pk2CryptoUtils - File mall_avatar_m_dragondress_hat.ddj is not encrypted , flags not exists
07:15:15.872 [main] INFO org.soky.sro.pk2.io.Pk2IOTest - Consuming 4244 byte(s) from file mall_avatar_m_dragondress_hat.ddj with size 4244 
07:15:15.872 [main] DEBUG org.sokybot.pk2.Pk2CryptoUtils - File mall_avatar_m_earthspirit.ddj is not encrypted , flags not exists
07:15:15.872 [main] INFO org.soky.sro.pk2.io.Pk2IOTest - Consuming 4244 byte(s) from file mall_avatar_m_earthspirit.ddj with size 4244 
07:15:15.872 [main] DEBUG org.sokybot.pk2.Pk2CryptoUtils - File mall_avatar_m_earthspirit_attach.ddj is not encrypted , flags not exists
07:15:15.873 [main] INFO org.soky.sro.pk2.io.Pk2IOTest - Consuming 4244 byte(s) from file mall_avatar_m_earthspirit_attach.ddj with size 4244 
07:15:15.873 [main] DEBUG org.sokybot.pk2.Pk2CryptoUtils - File mall_avatar_m_earthspirit_hat.ddj is not encrypted , flags not exists
07:15:15.873 [main] INFO org.soky.sro.pk2.io.Pk2IOTest - Consuming 4244 byte(s) from file mall_avatar_m_earthspirit_hat.ddj with size 4244 
07:15:15.873 [main] DEBUG org.sokybot.pk2.Pk2CryptoUtils - File mall_avatar_m_eu_wedding.ddj is not encrypted , flags not exists
07:15:15.873 [main] INFO org.soky.sro.pk2.io.Pk2IOTest - Consuming 4244 byte(s) from file mall_avatar_m_eu_wedding.ddj with size 4244 
07:15:15.873 [main] DEBUG org.sokybot.pk2.Pk2CryptoUtils - File mall_avatar_m_eu_wedding_hat.ddj is not encrypted , flags not exists
07:15:15.873 [main] INFO org.soky.sro.pk2.io.Pk2IOTest - Consuming 4244 byte(s) from file mall_avatar_m_eu_wedding_hat.ddj with size 4244 
07:15:15.873 [main] DEBUG org.sokybot.pk2.Pk2CryptoUtils - File mall_avatar_m_event_winter.ddj is not encrypted , flags not exists
07:15:15.873 [main] INFO org.soky.sro.pk2.io.Pk2IOTest - Consuming 4244 byte(s) from file mall_avatar_m_event_winter.ddj with size 4244 
07:15:15.873 [main] DEBUG org.sokybot.pk2.Pk2CryptoUtils - File mall_avatar_m_event_winter_attach.ddj is not encrypted , flags not exists
07:15:15.873 [main] INFO org.soky.sro.pk2.io.Pk2IOTest - Consuming 4244 byte(s) from file mall_avatar_m_event_winter_attach.ddj with size 4244 
07:15:15.873 [main] DEBUG org.sokybot.pk2.Pk2CryptoUtils - File mall_avatar_m_event_winter_hat.ddj is not encrypted , flags not exists
07:15:15.874 [main] INFO org.soky.sro.pk2.io.Pk2IOTest - Consuming 4244 byte(s) from file mall_avatar_m_event_winter_hat.ddj with size 4244 
07:15:15.874 [main] DEBUG org.sokybot.pk2.Pk2CryptoUtils - File mall_avatar_m_fairy.ddj is not encrypted , flags not exists
07:15:15.874 [main] INFO org.soky.sro.pk2.io.Pk2IOTest - Consuming 4244 byte(s) from file mall_avatar_m_fairy.ddj with size 4244 
07:15:15.874 [main] DEBUG org.sokybot.pk2.Pk2CryptoUtils - File mall_avatar_m_fairy_hat.ddj is not encrypted , flags not exists
07:15:15.874 [main] INFO org.soky.sro.pk2.io.Pk2IOTest - Consuming 4244 byte(s) from file mall_avatar_m_fairy_hat.ddj with size 4244 
07:15:15.874 [main] DEBUG org.sokybot.pk2.Pk2CryptoUtils - File mall_avatar_m_fox.ddj is not encrypted , flags not exists
07:15:15.874 [main] INFO org.soky.sro.pk2.io.Pk2IOTest - Consuming 4244 byte(s) from file mall_avatar_m_fox.ddj with size 4244 
07:15:15.874 [main] DEBUG org.sokybot.pk2.Pk2CryptoUtils - File mall_avatar_m_fox_attach.ddj is not encrypted , flags not exists
07:15:15.874 [main] INFO org.soky.sro.pk2.io.Pk2IOTest - Consuming 4244 byte(s) from file mall_avatar_m_fox_attach.ddj with size 4244 
07:15:15.874 [main] DEBUG org.sokybot.pk2.Pk2CryptoUtils - File mall_avatar_m_fox_hat.ddj is not encrypted , flags not exists
07:15:15.874 [main] INFO org.soky.sro.pk2.io.Pk2IOTest - Consuming 4244 byte(s) from file mall_avatar_m_fox_hat.ddj with size 4244 
07:15:15.875 [main] DEBUG org.sokybot.pk2.Pk2CryptoUtils - File mall_avatar_m_fur.ddj is not encrypted , flags not exists
07:15:15.875 [main] INFO org.soky.sro.pk2.io.Pk2IOTest - Consuming 4244 byte(s) from file mall_avatar_m_fur.ddj with size 4244 
07:15:15.875 [main] DEBUG org.sokybot.pk2.Pk2CryptoUtils - File mall_avatar_m_fur_hat.ddj is not encrypted , flags not exists
07:15:15.875 [main] INFO org.soky.sro.pk2.io.Pk2IOTest - Consuming 4244 byte(s) from file mall_avatar_m_fur_hat.ddj with size 4244 
07:15:15.875 [main] DEBUG org.sokybot.pk2.Pk2CryptoUtils - File mall_avatar_m_ghost_captain.ddj is not encrypted , flags not exists
07:15:15.875 [main] INFO org.soky.sro.pk2.io.Pk2IOTest - Consuming 4244 byte(s) from file mall_avatar_m_ghost_captain.ddj with size 4244 
07:15:15.875 [main] DEBUG org.sokybot.pk2.Pk2CryptoUtils - File mall_avatar_m_ghost_captain_attach.ddj is not encrypted , flags not exists
07:15:15.875 [main] INFO org.soky.sro.pk2.io.Pk2IOTest - Consuming 4244 byte(s) from file mall_avatar_m_ghost_captain_attach.ddj with size 4244 
07:15:15.875 [main] DEBUG org.sokybot.pk2.Pk2CryptoUtils - File mall_avatar_m_ghost_captain_hat.ddj is not encrypted , flags not exists
07:15:15.875 [main] INFO org.soky.sro.pk2.io.Pk2IOTest - Consuming 4244 byte(s) from file mall_avatar_m_ghost_captain_hat.ddj with size 4244 
07:15:15.875 [main] DEBUG org.sokybot.pk2.Pk2CryptoUtils - File mall_avatar_m_halloween.ddj is not encrypted , flags not exists
07:15:15.876 [main] INFO org.soky.sro.pk2.io.Pk2IOTest - Consuming 4244 byte(s) from file mall_avatar_m_halloween.ddj with size 4244 
07:15:15.876 [main] DEBUG org.sokybot.pk2.Pk2CryptoUtils - File mall_avatar_m_halloweendress.ddj is not encrypted , flags not exists
07:15:15.876 [main] INFO org.soky.sro.pk2.io.Pk2IOTest - Consuming 4244 byte(s) from file mall_avatar_m_halloweendress.ddj with size 4244 
07:15:15.876 [main] DEBUG org.sokybot.pk2.Pk2CryptoUtils - File mall_avatar_m_halloweendress_attach.ddj is not encrypted , flags not exists
07:15:15.876 [main] INFO org.soky.sro.pk2.io.Pk2IOTest - Consuming 4244 byte(s) from file mall_avatar_m_halloweendress_attach.ddj with size 4244 
07:15:15.876 [main] DEBUG org.sokybot.pk2.Pk2CryptoUtils - File mall_avatar_m_halloweendress_hat.ddj is not encrypted , flags not exists
07:15:15.876 [main] INFO org.soky.sro.pk2.io.Pk2IOTest - Consuming 4244 byte(s) from file mall_avatar_m_halloweendress_hat.ddj with size 4244 
07:15:15.876 [main] DEBUG org.sokybot.pk2.Pk2CryptoUtils - File mall_avatar_m_halloween_hat.ddj is not encrypted , flags not exists
07:15:15.876 [main] INFO org.soky.sro.pk2.io.Pk2IOTest - Consuming 4244 byte(s) from file mall_avatar_m_halloween_hat.ddj with size 4244 
07:15:15.876 [main] DEBUG org.sokybot.pk2.Pk2CryptoUtils - File mall_avatar_m_headknights.ddj is not encrypted , flags not exists
07:15:15.876 [main] INFO org.soky.sro.pk2.io.Pk2IOTest - Consuming 4244 byte(s) from file mall_avatar_m_headknights.ddj with size 4244 
07:15:15.877 [main] DEBUG org.sokybot.pk2.Pk2CryptoUtils - File mall_avatar_m_headknights_attach.ddj is not encrypted , flags not exists
07:15:15.877 [main] INFO org.soky.sro.pk2.io.Pk2IOTest - Consuming 4244 byte(s) from file mall_avatar_m_headknights_attach.ddj with size 4244 
07:15:15.877 [main] DEBUG org.sokybot.pk2.Pk2CryptoUtils - File mall_avatar_m_headknights_hat.ddj is not encrypted , flags not exists
07:15:15.877 [main] INFO org.soky.sro.pk2.io.Pk2IOTest - Consuming 4244 byte(s) from file mall_avatar_m_headknights_hat.ddj with size 4244 
07:15:15.877 [main] DEBUG org.sokybot.pk2.Pk2CryptoUtils - File mall_avatar_m_hwarang.ddj is not encrypted , flags not exists
07:15:15.877 [main] INFO org.soky.sro.pk2.io.Pk2IOTest - Consuming 4244 byte(s) from file mall_avatar_m_hwarang.ddj with size 4244 
07:15:15.877 [main] DEBUG org.sokybot.pk2.Pk2CryptoUtils - File mall_avatar_m_hwarang_attach.ddj is not encrypted , flags not exists
07:15:15.877 [main] INFO org.soky.sro.pk2.io.Pk2IOTest - Consuming 4244 byte(s) from file mall_avatar_m_hwarang_attach.ddj with size 4244 
07:15:15.877 [main] DEBUG org.sokybot.pk2.Pk2CryptoUtils - File mall_avatar_m_hwarang_hat.ddj is not encrypted , flags not exists
07:15:15.877 [main] INFO org.soky.sro.pk2.io.Pk2IOTest - Consuming 4244 byte(s) from file mall_avatar_m_hwarang_hat.ddj with size 4244 
07:15:15.877 [main] DEBUG org.sokybot.pk2.Pk2CryptoUtils - File mall_avatar_m_knight.ddj is not encrypted , flags not exists
07:15:15.878 [main] INFO org.soky.sro.pk2.io.Pk2IOTest - Consuming 4244 byte(s) from file mall_avatar_m_knight.ddj with size 4244 
07:15:15.878 [main] DEBUG org.sokybot.pk2.Pk2CryptoUtils - File mall_avatar_m_knight_hat.ddj is not encrypted , flags not exists
07:15:15.878 [main] INFO org.soky.sro.pk2.io.Pk2IOTest - Consuming 4244 byte(s) from file mall_avatar_m_knight_hat.ddj with size 4244 
07:15:15.878 [main] DEBUG org.sokybot.pk2.Pk2CryptoUtils - File mall_avatar_m_mummy.ddj is not encrypted , flags not exists
07:15:15.878 [main] INFO org.soky.sro.pk2.io.Pk2IOTest - Consuming 4244 byte(s) from file mall_avatar_m_mummy.ddj with size 4244 
07:15:15.878 [main] DEBUG org.sokybot.pk2.Pk2CryptoUtils - File mall_avatar_m_mummy_attach.ddj is not encrypted , flags not exists
07:15:15.878 [main] INFO org.soky.sro.pk2.io.Pk2IOTest - Consuming 4244 byte(s) from file mall_avatar_m_mummy_attach.ddj with size 4244 
07:15:15.878 [main] DEBUG org.sokybot.pk2.Pk2CryptoUtils - File mall_avatar_m_mummy_hat.ddj is not encrypted , flags not exists
07:15:15.878 [main] INFO org.soky.sro.pk2.io.Pk2IOTest - Consuming 4244 byte(s) from file mall_avatar_m_mummy_hat.ddj with size 4244 
07:15:15.878 [main] DEBUG org.sokybot.pk2.Pk2CryptoUtils - File mall_avatar_m_nasrun.ddj is not encrypted , flags not exists
07:15:15.879 [main] INFO org.soky.sro.pk2.io.Pk2IOTest - Consuming 4244 byte(s) from file mall_avatar_m_nasrun.ddj with size 4244 
07:15:15.879 [main] DEBUG org.sokybot.pk2.Pk2CryptoUtils - File mall_avatar_m_nasrun_blue.ddj is not encrypted , flags not exists
07:15:15.879 [main] INFO org.soky.sro.pk2.io.Pk2IOTest - Consuming 4244 byte(s) from file mall_avatar_m_nasrun_blue.ddj with size 4244 
07:15:15.879 [main] DEBUG org.sokybot.pk2.Pk2CryptoUtils - File mall_avatar_m_nasrun_yellow.ddj is not encrypted , flags not exists
07:15:15.879 [main] INFO org.soky.sro.pk2.io.Pk2IOTest - Consuming 4244 byte(s) from file mall_avatar_m_nasrun_yellow.ddj with size 4244 
07:15:15.879 [main] DEBUG org.sokybot.pk2.Pk2CryptoUtils - File mall_avatar_m_newangel.ddj is not encrypted , flags not exists
07:15:15.879 [main] INFO org.soky.sro.pk2.io.Pk2IOTest - Consuming 4244 byte(s) from file mall_avatar_m_newangel.ddj with size 4244 
07:15:15.879 [main] DEBUG org.sokybot.pk2.Pk2CryptoUtils - File mall_avatar_m_newangel_hat.ddj is not encrypted , flags not exists
07:15:15.879 [main] INFO org.soky.sro.pk2.io.Pk2IOTest - Consuming 4244 byte(s) from file mall_avatar_m_newangel_hat.ddj with size 4244 
07:15:15.879 [main] DEBUG org.sokybot.pk2.Pk2CryptoUtils - File mall_avatar_m_newdevil.ddj is not encrypted , flags not exists
07:15:15.879 [main] INFO org.soky.sro.pk2.io.Pk2IOTest - Consuming 4244 byte(s) from file mall_avatar_m_newdevil.ddj with size 4244 
07:15:15.880 [main] DEBUG org.sokybot.pk2.Pk2CryptoUtils - File mall_avatar_m_newdevil_hat.ddj is not encrypted , flags not exists
07:15:15.880 [main] INFO org.soky.sro.pk2.io.Pk2IOTest - Consuming 4244 byte(s) from file mall_avatar_m_newdevil_hat.ddj with size 4244 
07:15:15.880 [main] DEBUG org.sokybot.pk2.Pk2CryptoUtils - File mall_avatar_m_newhalloween.ddj is not encrypted , flags not exists
07:15:15.880 [main] INFO org.soky.sro.pk2.io.Pk2IOTest - Consuming 4244 byte(s) from file mall_avatar_m_newhalloween.ddj with size 4244 
07:15:15.880 [main] DEBUG org.sokybot.pk2.Pk2CryptoUtils - File mall_avatar_m_newhalloween_attach.ddj is not encrypted , flags not exists
07:15:15.880 [main] INFO org.soky.sro.pk2.io.Pk2IOTest - Consuming 4244 byte(s) from file mall_avatar_m_newhalloween_attach.ddj with size 4244 
07:15:15.880 [main] DEBUG org.sokybot.pk2.Pk2CryptoUtils - File mall_avatar_m_newhalloween_hat.ddj is not encrypted , flags not exists
07:15:15.880 [main] INFO org.soky.sro.pk2.io.Pk2IOTest - Consuming 4244 byte(s) from file mall_avatar_m_newhalloween_hat.ddj with size 4244 
07:15:15.880 [main] DEBUG org.sokybot.pk2.Pk2CryptoUtils - File mall_avatar_m_noblesse.ddj is not encrypted , flags not exists
07:15:15.880 [main] INFO org.soky.sro.pk2.io.Pk2IOTest - Consuming 4244 byte(s) from file mall_avatar_m_noblesse.ddj with size 4244 
07:15:15.880 [main] DEBUG org.sokybot.pk2.Pk2CryptoUtils - File mall_avatar_m_noblesse_attach.ddj is not encrypted , flags not exists
07:15:15.881 [main] INFO org.soky.sro.pk2.io.Pk2IOTest - Consuming 4244 byte(s) from file mall_avatar_m_noblesse_attach.ddj with size 4244 
07:15:15.881 [main] DEBUG org.sokybot.pk2.Pk2CryptoUtils - File mall_avatar_m_noblesse_hat.ddj is not encrypted , flags not exists
07:15:15.881 [main] INFO org.soky.sro.pk2.io.Pk2IOTest - Consuming 4244 byte(s) from file mall_avatar_m_noblesse_hat.ddj with size 4244 
07:15:15.881 [main] DEBUG org.sokybot.pk2.Pk2CryptoUtils - File mall_avatar_m_phoenix_dress.ddj is not encrypted , flags not exists
07:15:15.881 [main] INFO org.soky.sro.pk2.io.Pk2IOTest - Consuming 4244 byte(s) from file mall_avatar_m_phoenix_dress.ddj with size 4244 
07:15:15.881 [main] DEBUG org.sokybot.pk2.Pk2CryptoUtils - File mall_avatar_m_phoenix_dress_hat.ddj is not encrypted , flags not exists
07:15:15.881 [main] INFO org.soky.sro.pk2.io.Pk2IOTest - Consuming 4244 byte(s) from file mall_avatar_m_phoenix_dress_hat.ddj with size 4244 
07:15:15.881 [main] DEBUG org.sokybot.pk2.Pk2CryptoUtils - File mall_avatar_m_pirate.ddj is not encrypted , flags not exists
07:15:15.881 [main] INFO org.soky.sro.pk2.io.Pk2IOTest - Consuming 4244 byte(s) from file mall_avatar_m_pirate.ddj with size 4244 
07:15:15.881 [main] DEBUG org.sokybot.pk2.Pk2CryptoUtils - File mall_avatar_m_piratecrew.ddj is not encrypted , flags not exists
07:15:15.881 [main] INFO org.soky.sro.pk2.io.Pk2IOTest - Consuming 4244 byte(s) from file mall_avatar_m_piratecrew.ddj with size 4244 
07:15:15.882 [main] DEBUG org.sokybot.pk2.Pk2CryptoUtils - File mall_avatar_m_piratecrew_attach.ddj is not encrypted , flags not exists
07:15:15.882 [main] INFO org.soky.sro.pk2.io.Pk2IOTest - Consuming 4244 byte(s) from file mall_avatar_m_piratecrew_attach.ddj with size 4244 
07:15:15.882 [main] DEBUG org.sokybot.pk2.Pk2CryptoUtils - File mall_avatar_m_piratecrew_hat.ddj is not encrypted , flags not exists
07:15:15.882 [main] INFO org.soky.sro.pk2.io.Pk2IOTest - Consuming 4244 byte(s) from file mall_avatar_m_piratecrew_hat.ddj with size 4244 
07:15:15.882 [main] DEBUG org.sokybot.pk2.Pk2CryptoUtils - File mall_avatar_m_pirate_attach.ddj is not encrypted , flags not exists
07:15:15.882 [main] INFO org.soky.sro.pk2.io.Pk2IOTest - Consuming 4244 byte(s) from file mall_avatar_m_pirate_attach.ddj with size 4244 
07:15:15.882 [main] DEBUG org.sokybot.pk2.Pk2CryptoUtils - File mall_avatar_m_pirate_hat.ddj is not encrypted , flags not exists
07:15:15.882 [main] INFO org.soky.sro.pk2.io.Pk2IOTest - Consuming 4244 byte(s) from file mall_avatar_m_pirate_hat.ddj with size 4244 
07:15:15.882 [main] DEBUG org.sokybot.pk2.Pk2CryptoUtils - File mall_avatar_m_redhood.ddj is not encrypted , flags not exists
07:15:15.882 [main] INFO org.soky.sro.pk2.io.Pk2IOTest - Consuming 4244 byte(s) from file mall_avatar_m_redhood.ddj with size 4244 
07:15:15.883 [main] DEBUG org.sokybot.pk2.Pk2CryptoUtils - File mall_avatar_m_redhood_attach_girl.ddj is not encrypted , flags not exists
07:15:15.883 [main] INFO org.soky.sro.pk2.io.Pk2IOTest - Consuming 4244 byte(s) from file mall_avatar_m_redhood_attach_girl.ddj with size 4244 
07:15:15.883 [main] DEBUG org.sokybot.pk2.Pk2CryptoUtils - File mall_avatar_m_redhood_attach_wolf.ddj is not encrypted , flags not exists
07:15:15.883 [main] INFO org.soky.sro.pk2.io.Pk2IOTest - Consuming 4244 byte(s) from file mall_avatar_m_redhood_attach_wolf.ddj with size 4244 
07:15:15.883 [main] DEBUG org.sokybot.pk2.Pk2CryptoUtils - File mall_avatar_m_redhood_hat.ddj is not encrypted , flags not exists
07:15:15.883 [main] INFO org.soky.sro.pk2.io.Pk2IOTest - Consuming 4244 byte(s) from file mall_avatar_m_redhood_hat.ddj with size 4244 
07:15:15.883 [main] DEBUG org.sokybot.pk2.Pk2CryptoUtils - File mall_avatar_m_saintwarrior.ddj is not encrypted , flags not exists
07:15:15.883 [main] INFO org.soky.sro.pk2.io.Pk2IOTest - Consuming 4244 byte(s) from file mall_avatar_m_saintwarrior.ddj with size 4244 
07:15:15.883 [main] DEBUG org.sokybot.pk2.Pk2CryptoUtils - File mall_avatar_m_saintwarrior_attach.ddj is not encrypted , flags not exists
07:15:15.883 [main] INFO org.soky.sro.pk2.io.Pk2IOTest - Consuming 4244 byte(s) from file mall_avatar_m_saintwarrior_attach.ddj with size 4244 
07:15:15.883 [main] DEBUG org.sokybot.pk2.Pk2CryptoUtils - File mall_avatar_m_saintwarrior_hat.ddj is not encrypted , flags not exists
07:15:15.883 [main] INFO org.soky.sro.pk2.io.Pk2IOTest - Consuming 4244 byte(s) from file mall_avatar_m_saintwarrior_hat.ddj with size 4244 
07:15:15.884 [main] DEBUG org.sokybot.pk2.Pk2CryptoUtils - File mall_avatar_m_saytan_dress.ddj is not encrypted , flags not exists
07:15:15.884 [main] INFO org.soky.sro.pk2.io.Pk2IOTest - Consuming 4244 byte(s) from file mall_avatar_m_saytan_dress.ddj with size 4244 
07:15:15.884 [main] DEBUG org.sokybot.pk2.Pk2CryptoUtils - File mall_avatar_m_saytan_dress_attach.ddj is not encrypted , flags not exists
07:15:15.884 [main] INFO org.soky.sro.pk2.io.Pk2IOTest - Consuming 4244 byte(s) from file mall_avatar_m_saytan_dress_attach.ddj with size 4244 
07:15:15.884 [main] DEBUG org.sokybot.pk2.Pk2CryptoUtils - File mall_avatar_m_saytan_dress_hat.ddj is not encrypted , flags not exists
07:15:15.884 [main] INFO org.soky.sro.pk2.io.Pk2IOTest - Consuming 4244 byte(s) from file mall_avatar_m_saytan_dress_hat.ddj with size 4244 
07:15:15.884 [main] DEBUG org.sokybot.pk2.Pk2CryptoUtils - File mall_avatar_m_shogun.ddj is not encrypted , flags not exists
07:15:15.884 [main] INFO org.soky.sro.pk2.io.Pk2IOTest - Consuming 4244 byte(s) from file mall_avatar_m_shogun.ddj with size 4244 
07:15:15.884 [main] DEBUG org.sokybot.pk2.Pk2CryptoUtils - File mall_avatar_m_shogun_attach.ddj is not encrypted , flags not exists
07:15:15.884 [main] INFO org.soky.sro.pk2.io.Pk2IOTest - Consuming 4244 byte(s) from file mall_avatar_m_shogun_attach.ddj with size 4244 
07:15:15.885 [main] DEBUG org.sokybot.pk2.Pk2CryptoUtils - File mall_avatar_m_shogun_hat.ddj is not encrypted , flags not exists
07:15:15.885 [main] INFO org.soky.sro.pk2.io.Pk2IOTest - Consuming 4244 byte(s) from file mall_avatar_m_shogun_hat.ddj with size 4244 
07:15:15.885 [main] DEBUG org.sokybot.pk2.Pk2CryptoUtils - File mall_avatar_m_sparta.ddj is not encrypted , flags not exists
07:15:15.885 [main] INFO org.soky.sro.pk2.io.Pk2IOTest - Consuming 4244 byte(s) from file mall_avatar_m_sparta.ddj with size 4244 
07:15:15.885 [main] DEBUG org.sokybot.pk2.Pk2CryptoUtils - File mall_avatar_m_sparta_attach.ddj is not encrypted , flags not exists
07:15:15.885 [main] INFO org.soky.sro.pk2.io.Pk2IOTest - Consuming 4244 byte(s) from file mall_avatar_m_sparta_attach.ddj with size 4244 
07:15:15.885 [main] DEBUG org.sokybot.pk2.Pk2CryptoUtils - File mall_avatar_m_sparta_hat.ddj is not encrypted , flags not exists
07:15:15.885 [main] INFO org.soky.sro.pk2.io.Pk2IOTest - Consuming 4244 byte(s) from file mall_avatar_m_sparta_hat.ddj with size 4244 
07:15:15.885 [main] DEBUG org.sokybot.pk2.Pk2CryptoUtils - File mall_avatar_m_steampunk.ddj is not encrypted , flags not exists
07:15:15.885 [main] INFO org.soky.sro.pk2.io.Pk2IOTest - Consuming 4244 byte(s) from file mall_avatar_m_steampunk.ddj with size 4244 
07:15:15.885 [main] DEBUG org.sokybot.pk2.Pk2CryptoUtils - File mall_avatar_m_steampunk_attach.ddj is not encrypted , flags not exists
07:15:15.886 [main] INFO org.soky.sro.pk2.io.Pk2IOTest - Consuming 4244 byte(s) from file mall_avatar_m_steampunk_attach.ddj with size 4244 
07:15:15.886 [main] DEBUG org.sokybot.pk2.Pk2CryptoUtils - File mall_avatar_m_steampunk_hat.ddj is not encrypted , flags not exists
07:15:15.886 [main] INFO org.soky.sro.pk2.io.Pk2IOTest - Consuming 4244 byte(s) from file mall_avatar_m_steampunk_hat.ddj with size 4244 
07:15:15.886 [main] DEBUG org.sokybot.pk2.Pk2CryptoUtils - File mall_avatar_m_turkey.ddj is not encrypted , flags not exists
07:15:15.886 [main] INFO org.soky.sro.pk2.io.Pk2IOTest - Consuming 4244 byte(s) from file mall_avatar_m_turkey.ddj with size 4244 
07:15:15.886 [main] DEBUG org.sokybot.pk2.Pk2CryptoUtils - File mall_avatar_m_turkey_hat.ddj is not encrypted , flags not exists
07:15:15.886 [main] INFO org.soky.sro.pk2.io.Pk2IOTest - Consuming 4244 byte(s) from file mall_avatar_m_turkey_hat.ddj with size 4244 
07:15:15.886 [main] DEBUG org.sokybot.pk2.Pk2CryptoUtils - File mall_avatar_m_vampire.ddj is not encrypted , flags not exists
07:15:15.886 [main] INFO org.soky.sro.pk2.io.Pk2IOTest - Consuming 4244 byte(s) from file mall_avatar_m_vampire.ddj with size 4244 
07:15:15.886 [main] DEBUG org.sokybot.pk2.Pk2CryptoUtils - File mall_avatar_m_vampire_attach.ddj is not encrypted , flags not exists
07:15:15.886 [main] INFO org.soky.sro.pk2.io.Pk2IOTest - Consuming 4244 byte(s) from file mall_avatar_m_vampire_attach.ddj with size 4244 
07:15:15.887 [main] DEBUG org.sokybot.pk2.Pk2CryptoUtils - File mall_avatar_m_vampire_hat.ddj is not encrypted , flags not exists
07:15:15.887 [main] INFO org.soky.sro.pk2.io.Pk2IOTest - Consuming 4244 byte(s) from file mall_avatar_m_vampire_hat.ddj with size 4244 
07:15:15.887 [main] DEBUG org.sokybot.pk2.Pk2CryptoUtils - File mall_avatar_m_viking.ddj is not encrypted , flags not exists
07:15:15.887 [main] INFO org.soky.sro.pk2.io.Pk2IOTest - Consuming 4244 byte(s) from file mall_avatar_m_viking.ddj with size 4244 
07:15:15.887 [main] DEBUG org.sokybot.pk2.Pk2CryptoUtils - File mall_avatar_m_viking_attach.ddj is not encrypted , flags not exists
07:15:15.887 [main] INFO org.soky.sro.pk2.io.Pk2IOTest - Consuming 4244 byte(s) from file mall_avatar_m_viking_attach.ddj with size 4244 
07:15:15.887 [main] DEBUG org.sokybot.pk2.Pk2CryptoUtils - File mall_avatar_m_viking_hat.ddj is not encrypted , flags not exists
07:15:15.887 [main] INFO org.soky.sro.pk2.io.Pk2IOTest - Consuming 4244 byte(s) from file mall_avatar_m_viking_hat.ddj with size 4244 
07:15:15.887 [main] DEBUG org.sokybot.pk2.Pk2CryptoUtils - File mall_avatar_m_waterelement.ddj is not encrypted , flags not exists
07:15:15.887 [main] INFO org.soky.sro.pk2.io.Pk2IOTest - Consuming 4244 byte(s) from file mall_avatar_m_waterelement.ddj with size 4244 
07:15:15.887 [main] DEBUG org.sokybot.pk2.Pk2CryptoUtils - File mall_avatar_m_waterelement_attach.ddj is not encrypted , flags not exists
07:15:15.887 [main] INFO org.soky.sro.pk2.io.Pk2IOTest - Consuming 4244 byte(s) from file mall_avatar_m_waterelement_attach.ddj with size 4244 
07:15:15.888 [main] DEBUG org.sokybot.pk2.Pk2CryptoUtils - File mall_avatar_m_waterelement_hat.ddj is not encrypted , flags not exists
07:15:15.888 [main] INFO org.soky.sro.pk2.io.Pk2IOTest - Consuming 4244 byte(s) from file mall_avatar_m_waterelement_hat.ddj with size 4244 
07:15:15.888 [main] DEBUG org.sokybot.pk2.Pk2CryptoUtils - File mall_avatar_w_admiral.ddj is not encrypted , flags not exists
07:15:15.888 [main] INFO org.soky.sro.pk2.io.Pk2IOTest - Consuming 4244 byte(s) from file mall_avatar_w_admiral.ddj with size 4244 
07:15:15.888 [main] DEBUG org.sokybot.pk2.Pk2CryptoUtils - File mall_avatar_w_admiral_attach.ddj is not encrypted , flags not exists
07:15:15.888 [main] INFO org.soky.sro.pk2.io.Pk2IOTest - Consuming 4244 byte(s) from file mall_avatar_w_admiral_attach.ddj with size 4244 
07:15:15.888 [main] DEBUG org.sokybot.pk2.Pk2CryptoUtils - File mall_avatar_w_admiral_hat.ddj is not encrypted , flags not exists
07:15:15.888 [main] INFO org.soky.sro.pk2.io.Pk2IOTest - Consuming 4244 byte(s) from file mall_avatar_w_admiral_hat.ddj with size 4244 
07:15:15.888 [main] DEBUG org.sokybot.pk2.Pk2CryptoUtils - File mall_avatar_w_amalrun.ddj is not encrypted , flags not exists
07:15:15.888 [main] INFO org.soky.sro.pk2.io.Pk2IOTest - Consuming 4244 byte(s) from file mall_avatar_w_amalrun.ddj with size 4244 
07:15:15.889 [main] DEBUG org.sokybot.pk2.Pk2CryptoUtils - File mall_avatar_w_amalrun_blue.ddj is not encrypted , flags not exists
07:15:15.889 [main] INFO org.soky.sro.pk2.io.Pk2IOTest - Consuming 4244 byte(s) from file mall_avatar_w_amalrun_blue.ddj with size 4244 
07:15:15.889 [main] DEBUG org.sokybot.pk2.Pk2CryptoUtils - File mall_avatar_w_amalrun_yellow.ddj is not encrypted , flags not exists
07:15:15.889 [main] INFO org.soky.sro.pk2.io.Pk2IOTest - Consuming 4244 byte(s) from file mall_avatar_w_amalrun_yellow.ddj with size 4244 
07:15:15.889 [main] DEBUG org.sokybot.pk2.Pk2CryptoUtils - File mall_avatar_w_angel_powers_dress.ddj is not encrypted , flags not exists
07:15:15.889 [main] INFO org.soky.sro.pk2.io.Pk2IOTest - Consuming 4244 byte(s) from file mall_avatar_w_angel_powers_dress.ddj with size 4244 
07:15:15.889 [main] DEBUG org.sokybot.pk2.Pk2CryptoUtils - File mall_avatar_w_angel_powers_dress_hat.ddj is not encrypted , flags not exists
07:15:15.889 [main] INFO org.soky.sro.pk2.io.Pk2IOTest - Consuming 4244 byte(s) from file mall_avatar_w_angel_powers_dress_hat.ddj with size 4244 
07:15:15.889 [main] DEBUG org.sokybot.pk2.Pk2CryptoUtils - File mall_avatar_w_angel_wing.ddj is not encrypted , flags not exists
07:15:15.889 [main] INFO org.soky.sro.pk2.io.Pk2IOTest - Consuming 4244 byte(s) from file mall_avatar_w_angel_wing.ddj with size 4244 
07:15:15.889 [main] DEBUG org.sokybot.pk2.Pk2CryptoUtils - File mall_avatar_w_angel_wing_dress.ddj is not encrypted , flags not exists
07:15:15.890 [main] INFO org.soky.sro.pk2.io.Pk2IOTest - Consuming 4244 byte(s) from file mall_avatar_w_angel_wing_dress.ddj with size 4244 
07:15:15.890 [main] DEBUG org.sokybot.pk2.Pk2CryptoUtils - File mall_avatar_w_arabia.ddj is not encrypted , flags not exists
07:15:15.890 [main] INFO org.soky.sro.pk2.io.Pk2IOTest - Consuming 4244 byte(s) from file mall_avatar_w_arabia.ddj with size 4244 
07:15:15.890 [main] DEBUG org.sokybot.pk2.Pk2CryptoUtils - File mall_avatar_w_arabiandress.ddj is not encrypted , flags not exists
07:15:15.890 [main] INFO org.soky.sro.pk2.io.Pk2IOTest - Consuming 4244 byte(s) from file mall_avatar_w_arabiandress.ddj with size 4244 
07:15:15.890 [main] DEBUG org.sokybot.pk2.Pk2CryptoUtils - File mall_avatar_w_arabiandress_attach.ddj is not encrypted , flags not exists
07:15:15.890 [main] INFO org.soky.sro.pk2.io.Pk2IOTest - Consuming 4244 byte(s) from file mall_avatar_w_arabiandress_attach.ddj with size 4244 
07:15:15.890 [main] DEBUG org.sokybot.pk2.Pk2CryptoUtils - File mall_avatar_w_arabiandress_hat.ddj is not encrypted , flags not exists
07:15:15.890 [main] INFO org.soky.sro.pk2.io.Pk2IOTest - Consuming 4244 byte(s) from file mall_avatar_w_arabiandress_hat.ddj with size 4244 
07:15:15.890 [main] DEBUG org.sokybot.pk2.Pk2CryptoUtils - File mall_avatar_w_arabia_attach.ddj is not encrypted , flags not exists
07:15:15.890 [main] INFO org.soky.sro.pk2.io.Pk2IOTest - Consuming 4244 byte(s) from file mall_avatar_w_arabia_attach.ddj with size 4244 
07:15:15.891 [main] DEBUG org.sokybot.pk2.Pk2CryptoUtils - File mall_avatar_w_arabia_hat.ddj is not encrypted , flags not exists
07:15:15.891 [main] INFO org.soky.sro.pk2.io.Pk2IOTest - Consuming 4244 byte(s) from file mall_avatar_w_arabia_hat.ddj with size 4244 
07:15:15.891 [main] DEBUG org.sokybot.pk2.Pk2CryptoUtils - File mall_avatar_w_assassin.ddj is not encrypted , flags not exists
07:15:15.891 [main] INFO org.soky.sro.pk2.io.Pk2IOTest - Consuming 4244 byte(s) from file mall_avatar_w_assassin.ddj with size 4244 
07:15:15.891 [main] DEBUG org.sokybot.pk2.Pk2CryptoUtils - File mall_avatar_w_assassin_attach.ddj is not encrypted , flags not exists
07:15:15.891 [main] INFO org.soky.sro.pk2.io.Pk2IOTest - Consuming 4244 byte(s) from file mall_avatar_w_assassin_attach.ddj with size 4244 
07:15:15.891 [main] DEBUG org.sokybot.pk2.Pk2CryptoUtils - File mall_avatar_w_assassin_hat.ddj is not encrypted , flags not exists
07:15:15.891 [main] INFO org.soky.sro.pk2.io.Pk2IOTest - Consuming 4244 byte(s) from file mall_avatar_w_assassin_hat.ddj with size 4244 
07:15:15.891 [main] DEBUG org.sokybot.pk2.Pk2CryptoUtils - File mall_avatar_w_blackwing.ddj is not encrypted , flags not exists
07:15:15.891 [main] INFO org.soky.sro.pk2.io.Pk2IOTest - Consuming 4244 byte(s) from file mall_avatar_w_blackwing.ddj with size 4244 
07:15:15.891 [main] DEBUG org.sokybot.pk2.Pk2CryptoUtils - File mall_avatar_w_blackwing_hat.ddj is not encrypted , flags not exists
07:15:15.891 [main] INFO org.soky.sro.pk2.io.Pk2IOTest - Consuming 4244 byte(s) from file mall_avatar_w_blackwing_hat.ddj with size 4244 
07:15:15.892 [main] DEBUG org.sokybot.pk2.Pk2CryptoUtils - File mall_avatar_w_blue_soulknight.ddj is not encrypted , flags not exists
07:15:15.892 [main] INFO org.soky.sro.pk2.io.Pk2IOTest - Consuming 4244 byte(s) from file mall_avatar_w_blue_soulknight.ddj with size 4244 
07:15:15.892 [main] DEBUG org.sokybot.pk2.Pk2CryptoUtils - File mall_avatar_w_blue_soulknight_attach.ddj is not encrypted , flags not exists
07:15:15.892 [main] INFO org.soky.sro.pk2.io.Pk2IOTest - Consuming 4244 byte(s) from file mall_avatar_w_blue_soulknight_attach.ddj with size 4244 
07:15:15.892 [main] DEBUG org.sokybot.pk2.Pk2CryptoUtils - File mall_avatar_w_blue_soulknight_hat.ddj is not encrypted , flags not exists
07:15:15.892 [main] INFO org.soky.sro.pk2.io.Pk2IOTest - Consuming 4244 byte(s) from file mall_avatar_w_blue_soulknight_hat.ddj with size 4244 
07:15:15.892 [main] DEBUG org.sokybot.pk2.Pk2CryptoUtils - File mall_avatar_w_carnival.ddj is not encrypted , flags not exists
07:15:15.892 [main] INFO org.soky.sro.pk2.io.Pk2IOTest - Consuming 4244 byte(s) from file mall_avatar_w_carnival.ddj with size 4244 
07:15:15.892 [main] DEBUG org.sokybot.pk2.Pk2CryptoUtils - File mall_avatar_w_carnival_attach.ddj is not encrypted , flags not exists
07:15:15.892 [main] INFO org.soky.sro.pk2.io.Pk2IOTest - Consuming 4244 byte(s) from file mall_avatar_w_carnival_attach.ddj with size 4244 
07:15:15.892 [main] DEBUG org.sokybot.pk2.Pk2CryptoUtils - File mall_avatar_w_carnival_hat.ddj is not encrypted , flags not exists
07:15:15.893 [main] INFO org.soky.sro.pk2.io.Pk2IOTest - Consuming 4244 byte(s) from file mall_avatar_w_carnival_hat.ddj with size 4244 
07:15:15.893 [main] DEBUG org.sokybot.pk2.Pk2CryptoUtils - File mall_avatar_w_chingchu.ddj is not encrypted , flags not exists
07:15:15.893 [main] INFO org.soky.sro.pk2.io.Pk2IOTest - Consuming 4244 byte(s) from file mall_avatar_w_chingchu.ddj with size 4244 
07:15:15.893 [main] DEBUG org.sokybot.pk2.Pk2CryptoUtils - File mall_avatar_w_chingchu_attach.ddj is not encrypted , flags not exists
07:15:15.893 [main] INFO org.soky.sro.pk2.io.Pk2IOTest - Consuming 4244 byte(s) from file mall_avatar_w_chingchu_attach.ddj with size 4244 
07:15:15.893 [main] DEBUG org.sokybot.pk2.Pk2CryptoUtils - File mall_avatar_w_chingchu_hat.ddj is not encrypted , flags not exists
07:15:15.893 [main] INFO org.soky.sro.pk2.io.Pk2IOTest - Consuming 4244 byte(s) from file mall_avatar_w_chingchu_hat.ddj with size 4244 
07:15:15.893 [main] DEBUG org.sokybot.pk2.Pk2CryptoUtils - File mall_avatar_w_ch_wedding.ddj is not encrypted , flags not exists
07:15:15.893 [main] INFO org.soky.sro.pk2.io.Pk2IOTest - Consuming 4244 byte(s) from file mall_avatar_w_ch_wedding.ddj with size 4244 
07:15:15.893 [main] DEBUG org.sokybot.pk2.Pk2CryptoUtils - File mall_avatar_w_ch_wedding_hat.ddj is not encrypted , flags not exists
07:15:15.893 [main] INFO org.soky.sro.pk2.io.Pk2IOTest - Consuming 4244 byte(s) from file mall_avatar_w_ch_wedding_hat.ddj with size 4244 
07:15:15.894 [main] DEBUG org.sokybot.pk2.Pk2CryptoUtils - File mall_avatar_w_clown.ddj is not encrypted , flags not exists
07:15:15.894 [main] INFO org.soky.sro.pk2.io.Pk2IOTest - Consuming 4244 byte(s) from file mall_avatar_w_clown.ddj with size 4244 
07:15:15.894 [main] DEBUG org.sokybot.pk2.Pk2CryptoUtils - File mall_avatar_w_clown_attach.ddj is not encrypted , flags not exists
07:15:15.894 [main] INFO org.soky.sro.pk2.io.Pk2IOTest - Consuming 4244 byte(s) from file mall_avatar_w_clown_attach.ddj with size 4244 
07:15:15.894 [main] DEBUG org.sokybot.pk2.Pk2CryptoUtils - File mall_avatar_w_clown_hat.ddj is not encrypted , flags not exists
07:15:15.894 [main] INFO org.soky.sro.pk2.io.Pk2IOTest - Consuming 4244 byte(s) from file mall_avatar_w_clown_hat.ddj with size 4244 
07:15:15.894 [main] DEBUG org.sokybot.pk2.Pk2CryptoUtils - File mall_avatar_w_darkknight.ddj is not encrypted , flags not exists
07:15:15.894 [main] INFO org.soky.sro.pk2.io.Pk2IOTest - Consuming 4244 byte(s) from file mall_avatar_w_darkknight.ddj with size 4244 
07:15:15.894 [main] DEBUG org.sokybot.pk2.Pk2CryptoUtils - File mall_avatar_w_darkknight_attach.ddj is not encrypted , flags not exists
07:15:15.894 [main] INFO org.soky.sro.pk2.io.Pk2IOTest - Consuming 4244 byte(s) from file mall_avatar_w_darkknight_attach.ddj with size 4244 
07:15:15.894 [main] DEBUG org.sokybot.pk2.Pk2CryptoUtils - File mall_avatar_w_darkknight_hat.ddj is not encrypted , flags not exists
07:15:15.895 [main] INFO org.soky.sro.pk2.io.Pk2IOTest - Consuming 4244 byte(s) from file mall_avatar_w_darkknight_hat.ddj with size 4244 
07:15:15.895 [main] DEBUG org.sokybot.pk2.Pk2CryptoUtils - File mall_avatar_w_darklknight.ddj is not encrypted , flags not exists
07:15:15.895 [main] INFO org.soky.sro.pk2.io.Pk2IOTest - Consuming 4244 byte(s) from file mall_avatar_w_darklknight.ddj with size 4244 
07:15:15.895 [main] DEBUG org.sokybot.pk2.Pk2CryptoUtils - File mall_avatar_w_darklknight_attach.ddj is not encrypted , flags not exists
07:15:15.895 [main] INFO org.soky.sro.pk2.io.Pk2IOTest - Consuming 4244 byte(s) from file mall_avatar_w_darklknight_attach.ddj with size 4244 
07:15:15.895 [main] DEBUG org.sokybot.pk2.Pk2CryptoUtils - File mall_avatar_w_darklknight_hat.ddj is not encrypted , flags not exists
07:15:15.895 [main] INFO org.soky.sro.pk2.io.Pk2IOTest - Consuming 4244 byte(s) from file mall_avatar_w_darklknight_hat.ddj with size 4244 
07:15:15.895 [main] DEBUG org.sokybot.pk2.Pk2CryptoUtils - File mall_avatar_w_darkwarrior.ddj is not encrypted , flags not exists
07:15:15.895 [main] INFO org.soky.sro.pk2.io.Pk2IOTest - Consuming 4244 byte(s) from file mall_avatar_w_darkwarrior.ddj with size 4244 
07:15:15.895 [main] DEBUG org.sokybot.pk2.Pk2CryptoUtils - File mall_avatar_w_darkwarrior_attach.ddj is not encrypted , flags not exists
07:15:15.895 [main] INFO org.soky.sro.pk2.io.Pk2IOTest - Consuming 4244 byte(s) from file mall_avatar_w_darkwarrior_attach.ddj with size 4244 
07:15:15.896 [main] DEBUG org.sokybot.pk2.Pk2CryptoUtils - File mall_avatar_w_darkwarrior_hat.ddj is not encrypted , flags not exists
07:15:15.896 [main] INFO org.soky.sro.pk2.io.Pk2IOTest - Consuming 4244 byte(s) from file mall_avatar_w_darkwarrior_hat.ddj with size 4244 
07:15:15.896 [main] DEBUG org.sokybot.pk2.Pk2CryptoUtils - File mall_avatar_w_day_deathassassin.ddj is not encrypted , flags not exists
07:15:15.896 [main] INFO org.soky.sro.pk2.io.Pk2IOTest - Consuming 4244 byte(s) from file mall_avatar_w_day_deathassassin.ddj with size 4244 
07:15:15.896 [main] DEBUG org.sokybot.pk2.Pk2CryptoUtils - File mall_avatar_w_day_deathassassin_attach.ddj is not encrypted , flags not exists
07:15:15.896 [main] INFO org.soky.sro.pk2.io.Pk2IOTest - Consuming 4244 byte(s) from file mall_avatar_w_day_deathassassin_attach.ddj with size 4244 
07:15:15.896 [main] DEBUG org.sokybot.pk2.Pk2CryptoUtils - File mall_avatar_w_day_deathassassin_hat.ddj is not encrypted , flags not exists
07:15:15.896 [main] INFO org.soky.sro.pk2.io.Pk2IOTest - Consuming 4244 byte(s) from file mall_avatar_w_day_deathassassin_hat.ddj with size 4244 
07:15:15.896 [main] DEBUG org.sokybot.pk2.Pk2CryptoUtils - File mall_avatar_w_devil_wing_dress.ddj is not encrypted , flags not exists
07:15:15.896 [main] INFO org.soky.sro.pk2.io.Pk2IOTest - Consuming 4244 byte(s) from file mall_avatar_w_devil_wing_dress.ddj with size 4244 
07:15:15.896 [main] DEBUG org.sokybot.pk2.Pk2CryptoUtils - File mall_avatar_w_dragondress.ddj is not encrypted , flags not exists
07:15:15.896 [main] INFO org.soky.sro.pk2.io.Pk2IOTest - Consuming 4244 byte(s) from file mall_avatar_w_dragondress.ddj with size 4244 
07:15:15.897 [main] DEBUG org.sokybot.pk2.Pk2CryptoUtils - File mall_avatar_w_dragondress_attach.ddj is not encrypted , flags not exists
07:15:15.897 [main] INFO org.soky.sro.pk2.io.Pk2IOTest - Consuming 4244 byte(s) from file mall_avatar_w_dragondress_attach.ddj with size 4244 
07:15:15.897 [main] DEBUG org.sokybot.pk2.Pk2CryptoUtils - File mall_avatar_w_dragondress_hat.ddj is not encrypted , flags not exists
07:15:15.897 [main] INFO org.soky.sro.pk2.io.Pk2IOTest - Consuming 4244 byte(s) from file mall_avatar_w_dragondress_hat.ddj with size 4244 
07:15:15.897 [main] DEBUG org.sokybot.pk2.Pk2CryptoUtils - File mall_avatar_w_earthspirit.ddj is not encrypted , flags not exists
07:15:15.897 [main] INFO org.soky.sro.pk2.io.Pk2IOTest - Consuming 4244 byte(s) from file mall_avatar_w_earthspirit.ddj with size 4244 
07:15:15.897 [main] DEBUG org.sokybot.pk2.Pk2CryptoUtils - File mall_avatar_w_earthspirit_attach.ddj is not encrypted , flags not exists
07:15:15.897 [main] INFO org.soky.sro.pk2.io.Pk2IOTest - Consuming 4244 byte(s) from file mall_avatar_w_earthspirit_attach.ddj with size 4244 
07:15:15.897 [main] DEBUG org.sokybot.pk2.Pk2CryptoUtils - File mall_avatar_w_earthspirit_hat.ddj is not encrypted , flags not exists
07:15:15.897 [main] INFO org.soky.sro.pk2.io.Pk2IOTest - Consuming 4244 byte(s) from file mall_avatar_w_earthspirit_hat.ddj with size 4244 
07:15:15.898 [main] DEBUG org.sokybot.pk2.Pk2CryptoUtils - File mall_avatar_w_eu_wedding.ddj is not encrypted , flags not exists
07:15:15.898 [main] INFO org.soky.sro.pk2.io.Pk2IOTest - Consuming 4244 byte(s) from file mall_avatar_w_eu_wedding.ddj with size 4244 
07:15:15.898 [main] DEBUG org.sokybot.pk2.Pk2CryptoUtils - File mall_avatar_w_eu_wedding_hat.ddj is not encrypted , flags not exists
07:15:15.898 [main] INFO org.soky.sro.pk2.io.Pk2IOTest - Consuming 4244 byte(s) from file mall_avatar_w_eu_wedding_hat.ddj with size 4244 
07:15:15.898 [main] DEBUG org.sokybot.pk2.Pk2CryptoUtils - File mall_avatar_w_event_winter.ddj is not encrypted , flags not exists
07:15:15.898 [main] INFO org.soky.sro.pk2.io.Pk2IOTest - Consuming 4244 byte(s) from file mall_avatar_w_event_winter.ddj with size 4244 
07:15:15.898 [main] DEBUG org.sokybot.pk2.Pk2CryptoUtils - File mall_avatar_w_event_winter_attach.ddj is not encrypted , flags not exists
07:15:15.898 [main] INFO org.soky.sro.pk2.io.Pk2IOTest - Consuming 4244 byte(s) from file mall_avatar_w_event_winter_attach.ddj with size 4244 
07:15:15.898 [main] DEBUG org.sokybot.pk2.Pk2CryptoUtils - File mall_avatar_w_event_winter_hat.ddj is not encrypted , flags not exists
07:15:15.898 [main] INFO org.soky.sro.pk2.io.Pk2IOTest - Consuming 4244 byte(s) from file mall_avatar_w_event_winter_hat.ddj with size 4244 
07:15:15.899 [main] DEBUG org.sokybot.pk2.Pk2CryptoUtils - File mall_avatar_w_fairy.ddj is not encrypted , flags not exists
07:15:15.899 [main] INFO org.soky.sro.pk2.io.Pk2IOTest - Consuming 4244 byte(s) from file mall_avatar_w_fairy.ddj with size 4244 
07:15:15.899 [main] DEBUG org.sokybot.pk2.Pk2CryptoUtils - File mall_avatar_w_fairy_hat.ddj is not encrypted , flags not exists
07:15:15.899 [main] INFO org.soky.sro.pk2.io.Pk2IOTest - Consuming 4244 byte(s) from file mall_avatar_w_fairy_hat.ddj with size 4244 
07:15:15.899 [main] DEBUG org.sokybot.pk2.Pk2CryptoUtils - File mall_avatar_w_fox.ddj is not encrypted , flags not exists
07:15:15.899 [main] INFO org.soky.sro.pk2.io.Pk2IOTest - Consuming 4244 byte(s) from file mall_avatar_w_fox.ddj with size 4244 
07:15:15.899 [main] DEBUG org.sokybot.pk2.Pk2CryptoUtils - File mall_avatar_w_fox_attach.ddj is not encrypted , flags not exists
07:15:15.899 [main] INFO org.soky.sro.pk2.io.Pk2IOTest - Consuming 4244 byte(s) from file mall_avatar_w_fox_attach.ddj with size 4244 
07:15:15.899 [main] DEBUG org.sokybot.pk2.Pk2CryptoUtils - File mall_avatar_w_fox_hat.ddj is not encrypted , flags not exists
07:15:15.899 [main] INFO org.soky.sro.pk2.io.Pk2IOTest - Consuming 4244 byte(s) from file mall_avatar_w_fox_hat.ddj with size 4244 
07:15:15.899 [main] DEBUG org.sokybot.pk2.Pk2CryptoUtils - File mall_avatar_w_fur.ddj is not encrypted , flags not exists
07:15:15.900 [main] INFO org.soky.sro.pk2.io.Pk2IOTest - Consuming 4244 byte(s) from file mall_avatar_w_fur.ddj with size 4244 
07:15:15.900 [main] DEBUG org.sokybot.pk2.Pk2CryptoUtils - File mall_avatar_w_fur_hat.ddj is not encrypted , flags not exists
07:15:15.900 [main] INFO org.soky.sro.pk2.io.Pk2IOTest - Consuming 4244 byte(s) from file mall_avatar_w_fur_hat.ddj with size 4244 
07:15:15.900 [main] DEBUG org.sokybot.pk2.Pk2CryptoUtils - File mall_avatar_w_ghost_captain.ddj is not encrypted , flags not exists
07:15:15.900 [main] INFO org.soky.sro.pk2.io.Pk2IOTest - Consuming 4244 byte(s) from file mall_avatar_w_ghost_captain.ddj with size 4244 
07:15:15.900 [main] DEBUG org.sokybot.pk2.Pk2CryptoUtils - File mall_avatar_w_ghost_captain_attach.ddj is not encrypted , flags not exists
07:15:15.900 [main] INFO org.soky.sro.pk2.io.Pk2IOTest - Consuming 4244 byte(s) from file mall_avatar_w_ghost_captain_attach.ddj with size 4244 
07:15:15.900 [main] DEBUG org.sokybot.pk2.Pk2CryptoUtils - File mall_avatar_w_ghost_captain_hat.ddj is not encrypted , flags not exists
07:15:15.900 [main] INFO org.soky.sro.pk2.io.Pk2IOTest - Consuming 4244 byte(s) from file mall_avatar_w_ghost_captain_hat.ddj with size 4244 
07:15:15.900 [main] DEBUG org.sokybot.pk2.Pk2CryptoUtils - File mall_avatar_w_halloween.ddj is not encrypted , flags not exists
07:15:15.900 [main] INFO org.soky.sro.pk2.io.Pk2IOTest - Consuming 4244 byte(s) from file mall_avatar_w_halloween.ddj with size 4244 
07:15:15.900 [main] DEBUG org.sokybot.pk2.Pk2CryptoUtils - File mall_avatar_w_halloweendress.ddj is not encrypted , flags not exists
07:15:15.901 [main] INFO org.soky.sro.pk2.io.Pk2IOTest - Consuming 4244 byte(s) from file mall_avatar_w_halloweendress.ddj with size 4244 
07:15:15.901 [main] DEBUG org.sokybot.pk2.Pk2CryptoUtils - File mall_avatar_w_halloweendress_attach.ddj is not encrypted , flags not exists
07:15:15.901 [main] INFO org.soky.sro.pk2.io.Pk2IOTest - Consuming 4244 byte(s) from file mall_avatar_w_halloweendress_attach.ddj with size 4244 
07:15:15.901 [main] DEBUG org.sokybot.pk2.Pk2CryptoUtils - File mall_avatar_w_halloweendress_hat.ddj is not encrypted , flags not exists
07:15:15.901 [main] INFO org.soky.sro.pk2.io.Pk2IOTest - Consuming 4244 byte(s) from file mall_avatar_w_halloweendress_hat.ddj with size 4244 
07:15:15.901 [main] DEBUG org.sokybot.pk2.Pk2CryptoUtils - File mall_avatar_w_halloween_hat.ddj is not encrypted , flags not exists
07:15:15.901 [main] INFO org.soky.sro.pk2.io.Pk2IOTest - Consuming 4244 byte(s) from file mall_avatar_w_halloween_hat.ddj with size 4244 
07:15:15.901 [main] DEBUG org.sokybot.pk2.Pk2CryptoUtils - File mall_avatar_w_headknights.ddj is not encrypted , flags not exists
07:15:15.901 [main] INFO org.soky.sro.pk2.io.Pk2IOTest - Consuming 4244 byte(s) from file mall_avatar_w_headknights.ddj with size 4244 
07:15:15.901 [main] DEBUG org.sokybot.pk2.Pk2CryptoUtils - File mall_avatar_w_headknights_attach.ddj is not encrypted , flags not exists
07:15:15.901 [main] INFO org.soky.sro.pk2.io.Pk2IOTest - Consuming 4244 byte(s) from file mall_avatar_w_headknights_attach.ddj with size 4244 
07:15:15.902 [main] DEBUG org.sokybot.pk2.Pk2CryptoUtils - File mall_avatar_w_headknights_hat.ddj is not encrypted , flags not exists
07:15:15.902 [main] INFO org.soky.sro.pk2.io.Pk2IOTest - Consuming 4244 byte(s) from file mall_avatar_w_headknights_hat.ddj with size 4244 
07:15:15.902 [main] DEBUG org.sokybot.pk2.Pk2CryptoUtils - File mall_avatar_w_hwarang.ddj is not encrypted , flags not exists
07:15:15.902 [main] INFO org.soky.sro.pk2.io.Pk2IOTest - Consuming 4244 byte(s) from file mall_avatar_w_hwarang.ddj with size 4244 
07:15:15.902 [main] DEBUG org.sokybot.pk2.Pk2CryptoUtils - File mall_avatar_w_hwarang_attach.ddj is not encrypted , flags not exists
07:15:15.902 [main] INFO org.soky.sro.pk2.io.Pk2IOTest - Consuming 4244 byte(s) from file mall_avatar_w_hwarang_attach.ddj with size 4244 
07:15:15.902 [main] DEBUG org.sokybot.pk2.Pk2CryptoUtils - File mall_avatar_w_hwarang_hat.ddj is not encrypted , flags not exists
07:15:15.902 [main] INFO org.soky.sro.pk2.io.Pk2IOTest - Consuming 4244 byte(s) from file mall_avatar_w_hwarang_hat.ddj with size 4244 
07:15:15.902 [main] DEBUG org.sokybot.pk2.Pk2CryptoUtils - File mall_avatar_w_knight.ddj is not encrypted , flags not exists
07:15:15.902 [main] INFO org.soky.sro.pk2.io.Pk2IOTest - Consuming 4244 byte(s) from file mall_avatar_w_knight.ddj with size 4244 
07:15:15.902 [main] DEBUG org.sokybot.pk2.Pk2CryptoUtils - File mall_avatar_w_knight_hat.ddj is not encrypted , flags not exists
07:15:15.902 [main] INFO org.soky.sro.pk2.io.Pk2IOTest - Consuming 4244 byte(s) from file mall_avatar_w_knight_hat.ddj with size 4244 
07:15:15.903 [main] DEBUG org.sokybot.pk2.Pk2CryptoUtils - File mall_avatar_w_mummy.ddj is not encrypted , flags not exists
07:15:15.903 [main] INFO org.soky.sro.pk2.io.Pk2IOTest - Consuming 4244 byte(s) from file mall_avatar_w_mummy.ddj with size 4244 
07:15:15.903 [main] DEBUG org.sokybot.pk2.Pk2CryptoUtils - File mall_avatar_w_mummy_attach.ddj is not encrypted , flags not exists
07:15:15.903 [main] INFO org.soky.sro.pk2.io.Pk2IOTest - Consuming 4244 byte(s) from file mall_avatar_w_mummy_attach.ddj with size 4244 
07:15:15.903 [main] DEBUG org.sokybot.pk2.Pk2CryptoUtils - File mall_avatar_w_mummy_hat.ddj is not encrypted , flags not exists
07:15:15.903 [main] INFO org.soky.sro.pk2.io.Pk2IOTest - Consuming 4244 byte(s) from file mall_avatar_w_mummy_hat.ddj with size 4244 
07:15:15.903 [main] DEBUG org.sokybot.pk2.Pk2CryptoUtils - File mall_avatar_w_nasrun.ddj is not encrypted , flags not exists
07:15:15.903 [main] INFO org.soky.sro.pk2.io.Pk2IOTest - Consuming 4244 byte(s) from file mall_avatar_w_nasrun.ddj with size 4244 
07:15:15.903 [main] DEBUG org.sokybot.pk2.Pk2CryptoUtils - File mall_avatar_w_nasrun_blue.ddj is not encrypted , flags not exists
07:15:15.903 [main] INFO org.soky.sro.pk2.io.Pk2IOTest - Consuming 4244 byte(s) from file mall_avatar_w_nasrun_blue.ddj with size 4244 
07:15:15.904 [main] DEBUG org.sokybot.pk2.Pk2CryptoUtils - File mall_avatar_w_nasrun_yellow.ddj is not encrypted , flags not exists
07:15:15.904 [main] INFO org.soky.sro.pk2.io.Pk2IOTest - Consuming 4244 byte(s) from file mall_avatar_w_nasrun_yellow.ddj with size 4244 
07:15:15.904 [main] DEBUG org.sokybot.pk2.Pk2CryptoUtils - File mall_avatar_w_newangel.ddj is not encrypted , flags not exists
07:15:15.904 [main] INFO org.soky.sro.pk2.io.Pk2IOTest - Consuming 4244 byte(s) from file mall_avatar_w_newangel.ddj with size 4244 
07:15:15.904 [main] DEBUG org.sokybot.pk2.Pk2CryptoUtils - File mall_avatar_w_newangel_hat.ddj is not encrypted , flags not exists
07:15:15.904 [main] INFO org.soky.sro.pk2.io.Pk2IOTest - Consuming 4244 byte(s) from file mall_avatar_w_newangel_hat.ddj with size 4244 
07:15:15.904 [main] DEBUG org.sokybot.pk2.Pk2CryptoUtils - File mall_avatar_w_newdevil.ddj is not encrypted , flags not exists
07:15:15.904 [main] INFO org.soky.sro.pk2.io.Pk2IOTest - Consuming 4244 byte(s) from file mall_avatar_w_newdevil.ddj with size 4244 
07:15:15.904 [main] DEBUG org.sokybot.pk2.Pk2CryptoUtils - File mall_avatar_w_newdevil_hat.ddj is not encrypted , flags not exists
07:15:15.904 [main] INFO org.soky.sro.pk2.io.Pk2IOTest - Consuming 4244 byte(s) from file mall_avatar_w_newdevil_hat.ddj with size 4244 
07:15:15.904 [main] DEBUG org.sokybot.pk2.Pk2CryptoUtils - File mall_avatar_w_newhalloween.ddj is not encrypted , flags not exists
07:15:15.905 [main] INFO org.soky.sro.pk2.io.Pk2IOTest - Consuming 4244 byte(s) from file mall_avatar_w_newhalloween.ddj with size 4244 
07:15:15.905 [main] DEBUG org.sokybot.pk2.Pk2CryptoUtils - File mall_avatar_w_newhalloween_attach.ddj is not encrypted , flags not exists
07:15:15.905 [main] INFO org.soky.sro.pk2.io.Pk2IOTest - Consuming 4244 byte(s) from file mall_avatar_w_newhalloween_attach.ddj with size 4244 
07:15:15.905 [main] DEBUG org.sokybot.pk2.Pk2CryptoUtils - File mall_avatar_w_newhalloween_hat.ddj is not encrypted , flags not exists
07:15:15.905 [main] INFO org.soky.sro.pk2.io.Pk2IOTest - Consuming 4244 byte(s) from file mall_avatar_w_newhalloween_hat.ddj with size 4244 
07:15:15.905 [main] DEBUG org.sokybot.pk2.Pk2CryptoUtils - File mall_avatar_w_ninja.ddj is not encrypted , flags not exists
07:15:15.905 [main] INFO org.soky.sro.pk2.io.Pk2IOTest - Consuming 4244 byte(s) from file mall_avatar_w_ninja.ddj with size 4244 
07:15:15.905 [main] DEBUG org.sokybot.pk2.Pk2CryptoUtils - File mall_avatar_w_ninja_attach.ddj is not encrypted , flags not exists
07:15:15.905 [main] INFO org.soky.sro.pk2.io.Pk2IOTest - Consuming 4244 byte(s) from file mall_avatar_w_ninja_attach.ddj with size 4244 
07:15:15.905 [main] DEBUG org.sokybot.pk2.Pk2CryptoUtils - File mall_avatar_w_ninja_hat.ddj is not encrypted , flags not exists
07:15:15.905 [main] INFO org.soky.sro.pk2.io.Pk2IOTest - Consuming 4244 byte(s) from file mall_avatar_w_ninja_hat.ddj with size 4244 
07:15:15.905 [main] DEBUG org.sokybot.pk2.Pk2CryptoUtils - File mall_avatar_w_noblesse.ddj is not encrypted , flags not exists
07:15:15.906 [main] INFO org.soky.sro.pk2.io.Pk2IOTest - Consuming 4244 byte(s) from file mall_avatar_w_noblesse.ddj with size 4244 
07:15:15.906 [main] DEBUG org.sokybot.pk2.Pk2CryptoUtils - File mall_avatar_w_noblesse_attach.ddj is not encrypted , flags not exists
07:15:15.906 [main] INFO org.soky.sro.pk2.io.Pk2IOTest - Consuming 4244 byte(s) from file mall_avatar_w_noblesse_attach.ddj with size 4244 
07:15:15.906 [main] DEBUG org.sokybot.pk2.Pk2CryptoUtils - File mall_avatar_w_noblesse_hat.ddj is not encrypted , flags not exists
07:15:15.906 [main] INFO org.soky.sro.pk2.io.Pk2IOTest - Consuming 4244 byte(s) from file mall_avatar_w_noblesse_hat.ddj with size 4244 
07:15:15.906 [main] DEBUG org.sokybot.pk2.Pk2CryptoUtils - File mall_avatar_w_phoenix_dress.ddj is not encrypted , flags not exists
07:15:15.906 [main] INFO org.soky.sro.pk2.io.Pk2IOTest - Consuming 4244 byte(s) from file mall_avatar_w_phoenix_dress.ddj with size 4244 
07:15:15.906 [main] DEBUG org.sokybot.pk2.Pk2CryptoUtils - File mall_avatar_w_phoenix_dress_hat.ddj is not encrypted , flags not exists
07:15:15.906 [main] INFO org.soky.sro.pk2.io.Pk2IOTest - Consuming 4244 byte(s) from file mall_avatar_w_phoenix_dress_hat.ddj with size 4244 
07:15:15.906 [main] DEBUG org.sokybot.pk2.Pk2CryptoUtils - File mall_avatar_w_pirate.ddj is not encrypted , flags not exists
07:15:15.906 [main] INFO org.soky.sro.pk2.io.Pk2IOTest - Consuming 4244 byte(s) from file mall_avatar_w_pirate.ddj with size 4244 
07:15:15.907 [main] DEBUG org.sokybot.pk2.Pk2CryptoUtils - File mall_avatar_w_piratecrew.ddj is not encrypted , flags not exists
07:15:15.907 [main] INFO org.soky.sro.pk2.io.Pk2IOTest - Consuming 4244 byte(s) from file mall_avatar_w_piratecrew.ddj with size 4244 
07:15:15.907 [main] DEBUG org.sokybot.pk2.Pk2CryptoUtils - File mall_avatar_w_piratecrew_attach.ddj is not encrypted , flags not exists
07:15:15.907 [main] INFO org.soky.sro.pk2.io.Pk2IOTest - Consuming 4244 byte(s) from file mall_avatar_w_piratecrew_attach.ddj with size 4244 
07:15:15.907 [main] DEBUG org.sokybot.pk2.Pk2CryptoUtils - File mall_avatar_w_piratecrew_hat.ddj is not encrypted , flags not exists
07:15:15.907 [main] INFO org.soky.sro.pk2.io.Pk2IOTest - Consuming 4244 byte(s) from file mall_avatar_w_piratecrew_hat.ddj with size 4244 
07:15:15.907 [main] DEBUG org.sokybot.pk2.Pk2CryptoUtils - File mall_avatar_w_pirate_attach.ddj is not encrypted , flags not exists
07:15:15.907 [main] INFO org.soky.sro.pk2.io.Pk2IOTest - Consuming 4244 byte(s) from file mall_avatar_w_pirate_attach.ddj with size 4244 
07:15:15.907 [main] DEBUG org.sokybot.pk2.Pk2CryptoUtils - File mall_avatar_w_pirate_hat.ddj is not encrypted , flags not exists
07:15:15.907 [main] INFO org.soky.sro.pk2.io.Pk2IOTest - Consuming 4244 byte(s) from file mall_avatar_w_pirate_hat.ddj with size 4244 
07:15:15.907 [main] DEBUG org.sokybot.pk2.Pk2CryptoUtils - File mall_avatar_w_redhood.ddj is not encrypted , flags not exists
07:15:15.907 [main] INFO org.soky.sro.pk2.io.Pk2IOTest - Consuming 4244 byte(s) from file mall_avatar_w_redhood.ddj with size 4244 
07:15:15.908 [main] DEBUG org.sokybot.pk2.Pk2CryptoUtils - File mall_avatar_w_redhood_attach_girl.ddj is not encrypted , flags not exists
07:15:15.908 [main] INFO org.soky.sro.pk2.io.Pk2IOTest - Consuming 4244 byte(s) from file mall_avatar_w_redhood_attach_girl.ddj with size 4244 
07:15:15.908 [main] DEBUG org.sokybot.pk2.Pk2CryptoUtils - File mall_avatar_w_redhood_attach_wolf.ddj is not encrypted , flags not exists
07:15:15.908 [main] INFO org.soky.sro.pk2.io.Pk2IOTest - Consuming 4244 byte(s) from file mall_avatar_w_redhood_attach_wolf.ddj with size 4244 
07:15:15.908 [main] DEBUG org.sokybot.pk2.Pk2CryptoUtils - File mall_avatar_w_redhood_hat.ddj is not encrypted , flags not exists
07:15:15.908 [main] INFO org.soky.sro.pk2.io.Pk2IOTest - Consuming 4244 byte(s) from file mall_avatar_w_redhood_hat.ddj with size 4244 
07:15:15.908 [main] DEBUG org.sokybot.pk2.Pk2CryptoUtils - File mall_avatar_w_saintwarrior.ddj is not encrypted , flags not exists
07:15:15.908 [main] INFO org.soky.sro.pk2.io.Pk2IOTest - Consuming 4244 byte(s) from file mall_avatar_w_saintwarrior.ddj with size 4244 
07:15:15.908 [main] DEBUG org.sokybot.pk2.Pk2CryptoUtils - File mall_avatar_w_saintwarrior_attach.ddj is not encrypted , flags not exists
07:15:15.908 [main] INFO org.soky.sro.pk2.io.Pk2IOTest - Consuming 4244 byte(s) from file mall_avatar_w_saintwarrior_attach.ddj with size 4244 
07:15:15.909 [main] DEBUG org.sokybot.pk2.Pk2CryptoUtils - File mall_avatar_w_saintwarrior_hat.ddj is not encrypted , flags not exists
07:15:15.909 [main] INFO org.soky.sro.pk2.io.Pk2IOTest - Consuming 4244 byte(s) from file mall_avatar_w_saintwarrior_hat.ddj with size 4244 
07:15:15.909 [main] DEBUG org.sokybot.pk2.Pk2CryptoUtils - File mall_avatar_w_saytan_dress.ddj is not encrypted , flags not exists
07:15:15.909 [main] INFO org.soky.sro.pk2.io.Pk2IOTest - Consuming 4244 byte(s) from file mall_avatar_w_saytan_dress.ddj with size 4244 
07:15:15.909 [main] DEBUG org.sokybot.pk2.Pk2CryptoUtils - File mall_avatar_w_saytan_dress_attach.ddj is not encrypted , flags not exists
07:15:15.909 [main] INFO org.soky.sro.pk2.io.Pk2IOTest - Consuming 4244 byte(s) from file mall_avatar_w_saytan_dress_attach.ddj with size 4244 
07:15:15.909 [main] DEBUG org.sokybot.pk2.Pk2CryptoUtils - File mall_avatar_w_saytan_dress_hat.ddj is not encrypted , flags not exists
07:15:15.909 [main] INFO org.soky.sro.pk2.io.Pk2IOTest - Consuming 4244 byte(s) from file mall_avatar_w_saytan_dress_hat.ddj with size 4244 
07:15:15.909 [main] DEBUG org.sokybot.pk2.Pk2CryptoUtils - File mall_avatar_w_sparta.ddj is not encrypted , flags not exists
07:15:15.909 [main] INFO org.soky.sro.pk2.io.Pk2IOTest - Consuming 4244 byte(s) from file mall_avatar_w_sparta.ddj with size 4244 
07:15:15.909 [main] DEBUG org.sokybot.pk2.Pk2CryptoUtils - File mall_avatar_w_sparta_attach.ddj is not encrypted , flags not exists
07:15:15.910 [main] INFO org.soky.sro.pk2.io.Pk2IOTest - Consuming 4244 byte(s) from file mall_avatar_w_sparta_attach.ddj with size 4244 
07:15:15.910 [main] DEBUG org.sokybot.pk2.Pk2CryptoUtils - File mall_avatar_w_sparta_hat.ddj is not encrypted , flags not exists
07:15:15.910 [main] INFO org.soky.sro.pk2.io.Pk2IOTest - Consuming 4244 byte(s) from file mall_avatar_w_sparta_hat.ddj with size 4244 
07:15:15.910 [main] DEBUG org.sokybot.pk2.Pk2CryptoUtils - File mall_avatar_w_steampunk.ddj is not encrypted , flags not exists
07:15:15.910 [main] INFO org.soky.sro.pk2.io.Pk2IOTest - Consuming 4244 byte(s) from file mall_avatar_w_steampunk.ddj with size 4244 
07:15:15.910 [main] DEBUG org.sokybot.pk2.Pk2CryptoUtils - File mall_avatar_w_steampunk_attach.ddj is not encrypted , flags not exists
07:15:15.910 [main] INFO org.soky.sro.pk2.io.Pk2IOTest - Consuming 4244 byte(s) from file mall_avatar_w_steampunk_attach.ddj with size 4244 
07:15:15.910 [main] DEBUG org.sokybot.pk2.Pk2CryptoUtils - File mall_avatar_w_steampunk_hat.ddj is not encrypted , flags not exists
07:15:15.910 [main] INFO org.soky.sro.pk2.io.Pk2IOTest - Consuming 4244 byte(s) from file mall_avatar_w_steampunk_hat.ddj with size 4244 
07:15:15.910 [main] DEBUG org.sokybot.pk2.Pk2CryptoUtils - File mall_avatar_w_turkey.ddj is not encrypted , flags not exists
07:15:15.910 [main] INFO org.soky.sro.pk2.io.Pk2IOTest - Consuming 4244 byte(s) from file mall_avatar_w_turkey.ddj with size 4244 
07:15:15.911 [main] DEBUG org.sokybot.pk2.Pk2CryptoUtils - File mall_avatar_w_turkey_hat.ddj is not encrypted , flags not exists
07:15:15.911 [main] INFO org.soky.sro.pk2.io.Pk2IOTest - Consuming 4244 byte(s) from file mall_avatar_w_turkey_hat.ddj with size 4244 
07:15:15.911 [main] DEBUG org.sokybot.pk2.Pk2CryptoUtils - File mall_avatar_w_vampire.ddj is not encrypted , flags not exists
07:15:15.911 [main] INFO org.soky.sro.pk2.io.Pk2IOTest - Consuming 4244 byte(s) from file mall_avatar_w_vampire.ddj with size 4244 
07:15:15.911 [main] DEBUG org.sokybot.pk2.Pk2CryptoUtils - File mall_avatar_w_vampire_attach.ddj is not encrypted , flags not exists
07:15:15.911 [main] INFO org.soky.sro.pk2.io.Pk2IOTest - Consuming 4244 byte(s) from file mall_avatar_w_vampire_attach.ddj with size 4244 
07:15:15.911 [main] DEBUG org.sokybot.pk2.Pk2CryptoUtils - File mall_avatar_w_vampire_hat.ddj is not encrypted , flags not exists
07:15:15.911 [main] INFO org.soky.sro.pk2.io.Pk2IOTest - Consuming 4244 byte(s) from file mall_avatar_w_vampire_hat.ddj with size 4244 
07:15:15.911 [main] DEBUG org.sokybot.pk2.Pk2CryptoUtils - File mall_avatar_w_viking.ddj is not encrypted , flags not exists
07:15:15.911 [main] INFO org.soky.sro.pk2.io.Pk2IOTest - Consuming 4244 byte(s) from file mall_avatar_w_viking.ddj with size 4244 
07:15:15.911 [main] DEBUG org.sokybot.pk2.Pk2CryptoUtils - File mall_avatar_w_viking_attach.ddj is not encrypted , flags not exists
07:15:15.912 [main] INFO org.soky.sro.pk2.io.Pk2IOTest - Consuming 4244 byte(s) from file mall_avatar_w_viking_attach.ddj with size 4244 
07:15:15.912 [main] DEBUG org.sokybot.pk2.Pk2CryptoUtils - File mall_avatar_w_viking_hat.ddj is not encrypted , flags not exists
07:15:15.912 [main] INFO org.soky.sro.pk2.io.Pk2IOTest - Consuming 4244 byte(s) from file mall_avatar_w_viking_hat.ddj with size 4244 
07:15:15.912 [main] DEBUG org.sokybot.pk2.Pk2CryptoUtils - File mall_avatar_w_waterelement.ddj is not encrypted , flags not exists
07:15:15.912 [main] INFO org.soky.sro.pk2.io.Pk2IOTest - Consuming 4244 byte(s) from file mall_avatar_w_waterelement.ddj with size 4244 
07:15:15.912 [main] DEBUG org.sokybot.pk2.Pk2CryptoUtils - File mall_avatar_w_waterelement_attach.ddj is not encrypted , flags not exists
07:15:15.912 [main] INFO org.soky.sro.pk2.io.Pk2IOTest - Consuming 4244 byte(s) from file mall_avatar_w_waterelement_attach.ddj with size 4244 
07:15:15.912 [main] DEBUG org.sokybot.pk2.Pk2CryptoUtils - File mall_avatar_w_waterelement_hat.ddj is not encrypted , flags not exists
07:15:15.912 [main] INFO org.soky.sro.pk2.io.Pk2IOTest - Consuming 4244 byte(s) from file mall_avatar_w_waterelement_hat.ddj with size 4244 
07:15:15.912 [main] DEBUG org.sokybot.pk2.Pk2CryptoUtils - File mall_booth_mob_bigeyeghost.ddj is not encrypted , flags not exists
07:15:15.912 [main] INFO org.soky.sro.pk2.io.Pk2IOTest - Consuming 4244 byte(s) from file mall_booth_mob_bigeyeghost.ddj with size 4244 
07:15:15.913 [main] DEBUG org.sokybot.pk2.Pk2CryptoUtils - File mall_booth_mob_earthghost.ddj is not encrypted , flags not exists
07:15:15.913 [main] INFO org.soky.sro.pk2.io.Pk2IOTest - Consuming 4244 byte(s) from file mall_booth_mob_earthghost.ddj with size 4244 
07:15:15.913 [main] DEBUG org.sokybot.pk2.Pk2CryptoUtils - File mall_booth_mob_mangyang.ddj is not encrypted , flags not exists
07:15:15.913 [main] INFO org.soky.sro.pk2.io.Pk2IOTest - Consuming 4244 byte(s) from file mall_booth_mob_mangyang.ddj with size 4244 
07:15:15.913 [main] DEBUG org.sokybot.pk2.Pk2CryptoUtils - File mall_mabt_ch_m_bandit_blacktiger_ha.ddj is not encrypted , flags not exists
07:15:15.913 [main] INFO org.soky.sro.pk2.io.Pk2IOTest - Consuming 4244 byte(s) from file mall_mabt_ch_m_bandit_blacktiger_ha.ddj with size 4244 
07:15:15.913 [main] DEBUG org.sokybot.pk2.Pk2CryptoUtils - File mall_mabt_ch_m_bandit_tiger_ha.ddj is not encrypted , flags not exists
07:15:15.913 [main] INFO org.soky.sro.pk2.io.Pk2IOTest - Consuming 4244 byte(s) from file mall_mabt_ch_m_bandit_tiger_ha.ddj with size 4244 
07:15:15.913 [main] DEBUG org.sokybot.pk2.Pk2CryptoUtils - File mall_mabt_ch_m_bandit_whitetiger_ha.ddj is not encrypted , flags not exists
07:15:15.913 [main] INFO org.soky.sro.pk2.io.Pk2IOTest - Consuming 4244 byte(s) from file mall_mabt_ch_m_bandit_whitetiger_ha.ddj with size 4244 
07:15:15.913 [main] DEBUG org.sokybot.pk2.Pk2CryptoUtils - File mall_mabt_ch_m_chakji_ha.ddj is not encrypted , flags not exists
07:15:15.913 [main] INFO org.soky.sro.pk2.io.Pk2IOTest - Consuming 4244 byte(s) from file mall_mabt_ch_m_chakji_ha.ddj with size 4244 
07:15:15.914 [main] DEBUG org.sokybot.pk2.Pk2CryptoUtils - File mall_mabt_ch_m_yeoha_ha.ddj is not encrypted , flags not exists
07:15:15.914 [main] INFO org.soky.sro.pk2.io.Pk2IOTest - Consuming 4244 byte(s) from file mall_mabt_ch_m_yeoha_ha.ddj with size 4244 
07:15:15.914 [main] DEBUG org.sokybot.pk2.Pk2CryptoUtils - File mall_mabt_ch_w_bandit_blacktiger_ha.ddj is not encrypted , flags not exists
07:15:15.914 [main] INFO org.soky.sro.pk2.io.Pk2IOTest - Consuming 4244 byte(s) from file mall_mabt_ch_w_bandit_blacktiger_ha.ddj with size 4244 
07:15:15.914 [main] DEBUG org.sokybot.pk2.Pk2CryptoUtils - File mall_mabt_ch_w_bandit_tiger_ha.ddj is not encrypted , flags not exists
07:15:15.914 [main] INFO org.soky.sro.pk2.io.Pk2IOTest - Consuming 4244 byte(s) from file mall_mabt_ch_w_bandit_tiger_ha.ddj with size 4244 
07:15:15.914 [main] DEBUG org.sokybot.pk2.Pk2CryptoUtils - File mall_mabt_ch_w_bandit_whitetiger_ha.ddj is not encrypted , flags not exists
07:15:15.914 [main] INFO org.soky.sro.pk2.io.Pk2IOTest - Consuming 4244 byte(s) from file mall_mabt_ch_w_bandit_whitetiger_ha.ddj with size 4244 
07:15:15.914 [main] DEBUG org.sokybot.pk2.Pk2CryptoUtils - File mall_mabt_ch_w_chakji_ha.ddj is not encrypted , flags not exists
07:15:15.914 [main] INFO org.soky.sro.pk2.io.Pk2IOTest - Consuming 4244 byte(s) from file mall_mabt_ch_w_chakji_ha.ddj with size 4244 
07:15:15.915 [main] DEBUG org.sokybot.pk2.Pk2CryptoUtils - File mall_mabt_ch_w_yeoha_ha.ddj is not encrypted , flags not exists
07:15:15.915 [main] INFO org.soky.sro.pk2.io.Pk2IOTest - Consuming 4244 byte(s) from file mall_mabt_ch_w_yeoha_ha.ddj with size 4244 
07:15:15.915 [main] DEBUG org.sokybot.pk2.Pk2CryptoUtils - File item_cos_c_ostrich.ddj is not encrypted , flags not exists
07:15:15.915 [main] INFO org.soky.sro.pk2.io.Pk2IOTest - Consuming 4244 byte(s) from file item_cos_c_ostrich.ddj with size 4244 
07:15:15.915 [main] DEBUG org.sokybot.pk2.Pk2CryptoUtils - File item_cos_c_ostrich_scroll.ddj is not encrypted , flags not exists
07:15:15.915 [main] INFO org.soky.sro.pk2.io.Pk2IOTest - Consuming 4244 byte(s) from file item_cos_c_ostrich_scroll.ddj with size 4244 
07:15:15.915 [main] DEBUG org.sokybot.pk2.Pk2CryptoUtils - File item_cos_c_pegasus_scroll.ddj is not encrypted , flags not exists
07:15:15.915 [main] INFO org.soky.sro.pk2.io.Pk2IOTest - Consuming 4244 byte(s) from file item_cos_c_pegasus_scroll.ddj with size 4244 
07:15:15.915 [main] DEBUG org.sokybot.pk2.Pk2CryptoUtils - File item_cos_c_scarabaeus_scroll.ddj is not encrypted , flags not exists
07:15:15.915 [main] INFO org.soky.sro.pk2.io.Pk2IOTest - Consuming 4244 byte(s) from file item_cos_c_scarabaeus_scroll.ddj with size 4244 
07:15:15.915 [main] DEBUG org.sokybot.pk2.Pk2CryptoUtils - File item_cos_c_tiger_scroll.ddj is not encrypted , flags not exists
07:15:15.915 [main] INFO org.soky.sro.pk2.io.Pk2IOTest - Consuming 4244 byte(s) from file item_cos_c_tiger_scroll.ddj with size 4244 
07:15:15.916 [main] DEBUG org.sokybot.pk2.Pk2CryptoUtils - File item_cos_c_wildpig_scroll.ddj is not encrypted , flags not exists
07:15:15.916 [main] INFO org.soky.sro.pk2.io.Pk2IOTest - Consuming 4244 byte(s) from file item_cos_c_wildpig_scroll.ddj with size 4244 
07:15:15.916 [main] DEBUG org.sokybot.pk2.Pk2CryptoUtils - File item_cos_p_bear_scroll.ddj is not encrypted , flags not exists
07:15:15.916 [main] INFO org.soky.sro.pk2.io.Pk2IOTest - Consuming 4244 byte(s) from file item_cos_p_bear_scroll.ddj with size 4244 
07:15:15.916 [main] DEBUG org.sokybot.pk2.Pk2CryptoUtils - File item_cos_p_brownie_scroll.ddj is not encrypted , flags not exists
07:15:15.916 [main] INFO org.soky.sro.pk2.io.Pk2IOTest - Consuming 4244 byte(s) from file item_cos_p_brownie_scroll.ddj with size 4244 
07:15:15.916 [main] DEBUG org.sokybot.pk2.Pk2CryptoUtils - File item_cos_p_cat_scroll.ddj is not encrypted , flags not exists
07:15:15.916 [main] INFO org.soky.sro.pk2.io.Pk2IOTest - Consuming 4244 byte(s) from file item_cos_p_cat_scroll.ddj with size 4244 
07:15:15.916 [main] DEBUG org.sokybot.pk2.Pk2CryptoUtils - File item_cos_p_event_winter_snowman.ddj is not encrypted , flags not exists
07:15:15.916 [main] INFO org.soky.sro.pk2.io.Pk2IOTest - Consuming 4244 byte(s) from file item_cos_p_event_winter_snowman.ddj with size 4244 
07:15:15.916 [main] DEBUG org.sokybot.pk2.Pk2CryptoUtils - File item_cos_p_extension.ddj is not encrypted , flags not exists
07:15:15.917 [main] INFO org.soky.sro.pk2.io.Pk2IOTest - Consuming 4244 byte(s) from file item_cos_p_extension.ddj with size 4244 
07:15:15.917 [main] DEBUG org.sokybot.pk2.Pk2CryptoUtils - File item_cos_p_flute_white.ddj is not encrypted , flags not exists
07:15:15.917 [main] INFO org.soky.sro.pk2.io.Pk2IOTest - Consuming 4244 byte(s) from file item_cos_p_flute_white.ddj with size 4244 
07:15:15.917 [main] DEBUG org.sokybot.pk2.Pk2CryptoUtils - File item_cos_p_fox_scroll.ddj is not encrypted , flags not exists
07:15:15.917 [main] INFO org.soky.sro.pk2.io.Pk2IOTest - Consuming 4244 byte(s) from file item_cos_p_fox_scroll.ddj with size 4244 
07:15:15.917 [main] DEBUG org.sokybot.pk2.Pk2CryptoUtils - File item_cos_p_gglider_scroll.ddj is not encrypted , flags not exists
07:15:15.917 [main] INFO org.soky.sro.pk2.io.Pk2IOTest - Consuming 4244 byte(s) from file item_cos_p_gglider_scroll.ddj with size 4244 
07:15:15.917 [main] DEBUG org.sokybot.pk2.Pk2CryptoUtils - File item_cos_p_goldpig_scroll.ddj is not encrypted , flags not exists
07:15:15.917 [main] INFO org.soky.sro.pk2.io.Pk2IOTest - Consuming 4244 byte(s) from file item_cos_p_goldpig_scroll.ddj with size 4244 
07:15:15.917 [main] DEBUG org.sokybot.pk2.Pk2CryptoUtils - File item_cos_p_kangaroo_scroll.ddj is not encrypted , flags not exists
07:15:15.917 [main] INFO org.soky.sro.pk2.io.Pk2IOTest - Consuming 4244 byte(s) from file item_cos_p_kangaroo_scroll.ddj with size 4244 
07:15:15.918 [main] DEBUG org.sokybot.pk2.Pk2CryptoUtils - File item_cos_p_myowon_scroll.ddj is not encrypted , flags not exists
07:15:15.918 [main] INFO org.soky.sro.pk2.io.Pk2IOTest - Consuming 4244 byte(s) from file item_cos_p_myowon_scroll.ddj with size 4244 
07:15:15.918 [main] DEBUG org.sokybot.pk2.Pk2CryptoUtils - File item_cos_p_penguin_scroll.ddj is not encrypted , flags not exists
07:15:15.918 [main] INFO org.soky.sro.pk2.io.Pk2IOTest - Consuming 4244 byte(s) from file item_cos_p_penguin_scroll.ddj with size 4244 
07:15:15.918 [main] DEBUG org.sokybot.pk2.Pk2CryptoUtils - File item_cos_p_pinkpig_scroll.ddj is not encrypted , flags not exists
07:15:15.918 [main] INFO org.soky.sro.pk2.io.Pk2IOTest - Consuming 4244 byte(s) from file item_cos_p_pinkpig_scroll.ddj with size 4244 
07:15:15.918 [main] DEBUG org.sokybot.pk2.Pk2CryptoUtils - File item_cos_p_rabbit_scroll.ddj is not encrypted , flags not exists
07:15:15.918 [main] INFO org.soky.sro.pk2.io.Pk2IOTest - Consuming 4244 byte(s) from file item_cos_p_rabbit_scroll.ddj with size 4244 
07:15:15.918 [main] DEBUG org.sokybot.pk2.Pk2CryptoUtils - File item_cos_p_raccoondog_scroll.ddj is not encrypted , flags not exists
07:15:15.918 [main] INFO org.soky.sro.pk2.io.Pk2IOTest - Consuming 4244 byte(s) from file item_cos_p_raccoondog_scroll.ddj with size 4244 
07:15:15.919 [main] DEBUG org.sokybot.pk2.Pk2CryptoUtils - File item_cos_p_raven_scroll.ddj is not encrypted , flags not exists
07:15:15.919 [main] INFO org.soky.sro.pk2.io.Pk2IOTest - Consuming 4244 byte(s) from file item_cos_p_raven_scroll.ddj with size 4244 
07:15:15.919 [main] DEBUG org.sokybot.pk2.Pk2CryptoUtils - File item_cos_p_seowon_scroll.ddj is not encrypted , flags not exists
07:15:15.919 [main] INFO org.soky.sro.pk2.io.Pk2IOTest - Consuming 4244 byte(s) from file item_cos_p_seowon_scroll.ddj with size 4244 
07:15:15.919 [main] DEBUG org.sokybot.pk2.Pk2CryptoUtils - File item_cos_p_spot_rabbit_scroll.ddj is not encrypted , flags not exists
07:15:15.919 [main] INFO org.soky.sro.pk2.io.Pk2IOTest - Consuming 4244 byte(s) from file item_cos_p_spot_rabbit_scroll.ddj with size 4244 
07:15:15.919 [main] DEBUG org.sokybot.pk2.Pk2CryptoUtils - File item_cos_t_buffalo_scroll.ddj is not encrypted , flags not exists
07:15:15.919 [main] INFO org.soky.sro.pk2.io.Pk2IOTest - Consuming 4244 byte(s) from file item_cos_t_buffalo_scroll.ddj with size 4244 
07:15:15.919 [main] DEBUG org.sokybot.pk2.Pk2CryptoUtils - File item_cos_t_rhinoceros_scroll.ddj is not encrypted , flags not exists
07:15:15.919 [main] INFO org.soky.sro.pk2.io.Pk2IOTest - Consuming 4244 byte(s) from file item_cos_t_rhinoceros_scroll.ddj with size 4244 
07:15:15.919 [main] DEBUG org.sokybot.pk2.Pk2CryptoUtils - File item_cos_t_whiteelephant_scroll.ddj is not encrypted , flags not exists
07:15:15.920 [main] INFO org.soky.sro.pk2.io.Pk2IOTest - Consuming 4244 byte(s) from file item_cos_t_whiteelephant_scroll.ddj with size 4244 
07:15:15.920 [main] DEBUG org.sokybot.pk2.Pk2CryptoUtils - File archemy_enhancer_ac_n.ddj is not encrypted , flags not exists
07:15:15.920 [main] INFO org.soky.sro.pk2.io.Pk2IOTest - Consuming 4244 byte(s) from file archemy_enhancer_ac_n.ddj with size 4244 
07:15:15.920 [main] DEBUG org.sokybot.pk2.Pk2CryptoUtils - File archemy_enhancer_ac_s.ddj is not encrypted , flags not exists
07:15:15.920 [main] INFO org.soky.sro.pk2.io.Pk2IOTest - Consuming 4244 byte(s) from file archemy_enhancer_ac_s.ddj with size 4244 
07:15:15.920 [main] DEBUG org.sokybot.pk2.Pk2CryptoUtils - File archemy_enhancer_ar_n.ddj is not encrypted , flags not exists
07:15:15.920 [main] INFO org.soky.sro.pk2.io.Pk2IOTest - Consuming 4244 byte(s) from file archemy_enhancer_ar_n.ddj with size 4244 
07:15:15.920 [main] DEBUG org.sokybot.pk2.Pk2CryptoUtils - File archemy_enhancer_ar_s.ddj is not encrypted , flags not exists
07:15:15.920 [main] INFO org.soky.sro.pk2.io.Pk2IOTest - Consuming 4244 byte(s) from file archemy_enhancer_ar_s.ddj with size 4244 
07:15:15.920 [main] DEBUG org.sokybot.pk2.Pk2CryptoUtils - File archemy_enhancer_sh_n.ddj is not encrypted , flags not exists
07:15:15.920 [main] INFO org.soky.sro.pk2.io.Pk2IOTest - Consuming 4244 byte(s) from file archemy_enhancer_sh_n.ddj with size 4244 
07:15:15.920 [main] DEBUG org.sokybot.pk2.Pk2CryptoUtils - File archemy_enhancer_sh_s.ddj is not encrypted , flags not exists
07:15:15.921 [main] INFO org.soky.sro.pk2.io.Pk2IOTest - Consuming 4244 byte(s) from file archemy_enhancer_sh_s.ddj with size 4244 
07:15:15.921 [main] DEBUG org.sokybot.pk2.Pk2CryptoUtils - File archemy_enhancer_we_n.ddj is not encrypted , flags not exists
07:15:15.921 [main] INFO org.soky.sro.pk2.io.Pk2IOTest - Consuming 4244 byte(s) from file archemy_enhancer_we_n.ddj with size 4244 
07:15:15.921 [main] DEBUG org.sokybot.pk2.Pk2CryptoUtils - File archemy_enhancer_we_s.ddj is not encrypted , flags not exists
07:15:15.921 [main] INFO org.soky.sro.pk2.io.Pk2IOTest - Consuming 4244 byte(s) from file archemy_enhancer_we_s.ddj with size 4244 
07:15:15.921 [main] DEBUG org.sokybot.pk2.Pk2CryptoUtils - File archemy_magicstone_astral.ddj is not encrypted , flags not exists
07:15:15.921 [main] INFO org.soky.sro.pk2.io.Pk2IOTest - Consuming 4244 byte(s) from file archemy_magicstone_astral.ddj with size 4244 
07:15:15.921 [main] DEBUG org.sokybot.pk2.Pk2CryptoUtils - File archemy_magicstone_athanasia.ddj is not encrypted , flags not exists
07:15:15.921 [main] INFO org.soky.sro.pk2.io.Pk2IOTest - Consuming 4244 byte(s) from file archemy_magicstone_athanasia.ddj with size 4244 
07:15:15.921 [main] DEBUG org.sokybot.pk2.Pk2CryptoUtils - File awaken_ac.ddj is not encrypted , flags not exists
07:15:15.921 [main] INFO org.soky.sro.pk2.io.Pk2IOTest - Consuming 4244 byte(s) from file awaken_ac.ddj with size 4244 
07:15:15.922 [main] DEBUG org.sokybot.pk2.Pk2CryptoUtils - File awaken_ar.ddj is not encrypted , flags not exists
07:15:15.922 [main] INFO org.soky.sro.pk2.io.Pk2IOTest - Consuming 4244 byte(s) from file awaken_ar.ddj with size 4244 
07:15:15.922 [main] DEBUG org.sokybot.pk2.Pk2CryptoUtils - File awaken_sh.ddj is not encrypted , flags not exists
07:15:15.922 [main] INFO org.soky.sro.pk2.io.Pk2IOTest - Consuming 4244 byte(s) from file awaken_sh.ddj with size 4244 
07:15:15.922 [main] DEBUG org.sokybot.pk2.Pk2CryptoUtils - File awaken_we.ddj is not encrypted , flags not exists
07:15:15.922 [main] INFO org.soky.sro.pk2.io.Pk2IOTest - Consuming 4244 byte(s) from file awaken_we.ddj with size 4244 
07:15:15.922 [main] DEBUG org.sokybot.pk2.Pk2CryptoUtils - File hwanlook_m_panda.ddj is not encrypted , flags not exists
07:15:15.922 [main] INFO org.soky.sro.pk2.io.Pk2IOTest - Consuming 4244 byte(s) from file hwanlook_m_panda.ddj with size 4244 
07:15:15.922 [main] DEBUG org.sokybot.pk2.Pk2CryptoUtils - File hwanlook_m_penguin.ddj is not encrypted , flags not exists
07:15:15.922 [main] INFO org.soky.sro.pk2.io.Pk2IOTest - Consuming 4244 byte(s) from file hwanlook_m_penguin.ddj with size 4244 
07:15:15.922 [main] DEBUG org.sokybot.pk2.Pk2CryptoUtils - File hwanlook_m_whiteaustralia.ddj is not encrypted , flags not exists
07:15:15.922 [main] INFO org.soky.sro.pk2.io.Pk2IOTest - Consuming 4244 byte(s) from file hwanlook_m_whiteaustralia.ddj with size 4244 
07:15:15.923 [main] DEBUG org.sokybot.pk2.Pk2CryptoUtils - File hwanlook_w_panda.ddj is not encrypted , flags not exists
07:15:15.923 [main] INFO org.soky.sro.pk2.io.Pk2IOTest - Consuming 4244 byte(s) from file hwanlook_w_panda.ddj with size 4244 
07:15:15.923 [main] DEBUG org.sokybot.pk2.Pk2CryptoUtils - File hwanlook_w_penguin.ddj is not encrypted , flags not exists
07:15:15.923 [main] INFO org.soky.sro.pk2.io.Pk2IOTest - Consuming 4244 byte(s) from file hwanlook_w_penguin.ddj with size 4244 
07:15:15.923 [main] DEBUG org.sokybot.pk2.Pk2CryptoUtils - File hwanlook_w_whiteaustralia.ddj is not encrypted , flags not exists
07:15:15.923 [main] INFO org.soky.sro.pk2.io.Pk2IOTest - Consuming 4244 byte(s) from file hwanlook_w_whiteaustralia.ddj with size 4244 
07:15:15.923 [main] DEBUG org.sokybot.pk2.Pk2CryptoUtils - File item_etc_union_party_ticket.ddj is not encrypted , flags not exists
07:15:15.923 [main] INFO org.soky.sro.pk2.io.Pk2IOTest - Consuming 4244 byte(s) from file item_etc_union_party_ticket.ddj with size 4244 
07:15:15.923 [main] DEBUG org.sokybot.pk2.Pk2CryptoUtils - File mall_all_lamp.ddj is not encrypted , flags not exists
07:15:15.923 [main] INFO org.soky.sro.pk2.io.Pk2IOTest - Consuming 4244 byte(s) from file mall_all_lamp.ddj with size 4244 
07:15:15.923 [main] DEBUG org.sokybot.pk2.Pk2CryptoUtils - File mall_balloon_edenp_dmgabs.ddj is not encrypted , flags not exists
07:15:15.924 [main] INFO org.soky.sro.pk2.io.Pk2IOTest - Consuming 4244 byte(s) from file mall_balloon_edenp_dmgabs.ddj with size 4244 
07:15:15.924 [main] DEBUG org.sokybot.pk2.Pk2CryptoUtils - File mall_balloon_edenp_dmgup.ddj is not encrypted , flags not exists
07:15:15.924 [main] INFO org.soky.sro.pk2.io.Pk2IOTest - Consuming 4244 byte(s) from file mall_balloon_edenp_dmgup.ddj with size 4244 
07:15:15.924 [main] DEBUG org.sokybot.pk2.Pk2CryptoUtils - File mall_balloon_edenp_int.ddj is not encrypted , flags not exists
07:15:15.924 [main] INFO org.soky.sro.pk2.io.Pk2IOTest - Consuming 4244 byte(s) from file mall_balloon_edenp_int.ddj with size 4244 
07:15:15.924 [main] DEBUG org.sokybot.pk2.Pk2CryptoUtils - File mall_balloon_edenp_str.ddj is not encrypted , flags not exists
07:15:15.924 [main] INFO org.soky.sro.pk2.io.Pk2IOTest - Consuming 4244 byte(s) from file mall_balloon_edenp_str.ddj with size 4244 
07:15:15.924 [main] DEBUG org.sokybot.pk2.Pk2CryptoUtils - File mall_balloon_kyklopes_dmgabs.ddj is not encrypted , flags not exists
07:15:15.924 [main] INFO org.soky.sro.pk2.io.Pk2IOTest - Consuming 4244 byte(s) from file mall_balloon_kyklopes_dmgabs.ddj with size 4244 
07:15:15.924 [main] DEBUG org.sokybot.pk2.Pk2CryptoUtils - File mall_balloon_kyklopes_dmgup.ddj is not encrypted , flags not exists
07:15:15.924 [main] INFO org.soky.sro.pk2.io.Pk2IOTest - Consuming 4244 byte(s) from file mall_balloon_kyklopes_dmgup.ddj with size 4244 
07:15:15.924 [main] DEBUG org.sokybot.pk2.Pk2CryptoUtils - File mall_balloon_kyklopes_int.ddj is not encrypted , flags not exists
07:15:15.925 [main] INFO org.soky.sro.pk2.io.Pk2IOTest - Consuming 4244 byte(s) from file mall_balloon_kyklopes_int.ddj with size 4244 
07:15:15.925 [main] DEBUG org.sokybot.pk2.Pk2CryptoUtils - File mall_balloon_kyklopes_str.ddj is not encrypted , flags not exists
07:15:15.925 [main] INFO org.soky.sro.pk2.io.Pk2IOTest - Consuming 4244 byte(s) from file mall_balloon_kyklopes_str.ddj with size 4244 
07:15:15.925 [main] DEBUG org.sokybot.pk2.Pk2CryptoUtils - File mall_balloon_mujigi_dmgabs.ddj is not encrypted , flags not exists
07:15:15.925 [main] INFO org.soky.sro.pk2.io.Pk2IOTest - Consuming 4244 byte(s) from file mall_balloon_mujigi_dmgabs.ddj with size 4244 
07:15:15.925 [main] DEBUG org.sokybot.pk2.Pk2CryptoUtils - File mall_balloon_mujigi_dmgup.ddj is not encrypted , flags not exists
07:15:15.925 [main] INFO org.soky.sro.pk2.io.Pk2IOTest - Consuming 4244 byte(s) from file mall_balloon_mujigi_dmgup.ddj with size 4244 
07:15:15.925 [main] DEBUG org.sokybot.pk2.Pk2CryptoUtils - File mall_balloon_mujigi_int.ddj is not encrypted , flags not exists
07:15:15.925 [main] INFO org.soky.sro.pk2.io.Pk2IOTest - Consuming 4244 byte(s) from file mall_balloon_mujigi_int.ddj with size 4244 
07:15:15.925 [main] DEBUG org.sokybot.pk2.Pk2CryptoUtils - File mall_balloon_mujigi_str.ddj is not encrypted , flags not exists
07:15:15.925 [main] INFO org.soky.sro.pk2.io.Pk2IOTest - Consuming 4244 byte(s) from file mall_balloon_mujigi_str.ddj with size 4244 
07:15:15.925 [main] DEBUG org.sokybot.pk2.Pk2CryptoUtils - File mall_balloon_roc_dmgabs.ddj is not encrypted , flags not exists
07:15:15.926 [main] INFO org.soky.sro.pk2.io.Pk2IOTest - Consuming 4244 byte(s) from file mall_balloon_roc_dmgabs.ddj with size 4244 
07:15:15.926 [main] DEBUG org.sokybot.pk2.Pk2CryptoUtils - File mall_balloon_roc_dmgup.ddj is not encrypted , flags not exists
07:15:15.926 [main] INFO org.soky.sro.pk2.io.Pk2IOTest - Consuming 4244 byte(s) from file mall_balloon_roc_dmgup.ddj with size 4244 
07:15:15.926 [main] DEBUG org.sokybot.pk2.Pk2CryptoUtils - File mall_balloon_roc_int.ddj is not encrypted , flags not exists
07:15:15.926 [main] INFO org.soky.sro.pk2.io.Pk2IOTest - Consuming 4244 byte(s) from file mall_balloon_roc_int.ddj with size 4244 
07:15:15.926 [main] DEBUG org.sokybot.pk2.Pk2CryptoUtils - File mall_balloon_roc_str.ddj is not encrypted , flags not exists
07:15:15.926 [main] INFO org.soky.sro.pk2.io.Pk2IOTest - Consuming 4244 byte(s) from file mall_balloon_roc_str.ddj with size 4244 
07:15:15.926 [main] DEBUG org.sokybot.pk2.Pk2CryptoUtils - File mall_bolt.ddj is not encrypted , flags not exists
07:15:15.926 [main] INFO org.soky.sro.pk2.io.Pk2IOTest - Consuming 4244 byte(s) from file mall_bolt.ddj with size 4244 
07:15:15.926 [main] DEBUG org.sokybot.pk2.Pk2CryptoUtils - File mall_change_armor_gender.ddj is not encrypted , flags not exists
07:15:15.926 [main] INFO org.soky.sro.pk2.io.Pk2IOTest - Consuming 4244 byte(s) from file mall_change_armor_gender.ddj with size 4244 
07:15:15.927 [main] DEBUG org.sokybot.pk2.Pk2CryptoUtils - File mall_change_guild.ddj is not encrypted , flags not exists
07:15:15.927 [main] INFO org.soky.sro.pk2.io.Pk2IOTest - Consuming 4244 byte(s) from file mall_change_guild.ddj with size 4244 
07:15:15.927 [main] DEBUG org.sokybot.pk2.Pk2CryptoUtils - File mall_change_name.ddj is not encrypted , flags not exists
07:15:15.927 [main] INFO org.soky.sro.pk2.io.Pk2IOTest - Consuming 4244 byte(s) from file mall_change_name.ddj with size 4244 
07:15:15.927 [main] DEBUG org.sokybot.pk2.Pk2CryptoUtils - File mall_char_skin_change_scroll.ddj is not encrypted , flags not exists
07:15:15.927 [main] INFO org.soky.sro.pk2.io.Pk2IOTest - Consuming 4244 byte(s) from file mall_char_skin_change_scroll.ddj with size 4244 
07:15:15.927 [main] DEBUG org.sokybot.pk2.Pk2CryptoUtils - File mall_dungeon_free_ticket_arabia_dungeon.ddj is not encrypted , flags not exists
07:15:15.927 [main] INFO org.soky.sro.pk2.io.Pk2IOTest - Consuming 4244 byte(s) from file mall_dungeon_free_ticket_arabia_dungeon.ddj with size 4244 
07:15:15.927 [main] DEBUG org.sokybot.pk2.Pk2CryptoUtils - File mall_dungeon_free_ticket_egypt.ddj is not encrypted , flags not exists
07:15:15.927 [main] INFO org.soky.sro.pk2.io.Pk2IOTest - Consuming 4244 byte(s) from file mall_dungeon_free_ticket_egypt.ddj with size 4244 
07:15:15.927 [main] DEBUG org.sokybot.pk2.Pk2CryptoUtils - File mall_dungeon_free_ticket_forgotten_world.ddj is not encrypted , flags not exists
07:15:15.927 [main] INFO org.soky.sro.pk2.io.Pk2IOTest - Consuming 4244 byte(s) from file mall_dungeon_free_ticket_forgotten_world.ddj with size 4244 
07:15:15.928 [main] DEBUG org.sokybot.pk2.Pk2CryptoUtils - File mall_dungeon_free_ticket_jupiter.ddj is not encrypted , flags not exists
07:15:15.928 [main] INFO org.soky.sro.pk2.io.Pk2IOTest - Consuming 4244 byte(s) from file mall_dungeon_free_ticket_jupiter.ddj with size 4244 
07:15:15.928 [main] DEBUG org.sokybot.pk2.Pk2CryptoUtils - File mall_expert_package_service.ddj is not encrypted , flags not exists
07:15:15.928 [main] INFO org.soky.sro.pk2.io.Pk2IOTest - Consuming 4244 byte(s) from file mall_expert_package_service.ddj with size 4244 
07:15:15.928 [main] DEBUG org.sokybot.pk2.Pk2CryptoUtils - File mall_gacha_card.ddj is not encrypted , flags not exists
07:15:15.928 [main] INFO org.soky.sro.pk2.io.Pk2IOTest - Consuming 4244 byte(s) from file mall_gacha_card.ddj with size 4244 
07:15:15.928 [main] DEBUG org.sokybot.pk2.Pk2CryptoUtils - File mall_global_chatting.ddj is not encrypted , flags not exists
07:15:15.928 [main] INFO org.soky.sro.pk2.io.Pk2IOTest - Consuming 4244 byte(s) from file mall_global_chatting.ddj with size 4244 
07:15:15.928 [main] DEBUG org.sokybot.pk2.Pk2CryptoUtils - File mall_gold_time_service_ticket.ddj is not encrypted , flags not exists
07:15:15.928 [main] INFO org.soky.sro.pk2.io.Pk2IOTest - Consuming 4244 byte(s) from file mall_gold_time_service_ticket.ddj with size 4244 
07:15:15.929 [main] DEBUG org.sokybot.pk2.Pk2CryptoUtils - File mall_gold_time_service_ticket_90lv.ddj is not encrypted , flags not exists
07:15:15.929 [main] INFO org.soky.sro.pk2.io.Pk2IOTest - Consuming 4244 byte(s) from file mall_gold_time_service_ticket_90lv.ddj with size 4244 
07:15:15.929 [main] DEBUG org.sokybot.pk2.Pk2CryptoUtils - File mall_inventory_addition.ddj is not encrypted , flags not exists
07:15:15.929 [main] INFO org.soky.sro.pk2.io.Pk2IOTest - Consuming 4244 byte(s) from file mall_inventory_addition.ddj with size 4244 
07:15:15.929 [main] DEBUG org.sokybot.pk2.Pk2CryptoUtils - File mall_magic_cube_accessary.ddj is not encrypted , flags not exists
07:15:15.929 [main] INFO org.soky.sro.pk2.io.Pk2IOTest - Consuming 4244 byte(s) from file mall_magic_cube_accessary.ddj with size 4244 
07:15:15.929 [main] DEBUG org.sokybot.pk2.Pk2CryptoUtils - File mall_magic_cube_armor.ddj is not encrypted , flags not exists
07:15:15.929 [main] INFO org.soky.sro.pk2.io.Pk2IOTest - Consuming 4244 byte(s) from file mall_magic_cube_armor.ddj with size 4244 
07:15:15.929 [main] DEBUG org.sokybot.pk2.Pk2CryptoUtils - File mall_magic_cube_shield.ddj is not encrypted , flags not exists
07:15:15.929 [main] INFO org.soky.sro.pk2.io.Pk2IOTest - Consuming 4244 byte(s) from file mall_magic_cube_shield.ddj with size 4244 
07:15:15.930 [main] DEBUG org.sokybot.pk2.Pk2CryptoUtils - File mall_magic_cube_weapon.ddj is not encrypted , flags not exists
07:15:15.930 [main] INFO org.soky.sro.pk2.io.Pk2IOTest - Consuming 4244 byte(s) from file mall_magic_cube_weapon.ddj with size 4244 
07:15:15.930 [main] DEBUG org.sokybot.pk2.Pk2CryptoUtils - File mall_nasrun_extension.ddj is not encrypted , flags not exists
07:15:15.930 [main] INFO org.soky.sro.pk2.io.Pk2IOTest - Consuming 4244 byte(s) from file mall_nasrun_extension.ddj with size 4244 
07:15:15.930 [main] DEBUG org.sokybot.pk2.Pk2CryptoUtils - File mall_pet_growth_potion.ddj is not encrypted , flags not exists
07:15:15.930 [main] INFO org.soky.sro.pk2.io.Pk2IOTest - Consuming 4244 byte(s) from file mall_pet_growth_potion.ddj with size 4244 
07:15:15.930 [main] DEBUG org.sokybot.pk2.Pk2CryptoUtils - File mall_premium_global_goldtime_plus.ddj is not encrypted , flags not exists
07:15:15.930 [main] INFO org.soky.sro.pk2.io.Pk2IOTest - Consuming 4244 byte(s) from file mall_premium_global_goldtime_plus.ddj with size 4244 
07:15:15.930 [main] DEBUG org.sokybot.pk2.Pk2CryptoUtils - File mall_premium_goldtime.ddj is not encrypted , flags not exists
07:15:15.930 [main] INFO org.soky.sro.pk2.io.Pk2IOTest - Consuming 4244 byte(s) from file mall_premium_goldtime.ddj with size 4244 
07:15:15.930 [main] DEBUG org.sokybot.pk2.Pk2CryptoUtils - File mall_premium_quest_ticket.ddj is not encrypted , flags not exists
07:15:15.931 [main] INFO org.soky.sro.pk2.io.Pk2IOTest - Consuming 4244 byte(s) from file mall_premium_quest_ticket.ddj with size 4244 
07:15:15.931 [main] DEBUG org.sokybot.pk2.Pk2CryptoUtils - File mall_quiver.ddj is not encrypted , flags not exists
07:15:15.931 [main] INFO org.soky.sro.pk2.io.Pk2IOTest - Consuming 4244 byte(s) from file mall_quiver.ddj with size 4244 
07:15:15.931 [main] DEBUG org.sokybot.pk2.Pk2CryptoUtils - File mall_repair_hammer.ddj is not encrypted , flags not exists
07:15:15.931 [main] INFO org.soky.sro.pk2.io.Pk2IOTest - Consuming 4244 byte(s) from file mall_repair_hammer.ddj with size 4244 
07:15:15.931 [main] DEBUG org.sokybot.pk2.Pk2CryptoUtils - File mall_resurrection_scroll.ddj is not encrypted , flags not exists
07:15:15.931 [main] INFO org.soky.sro.pk2.io.Pk2IOTest - Consuming 4244 byte(s) from file mall_resurrection_scroll.ddj with size 4244 
07:15:15.931 [main] DEBUG org.sokybot.pk2.Pk2CryptoUtils - File mall_return_scroll.ddj is not encrypted , flags not exists
07:15:15.931 [main] INFO org.soky.sro.pk2.io.Pk2IOTest - Consuming 4244 byte(s) from file mall_return_scroll.ddj with size 4244 
07:15:15.932 [main] DEBUG org.sokybot.pk2.Pk2CryptoUtils - File mall_reverse_return_scroll.ddj is not encrypted , flags not exists
07:15:15.932 [main] INFO org.soky.sro.pk2.io.Pk2IOTest - Consuming 4244 byte(s) from file mall_reverse_return_scroll.ddj with size 4244 
07:15:15.932 [main] DEBUG org.sokybot.pk2.Pk2CryptoUtils - File mall_safety_device.ddj is not encrypted , flags not exists
07:15:15.932 [main] INFO org.soky.sro.pk2.io.Pk2IOTest - Consuming 4244 byte(s) from file mall_safety_device.ddj with size 4244 
07:15:15.932 [main] DEBUG org.sokybot.pk2.Pk2CryptoUtils - File mall_safety_device_clear.ddj is not encrypted , flags not exists
07:15:15.932 [main] INFO org.soky.sro.pk2.io.Pk2IOTest - Consuming 4244 byte(s) from file mall_safety_device_clear.ddj with size 4244 
07:15:15.932 [main] DEBUG org.sokybot.pk2.Pk2CryptoUtils - File mall_server_change_scroll.ddj is not encrypted , flags not exists
07:15:15.932 [main] INFO org.soky.sro.pk2.io.Pk2IOTest - Consuming 4244 byte(s) from file mall_server_change_scroll.ddj with size 4244 
07:15:15.932 [main] DEBUG org.sokybot.pk2.Pk2CryptoUtils - File mall_silver_time_service_ticket.ddj is not encrypted , flags not exists
07:15:15.932 [main] INFO org.soky.sro.pk2.io.Pk2IOTest - Consuming 4244 byte(s) from file mall_silver_time_service_ticket.ddj with size 4244 
07:15:15.932 [main] DEBUG org.sokybot.pk2.Pk2CryptoUtils - File mall_skill_gold_time_service_ticket.ddj is not encrypted , flags not exists
07:15:15.933 [main] INFO org.soky.sro.pk2.io.Pk2IOTest - Consuming 4244 byte(s) from file mall_skill_gold_time_service_ticket.ddj with size 4244 
07:15:15.933 [main] DEBUG org.sokybot.pk2.Pk2CryptoUtils - File mall_skill_point_recall_a.ddj is not encrypted , flags not exists
07:15:15.933 [main] INFO org.soky.sro.pk2.io.Pk2IOTest - Consuming 4244 byte(s) from file mall_skill_point_recall_a.ddj with size 4244 
07:15:15.933 [main] DEBUG org.sokybot.pk2.Pk2CryptoUtils - File mall_skill_point_recall_b.ddj is not encrypted , flags not exists
07:15:15.933 [main] INFO org.soky.sro.pk2.io.Pk2IOTest - Consuming 4244 byte(s) from file mall_skill_point_recall_b.ddj with size 4244 
07:15:15.933 [main] DEBUG org.sokybot.pk2.Pk2CryptoUtils - File mall_skill_point_recall_c.ddj is not encrypted , flags not exists
07:15:15.933 [main] INFO org.soky.sro.pk2.io.Pk2IOTest - Consuming 4244 byte(s) from file mall_skill_point_recall_c.ddj with size 4244 
07:15:15.933 [main] DEBUG org.sokybot.pk2.Pk2CryptoUtils - File mall_skill_restoration_potion.ddj is not encrypted , flags not exists
07:15:15.933 [main] INFO org.soky.sro.pk2.io.Pk2IOTest - Consuming 4244 byte(s) from file mall_skill_restoration_potion.ddj with size 4244 
07:15:15.933 [main] DEBUG org.sokybot.pk2.Pk2CryptoUtils - File mall_skill_silver_time_service_ticket.ddj is not encrypted , flags not exists
07:15:15.933 [main] INFO org.soky.sro.pk2.io.Pk2IOTest - Consuming 4244 byte(s) from file mall_skill_silver_time_service_ticket.ddj with size 4244 
07:15:15.934 [main] DEBUG org.sokybot.pk2.Pk2CryptoUtils - File mall_stats_point_recall_a.ddj is not encrypted , flags not exists
07:15:15.934 [main] INFO org.soky.sro.pk2.io.Pk2IOTest - Consuming 4244 byte(s) from file mall_stats_point_recall_a.ddj with size 4244 
07:15:15.934 [main] DEBUG org.sokybot.pk2.Pk2CryptoUtils - File mall_stats_point_recall_b.ddj is not encrypted , flags not exists
07:15:15.934 [main] INFO org.soky.sro.pk2.io.Pk2IOTest - Consuming 4244 byte(s) from file mall_stats_point_recall_b.ddj with size 4244 
07:15:15.934 [main] DEBUG org.sokybot.pk2.Pk2CryptoUtils - File mall_stats_point_recall_c.ddj is not encrypted , flags not exists
07:15:15.934 [main] INFO org.soky.sro.pk2.io.Pk2IOTest - Consuming 4244 byte(s) from file mall_stats_point_recall_c.ddj with size 4244 
07:15:15.934 [main] DEBUG org.sokybot.pk2.Pk2CryptoUtils - File mall_trade_magicrune_seal.ddj is not encrypted , flags not exists
07:15:15.934 [main] INFO org.soky.sro.pk2.io.Pk2IOTest - Consuming 4244 byte(s) from file mall_trade_magicrune_seal.ddj with size 4244 
07:15:15.934 [main] DEBUG org.sokybot.pk2.Pk2CryptoUtils - File mall_trade_material_destroystone.ddj is not encrypted , flags not exists
07:15:15.934 [main] INFO org.soky.sro.pk2.io.Pk2IOTest - Consuming 4244 byte(s) from file mall_trade_material_destroystone.ddj with size 4244 
07:15:15.934 [main] DEBUG org.sokybot.pk2.Pk2CryptoUtils - File mall_trade_statement.ddj is not encrypted , flags not exists
07:15:15.934 [main] INFO org.soky.sro.pk2.io.Pk2IOTest - Consuming 4244 byte(s) from file mall_trade_statement.ddj with size 4244 
07:15:15.935 [main] DEBUG org.sokybot.pk2.Pk2CryptoUtils - File mall_trade_strenthrune_seal.ddj is not encrypted , flags not exists
07:15:15.935 [main] INFO org.soky.sro.pk2.io.Pk2IOTest - Consuming 4244 byte(s) from file mall_trade_strenthrune_seal.ddj with size 4244 
07:15:15.935 [main] DEBUG org.sokybot.pk2.Pk2CryptoUtils - File mall_warehouse_addition.ddj is not encrypted , flags not exists
07:15:15.935 [main] INFO org.soky.sro.pk2.io.Pk2IOTest - Consuming 4244 byte(s) from file mall_warehouse_addition.ddj with size 4244 
07:15:15.935 [main] DEBUG org.sokybot.pk2.Pk2CryptoUtils - File present_09.ddj is not encrypted , flags not exists
07:15:15.935 [main] INFO org.soky.sro.pk2.io.Pk2IOTest - Consuming 4244 byte(s) from file present_09.ddj with size 4244 
07:15:15.935 [main] DEBUG org.sokybot.pk2.Pk2CryptoUtils - File present_blue.ddj is not encrypted , flags not exists
07:15:15.935 [main] INFO org.soky.sro.pk2.io.Pk2IOTest - Consuming 4244 byte(s) from file present_blue.ddj with size 4244 
07:15:15.935 [main] DEBUG org.sokybot.pk2.Pk2CryptoUtils - File present_green.ddj is not encrypted , flags not exists
07:15:15.935 [main] INFO org.soky.sro.pk2.io.Pk2IOTest - Consuming 4244 byte(s) from file present_green.ddj with size 4244 
07:15:15.935 [main] DEBUG org.sokybot.pk2.Pk2CryptoUtils - File present_red.ddj is not encrypted , flags not exists
07:15:15.935 [main] INFO org.soky.sro.pk2.io.Pk2IOTest - Consuming 4244 byte(s) from file present_red.ddj with size 4244 
07:15:15.936 [main] DEBUG org.sokybot.pk2.Pk2CryptoUtils - File special_awaken_ac.ddj is not encrypted , flags not exists
07:15:15.936 [main] INFO org.soky.sro.pk2.io.Pk2IOTest - Consuming 4244 byte(s) from file special_awaken_ac.ddj with size 4244 
07:15:15.936 [main] DEBUG org.sokybot.pk2.Pk2CryptoUtils - File special_awaken_ar.ddj is not encrypted , flags not exists
07:15:15.936 [main] INFO org.soky.sro.pk2.io.Pk2IOTest - Consuming 4244 byte(s) from file special_awaken_ar.ddj with size 4244 
07:15:15.936 [main] DEBUG org.sokybot.pk2.Pk2CryptoUtils - File special_awaken_sh.ddj is not encrypted , flags not exists
07:15:15.936 [main] INFO org.soky.sro.pk2.io.Pk2IOTest - Consuming 4244 byte(s) from file special_awaken_sh.ddj with size 4244 
07:15:15.936 [main] DEBUG org.sokybot.pk2.Pk2CryptoUtils - File special_awaken_we.ddj is not encrypted , flags not exists
07:15:15.936 [main] INFO org.soky.sro.pk2.io.Pk2IOTest - Consuming 4244 byte(s) from file special_awaken_we.ddj with size 4244 
07:15:15.936 [main] DEBUG org.sokybot.pk2.Pk2CryptoUtils - File summon_flower_09.ddj is not encrypted , flags not exists
07:15:15.936 [main] INFO org.soky.sro.pk2.io.Pk2IOTest - Consuming 4244 byte(s) from file summon_flower_09.ddj with size 4244 
07:15:15.936 [main] DEBUG org.sokybot.pk2.Pk2CryptoUtils - File punchskill.ddj is not encrypted , flags not exists
07:15:15.937 [main] INFO org.soky.sro.pk2.io.Pk2IOTest - Consuming 1172 byte(s) from file punchskill.ddj with size 1172 
07:15:15.937 [main] DEBUG org.sokybot.pk2.Pk2CryptoUtils - File bow_area_a.ddj is not encrypted , flags not exists
07:15:15.937 [main] INFO org.soky.sro.pk2.io.Pk2IOTest - Consuming 2196 byte(s) from file bow_area_a.ddj with size 2196 
07:15:15.937 [main] DEBUG org.sokybot.pk2.Pk2CryptoUtils - File bow_area_b.ddj is not encrypted , flags not exists
07:15:15.937 [main] INFO org.soky.sro.pk2.io.Pk2IOTest - Consuming 2196 byte(s) from file bow_area_b.ddj with size 2196 
07:15:15.937 [main] DEBUG org.sokybot.pk2.Pk2CryptoUtils - File bow_area_c.ddj is not encrypted , flags not exists
07:15:15.937 [main] INFO org.soky.sro.pk2.io.Pk2IOTest - Consuming 2196 byte(s) from file bow_area_c.ddj with size 2196 
07:15:15.937 [main] DEBUG org.sokybot.pk2.Pk2CryptoUtils - File bow_area_d.ddj is not encrypted , flags not exists
07:15:15.937 [main] INFO org.soky.sro.pk2.io.Pk2IOTest - Consuming 4244 byte(s) from file bow_area_d.ddj with size 4244 
07:15:15.937 [main] DEBUG org.sokybot.pk2.Pk2CryptoUtils - File bow_area_e.ddj is not encrypted , flags not exists
07:15:15.937 [main] INFO org.soky.sro.pk2.io.Pk2IOTest - Consuming 4244 byte(s) from file bow_area_e.ddj with size 4244 
07:15:15.937 [main] DEBUG org.sokybot.pk2.Pk2CryptoUtils - File bow_area_f.ddj is not encrypted , flags not exists
07:15:15.937 [main] INFO org.soky.sro.pk2.io.Pk2IOTest - Consuming 4244 byte(s) from file bow_area_f.ddj with size 4244 
07:15:15.938 [main] DEBUG org.sokybot.pk2.Pk2CryptoUtils - File bow_call_a.ddj is not encrypted , flags not exists
07:15:15.938 [main] INFO org.soky.sro.pk2.io.Pk2IOTest - Consuming 2196 byte(s) from file bow_call_a.ddj with size 2196 
07:15:15.938 [main] DEBUG org.sokybot.pk2.Pk2CryptoUtils - File bow_call_b.ddj is not encrypted , flags not exists
07:15:15.938 [main] INFO org.soky.sro.pk2.io.Pk2IOTest - Consuming 2196 byte(s) from file bow_call_b.ddj with size 2196 
07:15:15.938 [main] DEBUG org.sokybot.pk2.Pk2CryptoUtils - File bow_call_c.ddj is not encrypted , flags not exists
07:15:15.938 [main] INFO org.soky.sro.pk2.io.Pk2IOTest - Consuming 2196 byte(s) from file bow_call_c.ddj with size 2196 
07:15:15.938 [main] DEBUG org.sokybot.pk2.Pk2CryptoUtils - File bow_call_d.ddj is not encrypted , flags not exists
07:15:15.938 [main] INFO org.soky.sro.pk2.io.Pk2IOTest - Consuming 4244 byte(s) from file bow_call_d.ddj with size 4244 
07:15:15.938 [main] DEBUG org.sokybot.pk2.Pk2CryptoUtils - File bow_call_e.ddj is not encrypted , flags not exists
07:15:15.938 [main] INFO org.soky.sro.pk2.io.Pk2IOTest - Consuming 4244 byte(s) from file bow_call_e.ddj with size 4244 
07:15:15.938 [main] DEBUG org.sokybot.pk2.Pk2CryptoUtils - File bow_call_f.ddj is not encrypted , flags not exists
07:15:15.938 [main] INFO org.soky.sro.pk2.io.Pk2IOTest - Consuming 4244 byte(s) from file bow_call_f.ddj with size 4244 
07:15:15.939 [main] DEBUG org.sokybot.pk2.Pk2CryptoUtils - File bow_call_g.ddj is not encrypted , flags not exists
07:15:15.939 [main] INFO org.soky.sro.pk2.io.Pk2IOTest - Consuming 4244 byte(s) from file bow_call_g.ddj with size 4244 
07:15:15.939 [main] DEBUG org.sokybot.pk2.Pk2CryptoUtils - File bow_chain_a.ddj is not encrypted , flags not exists
07:15:15.939 [main] INFO org.soky.sro.pk2.io.Pk2IOTest - Consuming 2196 byte(s) from file bow_chain_a.ddj with size 2196 
07:15:15.939 [main] DEBUG org.sokybot.pk2.Pk2CryptoUtils - File bow_chain_b.ddj is not encrypted , flags not exists
07:15:15.939 [main] INFO org.soky.sro.pk2.io.Pk2IOTest - Consuming 2196 byte(s) from file bow_chain_b.ddj with size 2196 
07:15:15.939 [main] DEBUG org.sokybot.pk2.Pk2CryptoUtils - File bow_chain_c.ddj is not encrypted , flags not exists
07:15:15.939 [main] INFO org.soky.sro.pk2.io.Pk2IOTest - Consuming 2196 byte(s) from file bow_chain_c.ddj with size 2196 
07:15:15.939 [main] DEBUG org.sokybot.pk2.Pk2CryptoUtils - File bow_chain_d.ddj is not encrypted , flags not exists
07:15:15.939 [main] INFO org.soky.sro.pk2.io.Pk2IOTest - Consuming 4244 byte(s) from file bow_chain_d.ddj with size 4244 
07:15:15.939 [main] DEBUG org.sokybot.pk2.Pk2CryptoUtils - File bow_chain_e.ddj is not encrypted , flags not exists
07:15:15.940 [main] INFO org.soky.sro.pk2.io.Pk2IOTest - Consuming 4244 byte(s) from file bow_chain_e.ddj with size 4244 
07:15:15.940 [main] DEBUG org.sokybot.pk2.Pk2CryptoUtils - File bow_chain_f.ddj is not encrypted , flags not exists
07:15:15.940 [main] INFO org.soky.sro.pk2.io.Pk2IOTest - Consuming 4244 byte(s) from file bow_chain_f.ddj with size 4244 
07:15:15.940 [main] DEBUG org.sokybot.pk2.Pk2CryptoUtils - File bow_chain_g.ddj is not encrypted , flags not exists
07:15:15.940 [main] INFO org.soky.sro.pk2.io.Pk2IOTest - Consuming 4244 byte(s) from file bow_chain_g.ddj with size 4244 
07:15:15.940 [main] DEBUG org.sokybot.pk2.Pk2CryptoUtils - File bow_critical_a.ddj is not encrypted , flags not exists
07:15:15.940 [main] INFO org.soky.sro.pk2.io.Pk2IOTest - Consuming 2196 byte(s) from file bow_critical_a.ddj with size 2196 
07:15:15.940 [main] DEBUG org.sokybot.pk2.Pk2CryptoUtils - File bow_critical_b.ddj is not encrypted , flags not exists
07:15:15.940 [main] INFO org.soky.sro.pk2.io.Pk2IOTest - Consuming 2196 byte(s) from file bow_critical_b.ddj with size 2196 
07:15:15.940 [main] DEBUG org.sokybot.pk2.Pk2CryptoUtils - File bow_critical_c.ddj is not encrypted , flags not exists
07:15:15.940 [main] INFO org.soky.sro.pk2.io.Pk2IOTest - Consuming 2196 byte(s) from file bow_critical_c.ddj with size 2196 
07:15:15.941 [main] DEBUG org.sokybot.pk2.Pk2CryptoUtils - File bow_critical_d.ddj is not encrypted , flags not exists
07:15:15.941 [main] INFO org.soky.sro.pk2.io.Pk2IOTest - Consuming 4244 byte(s) from file bow_critical_d.ddj with size 4244 
07:15:15.941 [main] DEBUG org.sokybot.pk2.Pk2CryptoUtils - File bow_critical_e.ddj is not encrypted , flags not exists
07:15:15.941 [main] INFO org.soky.sro.pk2.io.Pk2IOTest - Consuming 4244 byte(s) from file bow_critical_e.ddj with size 4244 
07:15:15.941 [main] DEBUG org.sokybot.pk2.Pk2CryptoUtils - File bow_critical_f.ddj is not encrypted , flags not exists
07:15:15.941 [main] INFO org.soky.sro.pk2.io.Pk2IOTest - Consuming 4244 byte(s) from file bow_critical_f.ddj with size 4244 
07:15:15.941 [main] DEBUG org.sokybot.pk2.Pk2CryptoUtils - File bow_critical_g.ddj is not encrypted , flags not exists
07:15:15.941 [main] INFO org.soky.sro.pk2.io.Pk2IOTest - Consuming 4244 byte(s) from file bow_critical_g.ddj with size 4244 
07:15:15.941 [main] DEBUG org.sokybot.pk2.Pk2CryptoUtils - File bow_critical_h.ddj is not encrypted , flags not exists
07:15:15.941 [main] INFO org.soky.sro.pk2.io.Pk2IOTest - Consuming 4244 byte(s) from file bow_critical_h.ddj with size 4244 
07:15:15.941 [main] DEBUG org.sokybot.pk2.Pk2CryptoUtils - File bow_damage_divide_a.ddj is not encrypted , flags not exists
07:15:15.941 [main] INFO org.soky.sro.pk2.io.Pk2IOTest - Consuming 4244 byte(s) from file bow_damage_divide_a.ddj with size 4244 
07:15:15.942 [main] DEBUG org.sokybot.pk2.Pk2CryptoUtils - File bow_normal_a.ddj is not encrypted , flags not exists
07:15:15.942 [main] INFO org.soky.sro.pk2.io.Pk2IOTest - Consuming 2196 byte(s) from file bow_normal_a.ddj with size 2196 
07:15:15.942 [main] DEBUG org.sokybot.pk2.Pk2CryptoUtils - File bow_normal_b.ddj is not encrypted , flags not exists
07:15:15.942 [main] INFO org.soky.sro.pk2.io.Pk2IOTest - Consuming 2196 byte(s) from file bow_normal_b.ddj with size 2196 
07:15:15.942 [main] DEBUG org.sokybot.pk2.Pk2CryptoUtils - File bow_normal_c.ddj is not encrypted , flags not exists
07:15:15.942 [main] INFO org.soky.sro.pk2.io.Pk2IOTest - Consuming 2196 byte(s) from file bow_normal_c.ddj with size 2196 
07:15:15.942 [main] DEBUG org.sokybot.pk2.Pk2CryptoUtils - File bow_normal_d.ddj is not encrypted , flags not exists
07:15:15.942 [main] INFO org.soky.sro.pk2.io.Pk2IOTest - Consuming 4244 byte(s) from file bow_normal_d.ddj with size 4244 
07:15:15.942 [main] DEBUG org.sokybot.pk2.Pk2CryptoUtils - File bow_normal_e.ddj is not encrypted , flags not exists
07:15:15.942 [main] INFO org.soky.sro.pk2.io.Pk2IOTest - Consuming 4244 byte(s) from file bow_normal_e.ddj with size 4244 
07:15:15.942 [main] DEBUG org.sokybot.pk2.Pk2CryptoUtils - File bow_normal_f.ddj is not encrypted , flags not exists
07:15:15.942 [main] INFO org.soky.sro.pk2.io.Pk2IOTest - Consuming 4244 byte(s) from file bow_normal_f.ddj with size 4244 
07:15:15.943 [main] DEBUG org.sokybot.pk2.Pk2CryptoUtils - File bow_passive_a.ddj is not encrypted , flags not exists
07:15:15.943 [main] INFO org.soky.sro.pk2.io.Pk2IOTest - Consuming 2196 byte(s) from file bow_passive_a.ddj with size 2196 
07:15:15.943 [main] DEBUG org.sokybot.pk2.Pk2CryptoUtils - File bow_pierce_a.ddj is not encrypted , flags not exists
07:15:15.943 [main] INFO org.soky.sro.pk2.io.Pk2IOTest - Consuming 2196 byte(s) from file bow_pierce_a.ddj with size 2196 
07:15:15.943 [main] DEBUG org.sokybot.pk2.Pk2CryptoUtils - File bow_pierce_b.ddj is not encrypted , flags not exists
07:15:15.943 [main] INFO org.soky.sro.pk2.io.Pk2IOTest - Consuming 2196 byte(s) from file bow_pierce_b.ddj with size 2196 
07:15:15.943 [main] DEBUG org.sokybot.pk2.Pk2CryptoUtils - File bow_pierce_c.ddj is not encrypted , flags not exists
07:15:15.943 [main] INFO org.soky.sro.pk2.io.Pk2IOTest - Consuming 2196 byte(s) from file bow_pierce_c.ddj with size 2196 
07:15:15.943 [main] DEBUG org.sokybot.pk2.Pk2CryptoUtils - File bow_pierce_d.ddj is not encrypted , flags not exists
07:15:15.943 [main] INFO org.soky.sro.pk2.io.Pk2IOTest - Consuming 4244 byte(s) from file bow_pierce_d.ddj with size 4244 
07:15:15.943 [main] DEBUG org.sokybot.pk2.Pk2CryptoUtils - File bow_pierce_e.ddj is not encrypted , flags not exists
07:15:15.943 [main] INFO org.soky.sro.pk2.io.Pk2IOTest - Consuming 4244 byte(s) from file bow_pierce_e.ddj with size 4244 
07:15:15.944 [main] DEBUG org.sokybot.pk2.Pk2CryptoUtils - File bow_pierce_f.ddj is not encrypted , flags not exists
07:15:15.944 [main] INFO org.soky.sro.pk2.io.Pk2IOTest - Consuming 4244 byte(s) from file bow_pierce_f.ddj with size 4244 
07:15:15.944 [main] DEBUG org.sokybot.pk2.Pk2CryptoUtils - File bow_pierce_g.ddj is not encrypted , flags not exists
07:15:15.944 [main] INFO org.soky.sro.pk2.io.Pk2IOTest - Consuming 4244 byte(s) from file bow_pierce_g.ddj with size 4244 
07:15:15.944 [main] DEBUG org.sokybot.pk2.Pk2CryptoUtils - File bow_power_a.ddj is not encrypted , flags not exists
07:15:15.944 [main] INFO org.soky.sro.pk2.io.Pk2IOTest - Consuming 2196 byte(s) from file bow_power_a.ddj with size 2196 
07:15:15.944 [main] DEBUG org.sokybot.pk2.Pk2CryptoUtils - File bow_power_b.ddj is not encrypted , flags not exists
07:15:15.944 [main] INFO org.soky.sro.pk2.io.Pk2IOTest - Consuming 2196 byte(s) from file bow_power_b.ddj with size 2196 
07:15:15.944 [main] DEBUG org.sokybot.pk2.Pk2CryptoUtils - File bow_power_c.ddj is not encrypted , flags not exists
07:15:15.944 [main] INFO org.soky.sro.pk2.io.Pk2IOTest - Consuming 4244 byte(s) from file bow_power_c.ddj with size 4244 
07:15:15.944 [main] DEBUG org.sokybot.pk2.Pk2CryptoUtils - File bow_power_d.ddj is not encrypted , flags not exists
07:15:15.945 [main] INFO org.soky.sro.pk2.io.Pk2IOTest - Consuming 4244 byte(s) from file bow_power_d.ddj with size 4244 
07:15:15.945 [main] DEBUG org.sokybot.pk2.Pk2CryptoUtils - File bow_power_e.ddj is not encrypted , flags not exists
07:15:15.945 [main] INFO org.soky.sro.pk2.io.Pk2IOTest - Consuming 4244 byte(s) from file bow_power_e.ddj with size 4244 
07:15:15.945 [main] DEBUG org.sokybot.pk2.Pk2CryptoUtils - File bow_power_f.ddj is not encrypted , flags not exists
07:15:15.945 [main] INFO org.soky.sro.pk2.io.Pk2IOTest - Consuming 4244 byte(s) from file bow_power_f.ddj with size 4244 
07:15:15.945 [main] DEBUG org.sokybot.pk2.Pk2CryptoUtils - File bow_smash_damage_up_a.ddj is not encrypted , flags not exists
07:15:15.945 [main] INFO org.soky.sro.pk2.io.Pk2IOTest - Consuming 4244 byte(s) from file bow_smash_damage_up_a.ddj with size 4244 
07:15:15.945 [main] DEBUG org.sokybot.pk2.Pk2CryptoUtils - File bow_special_a.ddj is not encrypted , flags not exists
07:15:15.945 [main] INFO org.soky.sro.pk2.io.Pk2IOTest - Consuming 4244 byte(s) from file bow_special_a.ddj with size 4244 
07:15:15.945 [main] DEBUG org.sokybot.pk2.Pk2CryptoUtils - File bow_special_b.ddj is not encrypted , flags not exists
07:15:15.945 [main] INFO org.soky.sro.pk2.io.Pk2IOTest - Consuming 4244 byte(s) from file bow_special_b.ddj with size 4244 
07:15:15.946 [main] DEBUG org.sokybot.pk2.Pk2CryptoUtils - File bow_special_c.ddj is not encrypted , flags not exists
07:15:15.946 [main] INFO org.soky.sro.pk2.io.Pk2IOTest - Consuming 4244 byte(s) from file bow_special_c.ddj with size 4244 
07:15:15.946 [main] DEBUG org.sokybot.pk2.Pk2CryptoUtils - File bow_special_d.ddj is not encrypted , flags not exists
07:15:15.946 [main] INFO org.soky.sro.pk2.io.Pk2IOTest - Consuming 4244 byte(s) from file bow_special_d.ddj with size 4244 
07:15:15.946 [main] DEBUG org.sokybot.pk2.Pk2CryptoUtils - File bow_special_e.ddj is not encrypted , flags not exists
07:15:15.946 [main] INFO org.soky.sro.pk2.io.Pk2IOTest - Consuming 4244 byte(s) from file bow_special_e.ddj with size 4244 
07:15:15.946 [main] DEBUG org.sokybot.pk2.Pk2CryptoUtils - File cold_bingbyeok_a.ddj is not encrypted , flags not exists
07:15:15.946 [main] INFO org.soky.sro.pk2.io.Pk2IOTest - Consuming 2196 byte(s) from file cold_bingbyeok_a.ddj with size 2196 
07:15:15.946 [main] DEBUG org.sokybot.pk2.Pk2CryptoUtils - File cold_bingbyeok_b.ddj is not encrypted , flags not exists
07:15:15.946 [main] INFO org.soky.sro.pk2.io.Pk2IOTest - Consuming 2196 byte(s) from file cold_bingbyeok_b.ddj with size 2196 
07:15:15.946 [main] DEBUG org.sokybot.pk2.Pk2CryptoUtils - File cold_bingbyeok_c.ddj is not encrypted , flags not exists
07:15:15.946 [main] INFO org.soky.sro.pk2.io.Pk2IOTest - Consuming 2196 byte(s) from file cold_bingbyeok_c.ddj with size 2196 
07:15:15.947 [main] DEBUG org.sokybot.pk2.Pk2CryptoUtils - File cold_bingbyeok_d.ddj is not encrypted , flags not exists
07:15:15.947 [main] INFO org.soky.sro.pk2.io.Pk2IOTest - Consuming 4244 byte(s) from file cold_bingbyeok_d.ddj with size 4244 
07:15:15.947 [main] DEBUG org.sokybot.pk2.Pk2CryptoUtils - File cold_bingbyeok_e.ddj is not encrypted , flags not exists
07:15:15.947 [main] INFO org.soky.sro.pk2.io.Pk2IOTest - Consuming 4244 byte(s) from file cold_bingbyeok_e.ddj with size 4244 
07:15:15.947 [main] DEBUG org.sokybot.pk2.Pk2CryptoUtils - File cold_bingbyeok_f.ddj is not encrypted , flags not exists
07:15:15.947 [main] INFO org.soky.sro.pk2.io.Pk2IOTest - Consuming 4244 byte(s) from file cold_bingbyeok_f.ddj with size 4244 
07:15:15.947 [main] DEBUG org.sokybot.pk2.Pk2CryptoUtils - File cold_bingpan_a.ddj is not encrypted , flags not exists
07:15:15.947 [main] INFO org.soky.sro.pk2.io.Pk2IOTest - Consuming 2196 byte(s) from file cold_bingpan_a.ddj with size 2196 
07:15:15.947 [main] DEBUG org.sokybot.pk2.Pk2CryptoUtils - File cold_bingpan_b.ddj is not encrypted , flags not exists
07:15:15.947 [main] INFO org.soky.sro.pk2.io.Pk2IOTest - Consuming 2196 byte(s) from file cold_bingpan_b.ddj with size 2196 
07:15:15.947 [main] DEBUG org.sokybot.pk2.Pk2CryptoUtils - File cold_bingpan_c.ddj is not encrypted , flags not exists
07:15:15.947 [main] INFO org.soky.sro.pk2.io.Pk2IOTest - Consuming 2196 byte(s) from file cold_bingpan_c.ddj with size 2196 
07:15:15.948 [main] DEBUG org.sokybot.pk2.Pk2CryptoUtils - File cold_bingpan_d.ddj is not encrypted , flags not exists
07:15:15.948 [main] INFO org.soky.sro.pk2.io.Pk2IOTest - Consuming 4244 byte(s) from file cold_bingpan_d.ddj with size 4244 
07:15:15.948 [main] DEBUG org.sokybot.pk2.Pk2CryptoUtils - File cold_bingpan_e.ddj is not encrypted , flags not exists
07:15:15.948 [main] INFO org.soky.sro.pk2.io.Pk2IOTest - Consuming 4244 byte(s) from file cold_bingpan_e.ddj with size 4244 
07:15:15.948 [main] DEBUG org.sokybot.pk2.Pk2CryptoUtils - File cold_ganggi_a.ddj is not encrypted , flags not exists
07:15:15.948 [main] INFO org.soky.sro.pk2.io.Pk2IOTest - Consuming 2196 byte(s) from file cold_ganggi_a.ddj with size 2196 
07:15:15.948 [main] DEBUG org.sokybot.pk2.Pk2CryptoUtils - File cold_ganggi_b.ddj is not encrypted , flags not exists
07:15:15.948 [main] INFO org.soky.sro.pk2.io.Pk2IOTest - Consuming 2196 byte(s) from file cold_ganggi_b.ddj with size 2196 
07:15:15.948 [main] DEBUG org.sokybot.pk2.Pk2CryptoUtils - File cold_ganggi_c.ddj is not encrypted , flags not exists
07:15:15.948 [main] INFO org.soky.sro.pk2.io.Pk2IOTest - Consuming 2196 byte(s) from file cold_ganggi_c.ddj with size 2196 
07:15:15.948 [main] DEBUG org.sokybot.pk2.Pk2CryptoUtils - File cold_ganggi_d.ddj is not encrypted , flags not exists
07:15:15.948 [main] INFO org.soky.sro.pk2.io.Pk2IOTest - Consuming 2196 byte(s) from file cold_ganggi_d.ddj with size 2196 
07:15:15.949 [main] DEBUG org.sokybot.pk2.Pk2CryptoUtils - File cold_ganggi_e.ddj is not encrypted , flags not exists
07:15:15.949 [main] INFO org.soky.sro.pk2.io.Pk2IOTest - Consuming 4244 byte(s) from file cold_ganggi_e.ddj with size 4244 
07:15:15.949 [main] DEBUG org.sokybot.pk2.Pk2CryptoUtils - File cold_ganggi_f.ddj is not encrypted , flags not exists
07:15:15.949 [main] INFO org.soky.sro.pk2.io.Pk2IOTest - Consuming 4244 byte(s) from file cold_ganggi_f.ddj with size 4244 
07:15:15.949 [main] DEBUG org.sokybot.pk2.Pk2CryptoUtils - File cold_gigongjang_a.ddj is not encrypted , flags not exists
07:15:15.949 [main] INFO org.soky.sro.pk2.io.Pk2IOTest - Consuming 2196 byte(s) from file cold_gigongjang_a.ddj with size 2196 
07:15:15.949 [main] DEBUG org.sokybot.pk2.Pk2CryptoUtils - File cold_gigongjang_b.ddj is not encrypted , flags not exists
07:15:15.949 [main] INFO org.soky.sro.pk2.io.Pk2IOTest - Consuming 2196 byte(s) from file cold_gigongjang_b.ddj with size 2196 
07:15:15.949 [main] DEBUG org.sokybot.pk2.Pk2CryptoUtils - File cold_gigongjang_c.ddj is not encrypted , flags not exists
07:15:15.949 [main] INFO org.soky.sro.pk2.io.Pk2IOTest - Consuming 2196 byte(s) from file cold_gigongjang_c.ddj with size 2196 
07:15:15.949 [main] DEBUG org.sokybot.pk2.Pk2CryptoUtils - File cold_gigongjang_d.ddj is not encrypted , flags not exists
07:15:15.950 [main] INFO org.soky.sro.pk2.io.Pk2IOTest - Consuming 4244 byte(s) from file cold_gigongjang_d.ddj with size 4244 
07:15:15.950 [main] DEBUG org.sokybot.pk2.Pk2CryptoUtils - File cold_gigongjang_e.ddj is not encrypted , flags not exists
07:15:15.950 [main] INFO org.soky.sro.pk2.io.Pk2IOTest - Consuming 4244 byte(s) from file cold_gigongjang_e.ddj with size 4244 
07:15:15.950 [main] DEBUG org.sokybot.pk2.Pk2CryptoUtils - File cold_gigongjang_f.ddj is not encrypted , flags not exists
07:15:15.950 [main] INFO org.soky.sro.pk2.io.Pk2IOTest - Consuming 4244 byte(s) from file cold_gigongjang_f.ddj with size 4244 
07:15:15.950 [main] DEBUG org.sokybot.pk2.Pk2CryptoUtils - File cold_gigongsul_a.ddj is not encrypted , flags not exists
07:15:15.950 [main] INFO org.soky.sro.pk2.io.Pk2IOTest - Consuming 2196 byte(s) from file cold_gigongsul_a.ddj with size 2196 
07:15:15.950 [main] DEBUG org.sokybot.pk2.Pk2CryptoUtils - File cold_gigongsul_b.ddj is not encrypted , flags not exists
07:15:15.950 [main] INFO org.soky.sro.pk2.io.Pk2IOTest - Consuming 2196 byte(s) from file cold_gigongsul_b.ddj with size 2196 
07:15:15.950 [main] DEBUG org.sokybot.pk2.Pk2CryptoUtils - File cold_gigongsul_c.ddj is not encrypted , flags not exists
07:15:15.950 [main] INFO org.soky.sro.pk2.io.Pk2IOTest - Consuming 4244 byte(s) from file cold_gigongsul_c.ddj with size 4244 
07:15:15.950 [main] DEBUG org.sokybot.pk2.Pk2CryptoUtils - File cold_gigongsul_d.ddj is not encrypted , flags not exists
07:15:15.951 [main] INFO org.soky.sro.pk2.io.Pk2IOTest - Consuming 4244 byte(s) from file cold_gigongsul_d.ddj with size 4244 
07:15:15.951 [main] DEBUG org.sokybot.pk2.Pk2CryptoUtils - File cold_gigongsul_e.ddj is not encrypted , flags not exists
07:15:15.951 [main] INFO org.soky.sro.pk2.io.Pk2IOTest - Consuming 4244 byte(s) from file cold_gigongsul_e.ddj with size 4244 
07:15:15.951 [main] DEBUG org.sokybot.pk2.Pk2CryptoUtils - File cold_gigongsul_f.ddj is not encrypted , flags not exists
07:15:15.951 [main] INFO org.soky.sro.pk2.io.Pk2IOTest - Consuming 4244 byte(s) from file cold_gigongsul_f.ddj with size 4244 
07:15:15.951 [main] DEBUG org.sokybot.pk2.Pk2CryptoUtils - File cold_gigongta_a.ddj is not encrypted , flags not exists
07:15:15.951 [main] INFO org.soky.sro.pk2.io.Pk2IOTest - Consuming 2196 byte(s) from file cold_gigongta_a.ddj with size 2196 
07:15:15.951 [main] DEBUG org.sokybot.pk2.Pk2CryptoUtils - File cold_gigongta_b.ddj is not encrypted , flags not exists
07:15:15.951 [main] INFO org.soky.sro.pk2.io.Pk2IOTest - Consuming 2196 byte(s) from file cold_gigongta_b.ddj with size 2196 
07:15:15.951 [main] DEBUG org.sokybot.pk2.Pk2CryptoUtils - File cold_gigongta_c.ddj is not encrypted , flags not exists
07:15:15.951 [main] INFO org.soky.sro.pk2.io.Pk2IOTest - Consuming 2196 byte(s) from file cold_gigongta_c.ddj with size 2196 
07:15:15.951 [main] DEBUG org.sokybot.pk2.Pk2CryptoUtils - File cold_gigongta_d.ddj is not encrypted , flags not exists
07:15:15.952 [main] INFO org.soky.sro.pk2.io.Pk2IOTest - Consuming 2196 byte(s) from file cold_gigongta_d.ddj with size 2196 
07:15:15.952 [main] DEBUG org.sokybot.pk2.Pk2CryptoUtils - File cold_gigongta_e.ddj is not encrypted , flags not exists
07:15:15.952 [main] INFO org.soky.sro.pk2.io.Pk2IOTest - Consuming 4244 byte(s) from file cold_gigongta_e.ddj with size 4244 
07:15:15.952 [main] DEBUG org.sokybot.pk2.Pk2CryptoUtils - File cold_gigongta_f.ddj is not encrypted , flags not exists
07:15:15.952 [main] INFO org.soky.sro.pk2.io.Pk2IOTest - Consuming 4244 byte(s) from file cold_gigongta_f.ddj with size 4244 
07:15:15.952 [main] DEBUG org.sokybot.pk2.Pk2CryptoUtils - File cold_gigongta_g.ddj is not encrypted , flags not exists
07:15:15.952 [main] INFO org.soky.sro.pk2.io.Pk2IOTest - Consuming 4244 byte(s) from file cold_gigongta_g.ddj with size 4244 
07:15:15.952 [main] DEBUG org.sokybot.pk2.Pk2CryptoUtils - File cold_passive_a.ddj is not encrypted , flags not exists
07:15:15.952 [main] INFO org.soky.sro.pk2.io.Pk2IOTest - Consuming 2196 byte(s) from file cold_passive_a.ddj with size 2196 
07:15:15.952 [main] DEBUG org.sokybot.pk2.Pk2CryptoUtils - File cold_shield_a.ddj is not encrypted , flags not exists
07:15:15.952 [main] INFO org.soky.sro.pk2.io.Pk2IOTest - Consuming 4244 byte(s) from file cold_shield_a.ddj with size 4244 
07:15:15.952 [main] DEBUG org.sokybot.pk2.Pk2CryptoUtils - File cold_shield_b.ddj is not encrypted , flags not exists
07:15:15.953 [main] INFO org.soky.sro.pk2.io.Pk2IOTest - Consuming 4244 byte(s) from file cold_shield_b.ddj with size 4244 
07:15:15.953 [main] DEBUG org.sokybot.pk2.Pk2CryptoUtils - File cold_shield_c.ddj is not encrypted , flags not exists
07:15:15.953 [main] INFO org.soky.sro.pk2.io.Pk2IOTest - Consuming 4244 byte(s) from file cold_shield_c.ddj with size 4244 
07:15:15.953 [main] DEBUG org.sokybot.pk2.Pk2CryptoUtils - File cold_shield_d.ddj is not encrypted , flags not exists
07:15:15.953 [main] INFO org.soky.sro.pk2.io.Pk2IOTest - Consuming 4244 byte(s) from file cold_shield_d.ddj with size 4244 
07:15:15.953 [main] DEBUG org.sokybot.pk2.Pk2CryptoUtils - File cold_shield_e.ddj is not encrypted , flags not exists
07:15:15.953 [main] INFO org.soky.sro.pk2.io.Pk2IOTest - Consuming 4244 byte(s) from file cold_shield_e.ddj with size 4244 
07:15:15.953 [main] DEBUG org.sokybot.pk2.Pk2CryptoUtils - File cold_shield_f.ddj is not encrypted , flags not exists
07:15:15.953 [main] INFO org.soky.sro.pk2.io.Pk2IOTest - Consuming 4244 byte(s) from file cold_shield_f.ddj with size 4244 
07:15:15.953 [main] DEBUG org.sokybot.pk2.Pk2CryptoUtils - File fire_descry_a.ddj is not encrypted , flags not exists
07:15:15.953 [main] INFO org.soky.sro.pk2.io.Pk2IOTest - Consuming 4244 byte(s) from file fire_descry_a.ddj with size 4244 
07:15:15.954 [main] DEBUG org.sokybot.pk2.Pk2CryptoUtils - File fire_descry_b.ddj is not encrypted , flags not exists
07:15:15.954 [main] INFO org.soky.sro.pk2.io.Pk2IOTest - Consuming 4244 byte(s) from file fire_descry_b.ddj with size 4244 
07:15:15.954 [main] DEBUG org.sokybot.pk2.Pk2CryptoUtils - File fire_detect_a.ddj is not encrypted , flags not exists
07:15:15.954 [main] INFO org.soky.sro.pk2.io.Pk2IOTest - Consuming 4244 byte(s) from file fire_detect_a.ddj with size 4244 
07:15:15.954 [main] DEBUG org.sokybot.pk2.Pk2CryptoUtils - File fire_detect_b.ddj is not encrypted , flags not exists
07:15:15.954 [main] INFO org.soky.sro.pk2.io.Pk2IOTest - Consuming 4244 byte(s) from file fire_detect_b.ddj with size 4244 
07:15:15.954 [main] DEBUG org.sokybot.pk2.Pk2CryptoUtils - File fire_ganggi_a.ddj is not encrypted , flags not exists
07:15:15.954 [main] INFO org.soky.sro.pk2.io.Pk2IOTest - Consuming 2196 byte(s) from file fire_ganggi_a.ddj with size 2196 
07:15:15.954 [main] DEBUG org.sokybot.pk2.Pk2CryptoUtils - File fire_ganggi_b.ddj is not encrypted , flags not exists
07:15:15.954 [main] INFO org.soky.sro.pk2.io.Pk2IOTest - Consuming 2196 byte(s) from file fire_ganggi_b.ddj with size 2196 
07:15:15.954 [main] DEBUG org.sokybot.pk2.Pk2CryptoUtils - File fire_ganggi_c.ddj is not encrypted , flags not exists
07:15:15.954 [main] INFO org.soky.sro.pk2.io.Pk2IOTest - Consuming 2196 byte(s) from file fire_ganggi_c.ddj with size 2196 
07:15:15.954 [main] DEBUG org.sokybot.pk2.Pk2CryptoUtils - File fire_ganggi_d.ddj is not encrypted , flags not exists
07:15:15.955 [main] INFO org.soky.sro.pk2.io.Pk2IOTest - Consuming 4244 byte(s) from file fire_ganggi_d.ddj with size 4244 
07:15:15.955 [main] DEBUG org.sokybot.pk2.Pk2CryptoUtils - File fire_ganggi_e.ddj is not encrypted , flags not exists
07:15:15.955 [main] INFO org.soky.sro.pk2.io.Pk2IOTest - Consuming 4244 byte(s) from file fire_ganggi_e.ddj with size 4244 
07:15:15.955 [main] DEBUG org.sokybot.pk2.Pk2CryptoUtils - File fire_ganggi_fire_ganggi_a.ddj is not encrypted , flags not exists
07:15:15.955 [main] INFO org.soky.sro.pk2.io.Pk2IOTest - Consuming 2196 byte(s) from file fire_ganggi_fire_ganggi_a.ddj with size 2196 
07:15:15.955 [main] DEBUG org.sokybot.pk2.Pk2CryptoUtils - File fire_gigongsul_a.ddj is not encrypted , flags not exists
07:15:15.955 [main] INFO org.soky.sro.pk2.io.Pk2IOTest - Consuming 2196 byte(s) from file fire_gigongsul_a.ddj with size 2196 
07:15:15.955 [main] DEBUG org.sokybot.pk2.Pk2CryptoUtils - File fire_gigongsul_b.ddj is not encrypted , flags not exists
07:15:15.955 [main] INFO org.soky.sro.pk2.io.Pk2IOTest - Consuming 2196 byte(s) from file fire_gigongsul_b.ddj with size 2196 
07:15:15.955 [main] DEBUG org.sokybot.pk2.Pk2CryptoUtils - File fire_gigongsul_c.ddj is not encrypted , flags not exists
07:15:15.955 [main] INFO org.soky.sro.pk2.io.Pk2IOTest - Consuming 2196 byte(s) from file fire_gigongsul_c.ddj with size 2196 
07:15:15.955 [main] DEBUG org.sokybot.pk2.Pk2CryptoUtils - File fire_gigongsul_d.ddj is not encrypted , flags not exists
07:15:15.956 [main] INFO org.soky.sro.pk2.io.Pk2IOTest - Consuming 4244 byte(s) from file fire_gigongsul_d.ddj with size 4244 
07:15:15.956 [main] DEBUG org.sokybot.pk2.Pk2CryptoUtils - File fire_gigongsul_e.ddj is not encrypted , flags not exists
07:15:15.956 [main] INFO org.soky.sro.pk2.io.Pk2IOTest - Consuming 4244 byte(s) from file fire_gigongsul_e.ddj with size 4244 
07:15:15.956 [main] DEBUG org.sokybot.pk2.Pk2CryptoUtils - File fire_gigongsul_f.ddj is not encrypted , flags not exists
07:15:15.956 [main] INFO org.soky.sro.pk2.io.Pk2IOTest - Consuming 4244 byte(s) from file fire_gigongsul_f.ddj with size 4244 
07:15:15.956 [main] DEBUG org.sokybot.pk2.Pk2CryptoUtils - File fire_gigongsul_g.ddj is not encrypted , flags not exists
07:15:15.956 [main] INFO org.soky.sro.pk2.io.Pk2IOTest - Consuming 4244 byte(s) from file fire_gigongsul_g.ddj with size 4244 
07:15:15.956 [main] DEBUG org.sokybot.pk2.Pk2CryptoUtils - File fire_gigongta_a.ddj is not encrypted , flags not exists
07:15:15.956 [main] INFO org.soky.sro.pk2.io.Pk2IOTest - Consuming 2196 byte(s) from file fire_gigongta_a.ddj with size 2196 
07:15:15.956 [main] DEBUG org.sokybot.pk2.Pk2CryptoUtils - File fire_gigongta_b.ddj is not encrypted , flags not exists
07:15:15.956 [main] INFO org.soky.sro.pk2.io.Pk2IOTest - Consuming 2196 byte(s) from file fire_gigongta_b.ddj with size 2196 
07:15:15.956 [main] DEBUG org.sokybot.pk2.Pk2CryptoUtils - File fire_gigongta_c.ddj is not encrypted , flags not exists
07:15:15.957 [main] INFO org.soky.sro.pk2.io.Pk2IOTest - Consuming 2196 byte(s) from file fire_gigongta_c.ddj with size 2196 
07:15:15.957 [main] DEBUG org.sokybot.pk2.Pk2CryptoUtils - File fire_gigongta_d.ddj is not encrypted , flags not exists
07:15:15.957 [main] INFO org.soky.sro.pk2.io.Pk2IOTest - Consuming 2196 byte(s) from file fire_gigongta_d.ddj with size 2196 
07:15:15.957 [main] DEBUG org.sokybot.pk2.Pk2CryptoUtils - File fire_gigongta_e.ddj is not encrypted , flags not exists
07:15:15.957 [main] INFO org.soky.sro.pk2.io.Pk2IOTest - Consuming 4244 byte(s) from file fire_gigongta_e.ddj with size 4244 
07:15:15.957 [main] DEBUG org.sokybot.pk2.Pk2CryptoUtils - File fire_gigongta_f.ddj is not encrypted , flags not exists
07:15:15.957 [main] INFO org.soky.sro.pk2.io.Pk2IOTest - Consuming 4244 byte(s) from file fire_gigongta_f.ddj with size 4244 
07:15:15.957 [main] DEBUG org.sokybot.pk2.Pk2CryptoUtils - File fire_gongup_a.ddj is not encrypted , flags not exists
07:15:15.957 [main] INFO org.soky.sro.pk2.io.Pk2IOTest - Consuming 2196 byte(s) from file fire_gongup_a.ddj with size 2196 
07:15:15.957 [main] DEBUG org.sokybot.pk2.Pk2CryptoUtils - File fire_gongup_b.ddj is not encrypted , flags not exists
07:15:15.957 [main] INFO org.soky.sro.pk2.io.Pk2IOTest - Consuming 2196 byte(s) from file fire_gongup_b.ddj with size 2196 
07:15:15.957 [main] DEBUG org.sokybot.pk2.Pk2CryptoUtils - File fire_gongup_c.ddj is not encrypted , flags not exists
07:15:15.958 [main] INFO org.soky.sro.pk2.io.Pk2IOTest - Consuming 2196 byte(s) from file fire_gongup_c.ddj with size 2196 
07:15:15.958 [main] DEBUG org.sokybot.pk2.Pk2CryptoUtils - File fire_gongup_d.ddj is not encrypted , flags not exists
07:15:15.958 [main] INFO org.soky.sro.pk2.io.Pk2IOTest - Consuming 4244 byte(s) from file fire_gongup_d.ddj with size 4244 
07:15:15.958 [main] DEBUG org.sokybot.pk2.Pk2CryptoUtils - File fire_gongup_e.ddj is not encrypted , flags not exists
07:15:15.958 [main] INFO org.soky.sro.pk2.io.Pk2IOTest - Consuming 4244 byte(s) from file fire_gongup_e.ddj with size 4244 
07:15:15.958 [main] DEBUG org.sokybot.pk2.Pk2CryptoUtils - File fire_hwabyeok_a.ddj is not encrypted , flags not exists
07:15:15.958 [main] INFO org.soky.sro.pk2.io.Pk2IOTest - Consuming 2196 byte(s) from file fire_hwabyeok_a.ddj with size 2196 
07:15:15.958 [main] DEBUG org.sokybot.pk2.Pk2CryptoUtils - File fire_hwabyeok_b.ddj is not encrypted , flags not exists
07:15:15.958 [main] INFO org.soky.sro.pk2.io.Pk2IOTest - Consuming 2196 byte(s) from file fire_hwabyeok_b.ddj with size 2196 
07:15:15.958 [main] DEBUG org.sokybot.pk2.Pk2CryptoUtils - File fire_hwabyeok_c.ddj is not encrypted , flags not exists
07:15:15.958 [main] INFO org.soky.sro.pk2.io.Pk2IOTest - Consuming 2196 byte(s) from file fire_hwabyeok_c.ddj with size 2196 
07:15:15.958 [main] DEBUG org.sokybot.pk2.Pk2CryptoUtils - File fire_hwabyeok_d.ddj is not encrypted , flags not exists
07:15:15.958 [main] INFO org.soky.sro.pk2.io.Pk2IOTest - Consuming 4244 byte(s) from file fire_hwabyeok_d.ddj with size 4244 
07:15:15.959 [main] DEBUG org.sokybot.pk2.Pk2CryptoUtils - File fire_hwabyeok_e.ddj is not encrypted , flags not exists
07:15:15.959 [main] INFO org.soky.sro.pk2.io.Pk2IOTest - Consuming 4244 byte(s) from file fire_hwabyeok_e.ddj with size 4244 
07:15:15.959 [main] DEBUG org.sokybot.pk2.Pk2CryptoUtils - File fire_passive_a.ddj is not encrypted , flags not exists
07:15:15.959 [main] INFO org.soky.sro.pk2.io.Pk2IOTest - Consuming 2196 byte(s) from file fire_passive_a.ddj with size 2196 
07:15:15.959 [main] DEBUG org.sokybot.pk2.Pk2CryptoUtils - File fire_shield_a.ddj is not encrypted , flags not exists
07:15:15.959 [main] INFO org.soky.sro.pk2.io.Pk2IOTest - Consuming 2196 byte(s) from file fire_shield_a.ddj with size 2196 
07:15:15.959 [main] DEBUG org.sokybot.pk2.Pk2CryptoUtils - File fire_shield_b.ddj is not encrypted , flags not exists
07:15:15.959 [main] INFO org.soky.sro.pk2.io.Pk2IOTest - Consuming 2196 byte(s) from file fire_shield_b.ddj with size 2196 
07:15:15.959 [main] DEBUG org.sokybot.pk2.Pk2CryptoUtils - File fire_shield_c.ddj is not encrypted , flags not exists
07:15:15.959 [main] INFO org.soky.sro.pk2.io.Pk2IOTest - Consuming 2196 byte(s) from file fire_shield_c.ddj with size 2196 
07:15:15.959 [main] DEBUG org.sokybot.pk2.Pk2CryptoUtils - File fire_shield_d.ddj is not encrypted , flags not exists
07:15:15.960 [main] INFO org.soky.sro.pk2.io.Pk2IOTest - Consuming 2196 byte(s) from file fire_shield_d.ddj with size 2196 
07:15:15.960 [main] DEBUG org.sokybot.pk2.Pk2CryptoUtils - File lightning_chundung_a.ddj is not encrypted , flags not exists
07:15:15.960 [main] INFO org.soky.sro.pk2.io.Pk2IOTest - Consuming 2196 byte(s) from file lightning_chundung_a.ddj with size 2196 
07:15:15.960 [main] DEBUG org.sokybot.pk2.Pk2CryptoUtils - File lightning_chundung_b.ddj is not encrypted , flags not exists
07:15:15.960 [main] INFO org.soky.sro.pk2.io.Pk2IOTest - Consuming 2196 byte(s) from file lightning_chundung_b.ddj with size 2196 
07:15:15.960 [main] DEBUG org.sokybot.pk2.Pk2CryptoUtils - File lightning_chundung_c.ddj is not encrypted , flags not exists
07:15:15.960 [main] INFO org.soky.sro.pk2.io.Pk2IOTest - Consuming 2196 byte(s) from file lightning_chundung_c.ddj with size 2196 
07:15:15.960 [main] DEBUG org.sokybot.pk2.Pk2CryptoUtils - File lightning_chundung_d.ddj is not encrypted , flags not exists
07:15:15.960 [main] INFO org.soky.sro.pk2.io.Pk2IOTest - Consuming 4244 byte(s) from file lightning_chundung_d.ddj with size 4244 
07:15:15.960 [main] DEBUG org.sokybot.pk2.Pk2CryptoUtils - File lightning_chundung_e.ddj is not encrypted , flags not exists
07:15:15.960 [main] INFO org.soky.sro.pk2.io.Pk2IOTest - Consuming 4244 byte(s) from file lightning_chundung_e.ddj with size 4244 
07:15:15.960 [main] DEBUG org.sokybot.pk2.Pk2CryptoUtils - File lightning_chundung_f.ddj is not encrypted , flags not exists
07:15:15.961 [main] INFO org.soky.sro.pk2.io.Pk2IOTest - Consuming 4244 byte(s) from file lightning_chundung_f.ddj with size 4244 
07:15:15.961 [main] DEBUG org.sokybot.pk2.Pk2CryptoUtils - File lightning_gigongta_a.ddj is not encrypted , flags not exists
07:15:15.961 [main] INFO org.soky.sro.pk2.io.Pk2IOTest - Consuming 2196 byte(s) from file lightning_gigongta_a.ddj with size 2196 
07:15:15.961 [main] DEBUG org.sokybot.pk2.Pk2CryptoUtils - File lightning_gigongta_b.ddj is not encrypted , flags not exists
07:15:15.961 [main] INFO org.soky.sro.pk2.io.Pk2IOTest - Consuming 2196 byte(s) from file lightning_gigongta_b.ddj with size 2196 
07:15:15.961 [main] DEBUG org.sokybot.pk2.Pk2CryptoUtils - File lightning_gigongta_c.ddj is not encrypted , flags not exists
07:15:15.961 [main] INFO org.soky.sro.pk2.io.Pk2IOTest - Consuming 2196 byte(s) from file lightning_gigongta_c.ddj with size 2196 
07:15:15.961 [main] DEBUG org.sokybot.pk2.Pk2CryptoUtils - File lightning_gigongta_d.ddj is not encrypted , flags not exists
07:15:15.961 [main] INFO org.soky.sro.pk2.io.Pk2IOTest - Consuming 2196 byte(s) from file lightning_gigongta_d.ddj with size 2196 
07:15:15.961 [main] DEBUG org.sokybot.pk2.Pk2CryptoUtils - File lightning_gigongta_e.ddj is not encrypted , flags not exists
07:15:15.961 [main] INFO org.soky.sro.pk2.io.Pk2IOTest - Consuming 4244 byte(s) from file lightning_gigongta_e.ddj with size 4244 
07:15:15.961 [main] DEBUG org.sokybot.pk2.Pk2CryptoUtils - File lightning_gigongta_f.ddj is not encrypted , flags not exists
07:15:15.961 [main] INFO org.soky.sro.pk2.io.Pk2IOTest - Consuming 4244 byte(s) from file lightning_gigongta_f.ddj with size 4244 
07:15:15.962 [main] DEBUG org.sokybot.pk2.Pk2CryptoUtils - File lightning_gwantong_a.ddj is not encrypted , flags not exists
07:15:15.962 [main] INFO org.soky.sro.pk2.io.Pk2IOTest - Consuming 2196 byte(s) from file lightning_gwantong_a.ddj with size 2196 
07:15:15.962 [main] DEBUG org.sokybot.pk2.Pk2CryptoUtils - File lightning_gwantong_b.ddj is not encrypted , flags not exists
07:15:15.962 [main] INFO org.soky.sro.pk2.io.Pk2IOTest - Consuming 2196 byte(s) from file lightning_gwantong_b.ddj with size 2196 
07:15:15.962 [main] DEBUG org.sokybot.pk2.Pk2CryptoUtils - File lightning_gwantong_c.ddj is not encrypted , flags not exists
07:15:15.962 [main] INFO org.soky.sro.pk2.io.Pk2IOTest - Consuming 2196 byte(s) from file lightning_gwantong_c.ddj with size 2196 
07:15:15.962 [main] DEBUG org.sokybot.pk2.Pk2CryptoUtils - File lightning_gwantong_d.ddj is not encrypted , flags not exists
07:15:15.962 [main] INFO org.soky.sro.pk2.io.Pk2IOTest - Consuming 2196 byte(s) from file lightning_gwantong_d.ddj with size 2196 
07:15:15.962 [main] DEBUG org.sokybot.pk2.Pk2CryptoUtils - File lightning_gwantong_e.ddj is not encrypted , flags not exists
07:15:15.962 [main] INFO org.soky.sro.pk2.io.Pk2IOTest - Consuming 4244 byte(s) from file lightning_gwantong_e.ddj with size 4244 
07:15:15.962 [main] DEBUG org.sokybot.pk2.Pk2CryptoUtils - File lightning_gyeonggong_a.ddj is not encrypted , flags not exists
07:15:15.962 [main] INFO org.soky.sro.pk2.io.Pk2IOTest - Consuming 2196 byte(s) from file lightning_gyeonggong_a.ddj with size 2196 
07:15:15.962 [main] DEBUG org.sokybot.pk2.Pk2CryptoUtils - File lightning_gyeonggong_b.ddj is not encrypted , flags not exists
07:15:15.963 [main] INFO org.soky.sro.pk2.io.Pk2IOTest - Consuming 2196 byte(s) from file lightning_gyeonggong_b.ddj with size 2196 
07:15:15.963 [main] DEBUG org.sokybot.pk2.Pk2CryptoUtils - File lightning_gyeonggong_c.ddj is not encrypted , flags not exists
07:15:15.963 [main] INFO org.soky.sro.pk2.io.Pk2IOTest - Consuming 2196 byte(s) from file lightning_gyeonggong_c.ddj with size 2196 
07:15:15.963 [main] DEBUG org.sokybot.pk2.Pk2CryptoUtils - File lightning_gyeonggong_d.ddj is not encrypted , flags not exists
07:15:15.963 [main] INFO org.soky.sro.pk2.io.Pk2IOTest - Consuming 4244 byte(s) from file lightning_gyeonggong_d.ddj with size 4244 
07:15:15.963 [main] DEBUG org.sokybot.pk2.Pk2CryptoUtils - File lightning_gyeonggong_e.ddj is not encrypted , flags not exists
07:15:15.963 [main] INFO org.soky.sro.pk2.io.Pk2IOTest - Consuming 4244 byte(s) from file lightning_gyeonggong_e.ddj with size 4244 
07:15:15.963 [main] DEBUG org.sokybot.pk2.Pk2CryptoUtils - File lightning_jipjung_a.ddj is not encrypted , flags not exists
07:15:15.963 [main] INFO org.soky.sro.pk2.io.Pk2IOTest - Consuming 2196 byte(s) from file lightning_jipjung_a.ddj with size 2196 
07:15:15.963 [main] DEBUG org.sokybot.pk2.Pk2CryptoUtils - File lightning_jipjung_b.ddj is not encrypted , flags not exists
07:15:15.963 [main] INFO org.soky.sro.pk2.io.Pk2IOTest - Consuming 2196 byte(s) from file lightning_jipjung_b.ddj with size 2196 
07:15:15.963 [main] DEBUG org.sokybot.pk2.Pk2CryptoUtils - File lightning_jipjung_c.ddj is not encrypted , flags not exists
07:15:15.963 [main] INFO org.soky.sro.pk2.io.Pk2IOTest - Consuming 2196 byte(s) from file lightning_jipjung_c.ddj with size 2196 
07:15:15.964 [main] DEBUG org.sokybot.pk2.Pk2CryptoUtils - File lightning_jipjung_d.ddj is not encrypted , flags not exists
07:15:15.964 [main] INFO org.soky.sro.pk2.io.Pk2IOTest - Consuming 4244 byte(s) from file lightning_jipjung_d.ddj with size 4244 
07:15:15.964 [main] DEBUG org.sokybot.pk2.Pk2CryptoUtils - File lightning_jipjung_e.ddj is not encrypted , flags not exists
07:15:15.964 [main] INFO org.soky.sro.pk2.io.Pk2IOTest - Consuming 4244 byte(s) from file lightning_jipjung_e.ddj with size 4244 
07:15:15.964 [main] DEBUG org.sokybot.pk2.Pk2CryptoUtils - File lightning_passive_a.ddj is not encrypted , flags not exists
07:15:15.964 [main] INFO org.soky.sro.pk2.io.Pk2IOTest - Consuming 2196 byte(s) from file lightning_passive_a.ddj with size 2196 
07:15:15.964 [main] DEBUG org.sokybot.pk2.Pk2CryptoUtils - File lightning_storm_a.ddj is not encrypted , flags not exists
07:15:15.964 [main] INFO org.soky.sro.pk2.io.Pk2IOTest - Consuming 2196 byte(s) from file lightning_storm_a.ddj with size 2196 
07:15:15.964 [main] DEBUG org.sokybot.pk2.Pk2CryptoUtils - File lightning_storm_b.ddj is not encrypted , flags not exists
07:15:15.964 [main] INFO org.soky.sro.pk2.io.Pk2IOTest - Consuming 2196 byte(s) from file lightning_storm_b.ddj with size 2196 
07:15:15.964 [main] DEBUG org.sokybot.pk2.Pk2CryptoUtils - File lightning_storm_c.ddj is not encrypted , flags not exists
07:15:15.964 [main] INFO org.soky.sro.pk2.io.Pk2IOTest - Consuming 4244 byte(s) from file lightning_storm_c.ddj with size 4244 
07:15:15.965 [main] DEBUG org.sokybot.pk2.Pk2CryptoUtils - File lightning_storm_d.ddj is not encrypted , flags not exists
07:15:15.965 [main] INFO org.soky.sro.pk2.io.Pk2IOTest - Consuming 4244 byte(s) from file lightning_storm_d.ddj with size 4244 
07:15:15.965 [main] DEBUG org.sokybot.pk2.Pk2CryptoUtils - File lightning_storm_e.ddj is not encrypted , flags not exists
07:15:15.965 [main] INFO org.soky.sro.pk2.io.Pk2IOTest - Consuming 4244 byte(s) from file lightning_storm_e.ddj with size 4244 
07:15:15.965 [main] DEBUG org.sokybot.pk2.Pk2CryptoUtils - File spear_chain_a.ddj is not encrypted , flags not exists
07:15:15.965 [main] INFO org.soky.sro.pk2.io.Pk2IOTest - Consuming 2196 byte(s) from file spear_chain_a.ddj with size 2196 
07:15:15.965 [main] DEBUG org.sokybot.pk2.Pk2CryptoUtils - File spear_chain_b.ddj is not encrypted , flags not exists
07:15:15.965 [main] INFO org.soky.sro.pk2.io.Pk2IOTest - Consuming 2196 byte(s) from file spear_chain_b.ddj with size 2196 
07:15:15.965 [main] DEBUG org.sokybot.pk2.Pk2CryptoUtils - File spear_chain_c.ddj is not encrypted , flags not exists
07:15:15.965 [main] INFO org.soky.sro.pk2.io.Pk2IOTest - Consuming 2196 byte(s) from file spear_chain_c.ddj with size 2196 
07:15:15.965 [main] DEBUG org.sokybot.pk2.Pk2CryptoUtils - File spear_chain_d.ddj is not encrypted , flags not exists
07:15:15.965 [main] INFO org.soky.sro.pk2.io.Pk2IOTest - Consuming 2196 byte(s) from file spear_chain_d.ddj with size 2196 
07:15:15.965 [main] DEBUG org.sokybot.pk2.Pk2CryptoUtils - File spear_chain_e.ddj is not encrypted , flags not exists
07:15:15.966 [main] INFO org.soky.sro.pk2.io.Pk2IOTest - Consuming 2196 byte(s) from file spear_chain_e.ddj with size 2196 
07:15:15.966 [main] DEBUG org.sokybot.pk2.Pk2CryptoUtils - File spear_chain_f.ddj is not encrypted , flags not exists
07:15:15.966 [main] INFO org.soky.sro.pk2.io.Pk2IOTest - Consuming 4244 byte(s) from file spear_chain_f.ddj with size 4244 
07:15:15.966 [main] DEBUG org.sokybot.pk2.Pk2CryptoUtils - File spear_chain_g.ddj is not encrypted , flags not exists
07:15:15.966 [main] INFO org.soky.sro.pk2.io.Pk2IOTest - Consuming 4244 byte(s) from file spear_chain_g.ddj with size 4244 
07:15:15.966 [main] DEBUG org.sokybot.pk2.Pk2CryptoUtils - File spear_chain_h.ddj is not encrypted , flags not exists
07:15:15.966 [main] INFO org.soky.sro.pk2.io.Pk2IOTest - Consuming 4244 byte(s) from file spear_chain_h.ddj with size 4244 
07:15:15.966 [main] DEBUG org.sokybot.pk2.Pk2CryptoUtils - File spear_damage_divide_a.ddj is not encrypted , flags not exists
07:15:15.966 [main] INFO org.soky.sro.pk2.io.Pk2IOTest - Consuming 4244 byte(s) from file spear_damage_divide_a.ddj with size 4244 
07:15:15.966 [main] DEBUG org.sokybot.pk2.Pk2CryptoUtils - File spear_frontarea_a.ddj is not encrypted , flags not exists
07:15:15.966 [main] INFO org.soky.sro.pk2.io.Pk2IOTest - Consuming 2196 byte(s) from file spear_frontarea_a.ddj with size 2196 
07:15:15.966 [main] DEBUG org.sokybot.pk2.Pk2CryptoUtils - File spear_frontarea_b.ddj is not encrypted , flags not exists
07:15:15.967 [main] INFO org.soky.sro.pk2.io.Pk2IOTest - Consuming 2196 byte(s) from file spear_frontarea_b.ddj with size 2196 
07:15:15.967 [main] DEBUG org.sokybot.pk2.Pk2CryptoUtils - File spear_frontarea_c.ddj is not encrypted , flags not exists
07:15:15.967 [main] INFO org.soky.sro.pk2.io.Pk2IOTest - Consuming 2196 byte(s) from file spear_frontarea_c.ddj with size 2196 
07:15:15.967 [main] DEBUG org.sokybot.pk2.Pk2CryptoUtils - File spear_frontarea_d.ddj is not encrypted , flags not exists
07:15:15.967 [main] INFO org.soky.sro.pk2.io.Pk2IOTest - Consuming 4244 byte(s) from file spear_frontarea_d.ddj with size 4244 
07:15:15.967 [main] DEBUG org.sokybot.pk2.Pk2CryptoUtils - File spear_frontarea_e.ddj is not encrypted , flags not exists
07:15:15.967 [main] INFO org.soky.sro.pk2.io.Pk2IOTest - Consuming 4244 byte(s) from file spear_frontarea_e.ddj with size 4244 
07:15:15.967 [main] DEBUG org.sokybot.pk2.Pk2CryptoUtils - File spear_frontarea_f.ddj is not encrypted , flags not exists
07:15:15.967 [main] INFO org.soky.sro.pk2.io.Pk2IOTest - Consuming 4244 byte(s) from file spear_frontarea_f.ddj with size 4244 
07:15:15.967 [main] DEBUG org.sokybot.pk2.Pk2CryptoUtils - File spear_frontarea_g.ddj is not encrypted , flags not exists
07:15:15.967 [main] INFO org.soky.sro.pk2.io.Pk2IOTest - Consuming 4244 byte(s) from file spear_frontarea_g.ddj with size 4244 
07:15:15.967 [main] DEBUG org.sokybot.pk2.Pk2CryptoUtils - File spear_passive_a.ddj is not encrypted , flags not exists
07:15:15.968 [main] INFO org.soky.sro.pk2.io.Pk2IOTest - Consuming 2196 byte(s) from file spear_passive_a.ddj with size 2196 
07:15:15.968 [main] DEBUG org.sokybot.pk2.Pk2CryptoUtils - File spear_pierce_a.ddj is not encrypted , flags not exists
07:15:15.968 [main] INFO org.soky.sro.pk2.io.Pk2IOTest - Consuming 2196 byte(s) from file spear_pierce_a.ddj with size 2196 
07:15:15.968 [main] DEBUG org.sokybot.pk2.Pk2CryptoUtils - File spear_pierce_b.ddj is not encrypted , flags not exists
07:15:15.968 [main] INFO org.soky.sro.pk2.io.Pk2IOTest - Consuming 2196 byte(s) from file spear_pierce_b.ddj with size 2196 
07:15:15.968 [main] DEBUG org.sokybot.pk2.Pk2CryptoUtils - File spear_pierce_c.ddj is not encrypted , flags not exists
07:15:15.968 [main] INFO org.soky.sro.pk2.io.Pk2IOTest - Consuming 2196 byte(s) from file spear_pierce_c.ddj with size 2196 
07:15:15.968 [main] DEBUG org.sokybot.pk2.Pk2CryptoUtils - File spear_pierce_d.ddj is not encrypted , flags not exists
07:15:15.968 [main] INFO org.soky.sro.pk2.io.Pk2IOTest - Consuming 4244 byte(s) from file spear_pierce_d.ddj with size 4244 
07:15:15.968 [main] DEBUG org.sokybot.pk2.Pk2CryptoUtils - File spear_pierce_damage_up_a.ddj is not encrypted , flags not exists
07:15:15.968 [main] INFO org.soky.sro.pk2.io.Pk2IOTest - Consuming 4244 byte(s) from file spear_pierce_damage_up_a.ddj with size 4244 
07:15:15.968 [main] DEBUG org.sokybot.pk2.Pk2CryptoUtils - File spear_pierce_e.ddj is not encrypted , flags not exists
07:15:15.968 [main] INFO org.soky.sro.pk2.io.Pk2IOTest - Consuming 4244 byte(s) from file spear_pierce_e.ddj with size 4244 
07:15:15.969 [main] DEBUG org.sokybot.pk2.Pk2CryptoUtils - File spear_pierce_f.ddj is not encrypted , flags not exists
07:15:15.969 [main] INFO org.soky.sro.pk2.io.Pk2IOTest - Consuming 4244 byte(s) from file spear_pierce_f.ddj with size 4244 
07:15:15.969 [main] DEBUG org.sokybot.pk2.Pk2CryptoUtils - File spear_pierce_g.ddj is not encrypted , flags not exists
07:15:15.969 [main] INFO org.soky.sro.pk2.io.Pk2IOTest - Consuming 4244 byte(s) from file spear_pierce_g.ddj with size 4244 
07:15:15.969 [main] DEBUG org.sokybot.pk2.Pk2CryptoUtils - File spear_roundarea_a.ddj is not encrypted , flags not exists
07:15:15.969 [main] INFO org.soky.sro.pk2.io.Pk2IOTest - Consuming 2196 byte(s) from file spear_roundarea_a.ddj with size 2196 
07:15:15.969 [main] DEBUG org.sokybot.pk2.Pk2CryptoUtils - File spear_roundarea_b.ddj is not encrypted , flags not exists
07:15:15.969 [main] INFO org.soky.sro.pk2.io.Pk2IOTest - Consuming 2196 byte(s) from file spear_roundarea_b.ddj with size 2196 
07:15:15.969 [main] DEBUG org.sokybot.pk2.Pk2CryptoUtils - File spear_roundarea_c.ddj is not encrypted , flags not exists
07:15:15.969 [main] INFO org.soky.sro.pk2.io.Pk2IOTest - Consuming 2196 byte(s) from file spear_roundarea_c.ddj with size 2196 
07:15:15.969 [main] DEBUG org.sokybot.pk2.Pk2CryptoUtils - File spear_roundarea_d.ddj is not encrypted , flags not exists
07:15:15.969 [main] INFO org.soky.sro.pk2.io.Pk2IOTest - Consuming 4244 byte(s) from file spear_roundarea_d.ddj with size 4244 
07:15:15.970 [main] DEBUG org.sokybot.pk2.Pk2CryptoUtils - File spear_roundarea_e.ddj is not encrypted , flags not exists
07:15:15.970 [main] INFO org.soky.sro.pk2.io.Pk2IOTest - Consuming 4244 byte(s) from file spear_roundarea_e.ddj with size 4244 
07:15:15.970 [main] DEBUG org.sokybot.pk2.Pk2CryptoUtils - File spear_roundarea_f.ddj is not encrypted , flags not exists
07:15:15.970 [main] INFO org.soky.sro.pk2.io.Pk2IOTest - Consuming 4244 byte(s) from file spear_roundarea_f.ddj with size 4244 
07:15:15.970 [main] DEBUG org.sokybot.pk2.Pk2CryptoUtils - File spear_roundarea_g.ddj is not encrypted , flags not exists
07:15:15.970 [main] INFO org.soky.sro.pk2.io.Pk2IOTest - Consuming 4244 byte(s) from file spear_roundarea_g.ddj with size 4244 
07:15:15.970 [main] DEBUG org.sokybot.pk2.Pk2CryptoUtils - File spear_shoot_a.ddj is not encrypted , flags not exists
07:15:15.970 [main] INFO org.soky.sro.pk2.io.Pk2IOTest - Consuming 2196 byte(s) from file spear_shoot_a.ddj with size 2196 
07:15:15.970 [main] DEBUG org.sokybot.pk2.Pk2CryptoUtils - File spear_shoot_b.ddj is not encrypted , flags not exists
07:15:15.970 [main] INFO org.soky.sro.pk2.io.Pk2IOTest - Consuming 2196 byte(s) from file spear_shoot_b.ddj with size 2196 
07:15:15.970 [main] DEBUG org.sokybot.pk2.Pk2CryptoUtils - File spear_shoot_c.ddj is not encrypted , flags not exists
07:15:15.970 [main] INFO org.soky.sro.pk2.io.Pk2IOTest - Consuming 4244 byte(s) from file spear_shoot_c.ddj with size 4244 
07:15:15.971 [main] DEBUG org.sokybot.pk2.Pk2CryptoUtils - File spear_shoot_d.ddj is not encrypted , flags not exists
07:15:15.971 [main] INFO org.soky.sro.pk2.io.Pk2IOTest - Consuming 4244 byte(s) from file spear_shoot_d.ddj with size 4244 
07:15:15.971 [main] DEBUG org.sokybot.pk2.Pk2CryptoUtils - File spear_shoot_e.ddj is not encrypted , flags not exists
07:15:15.971 [main] INFO org.soky.sro.pk2.io.Pk2IOTest - Consuming 4244 byte(s) from file spear_shoot_e.ddj with size 4244 
07:15:15.971 [main] DEBUG org.sokybot.pk2.Pk2CryptoUtils - File spear_shoot_f.ddj is not encrypted , flags not exists
07:15:15.971 [main] INFO org.soky.sro.pk2.io.Pk2IOTest - Consuming 4244 byte(s) from file spear_shoot_f.ddj with size 4244 
07:15:15.971 [main] DEBUG org.sokybot.pk2.Pk2CryptoUtils - File spear_spin_a.ddj is not encrypted , flags not exists
07:15:15.971 [main] INFO org.soky.sro.pk2.io.Pk2IOTest - Consuming 2196 byte(s) from file spear_spin_a.ddj with size 2196 
07:15:15.971 [main] DEBUG org.sokybot.pk2.Pk2CryptoUtils - File spear_spin_b.ddj is not encrypted , flags not exists
07:15:15.971 [main] INFO org.soky.sro.pk2.io.Pk2IOTest - Consuming 2196 byte(s) from file spear_spin_b.ddj with size 2196 
07:15:15.971 [main] DEBUG org.sokybot.pk2.Pk2CryptoUtils - File spear_spin_c.ddj is not encrypted , flags not exists
07:15:15.972 [main] INFO org.soky.sro.pk2.io.Pk2IOTest - Consuming 2196 byte(s) from file spear_spin_c.ddj with size 2196 
07:15:15.972 [main] DEBUG org.sokybot.pk2.Pk2CryptoUtils - File spear_spin_d.ddj is not encrypted , flags not exists
07:15:15.972 [main] INFO org.soky.sro.pk2.io.Pk2IOTest - Consuming 4244 byte(s) from file spear_spin_d.ddj with size 4244 
07:15:15.972 [main] DEBUG org.sokybot.pk2.Pk2CryptoUtils - File spear_spin_e.ddj is not encrypted , flags not exists
07:15:15.972 [main] INFO org.soky.sro.pk2.io.Pk2IOTest - Consuming 4244 byte(s) from file spear_spin_e.ddj with size 4244 
07:15:15.972 [main] DEBUG org.sokybot.pk2.Pk2CryptoUtils - File spear_spin_f.ddj is not encrypted , flags not exists
07:15:15.972 [main] INFO org.soky.sro.pk2.io.Pk2IOTest - Consuming 4244 byte(s) from file spear_spin_f.ddj with size 4244 
07:15:15.972 [main] DEBUG org.sokybot.pk2.Pk2CryptoUtils - File spear_spin_g.ddj is not encrypted , flags not exists
07:15:15.972 [main] INFO org.soky.sro.pk2.io.Pk2IOTest - Consuming 4244 byte(s) from file spear_spin_g.ddj with size 4244 
07:15:15.972 [main] DEBUG org.sokybot.pk2.Pk2CryptoUtils - File spear_stun_a.ddj is not encrypted , flags not exists
07:15:15.972 [main] INFO org.soky.sro.pk2.io.Pk2IOTest - Consuming 2196 byte(s) from file spear_stun_a.ddj with size 2196 
07:15:15.972 [main] DEBUG org.sokybot.pk2.Pk2CryptoUtils - File spear_stun_b.ddj is not encrypted , flags not exists
07:15:15.973 [main] INFO org.soky.sro.pk2.io.Pk2IOTest - Consuming 2196 byte(s) from file spear_stun_b.ddj with size 2196 
07:15:15.973 [main] DEBUG org.sokybot.pk2.Pk2CryptoUtils - File spear_stun_c.ddj is not encrypted , flags not exists
07:15:15.973 [main] INFO org.soky.sro.pk2.io.Pk2IOTest - Consuming 2196 byte(s) from file spear_stun_c.ddj with size 2196 
07:15:15.973 [main] DEBUG org.sokybot.pk2.Pk2CryptoUtils - File spear_stun_d.ddj is not encrypted , flags not exists
07:15:15.973 [main] INFO org.soky.sro.pk2.io.Pk2IOTest - Consuming 4244 byte(s) from file spear_stun_d.ddj with size 4244 
07:15:15.973 [main] DEBUG org.sokybot.pk2.Pk2CryptoUtils - File spear_stun_e.ddj is not encrypted , flags not exists
07:15:15.973 [main] INFO org.soky.sro.pk2.io.Pk2IOTest - Consuming 4244 byte(s) from file spear_stun_e.ddj with size 4244 
07:15:15.973 [main] DEBUG org.sokybot.pk2.Pk2CryptoUtils - File spear_stun_f.ddj is not encrypted , flags not exists
07:15:15.973 [main] INFO org.soky.sro.pk2.io.Pk2IOTest - Consuming 4244 byte(s) from file spear_stun_f.ddj with size 4244 
07:15:15.973 [main] DEBUG org.sokybot.pk2.Pk2CryptoUtils - File spear_stun_g.ddj is not encrypted , flags not exists
07:15:15.973 [main] INFO org.soky.sro.pk2.io.Pk2IOTest - Consuming 4244 byte(s) from file spear_stun_g.ddj with size 4244 
07:15:15.973 [main] DEBUG org.sokybot.pk2.Pk2CryptoUtils - File sword_chain_a.ddj is not encrypted , flags not exists
07:15:15.974 [main] INFO org.soky.sro.pk2.io.Pk2IOTest - Consuming 2196 byte(s) from file sword_chain_a.ddj with size 2196 
07:15:15.974 [main] DEBUG org.sokybot.pk2.Pk2CryptoUtils - File sword_chain_b.ddj is not encrypted , flags not exists
07:15:15.974 [main] INFO org.soky.sro.pk2.io.Pk2IOTest - Consuming 2196 byte(s) from file sword_chain_b.ddj with size 2196 
07:15:15.974 [main] DEBUG org.sokybot.pk2.Pk2CryptoUtils - File sword_chain_c.ddj is not encrypted , flags not exists
07:15:15.974 [main] INFO org.soky.sro.pk2.io.Pk2IOTest - Consuming 2196 byte(s) from file sword_chain_c.ddj with size 2196 
07:15:15.974 [main] DEBUG org.sokybot.pk2.Pk2CryptoUtils - File sword_chain_d.ddj is not encrypted , flags not exists
07:15:15.974 [main] INFO org.soky.sro.pk2.io.Pk2IOTest - Consuming 2196 byte(s) from file sword_chain_d.ddj with size 2196 
07:15:15.974 [main] DEBUG org.sokybot.pk2.Pk2CryptoUtils - File sword_chain_e.ddj is not encrypted , flags not exists
07:15:15.974 [main] INFO org.soky.sro.pk2.io.Pk2IOTest - Consuming 2196 byte(s) from file sword_chain_e.ddj with size 2196 
07:15:15.974 [main] DEBUG org.sokybot.pk2.Pk2CryptoUtils - File sword_chain_f.ddj is not encrypted , flags not exists
07:15:15.974 [main] INFO org.soky.sro.pk2.io.Pk2IOTest - Consuming 4244 byte(s) from file sword_chain_f.ddj with size 4244 
07:15:15.974 [main] DEBUG org.sokybot.pk2.Pk2CryptoUtils - File sword_chain_g.ddj is not encrypted , flags not exists
07:15:15.975 [main] INFO org.soky.sro.pk2.io.Pk2IOTest - Consuming 4244 byte(s) from file sword_chain_g.ddj with size 4244 
07:15:15.975 [main] DEBUG org.sokybot.pk2.Pk2CryptoUtils - File sword_chain_h.ddj is not encrypted , flags not exists
07:15:15.975 [main] INFO org.soky.sro.pk2.io.Pk2IOTest - Consuming 4244 byte(s) from file sword_chain_h.ddj with size 4244 
07:15:15.975 [main] DEBUG org.sokybot.pk2.Pk2CryptoUtils - File sword_damage_divide_a.ddj is not encrypted , flags not exists
07:15:15.975 [main] INFO org.soky.sro.pk2.io.Pk2IOTest - Consuming 4244 byte(s) from file sword_damage_divide_a.ddj with size 4244 
07:15:15.975 [main] DEBUG org.sokybot.pk2.Pk2CryptoUtils - File sword_downattack_a.ddj is not encrypted , flags not exists
07:15:15.975 [main] INFO org.soky.sro.pk2.io.Pk2IOTest - Consuming 2196 byte(s) from file sword_downattack_a.ddj with size 2196 
07:15:15.975 [main] DEBUG org.sokybot.pk2.Pk2CryptoUtils - File sword_downattack_b.ddj is not encrypted , flags not exists
07:15:15.975 [main] INFO org.soky.sro.pk2.io.Pk2IOTest - Consuming 2196 byte(s) from file sword_downattack_b.ddj with size 2196 
07:15:15.975 [main] DEBUG org.sokybot.pk2.Pk2CryptoUtils - File sword_downattack_c.ddj is not encrypted , flags not exists
07:15:15.975 [main] INFO org.soky.sro.pk2.io.Pk2IOTest - Consuming 2196 byte(s) from file sword_downattack_c.ddj with size 2196 
07:15:15.975 [main] DEBUG org.sokybot.pk2.Pk2CryptoUtils - File sword_downattack_d.ddj is not encrypted , flags not exists
07:15:15.976 [main] INFO org.soky.sro.pk2.io.Pk2IOTest - Consuming 4244 byte(s) from file sword_downattack_d.ddj with size 4244 
07:15:15.976 [main] DEBUG org.sokybot.pk2.Pk2CryptoUtils - File sword_downattack_e.ddj is not encrypted , flags not exists
07:15:15.976 [main] INFO org.soky.sro.pk2.io.Pk2IOTest - Consuming 4244 byte(s) from file sword_downattack_e.ddj with size 4244 
07:15:15.976 [main] DEBUG org.sokybot.pk2.Pk2CryptoUtils - File sword_downattack_f.ddj is not encrypted , flags not exists
07:15:15.976 [main] INFO org.soky.sro.pk2.io.Pk2IOTest - Consuming 4244 byte(s) from file sword_downattack_f.ddj with size 4244 
07:15:15.976 [main] DEBUG org.sokybot.pk2.Pk2CryptoUtils - File sword_downattack_g.ddj is not encrypted , flags not exists
07:15:15.976 [main] INFO org.soky.sro.pk2.io.Pk2IOTest - Consuming 4244 byte(s) from file sword_downattack_g.ddj with size 4244 
07:15:15.976 [main] DEBUG org.sokybot.pk2.Pk2CryptoUtils - File sword_geomgi_a.ddj is not encrypted , flags not exists
07:15:15.976 [main] INFO org.soky.sro.pk2.io.Pk2IOTest - Consuming 2196 byte(s) from file sword_geomgi_a.ddj with size 2196 
07:15:15.976 [main] DEBUG org.sokybot.pk2.Pk2CryptoUtils - File sword_geomgi_b.ddj is not encrypted , flags not exists
07:15:15.976 [main] INFO org.soky.sro.pk2.io.Pk2IOTest - Consuming 2196 byte(s) from file sword_geomgi_b.ddj with size 2196 
07:15:15.977 [main] DEBUG org.sokybot.pk2.Pk2CryptoUtils - File sword_geomgi_c.ddj is not encrypted , flags not exists
07:15:15.977 [main] INFO org.soky.sro.pk2.io.Pk2IOTest - Consuming 2196 byte(s) from file sword_geomgi_c.ddj with size 2196 
07:15:15.977 [main] DEBUG org.sokybot.pk2.Pk2CryptoUtils - File sword_geomgi_d.ddj is not encrypted , flags not exists
07:15:15.977 [main] INFO org.soky.sro.pk2.io.Pk2IOTest - Consuming 4244 byte(s) from file sword_geomgi_d.ddj with size 4244 
07:15:15.977 [main] DEBUG org.sokybot.pk2.Pk2CryptoUtils - File sword_geomgi_e.ddj is not encrypted , flags not exists
07:15:15.977 [main] INFO org.soky.sro.pk2.io.Pk2IOTest - Consuming 4244 byte(s) from file sword_geomgi_e.ddj with size 4244 
07:15:15.977 [main] DEBUG org.sokybot.pk2.Pk2CryptoUtils - File sword_geomgi_f.ddj is not encrypted , flags not exists
07:15:15.977 [main] INFO org.soky.sro.pk2.io.Pk2IOTest - Consuming 4244 byte(s) from file sword_geomgi_f.ddj with size 4244 
07:15:15.977 [main] DEBUG org.sokybot.pk2.Pk2CryptoUtils - File sword_geomgi_g.ddj is not encrypted , flags not exists
07:15:15.977 [main] INFO org.soky.sro.pk2.io.Pk2IOTest - Consuming 4244 byte(s) from file sword_geomgi_g.ddj with size 4244 
07:15:15.977 [main] DEBUG org.sokybot.pk2.Pk2CryptoUtils - File sword_knockdown_a.ddj is not encrypted , flags not exists
07:15:15.977 [main] INFO org.soky.sro.pk2.io.Pk2IOTest - Consuming 2196 byte(s) from file sword_knockdown_a.ddj with size 2196 
07:15:15.978 [main] DEBUG org.sokybot.pk2.Pk2CryptoUtils - File sword_knockdown_b.ddj is not encrypted , flags not exists
07:15:15.978 [main] INFO org.soky.sro.pk2.io.Pk2IOTest - Consuming 2196 byte(s) from file sword_knockdown_b.ddj with size 2196 
07:15:15.978 [main] DEBUG org.sokybot.pk2.Pk2CryptoUtils - File sword_knockdown_c.ddj is not encrypted , flags not exists
07:15:15.978 [main] INFO org.soky.sro.pk2.io.Pk2IOTest - Consuming 2196 byte(s) from file sword_knockdown_c.ddj with size 2196 
07:15:15.978 [main] DEBUG org.sokybot.pk2.Pk2CryptoUtils - File sword_knockdown_d.ddj is not encrypted , flags not exists
07:15:15.978 [main] INFO org.soky.sro.pk2.io.Pk2IOTest - Consuming 4244 byte(s) from file sword_knockdown_d.ddj with size 4244 
07:15:15.978 [main] DEBUG org.sokybot.pk2.Pk2CryptoUtils - File sword_knockdown_e.ddj is not encrypted , flags not exists
07:15:15.978 [main] INFO org.soky.sro.pk2.io.Pk2IOTest - Consuming 4244 byte(s) from file sword_knockdown_e.ddj with size 4244 
07:15:15.978 [main] DEBUG org.sokybot.pk2.Pk2CryptoUtils - File sword_knockdown_f.ddj is not encrypted , flags not exists
07:15:15.978 [main] INFO org.soky.sro.pk2.io.Pk2IOTest - Consuming 4244 byte(s) from file sword_knockdown_f.ddj with size 4244 
07:15:15.978 [main] DEBUG org.sokybot.pk2.Pk2CryptoUtils - File sword_passive_a.ddj is not encrypted , flags not exists
07:15:15.978 [main] INFO org.soky.sro.pk2.io.Pk2IOTest - Consuming 2196 byte(s) from file sword_passive_a.ddj with size 2196 
07:15:15.979 [main] DEBUG org.sokybot.pk2.Pk2CryptoUtils - File sword_shieldpd_a.ddj is not encrypted , flags not exists
07:15:15.979 [main] INFO org.soky.sro.pk2.io.Pk2IOTest - Consuming 4244 byte(s) from file sword_shieldpd_a.ddj with size 4244 
07:15:15.979 [main] DEBUG org.sokybot.pk2.Pk2CryptoUtils - File sword_shieldpd_b.ddj is not encrypted , flags not exists
07:15:15.979 [main] INFO org.soky.sro.pk2.io.Pk2IOTest - Consuming 4244 byte(s) from file sword_shieldpd_b.ddj with size 4244 
07:15:15.979 [main] DEBUG org.sokybot.pk2.Pk2CryptoUtils - File sword_shieldpd_c.ddj is not encrypted , flags not exists
07:15:15.979 [main] INFO org.soky.sro.pk2.io.Pk2IOTest - Consuming 4244 byte(s) from file sword_shieldpd_c.ddj with size 4244 
07:15:15.979 [main] DEBUG org.sokybot.pk2.Pk2CryptoUtils - File sword_shieldpd_d.ddj is not encrypted , flags not exists
07:15:15.979 [main] INFO org.soky.sro.pk2.io.Pk2IOTest - Consuming 4244 byte(s) from file sword_shieldpd_d.ddj with size 4244 
07:15:15.979 [main] DEBUG org.sokybot.pk2.Pk2CryptoUtils - File sword_shieldpd_e.ddj is not encrypted , flags not exists
07:15:15.979 [main] INFO org.soky.sro.pk2.io.Pk2IOTest - Consuming 4244 byte(s) from file sword_shieldpd_e.ddj with size 4244 
07:15:15.979 [main] DEBUG org.sokybot.pk2.Pk2CryptoUtils - File sword_shieldpd_f.ddj is not encrypted , flags not exists
07:15:15.980 [main] INFO org.soky.sro.pk2.io.Pk2IOTest - Consuming 4244 byte(s) from file sword_shieldpd_f.ddj with size 4244 
07:15:15.980 [main] DEBUG org.sokybot.pk2.Pk2CryptoUtils - File sword_shieldpd_g.ddj is not encrypted , flags not exists
07:15:15.980 [main] INFO org.soky.sro.pk2.io.Pk2IOTest - Consuming 4244 byte(s) from file sword_shieldpd_g.ddj with size 4244 
07:15:15.980 [main] DEBUG org.sokybot.pk2.Pk2CryptoUtils - File sword_shield_a.ddj is not encrypted , flags not exists
07:15:15.980 [main] INFO org.soky.sro.pk2.io.Pk2IOTest - Consuming 2196 byte(s) from file sword_shield_a.ddj with size 2196 
07:15:15.980 [main] DEBUG org.sokybot.pk2.Pk2CryptoUtils - File sword_shield_b.ddj is not encrypted , flags not exists
07:15:15.980 [main] INFO org.soky.sro.pk2.io.Pk2IOTest - Consuming 2196 byte(s) from file sword_shield_b.ddj with size 2196 
07:15:15.980 [main] DEBUG org.sokybot.pk2.Pk2CryptoUtils - File sword_shield_c.ddj is not encrypted , flags not exists
07:15:15.980 [main] INFO org.soky.sro.pk2.io.Pk2IOTest - Consuming 2196 byte(s) from file sword_shield_c.ddj with size 2196 
07:15:15.980 [main] DEBUG org.sokybot.pk2.Pk2CryptoUtils - File sword_shield_d.ddj is not encrypted , flags not exists
07:15:15.980 [main] INFO org.soky.sro.pk2.io.Pk2IOTest - Consuming 4244 byte(s) from file sword_shield_d.ddj with size 4244 
07:15:15.981 [main] DEBUG org.sokybot.pk2.Pk2CryptoUtils - File sword_shield_e.ddj is not encrypted , flags not exists
07:15:15.981 [main] INFO org.soky.sro.pk2.io.Pk2IOTest - Consuming 4244 byte(s) from file sword_shield_e.ddj with size 4244 
07:15:15.981 [main] DEBUG org.sokybot.pk2.Pk2CryptoUtils - File sword_shield_f.ddj is not encrypted , flags not exists
07:15:15.981 [main] INFO org.soky.sro.pk2.io.Pk2IOTest - Consuming 4244 byte(s) from file sword_shield_f.ddj with size 4244 
07:15:15.981 [main] DEBUG org.sokybot.pk2.Pk2CryptoUtils - File sword_shield_g.ddj is not encrypted , flags not exists
07:15:15.981 [main] INFO org.soky.sro.pk2.io.Pk2IOTest - Consuming 4244 byte(s) from file sword_shield_g.ddj with size 4244 
07:15:15.981 [main] DEBUG org.sokybot.pk2.Pk2CryptoUtils - File sword_smash_a.ddj is not encrypted , flags not exists
07:15:15.981 [main] INFO org.soky.sro.pk2.io.Pk2IOTest - Consuming 2196 byte(s) from file sword_smash_a.ddj with size 2196 
07:15:15.981 [main] DEBUG org.sokybot.pk2.Pk2CryptoUtils - File sword_smash_b.ddj is not encrypted , flags not exists
07:15:15.981 [main] INFO org.soky.sro.pk2.io.Pk2IOTest - Consuming 2196 byte(s) from file sword_smash_b.ddj with size 2196 
07:15:15.981 [main] DEBUG org.sokybot.pk2.Pk2CryptoUtils - File sword_smash_c.ddj is not encrypted , flags not exists
07:15:15.981 [main] INFO org.soky.sro.pk2.io.Pk2IOTest - Consuming 2196 byte(s) from file sword_smash_c.ddj with size 2196 
07:15:15.982 [main] DEBUG org.sokybot.pk2.Pk2CryptoUtils - File sword_smash_d.ddj is not encrypted , flags not exists
07:15:15.982 [main] INFO org.soky.sro.pk2.io.Pk2IOTest - Consuming 4244 byte(s) from file sword_smash_d.ddj with size 4244 
07:15:15.982 [main] DEBUG org.sokybot.pk2.Pk2CryptoUtils - File sword_smash_damage_up_a.ddj is not encrypted , flags not exists
07:15:15.982 [main] INFO org.soky.sro.pk2.io.Pk2IOTest - Consuming 4244 byte(s) from file sword_smash_damage_up_a.ddj with size 4244 
07:15:15.982 [main] DEBUG org.sokybot.pk2.Pk2CryptoUtils - File sword_smash_e.ddj is not encrypted , flags not exists
07:15:15.982 [main] INFO org.soky.sro.pk2.io.Pk2IOTest - Consuming 4244 byte(s) from file sword_smash_e.ddj with size 4244 
07:15:15.982 [main] DEBUG org.sokybot.pk2.Pk2CryptoUtils - File sword_smash_f.ddj is not encrypted , flags not exists
07:15:15.982 [main] INFO org.soky.sro.pk2.io.Pk2IOTest - Consuming 4244 byte(s) from file sword_smash_f.ddj with size 4244 
07:15:15.982 [main] DEBUG org.sokybot.pk2.Pk2CryptoUtils - File sword_smash_g.ddj is not encrypted , flags not exists
07:15:15.982 [main] INFO org.soky.sro.pk2.io.Pk2IOTest - Consuming 4244 byte(s) from file sword_smash_g.ddj with size 4244 
07:15:15.982 [main] DEBUG org.sokybot.pk2.Pk2CryptoUtils - File sword_special_a.ddj is not encrypted , flags not exists
07:15:15.982 [main] INFO org.soky.sro.pk2.io.Pk2IOTest - Consuming 2196 byte(s) from file sword_special_a.ddj with size 2196 
07:15:15.983 [main] DEBUG org.sokybot.pk2.Pk2CryptoUtils - File sword_special_b.ddj is not encrypted , flags not exists
07:15:15.983 [main] INFO org.soky.sro.pk2.io.Pk2IOTest - Consuming 2196 byte(s) from file sword_special_b.ddj with size 2196 
07:15:15.983 [main] DEBUG org.sokybot.pk2.Pk2CryptoUtils - File sword_special_c.ddj is not encrypted , flags not exists
07:15:15.983 [main] INFO org.soky.sro.pk2.io.Pk2IOTest - Consuming 4244 byte(s) from file sword_special_c.ddj with size 4244 
07:15:15.983 [main] DEBUG org.sokybot.pk2.Pk2CryptoUtils - File sword_special_d.ddj is not encrypted , flags not exists
07:15:15.983 [main] INFO org.soky.sro.pk2.io.Pk2IOTest - Consuming 4244 byte(s) from file sword_special_d.ddj with size 4244 
07:15:15.983 [main] DEBUG org.sokybot.pk2.Pk2CryptoUtils - File sword_special_e.ddj is not encrypted , flags not exists
07:15:15.983 [main] INFO org.soky.sro.pk2.io.Pk2IOTest - Consuming 4244 byte(s) from file sword_special_e.ddj with size 4244 
07:15:15.983 [main] DEBUG org.sokybot.pk2.Pk2CryptoUtils - File water_abnormal_a.ddj is not encrypted , flags not exists
07:15:15.983 [main] INFO org.soky.sro.pk2.io.Pk2IOTest - Consuming 4244 byte(s) from file water_abnormal_a.ddj with size 4244 
07:15:15.983 [main] DEBUG org.sokybot.pk2.Pk2CryptoUtils - File water_abnormal_b.ddj is not encrypted , flags not exists
07:15:15.983 [main] INFO org.soky.sro.pk2.io.Pk2IOTest - Consuming 4244 byte(s) from file water_abnormal_b.ddj with size 4244 
07:15:15.984 [main] DEBUG org.sokybot.pk2.Pk2CryptoUtils - File water_cancel_a.ddj is not encrypted , flags not exists
07:15:15.984 [main] INFO org.soky.sro.pk2.io.Pk2IOTest - Consuming 2196 byte(s) from file water_cancel_a.ddj with size 2196 
07:15:15.984 [main] DEBUG org.sokybot.pk2.Pk2CryptoUtils - File water_cancel_b.ddj is not encrypted , flags not exists
07:15:15.984 [main] INFO org.soky.sro.pk2.io.Pk2IOTest - Consuming 2196 byte(s) from file water_cancel_b.ddj with size 2196 
07:15:15.984 [main] DEBUG org.sokybot.pk2.Pk2CryptoUtils - File water_cancel_c.ddj is not encrypted , flags not exists
07:15:15.984 [main] INFO org.soky.sro.pk2.io.Pk2IOTest - Consuming 4244 byte(s) from file water_cancel_c.ddj with size 4244 
07:15:15.984 [main] DEBUG org.sokybot.pk2.Pk2CryptoUtils - File water_cancel_d.ddj is not encrypted , flags not exists
07:15:15.984 [main] INFO org.soky.sro.pk2.io.Pk2IOTest - Consuming 4244 byte(s) from file water_cancel_d.ddj with size 4244 
07:15:15.984 [main] DEBUG org.sokybot.pk2.Pk2CryptoUtils - File water_cancel_e.ddj is not encrypted , flags not exists
07:15:15.984 [main] INFO org.soky.sro.pk2.io.Pk2IOTest - Consuming 4244 byte(s) from file water_cancel_e.ddj with size 4244 
07:15:15.984 [main] DEBUG org.sokybot.pk2.Pk2CryptoUtils - File water_cancel_f.ddj is not encrypted , flags not exists
07:15:15.984 [main] INFO org.soky.sro.pk2.io.Pk2IOTest - Consuming 4244 byte(s) from file water_cancel_f.ddj with size 4244 
07:15:15.985 [main] DEBUG org.sokybot.pk2.Pk2CryptoUtils - File water_cancel_g.ddj is not encrypted , flags not exists
07:15:15.985 [main] INFO org.soky.sro.pk2.io.Pk2IOTest - Consuming 4244 byte(s) from file water_cancel_g.ddj with size 4244 
07:15:15.985 [main] DEBUG org.sokybot.pk2.Pk2CryptoUtils - File water_cancel_h.ddj is not encrypted , flags not exists
07:15:15.985 [main] INFO org.soky.sro.pk2.io.Pk2IOTest - Consuming 4244 byte(s) from file water_cancel_h.ddj with size 4244 
07:15:15.985 [main] DEBUG org.sokybot.pk2.Pk2CryptoUtils - File water_cancel_i.ddj is not encrypted , flags not exists
07:15:15.985 [main] INFO org.soky.sro.pk2.io.Pk2IOTest - Consuming 4244 byte(s) from file water_cancel_i.ddj with size 4244 
07:15:15.985 [main] DEBUG org.sokybot.pk2.Pk2CryptoUtils - File water_cancel_j.ddj is not encrypted , flags not exists
07:15:15.985 [main] INFO org.soky.sro.pk2.io.Pk2IOTest - Consuming 4244 byte(s) from file water_cancel_j.ddj with size 4244 
07:15:15.985 [main] DEBUG org.sokybot.pk2.Pk2CryptoUtils - File water_curearea_a.ddj is not encrypted , flags not exists
07:15:15.985 [main] INFO org.soky.sro.pk2.io.Pk2IOTest - Consuming 4244 byte(s) from file water_curearea_a.ddj with size 4244 
07:15:15.985 [main] DEBUG org.sokybot.pk2.Pk2CryptoUtils - File water_curearea_b.ddj is not encrypted , flags not exists
07:15:15.985 [main] INFO org.soky.sro.pk2.io.Pk2IOTest - Consuming 4244 byte(s) from file water_curearea_b.ddj with size 4244 
07:15:15.986 [main] DEBUG org.sokybot.pk2.Pk2CryptoUtils - File water_curearea_c.ddj is not encrypted , flags not exists
07:15:15.986 [main] INFO org.soky.sro.pk2.io.Pk2IOTest - Consuming 4244 byte(s) from file water_curearea_c.ddj with size 4244 
07:15:15.986 [main] DEBUG org.sokybot.pk2.Pk2CryptoUtils - File water_curearea_d.ddj is not encrypted , flags not exists
07:15:15.986 [main] INFO org.soky.sro.pk2.io.Pk2IOTest - Consuming 4244 byte(s) from file water_curearea_d.ddj with size 4244 
07:15:15.986 [main] DEBUG org.sokybot.pk2.Pk2CryptoUtils - File water_cure_a.ddj is not encrypted , flags not exists
07:15:15.986 [main] INFO org.soky.sro.pk2.io.Pk2IOTest - Consuming 2196 byte(s) from file water_cure_a.ddj with size 2196 
07:15:15.986 [main] DEBUG org.sokybot.pk2.Pk2CryptoUtils - File water_cure_b.ddj is not encrypted , flags not exists
07:15:15.986 [main] INFO org.soky.sro.pk2.io.Pk2IOTest - Consuming 2196 byte(s) from file water_cure_b.ddj with size 2196 
07:15:15.986 [main] DEBUG org.sokybot.pk2.Pk2CryptoUtils - File water_cure_c.ddj is not encrypted , flags not exists
07:15:15.986 [main] INFO org.soky.sro.pk2.io.Pk2IOTest - Consuming 2196 byte(s) from file water_cure_c.ddj with size 2196 
07:15:15.986 [main] DEBUG org.sokybot.pk2.Pk2CryptoUtils - File water_cure_d.ddj is not encrypted , flags not exists
07:15:15.987 [main] INFO org.soky.sro.pk2.io.Pk2IOTest - Consuming 2196 byte(s) from file water_cure_d.ddj with size 2196 
07:15:15.987 [main] DEBUG org.sokybot.pk2.Pk2CryptoUtils - File water_cure_e.ddj is not encrypted , flags not exists
07:15:15.987 [main] INFO org.soky.sro.pk2.io.Pk2IOTest - Consuming 4244 byte(s) from file water_cure_e.ddj with size 4244 
07:15:15.987 [main] DEBUG org.sokybot.pk2.Pk2CryptoUtils - File water_cure_f.ddj is not encrypted , flags not exists
07:15:15.987 [main] INFO org.soky.sro.pk2.io.Pk2IOTest - Consuming 4244 byte(s) from file water_cure_f.ddj with size 4244 
07:15:15.987 [main] DEBUG org.sokybot.pk2.Pk2CryptoUtils - File water_cure_g.ddj is not encrypted , flags not exists
07:15:15.987 [main] INFO org.soky.sro.pk2.io.Pk2IOTest - Consuming 4244 byte(s) from file water_cure_g.ddj with size 4244 
07:15:15.987 [main] DEBUG org.sokybot.pk2.Pk2CryptoUtils - File water_harmony_a.ddj is not encrypted , flags not exists
07:15:15.987 [main] INFO org.soky.sro.pk2.io.Pk2IOTest - Consuming 2196 byte(s) from file water_harmony_a.ddj with size 2196 
07:15:15.987 [main] DEBUG org.sokybot.pk2.Pk2CryptoUtils - File water_harmony_b.ddj is not encrypted , flags not exists
07:15:15.987 [main] INFO org.soky.sro.pk2.io.Pk2IOTest - Consuming 2196 byte(s) from file water_harmony_b.ddj with size 2196 
07:15:15.987 [main] DEBUG org.sokybot.pk2.Pk2CryptoUtils - File water_harmony_c.ddj is not encrypted , flags not exists
07:15:15.988 [main] INFO org.soky.sro.pk2.io.Pk2IOTest - Consuming 2196 byte(s) from file water_harmony_c.ddj with size 2196 
07:15:15.988 [main] DEBUG org.sokybot.pk2.Pk2CryptoUtils - File water_harmony_d.ddj is not encrypted , flags not exists
07:15:15.988 [main] INFO org.soky.sro.pk2.io.Pk2IOTest - Consuming 4244 byte(s) from file water_harmony_d.ddj with size 4244 
07:15:15.988 [main] DEBUG org.sokybot.pk2.Pk2CryptoUtils - File water_harmony_e.ddj is not encrypted , flags not exists
07:15:15.988 [main] INFO org.soky.sro.pk2.io.Pk2IOTest - Consuming 4244 byte(s) from file water_harmony_e.ddj with size 4244 
07:15:15.988 [main] DEBUG org.sokybot.pk2.Pk2CryptoUtils - File water_heal_a.ddj is not encrypted , flags not exists
07:15:15.988 [main] INFO org.soky.sro.pk2.io.Pk2IOTest - Consuming 2196 byte(s) from file water_heal_a.ddj with size 2196 
07:15:15.988 [main] DEBUG org.sokybot.pk2.Pk2CryptoUtils - File water_heal_b.ddj is not encrypted , flags not exists
07:15:15.988 [main] INFO org.soky.sro.pk2.io.Pk2IOTest - Consuming 2196 byte(s) from file water_heal_b.ddj with size 2196 
07:15:15.988 [main] DEBUG org.sokybot.pk2.Pk2CryptoUtils - File water_heal_c.ddj is not encrypted , flags not exists
07:15:15.988 [main] INFO org.soky.sro.pk2.io.Pk2IOTest - Consuming 2196 byte(s) from file water_heal_c.ddj with size 2196 
07:15:15.988 [main] DEBUG org.sokybot.pk2.Pk2CryptoUtils - File water_heal_cycle_a.ddj is not encrypted , flags not exists
07:15:15.989 [main] INFO org.soky.sro.pk2.io.Pk2IOTest - Consuming 4244 byte(s) from file water_heal_cycle_a.ddj with size 4244 
07:15:15.989 [main] DEBUG org.sokybot.pk2.Pk2CryptoUtils - File water_heal_d.ddj is not encrypted , flags not exists
07:15:15.989 [main] INFO org.soky.sro.pk2.io.Pk2IOTest - Consuming 4244 byte(s) from file water_heal_d.ddj with size 4244 
07:15:15.989 [main] DEBUG org.sokybot.pk2.Pk2CryptoUtils - File water_heal_e.ddj is not encrypted , flags not exists
07:15:15.989 [main] INFO org.soky.sro.pk2.io.Pk2IOTest - Consuming 4244 byte(s) from file water_heal_e.ddj with size 4244 
07:15:15.989 [main] DEBUG org.sokybot.pk2.Pk2CryptoUtils - File water_heal_f.ddj is not encrypted , flags not exists
07:15:15.989 [main] INFO org.soky.sro.pk2.io.Pk2IOTest - Consuming 4244 byte(s) from file water_heal_f.ddj with size 4244 
07:15:15.989 [main] DEBUG org.sokybot.pk2.Pk2CryptoUtils - File water_magical_a.ddj is not encrypted , flags not exists
07:15:15.989 [main] INFO org.soky.sro.pk2.io.Pk2IOTest - Consuming 4244 byte(s) from file water_magical_a.ddj with size 4244 
07:15:15.989 [main] DEBUG org.sokybot.pk2.Pk2CryptoUtils - File water_magical_b.ddj is not encrypted , flags not exists
07:15:15.989 [main] INFO org.soky.sro.pk2.io.Pk2IOTest - Consuming 4244 byte(s) from file water_magical_b.ddj with size 4244 
07:15:15.990 [main] DEBUG org.sokybot.pk2.Pk2CryptoUtils - File water_mana_cycle_a.ddj is not encrypted , flags not exists
07:15:15.990 [main] INFO org.soky.sro.pk2.io.Pk2IOTest - Consuming 4244 byte(s) from file water_mana_cycle_a.ddj with size 4244 
07:15:15.990 [main] DEBUG org.sokybot.pk2.Pk2CryptoUtils - File water_passive_a.ddj is not encrypted , flags not exists
07:15:15.990 [main] INFO org.soky.sro.pk2.io.Pk2IOTest - Consuming 2196 byte(s) from file water_passive_a.ddj with size 2196 
07:15:15.990 [main] DEBUG org.sokybot.pk2.Pk2CryptoUtils - File water_physical_a.ddj is not encrypted , flags not exists
07:15:15.990 [main] INFO org.soky.sro.pk2.io.Pk2IOTest - Consuming 4244 byte(s) from file water_physical_a.ddj with size 4244 
07:15:15.990 [main] DEBUG org.sokybot.pk2.Pk2CryptoUtils - File water_physical_b.ddj is not encrypted , flags not exists
07:15:15.990 [main] INFO org.soky.sro.pk2.io.Pk2IOTest - Consuming 4244 byte(s) from file water_physical_b.ddj with size 4244 
07:15:15.990 [main] DEBUG org.sokybot.pk2.Pk2CryptoUtils - File water_rebirth_group_a.ddj is not encrypted , flags not exists
07:15:15.990 [main] INFO org.soky.sro.pk2.io.Pk2IOTest - Consuming 4244 byte(s) from file water_rebirth_group_a.ddj with size 4244 
07:15:15.991 [main] DEBUG org.sokybot.pk2.Pk2CryptoUtils - File water_rebirth_group_b.ddj is not encrypted , flags not exists
07:15:15.991 [main] INFO org.soky.sro.pk2.io.Pk2IOTest - Consuming 4244 byte(s) from file water_rebirth_group_b.ddj with size 4244 
07:15:15.991 [main] DEBUG org.sokybot.pk2.Pk2CryptoUtils - File water_recovery_quick_a.ddj is not encrypted , flags not exists
07:15:15.991 [main] INFO org.soky.sro.pk2.io.Pk2IOTest - Consuming 4244 byte(s) from file water_recovery_quick_a.ddj with size 4244 
07:15:15.991 [main] DEBUG org.sokybot.pk2.Pk2CryptoUtils - File water_recovery_quick_b.ddj is not encrypted , flags not exists
07:15:15.991 [main] INFO org.soky.sro.pk2.io.Pk2IOTest - Consuming 4244 byte(s) from file water_recovery_quick_b.ddj with size 4244 
07:15:15.991 [main] DEBUG org.sokybot.pk2.Pk2CryptoUtils - File water_recovery_quick_c.ddj is not encrypted , flags not exists
07:15:15.991 [main] INFO org.soky.sro.pk2.io.Pk2IOTest - Consuming 4244 byte(s) from file water_recovery_quick_c.ddj with size 4244 
07:15:15.991 [main] DEBUG org.sokybot.pk2.Pk2CryptoUtils - File water_resurrection_a.ddj is not encrypted , flags not exists
07:15:15.991 [main] INFO org.soky.sro.pk2.io.Pk2IOTest - Consuming 2196 byte(s) from file water_resurrection_a.ddj with size 2196 
07:15:15.991 [main] DEBUG org.sokybot.pk2.Pk2CryptoUtils - File water_resurrection_b.ddj is not encrypted , flags not exists
07:15:15.991 [main] INFO org.soky.sro.pk2.io.Pk2IOTest - Consuming 2196 byte(s) from file water_resurrection_b.ddj with size 2196 
07:15:15.992 [main] DEBUG org.sokybot.pk2.Pk2CryptoUtils - File water_resurrection_c.ddj is not encrypted , flags not exists
07:15:15.992 [main] INFO org.soky.sro.pk2.io.Pk2IOTest - Consuming 2196 byte(s) from file water_resurrection_c.ddj with size 2196 
07:15:15.992 [main] DEBUG org.sokybot.pk2.Pk2CryptoUtils - File water_resurrection_d.ddj is not encrypted , flags not exists
07:15:15.992 [main] INFO org.soky.sro.pk2.io.Pk2IOTest - Consuming 4244 byte(s) from file water_resurrection_d.ddj with size 4244 
07:15:15.992 [main] DEBUG org.sokybot.pk2.Pk2CryptoUtils - File water_resurrection_e.ddj is not encrypted , flags not exists
07:15:15.992 [main] INFO org.soky.sro.pk2.io.Pk2IOTest - Consuming 4244 byte(s) from file water_resurrection_e.ddj with size 4244 
07:15:15.992 [main] DEBUG org.sokybot.pk2.Pk2CryptoUtils - File water_resurrection_f.ddj is not encrypted , flags not exists
07:15:15.992 [main] INFO org.soky.sro.pk2.io.Pk2IOTest - Consuming 4244 byte(s) from file water_resurrection_f.ddj with size 4244 
07:15:15.992 [main] DEBUG org.sokybot.pk2.Pk2CryptoUtils - File water_selfheal_a.ddj is not encrypted , flags not exists
07:15:15.992 [main] INFO org.soky.sro.pk2.io.Pk2IOTest - Consuming 2196 byte(s) from file water_selfheal_a.ddj with size 2196 
07:15:15.992 [main] DEBUG org.sokybot.pk2.Pk2CryptoUtils - File water_selfheal_b.ddj is not encrypted , flags not exists
07:15:15.993 [main] INFO org.soky.sro.pk2.io.Pk2IOTest - Consuming 2196 byte(s) from file water_selfheal_b.ddj with size 2196 
07:15:15.993 [main] DEBUG org.sokybot.pk2.Pk2CryptoUtils - File water_selfheal_c.ddj is not encrypted , flags not exists
07:15:15.993 [main] INFO org.soky.sro.pk2.io.Pk2IOTest - Consuming 2196 byte(s) from file water_selfheal_c.ddj with size 2196 
07:15:15.993 [main] DEBUG org.sokybot.pk2.Pk2CryptoUtils - File water_selfheal_d.ddj is not encrypted , flags not exists
07:15:15.993 [main] INFO org.soky.sro.pk2.io.Pk2IOTest - Consuming 2196 byte(s) from file water_selfheal_d.ddj with size 2196 
07:15:15.993 [main] DEBUG org.sokybot.pk2.Pk2CryptoUtils - File water_selfheal_e.ddj is not encrypted , flags not exists
07:15:15.993 [main] INFO org.soky.sro.pk2.io.Pk2IOTest - Consuming 4244 byte(s) from file water_selfheal_e.ddj with size 4244 
07:15:15.993 [main] DEBUG org.sokybot.pk2.Pk2CryptoUtils - File water_selfheal_f.ddj is not encrypted , flags not exists
07:15:15.993 [main] INFO org.soky.sro.pk2.io.Pk2IOTest - Consuming 4244 byte(s) from file water_selfheal_f.ddj with size 4244 
07:15:15.993 [main] DEBUG org.sokybot.pk2.Pk2CryptoUtils - File bow_call_h.ddj is not encrypted , flags not exists
07:15:15.993 [main] INFO org.soky.sro.pk2.io.Pk2IOTest - Consuming 1172 byte(s) from file bow_call_h.ddj with size 1172 
07:15:15.993 [main] DEBUG org.sokybot.pk2.Pk2CryptoUtils - File fire_gongup_f.ddj is not encrypted , flags not exists
07:15:15.994 [main] INFO org.soky.sro.pk2.io.Pk2IOTest - Consuming 1172 byte(s) from file fire_gongup_f.ddj with size 1172 
07:15:15.994 [main] DEBUG org.sokybot.pk2.Pk2CryptoUtils - File lightning_gwantong_f.ddj is not encrypted , flags not exists
07:15:15.994 [main] INFO org.soky.sro.pk2.io.Pk2IOTest - Consuming 1172 byte(s) from file lightning_gwantong_f.ddj with size 1172 
07:15:15.994 [main] DEBUG org.sokybot.pk2.Pk2CryptoUtils - File lightning_gyeonggong_f.ddj is not encrypted , flags not exists
07:15:15.994 [main] INFO org.soky.sro.pk2.io.Pk2IOTest - Consuming 1172 byte(s) from file lightning_gyeonggong_f.ddj with size 1172 
07:15:15.994 [main] DEBUG org.sokybot.pk2.Pk2CryptoUtils - File lightning_gyeonggong_g.ddj is not encrypted , flags not exists
07:15:15.994 [main] INFO org.soky.sro.pk2.io.Pk2IOTest - Consuming 1172 byte(s) from file lightning_gyeonggong_g.ddj with size 1172 
07:15:15.994 [main] DEBUG org.sokybot.pk2.Pk2CryptoUtils - File legion_hunter.ddj is not encrypted , flags not exists
07:15:15.994 [main] INFO org.soky.sro.pk2.io.Pk2IOTest - Consuming 1172 byte(s) from file legion_hunter.ddj with size 1172 
07:15:15.994 [main] DEBUG org.sokybot.pk2.Pk2CryptoUtils - File legion_thief.ddj is not encrypted , flags not exists
07:15:15.994 [main] INFO org.soky.sro.pk2.io.Pk2IOTest - Consuming 1172 byte(s) from file legion_thief.ddj with size 1172 
07:15:15.994 [main] DEBUG org.sokybot.pk2.Pk2CryptoUtils - File legion_trader.ddj is not encrypted , flags not exists
07:15:15.994 [main] INFO org.soky.sro.pk2.io.Pk2IOTest - Consuming 1172 byte(s) from file legion_trader.ddj with size 1172 
07:15:15.995 [main] DEBUG org.sokybot.pk2.Pk2CryptoUtils - File flagwar_buff.ddj is not encrypted , flags not exists
07:15:15.995 [main] INFO org.soky.sro.pk2.io.Pk2IOTest - Consuming 4244 byte(s) from file flagwar_buff.ddj with size 4244 
07:15:15.995 [main] DEBUG org.sokybot.pk2.Pk2CryptoUtils - File mall_amalrun_godofjudgement.ddj is not encrypted , flags not exists
07:15:15.995 [main] INFO org.soky.sro.pk2.io.Pk2IOTest - Consuming 4244 byte(s) from file mall_amalrun_godofjudgement.ddj with size 4244 
07:15:15.995 [main] DEBUG org.sokybot.pk2.Pk2CryptoUtils - File mall_amalrun_godofmercy.ddj is not encrypted , flags not exists
07:15:15.995 [main] INFO org.soky.sro.pk2.io.Pk2IOTest - Consuming 4244 byte(s) from file mall_amalrun_godofmercy.ddj with size 4244 
07:15:15.995 [main] DEBUG org.sokybot.pk2.Pk2CryptoUtils - File mall_amalrun_thealmightygod.ddj is not encrypted , flags not exists
07:15:15.995 [main] INFO org.soky.sro.pk2.io.Pk2IOTest - Consuming 4244 byte(s) from file mall_amalrun_thealmightygod.ddj with size 4244 
07:15:15.995 [main] DEBUG org.sokybot.pk2.Pk2CryptoUtils - File mall_nasrun_destroythedevil.ddj is not encrypted , flags not exists
07:15:15.995 [main] INFO org.soky.sro.pk2.io.Pk2IOTest - Consuming 4244 byte(s) from file mall_nasrun_destroythedevil.ddj with size 4244 
07:15:15.996 [main] DEBUG org.sokybot.pk2.Pk2CryptoUtils - File mall_nasrun_destrythedevil.ddj is not encrypted , flags not exists
07:15:15.996 [main] INFO org.soky.sro.pk2.io.Pk2IOTest - Consuming 4244 byte(s) from file mall_nasrun_destrythedevil.ddj with size 4244 
07:15:15.996 [main] DEBUG org.sokybot.pk2.Pk2CryptoUtils - File mall_nasrun_eccentricdemon.ddj is not encrypted , flags not exists
07:15:15.996 [main] INFO org.soky.sro.pk2.io.Pk2IOTest - Consuming 4244 byte(s) from file mall_nasrun_eccentricdemon.ddj with size 4244 
07:15:15.996 [main] DEBUG org.sokybot.pk2.Pk2CryptoUtils - File mall_nasrun_thedevilconfusion.ddj is not encrypted , flags not exists
07:15:15.996 [main] INFO org.soky.sro.pk2.io.Pk2IOTest - Consuming 4244 byte(s) from file mall_nasrun_thedevilconfusion.ddj with size 4244 
07:15:15.996 [main] DEBUG org.sokybot.pk2.Pk2CryptoUtils - File qinshitrapbuff.ddj is not encrypted , flags not exists
07:15:15.996 [main] INFO org.soky.sro.pk2.io.Pk2IOTest - Consuming 4244 byte(s) from file qinshitrapbuff.ddj with size 4244 
07:15:15.996 [main] DEBUG org.sokybot.pk2.Pk2CryptoUtils - File qinshitrapdebuff.ddj is not encrypted , flags not exists
07:15:15.996 [main] INFO org.soky.sro.pk2.io.Pk2IOTest - Consuming 4244 byte(s) from file qinshitrapdebuff.ddj with size 4244 
07:15:15.996 [main] DEBUG org.sokybot.pk2.Pk2CryptoUtils - File tc_amends_buff.ddj is not encrypted , flags not exists
07:15:15.996 [main] INFO org.soky.sro.pk2.io.Pk2IOTest - Consuming 4244 byte(s) from file tc_amends_buff.ddj with size 4244 
07:15:15.997 [main] DEBUG org.sokybot.pk2.Pk2CryptoUtils - File tc_copper_buff.ddj is not encrypted , flags not exists
07:15:15.997 [main] INFO org.soky.sro.pk2.io.Pk2IOTest - Consuming 4244 byte(s) from file tc_copper_buff.ddj with size 4244 
07:15:15.997 [main] DEBUG org.sokybot.pk2.Pk2CryptoUtils - File tc_crown_buff.ddj is not encrypted , flags not exists
07:15:15.997 [main] INFO org.soky.sro.pk2.io.Pk2IOTest - Consuming 4244 byte(s) from file tc_crown_buff.ddj with size 4244 
07:15:15.997 [main] DEBUG org.sokybot.pk2.Pk2CryptoUtils - File tc_gold_buff.ddj is not encrypted , flags not exists
07:15:15.997 [main] INFO org.soky.sro.pk2.io.Pk2IOTest - Consuming 4244 byte(s) from file tc_gold_buff.ddj with size 4244 
07:15:15.997 [main] DEBUG org.sokybot.pk2.Pk2CryptoUtils - File tc_reserve_buff.ddj is not encrypted , flags not exists
07:15:15.997 [main] INFO org.soky.sro.pk2.io.Pk2IOTest - Consuming 4244 byte(s) from file tc_reserve_buff.ddj with size 4244 
07:15:15.997 [main] DEBUG org.sokybot.pk2.Pk2CryptoUtils - File tc_silver_buff.ddj is not encrypted , flags not exists
07:15:15.997 [main] INFO org.soky.sro.pk2.io.Pk2IOTest - Consuming 4244 byte(s) from file tc_silver_buff.ddj with size 4244 
07:15:15.998 [main] DEBUG org.sokybot.pk2.Pk2CryptoUtils - File vietnam_condition_0.ddj is not encrypted , flags not exists
07:15:15.998 [main] INFO org.soky.sro.pk2.io.Pk2IOTest - Consuming 4244 byte(s) from file vietnam_condition_0.ddj with size 4244 
07:15:15.998 [main] DEBUG org.sokybot.pk2.Pk2CryptoUtils - File bard_battlaa_damage_a.ddj is not encrypted , flags not exists
07:15:15.998 [main] INFO org.soky.sro.pk2.io.Pk2IOTest - Consuming 4244 byte(s) from file bard_battlaa_damage_a.ddj with size 4244 
07:15:15.998 [main] DEBUG org.sokybot.pk2.Pk2CryptoUtils - File bard_battlaa_damage_b.ddj is not encrypted , flags not exists
07:15:15.998 [main] INFO org.soky.sro.pk2.io.Pk2IOTest - Consuming 2196 byte(s) from file bard_battlaa_damage_b.ddj with size 2196 
07:15:15.998 [main] DEBUG org.sokybot.pk2.Pk2CryptoUtils - File bard_battlaa_explosion_a.ddj is not encrypted , flags not exists
07:15:15.998 [main] INFO org.soky.sro.pk2.io.Pk2IOTest - Consuming 4244 byte(s) from file bard_battlaa_explosion_a.ddj with size 4244 
07:15:15.998 [main] DEBUG org.sokybot.pk2.Pk2CryptoUtils - File bard_battlaa_explosion_b.ddj is not encrypted , flags not exists
07:15:15.998 [main] INFO org.soky.sro.pk2.io.Pk2IOTest - Consuming 4244 byte(s) from file bard_battlaa_explosion_b.ddj with size 4244 
07:15:15.998 [main] DEBUG org.sokybot.pk2.Pk2CryptoUtils - File bard_battlaa_explosion_c.ddj is not encrypted , flags not exists
07:15:15.998 [main] INFO org.soky.sro.pk2.io.Pk2IOTest - Consuming 4244 byte(s) from file bard_battlaa_explosion_c.ddj with size 4244 
07:15:15.999 [main] DEBUG org.sokybot.pk2.Pk2CryptoUtils - File bard_battlaa_guard_a.ddj is not encrypted , flags not exists
07:15:15.999 [main] INFO org.soky.sro.pk2.io.Pk2IOTest - Consuming 4244 byte(s) from file bard_battlaa_guard_a.ddj with size 4244 
07:15:15.999 [main] DEBUG org.sokybot.pk2.Pk2CryptoUtils - File bard_battlaa_guard_b.ddj is not encrypted , flags not exists
07:15:15.999 [main] INFO org.soky.sro.pk2.io.Pk2IOTest - Consuming 4244 byte(s) from file bard_battlaa_guard_b.ddj with size 4244 
07:15:15.999 [main] DEBUG org.sokybot.pk2.Pk2CryptoUtils - File bard_battlaa_mpsteal_a.ddj is not encrypted , flags not exists
07:15:15.999 [main] INFO org.soky.sro.pk2.io.Pk2IOTest - Consuming 4244 byte(s) from file bard_battlaa_mpsteal_a.ddj with size 4244 
07:15:15.999 [main] DEBUG org.sokybot.pk2.Pk2CryptoUtils - File bard_battlaa_mpsteal_b.ddj is not encrypted , flags not exists
07:15:15.999 [main] INFO org.soky.sro.pk2.io.Pk2IOTest - Consuming 4244 byte(s) from file bard_battlaa_mpsteal_b.ddj with size 4244 
07:15:15.999 [main] DEBUG org.sokybot.pk2.Pk2CryptoUtils - File bard_battlaa_root_a.ddj is not encrypted , flags not exists
07:15:15.999 [main] INFO org.soky.sro.pk2.io.Pk2IOTest - Consuming 4244 byte(s) from file bard_battlaa_root_a.ddj with size 4244 
07:15:15.999 [main] DEBUG org.sokybot.pk2.Pk2CryptoUtils - File bard_battlaa_root_b.ddj is not encrypted , flags not exists
07:15:16.000 [main] INFO org.soky.sro.pk2.io.Pk2IOTest - Consuming 4244 byte(s) from file bard_battlaa_root_b.ddj with size 4244 
07:15:16.000 [main] DEBUG org.sokybot.pk2.Pk2CryptoUtils - File bard_battla_damage_b.ddj is not encrypted , flags not exists
07:15:16.000 [main] INFO org.soky.sro.pk2.io.Pk2IOTest - Consuming 4244 byte(s) from file bard_battla_damage_b.ddj with size 4244 
07:15:16.000 [main] DEBUG org.sokybot.pk2.Pk2CryptoUtils - File bard_danacep_defense_a.ddj is not encrypted , flags not exists
07:15:16.000 [main] INFO org.soky.sro.pk2.io.Pk2IOTest - Consuming 4244 byte(s) from file bard_danacep_defense_a.ddj with size 4244 
07:15:16.000 [main] DEBUG org.sokybot.pk2.Pk2CryptoUtils - File bard_danacep_mana_a.ddj is not encrypted , flags not exists
07:15:16.000 [main] INFO org.soky.sro.pk2.io.Pk2IOTest - Consuming 4244 byte(s) from file bard_danacep_mana_a.ddj with size 4244 
07:15:16.000 [main] DEBUG org.sokybot.pk2.Pk2CryptoUtils - File bard_danacep_range_a.ddj is not encrypted , flags not exists
07:15:16.000 [main] INFO org.soky.sro.pk2.io.Pk2IOTest - Consuming 4244 byte(s) from file bard_danacep_range_a.ddj with size 4244 
07:15:16.000 [main] DEBUG org.sokybot.pk2.Pk2CryptoUtils - File bard_dancea_caster_a.ddj is not encrypted , flags not exists
07:15:16.000 [main] INFO org.soky.sro.pk2.io.Pk2IOTest - Consuming 4244 byte(s) from file bard_dancea_caster_a.ddj with size 4244 
07:15:16.001 [main] DEBUG org.sokybot.pk2.Pk2CryptoUtils - File bard_dancea_caster_b.ddj is not encrypted , flags not exists
07:15:16.001 [main] INFO org.soky.sro.pk2.io.Pk2IOTest - Consuming 4244 byte(s) from file bard_dancea_caster_b.ddj with size 4244 
07:15:16.001 [main] DEBUG org.sokybot.pk2.Pk2CryptoUtils - File bard_dancea_caster_c.ddj is not encrypted , flags not exists
07:15:16.001 [main] INFO org.soky.sro.pk2.io.Pk2IOTest - Consuming 4244 byte(s) from file bard_dancea_caster_c.ddj with size 4244 
07:15:16.001 [main] DEBUG org.sokybot.pk2.Pk2CryptoUtils - File bard_dancea_cleric_a.ddj is not encrypted , flags not exists
07:15:16.001 [main] INFO org.soky.sro.pk2.io.Pk2IOTest - Consuming 4244 byte(s) from file bard_dancea_cleric_a.ddj with size 4244 
07:15:16.001 [main] DEBUG org.sokybot.pk2.Pk2CryptoUtils - File bard_dancea_cleric_b.ddj is not encrypted , flags not exists
07:15:16.001 [main] INFO org.soky.sro.pk2.io.Pk2IOTest - Consuming 4244 byte(s) from file bard_dancea_cleric_b.ddj with size 4244 
07:15:16.001 [main] DEBUG org.sokybot.pk2.Pk2CryptoUtils - File bard_dancea_cleric_c.ddj is not encrypted , flags not exists
07:15:16.001 [main] INFO org.soky.sro.pk2.io.Pk2IOTest - Consuming 4244 byte(s) from file bard_dancea_cleric_c.ddj with size 4244 
07:15:16.001 [main] DEBUG org.sokybot.pk2.Pk2CryptoUtils - File bard_dancea_dance_with_music_a.ddj is not encrypted , flags not exists
07:15:16.002 [main] INFO org.soky.sro.pk2.io.Pk2IOTest - Consuming 4244 byte(s) from file bard_dancea_dance_with_music_a.ddj with size 4244 
07:15:16.002 [main] DEBUG org.sokybot.pk2.Pk2CryptoUtils - File bard_dancea_rog_a.ddj is not encrypted , flags not exists
07:15:16.002 [main] INFO org.soky.sro.pk2.io.Pk2IOTest - Consuming 4244 byte(s) from file bard_dancea_rog_a.ddj with size 4244 
07:15:16.002 [main] DEBUG org.sokybot.pk2.Pk2CryptoUtils - File bard_dancea_rog_b.ddj is not encrypted , flags not exists
07:15:16.002 [main] INFO org.soky.sro.pk2.io.Pk2IOTest - Consuming 4244 byte(s) from file bard_dancea_rog_b.ddj with size 4244 
07:15:16.002 [main] DEBUG org.sokybot.pk2.Pk2CryptoUtils - File bard_dancea_rog_c.ddj is not encrypted , flags not exists
07:15:16.002 [main] INFO org.soky.sro.pk2.io.Pk2IOTest - Consuming 4244 byte(s) from file bard_dancea_rog_c.ddj with size 4244 
07:15:16.002 [main] DEBUG org.sokybot.pk2.Pk2CryptoUtils - File bard_dancea_warrior_a.ddj is not encrypted , flags not exists
07:15:16.002 [main] INFO org.soky.sro.pk2.io.Pk2IOTest - Consuming 4244 byte(s) from file bard_dancea_warrior_a.ddj with size 4244 
07:15:16.002 [main] DEBUG org.sokybot.pk2.Pk2CryptoUtils - File bard_dancea_warrior_b.ddj is not encrypted , flags not exists
07:15:16.002 [main] INFO org.soky.sro.pk2.io.Pk2IOTest - Consuming 4244 byte(s) from file bard_dancea_warrior_b.ddj with size 4244 
07:15:16.002 [main] DEBUG org.sokybot.pk2.Pk2CryptoUtils - File bard_dancea_warrior_c.ddj is not encrypted , flags not exists
07:15:16.003 [main] INFO org.soky.sro.pk2.io.Pk2IOTest - Consuming 4244 byte(s) from file bard_dancea_warrior_c.ddj with size 4244 
07:15:16.003 [main] DEBUG org.sokybot.pk2.Pk2CryptoUtils - File bard_forgeta_aggro_a.ddj is not encrypted , flags not exists
07:15:16.003 [main] INFO org.soky.sro.pk2.io.Pk2IOTest - Consuming 4244 byte(s) from file bard_forgeta_aggro_a.ddj with size 4244 
07:15:16.003 [main] DEBUG org.sokybot.pk2.Pk2CryptoUtils - File bard_forgeta_aggro_b.ddj is not encrypted , flags not exists
07:15:16.003 [main] INFO org.soky.sro.pk2.io.Pk2IOTest - Consuming 4244 byte(s) from file bard_forgeta_aggro_b.ddj with size 4244 
07:15:16.003 [main] DEBUG org.sokybot.pk2.Pk2CryptoUtils - File bard_forgeta_attack_a.ddj is not encrypted , flags not exists
07:15:16.003 [main] INFO org.soky.sro.pk2.io.Pk2IOTest - Consuming 4244 byte(s) from file bard_forgeta_attack_a.ddj with size 4244 
07:15:16.003 [main] DEBUG org.sokybot.pk2.Pk2CryptoUtils - File bard_forgeta_attack_b.ddj is not encrypted , flags not exists
07:15:16.003 [main] INFO org.soky.sro.pk2.io.Pk2IOTest - Consuming 4244 byte(s) from file bard_forgeta_attack_b.ddj with size 4244 
07:15:16.003 [main] DEBUG org.sokybot.pk2.Pk2CryptoUtils - File bard_forgeta_mpabsorb_a.ddj is not encrypted , flags not exists
07:15:16.003 [main] INFO org.soky.sro.pk2.io.Pk2IOTest - Consuming 4244 byte(s) from file bard_forgeta_mpabsorb_a.ddj with size 4244 
07:15:16.003 [main] DEBUG org.sokybot.pk2.Pk2CryptoUtils - File bard_forgeta_mpabsorb_b.ddj is not encrypted , flags not exists
07:15:16.004 [main] INFO org.soky.sro.pk2.io.Pk2IOTest - Consuming 4244 byte(s) from file bard_forgeta_mpabsorb_b.ddj with size 4244 
07:15:16.004 [main] DEBUG org.sokybot.pk2.Pk2CryptoUtils - File bard_forgeta_mpabsorb_c.ddj is not encrypted , flags not exists
07:15:16.004 [main] INFO org.soky.sro.pk2.io.Pk2IOTest - Consuming 4244 byte(s) from file bard_forgeta_mpabsorb_c.ddj with size 4244 
07:15:16.004 [main] DEBUG org.sokybot.pk2.Pk2CryptoUtils - File bard_forgeta_target_a.ddj is not encrypted , flags not exists
07:15:16.004 [main] INFO org.soky.sro.pk2.io.Pk2IOTest - Consuming 4244 byte(s) from file bard_forgeta_target_a.ddj with size 4244 
07:15:16.004 [main] DEBUG org.sokybot.pk2.Pk2CryptoUtils - File bard_forgeta_target_b.ddj is not encrypted , flags not exists
07:15:16.004 [main] INFO org.soky.sro.pk2.io.Pk2IOTest - Consuming 4244 byte(s) from file bard_forgeta_target_b.ddj with size 4244 
07:15:16.004 [main] DEBUG org.sokybot.pk2.Pk2CryptoUtils - File bard_musicp_attpoint_a.ddj is not encrypted , flags not exists
07:15:16.004 [main] INFO org.soky.sro.pk2.io.Pk2IOTest - Consuming 4244 byte(s) from file bard_musicp_attpoint_a.ddj with size 4244 
07:15:16.004 [main] DEBUG org.sokybot.pk2.Pk2CryptoUtils - File bard_musicp_attpoint_b.ddj is not encrypted , flags not exists
07:15:16.004 [main] INFO org.soky.sro.pk2.io.Pk2IOTest - Consuming 4244 byte(s) from file bard_musicp_attpoint_b.ddj with size 4244 
07:15:16.004 [main] DEBUG org.sokybot.pk2.Pk2CryptoUtils - File bard_musicp_range_a.ddj is not encrypted , flags not exists
07:15:16.005 [main] INFO org.soky.sro.pk2.io.Pk2IOTest - Consuming 4244 byte(s) from file bard_musicp_range_a.ddj with size 4244 
07:15:16.005 [main] DEBUG org.sokybot.pk2.Pk2CryptoUtils - File bard_musicp_reinforce_a.ddj is not encrypted , flags not exists
07:15:16.005 [main] INFO org.soky.sro.pk2.io.Pk2IOTest - Consuming 4244 byte(s) from file bard_musicp_reinforce_a.ddj with size 4244 
07:15:16.005 [main] DEBUG org.sokybot.pk2.Pk2CryptoUtils - File bard_recovera_abnormaltime_a.ddj is not encrypted , flags not exists
07:15:16.005 [main] INFO org.soky.sro.pk2.io.Pk2IOTest - Consuming 4244 byte(s) from file bard_recovera_abnormaltime_a.ddj with size 4244 
07:15:16.005 [main] DEBUG org.sokybot.pk2.Pk2CryptoUtils - File bard_recovera_abnormaltime_b.ddj is not encrypted , flags not exists
07:15:16.005 [main] INFO org.soky.sro.pk2.io.Pk2IOTest - Consuming 4244 byte(s) from file bard_recovera_abnormaltime_b.ddj with size 4244 
07:15:16.005 [main] DEBUG org.sokybot.pk2.Pk2CryptoUtils - File bard_recovera_abnormal_a.ddj is not encrypted , flags not exists
07:15:16.005 [main] INFO org.soky.sro.pk2.io.Pk2IOTest - Consuming 4244 byte(s) from file bard_recovera_abnormal_a.ddj with size 4244 
07:15:16.005 [main] DEBUG org.sokybot.pk2.Pk2CryptoUtils - File bard_recovera_abnormal_b.ddj is not encrypted , flags not exists
07:15:16.005 [main] INFO org.soky.sro.pk2.io.Pk2IOTest - Consuming 4244 byte(s) from file bard_recovera_abnormal_b.ddj with size 4244 
07:15:16.006 [main] DEBUG org.sokybot.pk2.Pk2CryptoUtils - File bard_recovera_manatrans_a.ddj is not encrypted , flags not exists
07:15:16.006 [main] INFO org.soky.sro.pk2.io.Pk2IOTest - Consuming 4244 byte(s) from file bard_recovera_manatrans_a.ddj with size 4244 
07:15:16.006 [main] DEBUG org.sokybot.pk2.Pk2CryptoUtils - File bard_recovera_manatrans_b.ddj is not encrypted , flags not exists
07:15:16.006 [main] INFO org.soky.sro.pk2.io.Pk2IOTest - Consuming 4244 byte(s) from file bard_recovera_manatrans_b.ddj with size 4244 
07:15:16.006 [main] DEBUG org.sokybot.pk2.Pk2CryptoUtils - File bard_recovera_manatrans_c.ddj is not encrypted , flags not exists
07:15:16.006 [main] INFO org.soky.sro.pk2.io.Pk2IOTest - Consuming 4244 byte(s) from file bard_recovera_manatrans_c.ddj with size 4244 
07:15:16.006 [main] DEBUG org.sokybot.pk2.Pk2CryptoUtils - File bard_recovera_mana_a.ddj is not encrypted , flags not exists
07:15:16.006 [main] INFO org.soky.sro.pk2.io.Pk2IOTest - Consuming 4244 byte(s) from file bard_recovera_mana_a.ddj with size 4244 
07:15:16.006 [main] DEBUG org.sokybot.pk2.Pk2CryptoUtils - File bard_recovera_mpheal_a.ddj is not encrypted , flags not exists
07:15:16.006 [main] INFO org.soky.sro.pk2.io.Pk2IOTest - Consuming 4244 byte(s) from file bard_recovera_mpheal_a.ddj with size 4244 
07:15:16.007 [main] DEBUG org.sokybot.pk2.Pk2CryptoUtils - File bard_recovera_mpheal_b.ddj is not encrypted , flags not exists
07:15:16.007 [main] INFO org.soky.sro.pk2.io.Pk2IOTest - Consuming 4244 byte(s) from file bard_recovera_mpheal_b.ddj with size 4244 
07:15:16.007 [main] DEBUG org.sokybot.pk2.Pk2CryptoUtils - File bard_speedupa_attspeed_a.ddj is not encrypted , flags not exists
07:15:16.007 [main] INFO org.soky.sro.pk2.io.Pk2IOTest - Consuming 4244 byte(s) from file bard_speedupa_attspeed_a.ddj with size 4244 
07:15:16.007 [main] DEBUG org.sokybot.pk2.Pk2CryptoUtils - File bard_speedupa_casting_a.ddj is not encrypted , flags not exists
07:15:16.007 [main] INFO org.soky.sro.pk2.io.Pk2IOTest - Consuming 2196 byte(s) from file bard_speedupa_casting_a.ddj with size 2196 
07:15:16.007 [main] DEBUG org.sokybot.pk2.Pk2CryptoUtils - File bard_speedupa_hitrate_a.ddj is not encrypted , flags not exists
07:15:16.007 [main] INFO org.soky.sro.pk2.io.Pk2IOTest - Consuming 4244 byte(s) from file bard_speedupa_hitrate_a.ddj with size 4244 
07:15:16.008 [main] DEBUG org.sokybot.pk2.Pk2CryptoUtils - File bard_speedupa_hitrate_b.ddj is not encrypted , flags not exists
07:15:16.008 [main] INFO org.soky.sro.pk2.io.Pk2IOTest - Consuming 4244 byte(s) from file bard_speedupa_hitrate_b.ddj with size 4244 
07:15:16.008 [main] DEBUG org.sokybot.pk2.Pk2CryptoUtils - File bard_speedupa_mspeed_a.ddj is not encrypted , flags not exists
07:15:16.008 [main] INFO org.soky.sro.pk2.io.Pk2IOTest - Consuming 4244 byte(s) from file bard_speedupa_mspeed_a.ddj with size 4244 
07:15:16.008 [main] DEBUG org.sokybot.pk2.Pk2CryptoUtils - File bard_speedupa_mspeed_b.ddj is not encrypted , flags not exists
07:15:16.008 [main] INFO org.soky.sro.pk2.io.Pk2IOTest - Consuming 4244 byte(s) from file bard_speedupa_mspeed_b.ddj with size 4244 
07:15:16.008 [main] DEBUG org.sokybot.pk2.Pk2CryptoUtils - File cleric_battlea_cross_a.ddj is not encrypted , flags not exists
07:15:16.008 [main] INFO org.soky.sro.pk2.io.Pk2IOTest - Consuming 4244 byte(s) from file cleric_battlea_cross_a.ddj with size 4244 
07:15:16.008 [main] DEBUG org.sokybot.pk2.Pk2CryptoUtils - File cleric_battlea_cross_b.ddj is not encrypted , flags not exists
07:15:16.008 [main] INFO org.soky.sro.pk2.io.Pk2IOTest - Consuming 4244 byte(s) from file cleric_battlea_cross_b.ddj with size 4244 
07:15:16.008 [main] DEBUG org.sokybot.pk2.Pk2CryptoUtils - File cleric_battlea_overheal_a.ddj is not encrypted , flags not exists
07:15:16.009 [main] INFO org.soky.sro.pk2.io.Pk2IOTest - Consuming 4244 byte(s) from file cleric_battlea_overheal_a.ddj with size 4244 
07:15:16.009 [main] DEBUG org.sokybot.pk2.Pk2CryptoUtils - File cleric_battlea_overheal_b.ddj is not encrypted , flags not exists
07:15:16.009 [main] INFO org.soky.sro.pk2.io.Pk2IOTest - Consuming 4244 byte(s) from file cleric_battlea_overheal_b.ddj with size 4244 
07:15:16.009 [main] DEBUG org.sokybot.pk2.Pk2CryptoUtils - File cleric_battlea_root_a.ddj is not encrypted , flags not exists
07:15:16.009 [main] INFO org.soky.sro.pk2.io.Pk2IOTest - Consuming 4244 byte(s) from file cleric_battlea_root_a.ddj with size 4244 
07:15:16.009 [main] DEBUG org.sokybot.pk2.Pk2CryptoUtils - File cleric_battlea_root_b.ddj is not encrypted , flags not exists
07:15:16.009 [main] INFO org.soky.sro.pk2.io.Pk2IOTest - Consuming 4244 byte(s) from file cleric_battlea_root_b.ddj with size 4244 
07:15:16.009 [main] DEBUG org.sokybot.pk2.Pk2CryptoUtils - File cleric_battlea_sacrifice_a.ddj is not encrypted , flags not exists
07:15:16.009 [main] INFO org.soky.sro.pk2.io.Pk2IOTest - Consuming 4244 byte(s) from file cleric_battlea_sacrifice_a.ddj with size 4244 
07:15:16.009 [main] DEBUG org.sokybot.pk2.Pk2CryptoUtils - File cleric_battlea_sacrifice_b.ddj is not encrypted , flags not exists
07:15:16.009 [main] INFO org.soky.sro.pk2.io.Pk2IOTest - Consuming 4244 byte(s) from file cleric_battlea_sacrifice_b.ddj with size 4244 
07:15:16.010 [main] DEBUG org.sokybot.pk2.Pk2CryptoUtils - File cleric_battlea_sacrifice_c.ddj is not encrypted , flags not exists
07:15:16.010 [main] INFO org.soky.sro.pk2.io.Pk2IOTest - Consuming 4244 byte(s) from file cleric_battlea_sacrifice_c.ddj with size 4244 
07:15:16.010 [main] DEBUG org.sokybot.pk2.Pk2CryptoUtils - File cleric_blessa_int_a.ddj is not encrypted , flags not exists
07:15:16.010 [main] INFO org.soky.sro.pk2.io.Pk2IOTest - Consuming 4244 byte(s) from file cleric_blessa_int_a.ddj with size 4244 
07:15:16.010 [main] DEBUG org.sokybot.pk2.Pk2CryptoUtils - File cleric_blessa_int_b.ddj is not encrypted , flags not exists
07:15:16.010 [main] INFO org.soky.sro.pk2.io.Pk2IOTest - Consuming 4244 byte(s) from file cleric_blessa_int_b.ddj with size 4244 
07:15:16.010 [main] DEBUG org.sokybot.pk2.Pk2CryptoUtils - File cleric_blessa_magical_a.ddj is not encrypted , flags not exists
07:15:16.010 [main] INFO org.soky.sro.pk2.io.Pk2IOTest - Consuming 4244 byte(s) from file cleric_blessa_magical_a.ddj with size 4244 
07:15:16.010 [main] DEBUG org.sokybot.pk2.Pk2CryptoUtils - File cleric_blessa_magical_b.ddj is not encrypted , flags not exists
07:15:16.010 [main] INFO org.soky.sro.pk2.io.Pk2IOTest - Consuming 4244 byte(s) from file cleric_blessa_magical_b.ddj with size 4244 
07:15:16.010 [main] DEBUG org.sokybot.pk2.Pk2CryptoUtils - File cleric_blessa_magical_c.ddj is not encrypted , flags not exists
07:15:16.011 [main] INFO org.soky.sro.pk2.io.Pk2IOTest - Consuming 4244 byte(s) from file cleric_blessa_magical_c.ddj with size 4244 
07:15:16.011 [main] DEBUG org.sokybot.pk2.Pk2CryptoUtils - File cleric_blessa_physical_a.ddj is not encrypted , flags not exists
07:15:16.011 [main] INFO org.soky.sro.pk2.io.Pk2IOTest - Consuming 4244 byte(s) from file cleric_blessa_physical_a.ddj with size 4244 
07:15:16.011 [main] DEBUG org.sokybot.pk2.Pk2CryptoUtils - File cleric_blessa_physical_b.ddj is not encrypted , flags not exists
07:15:16.011 [main] INFO org.soky.sro.pk2.io.Pk2IOTest - Consuming 4244 byte(s) from file cleric_blessa_physical_b.ddj with size 4244 
07:15:16.011 [main] DEBUG org.sokybot.pk2.Pk2CryptoUtils - File cleric_blessa_physical_c.ddj is not encrypted , flags not exists
07:15:16.011 [main] INFO org.soky.sro.pk2.io.Pk2IOTest - Consuming 4244 byte(s) from file cleric_blessa_physical_c.ddj with size 4244 
07:15:16.011 [main] DEBUG org.sokybot.pk2.Pk2CryptoUtils - File cleric_blessa_str_a.ddj is not encrypted , flags not exists
07:15:16.011 [main] INFO org.soky.sro.pk2.io.Pk2IOTest - Consuming 4244 byte(s) from file cleric_blessa_str_a.ddj with size 4244 
07:15:16.011 [main] DEBUG org.sokybot.pk2.Pk2CryptoUtils - File cleric_blessa_str_b.ddj is not encrypted , flags not exists
07:15:16.011 [main] INFO org.soky.sro.pk2.io.Pk2IOTest - Consuming 4244 byte(s) from file cleric_blessa_str_b.ddj with size 4244 
07:15:16.012 [main] DEBUG org.sokybot.pk2.Pk2CryptoUtils - File cleric_gloryp_magical_a.ddj is not encrypted , flags not exists
07:15:16.012 [main] INFO org.soky.sro.pk2.io.Pk2IOTest - Consuming 4244 byte(s) from file cleric_gloryp_magical_a.ddj with size 4244 
07:15:16.012 [main] DEBUG org.sokybot.pk2.Pk2CryptoUtils - File cleric_gloryp_magical_b.ddj is not encrypted , flags not exists
07:15:16.012 [main] INFO org.soky.sro.pk2.io.Pk2IOTest - Consuming 4244 byte(s) from file cleric_gloryp_magical_b.ddj with size 4244 
07:15:16.012 [main] DEBUG org.sokybot.pk2.Pk2CryptoUtils - File cleric_gloryp_physical_a.ddj is not encrypted , flags not exists
07:15:16.012 [main] INFO org.soky.sro.pk2.io.Pk2IOTest - Consuming 4244 byte(s) from file cleric_gloryp_physical_a.ddj with size 4244 
07:15:16.012 [main] DEBUG org.sokybot.pk2.Pk2CryptoUtils - File cleric_gloryp_physical_b.ddj is not encrypted , flags not exists
07:15:16.012 [main] INFO org.soky.sro.pk2.io.Pk2IOTest - Consuming 4244 byte(s) from file cleric_gloryp_physical_b.ddj with size 4244 
07:15:16.012 [main] DEBUG org.sokybot.pk2.Pk2CryptoUtils - File cleric_heala_cycle_a.ddj is not encrypted , flags not exists
07:15:16.012 [main] INFO org.soky.sro.pk2.io.Pk2IOTest - Consuming 4244 byte(s) from file cleric_heala_cycle_a.ddj with size 4244 
07:15:16.012 [main] DEBUG org.sokybot.pk2.Pk2CryptoUtils - File cleric_heala_cycle_b.ddj is not encrypted , flags not exists
07:15:16.012 [main] INFO org.soky.sro.pk2.io.Pk2IOTest - Consuming 4244 byte(s) from file cleric_heala_cycle_b.ddj with size 4244 
07:15:16.013 [main] DEBUG org.sokybot.pk2.Pk2CryptoUtils - File cleric_heala_divide_a.ddj is not encrypted , flags not exists
07:15:16.013 [main] INFO org.soky.sro.pk2.io.Pk2IOTest - Consuming 4244 byte(s) from file cleric_heala_divide_a.ddj with size 4244 
07:15:16.013 [main] DEBUG org.sokybot.pk2.Pk2CryptoUtils - File cleric_heala_divide_b.ddj is not encrypted , flags not exists
07:15:16.013 [main] INFO org.soky.sro.pk2.io.Pk2IOTest - Consuming 4244 byte(s) from file cleric_heala_divide_b.ddj with size 4244 
07:15:16.013 [main] DEBUG org.sokybot.pk2.Pk2CryptoUtils - File cleric_heala_divide_c.ddj is not encrypted , flags not exists
07:15:16.013 [main] INFO org.soky.sro.pk2.io.Pk2IOTest - Consuming 4244 byte(s) from file cleric_heala_divide_c.ddj with size 4244 
07:15:16.013 [main] DEBUG org.sokybot.pk2.Pk2CryptoUtils - File cleric_heala_group_a.ddj is not encrypted , flags not exists
07:15:16.013 [main] INFO org.soky.sro.pk2.io.Pk2IOTest - Consuming 4244 byte(s) from file cleric_heala_group_a.ddj with size 4244 
07:15:16.013 [main] DEBUG org.sokybot.pk2.Pk2CryptoUtils - File cleric_heala_group_b.ddj is not encrypted , flags not exists
07:15:16.013 [main] INFO org.soky.sro.pk2.io.Pk2IOTest - Consuming 4244 byte(s) from file cleric_heala_group_b.ddj with size 4244 
07:15:16.013 [main] DEBUG org.sokybot.pk2.Pk2CryptoUtils - File cleric_heala_group_c.ddj is not encrypted , flags not exists
07:15:16.014 [main] INFO org.soky.sro.pk2.io.Pk2IOTest - Consuming 4244 byte(s) from file cleric_heala_group_c.ddj with size 4244 
07:15:16.014 [main] DEBUG org.sokybot.pk2.Pk2CryptoUtils - File cleric_heala_target_a.ddj is not encrypted , flags not exists
07:15:16.014 [main] INFO org.soky.sro.pk2.io.Pk2IOTest - Consuming 4244 byte(s) from file cleric_heala_target_a.ddj with size 4244 
07:15:16.014 [main] DEBUG org.sokybot.pk2.Pk2CryptoUtils - File cleric_heala_target_b.ddj is not encrypted , flags not exists
07:15:16.014 [main] INFO org.soky.sro.pk2.io.Pk2IOTest - Consuming 4244 byte(s) from file cleric_heala_target_b.ddj with size 4244 
07:15:16.014 [main] DEBUG org.sokybot.pk2.Pk2CryptoUtils - File cleric_heala_target_c.ddj is not encrypted , flags not exists
07:15:16.014 [main] INFO org.soky.sro.pk2.io.Pk2IOTest - Consuming 4244 byte(s) from file cleric_heala_target_c.ddj with size 4244 
07:15:16.014 [main] DEBUG org.sokybot.pk2.Pk2CryptoUtils - File cleric_praisep_ability_a.ddj is not encrypted , flags not exists
07:15:16.014 [main] INFO org.soky.sro.pk2.io.Pk2IOTest - Consuming 4244 byte(s) from file cleric_praisep_ability_a.ddj with size 4244 
07:15:16.014 [main] DEBUG org.sokybot.pk2.Pk2CryptoUtils - File cleric_praisep_damage_a.ddj is not encrypted , flags not exists
07:15:16.014 [main] INFO org.soky.sro.pk2.io.Pk2IOTest - Consuming 4244 byte(s) from file cleric_praisep_damage_a.ddj with size 4244 
07:15:16.014 [main] DEBUG org.sokybot.pk2.Pk2CryptoUtils - File cleric_praisep_damage_b.ddj is not encrypted , flags not exists
07:15:16.015 [main] INFO org.soky.sro.pk2.io.Pk2IOTest - Consuming 4244 byte(s) from file cleric_praisep_damage_b.ddj with size 4244 
07:15:16.015 [main] DEBUG org.sokybot.pk2.Pk2CryptoUtils - File cleric_praisep_heal_a.ddj is not encrypted , flags not exists
07:15:16.015 [main] INFO org.soky.sro.pk2.io.Pk2IOTest - Consuming 4244 byte(s) from file cleric_praisep_heal_a.ddj with size 4244 
07:15:16.015 [main] DEBUG org.sokybot.pk2.Pk2CryptoUtils - File cleric_praisep_heal_b.ddj is not encrypted , flags not exists
07:15:16.015 [main] INFO org.soky.sro.pk2.io.Pk2IOTest - Consuming 4244 byte(s) from file cleric_praisep_heal_b.ddj with size 4244 
07:15:16.015 [main] DEBUG org.sokybot.pk2.Pk2CryptoUtils - File cleric_praisep_mana_a.ddj is not encrypted , flags not exists
07:15:16.015 [main] INFO org.soky.sro.pk2.io.Pk2IOTest - Consuming 2196 byte(s) from file cleric_praisep_mana_a.ddj with size 2196 
07:15:16.015 [main] DEBUG org.sokybot.pk2.Pk2CryptoUtils - File cleric_rebirtha_group_a.ddj is not encrypted , flags not exists
07:15:16.015 [main] INFO org.soky.sro.pk2.io.Pk2IOTest - Consuming 4244 byte(s) from file cleric_rebirtha_group_a.ddj with size 4244 
07:15:16.015 [main] DEBUG org.sokybot.pk2.Pk2CryptoUtils - File cleric_rebirtha_group_b.ddj is not encrypted , flags not exists
07:15:16.015 [main] INFO org.soky.sro.pk2.io.Pk2IOTest - Consuming 4244 byte(s) from file cleric_rebirtha_group_b.ddj with size 4244 
07:15:16.016 [main] DEBUG org.sokybot.pk2.Pk2CryptoUtils - File cleric_rebirtha_special_a.ddj is not encrypted , flags not exists
07:15:16.016 [main] INFO org.soky.sro.pk2.io.Pk2IOTest - Consuming 4244 byte(s) from file cleric_rebirtha_special_a.ddj with size 4244 
07:15:16.016 [main] DEBUG org.sokybot.pk2.Pk2CryptoUtils - File cleric_rebirtha_special_a_buff.ddj is not encrypted , flags not exists
07:15:16.016 [main] INFO org.soky.sro.pk2.io.Pk2IOTest - Consuming 4244 byte(s) from file cleric_rebirtha_special_a_buff.ddj with size 4244 
07:15:16.016 [main] DEBUG org.sokybot.pk2.Pk2CryptoUtils - File cleric_rebirtha_special_b.ddj is not encrypted , flags not exists
07:15:16.016 [main] INFO org.soky.sro.pk2.io.Pk2IOTest - Consuming 4244 byte(s) from file cleric_rebirtha_special_b.ddj with size 4244 
07:15:16.016 [main] DEBUG org.sokybot.pk2.Pk2CryptoUtils - File cleric_rebirtha_special_b_buff.ddj is not encrypted , flags not exists
07:15:16.016 [main] INFO org.soky.sro.pk2.io.Pk2IOTest - Consuming 4244 byte(s) from file cleric_rebirtha_special_b_buff.ddj with size 4244 
07:15:16.016 [main] DEBUG org.sokybot.pk2.Pk2CryptoUtils - File cleric_rebirtha_target_a.ddj is not encrypted , flags not exists
07:15:16.016 [main] INFO org.soky.sro.pk2.io.Pk2IOTest - Consuming 4244 byte(s) from file cleric_rebirtha_target_a.ddj with size 4244 
07:15:16.016 [main] DEBUG org.sokybot.pk2.Pk2CryptoUtils - File cleric_rebirtha_target_b.ddj is not encrypted , flags not exists
07:15:16.016 [main] INFO org.soky.sro.pk2.io.Pk2IOTest - Consuming 4244 byte(s) from file cleric_rebirtha_target_b.ddj with size 4244 
07:15:16.017 [main] DEBUG org.sokybot.pk2.Pk2CryptoUtils - File cleric_rebirtha_target_c.ddj is not encrypted , flags not exists
07:15:16.017 [main] INFO org.soky.sro.pk2.io.Pk2IOTest - Consuming 4244 byte(s) from file cleric_rebirtha_target_c.ddj with size 4244 
07:15:16.017 [main] DEBUG org.sokybot.pk2.Pk2CryptoUtils - File cleric_recoverya_group_a.ddj is not encrypted , flags not exists
07:15:16.017 [main] INFO org.soky.sro.pk2.io.Pk2IOTest - Consuming 4244 byte(s) from file cleric_recoverya_group_a.ddj with size 4244 
07:15:16.017 [main] DEBUG org.sokybot.pk2.Pk2CryptoUtils - File cleric_recoverya_group_b.ddj is not encrypted , flags not exists
07:15:16.017 [main] INFO org.soky.sro.pk2.io.Pk2IOTest - Consuming 4244 byte(s) from file cleric_recoverya_group_b.ddj with size 4244 
07:15:16.017 [main] DEBUG org.sokybot.pk2.Pk2CryptoUtils - File cleric_recoverya_group_c.ddj is not encrypted , flags not exists
07:15:16.017 [main] INFO org.soky.sro.pk2.io.Pk2IOTest - Consuming 4244 byte(s) from file cleric_recoverya_group_c.ddj with size 4244 
07:15:16.017 [main] DEBUG org.sokybot.pk2.Pk2CryptoUtils - File cleric_recoverya_healshield_a.ddj is not encrypted , flags not exists
07:15:16.017 [main] INFO org.soky.sro.pk2.io.Pk2IOTest - Consuming 4244 byte(s) from file cleric_recoverya_healshield_a.ddj with size 4244 
07:15:16.017 [main] DEBUG org.sokybot.pk2.Pk2CryptoUtils - File cleric_recoverya_quick_a.ddj is not encrypted , flags not exists
07:15:16.018 [main] INFO org.soky.sro.pk2.io.Pk2IOTest - Consuming 4244 byte(s) from file cleric_recoverya_quick_a.ddj with size 4244 
07:15:16.018 [main] DEBUG org.sokybot.pk2.Pk2CryptoUtils - File cleric_recoverya_quick_b.ddj is not encrypted , flags not exists
07:15:16.018 [main] INFO org.soky.sro.pk2.io.Pk2IOTest - Consuming 4244 byte(s) from file cleric_recoverya_quick_b.ddj with size 4244 
07:15:16.018 [main] DEBUG org.sokybot.pk2.Pk2CryptoUtils - File cleric_recoverya_quick_c.ddj is not encrypted , flags not exists
07:15:16.018 [main] INFO org.soky.sro.pk2.io.Pk2IOTest - Consuming 4244 byte(s) from file cleric_recoverya_quick_c.ddj with size 4244 
07:15:16.018 [main] DEBUG org.sokybot.pk2.Pk2CryptoUtils - File cleric_recoverya_target_a.ddj is not encrypted , flags not exists
07:15:16.018 [main] INFO org.soky.sro.pk2.io.Pk2IOTest - Consuming 4244 byte(s) from file cleric_recoverya_target_a.ddj with size 4244 
07:15:16.018 [main] DEBUG org.sokybot.pk2.Pk2CryptoUtils - File cleric_recoverya_target_b.ddj is not encrypted , flags not exists
07:15:16.018 [main] INFO org.soky.sro.pk2.io.Pk2IOTest - Consuming 4244 byte(s) from file cleric_recoverya_target_b.ddj with size 4244 
07:15:16.018 [main] DEBUG org.sokybot.pk2.Pk2CryptoUtils - File cleric_recoverya_target_c.ddj is not encrypted , flags not exists
07:15:16.018 [main] INFO org.soky.sro.pk2.io.Pk2IOTest - Consuming 4244 byte(s) from file cleric_recoverya_target_c.ddj with size 4244 
07:15:16.018 [main] DEBUG org.sokybot.pk2.Pk2CryptoUtils - File cleric_sainta_abnormal_a.ddj is not encrypted , flags not exists
07:15:16.019 [main] INFO org.soky.sro.pk2.io.Pk2IOTest - Consuming 4244 byte(s) from file cleric_sainta_abnormal_a.ddj with size 4244 
07:15:16.019 [main] DEBUG org.sokybot.pk2.Pk2CryptoUtils - File cleric_sainta_abnormal_b.ddj is not encrypted , flags not exists
07:15:16.019 [main] INFO org.soky.sro.pk2.io.Pk2IOTest - Consuming 4244 byte(s) from file cleric_sainta_abnormal_b.ddj with size 4244 
07:15:16.019 [main] DEBUG org.sokybot.pk2.Pk2CryptoUtils - File cleric_sainta_innocent_a.ddj is not encrypted , flags not exists
07:15:16.019 [main] INFO org.soky.sro.pk2.io.Pk2IOTest - Consuming 4244 byte(s) from file cleric_sainta_innocent_a.ddj with size 4244 
07:15:16.019 [main] DEBUG org.sokybot.pk2.Pk2CryptoUtils - File cleric_sainta_innocent_b.ddj is not encrypted , flags not exists
07:15:16.019 [main] INFO org.soky.sro.pk2.io.Pk2IOTest - Consuming 4244 byte(s) from file cleric_sainta_innocent_b.ddj with size 4244 
07:15:16.019 [main] DEBUG org.sokybot.pk2.Pk2CryptoUtils - File rog_bowa_fast_a.ddj is not encrypted , flags not exists
07:15:16.019 [main] INFO org.soky.sro.pk2.io.Pk2IOTest - Consuming 4244 byte(s) from file rog_bowa_fast_a.ddj with size 4244 
07:15:16.019 [main] DEBUG org.sokybot.pk2.Pk2CryptoUtils - File rog_bowa_fast_b.ddj is not encrypted , flags not exists
07:15:16.019 [main] INFO org.soky.sro.pk2.io.Pk2IOTest - Consuming 4244 byte(s) from file rog_bowa_fast_b.ddj with size 4244 
07:15:16.020 [main] DEBUG org.sokybot.pk2.Pk2CryptoUtils - File rog_bowa_fast_c.ddj is not encrypted , flags not exists
07:15:16.020 [main] INFO org.soky.sro.pk2.io.Pk2IOTest - Consuming 4244 byte(s) from file rog_bowa_fast_c.ddj with size 4244 
07:15:16.020 [main] DEBUG org.sokybot.pk2.Pk2CryptoUtils - File rog_bowa_knock_a.ddj is not encrypted , flags not exists
07:15:16.020 [main] INFO org.soky.sro.pk2.io.Pk2IOTest - Consuming 4244 byte(s) from file rog_bowa_knock_a.ddj with size 4244 
07:15:16.020 [main] DEBUG org.sokybot.pk2.Pk2CryptoUtils - File rog_bowa_knock_b.ddj is not encrypted , flags not exists
07:15:16.020 [main] INFO org.soky.sro.pk2.io.Pk2IOTest - Consuming 4244 byte(s) from file rog_bowa_knock_b.ddj with size 4244 
07:15:16.020 [main] DEBUG org.sokybot.pk2.Pk2CryptoUtils - File rog_bowa_knock_c.ddj is not encrypted , flags not exists
07:15:16.020 [main] INFO org.soky.sro.pk2.io.Pk2IOTest - Consuming 4244 byte(s) from file rog_bowa_knock_c.ddj with size 4244 
07:15:16.020 [main] DEBUG org.sokybot.pk2.Pk2CryptoUtils - File rog_bowa_power_a.ddj is not encrypted , flags not exists
07:15:16.020 [main] INFO org.soky.sro.pk2.io.Pk2IOTest - Consuming 4244 byte(s) from file rog_bowa_power_a.ddj with size 4244 
07:15:16.020 [main] DEBUG org.sokybot.pk2.Pk2CryptoUtils - File rog_bowa_power_b.ddj is not encrypted , flags not exists
07:15:16.021 [main] INFO org.soky.sro.pk2.io.Pk2IOTest - Consuming 4244 byte(s) from file rog_bowa_power_b.ddj with size 4244 
07:15:16.021 [main] DEBUG org.sokybot.pk2.Pk2CryptoUtils - File rog_bowa_power_c.ddj is not encrypted , flags not exists
07:15:16.021 [main] INFO org.soky.sro.pk2.io.Pk2IOTest - Consuming 4244 byte(s) from file rog_bowa_power_c.ddj with size 4244 
07:15:16.021 [main] DEBUG org.sokybot.pk2.Pk2CryptoUtils - File rog_bowa_range_a.ddj is not encrypted , flags not exists
07:15:16.021 [main] INFO org.soky.sro.pk2.io.Pk2IOTest - Consuming 4244 byte(s) from file rog_bowa_range_a.ddj with size 4244 
07:15:16.021 [main] DEBUG org.sokybot.pk2.Pk2CryptoUtils - File rog_bowa_range_b.ddj is not encrypted , flags not exists
07:15:16.021 [main] INFO org.soky.sro.pk2.io.Pk2IOTest - Consuming 4244 byte(s) from file rog_bowa_range_b.ddj with size 4244 
07:15:16.021 [main] DEBUG org.sokybot.pk2.Pk2CryptoUtils - File rog_bowa_range_c.ddj is not encrypted , flags not exists
07:15:16.021 [main] INFO org.soky.sro.pk2.io.Pk2IOTest - Consuming 4244 byte(s) from file rog_bowa_range_c.ddj with size 4244 
07:15:16.021 [main] DEBUG org.sokybot.pk2.Pk2CryptoUtils - File rog_bowp_absorb_a.ddj is not encrypted , flags not exists
07:15:16.021 [main] INFO org.soky.sro.pk2.io.Pk2IOTest - Consuming 4244 byte(s) from file rog_bowp_absorb_a.ddj with size 4244 
07:15:16.021 [main] DEBUG org.sokybot.pk2.Pk2CryptoUtils - File rog_bowp_damage_a.ddj is not encrypted , flags not exists
07:15:16.022 [main] INFO org.soky.sro.pk2.io.Pk2IOTest - Consuming 4244 byte(s) from file rog_bowp_damage_a.ddj with size 4244 
07:15:16.022 [main] DEBUG org.sokybot.pk2.Pk2CryptoUtils - File rog_bowp_damage_b.ddj is not encrypted , flags not exists
07:15:16.022 [main] INFO org.soky.sro.pk2.io.Pk2IOTest - Consuming 4244 byte(s) from file rog_bowp_damage_b.ddj with size 4244 
07:15:16.022 [main] DEBUG org.sokybot.pk2.Pk2CryptoUtils - File rog_bowp_mad_bow_up_a.ddj is not encrypted , flags not exists
07:15:16.022 [main] INFO org.soky.sro.pk2.io.Pk2IOTest - Consuming 4244 byte(s) from file rog_bowp_mad_bow_up_a.ddj with size 4244 
07:15:16.022 [main] DEBUG org.sokybot.pk2.Pk2CryptoUtils - File rog_bowp_mad_bow_up_b.ddj is not encrypted , flags not exists
07:15:16.022 [main] INFO org.soky.sro.pk2.io.Pk2IOTest - Consuming 4244 byte(s) from file rog_bowp_mad_bow_up_b.ddj with size 4244 
07:15:16.022 [main] DEBUG org.sokybot.pk2.Pk2CryptoUtils - File rog_bowp_range_a.ddj is not encrypted , flags not exists
07:15:16.022 [main] INFO org.soky.sro.pk2.io.Pk2IOTest - Consuming 4244 byte(s) from file rog_bowp_range_a.ddj with size 4244 
07:15:16.023 [main] DEBUG org.sokybot.pk2.Pk2CryptoUtils - File rog_daggera_chain_a.ddj is not encrypted , flags not exists
07:15:16.023 [main] INFO org.soky.sro.pk2.io.Pk2IOTest - Consuming 4244 byte(s) from file rog_daggera_chain_a.ddj with size 4244 
07:15:16.023 [main] DEBUG org.sokybot.pk2.Pk2CryptoUtils - File rog_daggera_chain_b.ddj is not encrypted , flags not exists
07:15:16.023 [main] INFO org.soky.sro.pk2.io.Pk2IOTest - Consuming 4244 byte(s) from file rog_daggera_chain_b.ddj with size 4244 
07:15:16.023 [main] DEBUG org.sokybot.pk2.Pk2CryptoUtils - File rog_daggera_screw_a.ddj is not encrypted , flags not exists
07:15:16.023 [main] INFO org.soky.sro.pk2.io.Pk2IOTest - Consuming 4244 byte(s) from file rog_daggera_screw_a.ddj with size 4244 
07:15:16.023 [main] DEBUG org.sokybot.pk2.Pk2CryptoUtils - File rog_daggera_screw_b.ddj is not encrypted , flags not exists
07:15:16.023 [main] INFO org.soky.sro.pk2.io.Pk2IOTest - Consuming 4244 byte(s) from file rog_daggera_screw_b.ddj with size 4244 
07:15:16.023 [main] DEBUG org.sokybot.pk2.Pk2CryptoUtils - File rog_daggera_slash_a.ddj is not encrypted , flags not exists
07:15:16.023 [main] INFO org.soky.sro.pk2.io.Pk2IOTest - Consuming 4244 byte(s) from file rog_daggera_slash_a.ddj with size 4244 
07:15:16.023 [main] DEBUG org.sokybot.pk2.Pk2CryptoUtils - File rog_daggera_slash_b.ddj is not encrypted , flags not exists
07:15:16.024 [main] INFO org.soky.sro.pk2.io.Pk2IOTest - Consuming 4244 byte(s) from file rog_daggera_slash_b.ddj with size 4244 
07:15:16.024 [main] DEBUG org.sokybot.pk2.Pk2CryptoUtils - File rog_daggera_slash_c.ddj is not encrypted , flags not exists
07:15:16.024 [main] INFO org.soky.sro.pk2.io.Pk2IOTest - Consuming 4244 byte(s) from file rog_daggera_slash_c.ddj with size 4244 
07:15:16.024 [main] DEBUG org.sokybot.pk2.Pk2CryptoUtils - File rog_daggera_speed_a.ddj is not encrypted , flags not exists
07:15:16.024 [main] INFO org.soky.sro.pk2.io.Pk2IOTest - Consuming 4244 byte(s) from file rog_daggera_speed_a.ddj with size 4244 
07:15:16.024 [main] DEBUG org.sokybot.pk2.Pk2CryptoUtils - File rog_daggera_wound_a.ddj is not encrypted , flags not exists
07:15:16.024 [main] INFO org.soky.sro.pk2.io.Pk2IOTest - Consuming 4244 byte(s) from file rog_daggera_wound_a.ddj with size 4244 
07:15:16.024 [main] DEBUG org.sokybot.pk2.Pk2CryptoUtils - File rog_daggera_wound_b.ddj is not encrypted , flags not exists
07:15:16.024 [main] INFO org.soky.sro.pk2.io.Pk2IOTest - Consuming 4244 byte(s) from file rog_daggera_wound_b.ddj with size 4244 
07:15:16.024 [main] DEBUG org.sokybot.pk2.Pk2CryptoUtils - File rog_daggera_wound_c.ddj is not encrypted , flags not exists
07:15:16.024 [main] INFO org.soky.sro.pk2.io.Pk2IOTest - Consuming 4244 byte(s) from file rog_daggera_wound_c.ddj with size 4244 
07:15:16.025 [main] DEBUG org.sokybot.pk2.Pk2CryptoUtils - File rog_poisona_blade_a.ddj is not encrypted , flags not exists
07:15:16.025 [main] INFO org.soky.sro.pk2.io.Pk2IOTest - Consuming 4244 byte(s) from file rog_poisona_blade_a.ddj with size 4244 
07:15:16.025 [main] DEBUG org.sokybot.pk2.Pk2CryptoUtils - File rog_poisona_blade_b.ddj is not encrypted , flags not exists
07:15:16.025 [main] INFO org.soky.sro.pk2.io.Pk2IOTest - Consuming 4244 byte(s) from file rog_poisona_blade_b.ddj with size 4244 
07:15:16.025 [main] DEBUG org.sokybot.pk2.Pk2CryptoUtils - File rog_poisona_blade_c.ddj is not encrypted , flags not exists
07:15:16.025 [main] INFO org.soky.sro.pk2.io.Pk2IOTest - Consuming 4244 byte(s) from file rog_poisona_blade_c.ddj with size 4244 
07:15:16.025 [main] DEBUG org.sokybot.pk2.Pk2CryptoUtils - File rog_poisona_field_a.ddj is not encrypted , flags not exists
07:15:16.025 [main] INFO org.soky.sro.pk2.io.Pk2IOTest - Consuming 4244 byte(s) from file rog_poisona_field_a.ddj with size 4244 
07:15:16.025 [main] DEBUG org.sokybot.pk2.Pk2CryptoUtils - File rog_poisona_field_b.ddj is not encrypted , flags not exists
07:15:16.025 [main] INFO org.soky.sro.pk2.io.Pk2IOTest - Consuming 4244 byte(s) from file rog_poisona_field_b.ddj with size 4244 
07:15:16.025 [main] DEBUG org.sokybot.pk2.Pk2CryptoUtils - File rog_poisona_guard_a.ddj is not encrypted , flags not exists
07:15:16.025 [main] INFO org.soky.sro.pk2.io.Pk2IOTest - Consuming 4244 byte(s) from file rog_poisona_guard_a.ddj with size 4244 
07:15:16.026 [main] DEBUG org.sokybot.pk2.Pk2CryptoUtils - File rog_poisona_guard_b.ddj is not encrypted , flags not exists
07:15:16.026 [main] INFO org.soky.sro.pk2.io.Pk2IOTest - Consuming 4244 byte(s) from file rog_poisona_guard_b.ddj with size 4244 
07:15:16.026 [main] DEBUG org.sokybot.pk2.Pk2CryptoUtils - File rog_poisona_guard_c.ddj is not encrypted , flags not exists
07:15:16.026 [main] INFO org.soky.sro.pk2.io.Pk2IOTest - Consuming 4244 byte(s) from file rog_poisona_guard_c.ddj with size 4244 
07:15:16.026 [main] DEBUG org.sokybot.pk2.Pk2CryptoUtils - File rog_poisona_round_a.ddj is not encrypted , flags not exists
07:15:16.026 [main] INFO org.soky.sro.pk2.io.Pk2IOTest - Consuming 4244 byte(s) from file rog_poisona_round_a.ddj with size 4244 
07:15:16.026 [main] DEBUG org.sokybot.pk2.Pk2CryptoUtils - File rog_poisona_round_b.ddj is not encrypted , flags not exists
07:15:16.026 [main] INFO org.soky.sro.pk2.io.Pk2IOTest - Consuming 4244 byte(s) from file rog_poisona_round_b.ddj with size 4244 
07:15:16.026 [main] DEBUG org.sokybot.pk2.Pk2CryptoUtils - File rog_poisona_round_c.ddj is not encrypted , flags not exists
07:15:16.026 [main] INFO org.soky.sro.pk2.io.Pk2IOTest - Consuming 4244 byte(s) from file rog_poisona_round_c.ddj with size 4244 
07:15:16.026 [main] DEBUG org.sokybot.pk2.Pk2CryptoUtils - File rog_pois_dagp_daggar_up_a.ddj is not encrypted , flags not exists
07:15:16.026 [main] INFO org.soky.sro.pk2.io.Pk2IOTest - Consuming 4244 byte(s) from file rog_pois_dagp_daggar_up_a.ddj with size 4244 
07:15:16.027 [main] DEBUG org.sokybot.pk2.Pk2CryptoUtils - File rog_pois_dagp_daggar_up_b.ddj is not encrypted , flags not exists
07:15:16.027 [main] INFO org.soky.sro.pk2.io.Pk2IOTest - Consuming 4244 byte(s) from file rog_pois_dagp_daggar_up_b.ddj with size 4244 
07:15:16.027 [main] DEBUG org.sokybot.pk2.Pk2CryptoUtils - File rog_pois_dagp_damage_a.ddj is not encrypted , flags not exists
07:15:16.027 [main] INFO org.soky.sro.pk2.io.Pk2IOTest - Consuming 4244 byte(s) from file rog_pois_dagp_damage_a.ddj with size 4244 
07:15:16.027 [main] DEBUG org.sokybot.pk2.Pk2CryptoUtils - File rog_pois_dagp_damage_b.ddj is not encrypted , flags not exists
07:15:16.027 [main] INFO org.soky.sro.pk2.io.Pk2IOTest - Consuming 4244 byte(s) from file rog_pois_dagp_damage_b.ddj with size 4244 
07:15:16.027 [main] DEBUG org.sokybot.pk2.Pk2CryptoUtils - File rog_pois_dagp_hitrate_a.ddj is not encrypted , flags not exists
07:15:16.027 [main] INFO org.soky.sro.pk2.io.Pk2IOTest - Consuming 4244 byte(s) from file rog_pois_dagp_hitrate_a.ddj with size 4244 
07:15:16.027 [main] DEBUG org.sokybot.pk2.Pk2CryptoUtils - File rog_pois_dagp_maintain_a.ddj is not encrypted , flags not exists
07:15:16.027 [main] INFO org.soky.sro.pk2.io.Pk2IOTest - Consuming 4244 byte(s) from file rog_pois_dagp_maintain_a.ddj with size 4244 
07:15:16.027 [main] DEBUG org.sokybot.pk2.Pk2CryptoUtils - File rog_pois_dagp_poison_a.ddj is not encrypted , flags not exists
07:15:16.028 [main] INFO org.soky.sro.pk2.io.Pk2IOTest - Consuming 4244 byte(s) from file rog_pois_dagp_poison_a.ddj with size 4244 
07:15:16.028 [main] DEBUG org.sokybot.pk2.Pk2CryptoUtils - File rog_pois_dagp_poison_b.ddj is not encrypted , flags not exists
07:15:16.028 [main] INFO org.soky.sro.pk2.io.Pk2IOTest - Consuming 4244 byte(s) from file rog_pois_dagp_poison_b.ddj with size 4244 
07:15:16.028 [main] DEBUG org.sokybot.pk2.Pk2CryptoUtils - File rog_stealtha_attack_a.ddj is not encrypted , flags not exists
07:15:16.028 [main] INFO org.soky.sro.pk2.io.Pk2IOTest - Consuming 4244 byte(s) from file rog_stealtha_attack_a.ddj with size 4244 
07:15:16.028 [main] DEBUG org.sokybot.pk2.Pk2CryptoUtils - File rog_stealtha_attack_b.ddj is not encrypted , flags not exists
07:15:16.028 [main] INFO org.soky.sro.pk2.io.Pk2IOTest - Consuming 4244 byte(s) from file rog_stealtha_attack_b.ddj with size 4244 
07:15:16.028 [main] DEBUG org.sokybot.pk2.Pk2CryptoUtils - File rog_stealtha_change_a.ddj is not encrypted , flags not exists
07:15:16.028 [main] INFO org.soky.sro.pk2.io.Pk2IOTest - Consuming 4244 byte(s) from file rog_stealtha_change_a.ddj with size 4244 
07:15:16.028 [main] DEBUG org.sokybot.pk2.Pk2CryptoUtils - File rog_stealtha_change_b.ddj is not encrypted , flags not exists
07:15:16.028 [main] INFO org.soky.sro.pk2.io.Pk2IOTest - Consuming 4244 byte(s) from file rog_stealtha_change_b.ddj with size 4244 
07:15:16.029 [main] DEBUG org.sokybot.pk2.Pk2CryptoUtils - File rog_stealtha_detect_a.ddj is not encrypted , flags not exists
07:15:16.029 [main] INFO org.soky.sro.pk2.io.Pk2IOTest - Consuming 4244 byte(s) from file rog_stealtha_detect_a.ddj with size 4244 
07:15:16.029 [main] DEBUG org.sokybot.pk2.Pk2CryptoUtils - File rog_stealtha_detect_b.ddj is not encrypted , flags not exists
07:15:16.029 [main] INFO org.soky.sro.pk2.io.Pk2IOTest - Consuming 4244 byte(s) from file rog_stealtha_detect_b.ddj with size 4244 
07:15:16.029 [main] DEBUG org.sokybot.pk2.Pk2CryptoUtils - File rog_stealtha_detect_c.ddj is not encrypted , flags not exists
07:15:16.029 [main] INFO org.soky.sro.pk2.io.Pk2IOTest - Consuming 4244 byte(s) from file rog_stealtha_detect_c.ddj with size 4244 
07:15:16.029 [main] DEBUG org.sokybot.pk2.Pk2CryptoUtils - File rog_stealtha_hiding_a.ddj is not encrypted , flags not exists
07:15:16.029 [main] INFO org.soky.sro.pk2.io.Pk2IOTest - Consuming 4244 byte(s) from file rog_stealtha_hiding_a.ddj with size 4244 
07:15:16.029 [main] DEBUG org.sokybot.pk2.Pk2CryptoUtils - File rog_stealtha_hiding_b.ddj is not encrypted , flags not exists
07:15:16.029 [main] INFO org.soky.sro.pk2.io.Pk2IOTest - Consuming 4244 byte(s) from file rog_stealtha_hiding_b.ddj with size 4244 
07:15:16.029 [main] DEBUG org.sokybot.pk2.Pk2CryptoUtils - File rog_stealtha_hiding_c.ddj is not encrypted , flags not exists
07:15:16.029 [main] INFO org.soky.sro.pk2.io.Pk2IOTest - Consuming 4244 byte(s) from file rog_stealtha_hiding_c.ddj with size 4244 
07:15:16.030 [main] DEBUG org.sokybot.pk2.Pk2CryptoUtils - File rog_stealtha_point_a.ddj is not encrypted , flags not exists
07:15:16.030 [main] INFO org.soky.sro.pk2.io.Pk2IOTest - Consuming 4244 byte(s) from file rog_stealtha_point_a.ddj with size 4244 
07:15:16.030 [main] DEBUG org.sokybot.pk2.Pk2CryptoUtils - File rog_stealtha_point_b.ddj is not encrypted , flags not exists
07:15:16.030 [main] INFO org.soky.sro.pk2.io.Pk2IOTest - Consuming 4244 byte(s) from file rog_stealtha_point_b.ddj with size 4244 
07:15:16.030 [main] DEBUG org.sokybot.pk2.Pk2CryptoUtils - File rog_stealthp_damage_a.ddj is not encrypted , flags not exists
07:15:16.030 [main] INFO org.soky.sro.pk2.io.Pk2IOTest - Consuming 4244 byte(s) from file rog_stealthp_damage_a.ddj with size 4244 
07:15:16.030 [main] DEBUG org.sokybot.pk2.Pk2CryptoUtils - File rog_stealthp_damage_b.ddj is not encrypted , flags not exists
07:15:16.030 [main] INFO org.soky.sro.pk2.io.Pk2IOTest - Consuming 4244 byte(s) from file rog_stealthp_damage_b.ddj with size 4244 
07:15:16.030 [main] DEBUG org.sokybot.pk2.Pk2CryptoUtils - File rog_stealthp_mspeed_a.ddj is not encrypted , flags not exists
07:15:16.030 [main] INFO org.soky.sro.pk2.io.Pk2IOTest - Consuming 4244 byte(s) from file rog_stealthp_mspeed_a.ddj with size 4244 
07:15:16.031 [main] DEBUG org.sokybot.pk2.Pk2CryptoUtils - File rog_stealthp_time_a.ddj is not encrypted , flags not exists
07:15:16.031 [main] INFO org.soky.sro.pk2.io.Pk2IOTest - Consuming 4244 byte(s) from file rog_stealthp_time_a.ddj with size 4244 
07:15:16.031 [main] DEBUG org.sokybot.pk2.Pk2CryptoUtils - File rog_throwa_dagger_a.ddj is not encrypted , flags not exists
07:15:16.031 [main] INFO org.soky.sro.pk2.io.Pk2IOTest - Consuming 4244 byte(s) from file rog_throwa_dagger_a.ddj with size 4244 
07:15:16.031 [main] DEBUG org.sokybot.pk2.Pk2CryptoUtils - File rog_transforma_duple_a.ddj is not encrypted , flags not exists
07:15:16.031 [main] INFO org.soky.sro.pk2.io.Pk2IOTest - Consuming 4244 byte(s) from file rog_transforma_duple_a.ddj with size 4244 
07:15:16.031 [main] DEBUG org.sokybot.pk2.Pk2CryptoUtils - File rog_transforma_duple_b.ddj is not encrypted , flags not exists
07:15:16.031 [main] INFO org.soky.sro.pk2.io.Pk2IOTest - Consuming 4244 byte(s) from file rog_transforma_duple_b.ddj with size 4244 
07:15:16.031 [main] DEBUG org.sokybot.pk2.Pk2CryptoUtils - File rog_transforma_mask_a.ddj is not encrypted , flags not exists
07:15:16.031 [main] INFO org.soky.sro.pk2.io.Pk2IOTest - Consuming 4244 byte(s) from file rog_transforma_mask_a.ddj with size 4244 
07:15:16.032 [main] DEBUG org.sokybot.pk2.Pk2CryptoUtils - File rog_transforma_mask_b.ddj is not encrypted , flags not exists
07:15:16.032 [main] INFO org.soky.sro.pk2.io.Pk2IOTest - Consuming 4244 byte(s) from file rog_transforma_mask_b.ddj with size 4244 
07:15:16.032 [main] DEBUG org.sokybot.pk2.Pk2CryptoUtils - File rog_transforma_mask_c.ddj is not encrypted , flags not exists
07:15:16.032 [main] INFO org.soky.sro.pk2.io.Pk2IOTest - Consuming 4244 byte(s) from file rog_transforma_mask_c.ddj with size 4244 
07:15:16.032 [main] DEBUG org.sokybot.pk2.Pk2CryptoUtils - File warlock_blooda_explosion_a.ddj is not encrypted , flags not exists
07:15:16.032 [main] INFO org.soky.sro.pk2.io.Pk2IOTest - Consuming 2196 byte(s) from file warlock_blooda_explosion_a.ddj with size 2196 
07:15:16.032 [main] DEBUG org.sokybot.pk2.Pk2CryptoUtils - File warlock_blooda_explosion_b.ddj is not encrypted , flags not exists
07:15:16.032 [main] INFO org.soky.sro.pk2.io.Pk2IOTest - Consuming 4244 byte(s) from file warlock_blooda_explosion_b.ddj with size 4244 
07:15:16.032 [main] DEBUG org.sokybot.pk2.Pk2CryptoUtils - File warlock_blooda_lifedrain_a.ddj is not encrypted , flags not exists
07:15:16.032 [main] INFO org.soky.sro.pk2.io.Pk2IOTest - Consuming 4244 byte(s) from file warlock_blooda_lifedrain_a.ddj with size 4244 
07:15:16.032 [main] DEBUG org.sokybot.pk2.Pk2CryptoUtils - File warlock_blooda_lifedrain_b.ddj is not encrypted , flags not exists
07:15:16.032 [main] INFO org.soky.sro.pk2.io.Pk2IOTest - Consuming 4244 byte(s) from file warlock_blooda_lifedrain_b.ddj with size 4244 
07:15:16.033 [main] DEBUG org.sokybot.pk2.Pk2CryptoUtils - File warlock_blooda_point_a.ddj is not encrypted , flags not exists
07:15:16.033 [main] INFO org.soky.sro.pk2.io.Pk2IOTest - Consuming 4244 byte(s) from file warlock_blooda_point_a.ddj with size 4244 
07:15:16.033 [main] DEBUG org.sokybot.pk2.Pk2CryptoUtils - File warlock_blooda_point_b.ddj is not encrypted , flags not exists
07:15:16.033 [main] INFO org.soky.sro.pk2.io.Pk2IOTest - Consuming 4244 byte(s) from file warlock_blooda_point_b.ddj with size 4244 
07:15:16.033 [main] DEBUG org.sokybot.pk2.Pk2CryptoUtils - File warlock_bloodp_damage_a.ddj is not encrypted , flags not exists
07:15:16.033 [main] INFO org.soky.sro.pk2.io.Pk2IOTest - Consuming 2196 byte(s) from file warlock_bloodp_damage_a.ddj with size 2196 
07:15:16.033 [main] DEBUG org.sokybot.pk2.Pk2CryptoUtils - File warlock_bloodp_damage_b.ddj is not encrypted , flags not exists
07:15:16.033 [main] INFO org.soky.sro.pk2.io.Pk2IOTest - Consuming 4244 byte(s) from file warlock_bloodp_damage_b.ddj with size 4244 
07:15:16.033 [main] DEBUG org.sokybot.pk2.Pk2CryptoUtils - File warlock_bloodp_increase_a.ddj is not encrypted , flags not exists
07:15:16.033 [main] INFO org.soky.sro.pk2.io.Pk2IOTest - Consuming 4244 byte(s) from file warlock_bloodp_increase_a.ddj with size 4244 
07:15:16.033 [main] DEBUG org.sokybot.pk2.Pk2CryptoUtils - File warlock_bloodp_increase_b.ddj is not encrypted , flags not exists
07:15:16.034 [main] INFO org.soky.sro.pk2.io.Pk2IOTest - Consuming 4244 byte(s) from file warlock_bloodp_increase_b.ddj with size 4244 
07:15:16.034 [main] DEBUG org.sokybot.pk2.Pk2CryptoUtils - File warlock_bloodp_trapdamage_a.ddj is not encrypted , flags not exists
07:15:16.034 [main] INFO org.soky.sro.pk2.io.Pk2IOTest - Consuming 4244 byte(s) from file warlock_bloodp_trapdamage_a.ddj with size 4244 
07:15:16.034 [main] DEBUG org.sokybot.pk2.Pk2CryptoUtils - File warlock_confusiona_aggrolow_a.ddj is not encrypted , flags not exists
07:15:16.034 [main] INFO org.soky.sro.pk2.io.Pk2IOTest - Consuming 4244 byte(s) from file warlock_confusiona_aggrolow_a.ddj with size 4244 
07:15:16.034 [main] DEBUG org.sokybot.pk2.Pk2CryptoUtils - File warlock_confusiona_aggrolow_b.ddj is not encrypted , flags not exists
07:15:16.034 [main] INFO org.soky.sro.pk2.io.Pk2IOTest - Consuming 4244 byte(s) from file warlock_confusiona_aggrolow_b.ddj with size 4244 
07:15:16.034 [main] DEBUG org.sokybot.pk2.Pk2CryptoUtils - File warlock_confusiona_heal_a.ddj is not encrypted , flags not exists
07:15:16.034 [main] INFO org.soky.sro.pk2.io.Pk2IOTest - Consuming 4244 byte(s) from file warlock_confusiona_heal_a.ddj with size 4244 
07:15:16.034 [main] DEBUG org.sokybot.pk2.Pk2CryptoUtils - File warlock_confusiona_heal_b.ddj is not encrypted , flags not exists
07:15:16.034 [main] INFO org.soky.sro.pk2.io.Pk2IOTest - Consuming 4244 byte(s) from file warlock_confusiona_heal_b.ddj with size 4244 
07:15:16.035 [main] DEBUG org.sokybot.pk2.Pk2CryptoUtils - File warlock_confusiona_illusion_a.ddj is not encrypted , flags not exists
07:15:16.035 [main] INFO org.soky.sro.pk2.io.Pk2IOTest - Consuming 4244 byte(s) from file warlock_confusiona_illusion_a.ddj with size 4244 
07:15:16.035 [main] DEBUG org.sokybot.pk2.Pk2CryptoUtils - File warlock_confusiona_illusion_b.ddj is not encrypted , flags not exists
07:15:16.035 [main] INFO org.soky.sro.pk2.io.Pk2IOTest - Consuming 4244 byte(s) from file warlock_confusiona_illusion_b.ddj with size 4244 
07:15:16.035 [main] DEBUG org.sokybot.pk2.Pk2CryptoUtils - File warlock_confusiona_range_a.ddj is not encrypted , flags not exists
07:15:16.035 [main] INFO org.soky.sro.pk2.io.Pk2IOTest - Consuming 4244 byte(s) from file warlock_confusiona_range_a.ddj with size 4244 
07:15:16.035 [main] DEBUG org.sokybot.pk2.Pk2CryptoUtils - File warlock_confusiona_range_b.ddj is not encrypted , flags not exists
07:15:16.035 [main] INFO org.soky.sro.pk2.io.Pk2IOTest - Consuming 4244 byte(s) from file warlock_confusiona_range_b.ddj with size 4244 
07:15:16.035 [main] DEBUG org.sokybot.pk2.Pk2CryptoUtils - File warlock_dota_blooding_a.ddj is not encrypted , flags not exists
07:15:16.035 [main] INFO org.soky.sro.pk2.io.Pk2IOTest - Consuming 4244 byte(s) from file warlock_dota_blooding_a.ddj with size 4244 
07:15:16.035 [main] DEBUG org.sokybot.pk2.Pk2CryptoUtils - File warlock_dota_blooding_b.ddj is not encrypted , flags not exists
07:15:16.036 [main] INFO org.soky.sro.pk2.io.Pk2IOTest - Consuming 4244 byte(s) from file warlock_dota_blooding_b.ddj with size 4244 
07:15:16.036 [main] DEBUG org.sokybot.pk2.Pk2CryptoUtils - File warlock_dota_burn_a.ddj is not encrypted , flags not exists
07:15:16.036 [main] INFO org.soky.sro.pk2.io.Pk2IOTest - Consuming 4244 byte(s) from file warlock_dota_burn_a.ddj with size 4244 
07:15:16.036 [main] DEBUG org.sokybot.pk2.Pk2CryptoUtils - File warlock_dota_burn_b.ddj is not encrypted , flags not exists
07:15:16.036 [main] INFO org.soky.sro.pk2.io.Pk2IOTest - Consuming 4244 byte(s) from file warlock_dota_burn_b.ddj with size 4244 
07:15:16.036 [main] DEBUG org.sokybot.pk2.Pk2CryptoUtils - File warlock_dota_disease_a.ddj is not encrypted , flags not exists
07:15:16.036 [main] INFO org.soky.sro.pk2.io.Pk2IOTest - Consuming 4244 byte(s) from file warlock_dota_disease_a.ddj with size 4244 
07:15:16.036 [main] DEBUG org.sokybot.pk2.Pk2CryptoUtils - File warlock_dota_disease_b.ddj is not encrypted , flags not exists
07:15:16.036 [main] INFO org.soky.sro.pk2.io.Pk2IOTest - Consuming 4244 byte(s) from file warlock_dota_disease_b.ddj with size 4244 
07:15:16.036 [main] DEBUG org.sokybot.pk2.Pk2CryptoUtils - File warlock_dota_poison_a.ddj is not encrypted , flags not exists
07:15:16.036 [main] INFO org.soky.sro.pk2.io.Pk2IOTest - Consuming 4244 byte(s) from file warlock_dota_poison_a.ddj with size 4244 
07:15:16.037 [main] DEBUG org.sokybot.pk2.Pk2CryptoUtils - File warlock_dota_poison_b.ddj is not encrypted , flags not exists
07:15:16.037 [main] INFO org.soky.sro.pk2.io.Pk2IOTest - Consuming 4244 byte(s) from file warlock_dota_poison_b.ddj with size 4244 
07:15:16.037 [main] DEBUG org.sokybot.pk2.Pk2CryptoUtils - File warlock_mindp_damage_a.ddj is not encrypted , flags not exists
07:15:16.037 [main] INFO org.soky.sro.pk2.io.Pk2IOTest - Consuming 4244 byte(s) from file warlock_mindp_damage_a.ddj with size 4244 
07:15:16.037 [main] DEBUG org.sokybot.pk2.Pk2CryptoUtils - File warlock_mindp_damage_b.ddj is not encrypted , flags not exists
07:15:16.037 [main] INFO org.soky.sro.pk2.io.Pk2IOTest - Consuming 4244 byte(s) from file warlock_mindp_damage_b.ddj with size 4244 
07:15:16.037 [main] DEBUG org.sokybot.pk2.Pk2CryptoUtils - File warlock_mindp_maintain_a.ddj is not encrypted , flags not exists
07:15:16.037 [main] INFO org.soky.sro.pk2.io.Pk2IOTest - Consuming 4244 byte(s) from file warlock_mindp_maintain_a.ddj with size 4244 
07:15:16.037 [main] DEBUG org.sokybot.pk2.Pk2CryptoUtils - File warlock_mindp_mana_decrease_a.ddj is not encrypted , flags not exists
07:15:16.037 [main] INFO org.soky.sro.pk2.io.Pk2IOTest - Consuming 4244 byte(s) from file warlock_mindp_mana_decrease_a.ddj with size 4244 
07:15:16.037 [main] DEBUG org.sokybot.pk2.Pk2CryptoUtils - File warlock_razea_damage_up_a.ddj is not encrypted , flags not exists
07:15:16.038 [main] INFO org.soky.sro.pk2.io.Pk2IOTest - Consuming 4244 byte(s) from file warlock_razea_damage_up_a.ddj with size 4244 
07:15:16.038 [main] DEBUG org.sokybot.pk2.Pk2CryptoUtils - File warlock_razea_int_a.ddj is not encrypted , flags not exists
07:15:16.038 [main] INFO org.soky.sro.pk2.io.Pk2IOTest - Consuming 4244 byte(s) from file warlock_razea_int_a.ddj with size 4244 
07:15:16.038 [main] DEBUG org.sokybot.pk2.Pk2CryptoUtils - File warlock_razea_int_b.ddj is not encrypted , flags not exists
07:15:16.038 [main] INFO org.soky.sro.pk2.io.Pk2IOTest - Consuming 4244 byte(s) from file warlock_razea_int_b.ddj with size 4244 
07:15:16.038 [main] DEBUG org.sokybot.pk2.Pk2CryptoUtils - File warlock_razea_magical_a.ddj is not encrypted , flags not exists
07:15:16.038 [main] INFO org.soky.sro.pk2.io.Pk2IOTest - Consuming 4244 byte(s) from file warlock_razea_magical_a.ddj with size 4244 
07:15:16.038 [main] DEBUG org.sokybot.pk2.Pk2CryptoUtils - File warlock_razea_magical_b.ddj is not encrypted , flags not exists
07:15:16.038 [main] INFO org.soky.sro.pk2.io.Pk2IOTest - Consuming 4244 byte(s) from file warlock_razea_magical_b.ddj with size 4244 
07:15:16.038 [main] DEBUG org.sokybot.pk2.Pk2CryptoUtils - File warlock_razea_physical_a.ddj is not encrypted , flags not exists
07:15:16.038 [main] INFO org.soky.sro.pk2.io.Pk2IOTest - Consuming 4244 byte(s) from file warlock_razea_physical_a.ddj with size 4244 
07:15:16.039 [main] DEBUG org.sokybot.pk2.Pk2CryptoUtils - File warlock_razea_physical_b.ddj is not encrypted , flags not exists
07:15:16.039 [main] INFO org.soky.sro.pk2.io.Pk2IOTest - Consuming 4244 byte(s) from file warlock_razea_physical_b.ddj with size 4244 
07:15:16.039 [main] DEBUG org.sokybot.pk2.Pk2CryptoUtils - File warlock_razea_phy_mag_a.ddj is not encrypted , flags not exists
07:15:16.039 [main] INFO org.soky.sro.pk2.io.Pk2IOTest - Consuming 4244 byte(s) from file warlock_razea_phy_mag_a.ddj with size 4244 
07:15:16.039 [main] DEBUG org.sokybot.pk2.Pk2CryptoUtils - File warlock_razea_str_a.ddj is not encrypted , flags not exists
07:15:16.039 [main] INFO org.soky.sro.pk2.io.Pk2IOTest - Consuming 4244 byte(s) from file warlock_razea_str_a.ddj with size 4244 
07:15:16.039 [main] DEBUG org.sokybot.pk2.Pk2CryptoUtils - File warlock_razea_str_b.ddj is not encrypted , flags not exists
07:15:16.039 [main] INFO org.soky.sro.pk2.io.Pk2IOTest - Consuming 4244 byte(s) from file warlock_razea_str_b.ddj with size 4244 
07:15:16.039 [main] DEBUG org.sokybot.pk2.Pk2CryptoUtils - File warlock_razea_str_int_a.ddj is not encrypted , flags not exists
07:15:16.039 [main] INFO org.soky.sro.pk2.io.Pk2IOTest - Consuming 4244 byte(s) from file warlock_razea_str_int_a.ddj with size 4244 
07:15:16.039 [main] DEBUG org.sokybot.pk2.Pk2CryptoUtils - File warlock_soula_chaos_a.ddj is not encrypted , flags not exists
07:15:16.040 [main] INFO org.soky.sro.pk2.io.Pk2IOTest - Consuming 4244 byte(s) from file warlock_soula_chaos_a.ddj with size 4244 
07:15:16.040 [main] DEBUG org.sokybot.pk2.Pk2CryptoUtils - File warlock_soula_chaos_b.ddj is not encrypted , flags not exists
07:15:16.040 [main] INFO org.soky.sro.pk2.io.Pk2IOTest - Consuming 4244 byte(s) from file warlock_soula_chaos_b.ddj with size 4244 
07:15:16.040 [main] DEBUG org.sokybot.pk2.Pk2CryptoUtils - File warlock_soula_chaos_c.ddj is not encrypted , flags not exists
07:15:16.040 [main] INFO org.soky.sro.pk2.io.Pk2IOTest - Consuming 4244 byte(s) from file warlock_soula_chaos_c.ddj with size 4244 
07:15:16.040 [main] DEBUG org.sokybot.pk2.Pk2CryptoUtils - File warlock_soula_mez_a.ddj is not encrypted , flags not exists
07:15:16.040 [main] INFO org.soky.sro.pk2.io.Pk2IOTest - Consuming 4244 byte(s) from file warlock_soula_mez_a.ddj with size 4244 
07:15:16.040 [main] DEBUG org.sokybot.pk2.Pk2CryptoUtils - File warlock_soula_mez_b.ddj is not encrypted , flags not exists
07:15:16.040 [main] INFO org.soky.sro.pk2.io.Pk2IOTest - Consuming 4244 byte(s) from file warlock_soula_mez_b.ddj with size 4244 
07:15:16.040 [main] DEBUG org.sokybot.pk2.Pk2CryptoUtils - File warlock_soula_return_a.ddj is not encrypted , flags not exists
07:15:16.040 [main] INFO org.soky.sro.pk2.io.Pk2IOTest - Consuming 4244 byte(s) from file warlock_soula_return_a.ddj with size 4244 
07:15:16.041 [main] DEBUG org.sokybot.pk2.Pk2CryptoUtils - File warlock_soula_return_b.ddj is not encrypted , flags not exists
07:15:16.041 [main] INFO org.soky.sro.pk2.io.Pk2IOTest - Consuming 4244 byte(s) from file warlock_soula_return_b.ddj with size 4244 
07:15:16.041 [main] DEBUG org.sokybot.pk2.Pk2CryptoUtils - File warlock_soula_stunlink_a.ddj is not encrypted , flags not exists
07:15:16.041 [main] INFO org.soky.sro.pk2.io.Pk2IOTest - Consuming 4244 byte(s) from file warlock_soula_stunlink_a.ddj with size 4244 
07:15:16.041 [main] DEBUG org.sokybot.pk2.Pk2CryptoUtils - File warlock_soula_stunlink_b.ddj is not encrypted , flags not exists
07:15:16.041 [main] INFO org.soky.sro.pk2.io.Pk2IOTest - Consuming 4244 byte(s) from file warlock_soula_stunlink_b.ddj with size 4244 
07:15:16.041 [main] DEBUG org.sokybot.pk2.Pk2CryptoUtils - File warlock_soula_stun_a.ddj is not encrypted , flags not exists
07:15:16.041 [main] INFO org.soky.sro.pk2.io.Pk2IOTest - Consuming 4244 byte(s) from file warlock_soula_stun_a.ddj with size 4244 
07:15:16.041 [main] DEBUG org.sokybot.pk2.Pk2CryptoUtils - File warlock_soula_stun_b.ddj is not encrypted , flags not exists
07:15:16.041 [main] INFO org.soky.sro.pk2.io.Pk2IOTest - Consuming 4244 byte(s) from file warlock_soula_stun_b.ddj with size 4244 
07:15:16.042 [main] DEBUG org.sokybot.pk2.Pk2CryptoUtils - File warlock_spellp_dmg_up_dfs_down_a.ddj is not encrypted , flags not exists
07:15:16.042 [main] INFO org.soky.sro.pk2.io.Pk2IOTest - Consuming 4244 byte(s) from file warlock_spellp_dmg_up_dfs_down_a.ddj with size 4244 
07:15:16.042 [main] DEBUG org.sokybot.pk2.Pk2CryptoUtils - File warlock_spellp_party_hwan_up_a.ddj is not encrypted , flags not exists
07:15:16.042 [main] INFO org.soky.sro.pk2.io.Pk2IOTest - Consuming 4244 byte(s) from file warlock_spellp_party_hwan_up_a.ddj with size 4244 
07:15:16.042 [main] DEBUG org.sokybot.pk2.Pk2CryptoUtils - File warrior_duala_counter_a.ddj is not encrypted , flags not exists
07:15:16.042 [main] INFO org.soky.sro.pk2.io.Pk2IOTest - Consuming 4244 byte(s) from file warrior_duala_counter_a.ddj with size 4244 
07:15:16.042 [main] DEBUG org.sokybot.pk2.Pk2CryptoUtils - File warrior_duala_counter_b.ddj is not encrypted , flags not exists
07:15:16.042 [main] INFO org.soky.sro.pk2.io.Pk2IOTest - Consuming 4244 byte(s) from file warrior_duala_counter_b.ddj with size 4244 
07:15:16.042 [main] DEBUG org.sokybot.pk2.Pk2CryptoUtils - File warrior_duala_counter_c.ddj is not encrypted , flags not exists
07:15:16.042 [main] INFO org.soky.sro.pk2.io.Pk2IOTest - Consuming 4244 byte(s) from file warrior_duala_counter_c.ddj with size 4244 
07:15:16.042 [main] DEBUG org.sokybot.pk2.Pk2CryptoUtils - File warrior_duala_cross_a.ddj is not encrypted , flags not exists
07:15:16.042 [main] INFO org.soky.sro.pk2.io.Pk2IOTest - Consuming 4244 byte(s) from file warrior_duala_cross_a.ddj with size 4244 
07:15:16.043 [main] DEBUG org.sokybot.pk2.Pk2CryptoUtils - File warrior_duala_cross_b.ddj is not encrypted , flags not exists
07:15:16.043 [main] INFO org.soky.sro.pk2.io.Pk2IOTest - Consuming 4244 byte(s) from file warrior_duala_cross_b.ddj with size 4244 
07:15:16.043 [main] DEBUG org.sokybot.pk2.Pk2CryptoUtils - File warrior_duala_stun_a.ddj is not encrypted , flags not exists
07:15:16.043 [main] INFO org.soky.sro.pk2.io.Pk2IOTest - Consuming 4244 byte(s) from file warrior_duala_stun_a.ddj with size 4244 
07:15:16.043 [main] DEBUG org.sokybot.pk2.Pk2CryptoUtils - File warrior_duala_twist_a.ddj is not encrypted , flags not exists
07:15:16.043 [main] INFO org.soky.sro.pk2.io.Pk2IOTest - Consuming 4244 byte(s) from file warrior_duala_twist_a.ddj with size 4244 
07:15:16.043 [main] DEBUG org.sokybot.pk2.Pk2CryptoUtils - File warrior_duala_twist_b.ddj is not encrypted , flags not exists
07:15:16.043 [main] INFO org.soky.sro.pk2.io.Pk2IOTest - Consuming 4244 byte(s) from file warrior_duala_twist_b.ddj with size 4244 
07:15:16.043 [main] DEBUG org.sokybot.pk2.Pk2CryptoUtils - File warrior_duala_twist_c.ddj is not encrypted , flags not exists
07:15:16.043 [main] INFO org.soky.sro.pk2.io.Pk2IOTest - Consuming 4244 byte(s) from file warrior_duala_twist_c.ddj with size 4244 
07:15:16.043 [main] DEBUG org.sokybot.pk2.Pk2CryptoUtils - File warrior_duala_whirlwind_a.ddj is not encrypted , flags not exists
07:15:16.044 [main] INFO org.soky.sro.pk2.io.Pk2IOTest - Consuming 4244 byte(s) from file warrior_duala_whirlwind_a.ddj with size 4244 
07:15:16.044 [main] DEBUG org.sokybot.pk2.Pk2CryptoUtils - File warrior_duala_whirlwind_b.ddj is not encrypted , flags not exists
07:15:16.044 [main] INFO org.soky.sro.pk2.io.Pk2IOTest - Consuming 4244 byte(s) from file warrior_duala_whirlwind_b.ddj with size 4244 
07:15:16.044 [main] DEBUG org.sokybot.pk2.Pk2CryptoUtils - File warrior_duala_whirlwind_c.ddj is not encrypted , flags not exists
07:15:16.044 [main] INFO org.soky.sro.pk2.io.Pk2IOTest - Consuming 4244 byte(s) from file warrior_duala_whirlwind_c.ddj with size 4244 
07:15:16.044 [main] DEBUG org.sokybot.pk2.Pk2CryptoUtils - File warrior_dualp_abnormal_a.ddj is not encrypted , flags not exists
07:15:16.044 [main] INFO org.soky.sro.pk2.io.Pk2IOTest - Consuming 4244 byte(s) from file warrior_dualp_abnormal_a.ddj with size 4244 
07:15:16.044 [main] DEBUG org.sokybot.pk2.Pk2CryptoUtils - File warrior_dualp_abnormal_b.ddj is not encrypted , flags not exists
07:15:16.044 [main] INFO org.soky.sro.pk2.io.Pk2IOTest - Consuming 4244 byte(s) from file warrior_dualp_abnormal_b.ddj with size 4244 
07:15:16.044 [main] DEBUG org.sokybot.pk2.Pk2CryptoUtils - File warrior_dualp_attack_a.ddj is not encrypted , flags not exists
07:15:16.044 [main] INFO org.soky.sro.pk2.io.Pk2IOTest - Consuming 4244 byte(s) from file warrior_dualp_attack_a.ddj with size 4244 
07:15:16.045 [main] DEBUG org.sokybot.pk2.Pk2CryptoUtils - File warrior_dualp_attack_b.ddj is not encrypted , flags not exists
07:15:16.045 [main] INFO org.soky.sro.pk2.io.Pk2IOTest - Consuming 4244 byte(s) from file warrior_dualp_attack_b.ddj with size 4244 
07:15:16.045 [main] DEBUG org.sokybot.pk2.Pk2CryptoUtils - File warrior_dualp_hitrate_a.ddj is not encrypted , flags not exists
07:15:16.045 [main] INFO org.soky.sro.pk2.io.Pk2IOTest - Consuming 4244 byte(s) from file warrior_dualp_hitrate_a.ddj with size 4244 
07:15:16.045 [main] DEBUG org.sokybot.pk2.Pk2CryptoUtils - File warrior_frenzya_all_block_a.ddj is not encrypted , flags not exists
07:15:16.045 [main] INFO org.soky.sro.pk2.io.Pk2IOTest - Consuming 4244 byte(s) from file warrior_frenzya_all_block_a.ddj with size 4244 
07:15:16.045 [main] DEBUG org.sokybot.pk2.Pk2CryptoUtils - File warrior_frenzya_damage_a.ddj is not encrypted , flags not exists
07:15:16.045 [main] INFO org.soky.sro.pk2.io.Pk2IOTest - Consuming 4244 byte(s) from file warrior_frenzya_damage_a.ddj with size 4244 
07:15:16.045 [main] DEBUG org.sokybot.pk2.Pk2CryptoUtils - File warrior_frenzya_damage_b.ddj is not encrypted , flags not exists
07:15:16.045 [main] INFO org.soky.sro.pk2.io.Pk2IOTest - Consuming 4244 byte(s) from file warrior_frenzya_damage_b.ddj with size 4244 
07:15:16.045 [main] DEBUG org.sokybot.pk2.Pk2CryptoUtils - File warrior_frenzya_defense_a.ddj is not encrypted , flags not exists
07:15:16.046 [main] INFO org.soky.sro.pk2.io.Pk2IOTest - Consuming 4244 byte(s) from file warrior_frenzya_defense_a.ddj with size 4244 
07:15:16.046 [main] DEBUG org.sokybot.pk2.Pk2CryptoUtils - File warrior_frenzya_defense_b.ddj is not encrypted , flags not exists
07:15:16.046 [main] INFO org.soky.sro.pk2.io.Pk2IOTest - Consuming 4244 byte(s) from file warrior_frenzya_defense_b.ddj with size 4244 
07:15:16.046 [main] DEBUG org.sokybot.pk2.Pk2CryptoUtils - File warrior_frenzya_detect_a.ddj is not encrypted , flags not exists
07:15:16.046 [main] INFO org.soky.sro.pk2.io.Pk2IOTest - Consuming 4244 byte(s) from file warrior_frenzya_detect_a.ddj with size 4244 
07:15:16.046 [main] DEBUG org.sokybot.pk2.Pk2CryptoUtils - File warrior_frenzya_health_a.ddj is not encrypted , flags not exists
07:15:16.046 [main] INFO org.soky.sro.pk2.io.Pk2IOTest - Consuming 4244 byte(s) from file warrior_frenzya_health_a.ddj with size 4244 
07:15:16.046 [main] DEBUG org.sokybot.pk2.Pk2CryptoUtils - File warrior_frenzya_health_b.ddj is not encrypted , flags not exists
07:15:16.046 [main] INFO org.soky.sro.pk2.io.Pk2IOTest - Consuming 4244 byte(s) from file warrior_frenzya_health_b.ddj with size 4244 
07:15:16.046 [main] DEBUG org.sokybot.pk2.Pk2CryptoUtils - File warrior_frenzya_masical_block_a.ddj is not encrypted , flags not exists
07:15:16.046 [main] INFO org.soky.sro.pk2.io.Pk2IOTest - Consuming 4244 byte(s) from file warrior_frenzya_masical_block_a.ddj with size 4244 
07:15:16.047 [main] DEBUG org.sokybot.pk2.Pk2CryptoUtils - File warrior_frenzya_physical_block_a.ddj is not encrypted , flags not exists
07:15:16.047 [main] INFO org.soky.sro.pk2.io.Pk2IOTest - Consuming 4244 byte(s) from file warrior_frenzya_physical_block_a.ddj with size 4244 
07:15:16.047 [main] DEBUG org.sokybot.pk2.Pk2CryptoUtils - File warrior_frenzya_tount_a.ddj is not encrypted , flags not exists
07:15:16.047 [main] INFO org.soky.sro.pk2.io.Pk2IOTest - Consuming 4244 byte(s) from file warrior_frenzya_tount_a.ddj with size 4244 
07:15:16.047 [main] DEBUG org.sokybot.pk2.Pk2CryptoUtils - File warrior_frenzya_tount_area_a.ddj is not encrypted , flags not exists
07:15:16.047 [main] INFO org.soky.sro.pk2.io.Pk2IOTest - Consuming 4244 byte(s) from file warrior_frenzya_tount_area_a.ddj with size 4244 
07:15:16.047 [main] DEBUG org.sokybot.pk2.Pk2CryptoUtils - File warrior_frenzya_tount_area_b.ddj is not encrypted , flags not exists
07:15:16.047 [main] INFO org.soky.sro.pk2.io.Pk2IOTest - Consuming 4244 byte(s) from file warrior_frenzya_tount_area_b.ddj with size 4244 
07:15:16.047 [main] DEBUG org.sokybot.pk2.Pk2CryptoUtils - File warrior_frenzya_tount_sprint.ddj is not encrypted , flags not exists
07:15:16.047 [main] INFO org.soky.sro.pk2.io.Pk2IOTest - Consuming 2196 byte(s) from file warrior_frenzya_tount_sprint.ddj with size 2196 
07:15:16.047 [main] DEBUG org.sokybot.pk2.Pk2CryptoUtils - File warrior_frenzya_tount_sprint_a.ddj is not encrypted , flags not exists
07:15:16.047 [main] INFO org.soky.sro.pk2.io.Pk2IOTest - Consuming 4244 byte(s) from file warrior_frenzya_tount_sprint_a.ddj with size 4244 
07:15:16.048 [main] DEBUG org.sokybot.pk2.Pk2CryptoUtils - File warrior_frenzya_tount_sprint_b.ddj is not encrypted , flags not exists
07:15:16.048 [main] INFO org.soky.sro.pk2.io.Pk2IOTest - Consuming 4244 byte(s) from file warrior_frenzya_tount_sprint_b.ddj with size 4244 
07:15:16.048 [main] DEBUG org.sokybot.pk2.Pk2CryptoUtils - File warrior_guarda_aggro_a.ddj is not encrypted , flags not exists
07:15:16.048 [main] INFO org.soky.sro.pk2.io.Pk2IOTest - Consuming 4244 byte(s) from file warrior_guarda_aggro_a.ddj with size 4244 
07:15:16.048 [main] DEBUG org.sokybot.pk2.Pk2CryptoUtils - File warrior_guarda_all_block_a.ddj is not encrypted , flags not exists
07:15:16.048 [main] INFO org.soky.sro.pk2.io.Pk2IOTest - Consuming 4244 byte(s) from file warrior_guarda_all_block_a.ddj with size 4244 
07:15:16.048 [main] DEBUG org.sokybot.pk2.Pk2CryptoUtils - File warrior_guarda_all_block_b.ddj is not encrypted , flags not exists
07:15:16.048 [main] INFO org.soky.sro.pk2.io.Pk2IOTest - Consuming 4244 byte(s) from file warrior_guarda_all_block_b.ddj with size 4244 
07:15:16.048 [main] DEBUG org.sokybot.pk2.Pk2CryptoUtils - File warrior_guarda_divide_a.ddj is not encrypted , flags not exists
07:15:16.048 [main] INFO org.soky.sro.pk2.io.Pk2IOTest - Consuming 4244 byte(s) from file warrior_guarda_divide_a.ddj with size 4244 
07:15:16.049 [main] DEBUG org.sokybot.pk2.Pk2CryptoUtils - File warrior_guarda_intercept_a.ddj is not encrypted , flags not exists
07:15:16.049 [main] INFO org.soky.sro.pk2.io.Pk2IOTest - Consuming 4244 byte(s) from file warrior_guarda_intercept_a.ddj with size 4244 
07:15:16.049 [main] DEBUG org.sokybot.pk2.Pk2CryptoUtils - File warrior_guarda_magic_a.ddj is not encrypted , flags not exists
07:15:16.049 [main] INFO org.soky.sro.pk2.io.Pk2IOTest - Consuming 4244 byte(s) from file warrior_guarda_magic_a.ddj with size 4244 
07:15:16.049 [main] DEBUG org.sokybot.pk2.Pk2CryptoUtils - File warrior_guarda_magic_block_a.ddj is not encrypted , flags not exists
07:15:16.049 [main] INFO org.soky.sro.pk2.io.Pk2IOTest - Consuming 4244 byte(s) from file warrior_guarda_magic_block_a.ddj with size 4244 
07:15:16.049 [main] DEBUG org.sokybot.pk2.Pk2CryptoUtils - File warrior_guarda_physical_a.ddj is not encrypted , flags not exists
07:15:16.049 [main] INFO org.soky.sro.pk2.io.Pk2IOTest - Consuming 4244 byte(s) from file warrior_guarda_physical_a.ddj with size 4244 
07:15:16.049 [main] DEBUG org.sokybot.pk2.Pk2CryptoUtils - File warrior_onehanda_critical_a.ddj is not encrypted , flags not exists
07:15:16.049 [main] INFO org.soky.sro.pk2.io.Pk2IOTest - Consuming 4244 byte(s) from file warrior_onehanda_critical_a.ddj with size 4244 
07:15:16.049 [main] DEBUG org.sokybot.pk2.Pk2CryptoUtils - File warrior_onehanda_critical_b.ddj is not encrypted , flags not exists
07:15:16.050 [main] INFO org.soky.sro.pk2.io.Pk2IOTest - Consuming 4244 byte(s) from file warrior_onehanda_critical_b.ddj with size 4244 
07:15:16.050 [main] DEBUG org.sokybot.pk2.Pk2CryptoUtils - File warrior_onehanda_critical_c.ddj is not encrypted , flags not exists
07:15:16.050 [main] INFO org.soky.sro.pk2.io.Pk2IOTest - Consuming 4244 byte(s) from file warrior_onehanda_critical_c.ddj with size 4244 
07:15:16.050 [main] DEBUG org.sokybot.pk2.Pk2CryptoUtils - File warrior_onehanda_pierce_a.ddj is not encrypted , flags not exists
07:15:16.050 [main] INFO org.soky.sro.pk2.io.Pk2IOTest - Consuming 4244 byte(s) from file warrior_onehanda_pierce_a.ddj with size 4244 
07:15:16.050 [main] DEBUG org.sokybot.pk2.Pk2CryptoUtils - File warrior_onehanda_pierce_b.ddj is not encrypted , flags not exists
07:15:16.050 [main] INFO org.soky.sro.pk2.io.Pk2IOTest - Consuming 4244 byte(s) from file warrior_onehanda_pierce_b.ddj with size 4244 
07:15:16.050 [main] DEBUG org.sokybot.pk2.Pk2CryptoUtils - File warrior_onehanda_pierce_c.ddj is not encrypted , flags not exists
07:15:16.050 [main] INFO org.soky.sro.pk2.io.Pk2IOTest - Consuming 4244 byte(s) from file warrior_onehanda_pierce_c.ddj with size 4244 
07:15:16.050 [main] DEBUG org.sokybot.pk2.Pk2CryptoUtils - File warrior_onehanda_shield_a.ddj is not encrypted , flags not exists
07:15:16.051 [main] INFO org.soky.sro.pk2.io.Pk2IOTest - Consuming 4244 byte(s) from file warrior_onehanda_shield_a.ddj with size 4244 
07:15:16.051 [main] DEBUG org.sokybot.pk2.Pk2CryptoUtils - File warrior_onehanda_shield_b.ddj is not encrypted , flags not exists
07:15:16.051 [main] INFO org.soky.sro.pk2.io.Pk2IOTest - Consuming 4244 byte(s) from file warrior_onehanda_shield_b.ddj with size 4244 
07:15:16.051 [main] DEBUG org.sokybot.pk2.Pk2CryptoUtils - File warrior_onehanda_shield_c.ddj is not encrypted , flags not exists
07:15:16.051 [main] INFO org.soky.sro.pk2.io.Pk2IOTest - Consuming 4244 byte(s) from file warrior_onehanda_shield_c.ddj with size 4244 
07:15:16.051 [main] DEBUG org.sokybot.pk2.Pk2CryptoUtils - File warrior_onehanda_strike_a.ddj is not encrypted , flags not exists
07:15:16.051 [main] INFO org.soky.sro.pk2.io.Pk2IOTest - Consuming 4244 byte(s) from file warrior_onehanda_strike_a.ddj with size 4244 
07:15:16.051 [main] DEBUG org.sokybot.pk2.Pk2CryptoUtils - File warrior_onehanda_strike_b.ddj is not encrypted , flags not exists
07:15:16.051 [main] INFO org.soky.sro.pk2.io.Pk2IOTest - Consuming 4244 byte(s) from file warrior_onehanda_strike_b.ddj with size 4244 
07:15:16.051 [main] DEBUG org.sokybot.pk2.Pk2CryptoUtils - File warrior_shieldp_attack_a.ddj is not encrypted , flags not exists
07:15:16.052 [main] INFO org.soky.sro.pk2.io.Pk2IOTest - Consuming 4244 byte(s) from file warrior_shieldp_attack_a.ddj with size 4244 
07:15:16.052 [main] DEBUG org.sokybot.pk2.Pk2CryptoUtils - File warrior_shieldp_attack_b.ddj is not encrypted , flags not exists
07:15:16.052 [main] INFO org.soky.sro.pk2.io.Pk2IOTest - Consuming 4244 byte(s) from file warrior_shieldp_attack_b.ddj with size 4244 
07:15:16.052 [main] DEBUG org.sokybot.pk2.Pk2CryptoUtils - File warrior_shieldp_block_a.ddj is not encrypted , flags not exists
07:15:16.052 [main] INFO org.soky.sro.pk2.io.Pk2IOTest - Consuming 4244 byte(s) from file warrior_shieldp_block_a.ddj with size 4244 
07:15:16.052 [main] DEBUG org.sokybot.pk2.Pk2CryptoUtils - File warrior_shieldp_criticaldown_a.ddj is not encrypted , flags not exists
07:15:16.052 [main] INFO org.soky.sro.pk2.io.Pk2IOTest - Consuming 4244 byte(s) from file warrior_shieldp_criticaldown_a.ddj with size 4244 
07:15:16.052 [main] DEBUG org.sokybot.pk2.Pk2CryptoUtils - File warrior_shieldp_defense_a.ddj is not encrypted , flags not exists
07:15:16.052 [main] INFO org.soky.sro.pk2.io.Pk2IOTest - Consuming 4244 byte(s) from file warrior_shieldp_defense_a.ddj with size 4244 
07:15:16.052 [main] DEBUG org.sokybot.pk2.Pk2CryptoUtils - File warrior_shieldp_defense_b.ddj is not encrypted , flags not exists
07:15:16.052 [main] INFO org.soky.sro.pk2.io.Pk2IOTest - Consuming 4244 byte(s) from file warrior_shieldp_defense_b.ddj with size 4244 
07:15:16.053 [main] DEBUG org.sokybot.pk2.Pk2CryptoUtils - File warrior_twohanda_charge_a.ddj is not encrypted , flags not exists
07:15:16.053 [main] INFO org.soky.sro.pk2.io.Pk2IOTest - Consuming 4244 byte(s) from file warrior_twohanda_charge_a.ddj with size 4244 
07:15:16.053 [main] DEBUG org.sokybot.pk2.Pk2CryptoUtils - File warrior_twohanda_charge_b.ddj is not encrypted , flags not exists
07:15:16.053 [main] INFO org.soky.sro.pk2.io.Pk2IOTest - Consuming 4244 byte(s) from file warrior_twohanda_charge_b.ddj with size 4244 
07:15:16.053 [main] DEBUG org.sokybot.pk2.Pk2CryptoUtils - File warrior_twohanda_charge_c.ddj is not encrypted , flags not exists
07:15:16.053 [main] INFO org.soky.sro.pk2.io.Pk2IOTest - Consuming 4244 byte(s) from file warrior_twohanda_charge_c.ddj with size 4244 
07:15:16.053 [main] DEBUG org.sokybot.pk2.Pk2CryptoUtils - File warrior_twohanda_cry_a.ddj is not encrypted , flags not exists
07:15:16.053 [main] INFO org.soky.sro.pk2.io.Pk2IOTest - Consuming 4244 byte(s) from file warrior_twohanda_cry_a.ddj with size 4244 
07:15:16.053 [main] DEBUG org.sokybot.pk2.Pk2CryptoUtils - File warrior_twohanda_cry_b.ddj is not encrypted , flags not exists
07:15:16.053 [main] INFO org.soky.sro.pk2.io.Pk2IOTest - Consuming 4244 byte(s) from file warrior_twohanda_cry_b.ddj with size 4244 
07:15:16.053 [main] DEBUG org.sokybot.pk2.Pk2CryptoUtils - File warrior_twohanda_cry_c.ddj is not encrypted , flags not exists
07:15:16.053 [main] INFO org.soky.sro.pk2.io.Pk2IOTest - Consuming 4244 byte(s) from file warrior_twohanda_cry_c.ddj with size 4244 
07:15:16.054 [main] DEBUG org.sokybot.pk2.Pk2CryptoUtils - File warrior_twohanda_dash_a.ddj is not encrypted , flags not exists
07:15:16.054 [main] INFO org.soky.sro.pk2.io.Pk2IOTest - Consuming 4244 byte(s) from file warrior_twohanda_dash_a.ddj with size 4244 
07:15:16.054 [main] DEBUG org.sokybot.pk2.Pk2CryptoUtils - File warrior_twohanda_dash_b.ddj is not encrypted , flags not exists
07:15:16.054 [main] INFO org.soky.sro.pk2.io.Pk2IOTest - Consuming 4244 byte(s) from file warrior_twohanda_dash_b.ddj with size 4244 
07:15:16.054 [main] DEBUG org.sokybot.pk2.Pk2CryptoUtils - File warrior_twohanda_down_a.ddj is not encrypted , flags not exists
07:15:16.054 [main] INFO org.soky.sro.pk2.io.Pk2IOTest - Consuming 2196 byte(s) from file warrior_twohanda_down_a.ddj with size 2196 
07:15:16.054 [main] DEBUG org.sokybot.pk2.Pk2CryptoUtils - File warrior_twohanda_rising_a.ddj is not encrypted , flags not exists
07:15:16.054 [main] INFO org.soky.sro.pk2.io.Pk2IOTest - Consuming 4244 byte(s) from file warrior_twohanda_rising_a.ddj with size 4244 
07:15:16.054 [main] DEBUG org.sokybot.pk2.Pk2CryptoUtils - File warrior_twohanda_rising_b.ddj is not encrypted , flags not exists
07:15:16.054 [main] INFO org.soky.sro.pk2.io.Pk2IOTest - Consuming 4244 byte(s) from file warrior_twohanda_rising_b.ddj with size 4244 
07:15:16.055 [main] DEBUG org.sokybot.pk2.Pk2CryptoUtils - File warrior_twohandp_attack_a.ddj is not encrypted , flags not exists
07:15:16.055 [main] INFO org.soky.sro.pk2.io.Pk2IOTest - Consuming 4244 byte(s) from file warrior_twohandp_attack_a.ddj with size 4244 
07:15:16.055 [main] DEBUG org.sokybot.pk2.Pk2CryptoUtils - File warrior_twohandp_attack_b.ddj is not encrypted , flags not exists
07:15:16.055 [main] INFO org.soky.sro.pk2.io.Pk2IOTest - Consuming 4244 byte(s) from file warrior_twohandp_attack_b.ddj with size 4244 
07:15:16.055 [main] DEBUG org.sokybot.pk2.Pk2CryptoUtils - File warrior_twohandp_criticalup_a.ddj is not encrypted , flags not exists
07:15:16.055 [main] INFO org.soky.sro.pk2.io.Pk2IOTest - Consuming 4244 byte(s) from file warrior_twohandp_criticalup_a.ddj with size 4244 
07:15:16.055 [main] DEBUG org.sokybot.pk2.Pk2CryptoUtils - File warrior_twohandp_return_a.ddj is not encrypted , flags not exists
07:15:16.055 [main] INFO org.soky.sro.pk2.io.Pk2IOTest - Consuming 4244 byte(s) from file warrior_twohandp_return_a.ddj with size 4244 
07:15:16.055 [main] DEBUG org.sokybot.pk2.Pk2CryptoUtils - File wizard_colda_area_a.ddj is not encrypted , flags not exists
07:15:16.055 [main] INFO org.soky.sro.pk2.io.Pk2IOTest - Consuming 4244 byte(s) from file wizard_colda_area_a.ddj with size 4244 
07:15:16.055 [main] DEBUG org.sokybot.pk2.Pk2CryptoUtils - File wizard_colda_area_b.ddj is not encrypted , flags not exists
07:15:16.055 [main] INFO org.soky.sro.pk2.io.Pk2IOTest - Consuming 4244 byte(s) from file wizard_colda_area_b.ddj with size 4244 
07:15:16.056 [main] DEBUG org.sokybot.pk2.Pk2CryptoUtils - File wizard_colda_area_c.ddj is not encrypted , flags not exists
07:15:16.056 [main] INFO org.soky.sro.pk2.io.Pk2IOTest - Consuming 4244 byte(s) from file wizard_colda_area_c.ddj with size 4244 
07:15:16.056 [main] DEBUG org.sokybot.pk2.Pk2CryptoUtils - File wizard_colda_invisible_a.ddj is not encrypted , flags not exists
07:15:16.056 [main] INFO org.soky.sro.pk2.io.Pk2IOTest - Consuming 4244 byte(s) from file wizard_colda_invisible_a.ddj with size 4244 
07:15:16.056 [main] DEBUG org.sokybot.pk2.Pk2CryptoUtils - File wizard_colda_invisible_b.ddj is not encrypted , flags not exists
07:15:16.056 [main] INFO org.soky.sro.pk2.io.Pk2IOTest - Consuming 4244 byte(s) from file wizard_colda_invisible_b.ddj with size 4244 
07:15:16.056 [main] DEBUG org.sokybot.pk2.Pk2CryptoUtils - File wizard_colda_manadry_a.ddj is not encrypted , flags not exists
07:15:16.056 [main] INFO org.soky.sro.pk2.io.Pk2IOTest - Consuming 4244 byte(s) from file wizard_colda_manadry_a.ddj with size 4244 
07:15:16.057 [main] DEBUG org.sokybot.pk2.Pk2CryptoUtils - File wizard_colda_manadry_b.ddj is not encrypted , flags not exists
07:15:16.057 [main] INFO org.soky.sro.pk2.io.Pk2IOTest - Consuming 4244 byte(s) from file wizard_colda_manadry_b.ddj with size 4244 
07:15:16.057 [main] DEBUG org.sokybot.pk2.Pk2CryptoUtils - File wizard_colda_manadry_c.ddj is not encrypted , flags not exists
07:15:16.057 [main] INFO org.soky.sro.pk2.io.Pk2IOTest - Consuming 4244 byte(s) from file wizard_colda_manadry_c.ddj with size 4244 
07:15:16.057 [main] DEBUG org.sokybot.pk2.Pk2CryptoUtils - File wizard_colda_point_a.ddj is not encrypted , flags not exists
07:15:16.057 [main] INFO org.soky.sro.pk2.io.Pk2IOTest - Consuming 4244 byte(s) from file wizard_colda_point_a.ddj with size 4244 
07:15:16.057 [main] DEBUG org.sokybot.pk2.Pk2CryptoUtils - File wizard_colda_point_b.ddj is not encrypted , flags not exists
07:15:16.057 [main] INFO org.soky.sro.pk2.io.Pk2IOTest - Consuming 4244 byte(s) from file wizard_colda_point_b.ddj with size 4244 
07:15:16.057 [main] DEBUG org.sokybot.pk2.Pk2CryptoUtils - File wizard_colda_point_c.ddj is not encrypted , flags not exists
07:15:16.057 [main] INFO org.soky.sro.pk2.io.Pk2IOTest - Consuming 4244 byte(s) from file wizard_colda_point_c.ddj with size 4244 
07:15:16.057 [main] DEBUG org.sokybot.pk2.Pk2CryptoUtils - File wizard_eartha_abnormal_a.ddj is not encrypted , flags not exists
07:15:16.057 [main] INFO org.soky.sro.pk2.io.Pk2IOTest - Consuming 4244 byte(s) from file wizard_eartha_abnormal_a.ddj with size 4244 
07:15:16.058 [main] DEBUG org.sokybot.pk2.Pk2CryptoUtils - File wizard_eartha_abnormal_b.ddj is not encrypted , flags not exists
07:15:16.058 [main] INFO org.soky.sro.pk2.io.Pk2IOTest - Consuming 4244 byte(s) from file wizard_eartha_abnormal_b.ddj with size 4244 
07:15:16.058 [main] DEBUG org.sokybot.pk2.Pk2CryptoUtils - File wizard_eartha_area_a.ddj is not encrypted , flags not exists
07:15:16.058 [main] INFO org.soky.sro.pk2.io.Pk2IOTest - Consuming 4244 byte(s) from file wizard_eartha_area_a.ddj with size 4244 
07:15:16.058 [main] DEBUG org.sokybot.pk2.Pk2CryptoUtils - File wizard_eartha_area_b.ddj is not encrypted , flags not exists
07:15:16.058 [main] INFO org.soky.sro.pk2.io.Pk2IOTest - Consuming 4244 byte(s) from file wizard_eartha_area_b.ddj with size 4244 
07:15:16.058 [main] DEBUG org.sokybot.pk2.Pk2CryptoUtils - File wizard_eartha_area_c.ddj is not encrypted , flags not exists
07:15:16.058 [main] INFO org.soky.sro.pk2.io.Pk2IOTest - Consuming 4244 byte(s) from file wizard_eartha_area_c.ddj with size 4244 
07:15:16.058 [main] DEBUG org.sokybot.pk2.Pk2CryptoUtils - File wizard_eartha_guard_a.ddj is not encrypted , flags not exists
07:15:16.058 [main] INFO org.soky.sro.pk2.io.Pk2IOTest - Consuming 4244 byte(s) from file wizard_eartha_guard_a.ddj with size 4244 
07:15:16.058 [main] DEBUG org.sokybot.pk2.Pk2CryptoUtils - File wizard_eartha_guard_b.ddj is not encrypted , flags not exists
07:15:16.059 [main] INFO org.soky.sro.pk2.io.Pk2IOTest - Consuming 4244 byte(s) from file wizard_eartha_guard_b.ddj with size 4244 
07:15:16.059 [main] DEBUG org.sokybot.pk2.Pk2CryptoUtils - File wizard_eartha_point_a.ddj is not encrypted , flags not exists
07:15:16.059 [main] INFO org.soky.sro.pk2.io.Pk2IOTest - Consuming 4244 byte(s) from file wizard_eartha_point_a.ddj with size 4244 
07:15:16.059 [main] DEBUG org.sokybot.pk2.Pk2CryptoUtils - File wizard_eartha_point_b.ddj is not encrypted , flags not exists
07:15:16.059 [main] INFO org.soky.sro.pk2.io.Pk2IOTest - Consuming 4244 byte(s) from file wizard_eartha_point_b.ddj with size 4244 
07:15:16.059 [main] DEBUG org.sokybot.pk2.Pk2CryptoUtils - File wizard_eartha_point_c.ddj is not encrypted , flags not exists
07:15:16.059 [main] INFO org.soky.sro.pk2.io.Pk2IOTest - Consuming 4244 byte(s) from file wizard_eartha_point_c.ddj with size 4244 
07:15:16.059 [main] DEBUG org.sokybot.pk2.Pk2CryptoUtils - File wizard_firea_detect_a.ddj is not encrypted , flags not exists
07:15:16.059 [main] INFO org.soky.sro.pk2.io.Pk2IOTest - Consuming 4244 byte(s) from file wizard_firea_detect_a.ddj with size 4244 
07:15:16.059 [main] DEBUG org.sokybot.pk2.Pk2CryptoUtils - File wizard_firea_detect_b.ddj is not encrypted , flags not exists
07:15:16.059 [main] INFO org.soky.sro.pk2.io.Pk2IOTest - Consuming 4244 byte(s) from file wizard_firea_detect_b.ddj with size 4244 
07:15:16.059 [main] DEBUG org.sokybot.pk2.Pk2CryptoUtils - File wizard_firea_detect_c.ddj is not encrypted , flags not exists
07:15:16.060 [main] INFO org.soky.sro.pk2.io.Pk2IOTest - Consuming 4244 byte(s) from file wizard_firea_detect_c.ddj with size 4244 
07:15:16.060 [main] DEBUG org.sokybot.pk2.Pk2CryptoUtils - File wizard_firea_point_a.ddj is not encrypted , flags not exists
07:15:16.060 [main] INFO org.soky.sro.pk2.io.Pk2IOTest - Consuming 4244 byte(s) from file wizard_firea_point_a.ddj with size 4244 
07:15:16.060 [main] DEBUG org.sokybot.pk2.Pk2CryptoUtils - File wizard_firea_point_b.ddj is not encrypted , flags not exists
07:15:16.060 [main] INFO org.soky.sro.pk2.io.Pk2IOTest - Consuming 4244 byte(s) from file wizard_firea_point_b.ddj with size 4244 
07:15:16.060 [main] DEBUG org.sokybot.pk2.Pk2CryptoUtils - File wizard_firea_spray_a.ddj is not encrypted , flags not exists
07:15:16.060 [main] INFO org.soky.sro.pk2.io.Pk2IOTest - Consuming 4244 byte(s) from file wizard_firea_spray_a.ddj with size 4244 
07:15:16.060 [main] DEBUG org.sokybot.pk2.Pk2CryptoUtils - File wizard_firea_spray_b.ddj is not encrypted , flags not exists
07:15:16.060 [main] INFO org.soky.sro.pk2.io.Pk2IOTest - Consuming 4244 byte(s) from file wizard_firea_spray_b.ddj with size 4244 
07:15:16.060 [main] DEBUG org.sokybot.pk2.Pk2CryptoUtils - File wizard_firea_spray_c.ddj is not encrypted , flags not exists
07:15:16.060 [main] INFO org.soky.sro.pk2.io.Pk2IOTest - Consuming 4244 byte(s) from file wizard_firea_spray_c.ddj with size 4244 
07:15:16.061 [main] DEBUG org.sokybot.pk2.Pk2CryptoUtils - File wizard_firea_trap_a.ddj is not encrypted , flags not exists
07:15:16.061 [main] INFO org.soky.sro.pk2.io.Pk2IOTest - Consuming 4244 byte(s) from file wizard_firea_trap_a.ddj with size 4244 
07:15:16.061 [main] DEBUG org.sokybot.pk2.Pk2CryptoUtils - File wizard_firea_trap_b.ddj is not encrypted , flags not exists
07:15:16.061 [main] INFO org.soky.sro.pk2.io.Pk2IOTest - Consuming 4244 byte(s) from file wizard_firea_trap_b.ddj with size 4244 
07:15:16.061 [main] DEBUG org.sokybot.pk2.Pk2CryptoUtils - File wizard_firea_trap_c.ddj is not encrypted , flags not exists
07:15:16.061 [main] INFO org.soky.sro.pk2.io.Pk2IOTest - Consuming 4244 byte(s) from file wizard_firea_trap_c.ddj with size 4244 
07:15:16.061 [main] DEBUG org.sokybot.pk2.Pk2CryptoUtils - File wizard_manap_decrease_a.ddj is not encrypted , flags not exists
07:15:16.061 [main] INFO org.soky.sro.pk2.io.Pk2IOTest - Consuming 4244 byte(s) from file wizard_manap_decrease_a.ddj with size 4244 
07:15:16.061 [main] DEBUG org.sokybot.pk2.Pk2CryptoUtils - File wizard_manap_range_a.ddj is not encrypted , flags not exists
07:15:16.061 [main] INFO org.soky.sro.pk2.io.Pk2IOTest - Consuming 4244 byte(s) from file wizard_manap_range_a.ddj with size 4244 
07:15:16.061 [main] DEBUG org.sokybot.pk2.Pk2CryptoUtils - File wizard_mentala_damageup_a.ddj is not encrypted , flags not exists
07:15:16.062 [main] INFO org.soky.sro.pk2.io.Pk2IOTest - Consuming 4244 byte(s) from file wizard_mentala_damageup_a.ddj with size 4244 
07:15:16.062 [main] DEBUG org.sokybot.pk2.Pk2CryptoUtils - File wizard_mentala_damageup_b.ddj is not encrypted , flags not exists
07:15:16.062 [main] INFO org.soky.sro.pk2.io.Pk2IOTest - Consuming 4244 byte(s) from file wizard_mentala_damageup_b.ddj with size 4244 
07:15:16.062 [main] DEBUG org.sokybot.pk2.Pk2CryptoUtils - File wizard_psychica_area_a.ddj is not encrypted , flags not exists
07:15:16.062 [main] INFO org.soky.sro.pk2.io.Pk2IOTest - Consuming 4244 byte(s) from file wizard_psychica_area_a.ddj with size 4244 
07:15:16.062 [main] DEBUG org.sokybot.pk2.Pk2CryptoUtils - File wizard_psychica_area_b.ddj is not encrypted , flags not exists
07:15:16.062 [main] INFO org.soky.sro.pk2.io.Pk2IOTest - Consuming 4244 byte(s) from file wizard_psychica_area_b.ddj with size 4244 
07:15:16.062 [main] DEBUG org.sokybot.pk2.Pk2CryptoUtils - File wizard_psychica_area_c.ddj is not encrypted , flags not exists
07:15:16.062 [main] INFO org.soky.sro.pk2.io.Pk2IOTest - Consuming 4244 byte(s) from file wizard_psychica_area_c.ddj with size 4244 
07:15:16.062 [main] DEBUG org.sokybot.pk2.Pk2CryptoUtils - File wizard_psychica_light_a.ddj is not encrypted , flags not exists
07:15:16.062 [main] INFO org.soky.sro.pk2.io.Pk2IOTest - Consuming 4244 byte(s) from file wizard_psychica_light_a.ddj with size 4244 
07:15:16.063 [main] DEBUG org.sokybot.pk2.Pk2CryptoUtils - File wizard_psychica_light_b.ddj is not encrypted , flags not exists
07:15:16.063 [main] INFO org.soky.sro.pk2.io.Pk2IOTest - Consuming 4244 byte(s) from file wizard_psychica_light_b.ddj with size 4244 
07:15:16.063 [main] DEBUG org.sokybot.pk2.Pk2CryptoUtils - File wizard_psychica_light_c.ddj is not encrypted , flags not exists
07:15:16.063 [main] INFO org.soky.sro.pk2.io.Pk2IOTest - Consuming 4244 byte(s) from file wizard_psychica_light_c.ddj with size 4244 
07:15:16.063 [main] DEBUG org.sokybot.pk2.Pk2CryptoUtils - File wizard_psychica_teleport_a.ddj is not encrypted , flags not exists
07:15:16.063 [main] INFO org.soky.sro.pk2.io.Pk2IOTest - Consuming 4244 byte(s) from file wizard_psychica_teleport_a.ddj with size 4244 
07:15:16.063 [main] DEBUG org.sokybot.pk2.Pk2CryptoUtils - File wizard_psychica_teleport_b.ddj is not encrypted , flags not exists
07:15:16.063 [main] INFO org.soky.sro.pk2.io.Pk2IOTest - Consuming 4244 byte(s) from file wizard_psychica_teleport_b.ddj with size 4244 
07:15:16.063 [main] DEBUG org.sokybot.pk2.Pk2CryptoUtils - File wizard_psychica_untouch_a.ddj is not encrypted , flags not exists
07:15:16.063 [main] INFO org.soky.sro.pk2.io.Pk2IOTest - Consuming 4244 byte(s) from file wizard_psychica_untouch_a.ddj with size 4244 
07:15:16.063 [main] DEBUG org.sokybot.pk2.Pk2CryptoUtils - File wizard_psychica_untouch_b.ddj is not encrypted , flags not exists
07:15:16.063 [main] INFO org.soky.sro.pk2.io.Pk2IOTest - Consuming 4244 byte(s) from file wizard_psychica_untouch_b.ddj with size 4244 
07:15:16.064 [main] DEBUG org.sokybot.pk2.Pk2CryptoUtils - File wizard_spiritp_cold_a.ddj is not encrypted , flags not exists
07:15:16.064 [main] INFO org.soky.sro.pk2.io.Pk2IOTest - Consuming 4244 byte(s) from file wizard_spiritp_cold_a.ddj with size 4244 
07:15:16.064 [main] DEBUG org.sokybot.pk2.Pk2CryptoUtils - File wizard_spiritp_cold_b.ddj is not encrypted , flags not exists
07:15:16.064 [main] INFO org.soky.sro.pk2.io.Pk2IOTest - Consuming 4244 byte(s) from file wizard_spiritp_cold_b.ddj with size 4244 
07:15:16.064 [main] DEBUG org.sokybot.pk2.Pk2CryptoUtils - File wizard_spiritp_earth_a.ddj is not encrypted , flags not exists
07:15:16.064 [main] INFO org.soky.sro.pk2.io.Pk2IOTest - Consuming 4244 byte(s) from file wizard_spiritp_earth_a.ddj with size 4244 
07:15:16.064 [main] DEBUG org.sokybot.pk2.Pk2CryptoUtils - File wizard_spiritp_earth_b.ddj is not encrypted , flags not exists
07:15:16.064 [main] INFO org.soky.sro.pk2.io.Pk2IOTest - Consuming 4244 byte(s) from file wizard_spiritp_earth_b.ddj with size 4244 
07:15:16.064 [main] DEBUG org.sokybot.pk2.Pk2CryptoUtils - File wizard_spiritp_fire_a.ddj is not encrypted , flags not exists
07:15:16.064 [main] INFO org.soky.sro.pk2.io.Pk2IOTest - Consuming 4244 byte(s) from file wizard_spiritp_fire_a.ddj with size 4244 
07:15:16.064 [main] DEBUG org.sokybot.pk2.Pk2CryptoUtils - File wizard_spiritp_fire_b.ddj is not encrypted , flags not exists
07:15:16.064 [main] INFO org.soky.sro.pk2.io.Pk2IOTest - Consuming 4244 byte(s) from file wizard_spiritp_fire_b.ddj with size 4244 
07:15:16.065 [main] DEBUG org.sokybot.pk2.Pk2CryptoUtils - File wizard_spiritp_psychic_a.ddj is not encrypted , flags not exists
07:15:16.065 [main] INFO org.soky.sro.pk2.io.Pk2IOTest - Consuming 4244 byte(s) from file wizard_spiritp_psychic_a.ddj with size 4244 
07:15:16.065 [main] DEBUG org.sokybot.pk2.Pk2CryptoUtils - File wizard_spiritp_psychic_b.ddj is not encrypted , flags not exists
07:15:16.065 [main] INFO org.soky.sro.pk2.io.Pk2IOTest - Consuming 4244 byte(s) from file wizard_spiritp_psychic_b.ddj with size 4244 
07:15:16.065 [main] DEBUG org.sokybot.pk2.Pk2CryptoUtils - File cleric_sainta_abnormal_b_rog.ddj is not encrypted , flags not exists
07:15:16.065 [main] INFO org.soky.sro.pk2.io.Pk2IOTest - Consuming 1172 byte(s) from file cleric_sainta_abnormal_b_rog.ddj with size 1172 
07:15:16.065 [main] DEBUG org.sokybot.pk2.Pk2CryptoUtils - File critical_up.ddj is not encrypted , flags not exists
07:15:16.065 [main] INFO org.soky.sro.pk2.io.Pk2IOTest - Consuming 4244 byte(s) from file critical_up.ddj with size 4244 
07:15:16.065 [main] DEBUG org.sokybot.pk2.Pk2CryptoUtils - File magical_damage_up.ddj is not encrypted , flags not exists
07:15:16.065 [main] INFO org.soky.sro.pk2.io.Pk2IOTest - Consuming 4244 byte(s) from file magical_damage_up.ddj with size 4244 
07:15:16.065 [main] DEBUG org.sokybot.pk2.Pk2CryptoUtils - File magical_defense_up.ddj is not encrypted , flags not exists
07:15:16.065 [main] INFO org.soky.sro.pk2.io.Pk2IOTest - Consuming 4244 byte(s) from file magical_defense_up.ddj with size 4244 
07:15:16.066 [main] DEBUG org.sokybot.pk2.Pk2CryptoUtils - File monster_buff.ddj is not encrypted , flags not exists
07:15:16.066 [main] INFO org.soky.sro.pk2.io.Pk2IOTest - Consuming 4244 byte(s) from file monster_buff.ddj with size 4244 
07:15:16.066 [main] DEBUG org.sokybot.pk2.Pk2CryptoUtils - File physical_damage_up.ddj is not encrypted , flags not exists
07:15:16.066 [main] INFO org.soky.sro.pk2.io.Pk2IOTest - Consuming 4244 byte(s) from file physical_damage_up.ddj with size 4244 
07:15:16.066 [main] DEBUG org.sokybot.pk2.Pk2CryptoUtils - File physical_defense_up.ddj is not encrypted , flags not exists
07:15:16.066 [main] INFO org.soky.sro.pk2.io.Pk2IOTest - Consuming 4244 byte(s) from file physical_defense_up.ddj with size 4244 
07:15:16.066 [main] DEBUG org.sokybot.pk2.Pk2CryptoUtils - File tc_amends_buff.ddj is not encrypted , flags not exists
07:15:16.066 [main] INFO org.soky.sro.pk2.io.Pk2IOTest - Consuming 4244 byte(s) from file tc_amends_buff.ddj with size 4244 
07:15:16.066 [main] DEBUG org.sokybot.pk2.Pk2CryptoUtils - File tc_copper_buff.ddj is not encrypted , flags not exists
07:15:16.066 [main] INFO org.soky.sro.pk2.io.Pk2IOTest - Consuming 4244 byte(s) from file tc_copper_buff.ddj with size 4244 
07:15:16.066 [main] DEBUG org.sokybot.pk2.Pk2CryptoUtils - File tc_crown_buff.ddj is not encrypted , flags not exists
07:15:16.067 [main] INFO org.soky.sro.pk2.io.Pk2IOTest - Consuming 4244 byte(s) from file tc_crown_buff.ddj with size 4244 
07:15:16.067 [main] DEBUG org.sokybot.pk2.Pk2CryptoUtils - File tc_gold_buff.ddj is not encrypted , flags not exists
07:15:16.067 [main] INFO org.soky.sro.pk2.io.Pk2IOTest - Consuming 4244 byte(s) from file tc_gold_buff.ddj with size 4244 
07:15:16.067 [main] DEBUG org.sokybot.pk2.Pk2CryptoUtils - File tc_reserve_buff.ddj is not encrypted , flags not exists
07:15:16.067 [main] INFO org.soky.sro.pk2.io.Pk2IOTest - Consuming 4244 byte(s) from file tc_reserve_buff.ddj with size 4244 
07:15:16.067 [main] DEBUG org.sokybot.pk2.Pk2CryptoUtils - File tc_silver_buff.ddj is not encrypted , flags not exists
07:15:16.067 [main] INFO org.soky.sro.pk2.io.Pk2IOTest - Consuming 4244 byte(s) from file tc_silver_buff.ddj with size 4244 
07:15:16.067 [main] DEBUG org.sokybot.pk2.Pk2CryptoUtils - File alchemy.ddj is not encrypted , flags not exists
07:15:16.067 [main] INFO org.soky.sro.pk2.io.Pk2IOTest - Consuming 1172 byte(s) from file alchemy.ddj with size 1172 
07:15:16.067 [main] DEBUG org.sokybot.pk2.Pk2CryptoUtils - File all.ddj is not encrypted , flags not exists
07:15:16.067 [main] INFO org.soky.sro.pk2.io.Pk2IOTest - Consuming 1172 byte(s) from file all.ddj with size 1172 
07:15:16.067 [main] DEBUG org.sokybot.pk2.Pk2CryptoUtils - File guild.ddj is not encrypted , flags not exists
07:15:16.067 [main] INFO org.soky.sro.pk2.io.Pk2IOTest - Consuming 1172 byte(s) from file guild.ddj with size 1172 
07:15:16.068 [main] DEBUG org.sokybot.pk2.Pk2CryptoUtils - File level.ddj is not encrypted , flags not exists
07:15:16.068 [main] INFO org.soky.sro.pk2.io.Pk2IOTest - Consuming 1172 byte(s) from file level.ddj with size 1172 
07:15:16.068 [main] DEBUG org.sokybot.pk2.Pk2CryptoUtils - File pvp.ddj is not encrypted , flags not exists
07:15:16.068 [main] INFO org.soky.sro.pk2.io.Pk2IOTest - Consuming 1172 byte(s) from file pvp.ddj with size 1172 
07:15:16.068 [main] DEBUG org.sokybot.pk2.Pk2CryptoUtils - File rank.ddj is not encrypted , flags not exists
07:15:16.068 [main] INFO org.soky.sro.pk2.io.Pk2IOTest - Consuming 1172 byte(s) from file rank.ddj with size 1172 
07:15:16.068 [main] DEBUG org.sokybot.pk2.Pk2CryptoUtils - File spec.ddj is not encrypted , flags not exists
07:15:16.068 [main] INFO org.soky.sro.pk2.io.Pk2IOTest - Consuming 1172 byte(s) from file spec.ddj with size 1172 
07:15:16.068 [main] DEBUG org.sokybot.pk2.Pk2CryptoUtils - File unique.ddj is not encrypted , flags not exists
07:15:16.068 [main] INFO org.soky.sro.pk2.io.Pk2IOTest - Consuming 1172 byte(s) from file unique.ddj with size 1172 
07:15:16.068 [main] DEBUG org.sokybot.pk2.Pk2CryptoUtils - File abs.ddj is not encrypted , flags not exists
07:15:16.068 [main] INFO org.soky.sro.pk2.io.Pk2IOTest - Consuming 1172 byte(s) from file abs.ddj with size 1172 
07:15:16.068 [main] DEBUG org.sokybot.pk2.Pk2CryptoUtils - File critav.ddj is not encrypted , flags not exists
07:15:16.068 [main] INFO org.soky.sro.pk2.io.Pk2IOTest - Consuming 1172 byte(s) from file critav.ddj with size 1172 
07:15:16.069 [main] DEBUG org.sokybot.pk2.Pk2CryptoUtils - File critup.ddj is not encrypted , flags not exists
07:15:16.069 [main] INFO org.soky.sro.pk2.io.Pk2IOTest - Consuming 1172 byte(s) from file critup.ddj with size 1172 
07:15:16.069 [main] DEBUG org.sokybot.pk2.Pk2CryptoUtils - File matk.ddj is not encrypted , flags not exists
07:15:16.069 [main] INFO org.soky.sro.pk2.io.Pk2IOTest - Consuming 1172 byte(s) from file matk.ddj with size 1172 
07:15:16.069 [main] DEBUG org.sokybot.pk2.Pk2CryptoUtils - File patk.ddj is not encrypted , flags not exists
07:15:16.069 [main] INFO org.soky.sro.pk2.io.Pk2IOTest - Consuming 1172 byte(s) from file patk.ddj with size 1172 
07:15:16.069 [main] DEBUG org.sokybot.pk2.Pk2CryptoUtils - File cos_p_rabbit.ddj is not encrypted , flags not exists
07:15:16.069 [main] INFO org.soky.sro.pk2.io.Pk2IOTest - Consuming 16532 byte(s) from file cos_p_rabbit.ddj with size 16532 
07:15:16.069 [main] DEBUG org.sokybot.pk2.Pk2CryptoUtils - File cos_p_spot_rabbit.ddj is not encrypted , flags not exists
07:15:16.069 [main] INFO org.soky.sro.pk2.io.Pk2IOTest - Consuming 16532 byte(s) from file cos_p_spot_rabbit.ddj with size 16532 
07:15:16.070 [main] DEBUG org.sokybot.pk2.Pk2CryptoUtils - File item_cos_c_draco.ddj is not encrypted , flags not exists
07:15:16.070 [main] INFO org.soky.sro.pk2.io.Pk2IOTest - Consuming 16532 byte(s) from file item_cos_c_draco.ddj with size 16532 
07:15:16.070 [main] DEBUG org.sokybot.pk2.Pk2CryptoUtils - File item_cos_c_ostrich.ddj is not encrypted , flags not exists
07:15:16.070 [main] INFO org.soky.sro.pk2.io.Pk2IOTest - Consuming 16532 byte(s) from file item_cos_c_ostrich.ddj with size 16532 
07:15:16.070 [main] DEBUG org.sokybot.pk2.Pk2CryptoUtils - File item_cos_c_ostrich_scroll.ddj is not encrypted , flags not exists
07:15:16.070 [main] INFO org.soky.sro.pk2.io.Pk2IOTest - Consuming 16532 byte(s) from file item_cos_c_ostrich_scroll.ddj with size 16532 
07:15:16.070 [main] DEBUG org.sokybot.pk2.Pk2CryptoUtils - File item_cos_c_pegasus_scroll.ddj is not encrypted , flags not exists
07:15:16.071 [main] INFO org.soky.sro.pk2.io.Pk2IOTest - Consuming 16532 byte(s) from file item_cos_c_pegasus_scroll.ddj with size 16532 
07:15:16.071 [main] DEBUG org.sokybot.pk2.Pk2CryptoUtils - File item_cos_c_scarabaeus_scroll.ddj is not encrypted , flags not exists
07:15:16.071 [main] INFO org.soky.sro.pk2.io.Pk2IOTest - Consuming 16532 byte(s) from file item_cos_c_scarabaeus_scroll.ddj with size 16532 
07:15:16.071 [main] DEBUG org.sokybot.pk2.Pk2CryptoUtils - File item_cos_c_tiger_scroll.ddj is not encrypted , flags not exists
07:15:16.071 [main] INFO org.soky.sro.pk2.io.Pk2IOTest - Consuming 16532 byte(s) from file item_cos_c_tiger_scroll.ddj with size 16532 
07:15:16.071 [main] DEBUG org.sokybot.pk2.Pk2CryptoUtils - File item_cos_c_unicorn.ddj is not encrypted , flags not exists
07:15:16.072 [main] INFO org.soky.sro.pk2.io.Pk2IOTest - Consuming 2196 byte(s) from file item_cos_c_unicorn.ddj with size 2196 
07:15:16.072 [main] DEBUG org.sokybot.pk2.Pk2CryptoUtils - File item_cos_c_wildpig_scroll.ddj is not encrypted , flags not exists
07:15:16.072 [main] INFO org.soky.sro.pk2.io.Pk2IOTest - Consuming 16532 byte(s) from file item_cos_c_wildpig_scroll.ddj with size 16532 
07:15:16.072 [main] DEBUG org.sokybot.pk2.Pk2CryptoUtils - File item_cos_p_bear_scroll.ddj is not encrypted , flags not exists
07:15:16.072 [main] INFO org.soky.sro.pk2.io.Pk2IOTest - Consuming 16532 byte(s) from file item_cos_p_bear_scroll.ddj with size 16532 
07:15:16.072 [main] DEBUG org.sokybot.pk2.Pk2CryptoUtils - File item_cos_p_brownie_scroll.ddj is not encrypted , flags not exists
07:15:16.072 [main] INFO org.soky.sro.pk2.io.Pk2IOTest - Consuming 16532 byte(s) from file item_cos_p_brownie_scroll.ddj with size 16532 
07:15:16.073 [main] DEBUG org.sokybot.pk2.Pk2CryptoUtils - File item_cos_p_cat_scroll.ddj is not encrypted , flags not exists
07:15:16.073 [main] INFO org.soky.sro.pk2.io.Pk2IOTest - Consuming 16532 byte(s) from file item_cos_p_cat_scroll.ddj with size 16532 
07:15:16.073 [main] DEBUG org.sokybot.pk2.Pk2CryptoUtils - File item_cos_p_event_winter_snowman.ddj is not encrypted , flags not exists
07:15:16.073 [main] INFO org.soky.sro.pk2.io.Pk2IOTest - Consuming 16532 byte(s) from file item_cos_p_event_winter_snowman.ddj with size 16532 
07:15:16.073 [main] DEBUG org.sokybot.pk2.Pk2CryptoUtils - File item_cos_p_extension.ddj is not encrypted , flags not exists
07:15:16.073 [main] INFO org.soky.sro.pk2.io.Pk2IOTest - Consuming 8340 byte(s) from file item_cos_p_extension.ddj with size 8340 
07:15:16.074 [main] DEBUG org.sokybot.pk2.Pk2CryptoUtils - File item_cos_p_flute.ddj is not encrypted , flags not exists
07:15:16.074 [main] INFO org.soky.sro.pk2.io.Pk2IOTest - Consuming 8340 byte(s) from file item_cos_p_flute.ddj with size 8340 
07:15:16.074 [main] DEBUG org.sokybot.pk2.Pk2CryptoUtils - File item_cos_p_flute_white.ddj is not encrypted , flags not exists
07:15:16.074 [main] INFO org.soky.sro.pk2.io.Pk2IOTest - Consuming 8340 byte(s) from file item_cos_p_flute_white.ddj with size 8340 
07:15:16.074 [main] DEBUG org.sokybot.pk2.Pk2CryptoUtils - File item_cos_p_fox_scroll.ddj is not encrypted , flags not exists
07:15:16.074 [main] INFO org.soky.sro.pk2.io.Pk2IOTest - Consuming 16532 byte(s) from file item_cos_p_fox_scroll.ddj with size 16532 
07:15:16.074 [main] DEBUG org.sokybot.pk2.Pk2CryptoUtils - File item_cos_p_gglider_scroll.ddj is not encrypted , flags not exists
07:15:16.075 [main] INFO org.soky.sro.pk2.io.Pk2IOTest - Consuming 16532 byte(s) from file item_cos_p_gglider_scroll.ddj with size 16532 
07:15:16.075 [main] DEBUG org.sokybot.pk2.Pk2CryptoUtils - File item_cos_p_ghost_scroll.ddj is not encrypted , flags not exists
07:15:16.075 [main] INFO org.soky.sro.pk2.io.Pk2IOTest - Consuming 16532 byte(s) from file item_cos_p_ghost_scroll.ddj with size 16532 
07:15:16.075 [main] DEBUG org.sokybot.pk2.Pk2CryptoUtils - File item_cos_p_goldpig_scroll.ddj is not encrypted , flags not exists
07:15:16.075 [main] INFO org.soky.sro.pk2.io.Pk2IOTest - Consuming 16532 byte(s) from file item_cos_p_goldpig_scroll.ddj with size 16532 
07:15:16.075 [main] DEBUG org.sokybot.pk2.Pk2CryptoUtils - File item_cos_p_jinn_scroll.ddj is not encrypted , flags not exists
07:15:16.075 [main] INFO org.soky.sro.pk2.io.Pk2IOTest - Consuming 16532 byte(s) from file item_cos_p_jinn_scroll.ddj with size 16532 
07:15:16.076 [main] DEBUG org.sokybot.pk2.Pk2CryptoUtils - File item_cos_p_kangaroo_scroll.ddj is not encrypted , flags not exists
07:15:16.076 [main] INFO org.soky.sro.pk2.io.Pk2IOTest - Consuming 16532 byte(s) from file item_cos_p_kangaroo_scroll.ddj with size 16532 
07:15:16.076 [main] DEBUG org.sokybot.pk2.Pk2CryptoUtils - File item_cos_p_myowon_scroll.ddj is not encrypted , flags not exists
07:15:16.076 [main] INFO org.soky.sro.pk2.io.Pk2IOTest - Consuming 8340 byte(s) from file item_cos_p_myowon_scroll.ddj with size 8340 
07:15:16.076 [main] DEBUG org.sokybot.pk2.Pk2CryptoUtils - File item_cos_p_penguin_scroll.ddj is not encrypted , flags not exists
07:15:16.076 [main] INFO org.soky.sro.pk2.io.Pk2IOTest - Consuming 16532 byte(s) from file item_cos_p_penguin_scroll.ddj with size 16532 
07:15:16.076 [main] DEBUG org.sokybot.pk2.Pk2CryptoUtils - File item_cos_p_pinkpig_scroll.ddj is not encrypted , flags not exists
07:15:16.077 [main] INFO org.soky.sro.pk2.io.Pk2IOTest - Consuming 16532 byte(s) from file item_cos_p_pinkpig_scroll.ddj with size 16532 
07:15:16.077 [main] DEBUG org.sokybot.pk2.Pk2CryptoUtils - File item_cos_p_rabbit_scroll.ddj is not encrypted , flags not exists
07:15:16.077 [main] INFO org.soky.sro.pk2.io.Pk2IOTest - Consuming 16532 byte(s) from file item_cos_p_rabbit_scroll.ddj with size 16532 
07:15:16.077 [main] DEBUG org.sokybot.pk2.Pk2CryptoUtils - File item_cos_p_raccoondog_scroll.ddj is not encrypted , flags not exists
07:15:16.077 [main] INFO org.soky.sro.pk2.io.Pk2IOTest - Consuming 16532 byte(s) from file item_cos_p_raccoondog_scroll.ddj with size 16532 
07:15:16.077 [main] DEBUG org.sokybot.pk2.Pk2CryptoUtils - File item_cos_p_raven.ddj is not encrypted , flags not exists
07:15:16.078 [main] INFO org.soky.sro.pk2.io.Pk2IOTest - Consuming 16532 byte(s) from file item_cos_p_raven.ddj with size 16532 
07:15:16.078 [main] DEBUG org.sokybot.pk2.Pk2CryptoUtils - File item_cos_p_raven_scroll.ddj is not encrypted , flags not exists
07:15:16.078 [main] INFO org.soky.sro.pk2.io.Pk2IOTest - Consuming 16532 byte(s) from file item_cos_p_raven_scroll.ddj with size 16532 
07:15:16.078 [main] DEBUG org.sokybot.pk2.Pk2CryptoUtils - File item_cos_p_revival_silk.ddj is not encrypted , flags not exists
07:15:16.078 [main] INFO org.soky.sro.pk2.io.Pk2IOTest - Consuming 8340 byte(s) from file item_cos_p_revival_silk.ddj with size 8340 
07:15:16.078 [main] DEBUG org.sokybot.pk2.Pk2CryptoUtils - File item_cos_p_seowon_scroll.ddj is not encrypted , flags not exists
07:15:16.078 [main] INFO org.soky.sro.pk2.io.Pk2IOTest - Consuming 8340 byte(s) from file item_cos_p_seowon_scroll.ddj with size 8340 
07:15:16.078 [main] DEBUG org.sokybot.pk2.Pk2CryptoUtils - File item_cos_p_spot_rabbit_scroll.ddj is not encrypted , flags not exists
07:15:16.079 [main] INFO org.soky.sro.pk2.io.Pk2IOTest - Consuming 16532 byte(s) from file item_cos_p_spot_rabbit_scroll.ddj with size 16532 
07:15:16.079 [main] DEBUG org.sokybot.pk2.Pk2CryptoUtils - File item_cos_t_buffalo_scroll.ddj is not encrypted , flags not exists
07:15:16.079 [main] INFO org.soky.sro.pk2.io.Pk2IOTest - Consuming 16532 byte(s) from file item_cos_t_buffalo_scroll.ddj with size 16532 
07:15:16.079 [main] DEBUG org.sokybot.pk2.Pk2CryptoUtils - File item_cos_t_rhinoceros_scroll.ddj is not encrypted , flags not exists
07:15:16.079 [main] INFO org.soky.sro.pk2.io.Pk2IOTest - Consuming 16532 byte(s) from file item_cos_t_rhinoceros_scroll.ddj with size 16532 
07:15:16.079 [main] DEBUG org.sokybot.pk2.Pk2CryptoUtils - File item_cos_t_whiteelephant.ddj is not encrypted , flags not exists
07:15:16.079 [main] INFO org.soky.sro.pk2.io.Pk2IOTest - Consuming 16532 byte(s) from file item_cos_t_whiteelephant.ddj with size 16532 
07:15:16.080 [main] DEBUG org.sokybot.pk2.Pk2CryptoUtils - File item_cos_t_whiteelephant_scroll.ddj is not encrypted , flags not exists
07:15:16.080 [main] INFO org.soky.sro.pk2.io.Pk2IOTest - Consuming 16532 byte(s) from file item_cos_t_whiteelephant_scroll.ddj with size 16532 
07:15:16.080 [main] DEBUG org.sokybot.pk2.Pk2CryptoUtils - File mall_pet_growth_potion.ddj is not encrypted , flags not exists
07:15:16.080 [main] INFO org.soky.sro.pk2.io.Pk2IOTest - Consuming 16532 byte(s) from file mall_pet_growth_potion.ddj with size 16532 
07:15:16.080 [main] DEBUG org.sokybot.pk2.Pk2CryptoUtils - File mall_pet_skill_cold.ddj is not encrypted , flags not exists
07:15:16.080 [main] INFO org.soky.sro.pk2.io.Pk2IOTest - Consuming 16532 byte(s) from file mall_pet_skill_cold.ddj with size 16532 
07:15:16.081 [main] DEBUG org.sokybot.pk2.Pk2CryptoUtils - File mall_pet_skill_fire.ddj is not encrypted , flags not exists
07:15:16.081 [main] INFO org.soky.sro.pk2.io.Pk2IOTest - Consuming 16532 byte(s) from file mall_pet_skill_fire.ddj with size 16532 
07:15:16.081 [main] DEBUG org.sokybot.pk2.Pk2CryptoUtils - File mall_pet_skill_lightning.ddj is not encrypted , flags not exists
07:15:16.081 [main] INFO org.soky.sro.pk2.io.Pk2IOTest - Consuming 16532 byte(s) from file mall_pet_skill_lightning.ddj with size 16532 
07:15:16.082 [main] DEBUG org.sokybot.pk2.Pk2CryptoUtils - File mall_pet_watch_agol.ddj is not encrypted , flags not exists
07:15:16.082 [main] INFO org.soky.sro.pk2.io.Pk2IOTest - Consuming 16532 byte(s) from file mall_pet_watch_agol.ddj with size 16532 
07:15:16.082 [main] DEBUG org.sokybot.pk2.Pk2CryptoUtils - File mall_pet_watch_chulhyen.ddj is not encrypted , flags not exists
07:15:16.083 [main] INFO org.soky.sro.pk2.io.Pk2IOTest - Consuming 16532 byte(s) from file mall_pet_watch_chulhyen.ddj with size 16532 
07:15:16.083 [main] DEBUG org.sokybot.pk2.Pk2CryptoUtils - File cos_p_pharaoh_dog.ddj is not encrypted , flags not exists
07:15:16.083 [main] INFO org.soky.sro.pk2.io.Pk2IOTest - Consuming 16532 byte(s) from file cos_p_pharaoh_dog.ddj with size 16532 
07:15:16.083 [main] DEBUG org.sokybot.pk2.Pk2CryptoUtils - File item_cos_p_pharaoh_dog_scroll.ddj is not encrypted , flags not exists
07:15:16.083 [main] INFO org.soky.sro.pk2.io.Pk2IOTest - Consuming 16532 byte(s) from file item_cos_p_pharaoh_dog_scroll.ddj with size 16532 
07:15:16.084 [main] DEBUG org.sokybot.pk2.Pk2CryptoUtils - File mermaid.ddj is not encrypted , flags not exists
07:15:16.084 [main] INFO org.soky.sro.pk2.io.Pk2IOTest - Consuming 1172 byte(s) from file mermaid.ddj with size 1172 
07:15:16.084 [main] DEBUG org.sokybot.pk2.Pk2CryptoUtils - File wanted.ddj is not encrypted , flags not exists
07:15:16.084 [main] INFO org.soky.sro.pk2.io.Pk2IOTest - Consuming 1172 byte(s) from file wanted.ddj with size 1172 
07:15:16.084 [main] DEBUG org.sokybot.pk2.Pk2CryptoUtils - File skippy.ddj is not encrypted , flags not exists
07:15:16.084 [main] INFO org.soky.sro.pk2.io.Pk2IOTest - Consuming 1172 byte(s) from file skippy.ddj with size 1172 
07:15:16.084 [main] DEBUG org.sokybot.pk2.Pk2CryptoUtils - File cos_p_guard.ddj is not encrypted , flags not exists
07:15:16.084 [main] INFO org.soky.sro.pk2.io.Pk2IOTest - Consuming 1444 byte(s) from file cos_p_guard.ddj with size 1444 
07:15:16.084 [main] DEBUG org.sokybot.pk2.Pk2CryptoUtils - File avatar_m_steampunk.ddj is not encrypted , flags not exists
07:15:16.085 [main] INFO org.soky.sro.pk2.io.Pk2IOTest - Consuming 660 byte(s) from file avatar_m_steampunk.ddj with size 660 
07:15:16.085 [main] DEBUG org.sokybot.pk2.Pk2CryptoUtils - File avatar_m_steampunk_attach.ddj is not encrypted , flags not exists
07:15:16.085 [main] INFO org.soky.sro.pk2.io.Pk2IOTest - Consuming 660 byte(s) from file avatar_m_steampunk_attach.ddj with size 660 
07:15:16.085 [main] DEBUG org.sokybot.pk2.Pk2CryptoUtils - File avatar_m_steampunk_hat.ddj is not encrypted , flags not exists
07:15:16.085 [main] INFO org.soky.sro.pk2.io.Pk2IOTest - Consuming 660 byte(s) from file avatar_m_steampunk_hat.ddj with size 660 
07:15:16.085 [main] DEBUG org.sokybot.pk2.Pk2CryptoUtils - File avatar_w_steampunk.ddj is not encrypted , flags not exists
07:15:16.085 [main] INFO org.soky.sro.pk2.io.Pk2IOTest - Consuming 660 byte(s) from file avatar_w_steampunk.ddj with size 660 
07:15:16.085 [main] DEBUG org.sokybot.pk2.Pk2CryptoUtils - File avatar_w_steampunk_attach.ddj is not encrypted , flags not exists
07:15:16.085 [main] INFO org.soky.sro.pk2.io.Pk2IOTest - Consuming 660 byte(s) from file avatar_w_steampunk_attach.ddj with size 660 
07:15:16.085 [main] DEBUG org.sokybot.pk2.Pk2CryptoUtils - File avatar_w_steampunk_hat.ddj is not encrypted , flags not exists
07:15:16.086 [main] INFO org.soky.sro.pk2.io.Pk2IOTest - Consuming 660 byte(s) from file avatar_w_steampunk_hat.ddj with size 660 
07:15:16.086 [main] DEBUG org.sokybot.pk2.Pk2CryptoUtils - File chat_re_tab.ddj is not encrypted , flags not exists
07:15:16.086 [main] INFO org.soky.sro.pk2.io.Pk2IOTest - Consuming 5908 byte(s) from file chat_re_tab.ddj with size 5908 
07:15:16.086 [main] DEBUG org.sokybot.pk2.Pk2CryptoUtils - File mall_avatar_halloween_attach.ddj is not encrypted , flags not exists
07:15:16.086 [main] INFO org.soky.sro.pk2.io.Pk2IOTest - Consuming 16532 byte(s) from file mall_avatar_halloween_attach.ddj with size 16532 
07:15:16.086 [main] DEBUG org.sokybot.pk2.Pk2CryptoUtils - File mall_avatar_m_admiral.ddj is not encrypted , flags not exists
07:15:16.087 [main] INFO org.soky.sro.pk2.io.Pk2IOTest - Consuming 16532 byte(s) from file mall_avatar_m_admiral.ddj with size 16532 
07:15:16.087 [main] DEBUG org.sokybot.pk2.Pk2CryptoUtils - File mall_avatar_m_admiral_attach.ddj is not encrypted , flags not exists
07:15:16.087 [main] INFO org.soky.sro.pk2.io.Pk2IOTest - Consuming 16532 byte(s) from file mall_avatar_m_admiral_attach.ddj with size 16532 
07:15:16.087 [main] DEBUG org.sokybot.pk2.Pk2CryptoUtils - File mall_avatar_m_admiral_hat.ddj is not encrypted , flags not exists
07:15:16.088 [main] INFO org.soky.sro.pk2.io.Pk2IOTest - Consuming 16532 byte(s) from file mall_avatar_m_admiral_hat.ddj with size 16532 
07:15:16.088 [main] DEBUG org.sokybot.pk2.Pk2CryptoUtils - File mall_avatar_m_amalrun.ddj is not encrypted , flags not exists
07:15:16.088 [main] INFO org.soky.sro.pk2.io.Pk2IOTest - Consuming 8248 byte(s) from file mall_avatar_m_amalrun.ddj with size 8248 
07:15:16.088 [main] DEBUG org.sokybot.pk2.Pk2CryptoUtils - File mall_avatar_m_amalrun_blue.ddj is not encrypted , flags not exists
07:15:16.088 [main] INFO org.soky.sro.pk2.io.Pk2IOTest - Consuming 8248 byte(s) from file mall_avatar_m_amalrun_blue.ddj with size 8248 
07:15:16.089 [main] DEBUG org.sokybot.pk2.Pk2CryptoUtils - File mall_avatar_m_amalrun_yellow.ddj is not encrypted , flags not exists
07:15:16.089 [main] INFO org.soky.sro.pk2.io.Pk2IOTest - Consuming 8248 byte(s) from file mall_avatar_m_amalrun_yellow.ddj with size 8248 
07:15:16.089 [main] DEBUG org.sokybot.pk2.Pk2CryptoUtils - File mall_avatar_m_angel_powers_dress.ddj is not encrypted , flags not exists
07:15:16.089 [main] INFO org.soky.sro.pk2.io.Pk2IOTest - Consuming 4244 byte(s) from file mall_avatar_m_angel_powers_dress.ddj with size 4244 
07:15:16.089 [main] DEBUG org.sokybot.pk2.Pk2CryptoUtils - File mall_avatar_m_angel_powers_dress_hat.ddj is not encrypted , flags not exists
07:15:16.089 [main] INFO org.soky.sro.pk2.io.Pk2IOTest - Consuming 4244 byte(s) from file mall_avatar_m_angel_powers_dress_hat.ddj with size 4244 
07:15:16.089 [main] DEBUG org.sokybot.pk2.Pk2CryptoUtils - File mall_avatar_m_angel_wing.ddj is not encrypted , flags not exists
07:15:16.089 [main] INFO org.soky.sro.pk2.io.Pk2IOTest - Consuming 16532 byte(s) from file mall_avatar_m_angel_wing.ddj with size 16532 
07:15:16.089 [main] DEBUG org.sokybot.pk2.Pk2CryptoUtils - File mall_avatar_m_angel_wing_dress.ddj is not encrypted , flags not exists
07:15:16.090 [main] INFO org.soky.sro.pk2.io.Pk2IOTest - Consuming 16532 byte(s) from file mall_avatar_m_angel_wing_dress.ddj with size 16532 
07:15:16.090 [main] DEBUG org.sokybot.pk2.Pk2CryptoUtils - File mall_avatar_m_arabia.ddj is not encrypted , flags not exists
07:15:16.090 [main] INFO org.soky.sro.pk2.io.Pk2IOTest - Consuming 16532 byte(s) from file mall_avatar_m_arabia.ddj with size 16532 
07:15:16.090 [main] DEBUG org.sokybot.pk2.Pk2CryptoUtils - File mall_avatar_m_arabiandress.ddj is not encrypted , flags not exists
07:15:16.090 [main] INFO org.soky.sro.pk2.io.Pk2IOTest - Consuming 16532 byte(s) from file mall_avatar_m_arabiandress.ddj with size 16532 
07:15:16.091 [main] DEBUG org.sokybot.pk2.Pk2CryptoUtils - File mall_avatar_m_arabiandress_attach.ddj is not encrypted , flags not exists
07:15:16.091 [main] INFO org.soky.sro.pk2.io.Pk2IOTest - Consuming 16532 byte(s) from file mall_avatar_m_arabiandress_attach.ddj with size 16532 
07:15:16.091 [main] DEBUG org.sokybot.pk2.Pk2CryptoUtils - File mall_avatar_m_arabiandress_hat.ddj is not encrypted , flags not exists
07:15:16.091 [main] INFO org.soky.sro.pk2.io.Pk2IOTest - Consuming 16532 byte(s) from file mall_avatar_m_arabiandress_hat.ddj with size 16532 
07:15:16.091 [main] DEBUG org.sokybot.pk2.Pk2CryptoUtils - File mall_avatar_m_arabia_attach.ddj is not encrypted , flags not exists
07:15:16.091 [main] INFO org.soky.sro.pk2.io.Pk2IOTest - Consuming 16532 byte(s) from file mall_avatar_m_arabia_attach.ddj with size 16532 
07:15:16.092 [main] DEBUG org.sokybot.pk2.Pk2CryptoUtils - File mall_avatar_m_arabia_hat.ddj is not encrypted , flags not exists
07:15:16.092 [main] INFO org.soky.sro.pk2.io.Pk2IOTest - Consuming 16532 byte(s) from file mall_avatar_m_arabia_hat.ddj with size 16532 
07:15:16.092 [main] DEBUG org.sokybot.pk2.Pk2CryptoUtils - File mall_avatar_m_assassin.ddj is not encrypted , flags not exists
07:15:16.092 [main] INFO org.soky.sro.pk2.io.Pk2IOTest - Consuming 8248 byte(s) from file mall_avatar_m_assassin.ddj with size 8248 
07:15:16.092 [main] DEBUG org.sokybot.pk2.Pk2CryptoUtils - File mall_avatar_m_assassin_attach.ddj is not encrypted , flags not exists
07:15:16.092 [main] INFO org.soky.sro.pk2.io.Pk2IOTest - Consuming 8248 byte(s) from file mall_avatar_m_assassin_attach.ddj with size 8248 
07:15:16.092 [main] DEBUG org.sokybot.pk2.Pk2CryptoUtils - File mall_avatar_m_assassin_hat.ddj is not encrypted , flags not exists
07:15:16.092 [main] INFO org.soky.sro.pk2.io.Pk2IOTest - Consuming 8248 byte(s) from file mall_avatar_m_assassin_hat.ddj with size 8248 
07:15:16.093 [main] DEBUG org.sokybot.pk2.Pk2CryptoUtils - File mall_avatar_m_blackwing.ddj is not encrypted , flags not exists
07:15:16.093 [main] INFO org.soky.sro.pk2.io.Pk2IOTest - Consuming 8340 byte(s) from file mall_avatar_m_blackwing.ddj with size 8340 
07:15:16.093 [main] DEBUG org.sokybot.pk2.Pk2CryptoUtils - File mall_avatar_m_blackwing_hat.ddj is not encrypted , flags not exists
07:15:16.093 [main] INFO org.soky.sro.pk2.io.Pk2IOTest - Consuming 8340 byte(s) from file mall_avatar_m_blackwing_hat.ddj with size 8340 
07:15:16.093 [main] DEBUG org.sokybot.pk2.Pk2CryptoUtils - File mall_avatar_m_carnival.ddj is not encrypted , flags not exists
07:15:16.093 [main] INFO org.soky.sro.pk2.io.Pk2IOTest - Consuming 16532 byte(s) from file mall_avatar_m_carnival.ddj with size 16532 
07:15:16.093 [main] DEBUG org.sokybot.pk2.Pk2CryptoUtils - File mall_avatar_m_carnival_attach.ddj is not encrypted , flags not exists
07:15:16.094 [main] INFO org.soky.sro.pk2.io.Pk2IOTest - Consuming 16532 byte(s) from file mall_avatar_m_carnival_attach.ddj with size 16532 
07:15:16.094 [main] DEBUG org.sokybot.pk2.Pk2CryptoUtils - File mall_avatar_m_carnival_hat.ddj is not encrypted , flags not exists
07:15:16.094 [main] INFO org.soky.sro.pk2.io.Pk2IOTest - Consuming 16532 byte(s) from file mall_avatar_m_carnival_hat.ddj with size 16532 
07:15:16.094 [main] DEBUG org.sokybot.pk2.Pk2CryptoUtils - File mall_avatar_m_chingchu.ddj is not encrypted , flags not exists
07:15:16.094 [main] INFO org.soky.sro.pk2.io.Pk2IOTest - Consuming 16532 byte(s) from file mall_avatar_m_chingchu.ddj with size 16532 
07:15:16.094 [main] DEBUG org.sokybot.pk2.Pk2CryptoUtils - File mall_avatar_m_chingchu_attach.ddj is not encrypted , flags not exists
07:15:16.094 [main] INFO org.soky.sro.pk2.io.Pk2IOTest - Consuming 16532 byte(s) from file mall_avatar_m_chingchu_attach.ddj with size 16532 
07:15:16.095 [main] DEBUG org.sokybot.pk2.Pk2CryptoUtils - File mall_avatar_m_chingchu_hat.ddj is not encrypted , flags not exists
07:15:16.095 [main] INFO org.soky.sro.pk2.io.Pk2IOTest - Consuming 16532 byte(s) from file mall_avatar_m_chingchu_hat.ddj with size 16532 
07:15:16.095 [main] DEBUG org.sokybot.pk2.Pk2CryptoUtils - File mall_avatar_m_ch_wedding.ddj is not encrypted , flags not exists
07:15:16.095 [main] INFO org.soky.sro.pk2.io.Pk2IOTest - Consuming 16532 byte(s) from file mall_avatar_m_ch_wedding.ddj with size 16532 
07:15:16.095 [main] DEBUG org.sokybot.pk2.Pk2CryptoUtils - File mall_avatar_m_ch_wedding_hat.ddj is not encrypted , flags not exists
07:15:16.095 [main] INFO org.soky.sro.pk2.io.Pk2IOTest - Consuming 16532 byte(s) from file mall_avatar_m_ch_wedding_hat.ddj with size 16532 
07:15:16.095 [main] DEBUG org.sokybot.pk2.Pk2CryptoUtils - File mall_avatar_m_clown.ddj is not encrypted , flags not exists
07:15:16.096 [main] INFO org.soky.sro.pk2.io.Pk2IOTest - Consuming 16532 byte(s) from file mall_avatar_m_clown.ddj with size 16532 
07:15:16.096 [main] DEBUG org.sokybot.pk2.Pk2CryptoUtils - File mall_avatar_m_clown_attach.ddj is not encrypted , flags not exists
07:15:16.096 [main] INFO org.soky.sro.pk2.io.Pk2IOTest - Consuming 16532 byte(s) from file mall_avatar_m_clown_attach.ddj with size 16532 
07:15:16.096 [main] DEBUG org.sokybot.pk2.Pk2CryptoUtils - File mall_avatar_m_clown_hat.ddj is not encrypted , flags not exists
07:15:16.096 [main] INFO org.soky.sro.pk2.io.Pk2IOTest - Consuming 16532 byte(s) from file mall_avatar_m_clown_hat.ddj with size 16532 
07:15:16.096 [main] DEBUG org.sokybot.pk2.Pk2CryptoUtils - File mall_avatar_m_darklknight.ddj is not encrypted , flags not exists
07:15:16.097 [main] INFO org.soky.sro.pk2.io.Pk2IOTest - Consuming 16532 byte(s) from file mall_avatar_m_darklknight.ddj with size 16532 
07:15:16.097 [main] DEBUG org.sokybot.pk2.Pk2CryptoUtils - File mall_avatar_m_darklknight_attach.ddj is not encrypted , flags not exists
07:15:16.097 [main] INFO org.soky.sro.pk2.io.Pk2IOTest - Consuming 16532 byte(s) from file mall_avatar_m_darklknight_attach.ddj with size 16532 
07:15:16.097 [main] DEBUG org.sokybot.pk2.Pk2CryptoUtils - File mall_avatar_m_darklknight_hat.ddj is not encrypted , flags not exists
07:15:16.097 [main] INFO org.soky.sro.pk2.io.Pk2IOTest - Consuming 16532 byte(s) from file mall_avatar_m_darklknight_hat.ddj with size 16532 
07:15:16.097 [main] DEBUG org.sokybot.pk2.Pk2CryptoUtils - File mall_avatar_m_darkwarrior.ddj is not encrypted , flags not exists
07:15:16.097 [main] INFO org.soky.sro.pk2.io.Pk2IOTest - Consuming 8248 byte(s) from file mall_avatar_m_darkwarrior.ddj with size 8248 
07:15:16.097 [main] DEBUG org.sokybot.pk2.Pk2CryptoUtils - File mall_avatar_m_darkwarrior_attach.ddj is not encrypted , flags not exists
07:15:16.098 [main] INFO org.soky.sro.pk2.io.Pk2IOTest - Consuming 8248 byte(s) from file mall_avatar_m_darkwarrior_attach.ddj with size 8248 
07:15:16.098 [main] DEBUG org.sokybot.pk2.Pk2CryptoUtils - File mall_avatar_m_darkwarrior_hat.ddj is not encrypted , flags not exists
07:15:16.098 [main] INFO org.soky.sro.pk2.io.Pk2IOTest - Consuming 8248 byte(s) from file mall_avatar_m_darkwarrior_hat.ddj with size 8248 
07:15:16.098 [main] DEBUG org.sokybot.pk2.Pk2CryptoUtils - File mall_avatar_m_devil_wing_dress.ddj is not encrypted , flags not exists
07:15:16.098 [main] INFO org.soky.sro.pk2.io.Pk2IOTest - Consuming 16532 byte(s) from file mall_avatar_m_devil_wing_dress.ddj with size 16532 
07:15:16.098 [main] DEBUG org.sokybot.pk2.Pk2CryptoUtils - File mall_avatar_m_dragondress.ddj is not encrypted , flags not exists
07:15:16.098 [main] INFO org.soky.sro.pk2.io.Pk2IOTest - Consuming 8248 byte(s) from file mall_avatar_m_dragondress.ddj with size 8248 
07:15:16.098 [main] DEBUG org.sokybot.pk2.Pk2CryptoUtils - File mall_avatar_m_dragondress_attach.ddj is not encrypted , flags not exists
07:15:16.099 [main] INFO org.soky.sro.pk2.io.Pk2IOTest - Consuming 8248 byte(s) from file mall_avatar_m_dragondress_attach.ddj with size 8248 
07:15:16.099 [main] DEBUG org.sokybot.pk2.Pk2CryptoUtils - File mall_avatar_m_dragondress_hat.ddj is not encrypted , flags not exists
07:15:16.099 [main] INFO org.soky.sro.pk2.io.Pk2IOTest - Consuming 8248 byte(s) from file mall_avatar_m_dragondress_hat.ddj with size 8248 
07:15:16.099 [main] DEBUG org.sokybot.pk2.Pk2CryptoUtils - File mall_avatar_m_earthspirit.ddj is not encrypted , flags not exists
07:15:16.099 [main] INFO org.soky.sro.pk2.io.Pk2IOTest - Consuming 16532 byte(s) from file mall_avatar_m_earthspirit.ddj with size 16532 
07:15:16.099 [main] DEBUG org.sokybot.pk2.Pk2CryptoUtils - File mall_avatar_m_earthspirit_attach.ddj is not encrypted , flags not exists
07:15:16.099 [main] INFO org.soky.sro.pk2.io.Pk2IOTest - Consuming 16532 byte(s) from file mall_avatar_m_earthspirit_attach.ddj with size 16532 
07:15:16.099 [main] DEBUG org.sokybot.pk2.Pk2CryptoUtils - File mall_avatar_m_earthspirit_hat.ddj is not encrypted , flags not exists
07:15:16.100 [main] INFO org.soky.sro.pk2.io.Pk2IOTest - Consuming 16532 byte(s) from file mall_avatar_m_earthspirit_hat.ddj with size 16532 
07:15:16.100 [main] DEBUG org.sokybot.pk2.Pk2CryptoUtils - File mall_avatar_m_eu_wedding.ddj is not encrypted , flags not exists
07:15:16.100 [main] INFO org.soky.sro.pk2.io.Pk2IOTest - Consuming 16532 byte(s) from file mall_avatar_m_eu_wedding.ddj with size 16532 
07:15:16.100 [main] DEBUG org.sokybot.pk2.Pk2CryptoUtils - File mall_avatar_m_eu_wedding_hat.ddj is not encrypted , flags not exists
07:15:16.100 [main] INFO org.soky.sro.pk2.io.Pk2IOTest - Consuming 16532 byte(s) from file mall_avatar_m_eu_wedding_hat.ddj with size 16532 
07:15:16.100 [main] DEBUG org.sokybot.pk2.Pk2CryptoUtils - File mall_avatar_m_event_winter.ddj is not encrypted , flags not exists
07:15:16.101 [main] INFO org.soky.sro.pk2.io.Pk2IOTest - Consuming 16532 byte(s) from file mall_avatar_m_event_winter.ddj with size 16532 
07:15:16.101 [main] DEBUG org.sokybot.pk2.Pk2CryptoUtils - File mall_avatar_m_event_winter_attach.ddj is not encrypted , flags not exists
07:15:16.101 [main] INFO org.soky.sro.pk2.io.Pk2IOTest - Consuming 16532 byte(s) from file mall_avatar_m_event_winter_attach.ddj with size 16532 
07:15:16.101 [main] DEBUG org.sokybot.pk2.Pk2CryptoUtils - File mall_avatar_m_event_winter_hat.ddj is not encrypted , flags not exists
07:15:16.101 [main] INFO org.soky.sro.pk2.io.Pk2IOTest - Consuming 16532 byte(s) from file mall_avatar_m_event_winter_hat.ddj with size 16532 
07:15:16.101 [main] DEBUG org.sokybot.pk2.Pk2CryptoUtils - File mall_avatar_m_fairy.ddj is not encrypted , flags not exists
07:15:16.102 [main] INFO org.soky.sro.pk2.io.Pk2IOTest - Consuming 16532 byte(s) from file mall_avatar_m_fairy.ddj with size 16532 
07:15:16.102 [main] DEBUG org.sokybot.pk2.Pk2CryptoUtils - File mall_avatar_m_fairy_hat.ddj is not encrypted , flags not exists
07:15:16.102 [main] INFO org.soky.sro.pk2.io.Pk2IOTest - Consuming 16532 byte(s) from file mall_avatar_m_fairy_hat.ddj with size 16532 
07:15:16.102 [main] DEBUG org.sokybot.pk2.Pk2CryptoUtils - File mall_avatar_m_fox.ddj is not encrypted , flags not exists
07:15:16.102 [main] INFO org.soky.sro.pk2.io.Pk2IOTest - Consuming 8248 byte(s) from file mall_avatar_m_fox.ddj with size 8248 
07:15:16.102 [main] DEBUG org.sokybot.pk2.Pk2CryptoUtils - File mall_avatar_m_fox_attach.ddj is not encrypted , flags not exists
07:15:16.102 [main] INFO org.soky.sro.pk2.io.Pk2IOTest - Consuming 8248 byte(s) from file mall_avatar_m_fox_attach.ddj with size 8248 
07:15:16.102 [main] DEBUG org.sokybot.pk2.Pk2CryptoUtils - File mall_avatar_m_fox_hat.ddj is not encrypted , flags not exists
07:15:16.103 [main] INFO org.soky.sro.pk2.io.Pk2IOTest - Consuming 8248 byte(s) from file mall_avatar_m_fox_hat.ddj with size 8248 
07:15:16.103 [main] DEBUG org.sokybot.pk2.Pk2CryptoUtils - File mall_avatar_m_fur.ddj is not encrypted , flags not exists
07:15:16.103 [main] INFO org.soky.sro.pk2.io.Pk2IOTest - Consuming 16532 byte(s) from file mall_avatar_m_fur.ddj with size 16532 
07:15:16.103 [main] DEBUG org.sokybot.pk2.Pk2CryptoUtils - File mall_avatar_m_fur_hat.ddj is not encrypted , flags not exists
07:15:16.103 [main] INFO org.soky.sro.pk2.io.Pk2IOTest - Consuming 16532 byte(s) from file mall_avatar_m_fur_hat.ddj with size 16532 
07:15:16.103 [main] DEBUG org.sokybot.pk2.Pk2CryptoUtils - File mall_avatar_m_halloween.ddj is not encrypted , flags not exists
07:15:16.103 [main] INFO org.soky.sro.pk2.io.Pk2IOTest - Consuming 16532 byte(s) from file mall_avatar_m_halloween.ddj with size 16532 
07:15:16.104 [main] DEBUG org.sokybot.pk2.Pk2CryptoUtils - File mall_avatar_m_halloweendress.ddj is not encrypted , flags not exists
07:15:16.104 [main] INFO org.soky.sro.pk2.io.Pk2IOTest - Consuming 8248 byte(s) from file mall_avatar_m_halloweendress.ddj with size 8248 
07:15:16.104 [main] DEBUG org.sokybot.pk2.Pk2CryptoUtils - File mall_avatar_m_halloweendress_attach.ddj is not encrypted , flags not exists
07:15:16.104 [main] INFO org.soky.sro.pk2.io.Pk2IOTest - Consuming 8248 byte(s) from file mall_avatar_m_halloweendress_attach.ddj with size 8248 
07:15:16.104 [main] DEBUG org.sokybot.pk2.Pk2CryptoUtils - File mall_avatar_m_halloweendress_hat.ddj is not encrypted , flags not exists
07:15:16.104 [main] INFO org.soky.sro.pk2.io.Pk2IOTest - Consuming 8248 byte(s) from file mall_avatar_m_halloweendress_hat.ddj with size 8248 
07:15:16.104 [main] DEBUG org.sokybot.pk2.Pk2CryptoUtils - File mall_avatar_m_halloween_hat.ddj is not encrypted , flags not exists
07:15:16.104 [main] INFO org.soky.sro.pk2.io.Pk2IOTest - Consuming 16532 byte(s) from file mall_avatar_m_halloween_hat.ddj with size 16532 
07:15:16.105 [main] DEBUG org.sokybot.pk2.Pk2CryptoUtils - File mall_avatar_m_headknights.ddj is not encrypted , flags not exists
07:15:16.105 [main] INFO org.soky.sro.pk2.io.Pk2IOTest - Consuming 8248 byte(s) from file mall_avatar_m_headknights.ddj with size 8248 
07:15:16.105 [main] DEBUG org.sokybot.pk2.Pk2CryptoUtils - File mall_avatar_m_headknights_attach.ddj is not encrypted , flags not exists
07:15:16.105 [main] INFO org.soky.sro.pk2.io.Pk2IOTest - Consuming 8248 byte(s) from file mall_avatar_m_headknights_attach.ddj with size 8248 
07:15:16.105 [main] DEBUG org.sokybot.pk2.Pk2CryptoUtils - File mall_avatar_m_headknights_hat.ddj is not encrypted , flags not exists
07:15:16.105 [main] INFO org.soky.sro.pk2.io.Pk2IOTest - Consuming 8248 byte(s) from file mall_avatar_m_headknights_hat.ddj with size 8248 
07:15:16.105 [main] DEBUG org.sokybot.pk2.Pk2CryptoUtils - File mall_avatar_m_hwarang.ddj is not encrypted , flags not exists
07:15:16.105 [main] INFO org.soky.sro.pk2.io.Pk2IOTest - Consuming 16532 byte(s) from file mall_avatar_m_hwarang.ddj with size 16532 
07:15:16.105 [main] DEBUG org.sokybot.pk2.Pk2CryptoUtils - File mall_avatar_m_hwarang_attach.ddj is not encrypted , flags not exists
07:15:16.106 [main] INFO org.soky.sro.pk2.io.Pk2IOTest - Consuming 16532 byte(s) from file mall_avatar_m_hwarang_attach.ddj with size 16532 
07:15:16.106 [main] DEBUG org.sokybot.pk2.Pk2CryptoUtils - File mall_avatar_m_hwarang_hat.ddj is not encrypted , flags not exists
07:15:16.106 [main] INFO org.soky.sro.pk2.io.Pk2IOTest - Consuming 16532 byte(s) from file mall_avatar_m_hwarang_hat.ddj with size 16532 
07:15:16.106 [main] DEBUG org.sokybot.pk2.Pk2CryptoUtils - File mall_avatar_m_knight.ddj is not encrypted , flags not exists
07:15:16.106 [main] INFO org.soky.sro.pk2.io.Pk2IOTest - Consuming 16532 byte(s) from file mall_avatar_m_knight.ddj with size 16532 
07:15:16.106 [main] DEBUG org.sokybot.pk2.Pk2CryptoUtils - File mall_avatar_m_knight_hat.ddj is not encrypted , flags not exists
07:15:16.107 [main] INFO org.soky.sro.pk2.io.Pk2IOTest - Consuming 16532 byte(s) from file mall_avatar_m_knight_hat.ddj with size 16532 
07:15:16.107 [main] DEBUG org.sokybot.pk2.Pk2CryptoUtils - File mall_avatar_m_mummy.ddj is not encrypted , flags not exists
07:15:16.107 [main] INFO org.soky.sro.pk2.io.Pk2IOTest - Consuming 8248 byte(s) from file mall_avatar_m_mummy.ddj with size 8248 
07:15:16.107 [main] DEBUG org.sokybot.pk2.Pk2CryptoUtils - File mall_avatar_m_mummy_attach.ddj is not encrypted , flags not exists
07:15:16.107 [main] INFO org.soky.sro.pk2.io.Pk2IOTest - Consuming 8248 byte(s) from file mall_avatar_m_mummy_attach.ddj with size 8248 
07:15:16.107 [main] DEBUG org.sokybot.pk2.Pk2CryptoUtils - File mall_avatar_m_mummy_hat.ddj is not encrypted , flags not exists
07:15:16.107 [main] INFO org.soky.sro.pk2.io.Pk2IOTest - Consuming 8248 byte(s) from file mall_avatar_m_mummy_hat.ddj with size 8248 
07:15:16.107 [main] DEBUG org.sokybot.pk2.Pk2CryptoUtils - File mall_avatar_m_nasrun.ddj is not encrypted , flags not exists
07:15:16.108 [main] INFO org.soky.sro.pk2.io.Pk2IOTest - Consuming 16532 byte(s) from file mall_avatar_m_nasrun.ddj with size 16532 
07:15:16.108 [main] DEBUG org.sokybot.pk2.Pk2CryptoUtils - File mall_avatar_m_nasrun_blue.ddj is not encrypted , flags not exists
07:15:16.108 [main] INFO org.soky.sro.pk2.io.Pk2IOTest - Consuming 16532 byte(s) from file mall_avatar_m_nasrun_blue.ddj with size 16532 
07:15:16.108 [main] DEBUG org.sokybot.pk2.Pk2CryptoUtils - File mall_avatar_m_nasrun_yellow.ddj is not encrypted , flags not exists
07:15:16.108 [main] INFO org.soky.sro.pk2.io.Pk2IOTest - Consuming 16532 byte(s) from file mall_avatar_m_nasrun_yellow.ddj with size 16532 
07:15:16.108 [main] DEBUG org.sokybot.pk2.Pk2CryptoUtils - File mall_avatar_m_newangel.ddj is not encrypted , flags not exists
07:15:16.108 [main] INFO org.soky.sro.pk2.io.Pk2IOTest - Consuming 8248 byte(s) from file mall_avatar_m_newangel.ddj with size 8248 
07:15:16.109 [main] DEBUG org.sokybot.pk2.Pk2CryptoUtils - File mall_avatar_m_newangel_hat.ddj is not encrypted , flags not exists
07:15:16.109 [main] INFO org.soky.sro.pk2.io.Pk2IOTest - Consuming 8248 byte(s) from file mall_avatar_m_newangel_hat.ddj with size 8248 
07:15:16.109 [main] DEBUG org.sokybot.pk2.Pk2CryptoUtils - File mall_avatar_m_newdevil.ddj is not encrypted , flags not exists
07:15:16.109 [main] INFO org.soky.sro.pk2.io.Pk2IOTest - Consuming 16532 byte(s) from file mall_avatar_m_newdevil.ddj with size 16532 
07:15:16.109 [main] DEBUG org.sokybot.pk2.Pk2CryptoUtils - File mall_avatar_m_newdevil_hat.ddj is not encrypted , flags not exists
07:15:16.109 [main] INFO org.soky.sro.pk2.io.Pk2IOTest - Consuming 16532 byte(s) from file mall_avatar_m_newdevil_hat.ddj with size 16532 
07:15:16.109 [main] DEBUG org.sokybot.pk2.Pk2CryptoUtils - File mall_avatar_m_newhalloween.ddj is not encrypted , flags not exists
07:15:16.110 [main] INFO org.soky.sro.pk2.io.Pk2IOTest - Consuming 16532 byte(s) from file mall_avatar_m_newhalloween.ddj with size 16532 
07:15:16.110 [main] DEBUG org.sokybot.pk2.Pk2CryptoUtils - File mall_avatar_m_newhalloween_attach.ddj is not encrypted , flags not exists
07:15:16.110 [main] INFO org.soky.sro.pk2.io.Pk2IOTest - Consuming 16532 byte(s) from file mall_avatar_m_newhalloween_attach.ddj with size 16532 
07:15:16.110 [main] DEBUG org.sokybot.pk2.Pk2CryptoUtils - File mall_avatar_m_newhalloween_hat.ddj is not encrypted , flags not exists
07:15:16.110 [main] INFO org.soky.sro.pk2.io.Pk2IOTest - Consuming 16532 byte(s) from file mall_avatar_m_newhalloween_hat.ddj with size 16532 
07:15:16.110 [main] DEBUG org.sokybot.pk2.Pk2CryptoUtils - File mall_avatar_m_noblesse.ddj is not encrypted , flags not exists
07:15:16.110 [main] INFO org.soky.sro.pk2.io.Pk2IOTest - Consuming 4244 byte(s) from file mall_avatar_m_noblesse.ddj with size 4244 
07:15:16.110 [main] DEBUG org.sokybot.pk2.Pk2CryptoUtils - File mall_avatar_m_noblesse_attach.ddj is not encrypted , flags not exists
07:15:16.110 [main] INFO org.soky.sro.pk2.io.Pk2IOTest - Consuming 4244 byte(s) from file mall_avatar_m_noblesse_attach.ddj with size 4244 
07:15:16.111 [main] DEBUG org.sokybot.pk2.Pk2CryptoUtils - File mall_avatar_m_noblesse_hat.ddj is not encrypted , flags not exists
07:15:16.111 [main] INFO org.soky.sro.pk2.io.Pk2IOTest - Consuming 4244 byte(s) from file mall_avatar_m_noblesse_hat.ddj with size 4244 
07:15:16.111 [main] DEBUG org.sokybot.pk2.Pk2CryptoUtils - File mall_avatar_m_phoenix_dress.ddj is not encrypted , flags not exists
07:15:16.111 [main] INFO org.soky.sro.pk2.io.Pk2IOTest - Consuming 8248 byte(s) from file mall_avatar_m_phoenix_dress.ddj with size 8248 
07:15:16.111 [main] DEBUG org.sokybot.pk2.Pk2CryptoUtils - File mall_avatar_m_phoenix_dress_hat.ddj is not encrypted , flags not exists
07:15:16.111 [main] INFO org.soky.sro.pk2.io.Pk2IOTest - Consuming 8248 byte(s) from file mall_avatar_m_phoenix_dress_hat.ddj with size 8248 
07:15:16.111 [main] DEBUG org.sokybot.pk2.Pk2CryptoUtils - File mall_avatar_m_pirate.ddj is not encrypted , flags not exists
07:15:16.112 [main] INFO org.soky.sro.pk2.io.Pk2IOTest - Consuming 16532 byte(s) from file mall_avatar_m_pirate.ddj with size 16532 
07:15:16.112 [main] DEBUG org.sokybot.pk2.Pk2CryptoUtils - File mall_avatar_m_piratecrew.ddj is not encrypted , flags not exists
07:15:16.112 [main] INFO org.soky.sro.pk2.io.Pk2IOTest - Consuming 16532 byte(s) from file mall_avatar_m_piratecrew.ddj with size 16532 
07:15:16.112 [main] DEBUG org.sokybot.pk2.Pk2CryptoUtils - File mall_avatar_m_piratecrew_attach.ddj is not encrypted , flags not exists
07:15:16.112 [main] INFO org.soky.sro.pk2.io.Pk2IOTest - Consuming 16532 byte(s) from file mall_avatar_m_piratecrew_attach.ddj with size 16532 
07:15:16.112 [main] DEBUG org.sokybot.pk2.Pk2CryptoUtils - File mall_avatar_m_piratecrew_hat.ddj is not encrypted , flags not exists
07:15:16.112 [main] INFO org.soky.sro.pk2.io.Pk2IOTest - Consuming 16532 byte(s) from file mall_avatar_m_piratecrew_hat.ddj with size 16532 
07:15:16.113 [main] DEBUG org.sokybot.pk2.Pk2CryptoUtils - File mall_avatar_m_pirate_attach.ddj is not encrypted , flags not exists
07:15:16.113 [main] INFO org.soky.sro.pk2.io.Pk2IOTest - Consuming 16532 byte(s) from file mall_avatar_m_pirate_attach.ddj with size 16532 
07:15:16.113 [main] DEBUG org.sokybot.pk2.Pk2CryptoUtils - File mall_avatar_m_pirate_hat.ddj is not encrypted , flags not exists
07:15:16.113 [main] INFO org.soky.sro.pk2.io.Pk2IOTest - Consuming 16532 byte(s) from file mall_avatar_m_pirate_hat.ddj with size 16532 
07:15:16.113 [main] DEBUG org.sokybot.pk2.Pk2CryptoUtils - File mall_avatar_m_redhood.ddj is not encrypted , flags not exists
07:15:16.113 [main] INFO org.soky.sro.pk2.io.Pk2IOTest - Consuming 8248 byte(s) from file mall_avatar_m_redhood.ddj with size 8248 
07:15:16.113 [main] DEBUG org.sokybot.pk2.Pk2CryptoUtils - File mall_avatar_m_redhood_attach_girl.ddj is not encrypted , flags not exists
07:15:16.114 [main] INFO org.soky.sro.pk2.io.Pk2IOTest - Consuming 8248 byte(s) from file mall_avatar_m_redhood_attach_girl.ddj with size 8248 
07:15:16.114 [main] DEBUG org.sokybot.pk2.Pk2CryptoUtils - File mall_avatar_m_redhood_attach_wolf.ddj is not encrypted , flags not exists
07:15:16.114 [main] INFO org.soky.sro.pk2.io.Pk2IOTest - Consuming 8248 byte(s) from file mall_avatar_m_redhood_attach_wolf.ddj with size 8248 
07:15:16.114 [main] DEBUG org.sokybot.pk2.Pk2CryptoUtils - File mall_avatar_m_redhood_hat.ddj is not encrypted , flags not exists
07:15:16.114 [main] INFO org.soky.sro.pk2.io.Pk2IOTest - Consuming 8248 byte(s) from file mall_avatar_m_redhood_hat.ddj with size 8248 
07:15:16.114 [main] DEBUG org.sokybot.pk2.Pk2CryptoUtils - File mall_avatar_m_saintwarrior.ddj is not encrypted , flags not exists
07:15:16.114 [main] INFO org.soky.sro.pk2.io.Pk2IOTest - Consuming 16532 byte(s) from file mall_avatar_m_saintwarrior.ddj with size 16532 
07:15:16.114 [main] DEBUG org.sokybot.pk2.Pk2CryptoUtils - File mall_avatar_m_saintwarrior_attach.ddj is not encrypted , flags not exists
07:15:16.115 [main] INFO org.soky.sro.pk2.io.Pk2IOTest - Consuming 16532 byte(s) from file mall_avatar_m_saintwarrior_attach.ddj with size 16532 
07:15:16.115 [main] DEBUG org.sokybot.pk2.Pk2CryptoUtils - File mall_avatar_m_saintwarrior_hat.ddj is not encrypted , flags not exists
07:15:16.115 [main] INFO org.soky.sro.pk2.io.Pk2IOTest - Consuming 16532 byte(s) from file mall_avatar_m_saintwarrior_hat.ddj with size 16532 
07:15:16.115 [main] DEBUG org.sokybot.pk2.Pk2CryptoUtils - File mall_avatar_m_saytan_dress.ddj is not encrypted , flags not exists
07:15:16.115 [main] INFO org.soky.sro.pk2.io.Pk2IOTest - Consuming 8248 byte(s) from file mall_avatar_m_saytan_dress.ddj with size 8248 
07:15:16.115 [main] DEBUG org.sokybot.pk2.Pk2CryptoUtils - File mall_avatar_m_saytan_dress_attach.ddj is not encrypted , flags not exists
07:15:16.115 [main] INFO org.soky.sro.pk2.io.Pk2IOTest - Consuming 8248 byte(s) from file mall_avatar_m_saytan_dress_attach.ddj with size 8248 
07:15:16.116 [main] DEBUG org.sokybot.pk2.Pk2CryptoUtils - File mall_avatar_m_saytan_dress_hat.ddj is not encrypted , flags not exists
07:15:16.116 [main] INFO org.soky.sro.pk2.io.Pk2IOTest - Consuming 8248 byte(s) from file mall_avatar_m_saytan_dress_hat.ddj with size 8248 
07:15:16.116 [main] DEBUG org.sokybot.pk2.Pk2CryptoUtils - File mall_avatar_m_shogun.ddj is not encrypted , flags not exists
07:15:16.116 [main] INFO org.soky.sro.pk2.io.Pk2IOTest - Consuming 16532 byte(s) from file mall_avatar_m_shogun.ddj with size 16532 
07:15:16.116 [main] DEBUG org.sokybot.pk2.Pk2CryptoUtils - File mall_avatar_m_shogun_attach.ddj is not encrypted , flags not exists
07:15:16.116 [main] INFO org.soky.sro.pk2.io.Pk2IOTest - Consuming 16532 byte(s) from file mall_avatar_m_shogun_attach.ddj with size 16532 
07:15:16.117 [main] DEBUG org.sokybot.pk2.Pk2CryptoUtils - File mall_avatar_m_shogun_hat.ddj is not encrypted , flags not exists
07:15:16.117 [main] INFO org.soky.sro.pk2.io.Pk2IOTest - Consuming 16532 byte(s) from file mall_avatar_m_shogun_hat.ddj with size 16532 
07:15:16.117 [main] DEBUG org.sokybot.pk2.Pk2CryptoUtils - File mall_avatar_m_sparta.ddj is not encrypted , flags not exists
07:15:16.117 [main] INFO org.soky.sro.pk2.io.Pk2IOTest - Consuming 16532 byte(s) from file mall_avatar_m_sparta.ddj with size 16532 
07:15:16.117 [main] DEBUG org.sokybot.pk2.Pk2CryptoUtils - File mall_avatar_m_sparta_attach.ddj is not encrypted , flags not exists
07:15:16.118 [main] INFO org.soky.sro.pk2.io.Pk2IOTest - Consuming 16532 byte(s) from file mall_avatar_m_sparta_attach.ddj with size 16532 
07:15:16.118 [main] DEBUG org.sokybot.pk2.Pk2CryptoUtils - File mall_avatar_m_sparta_hat.ddj is not encrypted , flags not exists
07:15:16.118 [main] INFO org.soky.sro.pk2.io.Pk2IOTest - Consuming 16532 byte(s) from file mall_avatar_m_sparta_hat.ddj with size 16532 
07:15:16.118 [main] DEBUG org.sokybot.pk2.Pk2CryptoUtils - File mall_avatar_m_turkey.ddj is not encrypted , flags not exists
07:15:16.118 [main] INFO org.soky.sro.pk2.io.Pk2IOTest - Consuming 16532 byte(s) from file mall_avatar_m_turkey.ddj with size 16532 
07:15:16.118 [main] DEBUG org.sokybot.pk2.Pk2CryptoUtils - File mall_avatar_m_turkey_hat.ddj is not encrypted , flags not exists
07:15:16.119 [main] INFO org.soky.sro.pk2.io.Pk2IOTest - Consuming 16532 byte(s) from file mall_avatar_m_turkey_hat.ddj with size 16532 
07:15:16.119 [main] DEBUG org.sokybot.pk2.Pk2CryptoUtils - File mall_avatar_m_vampire.ddj is not encrypted , flags not exists
07:15:16.119 [main] INFO org.soky.sro.pk2.io.Pk2IOTest - Consuming 8248 byte(s) from file mall_avatar_m_vampire.ddj with size 8248 
07:15:16.119 [main] DEBUG org.sokybot.pk2.Pk2CryptoUtils - File mall_avatar_m_vampire_attach.ddj is not encrypted , flags not exists
07:15:16.119 [main] INFO org.soky.sro.pk2.io.Pk2IOTest - Consuming 8248 byte(s) from file mall_avatar_m_vampire_attach.ddj with size 8248 
07:15:16.119 [main] DEBUG org.sokybot.pk2.Pk2CryptoUtils - File mall_avatar_m_vampire_hat.ddj is not encrypted , flags not exists
07:15:16.119 [main] INFO org.soky.sro.pk2.io.Pk2IOTest - Consuming 8248 byte(s) from file mall_avatar_m_vampire_hat.ddj with size 8248 
07:15:16.119 [main] DEBUG org.sokybot.pk2.Pk2CryptoUtils - File mall_avatar_w_admiral.ddj is not encrypted , flags not exists
07:15:16.120 [main] INFO org.soky.sro.pk2.io.Pk2IOTest - Consuming 16532 byte(s) from file mall_avatar_w_admiral.ddj with size 16532 
07:15:16.120 [main] DEBUG org.sokybot.pk2.Pk2CryptoUtils - File mall_avatar_w_admiral_attach.ddj is not encrypted , flags not exists
07:15:16.120 [main] INFO org.soky.sro.pk2.io.Pk2IOTest - Consuming 16532 byte(s) from file mall_avatar_w_admiral_attach.ddj with size 16532 
07:15:16.120 [main] DEBUG org.sokybot.pk2.Pk2CryptoUtils - File mall_avatar_w_admiral_hat.ddj is not encrypted , flags not exists
07:15:16.120 [main] INFO org.soky.sro.pk2.io.Pk2IOTest - Consuming 16532 byte(s) from file mall_avatar_w_admiral_hat.ddj with size 16532 
07:15:16.120 [main] DEBUG org.sokybot.pk2.Pk2CryptoUtils - File mall_avatar_w_amalrun.ddj is not encrypted , flags not exists
07:15:16.120 [main] INFO org.soky.sro.pk2.io.Pk2IOTest - Consuming 8248 byte(s) from file mall_avatar_w_amalrun.ddj with size 8248 
07:15:16.121 [main] DEBUG org.sokybot.pk2.Pk2CryptoUtils - File mall_avatar_w_amalrun_blue.ddj is not encrypted , flags not exists
07:15:16.121 [main] INFO org.soky.sro.pk2.io.Pk2IOTest - Consuming 8248 byte(s) from file mall_avatar_w_amalrun_blue.ddj with size 8248 
07:15:16.121 [main] DEBUG org.sokybot.pk2.Pk2CryptoUtils - File mall_avatar_w_amalrun_yellow.ddj is not encrypted , flags not exists
07:15:16.121 [main] INFO org.soky.sro.pk2.io.Pk2IOTest - Consuming 8248 byte(s) from file mall_avatar_w_amalrun_yellow.ddj with size 8248 
07:15:16.121 [main] DEBUG org.sokybot.pk2.Pk2CryptoUtils - File mall_avatar_w_angel_powers_dress.ddj is not encrypted , flags not exists
07:15:16.121 [main] INFO org.soky.sro.pk2.io.Pk2IOTest - Consuming 4244 byte(s) from file mall_avatar_w_angel_powers_dress.ddj with size 4244 
07:15:16.121 [main] DEBUG org.sokybot.pk2.Pk2CryptoUtils - File mall_avatar_w_angel_powers_dress_hat.ddj is not encrypted , flags not exists
07:15:16.121 [main] INFO org.soky.sro.pk2.io.Pk2IOTest - Consuming 4244 byte(s) from file mall_avatar_w_angel_powers_dress_hat.ddj with size 4244 
07:15:16.122 [main] DEBUG org.sokybot.pk2.Pk2CryptoUtils - File mall_avatar_w_angel_wing.ddj is not encrypted , flags not exists
07:15:16.122 [main] INFO org.soky.sro.pk2.io.Pk2IOTest - Consuming 16532 byte(s) from file mall_avatar_w_angel_wing.ddj with size 16532 
07:15:16.122 [main] DEBUG org.sokybot.pk2.Pk2CryptoUtils - File mall_avatar_w_angel_wing_dress.ddj is not encrypted , flags not exists
07:15:16.122 [main] INFO org.soky.sro.pk2.io.Pk2IOTest - Consuming 16532 byte(s) from file mall_avatar_w_angel_wing_dress.ddj with size 16532 
07:15:16.122 [main] DEBUG org.sokybot.pk2.Pk2CryptoUtils - File mall_avatar_w_arabia.ddj is not encrypted , flags not exists
07:15:16.122 [main] INFO org.soky.sro.pk2.io.Pk2IOTest - Consuming 16532 byte(s) from file mall_avatar_w_arabia.ddj with size 16532 
07:15:16.123 [main] DEBUG org.sokybot.pk2.Pk2CryptoUtils - File mall_avatar_w_arabiandress.ddj is not encrypted , flags not exists
07:15:16.123 [main] INFO org.soky.sro.pk2.io.Pk2IOTest - Consuming 16532 byte(s) from file mall_avatar_w_arabiandress.ddj with size 16532 
07:15:16.123 [main] DEBUG org.sokybot.pk2.Pk2CryptoUtils - File mall_avatar_w_arabiandress_attach.ddj is not encrypted , flags not exists
07:15:16.123 [main] INFO org.soky.sro.pk2.io.Pk2IOTest - Consuming 16532 byte(s) from file mall_avatar_w_arabiandress_attach.ddj with size 16532 
07:15:16.123 [main] DEBUG org.sokybot.pk2.Pk2CryptoUtils - File mall_avatar_w_arabiandress_hat.ddj is not encrypted , flags not exists
07:15:16.123 [main] INFO org.soky.sro.pk2.io.Pk2IOTest - Consuming 16532 byte(s) from file mall_avatar_w_arabiandress_hat.ddj with size 16532 
07:15:16.124 [main] DEBUG org.sokybot.pk2.Pk2CryptoUtils - File mall_avatar_w_arabia_attach.ddj is not encrypted , flags not exists
07:15:16.124 [main] INFO org.soky.sro.pk2.io.Pk2IOTest - Consuming 16532 byte(s) from file mall_avatar_w_arabia_attach.ddj with size 16532 
07:15:16.124 [main] DEBUG org.sokybot.pk2.Pk2CryptoUtils - File mall_avatar_w_arabia_hat.ddj is not encrypted , flags not exists
07:15:16.124 [main] INFO org.soky.sro.pk2.io.Pk2IOTest - Consuming 16532 byte(s) from file mall_avatar_w_arabia_hat.ddj with size 16532 
07:15:16.124 [main] DEBUG org.sokybot.pk2.Pk2CryptoUtils - File mall_avatar_w_assassin.ddj is not encrypted , flags not exists
07:15:16.124 [main] INFO org.soky.sro.pk2.io.Pk2IOTest - Consuming 8248 byte(s) from file mall_avatar_w_assassin.ddj with size 8248 
07:15:16.124 [main] DEBUG org.sokybot.pk2.Pk2CryptoUtils - File mall_avatar_w_assassin_attach.ddj is not encrypted , flags not exists
07:15:16.125 [main] INFO org.soky.sro.pk2.io.Pk2IOTest - Consuming 8248 byte(s) from file mall_avatar_w_assassin_attach.ddj with size 8248 
07:15:16.125 [main] DEBUG org.sokybot.pk2.Pk2CryptoUtils - File mall_avatar_w_assassin_hat.ddj is not encrypted , flags not exists
07:15:16.125 [main] INFO org.soky.sro.pk2.io.Pk2IOTest - Consuming 8248 byte(s) from file mall_avatar_w_assassin_hat.ddj with size 8248 
07:15:16.125 [main] DEBUG org.sokybot.pk2.Pk2CryptoUtils - File mall_avatar_w_blackwing.ddj is not encrypted , flags not exists
07:15:16.125 [main] INFO org.soky.sro.pk2.io.Pk2IOTest - Consuming 8340 byte(s) from file mall_avatar_w_blackwing.ddj with size 8340 
07:15:16.125 [main] DEBUG org.sokybot.pk2.Pk2CryptoUtils - File mall_avatar_w_blackwing_hat.ddj is not encrypted , flags not exists
07:15:16.125 [main] INFO org.soky.sro.pk2.io.Pk2IOTest - Consuming 8340 byte(s) from file mall_avatar_w_blackwing_hat.ddj with size 8340 
07:15:16.125 [main] DEBUG org.sokybot.pk2.Pk2CryptoUtils - File mall_avatar_w_carnival.ddj is not encrypted , flags not exists
07:15:16.126 [main] INFO org.soky.sro.pk2.io.Pk2IOTest - Consuming 16532 byte(s) from file mall_avatar_w_carnival.ddj with size 16532 
07:15:16.126 [main] DEBUG org.sokybot.pk2.Pk2CryptoUtils - File mall_avatar_w_carnival_attach.ddj is not encrypted , flags not exists
07:15:16.126 [main] INFO org.soky.sro.pk2.io.Pk2IOTest - Consuming 16532 byte(s) from file mall_avatar_w_carnival_attach.ddj with size 16532 
07:15:16.126 [main] DEBUG org.sokybot.pk2.Pk2CryptoUtils - File mall_avatar_w_carnival_hat.ddj is not encrypted , flags not exists
07:15:16.126 [main] INFO org.soky.sro.pk2.io.Pk2IOTest - Consuming 16532 byte(s) from file mall_avatar_w_carnival_hat.ddj with size 16532 
07:15:16.126 [main] DEBUG org.sokybot.pk2.Pk2CryptoUtils - File mall_avatar_w_chingchu.ddj is not encrypted , flags not exists
07:15:16.127 [main] INFO org.soky.sro.pk2.io.Pk2IOTest - Consuming 16532 byte(s) from file mall_avatar_w_chingchu.ddj with size 16532 
07:15:16.127 [main] DEBUG org.sokybot.pk2.Pk2CryptoUtils - File mall_avatar_w_chingchu_attach.ddj is not encrypted , flags not exists
07:15:16.127 [main] INFO org.soky.sro.pk2.io.Pk2IOTest - Consuming 16532 byte(s) from file mall_avatar_w_chingchu_attach.ddj with size 16532 
07:15:16.127 [main] DEBUG org.sokybot.pk2.Pk2CryptoUtils - File mall_avatar_w_chingchu_hat.ddj is not encrypted , flags not exists
07:15:16.127 [main] INFO org.soky.sro.pk2.io.Pk2IOTest - Consuming 16532 byte(s) from file mall_avatar_w_chingchu_hat.ddj with size 16532 
07:15:16.127 [main] DEBUG org.sokybot.pk2.Pk2CryptoUtils - File mall_avatar_w_ch_wedding.ddj is not encrypted , flags not exists
07:15:16.128 [main] INFO org.soky.sro.pk2.io.Pk2IOTest - Consuming 16532 byte(s) from file mall_avatar_w_ch_wedding.ddj with size 16532 
07:15:16.128 [main] DEBUG org.sokybot.pk2.Pk2CryptoUtils - File mall_avatar_w_ch_wedding_hat.ddj is not encrypted , flags not exists
07:15:16.128 [main] INFO org.soky.sro.pk2.io.Pk2IOTest - Consuming 16532 byte(s) from file mall_avatar_w_ch_wedding_hat.ddj with size 16532 
07:15:16.128 [main] DEBUG org.sokybot.pk2.Pk2CryptoUtils - File mall_avatar_w_clown.ddj is not encrypted , flags not exists
07:15:16.128 [main] INFO org.soky.sro.pk2.io.Pk2IOTest - Consuming 16532 byte(s) from file mall_avatar_w_clown.ddj with size 16532 
07:15:16.128 [main] DEBUG org.sokybot.pk2.Pk2CryptoUtils - File mall_avatar_w_clown_attach.ddj is not encrypted , flags not exists
07:15:16.129 [main] INFO org.soky.sro.pk2.io.Pk2IOTest - Consuming 16532 byte(s) from file mall_avatar_w_clown_attach.ddj with size 16532 
07:15:16.129 [main] DEBUG org.sokybot.pk2.Pk2CryptoUtils - File mall_avatar_w_clown_hat.ddj is not encrypted , flags not exists
07:15:16.129 [main] INFO org.soky.sro.pk2.io.Pk2IOTest - Consuming 16532 byte(s) from file mall_avatar_w_clown_hat.ddj with size 16532 
07:15:16.129 [main] DEBUG org.sokybot.pk2.Pk2CryptoUtils - File mall_avatar_w_darklknight.ddj is not encrypted , flags not exists
07:15:16.129 [main] INFO org.soky.sro.pk2.io.Pk2IOTest - Consuming 16532 byte(s) from file mall_avatar_w_darklknight.ddj with size 16532 
07:15:16.129 [main] DEBUG org.sokybot.pk2.Pk2CryptoUtils - File mall_avatar_w_darklknight_attach.ddj is not encrypted , flags not exists
07:15:16.130 [main] INFO org.soky.sro.pk2.io.Pk2IOTest - Consuming 16532 byte(s) from file mall_avatar_w_darklknight_attach.ddj with size 16532 
07:15:16.130 [main] DEBUG org.sokybot.pk2.Pk2CryptoUtils - File mall_avatar_w_darklknight_hat.ddj is not encrypted , flags not exists
07:15:16.130 [main] INFO org.soky.sro.pk2.io.Pk2IOTest - Consuming 16532 byte(s) from file mall_avatar_w_darklknight_hat.ddj with size 16532 
07:15:16.130 [main] DEBUG org.sokybot.pk2.Pk2CryptoUtils - File mall_avatar_w_darkwarrior.ddj is not encrypted , flags not exists
07:15:16.130 [main] INFO org.soky.sro.pk2.io.Pk2IOTest - Consuming 8248 byte(s) from file mall_avatar_w_darkwarrior.ddj with size 8248 
07:15:16.130 [main] DEBUG org.sokybot.pk2.Pk2CryptoUtils - File mall_avatar_w_darkwarrior_attach.ddj is not encrypted , flags not exists
07:15:16.130 [main] INFO org.soky.sro.pk2.io.Pk2IOTest - Consuming 8248 byte(s) from file mall_avatar_w_darkwarrior_attach.ddj with size 8248 
07:15:16.131 [main] DEBUG org.sokybot.pk2.Pk2CryptoUtils - File mall_avatar_w_darkwarrior_hat.ddj is not encrypted , flags not exists
07:15:16.131 [main] INFO org.soky.sro.pk2.io.Pk2IOTest - Consuming 8248 byte(s) from file mall_avatar_w_darkwarrior_hat.ddj with size 8248 
07:15:16.131 [main] DEBUG org.sokybot.pk2.Pk2CryptoUtils - File mall_avatar_w_devil_wing_dress.ddj is not encrypted , flags not exists
07:15:16.131 [main] INFO org.soky.sro.pk2.io.Pk2IOTest - Consuming 16532 byte(s) from file mall_avatar_w_devil_wing_dress.ddj with size 16532 
07:15:16.131 [main] DEBUG org.sokybot.pk2.Pk2CryptoUtils - File mall_avatar_w_dragondress.ddj is not encrypted , flags not exists
07:15:16.131 [main] INFO org.soky.sro.pk2.io.Pk2IOTest - Consuming 8248 byte(s) from file mall_avatar_w_dragondress.ddj with size 8248 
07:15:16.131 [main] DEBUG org.sokybot.pk2.Pk2CryptoUtils - File mall_avatar_w_dragondress_attach.ddj is not encrypted , flags not exists
07:15:16.132 [main] INFO org.soky.sro.pk2.io.Pk2IOTest - Consuming 8248 byte(s) from file mall_avatar_w_dragondress_attach.ddj with size 8248 
07:15:16.132 [main] DEBUG org.sokybot.pk2.Pk2CryptoUtils - File mall_avatar_w_dragondress_hat.ddj is not encrypted , flags not exists
07:15:16.132 [main] INFO org.soky.sro.pk2.io.Pk2IOTest - Consuming 8248 byte(s) from file mall_avatar_w_dragondress_hat.ddj with size 8248 
07:15:16.132 [main] DEBUG org.sokybot.pk2.Pk2CryptoUtils - File mall_avatar_w_earthspirit.ddj is not encrypted , flags not exists
07:15:16.132 [main] INFO org.soky.sro.pk2.io.Pk2IOTest - Consuming 16532 byte(s) from file mall_avatar_w_earthspirit.ddj with size 16532 
07:15:16.132 [main] DEBUG org.sokybot.pk2.Pk2CryptoUtils - File mall_avatar_w_earthspirit_attach.ddj is not encrypted , flags not exists
07:15:16.132 [main] INFO org.soky.sro.pk2.io.Pk2IOTest - Consuming 16532 byte(s) from file mall_avatar_w_earthspirit_attach.ddj with size 16532 
07:15:16.132 [main] DEBUG org.sokybot.pk2.Pk2CryptoUtils - File mall_avatar_w_earthspirit_hat.ddj is not encrypted , flags not exists
07:15:16.133 [main] INFO org.soky.sro.pk2.io.Pk2IOTest - Consuming 16532 byte(s) from file mall_avatar_w_earthspirit_hat.ddj with size 16532 
07:15:16.133 [main] DEBUG org.sokybot.pk2.Pk2CryptoUtils - File mall_avatar_w_eu_wedding.ddj is not encrypted , flags not exists
07:15:16.133 [main] INFO org.soky.sro.pk2.io.Pk2IOTest - Consuming 16532 byte(s) from file mall_avatar_w_eu_wedding.ddj with size 16532 
07:15:16.133 [main] DEBUG org.sokybot.pk2.Pk2CryptoUtils - File mall_avatar_w_eu_wedding_hat.ddj is not encrypted , flags not exists
07:15:16.133 [main] INFO org.soky.sro.pk2.io.Pk2IOTest - Consuming 16532 byte(s) from file mall_avatar_w_eu_wedding_hat.ddj with size 16532 
07:15:16.133 [main] DEBUG org.sokybot.pk2.Pk2CryptoUtils - File mall_avatar_w_event_winter.ddj is not encrypted , flags not exists
07:15:16.134 [main] INFO org.soky.sro.pk2.io.Pk2IOTest - Consuming 16532 byte(s) from file mall_avatar_w_event_winter.ddj with size 16532 
07:15:16.134 [main] DEBUG org.sokybot.pk2.Pk2CryptoUtils - File mall_avatar_w_event_winter_attach.ddj is not encrypted , flags not exists
07:15:16.134 [main] INFO org.soky.sro.pk2.io.Pk2IOTest - Consuming 16532 byte(s) from file mall_avatar_w_event_winter_attach.ddj with size 16532 
07:15:16.134 [main] DEBUG org.sokybot.pk2.Pk2CryptoUtils - File mall_avatar_w_event_winter_hat.ddj is not encrypted , flags not exists
07:15:16.134 [main] INFO org.soky.sro.pk2.io.Pk2IOTest - Consuming 16532 byte(s) from file mall_avatar_w_event_winter_hat.ddj with size 16532 
07:15:16.134 [main] DEBUG org.sokybot.pk2.Pk2CryptoUtils - File mall_avatar_w_fairy.ddj is not encrypted , flags not exists
07:15:16.134 [main] INFO org.soky.sro.pk2.io.Pk2IOTest - Consuming 16532 byte(s) from file mall_avatar_w_fairy.ddj with size 16532 
07:15:16.135 [main] DEBUG org.sokybot.pk2.Pk2CryptoUtils - File mall_avatar_w_fairy_hat.ddj is not encrypted , flags not exists
07:15:16.135 [main] INFO org.soky.sro.pk2.io.Pk2IOTest - Consuming 16532 byte(s) from file mall_avatar_w_fairy_hat.ddj with size 16532 
07:15:16.135 [main] DEBUG org.sokybot.pk2.Pk2CryptoUtils - File mall_avatar_w_fox.ddj is not encrypted , flags not exists
07:15:16.135 [main] INFO org.soky.sro.pk2.io.Pk2IOTest - Consuming 8248 byte(s) from file mall_avatar_w_fox.ddj with size 8248 
07:15:16.135 [main] DEBUG org.sokybot.pk2.Pk2CryptoUtils - File mall_avatar_w_fox_attach.ddj is not encrypted , flags not exists
07:15:16.135 [main] INFO org.soky.sro.pk2.io.Pk2IOTest - Consuming 8248 byte(s) from file mall_avatar_w_fox_attach.ddj with size 8248 
07:15:16.135 [main] DEBUG org.sokybot.pk2.Pk2CryptoUtils - File mall_avatar_w_fox_hat.ddj is not encrypted , flags not exists
07:15:16.135 [main] INFO org.soky.sro.pk2.io.Pk2IOTest - Consuming 8248 byte(s) from file mall_avatar_w_fox_hat.ddj with size 8248 
07:15:16.135 [main] DEBUG org.sokybot.pk2.Pk2CryptoUtils - File mall_avatar_w_fur.ddj is not encrypted , flags not exists
07:15:16.136 [main] INFO org.soky.sro.pk2.io.Pk2IOTest - Consuming 16532 byte(s) from file mall_avatar_w_fur.ddj with size 16532 
07:15:16.136 [main] DEBUG org.sokybot.pk2.Pk2CryptoUtils - File mall_avatar_w_fur_hat.ddj is not encrypted , flags not exists
07:15:16.136 [main] INFO org.soky.sro.pk2.io.Pk2IOTest - Consuming 16532 byte(s) from file mall_avatar_w_fur_hat.ddj with size 16532 
07:15:16.136 [main] DEBUG org.sokybot.pk2.Pk2CryptoUtils - File mall_avatar_w_halloween.ddj is not encrypted , flags not exists
07:15:16.136 [main] INFO org.soky.sro.pk2.io.Pk2IOTest - Consuming 16532 byte(s) from file mall_avatar_w_halloween.ddj with size 16532 
07:15:16.136 [main] DEBUG org.sokybot.pk2.Pk2CryptoUtils - File mall_avatar_w_halloweendress.ddj is not encrypted , flags not exists
07:15:16.136 [main] INFO org.soky.sro.pk2.io.Pk2IOTest - Consuming 8248 byte(s) from file mall_avatar_w_halloweendress.ddj with size 8248 
07:15:16.137 [main] DEBUG org.sokybot.pk2.Pk2CryptoUtils - File mall_avatar_w_halloweendress_attach.ddj is not encrypted , flags not exists
07:15:16.137 [main] INFO org.soky.sro.pk2.io.Pk2IOTest - Consuming 8248 byte(s) from file mall_avatar_w_halloweendress_attach.ddj with size 8248 
07:15:16.137 [main] DEBUG org.sokybot.pk2.Pk2CryptoUtils - File mall_avatar_w_halloweendress_hat.ddj is not encrypted , flags not exists
07:15:16.137 [main] INFO org.soky.sro.pk2.io.Pk2IOTest - Consuming 8248 byte(s) from file mall_avatar_w_halloweendress_hat.ddj with size 8248 
07:15:16.137 [main] DEBUG org.sokybot.pk2.Pk2CryptoUtils - File mall_avatar_w_halloween_hat.ddj is not encrypted , flags not exists
07:15:16.137 [main] INFO org.soky.sro.pk2.io.Pk2IOTest - Consuming 16532 byte(s) from file mall_avatar_w_halloween_hat.ddj with size 16532 
07:15:16.137 [main] DEBUG org.sokybot.pk2.Pk2CryptoUtils - File mall_avatar_w_headknights.ddj is not encrypted , flags not exists
07:15:16.137 [main] INFO org.soky.sro.pk2.io.Pk2IOTest - Consuming 8248 byte(s) from file mall_avatar_w_headknights.ddj with size 8248 
07:15:16.138 [main] DEBUG org.sokybot.pk2.Pk2CryptoUtils - File mall_avatar_w_headknights_attach.ddj is not encrypted , flags not exists
07:15:16.138 [main] INFO org.soky.sro.pk2.io.Pk2IOTest - Consuming 8248 byte(s) from file mall_avatar_w_headknights_attach.ddj with size 8248 
07:15:16.138 [main] DEBUG org.sokybot.pk2.Pk2CryptoUtils - File mall_avatar_w_headknights_hat.ddj is not encrypted , flags not exists
07:15:16.138 [main] INFO org.soky.sro.pk2.io.Pk2IOTest - Consuming 8248 byte(s) from file mall_avatar_w_headknights_hat.ddj with size 8248 
07:15:16.138 [main] DEBUG org.sokybot.pk2.Pk2CryptoUtils - File mall_avatar_w_hwarang.ddj is not encrypted , flags not exists
07:15:16.138 [main] INFO org.soky.sro.pk2.io.Pk2IOTest - Consuming 16532 byte(s) from file mall_avatar_w_hwarang.ddj with size 16532 
07:15:16.138 [main] DEBUG org.sokybot.pk2.Pk2CryptoUtils - File mall_avatar_w_hwarang_attach.ddj is not encrypted , flags not exists
07:15:16.138 [main] INFO org.soky.sro.pk2.io.Pk2IOTest - Consuming 16532 byte(s) from file mall_avatar_w_hwarang_attach.ddj with size 16532 
07:15:16.139 [main] DEBUG org.sokybot.pk2.Pk2CryptoUtils - File mall_avatar_w_hwarang_hat.ddj is not encrypted , flags not exists
07:15:16.139 [main] INFO org.soky.sro.pk2.io.Pk2IOTest - Consuming 16532 byte(s) from file mall_avatar_w_hwarang_hat.ddj with size 16532 
07:15:16.139 [main] DEBUG org.sokybot.pk2.Pk2CryptoUtils - File mall_avatar_w_knight.ddj is not encrypted , flags not exists
07:15:16.139 [main] INFO org.soky.sro.pk2.io.Pk2IOTest - Consuming 16532 byte(s) from file mall_avatar_w_knight.ddj with size 16532 
07:15:16.139 [main] DEBUG org.sokybot.pk2.Pk2CryptoUtils - File mall_avatar_w_knight_hat.ddj is not encrypted , flags not exists
07:15:16.139 [main] INFO org.soky.sro.pk2.io.Pk2IOTest - Consuming 16532 byte(s) from file mall_avatar_w_knight_hat.ddj with size 16532 
07:15:16.139 [main] DEBUG org.sokybot.pk2.Pk2CryptoUtils - File mall_avatar_w_mummy.ddj is not encrypted , flags not exists
07:15:16.140 [main] INFO org.soky.sro.pk2.io.Pk2IOTest - Consuming 8248 byte(s) from file mall_avatar_w_mummy.ddj with size 8248 
07:15:16.140 [main] DEBUG org.sokybot.pk2.Pk2CryptoUtils - File mall_avatar_w_mummy_attach.ddj is not encrypted , flags not exists
07:15:16.140 [main] INFO org.soky.sro.pk2.io.Pk2IOTest - Consuming 8248 byte(s) from file mall_avatar_w_mummy_attach.ddj with size 8248 
07:15:16.140 [main] DEBUG org.sokybot.pk2.Pk2CryptoUtils - File mall_avatar_w_mummy_hat.ddj is not encrypted , flags not exists
07:15:16.140 [main] INFO org.soky.sro.pk2.io.Pk2IOTest - Consuming 8248 byte(s) from file mall_avatar_w_mummy_hat.ddj with size 8248 
07:15:16.140 [main] DEBUG org.sokybot.pk2.Pk2CryptoUtils - File mall_avatar_w_nasrun.ddj is not encrypted , flags not exists
07:15:16.140 [main] INFO org.soky.sro.pk2.io.Pk2IOTest - Consuming 16532 byte(s) from file mall_avatar_w_nasrun.ddj with size 16532 
07:15:16.140 [main] DEBUG org.sokybot.pk2.Pk2CryptoUtils - File mall_avatar_w_nasrun_blue.ddj is not encrypted , flags not exists
07:15:16.141 [main] INFO org.soky.sro.pk2.io.Pk2IOTest - Consuming 16532 byte(s) from file mall_avatar_w_nasrun_blue.ddj with size 16532 
07:15:16.141 [main] DEBUG org.sokybot.pk2.Pk2CryptoUtils - File mall_avatar_w_nasrun_yellow.ddj is not encrypted , flags not exists
07:15:16.141 [main] INFO org.soky.sro.pk2.io.Pk2IOTest - Consuming 16532 byte(s) from file mall_avatar_w_nasrun_yellow.ddj with size 16532 
07:15:16.141 [main] DEBUG org.sokybot.pk2.Pk2CryptoUtils - File mall_avatar_w_newangel.ddj is not encrypted , flags not exists
07:15:16.141 [main] INFO org.soky.sro.pk2.io.Pk2IOTest - Consuming 8248 byte(s) from file mall_avatar_w_newangel.ddj with size 8248 
07:15:16.141 [main] DEBUG org.sokybot.pk2.Pk2CryptoUtils - File mall_avatar_w_newangel_hat.ddj is not encrypted , flags not exists
07:15:16.141 [main] INFO org.soky.sro.pk2.io.Pk2IOTest - Consuming 8248 byte(s) from file mall_avatar_w_newangel_hat.ddj with size 8248 
07:15:16.141 [main] DEBUG org.sokybot.pk2.Pk2CryptoUtils - File mall_avatar_w_newdevil.ddj is not encrypted , flags not exists
07:15:16.142 [main] INFO org.soky.sro.pk2.io.Pk2IOTest - Consuming 16532 byte(s) from file mall_avatar_w_newdevil.ddj with size 16532 
07:15:16.142 [main] DEBUG org.sokybot.pk2.Pk2CryptoUtils - File mall_avatar_w_newdevil_hat.ddj is not encrypted , flags not exists
07:15:16.142 [main] INFO org.soky.sro.pk2.io.Pk2IOTest - Consuming 16532 byte(s) from file mall_avatar_w_newdevil_hat.ddj with size 16532 
07:15:16.142 [main] DEBUG org.sokybot.pk2.Pk2CryptoUtils - File mall_avatar_w_newhalloween.ddj is not encrypted , flags not exists
07:15:16.142 [main] INFO org.soky.sro.pk2.io.Pk2IOTest - Consuming 16532 byte(s) from file mall_avatar_w_newhalloween.ddj with size 16532 
07:15:16.142 [main] DEBUG org.sokybot.pk2.Pk2CryptoUtils - File mall_avatar_w_newhalloween_attach.ddj is not encrypted , flags not exists
07:15:16.143 [main] INFO org.soky.sro.pk2.io.Pk2IOTest - Consuming 16532 byte(s) from file mall_avatar_w_newhalloween_attach.ddj with size 16532 
07:15:16.143 [main] DEBUG org.sokybot.pk2.Pk2CryptoUtils - File mall_avatar_w_newhalloween_hat.ddj is not encrypted , flags not exists
07:15:16.143 [main] INFO org.soky.sro.pk2.io.Pk2IOTest - Consuming 16532 byte(s) from file mall_avatar_w_newhalloween_hat.ddj with size 16532 
07:15:16.143 [main] DEBUG org.sokybot.pk2.Pk2CryptoUtils - File mall_avatar_w_ninja.ddj is not encrypted , flags not exists
07:15:16.143 [main] INFO org.soky.sro.pk2.io.Pk2IOTest - Consuming 16532 byte(s) from file mall_avatar_w_ninja.ddj with size 16532 
07:15:16.143 [main] DEBUG org.sokybot.pk2.Pk2CryptoUtils - File mall_avatar_w_ninja_attach.ddj is not encrypted , flags not exists
07:15:16.144 [main] INFO org.soky.sro.pk2.io.Pk2IOTest - Consuming 16532 byte(s) from file mall_avatar_w_ninja_attach.ddj with size 16532 
07:15:16.144 [main] DEBUG org.sokybot.pk2.Pk2CryptoUtils - File mall_avatar_w_ninja_hat.ddj is not encrypted , flags not exists
07:15:16.144 [main] INFO org.soky.sro.pk2.io.Pk2IOTest - Consuming 16532 byte(s) from file mall_avatar_w_ninja_hat.ddj with size 16532 
07:15:16.144 [main] DEBUG org.sokybot.pk2.Pk2CryptoUtils - File mall_avatar_w_noblesse.ddj is not encrypted , flags not exists
07:15:16.144 [main] INFO org.soky.sro.pk2.io.Pk2IOTest - Consuming 4244 byte(s) from file mall_avatar_w_noblesse.ddj with size 4244 
07:15:16.144 [main] DEBUG org.sokybot.pk2.Pk2CryptoUtils - File mall_avatar_w_noblesse_attach.ddj is not encrypted , flags not exists
07:15:16.144 [main] INFO org.soky.sro.pk2.io.Pk2IOTest - Consuming 4244 byte(s) from file mall_avatar_w_noblesse_attach.ddj with size 4244 
07:15:16.144 [main] DEBUG org.sokybot.pk2.Pk2CryptoUtils - File mall_avatar_w_noblesse_hat.ddj is not encrypted , flags not exists
07:15:16.144 [main] INFO org.soky.sro.pk2.io.Pk2IOTest - Consuming 4244 byte(s) from file mall_avatar_w_noblesse_hat.ddj with size 4244 
07:15:16.144 [main] DEBUG org.sokybot.pk2.Pk2CryptoUtils - File mall_avatar_w_phoenix_dress.ddj is not encrypted , flags not exists
07:15:16.145 [main] INFO org.soky.sro.pk2.io.Pk2IOTest - Consuming 8248 byte(s) from file mall_avatar_w_phoenix_dress.ddj with size 8248 
07:15:16.145 [main] DEBUG org.sokybot.pk2.Pk2CryptoUtils - File mall_avatar_w_phoenix_dress_hat.ddj is not encrypted , flags not exists
07:15:16.145 [main] INFO org.soky.sro.pk2.io.Pk2IOTest - Consuming 8248 byte(s) from file mall_avatar_w_phoenix_dress_hat.ddj with size 8248 
07:15:16.145 [main] DEBUG org.sokybot.pk2.Pk2CryptoUtils - File mall_avatar_w_pirate.ddj is not encrypted , flags not exists
07:15:16.145 [main] INFO org.soky.sro.pk2.io.Pk2IOTest - Consuming 16532 byte(s) from file mall_avatar_w_pirate.ddj with size 16532 
07:15:16.145 [main] DEBUG org.sokybot.pk2.Pk2CryptoUtils - File mall_avatar_w_piratecrew.ddj is not encrypted , flags not exists
07:15:16.145 [main] INFO org.soky.sro.pk2.io.Pk2IOTest - Consuming 16532 byte(s) from file mall_avatar_w_piratecrew.ddj with size 16532 
07:15:16.145 [main] DEBUG org.sokybot.pk2.Pk2CryptoUtils - File mall_avatar_w_piratecrew_attach.ddj is not encrypted , flags not exists
07:15:16.146 [main] INFO org.soky.sro.pk2.io.Pk2IOTest - Consuming 16532 byte(s) from file mall_avatar_w_piratecrew_attach.ddj with size 16532 
07:15:16.146 [main] DEBUG org.sokybot.pk2.Pk2CryptoUtils - File mall_avatar_w_piratecrew_hat.ddj is not encrypted , flags not exists
07:15:16.146 [main] INFO org.soky.sro.pk2.io.Pk2IOTest - Consuming 16532 byte(s) from file mall_avatar_w_piratecrew_hat.ddj with size 16532 
07:15:16.146 [main] DEBUG org.sokybot.pk2.Pk2CryptoUtils - File mall_avatar_w_pirate_attach.ddj is not encrypted , flags not exists
07:15:16.146 [main] INFO org.soky.sro.pk2.io.Pk2IOTest - Consuming 16532 byte(s) from file mall_avatar_w_pirate_attach.ddj with size 16532 
07:15:16.146 [main] DEBUG org.sokybot.pk2.Pk2CryptoUtils - File mall_avatar_w_pirate_hat.ddj is not encrypted , flags not exists
07:15:16.147 [main] INFO org.soky.sro.pk2.io.Pk2IOTest - Consuming 16532 byte(s) from file mall_avatar_w_pirate_hat.ddj with size 16532 
07:15:16.147 [main] DEBUG org.sokybot.pk2.Pk2CryptoUtils - File mall_avatar_w_redhood.ddj is not encrypted , flags not exists
07:15:16.147 [main] INFO org.soky.sro.pk2.io.Pk2IOTest - Consuming 8248 byte(s) from file mall_avatar_w_redhood.ddj with size 8248 
07:15:16.147 [main] DEBUG org.sokybot.pk2.Pk2CryptoUtils - File mall_avatar_w_redhood_attach_girl.ddj is not encrypted , flags not exists
07:15:16.147 [main] INFO org.soky.sro.pk2.io.Pk2IOTest - Consuming 8248 byte(s) from file mall_avatar_w_redhood_attach_girl.ddj with size 8248 
07:15:16.147 [main] DEBUG org.sokybot.pk2.Pk2CryptoUtils - File mall_avatar_w_redhood_attach_wolf.ddj is not encrypted , flags not exists
07:15:16.147 [main] INFO org.soky.sro.pk2.io.Pk2IOTest - Consuming 8248 byte(s) from file mall_avatar_w_redhood_attach_wolf.ddj with size 8248 
07:15:16.147 [main] DEBUG org.sokybot.pk2.Pk2CryptoUtils - File mall_avatar_w_redhood_hat.ddj is not encrypted , flags not exists
07:15:16.147 [main] INFO org.soky.sro.pk2.io.Pk2IOTest - Consuming 8248 byte(s) from file mall_avatar_w_redhood_hat.ddj with size 8248 
07:15:16.148 [main] DEBUG org.sokybot.pk2.Pk2CryptoUtils - File mall_avatar_w_saintwarrior.ddj is not encrypted , flags not exists
07:15:16.148 [main] INFO org.soky.sro.pk2.io.Pk2IOTest - Consuming 16532 byte(s) from file mall_avatar_w_saintwarrior.ddj with size 16532 
07:15:16.148 [main] DEBUG org.sokybot.pk2.Pk2CryptoUtils - File mall_avatar_w_saintwarrior_attach.ddj is not encrypted , flags not exists
07:15:16.148 [main] INFO org.soky.sro.pk2.io.Pk2IOTest - Consuming 16532 byte(s) from file mall_avatar_w_saintwarrior_attach.ddj with size 16532 
07:15:16.148 [main] DEBUG org.sokybot.pk2.Pk2CryptoUtils - File mall_avatar_w_saintwarrior_hat.ddj is not encrypted , flags not exists
07:15:16.148 [main] INFO org.soky.sro.pk2.io.Pk2IOTest - Consuming 16532 byte(s) from file mall_avatar_w_saintwarrior_hat.ddj with size 16532 
07:15:16.148 [main] DEBUG org.sokybot.pk2.Pk2CryptoUtils - File mall_avatar_w_saytan_dress.ddj is not encrypted , flags not exists
07:15:16.148 [main] INFO org.soky.sro.pk2.io.Pk2IOTest - Consuming 8248 byte(s) from file mall_avatar_w_saytan_dress.ddj with size 8248 
07:15:16.149 [main] DEBUG org.sokybot.pk2.Pk2CryptoUtils - File mall_avatar_w_saytan_dress_attach.ddj is not encrypted , flags not exists
07:15:16.149 [main] INFO org.soky.sro.pk2.io.Pk2IOTest - Consuming 8248 byte(s) from file mall_avatar_w_saytan_dress_attach.ddj with size 8248 
07:15:16.149 [main] DEBUG org.sokybot.pk2.Pk2CryptoUtils - File mall_avatar_w_saytan_dress_hat.ddj is not encrypted , flags not exists
07:15:16.149 [main] INFO org.soky.sro.pk2.io.Pk2IOTest - Consuming 8248 byte(s) from file mall_avatar_w_saytan_dress_hat.ddj with size 8248 
07:15:16.149 [main] DEBUG org.sokybot.pk2.Pk2CryptoUtils - File mall_avatar_w_sparta.ddj is not encrypted , flags not exists
07:15:16.149 [main] INFO org.soky.sro.pk2.io.Pk2IOTest - Consuming 16532 byte(s) from file mall_avatar_w_sparta.ddj with size 16532 
07:15:16.149 [main] DEBUG org.sokybot.pk2.Pk2CryptoUtils - File mall_avatar_w_sparta_attach.ddj is not encrypted , flags not exists
07:15:16.149 [main] INFO org.soky.sro.pk2.io.Pk2IOTest - Consuming 16532 byte(s) from file mall_avatar_w_sparta_attach.ddj with size 16532 
07:15:16.150 [main] DEBUG org.sokybot.pk2.Pk2CryptoUtils - File mall_avatar_w_sparta_hat.ddj is not encrypted , flags not exists
07:15:16.150 [main] INFO org.soky.sro.pk2.io.Pk2IOTest - Consuming 16532 byte(s) from file mall_avatar_w_sparta_hat.ddj with size 16532 
07:15:16.150 [main] DEBUG org.sokybot.pk2.Pk2CryptoUtils - File mall_avatar_w_turkey.ddj is not encrypted , flags not exists
07:15:16.150 [main] INFO org.soky.sro.pk2.io.Pk2IOTest - Consuming 16532 byte(s) from file mall_avatar_w_turkey.ddj with size 16532 
07:15:16.150 [main] DEBUG org.sokybot.pk2.Pk2CryptoUtils - File mall_avatar_w_turkey_hat.ddj is not encrypted , flags not exists
07:15:16.150 [main] INFO org.soky.sro.pk2.io.Pk2IOTest - Consuming 16532 byte(s) from file mall_avatar_w_turkey_hat.ddj with size 16532 
07:15:16.151 [main] DEBUG org.sokybot.pk2.Pk2CryptoUtils - File mall_avatar_w_vampire.ddj is not encrypted , flags not exists
07:15:16.151 [main] INFO org.soky.sro.pk2.io.Pk2IOTest - Consuming 8248 byte(s) from file mall_avatar_w_vampire.ddj with size 8248 
07:15:16.151 [main] DEBUG org.sokybot.pk2.Pk2CryptoUtils - File mall_avatar_w_vampire_attach.ddj is not encrypted , flags not exists
07:15:16.151 [main] INFO org.soky.sro.pk2.io.Pk2IOTest - Consuming 8248 byte(s) from file mall_avatar_w_vampire_attach.ddj with size 8248 
07:15:16.151 [main] DEBUG org.sokybot.pk2.Pk2CryptoUtils - File mall_avatar_w_vampire_hat.ddj is not encrypted , flags not exists
07:15:16.151 [main] INFO org.soky.sro.pk2.io.Pk2IOTest - Consuming 8248 byte(s) from file mall_avatar_w_vampire_hat.ddj with size 8248 
07:15:16.151 [main] DEBUG org.sokybot.pk2.Pk2CryptoUtils - File mall_booth_mob_bigeyeghost.ddj is not encrypted , flags not exists
07:15:16.151 [main] INFO org.soky.sro.pk2.io.Pk2IOTest - Consuming 8340 byte(s) from file mall_booth_mob_bigeyeghost.ddj with size 8340 
07:15:16.151 [main] DEBUG org.sokybot.pk2.Pk2CryptoUtils - File mall_booth_mob_earthghost.ddj is not encrypted , flags not exists
07:15:16.152 [main] INFO org.soky.sro.pk2.io.Pk2IOTest - Consuming 8340 byte(s) from file mall_booth_mob_earthghost.ddj with size 8340 
07:15:16.152 [main] DEBUG org.sokybot.pk2.Pk2CryptoUtils - File mall_booth_mob_mangyang.ddj is not encrypted , flags not exists
07:15:16.152 [main] INFO org.soky.sro.pk2.io.Pk2IOTest - Consuming 8340 byte(s) from file mall_booth_mob_mangyang.ddj with size 8340 
07:15:16.152 [main] DEBUG org.sokybot.pk2.Pk2CryptoUtils - File mall_mabt_ch_m_bandit_blacktiger_ha.ddj is not encrypted , flags not exists
07:15:16.152 [main] INFO org.soky.sro.pk2.io.Pk2IOTest - Consuming 8340 byte(s) from file mall_mabt_ch_m_bandit_blacktiger_ha.ddj with size 8340 
07:15:16.152 [main] DEBUG org.sokybot.pk2.Pk2CryptoUtils - File mall_mabt_ch_m_bandit_tiger_ha.ddj is not encrypted , flags not exists
07:15:16.152 [main] INFO org.soky.sro.pk2.io.Pk2IOTest - Consuming 8340 byte(s) from file mall_mabt_ch_m_bandit_tiger_ha.ddj with size 8340 
07:15:16.152 [main] DEBUG org.sokybot.pk2.Pk2CryptoUtils - File mall_mabt_ch_m_bandit_whitetiger_ha.ddj is not encrypted , flags not exists
07:15:16.153 [main] INFO org.soky.sro.pk2.io.Pk2IOTest - Consuming 8340 byte(s) from file mall_mabt_ch_m_bandit_whitetiger_ha.ddj with size 8340 
07:15:16.153 [main] DEBUG org.sokybot.pk2.Pk2CryptoUtils - File mall_mabt_ch_m_chakji_ha.ddj is not encrypted , flags not exists
07:15:16.153 [main] INFO org.soky.sro.pk2.io.Pk2IOTest - Consuming 8340 byte(s) from file mall_mabt_ch_m_chakji_ha.ddj with size 8340 
07:15:16.153 [main] DEBUG org.sokybot.pk2.Pk2CryptoUtils - File mall_mabt_ch_m_yeoha_ha.ddj is not encrypted , flags not exists
07:15:16.153 [main] INFO org.soky.sro.pk2.io.Pk2IOTest - Consuming 8340 byte(s) from file mall_mabt_ch_m_yeoha_ha.ddj with size 8340 
07:15:16.153 [main] DEBUG org.sokybot.pk2.Pk2CryptoUtils - File mall_mabt_ch_w_bandit_blacktiger_ha.ddj is not encrypted , flags not exists
07:15:16.153 [main] INFO org.soky.sro.pk2.io.Pk2IOTest - Consuming 8340 byte(s) from file mall_mabt_ch_w_bandit_blacktiger_ha.ddj with size 8340 
07:15:16.153 [main] DEBUG org.sokybot.pk2.Pk2CryptoUtils - File mall_mabt_ch_w_bandit_tiger_ha.ddj is not encrypted , flags not exists
07:15:16.153 [main] INFO org.soky.sro.pk2.io.Pk2IOTest - Consuming 8340 byte(s) from file mall_mabt_ch_w_bandit_tiger_ha.ddj with size 8340 
07:15:16.154 [main] DEBUG org.sokybot.pk2.Pk2CryptoUtils - File mall_mabt_ch_w_bandit_whitetiger_ha.ddj is not encrypted , flags not exists
07:15:16.154 [main] INFO org.soky.sro.pk2.io.Pk2IOTest - Consuming 8340 byte(s) from file mall_mabt_ch_w_bandit_whitetiger_ha.ddj with size 8340 
07:15:16.154 [main] DEBUG org.sokybot.pk2.Pk2CryptoUtils - File mall_mabt_ch_w_chakji_ha.ddj is not encrypted , flags not exists
07:15:16.154 [main] INFO org.soky.sro.pk2.io.Pk2IOTest - Consuming 8340 byte(s) from file mall_mabt_ch_w_chakji_ha.ddj with size 8340 
07:15:16.154 [main] DEBUG org.sokybot.pk2.Pk2CryptoUtils - File mall_mabt_ch_w_yeoha_ha.ddj is not encrypted , flags not exists
07:15:16.154 [main] INFO org.soky.sro.pk2.io.Pk2IOTest - Consuming 8340 byte(s) from file mall_mabt_ch_w_yeoha_ha.ddj with size 8340 
07:15:16.154 [main] DEBUG org.sokybot.pk2.Pk2CryptoUtils - File mall_avatar_m_day_deathassassin.ddj is not encrypted , flags not exists
07:15:16.154 [main] INFO org.soky.sro.pk2.io.Pk2IOTest - Consuming 4244 byte(s) from file mall_avatar_m_day_deathassassin.ddj with size 4244 
07:15:16.154 [main] DEBUG org.sokybot.pk2.Pk2CryptoUtils - File mall_avatar_m_day_deathassassin_attach.ddj is not encrypted , flags not exists
07:15:16.154 [main] INFO org.soky.sro.pk2.io.Pk2IOTest - Consuming 4244 byte(s) from file mall_avatar_m_day_deathassassin_attach.ddj with size 4244 
07:15:16.155 [main] DEBUG org.sokybot.pk2.Pk2CryptoUtils - File mall_avatar_m_day_deathassassin_hat.ddj is not encrypted , flags not exists
07:15:16.155 [main] INFO org.soky.sro.pk2.io.Pk2IOTest - Consuming 4244 byte(s) from file mall_avatar_m_day_deathassassin_hat.ddj with size 4244 
07:15:16.155 [main] DEBUG org.sokybot.pk2.Pk2CryptoUtils - File mall_avatar_w_day_deathassassin.ddj is not encrypted , flags not exists
07:15:16.155 [main] INFO org.soky.sro.pk2.io.Pk2IOTest - Consuming 4244 byte(s) from file mall_avatar_w_day_deathassassin.ddj with size 4244 
07:15:16.155 [main] DEBUG org.sokybot.pk2.Pk2CryptoUtils - File mall_avatar_w_day_deathassassin_attach.ddj is not encrypted , flags not exists
07:15:16.155 [main] INFO org.soky.sro.pk2.io.Pk2IOTest - Consuming 4244 byte(s) from file mall_avatar_w_day_deathassassin_attach.ddj with size 4244 
07:15:16.155 [main] DEBUG org.sokybot.pk2.Pk2CryptoUtils - File mall_avatar_w_day_deathassassin_hat.ddj is not encrypted , flags not exists
07:15:16.155 [main] INFO org.soky.sro.pk2.io.Pk2IOTest - Consuming 4244 byte(s) from file mall_avatar_w_day_deathassassin_hat.ddj with size 4244 
07:15:16.155 [main] DEBUG org.sokybot.pk2.Pk2CryptoUtils - File mall_doclex_man_creeds.ddj is not encrypted , flags not exists
07:15:16.155 [main] INFO org.soky.sro.pk2.io.Pk2IOTest - Consuming 1172 byte(s) from file mall_doclex_man_creeds.ddj with size 1172 
07:15:16.155 [main] DEBUG org.sokybot.pk2.Pk2CryptoUtils - File mall_doclex_man_creeds_attach.ddj is not encrypted , flags not exists
07:15:16.155 [main] INFO org.soky.sro.pk2.io.Pk2IOTest - Consuming 1172 byte(s) from file mall_doclex_man_creeds_attach.ddj with size 1172 
07:15:16.156 [main] DEBUG org.sokybot.pk2.Pk2CryptoUtils - File mall_doclex_man_creeds_hat.ddj is not encrypted , flags not exists
07:15:16.156 [main] INFO org.soky.sro.pk2.io.Pk2IOTest - Consuming 1172 byte(s) from file mall_doclex_man_creeds_hat.ddj with size 1172 
07:15:16.156 [main] DEBUG org.sokybot.pk2.Pk2CryptoUtils - File mall_doclex_women_creeds.ddj is not encrypted , flags not exists
07:15:16.156 [main] INFO org.soky.sro.pk2.io.Pk2IOTest - Consuming 1172 byte(s) from file mall_doclex_women_creeds.ddj with size 1172 
07:15:16.156 [main] DEBUG org.sokybot.pk2.Pk2CryptoUtils - File mall_doclex_women_creeds_attach.ddj is not encrypted , flags not exists
07:15:16.156 [main] INFO org.soky.sro.pk2.io.Pk2IOTest - Consuming 1172 byte(s) from file mall_doclex_women_creeds_attach.ddj with size 1172 
07:15:16.156 [main] DEBUG org.sokybot.pk2.Pk2CryptoUtils - File mall_doclex_women_creeds_hat.ddj is not encrypted , flags not exists
07:15:16.156 [main] INFO org.soky.sro.pk2.io.Pk2IOTest - Consuming 1172 byte(s) from file mall_doclex_women_creeds_hat.ddj with size 1172 
07:15:16.156 [main] DEBUG org.sokybot.pk2.Pk2CryptoUtils - File avatar_mdoc_aviator.ddj is not encrypted , flags not exists
07:15:16.156 [main] INFO org.soky.sro.pk2.io.Pk2IOTest - Consuming 1172 byte(s) from file avatar_mdoc_aviator.ddj with size 1172 
07:15:16.156 [main] DEBUG org.sokybot.pk2.Pk2CryptoUtils - File avatar_mdoc_aviator_attach.ddj is not encrypted , flags not exists
07:15:16.156 [main] INFO org.soky.sro.pk2.io.Pk2IOTest - Consuming 1172 byte(s) from file avatar_mdoc_aviator_attach.ddj with size 1172 
07:15:16.156 [main] DEBUG org.sokybot.pk2.Pk2CryptoUtils - File avatar_mdoc_aviator_hat.ddj is not encrypted , flags not exists
07:15:16.156 [main] INFO org.soky.sro.pk2.io.Pk2IOTest - Consuming 1172 byte(s) from file avatar_mdoc_aviator_hat.ddj with size 1172 
07:15:16.157 [main] DEBUG org.sokybot.pk2.Pk2CryptoUtils - File avatar_wdoc_aviator.ddj is not encrypted , flags not exists
07:15:16.157 [main] INFO org.soky.sro.pk2.io.Pk2IOTest - Consuming 1172 byte(s) from file avatar_wdoc_aviator.ddj with size 1172 
07:15:16.157 [main] DEBUG org.sokybot.pk2.Pk2CryptoUtils - File avatar_wdoc_aviator_attach.ddj is not encrypted , flags not exists
07:15:16.157 [main] INFO org.soky.sro.pk2.io.Pk2IOTest - Consuming 1172 byte(s) from file avatar_wdoc_aviator_attach.ddj with size 1172 
07:15:16.157 [main] DEBUG org.sokybot.pk2.Pk2CryptoUtils - File avatar_wdoc_aviator_hat.ddj is not encrypted , flags not exists
07:15:16.157 [main] INFO org.soky.sro.pk2.io.Pk2IOTest - Consuming 1172 byte(s) from file avatar_wdoc_aviator_hat.ddj with size 1172 
07:15:16.157 [main] DEBUG org.sokybot.pk2.Pk2CryptoUtils - File mall_avatar_m_arabib.ddj is not encrypted , flags not exists
07:15:16.157 [main] INFO org.soky.sro.pk2.io.Pk2IOTest - Consuming 1172 byte(s) from file mall_avatar_m_arabib.ddj with size 1172 
07:15:16.157 [main] DEBUG org.sokybot.pk2.Pk2CryptoUtils - File mall_avatar_m_arabib_attach.ddj is not encrypted , flags not exists
07:15:16.157 [main] INFO org.soky.sro.pk2.io.Pk2IOTest - Consuming 1172 byte(s) from file mall_avatar_m_arabib_attach.ddj with size 1172 
07:15:16.157 [main] DEBUG org.sokybot.pk2.Pk2CryptoUtils - File mall_avatar_m_arabib_hat.ddj is not encrypted , flags not exists
07:15:16.157 [main] INFO org.soky.sro.pk2.io.Pk2IOTest - Consuming 1172 byte(s) from file mall_avatar_m_arabib_hat.ddj with size 1172 
07:15:16.157 [main] DEBUG org.sokybot.pk2.Pk2CryptoUtils - File mall_avatar_w_arabib.ddj is not encrypted , flags not exists
07:15:16.157 [main] INFO org.soky.sro.pk2.io.Pk2IOTest - Consuming 1172 byte(s) from file mall_avatar_w_arabib.ddj with size 1172 
07:15:16.158 [main] DEBUG org.sokybot.pk2.Pk2CryptoUtils - File mall_avatar_w_arabib_attach.ddj is not encrypted , flags not exists
07:15:16.158 [main] INFO org.soky.sro.pk2.io.Pk2IOTest - Consuming 1172 byte(s) from file mall_avatar_w_arabib_attach.ddj with size 1172 
07:15:16.158 [main] DEBUG org.sokybot.pk2.Pk2CryptoUtils - File mall_avatar_w_arabib_hat.ddj is not encrypted , flags not exists
07:15:16.158 [main] INFO org.soky.sro.pk2.io.Pk2IOTest - Consuming 1172 byte(s) from file mall_avatar_w_arabib_hat.ddj with size 1172 
07:15:16.158 [main] DEBUG org.sokybot.pk2.Pk2CryptoUtils - File mall_avatar_m_azurwarrior.ddj is not encrypted , flags not exists
07:15:16.158 [main] INFO org.soky.sro.pk2.io.Pk2IOTest - Consuming 1172 byte(s) from file mall_avatar_m_azurwarrior.ddj with size 1172 
07:15:16.158 [main] DEBUG org.sokybot.pk2.Pk2CryptoUtils - File mall_avatar_m_azurwarrior_attach.ddj is not encrypted , flags not exists
07:15:16.158 [main] INFO org.soky.sro.pk2.io.Pk2IOTest - Consuming 1172 byte(s) from file mall_avatar_m_azurwarrior_attach.ddj with size 1172 
07:15:16.158 [main] DEBUG org.sokybot.pk2.Pk2CryptoUtils - File mall_avatar_m_azurwarrior_hat.ddj is not encrypted , flags not exists
07:15:16.158 [main] INFO org.soky.sro.pk2.io.Pk2IOTest - Consuming 1172 byte(s) from file mall_avatar_m_azurwarrior_hat.ddj with size 1172 
07:15:16.158 [main] DEBUG org.sokybot.pk2.Pk2CryptoUtils - File mall_avatar_w_azurwarrior.ddj is not encrypted , flags not exists
07:15:16.158 [main] INFO org.soky.sro.pk2.io.Pk2IOTest - Consuming 1172 byte(s) from file mall_avatar_w_azurwarrior.ddj with size 1172 
07:15:16.158 [main] DEBUG org.sokybot.pk2.Pk2CryptoUtils - File mall_avatar_w_azurwarrior_attach.ddj is not encrypted , flags not exists
07:15:16.159 [main] INFO org.soky.sro.pk2.io.Pk2IOTest - Consuming 1172 byte(s) from file mall_avatar_w_azurwarrior_attach.ddj with size 1172 
07:15:16.159 [main] DEBUG org.sokybot.pk2.Pk2CryptoUtils - File mall_avatar_w_azurwarrior_hat.ddj is not encrypted , flags not exists
07:15:16.159 [main] INFO org.soky.sro.pk2.io.Pk2IOTest - Consuming 1172 byte(s) from file mall_avatar_w_azurwarrior_hat.ddj with size 1172 
07:15:16.159 [main] DEBUG org.sokybot.pk2.Pk2CryptoUtils - File mage.ddj is not encrypted , flags not exists
07:15:16.159 [main] INFO org.soky.sro.pk2.io.Pk2IOTest - Consuming 660 byte(s) from file mage.ddj with size 660 
07:15:16.159 [main] DEBUG org.sokybot.pk2.Pk2CryptoUtils - File mage_attach.ddj is not encrypted , flags not exists
07:15:16.159 [main] INFO org.soky.sro.pk2.io.Pk2IOTest - Consuming 660 byte(s) from file mage_attach.ddj with size 660 
07:15:16.159 [main] DEBUG org.sokybot.pk2.Pk2CryptoUtils - File m_mage_hat.ddj is not encrypted , flags not exists
07:15:16.159 [main] INFO org.soky.sro.pk2.io.Pk2IOTest - Consuming 660 byte(s) from file m_mage_hat.ddj with size 660 
07:15:16.159 [main] DEBUG org.sokybot.pk2.Pk2CryptoUtils - File m_warsenator_hat.ddj is not encrypted , flags not exists
07:15:16.159 [main] INFO org.soky.sro.pk2.io.Pk2IOTest - Consuming 660 byte(s) from file m_warsenator_hat.ddj with size 660 
07:15:16.159 [main] DEBUG org.sokybot.pk2.Pk2CryptoUtils - File warsenator.ddj is not encrypted , flags not exists
07:15:16.159 [main] INFO org.soky.sro.pk2.io.Pk2IOTest - Consuming 660 byte(s) from file warsenator.ddj with size 660 
07:15:16.159 [main] DEBUG org.sokybot.pk2.Pk2CryptoUtils - File warsenator_attach.ddj is not encrypted , flags not exists
07:15:16.159 [main] INFO org.soky.sro.pk2.io.Pk2IOTest - Consuming 660 byte(s) from file warsenator_attach.ddj with size 660 
07:15:16.160 [main] DEBUG org.sokybot.pk2.Pk2CryptoUtils - File w_mage_hat.ddj is not encrypted , flags not exists
07:15:16.160 [main] INFO org.soky.sro.pk2.io.Pk2IOTest - Consuming 660 byte(s) from file w_mage_hat.ddj with size 660 
07:15:16.160 [main] DEBUG org.sokybot.pk2.Pk2CryptoUtils - File w_warsenator_hat.ddj is not encrypted , flags not exists
07:15:16.160 [main] INFO org.soky.sro.pk2.io.Pk2IOTest - Consuming 660 byte(s) from file w_warsenator_hat.ddj with size 660 
07:15:16.160 [main] DEBUG org.sokybot.pk2.Pk2CryptoUtils - File item_cos_p_extension.ddj is not encrypted , flags not exists
07:15:16.160 [main] INFO org.soky.sro.pk2.io.Pk2IOTest - Consuming 8340 byte(s) from file item_cos_p_extension.ddj with size 8340 
07:15:16.160 [main] DEBUG org.sokybot.pk2.Pk2CryptoUtils - File item_cos_p_myowon_scroll.ddj is not encrypted , flags not exists
07:15:16.160 [main] INFO org.soky.sro.pk2.io.Pk2IOTest - Consuming 8340 byte(s) from file item_cos_p_myowon_scroll.ddj with size 8340 
07:15:16.160 [main] DEBUG org.sokybot.pk2.Pk2CryptoUtils - File archemy_astral.ddj is not encrypted , flags not exists
07:15:16.160 [main] INFO org.soky.sro.pk2.io.Pk2IOTest - Consuming 8340 byte(s) from file archemy_astral.ddj with size 8340 
07:15:16.160 [main] DEBUG org.sokybot.pk2.Pk2CryptoUtils - File archemy_enhancer_ac_n.ddj is not encrypted , flags not exists
07:15:16.161 [main] INFO org.soky.sro.pk2.io.Pk2IOTest - Consuming 8248 byte(s) from file archemy_enhancer_ac_n.ddj with size 8248 
07:15:16.161 [main] DEBUG org.sokybot.pk2.Pk2CryptoUtils - File archemy_enhancer_ac_s.ddj is not encrypted , flags not exists
07:15:16.161 [main] INFO org.soky.sro.pk2.io.Pk2IOTest - Consuming 8248 byte(s) from file archemy_enhancer_ac_s.ddj with size 8248 
07:15:16.161 [main] DEBUG org.sokybot.pk2.Pk2CryptoUtils - File archemy_enhancer_ar_n.ddj is not encrypted , flags not exists
07:15:16.161 [main] INFO org.soky.sro.pk2.io.Pk2IOTest - Consuming 8248 byte(s) from file archemy_enhancer_ar_n.ddj with size 8248 
07:15:16.161 [main] DEBUG org.sokybot.pk2.Pk2CryptoUtils - File archemy_enhancer_ar_s.ddj is not encrypted , flags not exists
07:15:16.161 [main] INFO org.soky.sro.pk2.io.Pk2IOTest - Consuming 8248 byte(s) from file archemy_enhancer_ar_s.ddj with size 8248 
07:15:16.161 [main] DEBUG org.sokybot.pk2.Pk2CryptoUtils - File archemy_enhancer_sh_n.ddj is not encrypted , flags not exists
07:15:16.161 [main] INFO org.soky.sro.pk2.io.Pk2IOTest - Consuming 8248 byte(s) from file archemy_enhancer_sh_n.ddj with size 8248 
07:15:16.162 [main] DEBUG org.sokybot.pk2.Pk2CryptoUtils - File archemy_enhancer_sh_s.ddj is not encrypted , flags not exists
07:15:16.162 [main] INFO org.soky.sro.pk2.io.Pk2IOTest - Consuming 8248 byte(s) from file archemy_enhancer_sh_s.ddj with size 8248 
07:15:16.162 [main] DEBUG org.sokybot.pk2.Pk2CryptoUtils - File archemy_enhancer_we_n.ddj is not encrypted , flags not exists
07:15:16.162 [main] INFO org.soky.sro.pk2.io.Pk2IOTest - Consuming 8248 byte(s) from file archemy_enhancer_we_n.ddj with size 8248 
07:15:16.162 [main] DEBUG org.sokybot.pk2.Pk2CryptoUtils - File archemy_enhancer_we_s.ddj is not encrypted , flags not exists
07:15:16.162 [main] INFO org.soky.sro.pk2.io.Pk2IOTest - Consuming 8248 byte(s) from file archemy_enhancer_we_s.ddj with size 8248 
07:15:16.162 [main] DEBUG org.sokybot.pk2.Pk2CryptoUtils - File archemy_magicstone_astral.ddj is not encrypted , flags not exists
07:15:16.162 [main] INFO org.soky.sro.pk2.io.Pk2IOTest - Consuming 8340 byte(s) from file archemy_magicstone_astral.ddj with size 8340 
07:15:16.163 [main] DEBUG org.sokybot.pk2.Pk2CryptoUtils - File archemy_magicstone_athanasia.ddj is not encrypted , flags not exists
07:15:16.163 [main] INFO org.soky.sro.pk2.io.Pk2IOTest - Consuming 8340 byte(s) from file archemy_magicstone_athanasia.ddj with size 8340 
07:15:16.163 [main] DEBUG org.sokybot.pk2.Pk2CryptoUtils - File archemy_magictablet_astral.ddj is not encrypted , flags not exists
07:15:16.163 [main] INFO org.soky.sro.pk2.io.Pk2IOTest - Consuming 8340 byte(s) from file archemy_magictablet_astral.ddj with size 8340 
07:15:16.163 [main] DEBUG org.sokybot.pk2.Pk2CryptoUtils - File archemy_magictablet_athanasia.ddj is not encrypted , flags not exists
07:15:16.163 [main] INFO org.soky.sro.pk2.io.Pk2IOTest - Consuming 8340 byte(s) from file archemy_magictablet_athanasia.ddj with size 8340 
07:15:16.163 [main] DEBUG org.sokybot.pk2.Pk2CryptoUtils - File archemy_reinforce_prob_up_b.ddj is not encrypted , flags not exists
07:15:16.163 [main] INFO org.soky.sro.pk2.io.Pk2IOTest - Consuming 660 byte(s) from file archemy_reinforce_prob_up_b.ddj with size 660 
07:15:16.163 [main] DEBUG org.sokybot.pk2.Pk2CryptoUtils - File archemy_upper_reinforce_accessary.ddj is not encrypted , flags not exists
07:15:16.163 [main] INFO org.soky.sro.pk2.io.Pk2IOTest - Consuming 4244 byte(s) from file archemy_upper_reinforce_accessary.ddj with size 4244 
07:15:16.163 [main] DEBUG org.sokybot.pk2.Pk2CryptoUtils - File archemy_upper_reinforce_armor.ddj is not encrypted , flags not exists
07:15:16.164 [main] INFO org.soky.sro.pk2.io.Pk2IOTest - Consuming 4244 byte(s) from file archemy_upper_reinforce_armor.ddj with size 4244 
07:15:16.164 [main] DEBUG org.sokybot.pk2.Pk2CryptoUtils - File archemy_upper_reinforce_shield.ddj is not encrypted , flags not exists
07:15:16.164 [main] INFO org.soky.sro.pk2.io.Pk2IOTest - Consuming 4244 byte(s) from file archemy_upper_reinforce_shield.ddj with size 4244 
07:15:16.164 [main] DEBUG org.sokybot.pk2.Pk2CryptoUtils - File archemy_upper_reinforce_weapon.ddj is not encrypted , flags not exists
07:15:16.164 [main] INFO org.soky.sro.pk2.io.Pk2IOTest - Consuming 4244 byte(s) from file archemy_upper_reinforce_weapon.ddj with size 4244 
07:15:16.164 [main] DEBUG org.sokybot.pk2.Pk2CryptoUtils - File awaken_ac.ddj is not encrypted , flags not exists
07:15:16.164 [main] INFO org.soky.sro.pk2.io.Pk2IOTest - Consuming 8248 byte(s) from file awaken_ac.ddj with size 8248 
07:15:16.164 [main] DEBUG org.sokybot.pk2.Pk2CryptoUtils - File awaken_ar.ddj is not encrypted , flags not exists
07:15:16.164 [main] INFO org.soky.sro.pk2.io.Pk2IOTest - Consuming 8248 byte(s) from file awaken_ar.ddj with size 8248 
07:15:16.164 [main] DEBUG org.sokybot.pk2.Pk2CryptoUtils - File awaken_sh.ddj is not encrypted , flags not exists
07:15:16.165 [main] INFO org.soky.sro.pk2.io.Pk2IOTest - Consuming 8248 byte(s) from file awaken_sh.ddj with size 8248 
07:15:16.165 [main] DEBUG org.sokybot.pk2.Pk2CryptoUtils - File awaken_we.ddj is not encrypted , flags not exists
07:15:16.165 [main] INFO org.soky.sro.pk2.io.Pk2IOTest - Consuming 8248 byte(s) from file awaken_we.ddj with size 8248 
07:15:16.165 [main] DEBUG org.sokybot.pk2.Pk2CryptoUtils - File etc_nasrun_archemy_upgrade_stone.ddj is not encrypted , flags not exists
07:15:16.165 [main] INFO org.soky.sro.pk2.io.Pk2IOTest - Consuming 4244 byte(s) from file etc_nasrun_archemy_upgrade_stone.ddj with size 4244 
07:15:16.165 [main] DEBUG org.sokybot.pk2.Pk2CryptoUtils - File event_etc_flag_vietnam.ddj is not encrypted , flags not exists
07:15:16.165 [main] INFO org.soky.sro.pk2.io.Pk2IOTest - Consuming 16532 byte(s) from file event_etc_flag_vietnam.ddj with size 16532 
07:15:16.165 [main] DEBUG org.sokybot.pk2.Pk2CryptoUtils - File firework_bomb_g.ddj is not encrypted , flags not exists
07:15:16.166 [main] INFO org.soky.sro.pk2.io.Pk2IOTest - Consuming 8340 byte(s) from file firework_bomb_g.ddj with size 8340 
07:15:16.166 [main] DEBUG org.sokybot.pk2.Pk2CryptoUtils - File firework_chainbomb.ddj is not encrypted , flags not exists
07:15:16.166 [main] INFO org.soky.sro.pk2.io.Pk2IOTest - Consuming 8340 byte(s) from file firework_chainbomb.ddj with size 8340 
07:15:16.166 [main] DEBUG org.sokybot.pk2.Pk2CryptoUtils - File firework_cross_star.ddj is not encrypted , flags not exists
07:15:16.166 [main] INFO org.soky.sro.pk2.io.Pk2IOTest - Consuming 8340 byte(s) from file firework_cross_star.ddj with size 8340 
07:15:16.166 [main] DEBUG org.sokybot.pk2.Pk2CryptoUtils - File firework_star_shower.ddj is not encrypted , flags not exists
07:15:16.166 [main] INFO org.soky.sro.pk2.io.Pk2IOTest - Consuming 8340 byte(s) from file firework_star_shower.ddj with size 8340 
07:15:16.166 [main] DEBUG org.sokybot.pk2.Pk2CryptoUtils - File firework_tadpole.ddj is not encrypted , flags not exists
07:15:16.166 [main] INFO org.soky.sro.pk2.io.Pk2IOTest - Consuming 8340 byte(s) from file firework_tadpole.ddj with size 8340 
07:15:16.167 [main] DEBUG org.sokybot.pk2.Pk2CryptoUtils - File item_cos_p_extension.ddj is not encrypted , flags not exists
07:15:16.167 [main] INFO org.soky.sro.pk2.io.Pk2IOTest - Consuming 8340 byte(s) from file item_cos_p_extension.ddj with size 8340 
07:15:16.167 [main] DEBUG org.sokybot.pk2.Pk2CryptoUtils - File mall_auto_potion_ticket.ddj is not encrypted , flags not exists
07:15:16.167 [main] INFO org.soky.sro.pk2.io.Pk2IOTest - Consuming 8340 byte(s) from file mall_auto_potion_ticket.ddj with size 8340 
07:15:16.167 [main] DEBUG org.sokybot.pk2.Pk2CryptoUtils - File mall_balloon_crab_dmgabs.ddj is not encrypted , flags not exists
07:15:16.167 [main] INFO org.soky.sro.pk2.io.Pk2IOTest - Consuming 16532 byte(s) from file mall_balloon_crab_dmgabs.ddj with size 16532 
07:15:16.167 [main] DEBUG org.sokybot.pk2.Pk2CryptoUtils - File mall_balloon_crab_dmgup.ddj is not encrypted , flags not exists
07:15:16.168 [main] INFO org.soky.sro.pk2.io.Pk2IOTest - Consuming 16532 byte(s) from file mall_balloon_crab_dmgup.ddj with size 16532 
07:15:16.168 [main] DEBUG org.sokybot.pk2.Pk2CryptoUtils - File mall_balloon_crab_int.ddj is not encrypted , flags not exists
07:15:16.168 [main] INFO org.soky.sro.pk2.io.Pk2IOTest - Consuming 16532 byte(s) from file mall_balloon_crab_int.ddj with size 16532 
07:15:16.168 [main] DEBUG org.sokybot.pk2.Pk2CryptoUtils - File mall_balloon_crab_str.ddj is not encrypted , flags not exists
07:15:16.168 [main] INFO org.soky.sro.pk2.io.Pk2IOTest - Consuming 16532 byte(s) from file mall_balloon_crab_str.ddj with size 16532 
07:15:16.168 [main] DEBUG org.sokybot.pk2.Pk2CryptoUtils - File mall_balloon_edenp_dmgabs.ddj is not encrypted , flags not exists
07:15:16.168 [main] INFO org.soky.sro.pk2.io.Pk2IOTest - Consuming 16532 byte(s) from file mall_balloon_edenp_dmgabs.ddj with size 16532 
07:15:16.169 [main] DEBUG org.sokybot.pk2.Pk2CryptoUtils - File mall_balloon_edenp_dmgup.ddj is not encrypted , flags not exists
07:15:16.169 [main] INFO org.soky.sro.pk2.io.Pk2IOTest - Consuming 16532 byte(s) from file mall_balloon_edenp_dmgup.ddj with size 16532 
07:15:16.169 [main] DEBUG org.sokybot.pk2.Pk2CryptoUtils - File mall_balloon_edenp_int.ddj is not encrypted , flags not exists
07:15:16.169 [main] INFO org.soky.sro.pk2.io.Pk2IOTest - Consuming 16532 byte(s) from file mall_balloon_edenp_int.ddj with size 16532 
07:15:16.169 [main] DEBUG org.sokybot.pk2.Pk2CryptoUtils - File mall_balloon_edenp_str.ddj is not encrypted , flags not exists
07:15:16.169 [main] INFO org.soky.sro.pk2.io.Pk2IOTest - Consuming 16532 byte(s) from file mall_balloon_edenp_str.ddj with size 16532 
07:15:16.170 [main] DEBUG org.sokybot.pk2.Pk2CryptoUtils - File mall_balloon_kerberos_dmgabs.ddj is not encrypted , flags not exists
07:15:16.170 [main] INFO org.soky.sro.pk2.io.Pk2IOTest - Consuming 16532 byte(s) from file mall_balloon_kerberos_dmgabs.ddj with size 16532 
07:15:16.170 [main] DEBUG org.sokybot.pk2.Pk2CryptoUtils - File mall_balloon_kerberos_dmgup.ddj is not encrypted , flags not exists
07:15:16.170 [main] INFO org.soky.sro.pk2.io.Pk2IOTest - Consuming 16532 byte(s) from file mall_balloon_kerberos_dmgup.ddj with size 16532 
07:15:16.170 [main] DEBUG org.sokybot.pk2.Pk2CryptoUtils - File mall_balloon_kerberos_int.ddj is not encrypted , flags not exists
07:15:16.170 [main] INFO org.soky.sro.pk2.io.Pk2IOTest - Consuming 16532 byte(s) from file mall_balloon_kerberos_int.ddj with size 16532 
07:15:16.171 [main] DEBUG org.sokybot.pk2.Pk2CryptoUtils - File mall_balloon_kerberos_str.ddj is not encrypted , flags not exists
07:15:16.171 [main] INFO org.soky.sro.pk2.io.Pk2IOTest - Consuming 16532 byte(s) from file mall_balloon_kerberos_str.ddj with size 16532 
07:15:16.171 [main] DEBUG org.sokybot.pk2.Pk2CryptoUtils - File mall_balloon_kyklopes_dmgabs.ddj is not encrypted , flags not exists
07:15:16.171 [main] INFO org.soky.sro.pk2.io.Pk2IOTest - Consuming 16532 byte(s) from file mall_balloon_kyklopes_dmgabs.ddj with size 16532 
07:15:16.171 [main] DEBUG org.sokybot.pk2.Pk2CryptoUtils - File mall_balloon_kyklopes_dmgup.ddj is not encrypted , flags not exists
07:15:16.171 [main] INFO org.soky.sro.pk2.io.Pk2IOTest - Consuming 16532 byte(s) from file mall_balloon_kyklopes_dmgup.ddj with size 16532 
07:15:16.171 [main] DEBUG org.sokybot.pk2.Pk2CryptoUtils - File mall_balloon_kyklopes_int.ddj is not encrypted , flags not exists
07:15:16.172 [main] INFO org.soky.sro.pk2.io.Pk2IOTest - Consuming 16532 byte(s) from file mall_balloon_kyklopes_int.ddj with size 16532 
07:15:16.172 [main] DEBUG org.sokybot.pk2.Pk2CryptoUtils - File mall_balloon_kyklopes_str.ddj is not encrypted , flags not exists
07:15:16.172 [main] INFO org.soky.sro.pk2.io.Pk2IOTest - Consuming 16532 byte(s) from file mall_balloon_kyklopes_str.ddj with size 16532 
07:15:16.172 [main] DEBUG org.sokybot.pk2.Pk2CryptoUtils - File mall_balloon_mujigi_dmgabs.ddj is not encrypted , flags not exists
07:15:16.172 [main] INFO org.soky.sro.pk2.io.Pk2IOTest - Consuming 16532 byte(s) from file mall_balloon_mujigi_dmgabs.ddj with size 16532 
07:15:16.173 [main] DEBUG org.sokybot.pk2.Pk2CryptoUtils - File mall_balloon_mujigi_dmgup.ddj is not encrypted , flags not exists
07:15:16.173 [main] INFO org.soky.sro.pk2.io.Pk2IOTest - Consuming 16532 byte(s) from file mall_balloon_mujigi_dmgup.ddj with size 16532 
07:15:16.173 [main] DEBUG org.sokybot.pk2.Pk2CryptoUtils - File mall_balloon_mujigi_int.ddj is not encrypted , flags not exists
07:15:16.173 [main] INFO org.soky.sro.pk2.io.Pk2IOTest - Consuming 16532 byte(s) from file mall_balloon_mujigi_int.ddj with size 16532 
07:15:16.173 [main] DEBUG org.sokybot.pk2.Pk2CryptoUtils - File mall_balloon_mujigi_str.ddj is not encrypted , flags not exists
07:15:16.173 [main] INFO org.soky.sro.pk2.io.Pk2IOTest - Consuming 16532 byte(s) from file mall_balloon_mujigi_str.ddj with size 16532 
07:15:16.173 [main] DEBUG org.sokybot.pk2.Pk2CryptoUtils - File mall_balloon_roc_dmgabs.ddj is not encrypted , flags not exists
07:15:16.174 [main] INFO org.soky.sro.pk2.io.Pk2IOTest - Consuming 16532 byte(s) from file mall_balloon_roc_dmgabs.ddj with size 16532 
07:15:16.174 [main] DEBUG org.sokybot.pk2.Pk2CryptoUtils - File mall_balloon_roc_dmgup.ddj is not encrypted , flags not exists
07:15:16.174 [main] INFO org.soky.sro.pk2.io.Pk2IOTest - Consuming 16532 byte(s) from file mall_balloon_roc_dmgup.ddj with size 16532 
07:15:16.174 [main] DEBUG org.sokybot.pk2.Pk2CryptoUtils - File mall_balloon_roc_int.ddj is not encrypted , flags not exists
07:15:16.174 [main] INFO org.soky.sro.pk2.io.Pk2IOTest - Consuming 16532 byte(s) from file mall_balloon_roc_int.ddj with size 16532 
07:15:16.174 [main] DEBUG org.sokybot.pk2.Pk2CryptoUtils - File mall_balloon_roc_str.ddj is not encrypted , flags not exists
07:15:16.175 [main] INFO org.soky.sro.pk2.io.Pk2IOTest - Consuming 16532 byte(s) from file mall_balloon_roc_str.ddj with size 16532 
07:15:16.175 [main] DEBUG org.sokybot.pk2.Pk2CryptoUtils - File mall_bolt.ddj is not encrypted , flags not exists
07:15:16.175 [main] INFO org.soky.sro.pk2.io.Pk2IOTest - Consuming 16532 byte(s) from file mall_bolt.ddj with size 16532 
07:15:16.175 [main] DEBUG org.sokybot.pk2.Pk2CryptoUtils - File mall_change_armor_gender.ddj is not encrypted , flags not exists
07:15:16.175 [main] INFO org.soky.sro.pk2.io.Pk2IOTest - Consuming 8340 byte(s) from file mall_change_armor_gender.ddj with size 8340 
07:15:16.175 [main] DEBUG org.sokybot.pk2.Pk2CryptoUtils - File mall_change_guild.ddj is not encrypted , flags not exists
07:15:16.176 [main] INFO org.soky.sro.pk2.io.Pk2IOTest - Consuming 16532 byte(s) from file mall_change_guild.ddj with size 16532 
07:15:16.176 [main] DEBUG org.sokybot.pk2.Pk2CryptoUtils - File mall_change_name.ddj is not encrypted , flags not exists
07:15:16.176 [main] INFO org.soky.sro.pk2.io.Pk2IOTest - Consuming 16532 byte(s) from file mall_change_name.ddj with size 16532 
07:15:16.176 [main] DEBUG org.sokybot.pk2.Pk2CryptoUtils - File mall_char_skin_change_scroll.ddj is not encrypted , flags not exists
07:15:16.176 [main] INFO org.soky.sro.pk2.io.Pk2IOTest - Consuming 8340 byte(s) from file mall_char_skin_change_scroll.ddj with size 8340 
07:15:16.176 [main] DEBUG org.sokybot.pk2.Pk2CryptoUtils - File mall_damage_abs_scroll.ddj is not encrypted , flags not exists
07:15:16.176 [main] INFO org.soky.sro.pk2.io.Pk2IOTest - Consuming 8340 byte(s) from file mall_damage_abs_scroll.ddj with size 8340 
07:15:16.177 [main] DEBUG org.sokybot.pk2.Pk2CryptoUtils - File mall_damage_inc_scroll.ddj is not encrypted , flags not exists
07:15:16.177 [main] INFO org.soky.sro.pk2.io.Pk2IOTest - Consuming 8340 byte(s) from file mall_damage_inc_scroll.ddj with size 8340 
07:15:16.177 [main] DEBUG org.sokybot.pk2.Pk2CryptoUtils - File mall_dungeon_free_ticket_egypt.ddj is not encrypted , flags not exists
07:15:16.177 [main] INFO org.soky.sro.pk2.io.Pk2IOTest - Consuming 8248 byte(s) from file mall_dungeon_free_ticket_egypt.ddj with size 8248 
07:15:16.177 [main] DEBUG org.sokybot.pk2.Pk2CryptoUtils - File mall_dungeon_free_ticket_forgotten_world.ddj is not encrypted , flags not exists
07:15:16.177 [main] INFO org.soky.sro.pk2.io.Pk2IOTest - Consuming 8248 byte(s) from file mall_dungeon_free_ticket_forgotten_world.ddj with size 8248 
07:15:16.177 [main] DEBUG org.sokybot.pk2.Pk2CryptoUtils - File mall_expert_package_service.ddj is not encrypted , flags not exists
07:15:16.177 [main] INFO org.soky.sro.pk2.io.Pk2IOTest - Consuming 8248 byte(s) from file mall_expert_package_service.ddj with size 8248 
07:15:16.177 [main] DEBUG org.sokybot.pk2.Pk2CryptoUtils - File mall_firewood.ddj is not encrypted , flags not exists
07:15:16.178 [main] INFO org.soky.sro.pk2.io.Pk2IOTest - Consuming 8340 byte(s) from file mall_firewood.ddj with size 8340 
07:15:16.178 [main] DEBUG org.sokybot.pk2.Pk2CryptoUtils - File mall_gacha_card.ddj is not encrypted , flags not exists
07:15:16.178 [main] INFO org.soky.sro.pk2.io.Pk2IOTest - Consuming 8340 byte(s) from file mall_gacha_card.ddj with size 8340 
07:15:16.178 [main] DEBUG org.sokybot.pk2.Pk2CryptoUtils - File mall_gacha_card_silver.ddj is not encrypted , flags not exists
07:15:16.178 [main] INFO org.soky.sro.pk2.io.Pk2IOTest - Consuming 8340 byte(s) from file mall_gacha_card_silver.ddj with size 8340 
07:15:16.178 [main] DEBUG org.sokybot.pk2.Pk2CryptoUtils - File mall_global_chatting.ddj is not encrypted , flags not exists
07:15:16.178 [main] INFO org.soky.sro.pk2.io.Pk2IOTest - Consuming 8340 byte(s) from file mall_global_chatting.ddj with size 8340 
07:15:16.178 [main] DEBUG org.sokybot.pk2.Pk2CryptoUtils - File mall_gold_time_service_ticket.ddj is not encrypted , flags not exists
07:15:16.179 [main] INFO org.soky.sro.pk2.io.Pk2IOTest - Consuming 16532 byte(s) from file mall_gold_time_service_ticket.ddj with size 16532 
07:15:16.179 [main] DEBUG org.sokybot.pk2.Pk2CryptoUtils - File mall_hp_inc_potion.ddj is not encrypted , flags not exists
07:15:16.179 [main] INFO org.soky.sro.pk2.io.Pk2IOTest - Consuming 8340 byte(s) from file mall_hp_inc_potion.ddj with size 8340 
07:15:16.179 [main] DEBUG org.sokybot.pk2.Pk2CryptoUtils - File mall_hwan.ddj is not encrypted , flags not exists
07:15:16.179 [main] INFO org.soky.sro.pk2.io.Pk2IOTest - Consuming 8340 byte(s) from file mall_hwan.ddj with size 8340 
07:15:16.179 [main] DEBUG org.sokybot.pk2.Pk2CryptoUtils - File mall_indulgence.ddj is not encrypted , flags not exists
07:15:16.179 [main] INFO org.soky.sro.pk2.io.Pk2IOTest - Consuming 16532 byte(s) from file mall_indulgence.ddj with size 16532 
07:15:16.179 [main] DEBUG org.sokybot.pk2.Pk2CryptoUtils - File mall_inventory_addition.ddj is not encrypted , flags not exists
07:15:16.180 [main] INFO org.soky.sro.pk2.io.Pk2IOTest - Consuming 16532 byte(s) from file mall_inventory_addition.ddj with size 16532 
07:15:16.180 [main] DEBUG org.sokybot.pk2.Pk2CryptoUtils - File mall_magic_cube_accessary.ddj is not encrypted , flags not exists
07:15:16.180 [main] INFO org.soky.sro.pk2.io.Pk2IOTest - Consuming 8248 byte(s) from file mall_magic_cube_accessary.ddj with size 8248 
07:15:16.180 [main] DEBUG org.sokybot.pk2.Pk2CryptoUtils - File mall_magic_cube_armor.ddj is not encrypted , flags not exists
07:15:16.180 [main] INFO org.soky.sro.pk2.io.Pk2IOTest - Consuming 8248 byte(s) from file mall_magic_cube_armor.ddj with size 8248 
07:15:16.180 [main] DEBUG org.sokybot.pk2.Pk2CryptoUtils - File mall_magic_cube_shield.ddj is not encrypted , flags not exists
07:15:16.180 [main] INFO org.soky.sro.pk2.io.Pk2IOTest - Consuming 8248 byte(s) from file mall_magic_cube_shield.ddj with size 8248 
07:15:16.180 [main] DEBUG org.sokybot.pk2.Pk2CryptoUtils - File mall_magic_cube_weapon.ddj is not encrypted , flags not exists
07:15:16.181 [main] INFO org.soky.sro.pk2.io.Pk2IOTest - Consuming 8248 byte(s) from file mall_magic_cube_weapon.ddj with size 8248 
07:15:16.181 [main] DEBUG org.sokybot.pk2.Pk2CryptoUtils - File mall_mp_inc_potion.ddj is not encrypted , flags not exists
07:15:16.181 [main] INFO org.soky.sro.pk2.io.Pk2IOTest - Consuming 8340 byte(s) from file mall_mp_inc_potion.ddj with size 8340 
07:15:16.181 [main] DEBUG org.sokybot.pk2.Pk2CryptoUtils - File mall_nasrun_archemy_magicstone_umdu.ddj is not encrypted , flags not exists
07:15:16.181 [main] INFO org.soky.sro.pk2.io.Pk2IOTest - Consuming 16532 byte(s) from file mall_nasrun_archemy_magicstone_umdu.ddj with size 16532 
07:15:16.181 [main] DEBUG org.sokybot.pk2.Pk2CryptoUtils - File mall_nasrun_extension.ddj is not encrypted , flags not exists
07:15:16.181 [main] INFO org.soky.sro.pk2.io.Pk2IOTest - Consuming 16532 byte(s) from file mall_nasrun_extension.ddj with size 16532 
07:15:16.181 [main] DEBUG org.sokybot.pk2.Pk2CryptoUtils - File mall_open_market_ticket.ddj is not encrypted , flags not exists
07:15:16.182 [main] INFO org.soky.sro.pk2.io.Pk2IOTest - Consuming 16532 byte(s) from file mall_open_market_ticket.ddj with size 16532 
07:15:16.182 [main] DEBUG org.sokybot.pk2.Pk2CryptoUtils - File mall_pet_growth_potion.ddj is not encrypted , flags not exists
07:15:16.182 [main] INFO org.soky.sro.pk2.io.Pk2IOTest - Consuming 16532 byte(s) from file mall_pet_growth_potion.ddj with size 16532 
07:15:16.182 [main] DEBUG org.sokybot.pk2.Pk2CryptoUtils - File mall_pet_skill_cold.ddj is not encrypted , flags not exists
07:15:16.182 [main] INFO org.soky.sro.pk2.io.Pk2IOTest - Consuming 16532 byte(s) from file mall_pet_skill_cold.ddj with size 16532 
07:15:16.182 [main] DEBUG org.sokybot.pk2.Pk2CryptoUtils - File mall_pet_skill_fire.ddj is not encrypted , flags not exists
07:15:16.183 [main] INFO org.soky.sro.pk2.io.Pk2IOTest - Consuming 16532 byte(s) from file mall_pet_skill_fire.ddj with size 16532 
07:15:16.183 [main] DEBUG org.sokybot.pk2.Pk2CryptoUtils - File mall_pet_skill_lightning.ddj is not encrypted , flags not exists
07:15:16.183 [main] INFO org.soky.sro.pk2.io.Pk2IOTest - Consuming 16532 byte(s) from file mall_pet_skill_lightning.ddj with size 16532 
07:15:16.183 [main] DEBUG org.sokybot.pk2.Pk2CryptoUtils - File mall_pet_watch_agol.ddj is not encrypted , flags not exists
07:15:16.183 [main] INFO org.soky.sro.pk2.io.Pk2IOTest - Consuming 16532 byte(s) from file mall_pet_watch_agol.ddj with size 16532 
07:15:16.183 [main] DEBUG org.sokybot.pk2.Pk2CryptoUtils - File mall_pet_watch_chulhyen.ddj is not encrypted , flags not exists
07:15:16.184 [main] INFO org.soky.sro.pk2.io.Pk2IOTest - Consuming 16532 byte(s) from file mall_pet_watch_chulhyen.ddj with size 16532 
07:15:16.184 [main] DEBUG org.sokybot.pk2.Pk2CryptoUtils - File mall_premium_global_goldtime.ddj is not encrypted , flags not exists
07:15:16.184 [main] INFO org.soky.sro.pk2.io.Pk2IOTest - Consuming 16532 byte(s) from file mall_premium_global_goldtime.ddj with size 16532 
07:15:16.184 [main] DEBUG org.sokybot.pk2.Pk2CryptoUtils - File mall_premium_global_goldtime_off.ddj is not encrypted , flags not exists
07:15:16.184 [main] INFO org.soky.sro.pk2.io.Pk2IOTest - Consuming 16532 byte(s) from file mall_premium_global_goldtime_off.ddj with size 16532 
07:15:16.184 [main] DEBUG org.sokybot.pk2.Pk2CryptoUtils - File mall_premium_global_goldtime_plus.ddj is not encrypted , flags not exists
07:15:16.184 [main] INFO org.soky.sro.pk2.io.Pk2IOTest - Consuming 16532 byte(s) from file mall_premium_global_goldtime_plus.ddj with size 16532 
07:15:16.185 [main] DEBUG org.sokybot.pk2.Pk2CryptoUtils - File mall_premium_global_silvertime.ddj is not encrypted , flags not exists
07:15:16.185 [main] INFO org.soky.sro.pk2.io.Pk2IOTest - Consuming 16532 byte(s) from file mall_premium_global_silvertime.ddj with size 16532 
07:15:16.185 [main] DEBUG org.sokybot.pk2.Pk2CryptoUtils - File mall_premium_global_silvertime_off.ddj is not encrypted , flags not exists
07:15:16.185 [main] INFO org.soky.sro.pk2.io.Pk2IOTest - Consuming 16532 byte(s) from file mall_premium_global_silvertime_off.ddj with size 16532 
07:15:16.185 [main] DEBUG org.sokybot.pk2.Pk2CryptoUtils - File mall_premium_goldtime.ddj is not encrypted , flags not exists
07:15:16.185 [main] INFO org.soky.sro.pk2.io.Pk2IOTest - Consuming 8340 byte(s) from file mall_premium_goldtime.ddj with size 8340 
07:15:16.185 [main] DEBUG org.sokybot.pk2.Pk2CryptoUtils - File mall_premium_goldtime_off.ddj is not encrypted , flags not exists
07:15:16.185 [main] INFO org.soky.sro.pk2.io.Pk2IOTest - Consuming 16532 byte(s) from file mall_premium_goldtime_off.ddj with size 16532 
07:15:16.186 [main] DEBUG org.sokybot.pk2.Pk2CryptoUtils - File mall_premium_quest_ticket.ddj is not encrypted , flags not exists
07:15:16.186 [main] INFO org.soky.sro.pk2.io.Pk2IOTest - Consuming 8248 byte(s) from file mall_premium_quest_ticket.ddj with size 8248 
07:15:16.186 [main] DEBUG org.sokybot.pk2.Pk2CryptoUtils - File mall_quiver.ddj is not encrypted , flags not exists
07:15:16.186 [main] INFO org.soky.sro.pk2.io.Pk2IOTest - Consuming 8340 byte(s) from file mall_quiver.ddj with size 8340 
07:15:16.186 [main] DEBUG org.sokybot.pk2.Pk2CryptoUtils - File mall_reinforce_accessary_inc_scroll.ddj is not encrypted , flags not exists
07:15:16.186 [main] INFO org.soky.sro.pk2.io.Pk2IOTest - Consuming 8340 byte(s) from file mall_reinforce_accessary_inc_scroll.ddj with size 8340 
07:15:16.186 [main] DEBUG org.sokybot.pk2.Pk2CryptoUtils - File mall_reinforce_armor_inc_scroll.ddj is not encrypted , flags not exists
07:15:16.186 [main] INFO org.soky.sro.pk2.io.Pk2IOTest - Consuming 8340 byte(s) from file mall_reinforce_armor_inc_scroll.ddj with size 8340 
07:15:16.186 [main] DEBUG org.sokybot.pk2.Pk2CryptoUtils - File mall_reinforce_weapon_inc_scroll.ddj is not encrypted , flags not exists
07:15:16.187 [main] INFO org.soky.sro.pk2.io.Pk2IOTest - Consuming 8340 byte(s) from file mall_reinforce_weapon_inc_scroll.ddj with size 8340 
07:15:16.187 [main] DEBUG org.sokybot.pk2.Pk2CryptoUtils - File mall_repair_hammer.ddj is not encrypted , flags not exists
07:15:16.187 [main] INFO org.soky.sro.pk2.io.Pk2IOTest - Consuming 8340 byte(s) from file mall_repair_hammer.ddj with size 8340 
07:15:16.187 [main] DEBUG org.sokybot.pk2.Pk2CryptoUtils - File mall_resurrection_scroll.ddj is not encrypted , flags not exists
07:15:16.187 [main] INFO org.soky.sro.pk2.io.Pk2IOTest - Consuming 8248 byte(s) from file mall_resurrection_scroll.ddj with size 8248 
07:15:16.187 [main] DEBUG org.sokybot.pk2.Pk2CryptoUtils - File mall_return_scroll.ddj is not encrypted , flags not exists
07:15:16.187 [main] INFO org.soky.sro.pk2.io.Pk2IOTest - Consuming 8340 byte(s) from file mall_return_scroll.ddj with size 8340 
07:15:16.187 [main] DEBUG org.sokybot.pk2.Pk2CryptoUtils - File mall_reverse_return_scroll.ddj is not encrypted , flags not exists
07:15:16.187 [main] INFO org.soky.sro.pk2.io.Pk2IOTest - Consuming 8340 byte(s) from file mall_reverse_return_scroll.ddj with size 8340 
07:15:16.188 [main] DEBUG org.sokybot.pk2.Pk2CryptoUtils - File mall_server_change_scroll.ddj is not encrypted , flags not exists
07:15:16.188 [main] INFO org.soky.sro.pk2.io.Pk2IOTest - Consuming 8248 byte(s) from file mall_server_change_scroll.ddj with size 8248 
07:15:16.188 [main] DEBUG org.sokybot.pk2.Pk2CryptoUtils - File mall_silver_time_service_ticket.ddj is not encrypted , flags not exists
07:15:16.188 [main] INFO org.soky.sro.pk2.io.Pk2IOTest - Consuming 16532 byte(s) from file mall_silver_time_service_ticket.ddj with size 16532 
07:15:16.188 [main] DEBUG org.sokybot.pk2.Pk2CryptoUtils - File mall_skillpoint_scroll.ddj is not encrypted , flags not exists
07:15:16.188 [main] INFO org.soky.sro.pk2.io.Pk2IOTest - Consuming 16532 byte(s) from file mall_skillpoint_scroll.ddj with size 16532 
07:15:16.188 [main] DEBUG org.sokybot.pk2.Pk2CryptoUtils - File mall_skill_gold_time_service_ticket.ddj is not encrypted , flags not exists
07:15:16.189 [main] INFO org.soky.sro.pk2.io.Pk2IOTest - Consuming 16532 byte(s) from file mall_skill_gold_time_service_ticket.ddj with size 16532 
07:15:16.189 [main] DEBUG org.sokybot.pk2.Pk2CryptoUtils - File mall_skill_gold_time_service_ticket_off.ddj is not encrypted , flags not exists
07:15:16.189 [main] INFO org.soky.sro.pk2.io.Pk2IOTest - Consuming 16532 byte(s) from file mall_skill_gold_time_service_ticket_off.ddj with size 16532 
07:15:16.189 [main] DEBUG org.sokybot.pk2.Pk2CryptoUtils - File mall_skill_point_recall.ddj is not encrypted , flags not exists
07:15:16.189 [main] INFO org.soky.sro.pk2.io.Pk2IOTest - Consuming 16532 byte(s) from file mall_skill_point_recall.ddj with size 16532 
07:15:16.189 [main] DEBUG org.sokybot.pk2.Pk2CryptoUtils - File mall_skill_point_recall_90lv.ddj is not encrypted , flags not exists
07:15:16.189 [main] INFO org.soky.sro.pk2.io.Pk2IOTest - Consuming 16532 byte(s) from file mall_skill_point_recall_90lv.ddj with size 16532 
07:15:16.190 [main] DEBUG org.sokybot.pk2.Pk2CryptoUtils - File mall_skill_restoration_potion.ddj is not encrypted , flags not exists
07:15:16.190 [main] INFO org.soky.sro.pk2.io.Pk2IOTest - Consuming 8340 byte(s) from file mall_skill_restoration_potion.ddj with size 8340 
07:15:16.190 [main] DEBUG org.sokybot.pk2.Pk2CryptoUtils - File mall_skill_silver_time_service_ticket.ddj is not encrypted , flags not exists
07:15:16.190 [main] INFO org.soky.sro.pk2.io.Pk2IOTest - Consuming 16532 byte(s) from file mall_skill_silver_time_service_ticket.ddj with size 16532 
07:15:16.190 [main] DEBUG org.sokybot.pk2.Pk2CryptoUtils - File mall_skill_silver_time_service_ticket_off.ddj is not encrypted , flags not exists
07:15:16.190 [main] INFO org.soky.sro.pk2.io.Pk2IOTest - Consuming 16532 byte(s) from file mall_skill_silver_time_service_ticket_off.ddj with size 16532 
07:15:16.190 [main] DEBUG org.sokybot.pk2.Pk2CryptoUtils - File mall_stats_point_recall.ddj is not encrypted , flags not exists
07:15:16.191 [main] INFO org.soky.sro.pk2.io.Pk2IOTest - Consuming 8340 byte(s) from file mall_stats_point_recall.ddj with size 8340 
07:15:16.191 [main] DEBUG org.sokybot.pk2.Pk2CryptoUtils - File mall_test.ddj is not encrypted , flags not exists
07:15:16.191 [main] INFO org.soky.sro.pk2.io.Pk2IOTest - Consuming 16532 byte(s) from file mall_test.ddj with size 16532 
07:15:16.191 [main] DEBUG org.sokybot.pk2.Pk2CryptoUtils - File mall_trade_magicrune_seal.ddj is not encrypted , flags not exists
07:15:16.191 [main] INFO org.soky.sro.pk2.io.Pk2IOTest - Consuming 8248 byte(s) from file mall_trade_magicrune_seal.ddj with size 8248 
07:15:16.191 [main] DEBUG org.sokybot.pk2.Pk2CryptoUtils - File mall_trade_material_destroystone.ddj is not encrypted , flags not exists
07:15:16.191 [main] INFO org.soky.sro.pk2.io.Pk2IOTest - Consuming 8248 byte(s) from file mall_trade_material_destroystone.ddj with size 8248 
07:15:16.191 [main] DEBUG org.sokybot.pk2.Pk2CryptoUtils - File mall_trade_statement.ddj is not encrypted , flags not exists
07:15:16.192 [main] INFO org.soky.sro.pk2.io.Pk2IOTest - Consuming 8248 byte(s) from file mall_trade_statement.ddj with size 8248 
07:15:16.192 [main] DEBUG org.sokybot.pk2.Pk2CryptoUtils - File mall_trade_strenthrune_seal.ddj is not encrypted , flags not exists
07:15:16.192 [main] INFO org.soky.sro.pk2.io.Pk2IOTest - Consuming 8248 byte(s) from file mall_trade_strenthrune_seal.ddj with size 8248 
07:15:16.192 [main] DEBUG org.sokybot.pk2.Pk2CryptoUtils - File mall_warehouse_addition.ddj is not encrypted , flags not exists
07:15:16.192 [main] INFO org.soky.sro.pk2.io.Pk2IOTest - Consuming 16532 byte(s) from file mall_warehouse_addition.ddj with size 16532 
07:15:16.192 [main] DEBUG org.sokybot.pk2.Pk2CryptoUtils - File mall_warehouse_ticket.ddj is not encrypted , flags not exists
07:15:16.192 [main] INFO org.soky.sro.pk2.io.Pk2IOTest - Consuming 8340 byte(s) from file mall_warehouse_ticket.ddj with size 8340 
07:15:16.192 [main] DEBUG org.sokybot.pk2.Pk2CryptoUtils - File mob_am_ivy.ddj is not encrypted , flags not exists
07:15:16.193 [main] INFO org.soky.sro.pk2.io.Pk2IOTest - Consuming 4244 byte(s) from file mob_am_ivy.ddj with size 4244 
07:15:16.193 [main] DEBUG org.sokybot.pk2.Pk2CryptoUtils - File mob_eu_kerberos.ddj is not encrypted , flags not exists
07:15:16.193 [main] INFO org.soky.sro.pk2.io.Pk2IOTest - Consuming 4244 byte(s) from file mob_eu_kerberos.ddj with size 4244 
07:15:16.193 [main] DEBUG org.sokybot.pk2.Pk2CryptoUtils - File mob_kk_isyutaru.ddj is not encrypted , flags not exists
07:15:16.193 [main] INFO org.soky.sro.pk2.io.Pk2IOTest - Consuming 4244 byte(s) from file mob_kk_isyutaru.ddj with size 4244 
07:15:16.193 [main] DEBUG org.sokybot.pk2.Pk2CryptoUtils - File mob_oa_uruchi.ddj is not encrypted , flags not exists
07:15:16.193 [main] INFO org.soky.sro.pk2.io.Pk2IOTest - Consuming 4244 byte(s) from file mob_oa_uruchi.ddj with size 4244 
07:15:16.193 [main] DEBUG org.sokybot.pk2.Pk2CryptoUtils - File mob_rm_devilsaytan.ddj is not encrypted , flags not exists
07:15:16.193 [main] INFO org.soky.sro.pk2.io.Pk2IOTest - Consuming 4244 byte(s) from file mob_rm_devilsaytan.ddj with size 4244 
07:15:16.193 [main] DEBUG org.sokybot.pk2.Pk2CryptoUtils - File mob_rm_roc.ddj is not encrypted , flags not exists
07:15:16.193 [main] INFO org.soky.sro.pk2.io.Pk2IOTest - Consuming 4244 byte(s) from file mob_rm_roc.ddj with size 4244 
07:15:16.194 [main] DEBUG org.sokybot.pk2.Pk2CryptoUtils - File mob_rm_spirits.ddj is not encrypted , flags not exists
07:15:16.194 [main] INFO org.soky.sro.pk2.io.Pk2IOTest - Consuming 4244 byte(s) from file mob_rm_spirits.ddj with size 4244 
07:15:16.194 [main] DEBUG org.sokybot.pk2.Pk2CryptoUtils - File mob_rm_tahomet.ddj is not encrypted , flags not exists
07:15:16.194 [main] INFO org.soky.sro.pk2.io.Pk2IOTest - Consuming 4244 byte(s) from file mob_rm_tahomet.ddj with size 4244 
07:15:16.194 [main] DEBUG org.sokybot.pk2.Pk2CryptoUtils - File mob_sd_anubis.ddj is not encrypted , flags not exists
07:15:16.194 [main] INFO org.soky.sro.pk2.io.Pk2IOTest - Consuming 4244 byte(s) from file mob_sd_anubis.ddj with size 4244 
07:15:16.194 [main] DEBUG org.sokybot.pk2.Pk2CryptoUtils - File mob_sd_horus.ddj is not encrypted , flags not exists
07:15:16.194 [main] INFO org.soky.sro.pk2.io.Pk2IOTest - Consuming 4244 byte(s) from file mob_sd_horus.ddj with size 4244 
07:15:16.194 [main] DEBUG org.sokybot.pk2.Pk2CryptoUtils - File mob_sd_isis.ddj is not encrypted , flags not exists
07:15:16.194 [main] INFO org.soky.sro.pk2.io.Pk2IOTest - Consuming 4244 byte(s) from file mob_sd_isis.ddj with size 4244 
07:15:16.194 [main] DEBUG org.sokybot.pk2.Pk2CryptoUtils - File mob_sd_neith.ddj is not encrypted , flags not exists
07:15:16.195 [main] INFO org.soky.sro.pk2.io.Pk2IOTest - Consuming 4244 byte(s) from file mob_sd_neith.ddj with size 4244 
07:15:16.195 [main] DEBUG org.sokybot.pk2.Pk2CryptoUtils - File mob_sd_nephthys.ddj is not encrypted , flags not exists
07:15:16.195 [main] INFO org.soky.sro.pk2.io.Pk2IOTest - Consuming 4244 byte(s) from file mob_sd_nephthys.ddj with size 4244 
07:15:16.195 [main] DEBUG org.sokybot.pk2.Pk2CryptoUtils - File mob_sd_osiris.ddj is not encrypted , flags not exists
07:15:16.195 [main] INFO org.soky.sro.pk2.io.Pk2IOTest - Consuming 4244 byte(s) from file mob_sd_osiris.ddj with size 4244 
07:15:16.195 [main] DEBUG org.sokybot.pk2.Pk2CryptoUtils - File mob_sd_sekhmet.ddj is not encrypted , flags not exists
07:15:16.195 [main] INFO org.soky.sro.pk2.io.Pk2IOTest - Consuming 4244 byte(s) from file mob_sd_sekhmet.ddj with size 4244 
07:15:16.195 [main] DEBUG org.sokybot.pk2.Pk2CryptoUtils - File mob_tk_bonelord.ddj is not encrypted , flags not exists
07:15:16.195 [main] INFO org.soky.sro.pk2.io.Pk2IOTest - Consuming 4244 byte(s) from file mob_tk_bonelord.ddj with size 4244 
07:15:16.195 [main] DEBUG org.sokybot.pk2.Pk2CryptoUtils - File mob_tq_blacksnake.ddj is not encrypted , flags not exists
07:15:16.195 [main] INFO org.soky.sro.pk2.io.Pk2IOTest - Consuming 4244 byte(s) from file mob_tq_blacksnake.ddj with size 4244 
07:15:16.196 [main] DEBUG org.sokybot.pk2.Pk2CryptoUtils - File mob_tq_eastguardian.ddj is not encrypted , flags not exists
07:15:16.196 [main] INFO org.soky.sro.pk2.io.Pk2IOTest - Consuming 4244 byte(s) from file mob_tq_eastguardian.ddj with size 4244 
07:15:16.196 [main] DEBUG org.sokybot.pk2.Pk2CryptoUtils - File mob_tq_flamemaster.ddj is not encrypted , flags not exists
07:15:16.196 [main] INFO org.soky.sro.pk2.io.Pk2IOTest - Consuming 4244 byte(s) from file mob_tq_flamemaster.ddj with size 4244 
07:15:16.196 [main] DEBUG org.sokybot.pk2.Pk2CryptoUtils - File mob_tq_westguardian.ddj is not encrypted , flags not exists
07:15:16.196 [main] INFO org.soky.sro.pk2.io.Pk2IOTest - Consuming 4244 byte(s) from file mob_tq_westguardian.ddj with size 4244 
07:15:16.196 [main] DEBUG org.sokybot.pk2.Pk2CryptoUtils - File mob_tq_whitesnake.ddj is not encrypted , flags not exists
07:15:16.196 [main] INFO org.soky.sro.pk2.io.Pk2IOTest - Consuming 4244 byte(s) from file mob_tq_whitesnake.ddj with size 4244 
07:15:16.196 [main] DEBUG org.sokybot.pk2.Pk2CryptoUtils - File special_awaken_ac.ddj is not encrypted , flags not exists
07:15:16.196 [main] INFO org.soky.sro.pk2.io.Pk2IOTest - Consuming 8248 byte(s) from file special_awaken_ac.ddj with size 8248 
07:15:16.196 [main] DEBUG org.sokybot.pk2.Pk2CryptoUtils - File special_awaken_ar.ddj is not encrypted , flags not exists
07:15:16.197 [main] INFO org.soky.sro.pk2.io.Pk2IOTest - Consuming 8248 byte(s) from file special_awaken_ar.ddj with size 8248 
07:15:16.197 [main] DEBUG org.sokybot.pk2.Pk2CryptoUtils - File special_awaken_sh.ddj is not encrypted , flags not exists
07:15:16.197 [main] INFO org.soky.sro.pk2.io.Pk2IOTest - Consuming 8248 byte(s) from file special_awaken_sh.ddj with size 8248 
07:15:16.197 [main] DEBUG org.sokybot.pk2.Pk2CryptoUtils - File special_awaken_we.ddj is not encrypted , flags not exists
07:15:16.197 [main] INFO org.soky.sro.pk2.io.Pk2IOTest - Consuming 8248 byte(s) from file special_awaken_we.ddj with size 8248 
07:15:16.197 [main] DEBUG org.sokybot.pk2.Pk2CryptoUtils - File ads_rmv.ddj is not encrypted , flags not exists
07:15:16.197 [main] INFO org.soky.sro.pk2.io.Pk2IOTest - Consuming 1172 byte(s) from file ads_rmv.ddj with size 1172 
07:15:16.197 [main] DEBUG org.sokybot.pk2.Pk2CryptoUtils - File upg.ddj is not encrypted , flags not exists
07:15:16.197 [main] INFO org.soky.sro.pk2.io.Pk2IOTest - Consuming 1172 byte(s) from file upg.ddj with size 1172 
07:15:16.197 [main] DEBUG org.sokybot.pk2.Pk2CryptoUtils - File skill_reset.ddj is not encrypted , flags not exists
07:15:16.197 [main] INFO org.soky.sro.pk2.io.Pk2IOTest - Consuming 1172 byte(s) from file skill_reset.ddj with size 1172 
07:15:16.198 [main] DEBUG org.sokybot.pk2.Pk2CryptoUtils - File stats_reset.ddj is not encrypted , flags not exists
07:15:16.198 [main] INFO org.soky.sro.pk2.io.Pk2IOTest - Consuming 1172 byte(s) from file stats_reset.ddj with size 1172 
07:15:16.198 [main] DEBUG org.sokybot.pk2.Pk2CryptoUtils - File teleprot_hole.ddj is not encrypted , flags not exists
07:15:16.198 [main] INFO org.soky.sro.pk2.io.Pk2IOTest - Consuming 4244 byte(s) from file teleprot_hole.ddj with size 4244 
07:15:16.198 [main] DEBUG org.sokybot.pk2.Pk2CryptoUtils - File thunderstorm_glow.ddj is not encrypted , flags not exists
07:15:16.198 [main] INFO org.soky.sro.pk2.io.Pk2IOTest - Consuming 4244 byte(s) from file thunderstorm_glow.ddj with size 4244 
07:15:16.198 [main] DEBUG org.sokybot.pk2.Pk2CryptoUtils - File red_remover.ddj is not encrypted , flags not exists
07:15:16.198 [main] INFO org.soky.sro.pk2.io.Pk2IOTest - Consuming 4244 byte(s) from file red_remover.ddj with size 4244 
07:15:16.198 [main] DEBUG org.sokybot.pk2.Pk2CryptoUtils - File golden_glow.ddj is not encrypted , flags not exists
07:15:16.198 [main] INFO org.soky.sro.pk2.io.Pk2IOTest - Consuming 1172 byte(s) from file golden_glow.ddj with size 1172 
07:15:16.198 [main] DEBUG org.sokybot.pk2.Pk2CryptoUtils - File dark_glow.ddj is not encrypted , flags not exists
07:15:16.198 [main] INFO org.soky.sro.pk2.io.Pk2IOTest - Consuming 1172 byte(s) from file dark_glow.ddj with size 1172 
07:15:16.199 [main] DEBUG org.sokybot.pk2.Pk2CryptoUtils - File gm_medal.ddj is not encrypted , flags not exists
07:15:16.199 [main] INFO org.soky.sro.pk2.io.Pk2IOTest - Consuming 1172 byte(s) from file gm_medal.ddj with size 1172 
07:15:16.199 [main] DEBUG org.sokybot.pk2.Pk2CryptoUtils - File remove_glow.ddj is not encrypted , flags not exists
07:15:16.199 [main] INFO org.soky.sro.pk2.io.Pk2IOTest - Consuming 1172 byte(s) from file remove_glow.ddj with size 1172 
07:15:16.199 [main] DEBUG org.sokybot.pk2.Pk2CryptoUtils - File supp_medal.ddj is not encrypted , flags not exists
07:15:16.199 [main] INFO org.soky.sro.pk2.io.Pk2IOTest - Consuming 1172 byte(s) from file supp_medal.ddj with size 1172 
07:15:16.199 [main] DEBUG org.sokybot.pk2.Pk2CryptoUtils - File ba_reward.ddj is not encrypted , flags not exists
07:15:16.199 [main] INFO org.soky.sro.pk2.io.Pk2IOTest - Consuming 1444 byte(s) from file ba_reward.ddj with size 1444 
07:15:16.199 [main] DEBUG org.sokybot.pk2.Pk2CryptoUtils - File pkremove.ddj is not encrypted , flags not exists
07:15:16.199 [main] INFO org.soky.sro.pk2.io.Pk2IOTest - Consuming 1444 byte(s) from file pkremove.ddj with size 1444 
07:15:16.199 [main] DEBUG org.sokybot.pk2.Pk2CryptoUtils - File thebest_title.ddj is not encrypted , flags not exists
07:15:16.199 [main] INFO org.soky.sro.pk2.io.Pk2IOTest - Consuming 1748 byte(s) from file thebest_title.ddj with size 1748 
07:15:16.199 [main] DEBUG org.sokybot.pk2.Pk2CryptoUtils - File green_glow.ddj is not encrypted , flags not exists
07:15:16.199 [main] INFO org.soky.sro.pk2.io.Pk2IOTest - Consuming 1172 byte(s) from file green_glow.ddj with size 1172 
07:15:16.200 [main] DEBUG org.sokybot.pk2.Pk2CryptoUtils - File invasion.ddj is not encrypted , flags not exists
07:15:16.200 [main] INFO org.soky.sro.pk2.io.Pk2IOTest - Consuming 1172 byte(s) from file invasion.ddj with size 1172 
07:15:16.200 [main] DEBUG org.sokybot.pk2.Pk2CryptoUtils - File jobpen.ddj is not encrypted , flags not exists
07:15:16.200 [main] INFO org.soky.sro.pk2.io.Pk2IOTest - Consuming 1444 byte(s) from file jobpen.ddj with size 1444 
07:15:16.200 [main] DEBUG org.sokybot.pk2.Pk2CryptoUtils - File red_glow.ddj is not encrypted , flags not exists
07:15:16.200 [main] INFO org.soky.sro.pk2.io.Pk2IOTest - Consuming 1444 byte(s) from file red_glow.ddj with size 1444 
07:15:16.200 [main] DEBUG org.sokybot.pk2.Pk2CryptoUtils - File chaos_glow.ddj is not encrypted , flags not exists
07:15:16.200 [main] INFO org.soky.sro.pk2.io.Pk2IOTest - Consuming 1172 byte(s) from file chaos_glow.ddj with size 1172 
07:15:16.200 [main] DEBUG org.sokybot.pk2.Pk2CryptoUtils - File grun_glow.ddj is not encrypted , flags not exists
07:15:16.200 [main] INFO org.soky.sro.pk2.io.Pk2IOTest - Consuming 1172 byte(s) from file grun_glow.ddj with size 1172 
07:15:16.200 [main] DEBUG org.sokybot.pk2.Pk2CryptoUtils - File devil_glow.ddj is not encrypted , flags not exists
07:15:16.200 [main] INFO org.soky.sro.pk2.io.Pk2IOTest - Consuming 1172 byte(s) from file devil_glow.ddj with size 1172 
07:15:16.200 [main] DEBUG org.sokybot.pk2.Pk2CryptoUtils - File guildrm.ddj is not encrypted , flags not exists
07:15:16.200 [main] INFO org.soky.sro.pk2.io.Pk2IOTest - Consuming 1172 byte(s) from file guildrm.ddj with size 1172 
07:15:16.201 [main] DEBUG org.sokybot.pk2.Pk2CryptoUtils - File job_master.ddj is not encrypted , flags not exists
07:15:16.201 [main] INFO org.soky.sro.pk2.io.Pk2IOTest - Consuming 1172 byte(s) from file job_master.ddj with size 1172 
07:15:16.201 [main] DEBUG org.sokybot.pk2.Pk2CryptoUtils - File pvpbf.ddj is not encrypted , flags not exists
07:15:16.201 [main] INFO org.soky.sro.pk2.io.Pk2IOTest - Consuming 1172 byte(s) from file pvpbf.ddj with size 1172 
07:15:16.201 [main] DEBUG org.sokybot.pk2.Pk2CryptoUtils - File santa_bag.ddj is not encrypted , flags not exists
07:15:16.201 [main] INFO org.soky.sro.pk2.io.Pk2IOTest - Consuming 1172 byte(s) from file santa_bag.ddj with size 1172 
07:15:16.201 [main] DEBUG org.sokybot.pk2.Pk2CryptoUtils - File silver_glow.ddj is not encrypted , flags not exists
07:15:16.201 [main] INFO org.soky.sro.pk2.io.Pk2IOTest - Consuming 1172 byte(s) from file silver_glow.ddj with size 1172 
07:15:16.201 [main] DEBUG org.sokybot.pk2.Pk2CryptoUtils - File orange_glow.ddj is not encrypted , flags not exists
07:15:16.201 [main] INFO org.soky.sro.pk2.io.Pk2IOTest - Consuming 1172 byte(s) from file orange_glow.ddj with size 1172 
07:15:16.201 [main] DEBUG org.sokybot.pk2.Pk2CryptoUtils - File devil_gender.ddj is not encrypted , flags not exists
07:15:16.201 [main] INFO org.soky.sro.pk2.io.Pk2IOTest - Consuming 1172 byte(s) from file devil_gender.ddj with size 1172 
07:15:16.201 [main] DEBUG org.sokybot.pk2.Pk2CryptoUtils - File bblack_glow.ddj is not encrypted , flags not exists
07:15:16.201 [main] INFO org.soky.sro.pk2.io.Pk2IOTest - Consuming 1172 byte(s) from file bblack_glow.ddj with size 1172 
07:15:16.202 [main] DEBUG org.sokybot.pk2.Pk2CryptoUtils - File energy_glow.ddj is not encrypted , flags not exists
07:15:16.202 [main] INFO org.soky.sro.pk2.io.Pk2IOTest - Consuming 1172 byte(s) from file energy_glow.ddj with size 1172 
07:15:16.202 [main] DEBUG org.sokybot.pk2.Pk2CryptoUtils - File pink_glow.ddj is not encrypted , flags not exists
07:15:16.202 [main] INFO org.soky.sro.pk2.io.Pk2IOTest - Consuming 1172 byte(s) from file pink_glow.ddj with size 1172 
07:15:16.202 [main] DEBUG org.sokybot.pk2.Pk2CryptoUtils - File teleport_scroll.ddj is not encrypted , flags not exists
07:15:16.202 [main] INFO org.soky.sro.pk2.io.Pk2IOTest - Consuming 5608 byte(s) from file teleport_scroll.ddj with size 5608 
07:15:16.202 [main] DEBUG org.sokybot.pk2.Pk2CryptoUtils - File cos_p_princess.ddj is not encrypted , flags not exists
07:15:16.202 [main] INFO org.soky.sro.pk2.io.Pk2IOTest - Consuming 1092 byte(s) from file cos_p_princess.ddj with size 1092 
07:15:16.202 [main] DEBUG org.sokybot.pk2.Pk2CryptoUtils - File cos_p_whiteknight.ddj is not encrypted , flags not exists
07:15:16.202 [main] INFO org.soky.sro.pk2.io.Pk2IOTest - Consuming 1092 byte(s) from file cos_p_whiteknight.ddj with size 1092 
07:15:16.202 [main] DEBUG org.sokybot.pk2.Pk2CryptoUtils - File skin_glow.ddj is not encrypted , flags not exists
07:15:16.202 [main] INFO org.soky.sro.pk2.io.Pk2IOTest - Consuming 844 byte(s) from file skin_glow.ddj with size 844 
07:15:16.202 [main] DEBUG org.sokybot.pk2.Pk2CryptoUtils - File mall_test.ddj is not encrypted , flags not exists
07:15:16.203 [main] INFO org.soky.sro.pk2.io.Pk2IOTest - Consuming 16532 byte(s) from file mall_test.ddj with size 16532 
07:15:16.203 [main] DEBUG org.sokybot.pk2.Pk2CryptoUtils - File item_cos_RANGO_authority_crown.ddj is not encrypted , flags not exists
07:15:16.203 [main] INFO org.soky.sro.pk2.io.Pk2IOTest - Consuming 2196 byte(s) from file item_cos_RANGO_authority_crown.ddj with size 2196 
07:15:16.203 [main] DEBUG org.sokybot.pk2.Pk2CryptoUtils - File item_cos_RANGO_life_seed.ddj is not encrypted , flags not exists
07:15:16.203 [main] INFO org.soky.sro.pk2.io.Pk2IOTest - Consuming 2196 byte(s) from file item_cos_RANGO_life_seed.ddj with size 2196 
07:15:16.203 [main] DEBUG org.sokybot.pk2.Pk2CryptoUtils - File item_cos_RANGO_movoi.ddj is not encrypted , flags not exists
07:15:16.203 [main] INFO org.soky.sro.pk2.io.Pk2IOTest - Consuming 2196 byte(s) from file item_cos_RANGO_movoi.ddj with size 2196 
07:15:16.203 [main] DEBUG org.sokybot.pk2.Pk2CryptoUtils - File item_cos_RANGO_PROHIBITION.ddj is not encrypted , flags not exists
07:15:16.203 [main] INFO org.soky.sro.pk2.io.Pk2IOTest - Consuming 2196 byte(s) from file item_cos_RANGO_PROHIBITION.ddj with size 2196 
07:15:16.203 [main] DEBUG org.sokybot.pk2.Pk2CryptoUtils - File item_cos_RANGO_spider_man.ddj is not encrypted , flags not exists
07:15:16.204 [main] INFO org.soky.sro.pk2.io.Pk2IOTest - Consuming 2892 byte(s) from file item_cos_RANGO_spider_man.ddj with size 2892 
07:15:16.204 [main] DEBUG org.sokybot.pk2.Pk2CryptoUtils - File mall_avatar_m_assassin.ddj is not encrypted , flags not exists
07:15:16.204 [main] INFO org.soky.sro.pk2.io.Pk2IOTest - Consuming 8248 byte(s) from file mall_avatar_m_assassin.ddj with size 8248 
07:15:16.204 [main] DEBUG org.sokybot.pk2.Pk2CryptoUtils - File mall_avatar_m_assassin_attach.ddj is not encrypted , flags not exists
07:15:16.204 [main] INFO org.soky.sro.pk2.io.Pk2IOTest - Consuming 8248 byte(s) from file mall_avatar_m_assassin_attach.ddj with size 8248 
07:15:16.204 [main] DEBUG org.sokybot.pk2.Pk2CryptoUtils - File mall_avatar_m_assassin_hat.ddj is not encrypted , flags not exists
07:15:16.204 [main] INFO org.soky.sro.pk2.io.Pk2IOTest - Consuming 8248 byte(s) from file mall_avatar_m_assassin_hat.ddj with size 8248 
07:15:16.204 [main] DEBUG org.sokybot.pk2.Pk2CryptoUtils - File mall_avatar_m_redhood.ddj is not encrypted , flags not exists
07:15:16.204 [main] INFO org.soky.sro.pk2.io.Pk2IOTest - Consuming 8248 byte(s) from file mall_avatar_m_redhood.ddj with size 8248 
07:15:16.205 [main] DEBUG org.sokybot.pk2.Pk2CryptoUtils - File mall_avatar_m_redhood_attach_girl.ddj is not encrypted , flags not exists
07:15:16.205 [main] INFO org.soky.sro.pk2.io.Pk2IOTest - Consuming 8248 byte(s) from file mall_avatar_m_redhood_attach_girl.ddj with size 8248 
07:15:16.205 [main] DEBUG org.sokybot.pk2.Pk2CryptoUtils - File mall_avatar_m_redhood_attach_wolf.ddj is not encrypted , flags not exists
07:15:16.205 [main] INFO org.soky.sro.pk2.io.Pk2IOTest - Consuming 8248 byte(s) from file mall_avatar_m_redhood_attach_wolf.ddj with size 8248 
07:15:16.205 [main] DEBUG org.sokybot.pk2.Pk2CryptoUtils - File mall_avatar_m_redhood_hat.ddj is not encrypted , flags not exists
07:15:16.205 [main] INFO org.soky.sro.pk2.io.Pk2IOTest - Consuming 8248 byte(s) from file mall_avatar_m_redhood_hat.ddj with size 8248 
07:15:16.205 [main] DEBUG org.sokybot.pk2.Pk2CryptoUtils - File mall_avatar_w_assassin.ddj is not encrypted , flags not exists
07:15:16.205 [main] INFO org.soky.sro.pk2.io.Pk2IOTest - Consuming 8248 byte(s) from file mall_avatar_w_assassin.ddj with size 8248 
07:15:16.205 [main] DEBUG org.sokybot.pk2.Pk2CryptoUtils - File mall_avatar_w_assassin_attach.ddj is not encrypted , flags not exists
07:15:16.206 [main] INFO org.soky.sro.pk2.io.Pk2IOTest - Consuming 8248 byte(s) from file mall_avatar_w_assassin_attach.ddj with size 8248 
07:15:16.206 [main] DEBUG org.sokybot.pk2.Pk2CryptoUtils - File mall_avatar_w_assassin_hat.ddj is not encrypted , flags not exists
07:15:16.206 [main] INFO org.soky.sro.pk2.io.Pk2IOTest - Consuming 8248 byte(s) from file mall_avatar_w_assassin_hat.ddj with size 8248 
07:15:16.206 [main] DEBUG org.sokybot.pk2.Pk2CryptoUtils - File mall_avatar_w_redhood.ddj is not encrypted , flags not exists
07:15:16.206 [main] INFO org.soky.sro.pk2.io.Pk2IOTest - Consuming 8248 byte(s) from file mall_avatar_w_redhood.ddj with size 8248 
07:15:16.206 [main] DEBUG org.sokybot.pk2.Pk2CryptoUtils - File mall_avatar_w_redhood_attach_girl.ddj is not encrypted , flags not exists
07:15:16.206 [main] INFO org.soky.sro.pk2.io.Pk2IOTest - Consuming 8248 byte(s) from file mall_avatar_w_redhood_attach_girl.ddj with size 8248 
07:15:16.207 [main] DEBUG org.sokybot.pk2.Pk2CryptoUtils - File mall_avatar_w_redhood_attach_wolf.ddj is not encrypted , flags not exists
07:15:16.207 [main] INFO org.soky.sro.pk2.io.Pk2IOTest - Consuming 8248 byte(s) from file mall_avatar_w_redhood_attach_wolf.ddj with size 8248 
07:15:16.207 [main] DEBUG org.sokybot.pk2.Pk2CryptoUtils - File mall_avatar_w_redhood_hat.ddj is not encrypted , flags not exists
07:15:16.207 [main] INFO org.soky.sro.pk2.io.Pk2IOTest - Consuming 8248 byte(s) from file mall_avatar_w_redhood_hat.ddj with size 8248 
07:15:16.207 [main] DEBUG org.sokybot.pk2.Pk2CryptoUtils - File awaken_ac.ddj is not encrypted , flags not exists
07:15:16.207 [main] INFO org.soky.sro.pk2.io.Pk2IOTest - Consuming 8248 byte(s) from file awaken_ac.ddj with size 8248 
07:15:16.207 [main] DEBUG org.sokybot.pk2.Pk2CryptoUtils - File awaken_ar.ddj is not encrypted , flags not exists
07:15:16.207 [main] INFO org.soky.sro.pk2.io.Pk2IOTest - Consuming 8248 byte(s) from file awaken_ar.ddj with size 8248 
07:15:16.207 [main] DEBUG org.sokybot.pk2.Pk2CryptoUtils - File awaken_sh.ddj is not encrypted , flags not exists
07:15:16.208 [main] INFO org.soky.sro.pk2.io.Pk2IOTest - Consuming 8248 byte(s) from file awaken_sh.ddj with size 8248 
07:15:16.208 [main] DEBUG org.sokybot.pk2.Pk2CryptoUtils - File awaken_we.ddj is not encrypted , flags not exists
07:15:16.208 [main] INFO org.soky.sro.pk2.io.Pk2IOTest - Consuming 8248 byte(s) from file awaken_we.ddj with size 8248 
07:15:16.208 [main] DEBUG org.sokybot.pk2.Pk2CryptoUtils - File mall_expert_package_service.ddj is not encrypted , flags not exists
07:15:16.208 [main] INFO org.soky.sro.pk2.io.Pk2IOTest - Consuming 8248 byte(s) from file mall_expert_package_service.ddj with size 8248 
07:15:16.208 [main] DEBUG org.sokybot.pk2.Pk2CryptoUtils - File mall_premium_quest_ticket.ddj is not encrypted , flags not exists
07:15:16.208 [main] INFO org.soky.sro.pk2.io.Pk2IOTest - Consuming 8248 byte(s) from file mall_premium_quest_ticket.ddj with size 8248 
07:15:16.208 [main] DEBUG org.sokybot.pk2.Pk2CryptoUtils - File mall_server_change_scroll.ddj is not encrypted , flags not exists
07:15:16.208 [main] INFO org.soky.sro.pk2.io.Pk2IOTest - Consuming 8248 byte(s) from file mall_server_change_scroll.ddj with size 8248 
07:15:16.209 [main] DEBUG org.sokybot.pk2.Pk2CryptoUtils - File mall_trade_magicrune_seal.ddj is not encrypted , flags not exists
07:15:16.209 [main] INFO org.soky.sro.pk2.io.Pk2IOTest - Consuming 8248 byte(s) from file mall_trade_magicrune_seal.ddj with size 8248 
07:15:16.209 [main] DEBUG org.sokybot.pk2.Pk2CryptoUtils - File mall_trade_material_destroystone.ddj is not encrypted , flags not exists
07:15:16.209 [main] INFO org.soky.sro.pk2.io.Pk2IOTest - Consuming 8248 byte(s) from file mall_trade_material_destroystone.ddj with size 8248 
07:15:16.209 [main] DEBUG org.sokybot.pk2.Pk2CryptoUtils - File mall_trade_statement.ddj is not encrypted , flags not exists
07:15:16.209 [main] INFO org.soky.sro.pk2.io.Pk2IOTest - Consuming 8248 byte(s) from file mall_trade_statement.ddj with size 8248 
07:15:16.209 [main] DEBUG org.sokybot.pk2.Pk2CryptoUtils - File mall_trade_strenthrune_seal.ddj is not encrypted , flags not exists
07:15:16.209 [main] INFO org.soky.sro.pk2.io.Pk2IOTest - Consuming 8248 byte(s) from file mall_trade_strenthrune_seal.ddj with size 8248 
07:15:16.209 [main] DEBUG org.sokybot.pk2.Pk2CryptoUtils - File special_awaken_ac.ddj is not encrypted , flags not exists
07:15:16.210 [main] INFO org.soky.sro.pk2.io.Pk2IOTest - Consuming 8248 byte(s) from file special_awaken_ac.ddj with size 8248 
07:15:16.210 [main] DEBUG org.sokybot.pk2.Pk2CryptoUtils - File special_awaken_ar.ddj is not encrypted , flags not exists
07:15:16.210 [main] INFO org.soky.sro.pk2.io.Pk2IOTest - Consuming 8248 byte(s) from file special_awaken_ar.ddj with size 8248 
07:15:16.210 [main] DEBUG org.sokybot.pk2.Pk2CryptoUtils - File special_awaken_sh.ddj is not encrypted , flags not exists
07:15:16.210 [main] INFO org.soky.sro.pk2.io.Pk2IOTest - Consuming 8248 byte(s) from file special_awaken_sh.ddj with size 8248 
07:15:16.210 [main] DEBUG org.sokybot.pk2.Pk2CryptoUtils - File special_awaken_we.ddj is not encrypted , flags not exists
07:15:16.211 [main] INFO org.soky.sro.pk2.io.Pk2IOTest - Consuming 8248 byte(s) from file special_awaken_we.ddj with size 8248 
07:15:16.211 [main] DEBUG org.sokybot.pk2.Pk2CryptoUtils - File mall_change_name.ddj is not encrypted , flags not exists
07:15:16.211 [main] INFO org.soky.sro.pk2.io.Pk2IOTest - Consuming 4244 byte(s) from file mall_change_name.ddj with size 4244 
07:15:16.211 [main] DEBUG org.sokybot.pk2.Pk2CryptoUtils - File ads_rmv.ddj is not encrypted , flags not exists
07:15:16.211 [main] INFO org.soky.sro.pk2.io.Pk2IOTest - Consuming 1172 byte(s) from file ads_rmv.ddj with size 1172 
07:15:16.211 [main] DEBUG org.sokybot.pk2.Pk2CryptoUtils - File upg.ddj is not encrypted , flags not exists
07:15:16.211 [main] INFO org.soky.sro.pk2.io.Pk2IOTest - Consuming 1172 byte(s) from file upg.ddj with size 1172 
07:15:16.212 [main] DEBUG org.sokybot.pk2.Pk2CryptoUtils - File charactercustom.ddj is not encrypted , flags not exists
07:15:16.212 [main] INFO org.soky.sro.pk2.io.Pk2IOTest - Consuming 3068 byte(s) from file charactercustom.ddj with size 3068 
07:15:16.212 [main] DEBUG org.sokybot.pk2.Pk2CryptoUtils - File characterloading.ddj is not encrypted , flags not exists
07:15:16.212 [main] INFO org.soky.sro.pk2.io.Pk2IOTest - Consuming 3732 byte(s) from file characterloading.ddj with size 3732 
07:15:16.212 [main] DEBUG org.sokybot.pk2.Pk2CryptoUtils - File loading_alex.ddj is not encrypted , flags not exists
07:15:16.221 [main] INFO org.soky.sro.pk2.io.Pk2IOTest - Consuming 524460 byte(s) from file loading_alex.ddj with size 524460 
07:15:16.221 [main] DEBUG org.sokybot.pk2.Pk2CryptoUtils - File loading_blackbox.ddj is not encrypted , flags not exists
07:15:16.222 [main] INFO org.soky.sro.pk2.io.Pk2IOTest - Consuming 35228 byte(s) from file loading_blackbox.ddj with size 35228 
07:15:16.222 [main] DEBUG org.sokybot.pk2.Pk2CryptoUtils - File loading_centralasia.ddj is not encrypted , flags not exists
07:15:16.227 [main] INFO org.soky.sro.pk2.io.Pk2IOTest - Consuming 524460 byte(s) from file loading_centralasia.ddj with size 524460 
07:15:16.227 [main] DEBUG org.sokybot.pk2.Pk2CryptoUtils - File loading_charactercustom.ddj is not encrypted , flags not exists
07:15:16.233 [main] INFO org.soky.sro.pk2.io.Pk2IOTest - Consuming 524460 byte(s) from file loading_charactercustom.ddj with size 524460 
07:15:16.233 [main] DEBUG org.sokybot.pk2.Pk2CryptoUtils - File loading_charactercustom_europe.ddj is not encrypted , flags not exists
07:15:16.239 [main] INFO org.soky.sro.pk2.io.Pk2IOTest - Consuming 524460 byte(s) from file loading_charactercustom_europe.ddj with size 524460 
07:15:16.239 [main] DEBUG org.sokybot.pk2.Pk2CryptoUtils - File loading_constantinople.ddj is not encrypted , flags not exists
07:15:16.244 [main] INFO org.soky.sro.pk2.io.Pk2IOTest - Consuming 524460 byte(s) from file loading_constantinople.ddj with size 524460 
07:15:16.244 [main] DEBUG org.sokybot.pk2.Pk2CryptoUtils - File loading_constantinople_balloon.ddj is not encrypted , flags not exists
07:15:16.250 [main] INFO org.soky.sro.pk2.io.Pk2IOTest - Consuming 524460 byte(s) from file loading_constantinople_balloon.ddj with size 524460 
07:15:16.250 [main] DEBUG org.sokybot.pk2.Pk2CryptoUtils - File loading_default.ddj is not encrypted , flags not exists
07:15:16.256 [main] INFO org.soky.sro.pk2.io.Pk2IOTest - Consuming 524460 byte(s) from file loading_default.ddj with size 524460 
07:15:16.256 [main] DEBUG org.sokybot.pk2.Pk2CryptoUtils - File loading_desert.ddj is not encrypted , flags not exists
07:15:16.261 [main] INFO org.soky.sro.pk2.io.Pk2IOTest - Consuming 524460 byte(s) from file loading_desert.ddj with size 524460 
07:15:16.262 [main] DEBUG org.sokybot.pk2.Pk2CryptoUtils - File loading_dungeons_donwhang.ddj is not encrypted , flags not exists
07:15:16.267 [main] INFO org.soky.sro.pk2.io.Pk2IOTest - Consuming 524460 byte(s) from file loading_dungeons_donwhang.ddj with size 524460 
07:15:16.268 [main] DEBUG org.sokybot.pk2.Pk2CryptoUtils - File loading_dunwhang.ddj is not encrypted , flags not exists
07:15:16.273 [main] INFO org.soky.sro.pk2.io.Pk2IOTest - Consuming 524460 byte(s) from file loading_dunwhang.ddj with size 524460 
07:15:16.273 [main] DEBUG org.sokybot.pk2.Pk2CryptoUtils - File loading_easteurope.ddj is not encrypted , flags not exists
07:15:16.279 [main] INFO org.soky.sro.pk2.io.Pk2IOTest - Consuming 524460 byte(s) from file loading_easteurope.ddj with size 524460 
07:15:16.279 [main] DEBUG org.sokybot.pk2.Pk2CryptoUtils - File loading_form.ddj is not encrypted , flags not exists
07:15:16.279 [main] INFO org.soky.sro.pk2.io.Pk2IOTest - Consuming 19796 byte(s) from file loading_form.ddj with size 19796 
07:15:16.280 [main] DEBUG org.sokybot.pk2.Pk2CryptoUtils - File loading_hotan.ddj is not encrypted , flags not exists
07:15:16.285 [main] INFO org.soky.sro.pk2.io.Pk2IOTest - Consuming 524460 byte(s) from file loading_hotan.ddj with size 524460 
07:15:16.285 [main] DEBUG org.sokybot.pk2.Pk2CryptoUtils - File loading_loksan.ddj is not encrypted , flags not exists
07:15:16.291 [main] INFO org.soky.sro.pk2.io.Pk2IOTest - Consuming 524460 byte(s) from file loading_loksan.ddj with size 524460 
07:15:16.291 [main] DEBUG org.sokybot.pk2.Pk2CryptoUtils - File loading_pharaoh.ddj is not encrypted , flags not exists
07:15:16.296 [main] INFO org.soky.sro.pk2.io.Pk2IOTest - Consuming 524460 byte(s) from file loading_pharaoh.ddj with size 524460 
07:15:16.297 [main] DEBUG org.sokybot.pk2.Pk2CryptoUtils - File loading_port.ddj is not encrypted , flags not exists
07:15:16.302 [main] INFO org.soky.sro.pk2.io.Pk2IOTest - Consuming 524460 byte(s) from file loading_port.ddj with size 524460 
07:15:16.302 [main] DEBUG org.sokybot.pk2.Pk2CryptoUtils - File loading_rebirth.ddj is not encrypted , flags not exists
07:15:16.308 [main] INFO org.soky.sro.pk2.io.Pk2IOTest - Consuming 524460 byte(s) from file loading_rebirth.ddj with size 524460 
07:15:16.308 [main] DEBUG org.sokybot.pk2.Pk2CryptoUtils - File loading_river.ddj is not encrypted , flags not exists
07:15:16.313 [main] INFO org.soky.sro.pk2.io.Pk2IOTest - Consuming 524460 byte(s) from file loading_river.ddj with size 524460 
07:15:16.313 [main] DEBUG org.sokybot.pk2.Pk2CryptoUtils - File loading_royalmausoleum.ddj is not encrypted , flags not exists
07:15:16.319 [main] INFO org.soky.sro.pk2.io.Pk2IOTest - Consuming 524460 byte(s) from file loading_royalmausoleum.ddj with size 524460 
07:15:16.319 [main] DEBUG org.sokybot.pk2.Pk2CryptoUtils - File loading_samarkand.ddj is not encrypted , flags not exists
07:15:16.324 [main] INFO org.soky.sro.pk2.io.Pk2IOTest - Consuming 524460 byte(s) from file loading_samarkand.ddj with size 524460 
07:15:16.325 [main] DEBUG org.sokybot.pk2.Pk2CryptoUtils - File loading_thief.ddj is not encrypted , flags not exists
07:15:16.330 [main] INFO org.soky.sro.pk2.io.Pk2IOTest - Consuming 524460 byte(s) from file loading_thief.ddj with size 524460 
07:15:16.330 [main] DEBUG org.sokybot.pk2.Pk2CryptoUtils - File loading_thiefzone.ddj is not encrypted , flags not exists
07:15:16.336 [main] INFO org.soky.sro.pk2.io.Pk2IOTest - Consuming 524460 byte(s) from file loading_thiefzone.ddj with size 524460 
07:15:16.336 [main] DEBUG org.sokybot.pk2.Pk2CryptoUtils - File loading_valley.ddj is not encrypted , flags not exists
07:15:16.341 [main] INFO org.soky.sro.pk2.io.Pk2IOTest - Consuming 524460 byte(s) from file loading_valley.ddj with size 524460 
07:15:16.342 [main] DEBUG org.sokybot.pk2.Pk2CryptoUtils - File loading_zangan.ddj is not encrypted , flags not exists
07:15:16.347 [main] INFO org.soky.sro.pk2.io.Pk2IOTest - Consuming 524460 byte(s) from file loading_zangan.ddj with size 524460 
07:15:16.347 [main] DEBUG org.sokybot.pk2.Pk2CryptoUtils - File loading_zangan_balloon.ddj is not encrypted , flags not exists
07:15:16.352 [main] INFO org.soky.sro.pk2.io.Pk2IOTest - Consuming 524460 byte(s) from file loading_zangan_balloon.ddj with size 524460 
07:15:16.353 [main] DEBUG org.sokybot.pk2.Pk2CryptoUtils - File login_window.ddj is not encrypted , flags not exists
07:15:16.353 [main] INFO org.soky.sro.pk2.io.Pk2IOTest - Consuming 27276 byte(s) from file login_window.ddj with size 27276 
07:15:16.353 [main] DEBUG org.sokybot.pk2.Pk2CryptoUtils - File nowloading.ddj is not encrypted , flags not exists
07:15:16.353 [main] INFO org.soky.sro.pk2.io.Pk2IOTest - Consuming 2252 byte(s) from file nowloading.ddj with size 2252 
07:15:16.353 [main] DEBUG org.sokybot.pk2.Pk2CryptoUtils - File start_loading_09.ddj is not encrypted , flags not exists
07:15:16.354 [main] INFO org.soky.sro.pk2.io.Pk2IOTest - Consuming 40092 byte(s) from file start_loading_09.ddj with size 40092 
07:15:16.354 [main] DEBUG org.sokybot.pk2.Pk2CryptoUtils - File sys_button.ddj is not encrypted , flags not exists
07:15:16.354 [main] INFO org.soky.sro.pk2.io.Pk2IOTest - Consuming 7444 byte(s) from file sys_button.ddj with size 7444 
07:15:16.354 [main] DEBUG org.sokybot.pk2.Pk2CryptoUtils - File sys_button_disable.ddj is not encrypted , flags not exists
07:15:16.354 [main] INFO org.soky.sro.pk2.io.Pk2IOTest - Consuming 7444 byte(s) from file sys_button_disable.ddj with size 7444 
07:15:16.354 [main] DEBUG org.sokybot.pk2.Pk2CryptoUtils - File sys_button_focus.ddj is not encrypted , flags not exists
07:15:16.354 [main] INFO org.soky.sro.pk2.io.Pk2IOTest - Consuming 7444 byte(s) from file sys_button_focus.ddj with size 7444 
07:15:16.354 [main] DEBUG org.sokybot.pk2.Pk2CryptoUtils - File sys_button_press.ddj is not encrypted , flags not exists
07:15:16.355 [main] INFO org.soky.sro.pk2.io.Pk2IOTest - Consuming 7444 byte(s) from file sys_button_press.ddj with size 7444 
07:15:16.355 [main] DEBUG org.sokybot.pk2.Pk2CryptoUtils - File tw_gem_animal.ddj is not encrypted , flags not exists
07:15:16.355 [main] INFO org.soky.sro.pk2.io.Pk2IOTest - Consuming 948 byte(s) from file tw_gem_animal.ddj with size 948 
07:15:16.355 [main] DEBUG org.sokybot.pk2.Pk2CryptoUtils - File tw_gem_normal.ddj is not encrypted , flags not exists
07:15:16.355 [main] INFO org.soky.sro.pk2.io.Pk2IOTest - Consuming 1748 byte(s) from file tw_gem_normal.ddj with size 1748 
07:15:16.355 [main] DEBUG org.sokybot.pk2.Pk2CryptoUtils - File tw_gem_npc.ddj is not encrypted , flags not exists
07:15:16.355 [main] INFO org.soky.sro.pk2.io.Pk2IOTest - Consuming 948 byte(s) from file tw_gem_npc.ddj with size 948 
07:15:16.355 [main] DEBUG org.sokybot.pk2.Pk2CryptoUtils - File tw_gem_player.ddj is not encrypted , flags not exists
07:15:16.355 [main] INFO org.soky.sro.pk2.io.Pk2IOTest - Consuming 948 byte(s) from file tw_gem_player.ddj with size 948 
07:15:16.355 [main] DEBUG org.sokybot.pk2.Pk2CryptoUtils - File tw_gem_wanted_rank.ddj is not encrypted , flags not exists
07:15:16.355 [main] INFO org.soky.sro.pk2.io.Pk2IOTest - Consuming 948 byte(s) from file tw_gem_wanted_rank.ddj with size 948 
07:15:16.355 [main] DEBUG org.sokybot.pk2.Pk2CryptoUtils - File tw_hp.ddj is not encrypted , flags not exists
07:15:16.355 [main] INFO org.soky.sro.pk2.io.Pk2IOTest - Consuming 1492 byte(s) from file tw_hp.ddj with size 1492 
07:15:16.356 [main] DEBUG org.sokybot.pk2.Pk2CryptoUtils - File tw_hp_npc.ddj is not encrypted , flags not exists
07:15:16.356 [main] INFO org.soky.sro.pk2.io.Pk2IOTest - Consuming 1812 byte(s) from file tw_hp_npc.ddj with size 1812 
07:15:16.356 [main] DEBUG org.sokybot.pk2.Pk2CryptoUtils - File tw_icon_champion.ddj is not encrypted , flags not exists
07:15:16.356 [main] INFO org.soky.sro.pk2.io.Pk2IOTest - Consuming 660 byte(s) from file tw_icon_champion.ddj with size 660 
07:15:16.356 [main] DEBUG org.sokybot.pk2.Pk2CryptoUtils - File tw_icon_elite.ddj is not encrypted , flags not exists
07:15:16.356 [main] INFO org.soky.sro.pk2.io.Pk2IOTest - Consuming 660 byte(s) from file tw_icon_elite.ddj with size 660 
07:15:16.356 [main] DEBUG org.sokybot.pk2.Pk2CryptoUtils - File tw_icon_giant.ddj is not encrypted , flags not exists
07:15:16.356 [main] INFO org.soky.sro.pk2.io.Pk2IOTest - Consuming 660 byte(s) from file tw_icon_giant.ddj with size 660 
07:15:16.356 [main] DEBUG org.sokybot.pk2.Pk2CryptoUtils - File tw_icon_normal.ddj is not encrypted , flags not exists
07:15:16.356 [main] INFO org.soky.sro.pk2.io.Pk2IOTest - Consuming 660 byte(s) from file tw_icon_normal.ddj with size 660 
07:15:16.356 [main] DEBUG org.sokybot.pk2.Pk2CryptoUtils - File tw_icon_titan.ddj is not encrypted , flags not exists
07:15:16.356 [main] INFO org.soky.sro.pk2.io.Pk2IOTest - Consuming 660 byte(s) from file tw_icon_titan.ddj with size 660 
07:15:16.356 [main] DEBUG org.sokybot.pk2.Pk2CryptoUtils - File tw_icon_unique.ddj is not encrypted , flags not exists
07:15:16.356 [main] INFO org.soky.sro.pk2.io.Pk2IOTest - Consuming 660 byte(s) from file tw_icon_unique.ddj with size 660 
07:15:16.356 [main] DEBUG org.sokybot.pk2.Pk2CryptoUtils - File tw_job_hunter.ddj is not encrypted , flags not exists
07:15:16.356 [main] INFO org.soky.sro.pk2.io.Pk2IOTest - Consuming 660 byte(s) from file tw_job_hunter.ddj with size 660 
07:15:16.357 [main] DEBUG org.sokybot.pk2.Pk2CryptoUtils - File tw_job_merchant.ddj is not encrypted , flags not exists
07:15:16.357 [main] INFO org.soky.sro.pk2.io.Pk2IOTest - Consuming 660 byte(s) from file tw_job_merchant.ddj with size 660 
07:15:16.357 [main] DEBUG org.sokybot.pk2.Pk2CryptoUtils - File tw_job_thief.ddj is not encrypted , flags not exists
07:15:16.357 [main] INFO org.soky.sro.pk2.io.Pk2IOTest - Consuming 660 byte(s) from file tw_job_thief.ddj with size 660 
07:15:16.357 [main] DEBUG org.sokybot.pk2.Pk2CryptoUtils - File tw_job_wanted_rank.ddj is not encrypted , flags not exists
07:15:16.357 [main] INFO org.soky.sro.pk2.io.Pk2IOTest - Consuming 660 byte(s) from file tw_job_wanted_rank.ddj with size 660 
07:15:16.357 [main] DEBUG org.sokybot.pk2.Pk2CryptoUtils - File tw_mp.ddj is not encrypted , flags not exists
07:15:16.357 [main] INFO org.soky.sro.pk2.io.Pk2IOTest - Consuming 1492 byte(s) from file tw_mp.ddj with size 1492 
07:15:16.357 [main] DEBUG org.sokybot.pk2.Pk2CryptoUtils - File tpt_text.ddj is not encrypted , flags not exists
07:15:16.357 [main] INFO org.soky.sro.pk2.io.Pk2IOTest - Consuming 17428 byte(s) from file tpt_text.ddj with size 17428 
07:15:16.357 [main] DEBUG org.sokybot.pk2.Pk2CryptoUtils - File tpt_window_donhwang.ddj is not encrypted , flags not exists
07:15:16.362 [main] INFO org.soky.sro.pk2.io.Pk2IOTest - Consuming 420372 byte(s) from file tpt_window_donhwang.ddj with size 420372 
07:15:16.362 [main] DEBUG org.sokybot.pk2.Pk2CryptoUtils - File tpt_window_zangan.ddj is not encrypted , flags not exists
07:15:16.366 [main] INFO org.soky.sro.pk2.io.Pk2IOTest - Consuming 420372 byte(s) from file tpt_window_zangan.ddj with size 420372 
07:15:16.366 [main] DEBUG org.sokybot.pk2.Pk2CryptoUtils - File timer.ddj is not encrypted , flags not exists
07:15:16.366 [main] INFO org.soky.sro.pk2.io.Pk2IOTest - Consuming 3492 byte(s) from file timer.ddj with size 3492 
07:15:16.366 [main] DEBUG org.sokybot.pk2.Pk2CryptoUtils - File timer_0.ddj is not encrypted , flags not exists
07:15:16.367 [main] INFO org.soky.sro.pk2.io.Pk2IOTest - Consuming 7636 byte(s) from file timer_0.ddj with size 7636 
07:15:16.367 [main] DEBUG org.sokybot.pk2.Pk2CryptoUtils - File timer_9.ddj is not encrypted , flags not exists
07:15:16.367 [main] INFO org.soky.sro.pk2.io.Pk2IOTest - Consuming 7636 byte(s) from file timer_9.ddj with size 7636 
07:15:16.367 [main] DEBUG org.sokybot.pk2.Pk2CryptoUtils - File eu_ub_menu_button.ddj is not encrypted , flags not exists
07:15:16.367 [main] INFO org.soky.sro.pk2.io.Pk2IOTest - Consuming 6868 byte(s) from file eu_ub_menu_button.ddj with size 6868 
07:15:16.367 [main] DEBUG org.sokybot.pk2.Pk2CryptoUtils - File eu_ub_menu_button_focus.ddj is not encrypted , flags not exists
07:15:16.367 [main] INFO org.soky.sro.pk2.io.Pk2IOTest - Consuming 6868 byte(s) from file eu_ub_menu_button_focus.ddj with size 6868 
07:15:16.367 [main] DEBUG org.sokybot.pk2.Pk2CryptoUtils - File eu_ub_menu_button_press.ddj is not encrypted , flags not exists
07:15:16.367 [main] INFO org.soky.sro.pk2.io.Pk2IOTest - Consuming 6868 byte(s) from file eu_ub_menu_button_press.ddj with size 6868 
07:15:16.367 [main] DEBUG org.sokybot.pk2.Pk2CryptoUtils - File ub_community_button.ddj is not encrypted , flags not exists
07:15:16.367 [main] INFO org.soky.sro.pk2.io.Pk2IOTest - Consuming 1300 byte(s) from file ub_community_button.ddj with size 1300 
07:15:16.368 [main] DEBUG org.sokybot.pk2.Pk2CryptoUtils - File ub_community_button_focus.ddj is not encrypted , flags not exists
07:15:16.368 [main] INFO org.soky.sro.pk2.io.Pk2IOTest - Consuming 1300 byte(s) from file ub_community_button_focus.ddj with size 1300 
07:15:16.368 [main] DEBUG org.sokybot.pk2.Pk2CryptoUtils - File ub_community_button_press.ddj is not encrypted , flags not exists
07:15:16.368 [main] INFO org.soky.sro.pk2.io.Pk2IOTest - Consuming 1300 byte(s) from file ub_community_button_press.ddj with size 1300 
07:15:16.368 [main] DEBUG org.sokybot.pk2.Pk2CryptoUtils - File ub_deco_left.ddj is not encrypted , flags not exists
07:15:16.368 [main] INFO org.soky.sro.pk2.io.Pk2IOTest - Consuming 6804 byte(s) from file ub_deco_left.ddj with size 6804 
07:15:16.368 [main] DEBUG org.sokybot.pk2.Pk2CryptoUtils - File ub_deco_right.ddj is not encrypted , flags not exists
07:15:16.368 [main] INFO org.soky.sro.pk2.io.Pk2IOTest - Consuming 6804 byte(s) from file ub_deco_right.ddj with size 6804 
07:15:16.368 [main] DEBUG org.sokybot.pk2.Pk2CryptoUtils - File ub_down_arrow.ddj is not encrypted , flags not exists
07:15:16.368 [main] INFO org.soky.sro.pk2.io.Pk2IOTest - Consuming 268 byte(s) from file ub_down_arrow.ddj with size 268 
07:15:16.368 [main] DEBUG org.sokybot.pk2.Pk2CryptoUtils - File ub_down_arrow_disable.ddj is not encrypted , flags not exists
07:15:16.368 [main] INFO org.soky.sro.pk2.io.Pk2IOTest - Consuming 628 byte(s) from file ub_down_arrow_disable.ddj with size 628 
07:15:16.369 [main] DEBUG org.sokybot.pk2.Pk2CryptoUtils - File ub_down_arrow_focus.ddj is not encrypted , flags not exists
07:15:16.369 [main] INFO org.soky.sro.pk2.io.Pk2IOTest - Consuming 268 byte(s) from file ub_down_arrow_focus.ddj with size 268 
07:15:16.369 [main] DEBUG org.sokybot.pk2.Pk2CryptoUtils - File ub_down_arrow_press.ddj is not encrypted , flags not exists
07:15:16.369 [main] INFO org.soky.sro.pk2.io.Pk2IOTest - Consuming 268 byte(s) from file ub_down_arrow_press.ddj with size 268 
07:15:16.369 [main] DEBUG org.sokybot.pk2.Pk2CryptoUtils - File ub_exp_bar.ddj is not encrypted , flags not exists
07:15:16.369 [main] INFO org.soky.sro.pk2.io.Pk2IOTest - Consuming 948 byte(s) from file ub_exp_bar.ddj with size 948 
07:15:16.369 [main] DEBUG org.sokybot.pk2.Pk2CryptoUtils - File ub_exp_bar_0.ddj is not encrypted , flags not exists
07:15:16.369 [main] INFO org.soky.sro.pk2.io.Pk2IOTest - Consuming 948 byte(s) from file ub_exp_bar_0.ddj with size 948 
07:15:16.369 [main] DEBUG org.sokybot.pk2.Pk2CryptoUtils - File ub_mall_button.ddj is not encrypted , flags not exists
07:15:16.369 [main] INFO org.soky.sro.pk2.io.Pk2IOTest - Consuming 2740 byte(s) from file ub_mall_button.ddj with size 2740 
07:15:16.369 [main] DEBUG org.sokybot.pk2.Pk2CryptoUtils - File ub_mall_button_disable.ddj is not encrypted , flags not exists
07:15:16.369 [main] INFO org.soky.sro.pk2.io.Pk2IOTest - Consuming 2740 byte(s) from file ub_mall_button_disable.ddj with size 2740 
07:15:16.369 [main] DEBUG org.sokybot.pk2.Pk2CryptoUtils - File ub_mall_button_focus.ddj is not encrypted , flags not exists
07:15:16.369 [main] INFO org.soky.sro.pk2.io.Pk2IOTest - Consuming 2740 byte(s) from file ub_mall_button_focus.ddj with size 2740 
07:15:16.370 [main] DEBUG org.sokybot.pk2.Pk2CryptoUtils - File ub_mall_button_press.ddj is not encrypted , flags not exists
07:15:16.370 [main] INFO org.soky.sro.pk2.io.Pk2IOTest - Consuming 2740 byte(s) from file ub_mall_button_press.ddj with size 2740 
07:15:16.370 [main] DEBUG org.sokybot.pk2.Pk2CryptoUtils - File ub_menu_button.ddj is not encrypted , flags not exists
07:15:16.370 [main] INFO org.soky.sro.pk2.io.Pk2IOTest - Consuming 6868 byte(s) from file ub_menu_button.ddj with size 6868 
07:15:16.370 [main] DEBUG org.sokybot.pk2.Pk2CryptoUtils - File ub_menu_button_focus.ddj is not encrypted , flags not exists
07:15:16.370 [main] INFO org.soky.sro.pk2.io.Pk2IOTest - Consuming 6868 byte(s) from file ub_menu_button_focus.ddj with size 6868 
07:15:16.370 [main] DEBUG org.sokybot.pk2.Pk2CryptoUtils - File ub_menu_button_press.ddj is not encrypted , flags not exists
07:15:16.370 [main] INFO org.soky.sro.pk2.io.Pk2IOTest - Consuming 6868 byte(s) from file ub_menu_button_press.ddj with size 6868 
07:15:16.370 [main] DEBUG org.sokybot.pk2.Pk2CryptoUtils - File ub_number_0.ddj is not encrypted , flags not exists
07:15:16.370 [main] INFO org.soky.sro.pk2.io.Pk2IOTest - Consuming 340 byte(s) from file ub_number_0.ddj with size 340 
07:15:16.370 [main] DEBUG org.sokybot.pk2.Pk2CryptoUtils - File ub_number_9.ddj is not encrypted , flags not exists
07:15:16.371 [main] INFO org.soky.sro.pk2.io.Pk2IOTest - Consuming 340 byte(s) from file ub_number_9.ddj with size 340 
07:15:16.371 [main] DEBUG org.sokybot.pk2.Pk2CryptoUtils - File ub_number_m.ddj is not encrypted , flags not exists
07:15:16.371 [main] INFO org.soky.sro.pk2.io.Pk2IOTest - Consuming 340 byte(s) from file ub_number_m.ddj with size 340 
07:15:16.371 [main] DEBUG org.sokybot.pk2.Pk2CryptoUtils - File ub_option_button.ddj is not encrypted , flags not exists
07:15:16.371 [main] INFO org.soky.sro.pk2.io.Pk2IOTest - Consuming 1300 byte(s) from file ub_option_button.ddj with size 1300 
07:15:16.371 [main] DEBUG org.sokybot.pk2.Pk2CryptoUtils - File ub_option_button_focus.ddj is not encrypted , flags not exists
07:15:16.371 [main] INFO org.soky.sro.pk2.io.Pk2IOTest - Consuming 1300 byte(s) from file ub_option_button_focus.ddj with size 1300 
07:15:16.371 [main] DEBUG org.sokybot.pk2.Pk2CryptoUtils - File ub_option_button_press.ddj is not encrypted , flags not exists
07:15:16.371 [main] INFO org.soky.sro.pk2.io.Pk2IOTest - Consuming 1300 byte(s) from file ub_option_button_press.ddj with size 1300 
07:15:16.371 [main] DEBUG org.sokybot.pk2.Pk2CryptoUtils - File ub_slot_arrow.ddj is not encrypted , flags not exists
07:15:16.371 [main] INFO org.soky.sro.pk2.io.Pk2IOTest - Consuming 948 byte(s) from file ub_slot_arrow.ddj with size 948 
07:15:16.371 [main] DEBUG org.sokybot.pk2.Pk2CryptoUtils - File ub_sp_bar.ddj is not encrypted , flags not exists
07:15:16.371 [main] INFO org.soky.sro.pk2.io.Pk2IOTest - Consuming 2452 byte(s) from file ub_sp_bar.ddj with size 2452 
07:15:16.371 [main] DEBUG org.sokybot.pk2.Pk2CryptoUtils - File ub_up_arrow.ddj is not encrypted , flags not exists
07:15:16.371 [main] INFO org.soky.sro.pk2.io.Pk2IOTest - Consuming 268 byte(s) from file ub_up_arrow.ddj with size 268 
07:15:16.372 [main] DEBUG org.sokybot.pk2.Pk2CryptoUtils - File ub_up_arrow_disable.ddj is not encrypted , flags not exists
07:15:16.372 [main] INFO org.soky.sro.pk2.io.Pk2IOTest - Consuming 628 byte(s) from file ub_up_arrow_disable.ddj with size 628 
07:15:16.372 [main] DEBUG org.sokybot.pk2.Pk2CryptoUtils - File ub_up_arrow_focus.ddj is not encrypted , flags not exists
07:15:16.372 [main] INFO org.soky.sro.pk2.io.Pk2IOTest - Consuming 268 byte(s) from file ub_up_arrow_focus.ddj with size 268 
07:15:16.372 [main] DEBUG org.sokybot.pk2.Pk2CryptoUtils - File ub_up_arrow_press.ddj is not encrypted , flags not exists
07:15:16.372 [main] INFO org.soky.sro.pk2.io.Pk2IOTest - Consuming 268 byte(s) from file ub_up_arrow_press.ddj with size 268 
07:15:16.372 [main] DEBUG org.sokybot.pk2.Pk2CryptoUtils - File ub_new_character.ddj is not encrypted , flags not exists
07:15:16.372 [main] INFO org.soky.sro.pk2.io.Pk2IOTest - Consuming 4244 byte(s) from file ub_new_character.ddj with size 4244 
07:15:16.372 [main] DEBUG org.sokybot.pk2.Pk2CryptoUtils - File ub_new_character_disable.ddj is not encrypted , flags not exists
07:15:16.372 [main] INFO org.soky.sro.pk2.io.Pk2IOTest - Consuming 4244 byte(s) from file ub_new_character_disable.ddj with size 4244 
07:15:16.372 [main] DEBUG org.sokybot.pk2.Pk2CryptoUtils - File ub_new_character_focus.ddj is not encrypted , flags not exists
07:15:16.372 [main] INFO org.soky.sro.pk2.io.Pk2IOTest - Consuming 4244 byte(s) from file ub_new_character_focus.ddj with size 4244 
07:15:16.373 [main] DEBUG org.sokybot.pk2.Pk2CryptoUtils - File ub_new_character_press.ddj is not encrypted , flags not exists
07:15:16.373 [main] INFO org.soky.sro.pk2.io.Pk2IOTest - Consuming 4244 byte(s) from file ub_new_character_press.ddj with size 4244 
07:15:16.373 [main] DEBUG org.sokybot.pk2.Pk2CryptoUtils - File ub_new_deco_left.ddj is not encrypted , flags not exists
07:15:16.373 [main] INFO org.soky.sro.pk2.io.Pk2IOTest - Consuming 26056 byte(s) from file ub_new_deco_left.ddj with size 26056 
07:15:16.373 [main] DEBUG org.sokybot.pk2.Pk2CryptoUtils - File ub_new_deco_right.ddj is not encrypted , flags not exists
07:15:16.373 [main] INFO org.soky.sro.pk2.io.Pk2IOTest - Consuming 26056 byte(s) from file ub_new_deco_right.ddj with size 26056 
07:15:16.374 [main] DEBUG org.sokybot.pk2.Pk2CryptoUtils - File ub_new_exp_bar.ddj is not encrypted , flags not exists
07:15:16.374 [main] INFO org.soky.sro.pk2.io.Pk2IOTest - Consuming 452 byte(s) from file ub_new_exp_bar.ddj with size 452 
07:15:16.374 [main] DEBUG org.sokybot.pk2.Pk2CryptoUtils - File ub_new_icon_action.ddj is not encrypted , flags not exists
07:15:16.374 [main] INFO org.soky.sro.pk2.io.Pk2IOTest - Consuming 1748 byte(s) from file ub_new_icon_action.ddj with size 1748 
07:15:16.374 [main] DEBUG org.sokybot.pk2.Pk2CryptoUtils - File ub_new_icon_alchemy.ddj is not encrypted , flags not exists
07:15:16.374 [main] INFO org.soky.sro.pk2.io.Pk2IOTest - Consuming 1748 byte(s) from file ub_new_icon_alchemy.ddj with size 1748 
07:15:16.374 [main] DEBUG org.sokybot.pk2.Pk2CryptoUtils - File ub_new_icon_apprenticeship.ddj is not encrypted , flags not exists
07:15:16.374 [main] INFO org.soky.sro.pk2.io.Pk2IOTest - Consuming 1748 byte(s) from file ub_new_icon_apprenticeship.ddj with size 1748 
07:15:16.374 [main] DEBUG org.sokybot.pk2.Pk2CryptoUtils - File ub_new_icon_apprenticeship_m.ddj is not encrypted , flags not exists
07:15:16.374 [main] INFO org.soky.sro.pk2.io.Pk2IOTest - Consuming 1748 byte(s) from file ub_new_icon_apprenticeship_m.ddj with size 1748 
07:15:16.374 [main] DEBUG org.sokybot.pk2.Pk2CryptoUtils - File ub_new_icon_commu.ddj is not encrypted , flags not exists
07:15:16.374 [main] INFO org.soky.sro.pk2.io.Pk2IOTest - Consuming 1748 byte(s) from file ub_new_icon_commu.ddj with size 1748 
07:15:16.374 [main] DEBUG org.sokybot.pk2.Pk2CryptoUtils - File ub_new_icon_guild.ddj is not encrypted , flags not exists
07:15:16.374 [main] INFO org.soky.sro.pk2.io.Pk2IOTest - Consuming 1748 byte(s) from file ub_new_icon_guild.ddj with size 1748 
07:15:16.375 [main] DEBUG org.sokybot.pk2.Pk2CryptoUtils - File ub_new_icon_pt.ddj is not encrypted , flags not exists
07:15:16.375 [main] INFO org.soky.sro.pk2.io.Pk2IOTest - Consuming 1748 byte(s) from file ub_new_icon_pt.ddj with size 1748 
07:15:16.375 [main] DEBUG org.sokybot.pk2.Pk2CryptoUtils - File ub_new_icon_ptm.ddj is not encrypted , flags not exists
07:15:16.375 [main] INFO org.soky.sro.pk2.io.Pk2IOTest - Consuming 1748 byte(s) from file ub_new_icon_ptm.ddj with size 1748 
07:15:16.375 [main] DEBUG org.sokybot.pk2.Pk2CryptoUtils - File ub_new_icon_quest.ddj is not encrypted , flags not exists
07:15:16.375 [main] INFO org.soky.sro.pk2.io.Pk2IOTest - Consuming 1748 byte(s) from file ub_new_icon_quest.ddj with size 1748 
07:15:16.375 [main] DEBUG org.sokybot.pk2.Pk2CryptoUtils - File ub_new_icon_recovery.ddj is not encrypted , flags not exists
07:15:16.375 [main] INFO org.soky.sro.pk2.io.Pk2IOTest - Consuming 1748 byte(s) from file ub_new_icon_recovery.ddj with size 1748 
07:15:16.375 [main] DEBUG org.sokybot.pk2.Pk2CryptoUtils - File ub_new_icon_stall.ddj is not encrypted , flags not exists
07:15:16.375 [main] INFO org.soky.sro.pk2.io.Pk2IOTest - Consuming 1748 byte(s) from file ub_new_icon_stall.ddj with size 1748 
07:15:16.375 [main] DEBUG org.sokybot.pk2.Pk2CryptoUtils - File ub_new_icon_stallnet.ddj is not encrypted , flags not exists
07:15:16.375 [main] INFO org.soky.sro.pk2.io.Pk2IOTest - Consuming 1748 byte(s) from file ub_new_icon_stallnet.ddj with size 1748 
07:15:16.376 [main] DEBUG org.sokybot.pk2.Pk2CryptoUtils - File ub_new_icon_system.ddj is not encrypted , flags not exists
07:15:16.376 [main] INFO org.soky.sro.pk2.io.Pk2IOTest - Consuming 1748 byte(s) from file ub_new_icon_system.ddj with size 1748 
07:15:16.376 [main] DEBUG org.sokybot.pk2.Pk2CryptoUtils - File ub_new_inventory.ddj is not encrypted , flags not exists
07:15:16.376 [main] INFO org.soky.sro.pk2.io.Pk2IOTest - Consuming 4244 byte(s) from file ub_new_inventory.ddj with size 4244 
07:15:16.376 [main] DEBUG org.sokybot.pk2.Pk2CryptoUtils - File ub_new_inventory_disable.ddj is not encrypted , flags not exists
07:15:16.376 [main] INFO org.soky.sro.pk2.io.Pk2IOTest - Consuming 4244 byte(s) from file ub_new_inventory_disable.ddj with size 4244 
07:15:16.376 [main] DEBUG org.sokybot.pk2.Pk2CryptoUtils - File ub_new_inventory_focus.ddj is not encrypted , flags not exists
07:15:16.376 [main] INFO org.soky.sro.pk2.io.Pk2IOTest - Consuming 4244 byte(s) from file ub_new_inventory_focus.ddj with size 4244 
07:15:16.376 [main] DEBUG org.sokybot.pk2.Pk2CryptoUtils - File ub_new_inventory_press.ddj is not encrypted , flags not exists
07:15:16.376 [main] INFO org.soky.sro.pk2.io.Pk2IOTest - Consuming 4244 byte(s) from file ub_new_inventory_press.ddj with size 4244 
07:15:16.376 [main] DEBUG org.sokybot.pk2.Pk2CryptoUtils - File ub_new_line.ddj is not encrypted , flags not exists
07:15:16.376 [main] INFO org.soky.sro.pk2.io.Pk2IOTest - Consuming 2068 byte(s) from file ub_new_line.ddj with size 2068 
07:15:16.377 [main] DEBUG org.sokybot.pk2.Pk2CryptoUtils - File ub_new_list.ddj is not encrypted , flags not exists
07:15:16.377 [main] INFO org.soky.sro.pk2.io.Pk2IOTest - Consuming 212 byte(s) from file ub_new_list.ddj with size 212 
07:15:16.377 [main] DEBUG org.sokybot.pk2.Pk2CryptoUtils - File ub_new_mall.ddj is not encrypted , flags not exists
07:15:16.377 [main] INFO org.soky.sro.pk2.io.Pk2IOTest - Consuming 4244 byte(s) from file ub_new_mall.ddj with size 4244 
07:15:16.377 [main] DEBUG org.sokybot.pk2.Pk2CryptoUtils - File ub_new_mall_disable.ddj is not encrypted , flags not exists
07:15:16.377 [main] INFO org.soky.sro.pk2.io.Pk2IOTest - Consuming 4244 byte(s) from file ub_new_mall_disable.ddj with size 4244 
07:15:16.377 [main] DEBUG org.sokybot.pk2.Pk2CryptoUtils - File ub_new_mall_focus.ddj is not encrypted , flags not exists
07:15:16.377 [main] INFO org.soky.sro.pk2.io.Pk2IOTest - Consuming 4244 byte(s) from file ub_new_mall_focus.ddj with size 4244 
07:15:16.377 [main] DEBUG org.sokybot.pk2.Pk2CryptoUtils - File ub_new_mall_press.ddj is not encrypted , flags not exists
07:15:16.377 [main] INFO org.soky.sro.pk2.io.Pk2IOTest - Consuming 4244 byte(s) from file ub_new_mall_press.ddj with size 4244 
07:15:16.377 [main] DEBUG org.sokybot.pk2.Pk2CryptoUtils - File ub_new_menu.ddj is not encrypted , flags not exists
07:15:16.378 [main] INFO org.soky.sro.pk2.io.Pk2IOTest - Consuming 1108 byte(s) from file ub_new_menu.ddj with size 1108 
07:15:16.378 [main] DEBUG org.sokybot.pk2.Pk2CryptoUtils - File ub_new_menu_button.ddj is not encrypted , flags not exists
07:15:16.378 [main] INFO org.soky.sro.pk2.io.Pk2IOTest - Consuming 10068 byte(s) from file ub_new_menu_button.ddj with size 10068 
07:15:16.378 [main] DEBUG org.sokybot.pk2.Pk2CryptoUtils - File ub_new_menu_button_disable.ddj is not encrypted , flags not exists
07:15:16.378 [main] INFO org.soky.sro.pk2.io.Pk2IOTest - Consuming 10068 byte(s) from file ub_new_menu_button_disable.ddj with size 10068 
07:15:16.378 [main] DEBUG org.sokybot.pk2.Pk2CryptoUtils - File ub_new_menu_button_focus.ddj is not encrypted , flags not exists
07:15:16.378 [main] INFO org.soky.sro.pk2.io.Pk2IOTest - Consuming 10068 byte(s) from file ub_new_menu_button_focus.ddj with size 10068 
07:15:16.378 [main] DEBUG org.sokybot.pk2.Pk2CryptoUtils - File ub_new_menu_button_press.ddj is not encrypted , flags not exists
07:15:16.378 [main] INFO org.soky.sro.pk2.io.Pk2IOTest - Consuming 10068 byte(s) from file ub_new_menu_button_press.ddj with size 10068 
07:15:16.379 [main] DEBUG org.sokybot.pk2.Pk2CryptoUtils - File ub_new_menu_disable.ddj is not encrypted , flags not exists
07:15:16.379 [main] INFO org.soky.sro.pk2.io.Pk2IOTest - Consuming 7636 byte(s) from file ub_new_menu_disable.ddj with size 7636 
07:15:16.379 [main] DEBUG org.sokybot.pk2.Pk2CryptoUtils - File ub_new_menu_focus.ddj is not encrypted , flags not exists
07:15:16.379 [main] INFO org.soky.sro.pk2.io.Pk2IOTest - Consuming 7636 byte(s) from file ub_new_menu_focus.ddj with size 7636 
07:15:16.379 [main] DEBUG org.sokybot.pk2.Pk2CryptoUtils - File ub_new_menu_press.ddj is not encrypted , flags not exists
07:15:16.379 [main] INFO org.soky.sro.pk2.io.Pk2IOTest - Consuming 7636 byte(s) from file ub_new_menu_press.ddj with size 7636 
07:15:16.379 [main] DEBUG org.sokybot.pk2.Pk2CryptoUtils - File ub_new_pet.ddj is not encrypted , flags not exists
07:15:16.380 [main] INFO org.soky.sro.pk2.io.Pk2IOTest - Consuming 27796 byte(s) from file ub_new_pet.ddj with size 27796 
07:15:16.380 [main] DEBUG org.sokybot.pk2.Pk2CryptoUtils - File ub_new_skill.ddj is not encrypted , flags not exists
07:15:16.380 [main] INFO org.soky.sro.pk2.io.Pk2IOTest - Consuming 4244 byte(s) from file ub_new_skill.ddj with size 4244 
07:15:16.380 [main] DEBUG org.sokybot.pk2.Pk2CryptoUtils - File ub_new_skill_disable.ddj is not encrypted , flags not exists
07:15:16.380 [main] INFO org.soky.sro.pk2.io.Pk2IOTest - Consuming 4244 byte(s) from file ub_new_skill_disable.ddj with size 4244 
07:15:16.380 [main] DEBUG org.sokybot.pk2.Pk2CryptoUtils - File ub_new_skill_focus.ddj is not encrypted , flags not exists
07:15:16.380 [main] INFO org.soky.sro.pk2.io.Pk2IOTest - Consuming 4244 byte(s) from file ub_new_skill_focus.ddj with size 4244 
07:15:16.380 [main] DEBUG org.sokybot.pk2.Pk2CryptoUtils - File ub_new_skill_press.ddj is not encrypted , flags not exists
07:15:16.380 [main] INFO org.soky.sro.pk2.io.Pk2IOTest - Consuming 4244 byte(s) from file ub_new_skill_press.ddj with size 4244 
07:15:16.380 [main] DEBUG org.sokybot.pk2.Pk2CryptoUtils - File ub_new_sp_bar.ddj is not encrypted , flags not exists
07:15:16.380 [main] INFO org.soky.sro.pk2.io.Pk2IOTest - Consuming 852 byte(s) from file ub_new_sp_bar.ddj with size 852 
07:15:16.381 [main] DEBUG org.sokybot.pk2.Pk2CryptoUtils - File ub_pet_box.ddj is not encrypted , flags not exists
07:15:16.381 [main] INFO org.soky.sro.pk2.io.Pk2IOTest - Consuming 4244 byte(s) from file ub_pet_box.ddj with size 4244 
07:15:16.381 [main] DEBUG org.sokybot.pk2.Pk2CryptoUtils - File ub_new_icon_collection.ddj is not encrypted , flags not exists
07:15:16.381 [main] INFO org.soky.sro.pk2.io.Pk2IOTest - Consuming 1748 byte(s) from file ub_new_icon_collection.ddj with size 1748 
07:15:16.381 [main] DEBUG org.sokybot.pk2.Pk2CryptoUtils - File ub_new_icon_making.ddj is not encrypted , flags not exists
07:15:16.381 [main] INFO org.soky.sro.pk2.io.Pk2IOTest - Consuming 1748 byte(s) from file ub_new_icon_making.ddj with size 1748 
07:15:16.381 [main] DEBUG org.sokybot.pk2.Pk2CryptoUtils - File up_research_button.ddj is not encrypted , flags not exists
07:15:16.381 [main] INFO org.soky.sro.pk2.io.Pk2IOTest - Consuming 3732 byte(s) from file up_research_button.ddj with size 3732 
07:15:16.381 [main] DEBUG org.sokybot.pk2.Pk2CryptoUtils - File up_research_button_disable.ddj is not encrypted , flags not exists
07:15:16.381 [main] INFO org.soky.sro.pk2.io.Pk2IOTest - Consuming 3732 byte(s) from file up_research_button_disable.ddj with size 3732 
07:15:16.381 [main] DEBUG org.sokybot.pk2.Pk2CryptoUtils - File up_research_button_focus.ddj is not encrypted , flags not exists
07:15:16.381 [main] INFO org.soky.sro.pk2.io.Pk2IOTest - Consuming 3732 byte(s) from file up_research_button_focus.ddj with size 3732 
07:15:16.382 [main] DEBUG org.sokybot.pk2.Pk2CryptoUtils - File up_research_button_press.ddj is not encrypted , flags not exists
07:15:16.382 [main] INFO org.soky.sro.pk2.io.Pk2IOTest - Consuming 3732 byte(s) from file up_research_button_press.ddj with size 3732 
07:15:16.382 [main] DEBUG org.sokybot.pk2.Pk2CryptoUtils - File Wmap_button_windowsize.ddj is not encrypted , flags not exists
07:15:16.382 [main] INFO org.soky.sro.pk2.io.Pk2IOTest - Consuming 660 byte(s) from file Wmap_button_windowsize.ddj with size 660 
07:15:16.382 [main] DEBUG org.sokybot.pk2.Pk2CryptoUtils - File Wmap_button_windowsize_focus.ddj is not encrypted , flags not exists
07:15:16.382 [main] INFO org.soky.sro.pk2.io.Pk2IOTest - Consuming 660 byte(s) from file Wmap_button_windowsize_focus.ddj with size 660 
07:15:16.382 [main] DEBUG org.sokybot.pk2.Pk2CryptoUtils - File Wmap_button_windowsize_press.ddj is not encrypted , flags not exists
07:15:16.382 [main] INFO org.soky.sro.pk2.io.Pk2IOTest - Consuming 660 byte(s) from file Wmap_button_windowsize_press.ddj with size 660 
07:15:16.382 [main] DEBUG org.sokybot.pk2.Pk2CryptoUtils - File Wmap_button_world.ddj is not encrypted , flags not exists
07:15:16.382 [main] INFO org.soky.sro.pk2.io.Pk2IOTest - Consuming 660 byte(s) from file Wmap_button_world.ddj with size 660 
07:15:16.382 [main] DEBUG org.sokybot.pk2.Pk2CryptoUtils - File Wmap_button_world_focus.ddj is not encrypted , flags not exists
07:15:16.382 [main] INFO org.soky.sro.pk2.io.Pk2IOTest - Consuming 660 byte(s) from file Wmap_button_world_focus.ddj with size 660 
07:15:16.382 [main] DEBUG org.sokybot.pk2.Pk2CryptoUtils - File Wmap_button_world_press.ddj is not encrypted , flags not exists
07:15:16.382 [main] INFO org.soky.sro.pk2.io.Pk2IOTest - Consuming 660 byte(s) from file Wmap_button_world_press.ddj with size 660 
07:15:16.383 [main] DEBUG org.sokybot.pk2.Pk2CryptoUtils - File Wmap_direction.ddj is not encrypted , flags not exists
07:15:16.383 [main] INFO org.soky.sro.pk2.io.Pk2IOTest - Consuming 916 byte(s) from file Wmap_direction.ddj with size 916 
07:15:16.383 [main] DEBUG org.sokybot.pk2.Pk2CryptoUtils - File Wmap_direction_focus.ddj is not encrypted , flags not exists
07:15:16.383 [main] INFO org.soky.sro.pk2.io.Pk2IOTest - Consuming 916 byte(s) from file Wmap_direction_focus.ddj with size 916 
07:15:16.383 [main] DEBUG org.sokybot.pk2.Pk2CryptoUtils - File Wmap_direction_press.ddj is not encrypted , flags not exists
07:15:16.383 [main] INFO org.soky.sro.pk2.io.Pk2IOTest - Consuming 916 byte(s) from file Wmap_direction_press.ddj with size 916 
07:15:16.383 [main] DEBUG org.sokybot.pk2.Pk2CryptoUtils - File Wmap_icon.ddj is not encrypted , flags not exists
07:15:16.383 [main] INFO org.soky.sro.pk2.io.Pk2IOTest - Consuming 948 byte(s) from file Wmap_icon.ddj with size 948 
07:15:16.383 [main] DEBUG org.sokybot.pk2.Pk2CryptoUtils - File Wmap_name_middle.ddj is not encrypted , flags not exists
07:15:16.383 [main] INFO org.soky.sro.pk2.io.Pk2IOTest - Consuming 532 byte(s) from file Wmap_name_middle.ddj with size 532 
07:15:16.383 [main] DEBUG org.sokybot.pk2.Pk2CryptoUtils - File Wmap_name_side.ddj is not encrypted , flags not exists
07:15:16.383 [main] INFO org.soky.sro.pk2.io.Pk2IOTest - Consuming 916 byte(s) from file Wmap_name_side.ddj with size 916 
07:15:16.383 [main] DEBUG org.sokybot.pk2.Pk2CryptoUtils - File wmap_sign_apprenticeship.ddj is not encrypted , flags not exists
07:15:16.383 [main] INFO org.soky.sro.pk2.io.Pk2IOTest - Consuming 1172 byte(s) from file wmap_sign_apprenticeship.ddj with size 1172 
07:15:16.383 [main] DEBUG org.sokybot.pk2.Pk2CryptoUtils - File wmap_sign_huntingpoint.ddj is not encrypted , flags not exists
07:15:16.383 [main] INFO org.soky.sro.pk2.io.Pk2IOTest - Consuming 660 byte(s) from file wmap_sign_huntingpoint.ddj with size 660 
07:15:16.384 [main] DEBUG org.sokybot.pk2.Pk2CryptoUtils - File Wmap_sign_party.ddj is not encrypted , flags not exists
07:15:16.384 [main] INFO org.soky.sro.pk2.io.Pk2IOTest - Consuming 660 byte(s) from file Wmap_sign_party.ddj with size 660 
07:15:16.384 [main] DEBUG org.sokybot.pk2.Pk2CryptoUtils - File wmap_sign_questnpc.ddj is not encrypted , flags not exists
07:15:16.384 [main] INFO org.soky.sro.pk2.io.Pk2IOTest - Consuming 660 byte(s) from file wmap_sign_questnpc.ddj with size 660 
07:15:16.384 [main] DEBUG org.sokybot.pk2.Pk2CryptoUtils - File Wmap_wnd_corner.ddj is not encrypted , flags not exists
07:15:16.384 [main] INFO org.soky.sro.pk2.io.Pk2IOTest - Consuming 5588 byte(s) from file Wmap_wnd_corner.ddj with size 5588 
07:15:16.384 [main] DEBUG org.sokybot.pk2.Pk2CryptoUtils - File wmap_up_button.ddj is not encrypted , flags not exists
07:15:16.384 [main] INFO org.soky.sro.pk2.io.Pk2IOTest - Consuming 1492 byte(s) from file wmap_up_button.ddj with size 1492 
07:15:16.384 [main] DEBUG org.sokybot.pk2.Pk2CryptoUtils - File wmap_up_button_disable.ddj is not encrypted , flags not exists
07:15:16.384 [main] INFO org.soky.sro.pk2.io.Pk2IOTest - Consuming 1492 byte(s) from file wmap_up_button_disable.ddj with size 1492 
07:15:16.384 [main] DEBUG org.sokybot.pk2.Pk2CryptoUtils - File wmap_up_button_focus.ddj is not encrypted , flags not exists
07:15:16.384 [main] INFO org.soky.sro.pk2.io.Pk2IOTest - Consuming 1492 byte(s) from file wmap_up_button_focus.ddj with size 1492 
07:15:16.384 [main] DEBUG org.sokybot.pk2.Pk2CryptoUtils - File wmap_up_button_press.ddj is not encrypted , flags not exists
07:15:16.384 [main] INFO org.soky.sro.pk2.io.Pk2IOTest - Consuming 1492 byte(s) from file wmap_up_button_press.ddj with size 1492 
07:15:16.385 [main] DEBUG org.sokybot.pk2.Pk2CryptoUtils - File wmap_window_big_bottom.ddj is not encrypted , flags not exists
07:15:16.386 [main] INFO org.soky.sro.pk2.io.Pk2IOTest - Consuming 114900 byte(s) from file wmap_window_big_bottom.ddj with size 114900 
07:15:16.386 [main] DEBUG org.sokybot.pk2.Pk2CryptoUtils - File wmap_window_small_bottom.ddj is not encrypted , flags not exists
07:15:16.386 [main] INFO org.soky.sro.pk2.io.Pk2IOTest - Consuming 47316 byte(s) from file wmap_window_small_bottom.ddj with size 47316 
07:15:16.387 [main] DEBUG org.sokybot.pk2.Pk2CryptoUtils - File wmap_wnd_bottom_frame.ddj is not encrypted , flags not exists
07:15:16.388 [main] INFO org.soky.sro.pk2.io.Pk2IOTest - Consuming 114900 byte(s) from file wmap_wnd_bottom_frame.ddj with size 114900 
07:15:16.388 [main] DEBUG org.sokybot.pk2.Pk2CryptoUtils - File wmap_wnd_left_bottom_frame.ddj is not encrypted , flags not exists
07:15:16.388 [main] INFO org.soky.sro.pk2.io.Pk2IOTest - Consuming 4372 byte(s) from file wmap_wnd_left_bottom_frame.ddj with size 4372 
07:15:16.388 [main] DEBUG org.sokybot.pk2.Pk2CryptoUtils - File wmap_wnd_right_bottom_frame.ddj is not encrypted , flags not exists
07:15:16.388 [main] INFO org.soky.sro.pk2.io.Pk2IOTest - Consuming 3668 byte(s) from file wmap_wnd_right_bottom_frame.ddj with size 3668 
07:15:16.388 [main] DEBUG org.sokybot.pk2.Pk2CryptoUtils - File wmap_automatic_button.ddj is not encrypted , flags not exists
07:15:16.388 [main] INFO org.soky.sro.pk2.io.Pk2IOTest - Consuming 10900 byte(s) from file wmap_automatic_button.ddj with size 10900 
07:15:16.388 [main] DEBUG org.sokybot.pk2.Pk2CryptoUtils - File wmap_automatic_button_disable.ddj is not encrypted , flags not exists
07:15:16.389 [main] INFO org.soky.sro.pk2.io.Pk2IOTest - Consuming 10900 byte(s) from file wmap_automatic_button_disable.ddj with size 10900 
07:15:16.389 [main] DEBUG org.sokybot.pk2.Pk2CryptoUtils - File wmap_automatic_button_focus.ddj is not encrypted , flags not exists
07:15:16.389 [main] INFO org.soky.sro.pk2.io.Pk2IOTest - Consuming 10900 byte(s) from file wmap_automatic_button_focus.ddj with size 10900 
07:15:16.389 [main] DEBUG org.sokybot.pk2.Pk2CryptoUtils - File wmap_automatic_button_press.ddj is not encrypted , flags not exists
07:15:16.389 [main] INFO org.soky.sro.pk2.io.Pk2IOTest - Consuming 10900 byte(s) from file wmap_automatic_button_press.ddj with size 10900 
07:15:16.389 [main] DEBUG org.sokybot.pk2.Pk2CryptoUtils - File wmap_big_button_world.ddj is not encrypted , flags not exists
07:15:16.389 [main] INFO org.soky.sro.pk2.io.Pk2IOTest - Consuming 5332 byte(s) from file wmap_big_button_world.ddj with size 5332 
07:15:16.390 [main] DEBUG org.sokybot.pk2.Pk2CryptoUtils - File wmap_big_button_world_focus.ddj is not encrypted , flags not exists
07:15:16.390 [main] INFO org.soky.sro.pk2.io.Pk2IOTest - Consuming 5332 byte(s) from file wmap_big_button_world_focus.ddj with size 5332 
07:15:16.390 [main] DEBUG org.sokybot.pk2.Pk2CryptoUtils - File wmap_big_button_world_press.ddj is not encrypted , flags not exists
07:15:16.390 [main] INFO org.soky.sro.pk2.io.Pk2IOTest - Consuming 5332 byte(s) from file wmap_big_button_world_press.ddj with size 5332 
07:15:16.390 [main] DEBUG org.sokybot.pk2.Pk2CryptoUtils - File wmap_button_automatic.ddj is not encrypted , flags not exists
07:15:16.390 [main] INFO org.soky.sro.pk2.io.Pk2IOTest - Consuming 5332 byte(s) from file wmap_button_automatic.ddj with size 5332 
07:15:16.390 [main] DEBUG org.sokybot.pk2.Pk2CryptoUtils - File wmap_button_automatic_focus.ddj is not encrypted , flags not exists
07:15:16.390 [main] INFO org.soky.sro.pk2.io.Pk2IOTest - Consuming 5332 byte(s) from file wmap_button_automatic_focus.ddj with size 5332 
07:15:16.390 [main] DEBUG org.sokybot.pk2.Pk2CryptoUtils - File wmap_button_automatic_press.ddj is not encrypted , flags not exists
07:15:16.390 [main] INFO org.soky.sro.pk2.io.Pk2IOTest - Consuming 5332 byte(s) from file wmap_button_automatic_press.ddj with size 5332 
07:15:16.390 [main] DEBUG org.sokybot.pk2.Pk2CryptoUtils - File wmap_button_passivity.ddj is not encrypted , flags not exists
07:15:16.391 [main] INFO org.soky.sro.pk2.io.Pk2IOTest - Consuming 5332 byte(s) from file wmap_button_passivity.ddj with size 5332 
07:15:16.391 [main] DEBUG org.sokybot.pk2.Pk2CryptoUtils - File wmap_button_passivity_focus.ddj is not encrypted , flags not exists
07:15:16.391 [main] INFO org.soky.sro.pk2.io.Pk2IOTest - Consuming 5332 byte(s) from file wmap_button_passivity_focus.ddj with size 5332 
07:15:16.391 [main] DEBUG org.sokybot.pk2.Pk2CryptoUtils - File wmap_button_passivity_press.ddj is not encrypted , flags not exists
07:15:16.391 [main] INFO org.soky.sro.pk2.io.Pk2IOTest - Consuming 5332 byte(s) from file wmap_button_passivity_press.ddj with size 5332 
07:15:16.391 [main] DEBUG org.sokybot.pk2.Pk2CryptoUtils - File wmap_down_button.ddj is not encrypted , flags not exists
07:15:16.391 [main] INFO org.soky.sro.pk2.io.Pk2IOTest - Consuming 1492 byte(s) from file wmap_down_button.ddj with size 1492 
07:15:16.391 [main] DEBUG org.sokybot.pk2.Pk2CryptoUtils - File wmap_down_button_disable.ddj is not encrypted , flags not exists
07:15:16.391 [main] INFO org.soky.sro.pk2.io.Pk2IOTest - Consuming 1492 byte(s) from file wmap_down_button_disable.ddj with size 1492 
07:15:16.391 [main] DEBUG org.sokybot.pk2.Pk2CryptoUtils - File wmap_down_button_focus.ddj is not encrypted , flags not exists
07:15:16.391 [main] INFO org.soky.sro.pk2.io.Pk2IOTest - Consuming 1492 byte(s) from file wmap_down_button_focus.ddj with size 1492 
07:15:16.391 [main] DEBUG org.sokybot.pk2.Pk2CryptoUtils - File wmap_down_button_press.ddj is not encrypted , flags not exists
07:15:16.391 [main] INFO org.soky.sro.pk2.io.Pk2IOTest - Consuming 1492 byte(s) from file wmap_down_button_press.ddj with size 1492 
07:15:16.392 [main] DEBUG org.sokybot.pk2.Pk2CryptoUtils - File wmap_floor_big_box.ddj is not encrypted , flags not exists
07:15:16.392 [main] INFO org.soky.sro.pk2.io.Pk2IOTest - Consuming 25684 byte(s) from file wmap_floor_big_box.ddj with size 25684 
07:15:16.392 [main] DEBUG org.sokybot.pk2.Pk2CryptoUtils - File wmap_floor_box.ddj is not encrypted , flags not exists
07:15:16.392 [main] INFO org.soky.sro.pk2.io.Pk2IOTest - Consuming 2068 byte(s) from file wmap_floor_box.ddj with size 2068 
07:15:16.392 [main] DEBUG org.sokybot.pk2.Pk2CryptoUtils - File wmap_floor_choice_box.ddj is not encrypted , flags not exists
07:15:16.392 [main] INFO org.soky.sro.pk2.io.Pk2IOTest - Consuming 2068 byte(s) from file wmap_floor_choice_box.ddj with size 2068 
07:15:16.392 [main] DEBUG org.sokybot.pk2.Pk2CryptoUtils - File wmap_monster_icon.ddj is not encrypted , flags not exists
07:15:16.392 [main] INFO org.soky.sro.pk2.io.Pk2IOTest - Consuming 4244 byte(s) from file wmap_monster_icon.ddj with size 4244 
07:15:16.392 [main] DEBUG org.sokybot.pk2.Pk2CryptoUtils - File wmap_quest_icon.ddj is not encrypted , flags not exists
07:15:16.393 [main] INFO org.soky.sro.pk2.io.Pk2IOTest - Consuming 4244 byte(s) from file wmap_quest_icon.ddj with size 4244 
07:15:16.393 [main] DEBUG org.sokybot.pk2.Pk2CryptoUtils - File wmap_sign_tab.ddj is not encrypted , flags not exists
07:15:16.393 [main] INFO org.soky.sro.pk2.io.Pk2IOTest - Consuming 23828 byte(s) from file wmap_sign_tab.ddj with size 23828 
07:15:16.393 [main] DEBUG org.sokybot.pk2.Pk2CryptoUtils - File wmap_button_location.ddj is not encrypted , flags not exists
07:15:16.393 [main] INFO org.soky.sro.pk2.io.Pk2IOTest - Consuming 5332 byte(s) from file wmap_button_location.ddj with size 5332 
07:15:16.393 [main] DEBUG org.sokybot.pk2.Pk2CryptoUtils - File wmap_button_location_focus.ddj is not encrypted , flags not exists
07:15:16.393 [main] INFO org.soky.sro.pk2.io.Pk2IOTest - Consuming 5332 byte(s) from file wmap_button_location_focus.ddj with size 5332 
07:15:16.393 [main] DEBUG org.sokybot.pk2.Pk2CryptoUtils - File wmap_button_location_press.ddj is not encrypted , flags not exists
07:15:16.393 [main] INFO org.soky.sro.pk2.io.Pk2IOTest - Consuming 5332 byte(s) from file wmap_button_location_press.ddj with size 5332 
07:15:16.394 [main] DEBUG org.sokybot.pk2.Pk2CryptoUtils - File wmap_sign_location.ddj is not encrypted , flags not exists
07:15:16.394 [main] INFO org.soky.sro.pk2.io.Pk2IOTest - Consuming 62356 byte(s) from file wmap_sign_location.ddj with size 62356 
07:15:16.394 [main] DEBUG org.sokybot.pk2.Pk2CryptoUtils - File wmap_dun_button_world.ddj is not encrypted , flags not exists
07:15:16.394 [main] INFO org.soky.sro.pk2.io.Pk2IOTest - Consuming 1172 byte(s) from file wmap_dun_button_world.ddj with size 1172 
07:15:16.394 [main] DEBUG org.sokybot.pk2.Pk2CryptoUtils - File wmap_dun_button_world_focus.ddj is not encrypted , flags not exists
07:15:16.394 [main] INFO org.soky.sro.pk2.io.Pk2IOTest - Consuming 1172 byte(s) from file wmap_dun_button_world_focus.ddj with size 1172 
07:15:16.395 [main] DEBUG org.sokybot.pk2.Pk2CryptoUtils - File wmap_dun_button_world_press.ddj is not encrypted , flags not exists
07:15:16.395 [main] INFO org.soky.sro.pk2.io.Pk2IOTest - Consuming 1172 byte(s) from file wmap_dun_button_world_press.ddj with size 1172 
07:15:16.395 [main] DEBUG org.sokybot.pk2.Pk2CryptoUtils - File wmap_sign_quest_a.ddj is not encrypted , flags not exists
07:15:16.395 [main] INFO org.soky.sro.pk2.io.Pk2IOTest - Consuming 2452 byte(s) from file wmap_sign_quest_a.ddj with size 2452 
07:15:16.395 [main] DEBUG org.sokybot.pk2.Pk2CryptoUtils - File wmap_sign_unionparty.ddj is not encrypted , flags not exists
07:15:16.395 [main] INFO org.soky.sro.pk2.io.Pk2IOTest - Consuming 830 byte(s) from file wmap_sign_unionparty.ddj with size 830 
07:15:16.395 [main] DEBUG org.sokybot.pk2.Pk2CryptoUtils - File wmap_small_button_world.ddj is not encrypted , flags not exists
07:15:16.395 [main] INFO org.soky.sro.pk2.io.Pk2IOTest - Consuming 4244 byte(s) from file wmap_small_button_world.ddj with size 4244 
07:15:16.395 [main] DEBUG org.sokybot.pk2.Pk2CryptoUtils - File wmap_small_button_world_focus.ddj is not encrypted , flags not exists
07:15:16.395 [main] INFO org.soky.sro.pk2.io.Pk2IOTest - Consuming 4244 byte(s) from file wmap_small_button_world_focus.ddj with size 4244 
07:15:16.395 [main] DEBUG org.sokybot.pk2.Pk2CryptoUtils - File wmap_small_button_world_press.ddj is not encrypted , flags not exists
07:15:16.396 [main] INFO org.soky.sro.pk2.io.Pk2IOTest - Consuming 4244 byte(s) from file wmap_small_button_world_press.ddj with size 4244 
07:15:16.396 [main] DEBUG org.sokybot.pk2.Pk2CryptoUtils - File wmap_wnd_bottom_bigframe.ddj is not encrypted , flags not exists
07:15:16.397 [main] INFO org.soky.sro.pk2.io.Pk2IOTest - Consuming 163948 byte(s) from file wmap_wnd_bottom_bigframe.ddj with size 163948 
07:15:16.397 [main] DEBUG org.sokybot.pk2.Pk2CryptoUtils - File map_world_icontel.ddj is not encrypted , flags not exists
07:15:16.398 [main] INFO org.soky.sro.pk2.io.Pk2IOTest - Consuming 2452 byte(s) from file map_world_icontel.ddj with size 2452 
07:15:16.398 [main] DEBUG org.sokybot.pk2.Pk2CryptoUtils - File map_world_iconwf.ddj is not encrypted , flags not exists
07:15:16.398 [main] INFO org.soky.sro.pk2.io.Pk2IOTest - Consuming 2452 byte(s) from file map_world_iconwf.ddj with size 2452 
07:15:16.398 [main] DEBUG org.sokybot.pk2.Pk2CryptoUtils - File map_world_arabia_garden_.ddj is not encrypted , flags not exists
07:15:16.404 [main] INFO org.soky.sro.pk2.io.Pk2IOTest - Consuming 524436 byte(s) from file map_world_arabia_garden_.ddj with size 524436 
07:15:16.404 [main] DEBUG org.sokybot.pk2.Pk2CryptoUtils - File city_constantinople.ddj is not encrypted , flags not exists
07:15:16.404 [main] INFO org.soky.sro.pk2.io.Pk2IOTest - Consuming 18580 byte(s) from file city_constantinople.ddj with size 18580 
07:15:16.404 [main] DEBUG org.sokybot.pk2.Pk2CryptoUtils - File city_constantinople_focus.ddj is not encrypted , flags not exists
07:15:16.404 [main] INFO org.soky.sro.pk2.io.Pk2IOTest - Consuming 18580 byte(s) from file city_constantinople_focus.ddj with size 18580 
07:15:16.404 [main] DEBUG org.sokybot.pk2.Pk2CryptoUtils - File city_constantinople_press.ddj is not encrypted , flags not exists
07:15:16.405 [main] INFO org.soky.sro.pk2.io.Pk2IOTest - Consuming 18580 byte(s) from file city_constantinople_press.ddj with size 18580 
07:15:16.405 [main] DEBUG org.sokybot.pk2.Pk2CryptoUtils - File city_donhwang.ddj is not encrypted , flags not exists
07:15:16.405 [main] INFO org.soky.sro.pk2.io.Pk2IOTest - Consuming 16532 byte(s) from file city_donhwang.ddj with size 16532 
07:15:16.405 [main] DEBUG org.sokybot.pk2.Pk2CryptoUtils - File city_donhwang_focus.ddj is not encrypted , flags not exists
07:15:16.405 [main] INFO org.soky.sro.pk2.io.Pk2IOTest - Consuming 16532 byte(s) from file city_donhwang_focus.ddj with size 16532 
07:15:16.405 [main] DEBUG org.sokybot.pk2.Pk2CryptoUtils - File city_donhwang_press.ddj is not encrypted , flags not exists
07:15:16.406 [main] INFO org.soky.sro.pk2.io.Pk2IOTest - Consuming 16532 byte(s) from file city_donhwang_press.ddj with size 16532 
07:15:16.406 [main] DEBUG org.sokybot.pk2.Pk2CryptoUtils - File city_jangan.ddj is not encrypted , flags not exists
07:15:16.406 [main] INFO org.soky.sro.pk2.io.Pk2IOTest - Consuming 16532 byte(s) from file city_jangan.ddj with size 16532 
07:15:16.406 [main] DEBUG org.sokybot.pk2.Pk2CryptoUtils - File city_jangan_button.ddj is not encrypted , flags not exists
07:15:16.406 [main] INFO org.soky.sro.pk2.io.Pk2IOTest - Consuming 6292 byte(s) from file city_jangan_button.ddj with size 6292 
07:15:16.406 [main] DEBUG org.sokybot.pk2.Pk2CryptoUtils - File city_jangan_focus.ddj is not encrypted , flags not exists
07:15:16.406 [main] INFO org.soky.sro.pk2.io.Pk2IOTest - Consuming 16532 byte(s) from file city_jangan_focus.ddj with size 16532 
07:15:16.407 [main] DEBUG org.sokybot.pk2.Pk2CryptoUtils - File city_jangan_press.ddj is not encrypted , flags not exists
07:15:16.407 [main] INFO org.soky.sro.pk2.io.Pk2IOTest - Consuming 16532 byte(s) from file city_jangan_press.ddj with size 16532 
07:15:16.407 [main] DEBUG org.sokybot.pk2.Pk2CryptoUtils - File city_khotan.ddj is not encrypted , flags not exists
07:15:16.407 [main] INFO org.soky.sro.pk2.io.Pk2IOTest - Consuming 16532 byte(s) from file city_khotan.ddj with size 16532 
07:15:16.407 [main] DEBUG org.sokybot.pk2.Pk2CryptoUtils - File city_samarkand.ddj is not encrypted , flags not exists
07:15:16.408 [main] INFO org.soky.sro.pk2.io.Pk2IOTest - Consuming 18580 byte(s) from file city_samarkand.ddj with size 18580 
07:15:16.408 [main] DEBUG org.sokybot.pk2.Pk2CryptoUtils - File city_samarkand_focus.ddj is not encrypted , flags not exists
07:15:16.408 [main] INFO org.soky.sro.pk2.io.Pk2IOTest - Consuming 18580 byte(s) from file city_samarkand_focus.ddj with size 18580 
07:15:16.408 [main] DEBUG org.sokybot.pk2.Pk2CryptoUtils - File city_samarkand_press.ddj is not encrypted , flags not exists
07:15:16.408 [main] INFO org.soky.sro.pk2.io.Pk2IOTest - Consuming 18580 byte(s) from file city_samarkand_press.ddj with size 18580 
07:15:16.408 [main] DEBUG org.sokybot.pk2.Pk2CryptoUtils - File fort_small_worldmap.ddj is not encrypted , flags not exists
07:15:16.408 [main] INFO org.soky.sro.pk2.io.Pk2IOTest - Consuming 2708 byte(s) from file fort_small_worldmap.ddj with size 2708 
07:15:16.408 [main] DEBUG org.sokybot.pk2.Pk2CryptoUtils - File fort_worldmap.ddj is not encrypted , flags not exists
07:15:16.409 [main] INFO org.soky.sro.pk2.io.Pk2IOTest - Consuming 4372 byte(s) from file fort_worldmap.ddj with size 4372 
07:15:16.409 [main] DEBUG org.sokybot.pk2.Pk2CryptoUtils - File gate.ddj is not encrypted , flags not exists
07:15:16.409 [main] INFO org.soky.sro.pk2.io.Pk2IOTest - Consuming 788 byte(s) from file gate.ddj with size 788 
07:15:16.409 [main] DEBUG org.sokybot.pk2.Pk2CryptoUtils - File gate_ani.ddj is not encrypted , flags not exists
07:15:16.409 [main] INFO org.soky.sro.pk2.io.Pk2IOTest - Consuming 4244 byte(s) from file gate_ani.ddj with size 4244 
07:15:16.409 [main] DEBUG org.sokybot.pk2.Pk2CryptoUtils - File map_arrow.ddj is not encrypted , flags not exists
07:15:16.409 [main] INFO org.soky.sro.pk2.io.Pk2IOTest - Consuming 404 byte(s) from file map_arrow.ddj with size 404 
07:15:16.409 [main] DEBUG org.sokybot.pk2.Pk2CryptoUtils - File map_constantinople.ddj is not encrypted , flags not exists
07:15:16.414 [main] INFO org.soky.sro.pk2.io.Pk2IOTest - Consuming 524436 byte(s) from file map_constantinople.ddj with size 524436 
07:15:16.415 [main] DEBUG org.sokybot.pk2.Pk2CryptoUtils - File Map_donhwang.ddj is not encrypted , flags not exists
07:15:16.416 [main] INFO org.soky.sro.pk2.io.Pk2IOTest - Consuming 131220 byte(s) from file Map_donhwang.ddj with size 131220 
07:15:16.416 [main] DEBUG org.sokybot.pk2.Pk2CryptoUtils - File map_fort_bijuckdan.ddj is not encrypted , flags not exists
07:15:16.422 [main] INFO org.soky.sro.pk2.io.Pk2IOTest - Consuming 524436 byte(s) from file map_fort_bijuckdan.ddj with size 524436 
07:15:16.422 [main] DEBUG org.sokybot.pk2.Pk2CryptoUtils - File map_fort_jangan.ddj is not encrypted , flags not exists
07:15:16.428 [main] INFO org.soky.sro.pk2.io.Pk2IOTest - Consuming 524436 byte(s) from file map_fort_jangan.ddj with size 524436 
07:15:16.428 [main] DEBUG org.sokybot.pk2.Pk2CryptoUtils - File Map_jangan.ddj is not encrypted , flags not exists
07:15:16.434 [main] INFO org.soky.sro.pk2.io.Pk2IOTest - Consuming 524436 byte(s) from file Map_jangan.ddj with size 524436 
07:15:16.434 [main] DEBUG org.sokybot.pk2.Pk2CryptoUtils - File Map_khotan.ddj is not encrypted , flags not exists
07:15:16.437 [main] INFO org.soky.sro.pk2.io.Pk2IOTest - Consuming 262292 byte(s) from file Map_khotan.ddj with size 262292 
07:15:16.437 [main] DEBUG org.sokybot.pk2.Pk2CryptoUtils - File map_loksan.ddj is not encrypted , flags not exists
07:15:16.438 [main] INFO org.soky.sro.pk2.io.Pk2IOTest - Consuming 131220 byte(s) from file map_loksan.ddj with size 131220 
07:15:16.438 [main] DEBUG org.sokybot.pk2.Pk2CryptoUtils - File map_return.ddj is not encrypted , flags not exists
07:15:16.439 [main] INFO org.soky.sro.pk2.io.Pk2IOTest - Consuming 13268 byte(s) from file map_return.ddj with size 13268 
07:15:16.439 [main] DEBUG org.sokybot.pk2.Pk2CryptoUtils - File map_return_focus.ddj is not encrypted , flags not exists
07:15:16.439 [main] INFO org.soky.sro.pk2.io.Pk2IOTest - Consuming 13268 byte(s) from file map_return_focus.ddj with size 13268 
07:15:16.439 [main] DEBUG org.sokybot.pk2.Pk2CryptoUtils - File map_return_press.ddj is not encrypted , flags not exists
07:15:16.439 [main] INFO org.soky.sro.pk2.io.Pk2IOTest - Consuming 13268 byte(s) from file map_return_press.ddj with size 13268 
07:15:16.439 [main] DEBUG org.sokybot.pk2.Pk2CryptoUtils - File map_samarkand.ddj is not encrypted , flags not exists
07:15:16.446 [main] INFO org.soky.sro.pk2.io.Pk2IOTest - Consuming 524436 byte(s) from file map_samarkand.ddj with size 524436 
07:15:16.446 [main] DEBUG org.sokybot.pk2.Pk2CryptoUtils - File map_worldmap.ddj is not encrypted , flags not exists
07:15:16.447 [main] INFO org.soky.sro.pk2.io.Pk2IOTest - Consuming 131220 byte(s) from file map_worldmap.ddj with size 131220 
07:15:16.447 [main] DEBUG org.sokybot.pk2.Pk2CryptoUtils - File tahomet_gate.ddj is not encrypted , flags not exists
07:15:16.447 [main] INFO org.soky.sro.pk2.io.Pk2IOTest - Consuming 4244 byte(s) from file tahomet_gate.ddj with size 4244 
07:15:16.447 [main] DEBUG org.sokybot.pk2.Pk2CryptoUtils - File xy_armor.ddj is not encrypted , flags not exists
07:15:16.448 [main] INFO org.soky.sro.pk2.io.Pk2IOTest - Consuming 2196 byte(s) from file xy_armor.ddj with size 2196 
07:15:16.448 [main] DEBUG org.sokybot.pk2.Pk2CryptoUtils - File xy_ch_bow.ddj is not encrypted , flags not exists
07:15:16.448 [main] INFO org.soky.sro.pk2.io.Pk2IOTest - Consuming 1172 byte(s) from file xy_ch_bow.ddj with size 1172 
07:15:16.448 [main] DEBUG org.sokybot.pk2.Pk2CryptoUtils - File xy_ch_heal.ddj is not encrypted , flags not exists
07:15:16.448 [main] INFO org.soky.sro.pk2.io.Pk2IOTest - Consuming 1172 byte(s) from file xy_ch_heal.ddj with size 1172 
07:15:16.448 [main] DEBUG org.sokybot.pk2.Pk2CryptoUtils - File xy_ch_spear.ddj is not encrypted , flags not exists
07:15:16.448 [main] INFO org.soky.sro.pk2.io.Pk2IOTest - Consuming 1172 byte(s) from file xy_ch_spear.ddj with size 1172 
07:15:16.448 [main] DEBUG org.sokybot.pk2.Pk2CryptoUtils - File xy_ch_sword.ddj is not encrypted , flags not exists
07:15:16.448 [main] INFO org.soky.sro.pk2.io.Pk2IOTest - Consuming 1172 byte(s) from file xy_ch_sword.ddj with size 1172 
07:15:16.448 [main] DEBUG org.sokybot.pk2.Pk2CryptoUtils - File xy_dungeon.ddj is not encrypted , flags not exists
07:15:16.448 [main] INFO org.soky.sro.pk2.io.Pk2IOTest - Consuming 1172 byte(s) from file xy_dungeon.ddj with size 1172 
07:15:16.448 [main] DEBUG org.sokybot.pk2.Pk2CryptoUtils - File xy_etc.ddj is not encrypted , flags not exists
07:15:16.448 [main] INFO org.soky.sro.pk2.io.Pk2IOTest - Consuming 2196 byte(s) from file xy_etc.ddj with size 2196 
07:15:16.448 [main] DEBUG org.sokybot.pk2.Pk2CryptoUtils - File xy_ferry.ddj is not encrypted , flags not exists
07:15:16.448 [main] INFO org.soky.sro.pk2.io.Pk2IOTest - Consuming 1172 byte(s) from file xy_ferry.ddj with size 1172 
07:15:16.448 [main] DEBUG org.sokybot.pk2.Pk2CryptoUtils - File xy_flyship.ddj is not encrypted , flags not exists
07:15:16.448 [main] INFO org.soky.sro.pk2.io.Pk2IOTest - Consuming 8340 byte(s) from file xy_flyship.ddj with size 8340 
07:15:16.448 [main] DEBUG org.sokybot.pk2.Pk2CryptoUtils - File xy_gate.ddj is not encrypted , flags not exists
07:15:16.448 [main] INFO org.soky.sro.pk2.io.Pk2IOTest - Consuming 2196 byte(s) from file xy_gate.ddj with size 2196 
07:15:16.448 [main] DEBUG org.sokybot.pk2.Pk2CryptoUtils - File xy_hunter.ddj is not encrypted , flags not exists
07:15:16.448 [main] INFO org.soky.sro.pk2.io.Pk2IOTest - Consuming 2196 byte(s) from file xy_hunter.ddj with size 2196 
07:15:16.448 [main] DEBUG org.sokybot.pk2.Pk2CryptoUtils - File xy_potion.ddj is not encrypted , flags not exists
07:15:16.448 [main] INFO org.soky.sro.pk2.io.Pk2IOTest - Consuming 2196 byte(s) from file xy_potion.ddj with size 2196 
07:15:16.448 [main] DEBUG org.sokybot.pk2.Pk2CryptoUtils - File xy_returnicon.ddj is not encrypted , flags not exists
07:15:16.449 [main] INFO org.soky.sro.pk2.io.Pk2IOTest - Consuming 8340 byte(s) from file xy_returnicon.ddj with size 8340 
07:15:16.449 [main] DEBUG org.sokybot.pk2.Pk2CryptoUtils - File xy_returnicon_focus.ddj is not encrypted , flags not exists
07:15:16.449 [main] INFO org.soky.sro.pk2.io.Pk2IOTest - Consuming 4244 byte(s) from file xy_returnicon_focus.ddj with size 4244 
07:15:16.449 [main] DEBUG org.sokybot.pk2.Pk2CryptoUtils - File xy_returnicon_press.ddj is not encrypted , flags not exists
07:15:16.449 [main] INFO org.soky.sro.pk2.io.Pk2IOTest - Consuming 4244 byte(s) from file xy_returnicon_press.ddj with size 4244 
07:15:16.449 [main] DEBUG org.sokybot.pk2.Pk2CryptoUtils - File xy_shamanhouse.ddj is not encrypted , flags not exists
07:15:16.449 [main] INFO org.soky.sro.pk2.io.Pk2IOTest - Consuming 1172 byte(s) from file xy_shamanhouse.ddj with size 1172 
07:15:16.449 [main] DEBUG org.sokybot.pk2.Pk2CryptoUtils - File xy_speciality.ddj is not encrypted , flags not exists
07:15:16.449 [main] INFO org.soky.sro.pk2.io.Pk2IOTest - Consuming 2196 byte(s) from file xy_speciality.ddj with size 2196 
07:15:16.449 [main] DEBUG org.sokybot.pk2.Pk2CryptoUtils - File xy_stable.ddj is not encrypted , flags not exists
07:15:16.449 [main] INFO org.soky.sro.pk2.io.Pk2IOTest - Consuming 2196 byte(s) from file xy_stable.ddj with size 2196 
07:15:16.449 [main] DEBUG org.sokybot.pk2.Pk2CryptoUtils - File xy_warehouse.ddj is not encrypted , flags not exists
07:15:16.449 [main] INFO org.soky.sro.pk2.io.Pk2IOTest - Consuming 2196 byte(s) from file xy_warehouse.ddj with size 2196 
07:15:16.450 [main] DEBUG org.sokybot.pk2.Pk2CryptoUtils - File xy_weapon.ddj is not encrypted , flags not exists
07:15:16.450 [main] INFO org.soky.sro.pk2.io.Pk2IOTest - Consuming 2196 byte(s) from file xy_weapon.ddj with size 2196 
07:15:16.450 [main] DEBUG org.sokybot.pk2.Pk2CryptoUtils - File map_fort_hotan.ddj is not encrypted , flags not exists
07:15:16.456 [main] INFO org.soky.sro.pk2.io.Pk2IOTest - Consuming 524436 byte(s) from file map_fort_hotan.ddj with size 524436 
07:15:16.457 [main] DEBUG org.sokybot.pk2.Pk2CryptoUtils - File xy_guild.ddj is not encrypted , flags not exists
07:15:16.457 [main] INFO org.soky.sro.pk2.io.Pk2IOTest - Consuming 4244 byte(s) from file xy_guild.ddj with size 4244 
07:15:16.457 [main] DEBUG org.sokybot.pk2.Pk2CryptoUtils - File xy_merchant.ddj is not encrypted , flags not exists
07:15:16.457 [main] INFO org.soky.sro.pk2.io.Pk2IOTest - Consuming 4244 byte(s) from file xy_merchant.ddj with size 4244 
07:15:16.457 [main] DEBUG org.sokybot.pk2.Pk2CryptoUtils - File xy_npc.ddj is not encrypted , flags not exists
07:15:16.457 [main] INFO org.soky.sro.pk2.io.Pk2IOTest - Consuming 1172 byte(s) from file xy_npc.ddj with size 1172 
07:15:16.457 [main] DEBUG org.sokybot.pk2.Pk2CryptoUtils - File xy_thief.ddj is not encrypted , flags not exists
07:15:16.457 [main] INFO org.soky.sro.pk2.io.Pk2IOTest - Consuming 4244 byte(s) from file xy_thief.ddj with size 4244 
07:15:16.457 [main] DEBUG org.sokybot.pk2.Pk2CryptoUtils - File map_ship_in.ddj is not encrypted , flags not exists
07:15:16.463 [main] INFO org.soky.sro.pk2.io.Pk2IOTest - Consuming 524436 byte(s) from file map_ship_in.ddj with size 524436 
07:15:16.463 [main] DEBUG org.sokybot.pk2.Pk2CryptoUtils - File map_ship_out.ddj is not encrypted , flags not exists
07:15:16.469 [main] INFO org.soky.sro.pk2.io.Pk2IOTest - Consuming 524436 byte(s) from file map_ship_out.ddj with size 524436 
07:15:16.469 [main] DEBUG org.sokybot.pk2.Pk2CryptoUtils - File map_togui.ddj is not encrypted , flags not exists
07:15:16.474 [main] INFO org.soky.sro.pk2.io.Pk2IOTest - Consuming 524436 byte(s) from file map_togui.ddj with size 524436 
07:15:16.474 [main] DEBUG org.sokybot.pk2.Pk2CryptoUtils - File city_alexandria.ddj is not encrypted , flags not exists
07:15:16.475 [main] INFO org.soky.sro.pk2.io.Pk2IOTest - Consuming 39572 byte(s) from file city_alexandria.ddj with size 39572 
07:15:16.475 [main] DEBUG org.sokybot.pk2.Pk2CryptoUtils - File city_alexandria_focus.ddj is not encrypted , flags not exists
07:15:16.475 [main] INFO org.soky.sro.pk2.io.Pk2IOTest - Consuming 39572 byte(s) from file city_alexandria_focus.ddj with size 39572 
07:15:16.475 [main] DEBUG org.sokybot.pk2.Pk2CryptoUtils - File city_alexandria_press.ddj is not encrypted , flags not exists
07:15:16.476 [main] INFO org.soky.sro.pk2.io.Pk2IOTest - Consuming 39572 byte(s) from file city_alexandria_press.ddj with size 39572 
07:15:16.476 [main] DEBUG org.sokybot.pk2.Pk2CryptoUtils - File map_alex.ddj is not encrypted , flags not exists
07:15:16.482 [main] INFO org.soky.sro.pk2.io.Pk2IOTest - Consuming 524436 byte(s) from file map_alex.ddj with size 524436 
07:15:16.482 [main] DEBUG org.sokybot.pk2.Pk2CryptoUtils - File map_shrine_worf_blue.ddj is not encrypted , flags not exists
07:15:16.482 [main] INFO org.soky.sro.pk2.io.Pk2IOTest - Consuming 1172 byte(s) from file map_shrine_worf_blue.ddj with size 1172 
07:15:16.482 [main] DEBUG org.sokybot.pk2.Pk2CryptoUtils - File map_shrine_worf_green.ddj is not encrypted , flags not exists
07:15:16.482 [main] INFO org.soky.sro.pk2.io.Pk2IOTest - Consuming 1172 byte(s) from file map_shrine_worf_green.ddj with size 1172 
07:15:16.482 [main] DEBUG org.sokybot.pk2.Pk2CryptoUtils - File map_shrine_worf_orange.ddj is not encrypted , flags not exists
07:15:16.482 [main] INFO org.soky.sro.pk2.io.Pk2IOTest - Consuming 1172 byte(s) from file map_shrine_worf_orange.ddj with size 1172 
07:15:16.482 [main] DEBUG org.sokybot.pk2.Pk2CryptoUtils - File map_temmons_selki.ddj is not encrypted , flags not exists
07:15:16.482 [main] INFO org.soky.sro.pk2.io.Pk2IOTest - Consuming 2452 byte(s) from file map_temmons_selki.ddj with size 2452 
07:15:16.482 [main] DEBUG org.sokybot.pk2.Pk2CryptoUtils - File map_temmon_anubis.ddj is not encrypted , flags not exists
07:15:16.483 [main] INFO org.soky.sro.pk2.io.Pk2IOTest - Consuming 2452 byte(s) from file map_temmon_anubis.ddj with size 2452 
07:15:16.483 [main] DEBUG org.sokybot.pk2.Pk2CryptoUtils - File map_temmon_haro.ddj is not encrypted , flags not exists
07:15:16.483 [main] INFO org.soky.sro.pk2.io.Pk2IOTest - Consuming 2452 byte(s) from file map_temmon_haro.ddj with size 2452 
07:15:16.483 [main] DEBUG org.sokybot.pk2.Pk2CryptoUtils - File map_temmon_isis.ddj is not encrypted , flags not exists
07:15:16.483 [main] INFO org.soky.sro.pk2.io.Pk2IOTest - Consuming 2452 byte(s) from file map_temmon_isis.ddj with size 2452 
07:15:16.483 [main] DEBUG org.sokybot.pk2.Pk2CryptoUtils - File map_temmon_neit.ddj is not encrypted , flags not exists
07:15:16.483 [main] INFO org.soky.sro.pk2.io.Pk2IOTest - Consuming 2452 byte(s) from file map_temmon_neit.ddj with size 2452 
07:15:16.483 [main] DEBUG org.sokybot.pk2.Pk2CryptoUtils - File map_temmon_seit.ddj is not encrypted , flags not exists
07:15:16.483 [main] INFO org.soky.sro.pk2.io.Pk2IOTest - Consuming 2452 byte(s) from file map_temmon_seit.ddj with size 2452 
07:15:16.483 [main] DEBUG org.sokybot.pk2.Pk2CryptoUtils - File map_war_bongbird.ddj is not encrypted , flags not exists
07:15:16.485 [main] INFO org.soky.sro.pk2.io.Pk2IOTest - Consuming 131220 byte(s) from file map_war_bongbird.ddj with size 131220 
07:15:16.485 [main] DEBUG org.sokybot.pk2.Pk2CryptoUtils - File map_war_dragon.ddj is not encrypted , flags not exists
07:15:16.491 [main] INFO org.soky.sro.pk2.io.Pk2IOTest - Consuming 524436 byte(s) from file map_war_dragon.ddj with size 524436 
07:15:16.491 [main] DEBUG org.sokybot.pk2.Pk2CryptoUtils - File map_war_icon_blacklion.ddj is not encrypted , flags not exists
07:15:16.491 [main] INFO org.soky.sro.pk2.io.Pk2IOTest - Consuming 2452 byte(s) from file map_war_icon_blacklion.ddj with size 2452 
07:15:16.491 [main] DEBUG org.sokybot.pk2.Pk2CryptoUtils - File map_war_icon_flag.ddj is not encrypted , flags not exists
07:15:16.491 [main] INFO org.soky.sro.pk2.io.Pk2IOTest - Consuming 2388 byte(s) from file map_war_icon_flag.ddj with size 2388 
07:15:16.491 [main] DEBUG org.sokybot.pk2.Pk2CryptoUtils - File map_war_icon_revival.ddj is not encrypted , flags not exists
07:15:16.491 [main] INFO org.soky.sro.pk2.io.Pk2IOTest - Consuming 3748 byte(s) from file map_war_icon_revival.ddj with size 3748 
07:15:16.491 [main] DEBUG org.sokybot.pk2.Pk2CryptoUtils - File map_war_icon_whitelion.ddj is not encrypted , flags not exists
07:15:16.491 [main] INFO org.soky.sro.pk2.io.Pk2IOTest - Consuming 2452 byte(s) from file map_war_icon_whitelion.ddj with size 2452 
07:15:16.492 [main] DEBUG org.sokybot.pk2.Pk2CryptoUtils - File map_war_joobird.ddj is not encrypted , flags not exists
07:15:16.494 [main] INFO org.soky.sro.pk2.io.Pk2IOTest - Consuming 262292 byte(s) from file map_war_joobird.ddj with size 262292 
07:15:16.495 [main] DEBUG org.sokybot.pk2.Pk2CryptoUtils - File map_war_moon.ddj is not encrypted , flags not exists
07:15:16.500 [main] INFO org.soky.sro.pk2.io.Pk2IOTest - Consuming 524436 byte(s) from file map_war_moon.ddj with size 524436 
07:15:16.500 [main] DEBUG org.sokybot.pk2.Pk2CryptoUtils - File map_war_star.ddj is not encrypted , flags not exists
07:15:16.503 [main] INFO org.soky.sro.pk2.io.Pk2IOTest - Consuming 262292 byte(s) from file map_war_star.ddj with size 262292 
07:15:16.503 [main] DEBUG org.sokybot.pk2.Pk2CryptoUtils - File map_war_sun.ddj is not encrypted , flags not exists
07:15:16.508 [main] INFO org.soky.sro.pk2.io.Pk2IOTest - Consuming 524436 byte(s) from file map_war_sun.ddj with size 524436 
07:15:16.509 [main] DEBUG org.sokybot.pk2.Pk2CryptoUtils - File xy_oction.ddj is not encrypted , flags not exists
07:15:16.509 [main] INFO org.soky.sro.pk2.io.Pk2IOTest - Consuming 4244 byte(s) from file xy_oction.ddj with size 4244 
07:15:16.509 [main] DEBUG org.sokybot.pk2.Pk2CryptoUtils - File map_jupiter_a.ddj is not encrypted , flags not exists
07:15:16.514 [main] INFO org.soky.sro.pk2.io.Pk2IOTest - Consuming 524436 byte(s) from file map_jupiter_a.ddj with size 524436 
07:15:16.514 [main] DEBUG org.sokybot.pk2.Pk2CryptoUtils - File xy_maksa.ddj is not encrypted , flags not exists
07:15:16.514 [main] INFO org.soky.sro.pk2.io.Pk2IOTest - Consuming 2452 byte(s) from file xy_maksa.ddj with size 2452 
07:15:16.514 [main] DEBUG org.sokybot.pk2.Pk2CryptoUtils - File map_jupiter_field.ddj is not encrypted , flags not exists
07:15:16.527 [main] INFO org.soky.sro.pk2.io.Pk2IOTest - Consuming 1228948 byte(s) from file map_jupiter_field.ddj with size 1228948 
07:15:16.528 [main] DEBUG org.sokybot.pk2.Pk2CryptoUtils - File map_worship.ddj is not encrypted , flags not exists
07:15:16.561 [main] INFO org.soky.sro.pk2.io.Pk2IOTest - Consuming 2949268 byte(s) from file map_worship.ddj with size 2949268 
07:15:16.561 [main] DEBUG org.sokybot.pk2.Pk2CryptoUtils - File city_bagdad.ddj is not encrypted , flags not exists
07:15:16.561 [main] INFO org.soky.sro.pk2.io.Pk2IOTest - Consuming 33940 byte(s) from file city_bagdad.ddj with size 33940 
07:15:16.562 [main] DEBUG org.sokybot.pk2.Pk2CryptoUtils - File city_bagdad_focus.ddj is not encrypted , flags not exists
07:15:16.562 [main] INFO org.soky.sro.pk2.io.Pk2IOTest - Consuming 33940 byte(s) from file city_bagdad_focus.ddj with size 33940 
07:15:16.562 [main] DEBUG org.sokybot.pk2.Pk2CryptoUtils - File city_bagdad_press.ddj is not encrypted , flags not exists
07:15:16.562 [main] INFO org.soky.sro.pk2.io.Pk2IOTest - Consuming 33940 byte(s) from file city_bagdad_press.ddj with size 33940 
07:15:16.563 [main] DEBUG org.sokybot.pk2.Pk2CryptoUtils - File map_bagdad.ddj is not encrypted , flags not exists
07:15:16.568 [main] INFO org.soky.sro.pk2.io.Pk2IOTest - Consuming 524436 byte(s) from file map_bagdad.ddj with size 524436 
07:15:16.568 [main] DEBUG org.sokybot.pk2.Pk2CryptoUtils - File map_bagdad_dungeon.ddj is not encrypted , flags not exists
07:15:16.574 [main] INFO org.soky.sro.pk2.io.Pk2IOTest - Consuming 524436 byte(s) from file map_bagdad_dungeon.ddj with size 524436 
07:15:16.574 [main] DEBUG org.sokybot.pk2.Pk2CryptoUtils - File map_fort_constantinople.ddj is not encrypted , flags not exists
07:15:16.580 [main] INFO org.soky.sro.pk2.io.Pk2IOTest - Consuming 524436 byte(s) from file map_fort_constantinople.ddj with size 524436 
07:15:16.580 [main] DEBUG org.sokybot.pk2.Pk2CryptoUtils - File map_icon_move_r.ddj is not encrypted , flags not exists
07:15:16.580 [main] INFO org.soky.sro.pk2.io.Pk2IOTest - Consuming 3284 byte(s) from file map_icon_move_r.ddj with size 3284 
07:15:16.580 [main] DEBUG org.sokybot.pk2.Pk2CryptoUtils - File map_icon_move_r_press.ddj is not encrypted , flags not exists
07:15:16.580 [main] INFO org.soky.sro.pk2.io.Pk2IOTest - Consuming 3284 byte(s) from file map_icon_move_r_press.ddj with size 3284 
07:15:16.580 [main] DEBUG org.sokybot.pk2.Pk2CryptoUtils - File map_icon_move_y.ddj is not encrypted , flags not exists
07:15:16.580 [main] INFO org.soky.sro.pk2.io.Pk2IOTest - Consuming 3284 byte(s) from file map_icon_move_y.ddj with size 3284 
07:15:16.581 [main] DEBUG org.sokybot.pk2.Pk2CryptoUtils - File map_icon_move_y_focus.ddj is not encrypted , flags not exists
07:15:16.581 [main] INFO org.soky.sro.pk2.io.Pk2IOTest - Consuming 3284 byte(s) from file map_icon_move_y_focus.ddj with size 3284 
07:15:16.581 [main] DEBUG org.sokybot.pk2.Pk2CryptoUtils - File map_icon_move_y_press.ddj is not encrypted , flags not exists
07:15:16.581 [main] INFO org.soky.sro.pk2.io.Pk2IOTest - Consuming 3284 byte(s) from file map_icon_move_y_press.ddj with size 3284 
07:15:16.581 [main] DEBUG org.sokybot.pk2.Pk2CryptoUtils - File map_muhan.ddj is not encrypted , flags not exists
07:15:16.582 [main] INFO org.soky.sro.pk2.io.Pk2IOTest - Consuming 147604 byte(s) from file map_muhan.ddj with size 147604 
07:15:16.583 [main] DEBUG org.sokybot.pk2.Pk2CryptoUtils - File map_petra_dungeon.ddj is not encrypted , flags not exists
07:15:16.588 [main] INFO org.soky.sro.pk2.io.Pk2IOTest - Consuming 524436 byte(s) from file map_petra_dungeon.ddj with size 524436 
07:15:16.588 [main] DEBUG org.sokybot.pk2.Pk2CryptoUtils - File xy_new.ddj is not encrypted , flags not exists
07:15:16.588 [main] INFO org.soky.sro.pk2.io.Pk2IOTest - Consuming 4244 byte(s) from file xy_new.ddj with size 4244 
07:15:16.588 [main] DEBUG org.sokybot.pk2.Pk2CryptoUtils - File map_other_skytemple.ddj is not encrypted , flags not exists
07:15:16.594 [main] INFO org.soky.sro.pk2.io.Pk2IOTest - Consuming 524436 byte(s) from file map_other_skytemple.ddj with size 524436 
07:15:16.594 [main] DEBUG org.sokybot.pk2.Pk2CryptoUtils - File map_other_skytemple_a.ddj is not encrypted , flags not exists
07:15:16.600 [main] INFO org.soky.sro.pk2.io.Pk2IOTest - Consuming 524436 byte(s) from file map_other_skytemple_a.ddj with size 524436 
07:15:16.600 [main] DEBUG org.sokybot.pk2.Pk2CryptoUtils - File map_other_skytemple_b.ddj is not encrypted , flags not exists
07:15:16.605 [main] INFO org.soky.sro.pk2.io.Pk2IOTest - Consuming 524436 byte(s) from file map_other_skytemple_b.ddj with size 524436 
07:15:16.605 [main] DEBUG org.sokybot.pk2.Pk2CryptoUtils - File map_other_skytemple_c.ddj is not encrypted , flags not exists
07:15:16.611 [main] INFO org.soky.sro.pk2.io.Pk2IOTest - Consuming 524436 byte(s) from file map_other_skytemple_c.ddj with size 524436 
07:15:16.611 [main] DEBUG org.sokybot.pk2.Pk2CryptoUtils - File map_other_skytemple_d.ddj is not encrypted , flags not exists
07:15:16.617 [main] INFO org.soky.sro.pk2.io.Pk2IOTest - Consuming 524436 byte(s) from file map_other_skytemple_d.ddj with size 524436 
07:15:16.617 [main] DEBUG org.sokybot.pk2.Pk2CryptoUtils - File fort_selectbar.ddj is not encrypted , flags not exists
07:15:16.618 [main] INFO org.soky.sro.pk2.io.Pk2IOTest - Consuming 34388 byte(s) from file fort_selectbar.ddj with size 34388 
07:15:16.618 [main] DEBUG org.sokybot.pk2.Pk2CryptoUtils - File fort_selectbar_disable.ddj is not encrypted , flags not exists
07:15:16.618 [main] INFO org.soky.sro.pk2.io.Pk2IOTest - Consuming 34388 byte(s) from file fort_selectbar_disable.ddj with size 34388 
07:15:16.618 [main] DEBUG org.sokybot.pk2.Pk2CryptoUtils - File frpvp_blue.ddj is not encrypted , flags not exists
07:15:16.618 [main] INFO org.soky.sro.pk2.io.Pk2IOTest - Consuming 2452 byte(s) from file frpvp_blue.ddj with size 2452 
07:15:16.618 [main] DEBUG org.sokybot.pk2.Pk2CryptoUtils - File frpvp_button.ddj is not encrypted , flags not exists
07:15:16.618 [main] INFO org.soky.sro.pk2.io.Pk2IOTest - Consuming 5012 byte(s) from file frpvp_button.ddj with size 5012 
07:15:16.619 [main] DEBUG org.sokybot.pk2.Pk2CryptoUtils - File frpvp_button_disable.ddj is not encrypted , flags not exists
07:15:16.619 [main] INFO org.soky.sro.pk2.io.Pk2IOTest - Consuming 5012 byte(s) from file frpvp_button_disable.ddj with size 5012 
07:15:16.619 [main] DEBUG org.sokybot.pk2.Pk2CryptoUtils - File frpvp_button_focus.ddj is not encrypted , flags not exists
07:15:16.619 [main] INFO org.soky.sro.pk2.io.Pk2IOTest - Consuming 5012 byte(s) from file frpvp_button_focus.ddj with size 5012 
07:15:16.619 [main] DEBUG org.sokybot.pk2.Pk2CryptoUtils - File frpvp_button_press.ddj is not encrypted , flags not exists
07:15:16.619 [main] INFO org.soky.sro.pk2.io.Pk2IOTest - Consuming 5012 byte(s) from file frpvp_button_press.ddj with size 5012 
07:15:16.619 [main] DEBUG org.sokybot.pk2.Pk2CryptoUtils - File frpvp_gray.ddj is not encrypted , flags not exists
07:15:16.619 [main] INFO org.soky.sro.pk2.io.Pk2IOTest - Consuming 2452 byte(s) from file frpvp_gray.ddj with size 2452 
07:15:16.619 [main] DEBUG org.sokybot.pk2.Pk2CryptoUtils - File frpvp_red.ddj is not encrypted , flags not exists
07:15:16.619 [main] INFO org.soky.sro.pk2.io.Pk2IOTest - Consuming 2452 byte(s) from file frpvp_red.ddj with size 2452 
07:15:16.619 [main] DEBUG org.sokybot.pk2.Pk2CryptoUtils - File frpvp_white.ddj is not encrypted , flags not exists
07:15:16.620 [main] INFO org.soky.sro.pk2.io.Pk2IOTest - Consuming 2452 byte(s) from file frpvp_white.ddj with size 2452 
07:15:16.620 [main] DEBUG org.sokybot.pk2.Pk2CryptoUtils - File frpvp_yellow.ddj is not encrypted , flags not exists
07:15:16.620 [main] INFO org.soky.sro.pk2.io.Pk2IOTest - Consuming 2452 byte(s) from file frpvp_yellow.ddj with size 2452 
07:15:16.620 [main] DEBUG org.sokybot.pk2.Pk2CryptoUtils - File making_cutbar_left.ddj is not encrypted , flags not exists
07:15:16.620 [main] INFO org.soky.sro.pk2.io.Pk2IOTest - Consuming 788 byte(s) from file making_cutbar_left.ddj with size 788 
07:15:16.620 [main] DEBUG org.sokybot.pk2.Pk2CryptoUtils - File making_cutbar_mid.ddj is not encrypted , flags not exists
07:15:16.620 [main] INFO org.soky.sro.pk2.io.Pk2IOTest - Consuming 788 byte(s) from file making_cutbar_mid.ddj with size 788 
07:15:16.620 [main] DEBUG org.sokybot.pk2.Pk2CryptoUtils - File making_cutbar_right.ddj is not encrypted , flags not exists
07:15:16.620 [main] INFO org.soky.sro.pk2.io.Pk2IOTest - Consuming 788 byte(s) from file making_cutbar_right.ddj with size 788 
07:15:16.620 [main] DEBUG org.sokybot.pk2.Pk2CryptoUtils - File making_folderbar_left.ddj is not encrypted , flags not exists
07:15:16.620 [main] INFO org.soky.sro.pk2.io.Pk2IOTest - Consuming 2388 byte(s) from file making_folderbar_left.ddj with size 2388 
07:15:16.620 [main] DEBUG org.sokybot.pk2.Pk2CryptoUtils - File making_folderbar_mid.ddj is not encrypted , flags not exists
07:15:16.621 [main] INFO org.soky.sro.pk2.io.Pk2IOTest - Consuming 9108 byte(s) from file making_folderbar_mid.ddj with size 9108 
07:15:16.621 [main] DEBUG org.sokybot.pk2.Pk2CryptoUtils - File making_folderbar_right.ddj is not encrypted , flags not exists
07:15:16.621 [main] INFO org.soky.sro.pk2.io.Pk2IOTest - Consuming 2388 byte(s) from file making_folderbar_right.ddj with size 2388 
07:15:16.621 [main] DEBUG org.sokybot.pk2.Pk2CryptoUtils - File making_minus_button.ddj is not encrypted , flags not exists
07:15:16.621 [main] INFO org.soky.sro.pk2.io.Pk2IOTest - Consuming 41328 byte(s) from file making_minus_button.ddj with size 41328 
07:15:16.621 [main] DEBUG org.sokybot.pk2.Pk2CryptoUtils - File making_minus_button_disable.ddj is not encrypted , flags not exists
07:15:16.623 [main] INFO org.soky.sro.pk2.io.Pk2IOTest - Consuming 41328 byte(s) from file making_minus_button_disable.ddj with size 41328 
07:15:16.623 [main] DEBUG org.sokybot.pk2.Pk2CryptoUtils - File making_minus_button_focus.ddj is not encrypted , flags not exists
07:15:16.624 [main] INFO org.soky.sro.pk2.io.Pk2IOTest - Consuming 41328 byte(s) from file making_minus_button_focus.ddj with size 41328 
07:15:16.624 [main] DEBUG org.sokybot.pk2.Pk2CryptoUtils - File making_minus_button_press.ddj is not encrypted , flags not exists
07:15:16.624 [main] INFO org.soky.sro.pk2.io.Pk2IOTest - Consuming 41328 byte(s) from file making_minus_button_press.ddj with size 41328 
07:15:16.624 [main] DEBUG org.sokybot.pk2.Pk2CryptoUtils - File making_plus_button.ddj is not encrypted , flags not exists
07:15:16.625 [main] INFO org.soky.sro.pk2.io.Pk2IOTest - Consuming 41328 byte(s) from file making_plus_button.ddj with size 41328 
07:15:16.625 [main] DEBUG org.sokybot.pk2.Pk2CryptoUtils - File making_plus_button_disable.ddj is not encrypted , flags not exists
07:15:16.625 [main] INFO org.soky.sro.pk2.io.Pk2IOTest - Consuming 41328 byte(s) from file making_plus_button_disable.ddj with size 41328 
07:15:16.625 [main] DEBUG org.sokybot.pk2.Pk2CryptoUtils - File making_plus_button_focus.ddj is not encrypted , flags not exists
07:15:16.626 [main] INFO org.soky.sro.pk2.io.Pk2IOTest - Consuming 41328 byte(s) from file making_plus_button_focus.ddj with size 41328 
07:15:16.626 [main] DEBUG org.sokybot.pk2.Pk2CryptoUtils - File making_plus_button_press.ddj is not encrypted , flags not exists
07:15:16.626 [main] INFO org.soky.sro.pk2.io.Pk2IOTest - Consuming 41328 byte(s) from file making_plus_button_press.ddj with size 41328 
07:15:16.627 [main] DEBUG org.sokybot.pk2.Pk2CryptoUtils - File making_progress.ddj is not encrypted , flags not exists
07:15:16.627 [main] INFO org.soky.sro.pk2.io.Pk2IOTest - Consuming 14356 byte(s) from file making_progress.ddj with size 14356 
07:15:16.627 [main] DEBUG org.sokybot.pk2.Pk2CryptoUtils - File making_selectbar_button.ddj is not encrypted , flags not exists
07:15:16.627 [main] INFO org.soky.sro.pk2.io.Pk2IOTest - Consuming 30868 byte(s) from file making_selectbar_button.ddj with size 30868 
07:15:16.627 [main] DEBUG org.sokybot.pk2.Pk2CryptoUtils - File making_selectbar_button_disable.ddj is not encrypted , flags not exists
07:15:16.628 [main] INFO org.soky.sro.pk2.io.Pk2IOTest - Consuming 30868 byte(s) from file making_selectbar_button_disable.ddj with size 30868 
07:15:16.628 [main] DEBUG org.sokybot.pk2.Pk2CryptoUtils - File making_selectbar_button_focus.ddj is not encrypted , flags not exists
07:15:16.628 [main] INFO org.soky.sro.pk2.io.Pk2IOTest - Consuming 30868 byte(s) from file making_selectbar_button_focus.ddj with size 30868 
07:15:16.628 [main] DEBUG org.sokybot.pk2.Pk2CryptoUtils - File making_selectbar_button_press.ddj is not encrypted , flags not exists
07:15:16.628 [main] INFO org.soky.sro.pk2.io.Pk2IOTest - Consuming 30868 byte(s) from file making_selectbar_button_press.ddj with size 30868 
07:15:16.629 [main] DEBUG org.sokybot.pk2.Pk2CryptoUtils - File making_solt.ddj is not encrypted , flags not exists
07:15:16.629 [main] INFO org.soky.sro.pk2.io.Pk2IOTest - Consuming 6548 byte(s) from file making_solt.ddj with size 6548 
07:15:16.629 [main] DEBUG org.sokybot.pk2.Pk2CryptoUtils - File making_titleicon.ddj is not encrypted , flags not exists
07:15:16.629 [main] INFO org.soky.sro.pk2.io.Pk2IOTest - Consuming 724 byte(s) from file making_titleicon.ddj with size 724 
07:15:16.629 [main] DEBUG org.sokybot.pk2.Pk2CryptoUtils - File discord.ddj is not encrypted , flags not exists
07:15:16.629 [main] INFO org.soky.sro.pk2.io.Pk2IOTest - Consuming 948 byte(s) from file discord.ddj with size 948 
07:15:16.629 [main] DEBUG org.sokybot.pk2.Pk2CryptoUtils - File discord_focus.ddj is not encrypted , flags not exists
07:15:16.629 [main] INFO org.soky.sro.pk2.io.Pk2IOTest - Consuming 948 byte(s) from file discord_focus.ddj with size 948 
07:15:16.629 [main] DEBUG org.sokybot.pk2.Pk2CryptoUtils - File discord_press.ddj is not encrypted , flags not exists
07:15:16.629 [main] INFO org.soky.sro.pk2.io.Pk2IOTest - Consuming 948 byte(s) from file discord_press.ddj with size 948 
07:15:16.629 [main] DEBUG org.sokybot.pk2.Pk2CryptoUtils - File facebook.ddj is not encrypted , flags not exists
07:15:16.629 [main] INFO org.soky.sro.pk2.io.Pk2IOTest - Consuming 1268 byte(s) from file facebook.ddj with size 1268 
07:15:16.629 [main] DEBUG org.sokybot.pk2.Pk2CryptoUtils - File facebook_focus.ddj is not encrypted , flags not exists
07:15:16.629 [main] INFO org.soky.sro.pk2.io.Pk2IOTest - Consuming 1748 byte(s) from file facebook_focus.ddj with size 1748 
07:15:16.630 [main] DEBUG org.sokybot.pk2.Pk2CryptoUtils - File facebook_press.ddj is not encrypted , flags not exists
07:15:16.630 [main] INFO org.soky.sro.pk2.io.Pk2IOTest - Consuming 1748 byte(s) from file facebook_press.ddj with size 1748 
07:15:16.630 [main] DEBUG org.sokybot.pk2.Pk2CryptoUtils - File twitch.ddj is not encrypted , flags not exists
07:15:16.630 [main] INFO org.soky.sro.pk2.io.Pk2IOTest - Consuming 1748 byte(s) from file twitch.ddj with size 1748 
07:15:16.630 [main] DEBUG org.sokybot.pk2.Pk2CryptoUtils - File twitch_focus.ddj is not encrypted , flags not exists
07:15:16.630 [main] INFO org.soky.sro.pk2.io.Pk2IOTest - Consuming 1748 byte(s) from file twitch_focus.ddj with size 1748 
07:15:16.630 [main] DEBUG org.sokybot.pk2.Pk2CryptoUtils - File twitch_press.ddj is not encrypted , flags not exists
07:15:16.630 [main] INFO org.soky.sro.pk2.io.Pk2IOTest - Consuming 1748 byte(s) from file twitch_press.ddj with size 1748 
07:15:16.630 [main] DEBUG org.sokybot.pk2.Pk2CryptoUtils - File website.ddj is not encrypted , flags not exists
07:15:16.630 [main] INFO org.soky.sro.pk2.io.Pk2IOTest - Consuming 948 byte(s) from file website.ddj with size 948 
07:15:16.630 [main] DEBUG org.sokybot.pk2.Pk2CryptoUtils - File website_focus.ddj is not encrypted , flags not exists
07:15:16.630 [main] INFO org.soky.sro.pk2.io.Pk2IOTest - Consuming 948 byte(s) from file website_focus.ddj with size 948 
07:15:16.630 [main] DEBUG org.sokybot.pk2.Pk2CryptoUtils - File website_press.ddj is not encrypted , flags not exists
07:15:16.630 [main] INFO org.soky.sro.pk2.io.Pk2IOTest - Consuming 948 byte(s) from file website_press.ddj with size 948 
07:15:16.631 [main] DEBUG org.sokybot.pk2.Pk2CryptoUtils - File youtube.ddj is not encrypted , flags not exists
07:15:16.631 [main] INFO org.soky.sro.pk2.io.Pk2IOTest - Consuming 1748 byte(s) from file youtube.ddj with size 1748 
07:15:16.631 [main] DEBUG org.sokybot.pk2.Pk2CryptoUtils - File youtube_press.ddj is not encrypted , flags not exists
07:15:16.631 [main] INFO org.soky.sro.pk2.io.Pk2IOTest - Consuming 1748 byte(s) from file youtube_press.ddj with size 1748 
07:15:16.631 [main] DEBUG org.sokybot.pk2.Pk2CryptoUtils - File youtub_focus.ddj is not encrypted , flags not exists
07:15:16.631 [main] INFO org.soky.sro.pk2.io.Pk2IOTest - Consuming 1748 byte(s) from file youtub_focus.ddj with size 1748 
07:15:16.631 [main] DEBUG org.sokybot.pk2.Pk2CryptoUtils - File charactercustom.ddj is not encrypted , flags not exists
07:15:16.631 [main] INFO org.soky.sro.pk2.io.Pk2IOTest - Consuming 3068 byte(s) from file charactercustom.ddj with size 3068 
07:15:16.631 [main] DEBUG org.sokybot.pk2.Pk2CryptoUtils - File characterloading.ddj is not encrypted , flags not exists
07:15:16.631 [main] INFO org.soky.sro.pk2.io.Pk2IOTest - Consuming 3732 byte(s) from file characterloading.ddj with size 3732 
07:15:16.631 [main] DEBUG org.sokybot.pk2.Pk2CryptoUtils - File gauge_loading.ddj is not encrypted , flags not exists
07:15:16.631 [main] INFO org.soky.sro.pk2.io.Pk2IOTest - Consuming 13912 byte(s) from file gauge_loading.ddj with size 13912 
07:15:16.632 [main] DEBUG org.sokybot.pk2.Pk2CryptoUtils - File loading_asiaminor.ddj is not encrypted , flags not exists
07:15:16.637 [main] INFO org.soky.sro.pk2.io.Pk2IOTest - Consuming 524460 byte(s) from file loading_asiaminor.ddj with size 524460 
07:15:16.637 [main] DEBUG org.sokybot.pk2.Pk2CryptoUtils - File loading_centralasia.ddj is not encrypted , flags not exists
07:15:16.643 [main] INFO org.soky.sro.pk2.io.Pk2IOTest - Consuming 524460 byte(s) from file loading_centralasia.ddj with size 524460 
07:15:16.643 [main] DEBUG org.sokybot.pk2.Pk2CryptoUtils - File loading_charactercustom.ddj is not encrypted , flags not exists
07:15:16.648 [main] INFO org.soky.sro.pk2.io.Pk2IOTest - Consuming 524460 byte(s) from file loading_charactercustom.ddj with size 524460 
07:15:16.648 [main] DEBUG org.sokybot.pk2.Pk2CryptoUtils - File loading_charactercustom_europe.ddj is not encrypted , flags not exists
07:15:16.654 [main] INFO org.soky.sro.pk2.io.Pk2IOTest - Consuming 524460 byte(s) from file loading_charactercustom_europe.ddj with size 524460 
07:15:16.654 [main] DEBUG org.sokybot.pk2.Pk2CryptoUtils - File loading_constantinople.ddj is not encrypted , flags not exists
07:15:16.659 [main] INFO org.soky.sro.pk2.io.Pk2IOTest - Consuming 524460 byte(s) from file loading_constantinople.ddj with size 524460 
07:15:16.659 [main] DEBUG org.sokybot.pk2.Pk2CryptoUtils - File loading_default.ddj is not encrypted , flags not exists
07:15:16.664 [main] INFO org.soky.sro.pk2.io.Pk2IOTest - Consuming 524460 byte(s) from file loading_default.ddj with size 524460 
07:15:16.665 [main] DEBUG org.sokybot.pk2.Pk2CryptoUtils - File loading_dungeons_donwhang.ddj is not encrypted , flags not exists
07:15:16.670 [main] INFO org.soky.sro.pk2.io.Pk2IOTest - Consuming 524460 byte(s) from file loading_dungeons_donwhang.ddj with size 524460 
07:15:16.670 [main] DEBUG org.sokybot.pk2.Pk2CryptoUtils - File loading_dunwhang.ddj is not encrypted , flags not exists
07:15:16.675 [main] INFO org.soky.sro.pk2.io.Pk2IOTest - Consuming 524460 byte(s) from file loading_dunwhang.ddj with size 524460 
07:15:16.675 [main] DEBUG org.sokybot.pk2.Pk2CryptoUtils - File loading_easteurope.ddj is not encrypted , flags not exists
07:15:16.681 [main] INFO org.soky.sro.pk2.io.Pk2IOTest - Consuming 524460 byte(s) from file loading_easteurope.ddj with size 524460 
07:15:16.681 [main] DEBUG org.sokybot.pk2.Pk2CryptoUtils - File loading_form.ddj is not encrypted , flags not exists
07:15:16.682 [main] INFO org.soky.sro.pk2.io.Pk2IOTest - Consuming 19796 byte(s) from file loading_form.ddj with size 19796 
07:15:16.682 [main] DEBUG org.sokybot.pk2.Pk2CryptoUtils - File loading_hotan.ddj is not encrypted , flags not exists
07:15:16.687 [main] INFO org.soky.sro.pk2.io.Pk2IOTest - Consuming 524460 byte(s) from file loading_hotan.ddj with size 524460 
07:15:16.687 [main] DEBUG org.sokybot.pk2.Pk2CryptoUtils - File loading_port.ddj is not encrypted , flags not exists
07:15:16.693 [main] INFO org.soky.sro.pk2.io.Pk2IOTest - Consuming 524460 byte(s) from file loading_port.ddj with size 524460 
07:15:16.693 [main] DEBUG org.sokybot.pk2.Pk2CryptoUtils - File loading_rebirth.ddj is not encrypted , flags not exists
07:15:16.699 [main] INFO org.soky.sro.pk2.io.Pk2IOTest - Consuming 524460 byte(s) from file loading_rebirth.ddj with size 524460 
07:15:16.699 [main] DEBUG org.sokybot.pk2.Pk2CryptoUtils - File loading_river.ddj is not encrypted , flags not exists
07:15:16.705 [main] INFO org.soky.sro.pk2.io.Pk2IOTest - Consuming 524460 byte(s) from file loading_river.ddj with size 524460 
07:15:16.705 [main] DEBUG org.sokybot.pk2.Pk2CryptoUtils - File loading_royalmausoleum.ddj is not encrypted , flags not exists
07:15:16.710 [main] INFO org.soky.sro.pk2.io.Pk2IOTest - Consuming 524460 byte(s) from file loading_royalmausoleum.ddj with size 524460 
07:15:16.710 [main] DEBUG org.sokybot.pk2.Pk2CryptoUtils - File loading_samarkand.ddj is not encrypted , flags not exists
07:15:16.716 [main] INFO org.soky.sro.pk2.io.Pk2IOTest - Consuming 524460 byte(s) from file loading_samarkand.ddj with size 524460 
07:15:16.716 [main] DEBUG org.sokybot.pk2.Pk2CryptoUtils - File loading_thief.ddj is not encrypted , flags not exists
07:15:16.722 [main] INFO org.soky.sro.pk2.io.Pk2IOTest - Consuming 524460 byte(s) from file loading_thief.ddj with size 524460 
07:15:16.722 [main] DEBUG org.sokybot.pk2.Pk2CryptoUtils - File loading_zangan.ddj is not encrypted , flags not exists
07:15:16.727 [main] INFO org.soky.sro.pk2.io.Pk2IOTest - Consuming 524460 byte(s) from file loading_zangan.ddj with size 524460 
07:15:16.727 [main] DEBUG org.sokybot.pk2.Pk2CryptoUtils - File nowloading.ddj is not encrypted , flags not exists
07:15:16.727 [main] INFO org.soky.sro.pk2.io.Pk2IOTest - Consuming 2252 byte(s) from file nowloading.ddj with size 2252 
07:15:16.727 [main] DEBUG org.sokybot.pk2.Pk2CryptoUtils - File start_loading_09.ddj is not encrypted , flags not exists
07:15:16.728 [main] INFO org.soky.sro.pk2.io.Pk2IOTest - Consuming 40092 byte(s) from file start_loading_09.ddj with size 40092 
07:15:16.728 [main] DEBUG org.sokybot.pk2.Pk2CryptoUtils - File loading_loksan.ddj is not encrypted , flags not exists
07:15:16.734 [main] INFO org.soky.sro.pk2.io.Pk2IOTest - Consuming 524460 byte(s) from file loading_loksan.ddj with size 524460 
07:15:16.734 [main] DEBUG org.sokybot.pk2.Pk2CryptoUtils - File loading_alex.ddj is not encrypted , flags not exists
07:15:16.740 [main] INFO org.soky.sro.pk2.io.Pk2IOTest - Consuming 524460 byte(s) from file loading_alex.ddj with size 524460 
07:15:16.740 [main] DEBUG org.sokybot.pk2.Pk2CryptoUtils - File loading_desert.ddj is not encrypted , flags not exists
07:15:16.745 [main] INFO org.soky.sro.pk2.io.Pk2IOTest - Consuming 524460 byte(s) from file loading_desert.ddj with size 524460 
07:15:16.746 [main] DEBUG org.sokybot.pk2.Pk2CryptoUtils - File loading_pharaoh.ddj is not encrypted , flags not exists
07:15:16.751 [main] INFO org.soky.sro.pk2.io.Pk2IOTest - Consuming 524460 byte(s) from file loading_pharaoh.ddj with size 524460 
07:15:16.751 [main] DEBUG org.sokybot.pk2.Pk2CryptoUtils - File loading_pharos.ddj is not encrypted , flags not exists
07:15:16.757 [main] INFO org.soky.sro.pk2.io.Pk2IOTest - Consuming 524460 byte(s) from file loading_pharos.ddj with size 524460 
07:15:16.757 [main] DEBUG org.sokybot.pk2.Pk2CryptoUtils - File loading_thiefzone.ddj is not encrypted , flags not exists
07:15:16.763 [main] INFO org.soky.sro.pk2.io.Pk2IOTest - Consuming 524460 byte(s) from file loading_thiefzone.ddj with size 524460 
07:15:16.763 [main] DEBUG org.sokybot.pk2.Pk2CryptoUtils - File loading_valley.ddj is not encrypted , flags not exists
07:15:16.768 [main] INFO org.soky.sro.pk2.io.Pk2IOTest - Consuming 524460 byte(s) from file loading_valley.ddj with size 524460 
07:15:16.768 [main] DEBUG org.sokybot.pk2.Pk2CryptoUtils - File loading_blackbox.ddj is not encrypted , flags not exists
07:15:16.769 [main] INFO org.soky.sro.pk2.io.Pk2IOTest - Consuming 35228 byte(s) from file loading_blackbox.ddj with size 35228 
07:15:16.769 [main] DEBUG org.sokybot.pk2.Pk2CryptoUtils - File loading_constantinople_balloon.ddj is not encrypted , flags not exists
07:15:16.774 [main] INFO org.soky.sro.pk2.io.Pk2IOTest - Consuming 524460 byte(s) from file loading_constantinople_balloon.ddj with size 524460 
07:15:16.775 [main] DEBUG org.sokybot.pk2.Pk2CryptoUtils - File loading_zangan_balloon.ddj is not encrypted , flags not exists
07:15:16.780 [main] INFO org.soky.sro.pk2.io.Pk2IOTest - Consuming 524460 byte(s) from file loading_zangan_balloon.ddj with size 524460 
07:15:16.780 [main] DEBUG org.sokybot.pk2.Pk2CryptoUtils - File login_window.ddj is not encrypted , flags not exists
07:15:16.781 [main] INFO org.soky.sro.pk2.io.Pk2IOTest - Consuming 27276 byte(s) from file login_window.ddj with size 27276 
07:15:16.781 [main] DEBUG org.sokybot.pk2.Pk2CryptoUtils - File main_sysbutton_action.ddj is not encrypted , flags not exists
07:15:16.781 [main] INFO org.soky.sro.pk2.io.Pk2IOTest - Consuming 1716 byte(s) from file main_sysbutton_action.ddj with size 1716 
07:15:16.781 [main] DEBUG org.sokybot.pk2.Pk2CryptoUtils - File main_sysbutton_action_focus.ddj is not encrypted , flags not exists
07:15:16.781 [main] INFO org.soky.sro.pk2.io.Pk2IOTest - Consuming 1716 byte(s) from file main_sysbutton_action_focus.ddj with size 1716 
07:15:16.781 [main] DEBUG org.sokybot.pk2.Pk2CryptoUtils - File main_sysbutton_action_press.ddj is not encrypted , flags not exists
07:15:16.781 [main] INFO org.soky.sro.pk2.io.Pk2IOTest - Consuming 1716 byte(s) from file main_sysbutton_action_press.ddj with size 1716 
07:15:16.781 [main] DEBUG org.sokybot.pk2.Pk2CryptoUtils - File main_sysbutton_apprenticeship.ddj is not encrypted , flags not exists
07:15:16.781 [main] INFO org.soky.sro.pk2.io.Pk2IOTest - Consuming 1716 byte(s) from file main_sysbutton_apprenticeship.ddj with size 1716 
07:15:16.781 [main] DEBUG org.sokybot.pk2.Pk2CryptoUtils - File main_sysbutton_apprenticeship_focus.ddj is not encrypted , flags not exists
07:15:16.781 [main] INFO org.soky.sro.pk2.io.Pk2IOTest - Consuming 1716 byte(s) from file main_sysbutton_apprenticeship_focus.ddj with size 1716 
07:15:16.782 [main] DEBUG org.sokybot.pk2.Pk2CryptoUtils - File main_sysbutton_apprenticeship_press.ddj is not encrypted , flags not exists
07:15:16.782 [main] INFO org.soky.sro.pk2.io.Pk2IOTest - Consuming 1716 byte(s) from file main_sysbutton_apprenticeship_press.ddj with size 1716 
07:15:16.782 [main] DEBUG org.sokybot.pk2.Pk2CryptoUtils - File main_sysbutton_character.ddj is not encrypted , flags not exists
07:15:16.782 [main] INFO org.soky.sro.pk2.io.Pk2IOTest - Consuming 1716 byte(s) from file main_sysbutton_character.ddj with size 1716 
07:15:16.782 [main] DEBUG org.sokybot.pk2.Pk2CryptoUtils - File main_sysbutton_character_focus.ddj is not encrypted , flags not exists
07:15:16.782 [main] INFO org.soky.sro.pk2.io.Pk2IOTest - Consuming 1716 byte(s) from file main_sysbutton_character_focus.ddj with size 1716 
07:15:16.782 [main] DEBUG org.sokybot.pk2.Pk2CryptoUtils - File main_sysbutton_character_press.ddj is not encrypted , flags not exists
07:15:16.782 [main] INFO org.soky.sro.pk2.io.Pk2IOTest - Consuming 1716 byte(s) from file main_sysbutton_character_press.ddj with size 1716 
07:15:16.782 [main] DEBUG org.sokybot.pk2.Pk2CryptoUtils - File main_sysbutton_inventory.ddj is not encrypted , flags not exists
07:15:16.782 [main] INFO org.soky.sro.pk2.io.Pk2IOTest - Consuming 1716 byte(s) from file main_sysbutton_inventory.ddj with size 1716 
07:15:16.782 [main] DEBUG org.sokybot.pk2.Pk2CryptoUtils - File main_sysbutton_inventory_focus.ddj is not encrypted , flags not exists
07:15:16.782 [main] INFO org.soky.sro.pk2.io.Pk2IOTest - Consuming 1716 byte(s) from file main_sysbutton_inventory_focus.ddj with size 1716 
07:15:16.782 [main] DEBUG org.sokybot.pk2.Pk2CryptoUtils - File main_sysbutton_inventory_press.ddj is not encrypted , flags not exists
07:15:16.782 [main] INFO org.soky.sro.pk2.io.Pk2IOTest - Consuming 1716 byte(s) from file main_sysbutton_inventory_press.ddj with size 1716 
07:15:16.783 [main] DEBUG org.sokybot.pk2.Pk2CryptoUtils - File main_sysbutton_party.ddj is not encrypted , flags not exists
07:15:16.783 [main] INFO org.soky.sro.pk2.io.Pk2IOTest - Consuming 1716 byte(s) from file main_sysbutton_party.ddj with size 1716 
07:15:16.783 [main] DEBUG org.sokybot.pk2.Pk2CryptoUtils - File main_sysbutton_party_focus.ddj is not encrypted , flags not exists
07:15:16.783 [main] INFO org.soky.sro.pk2.io.Pk2IOTest - Consuming 1716 byte(s) from file main_sysbutton_party_focus.ddj with size 1716 
07:15:16.783 [main] DEBUG org.sokybot.pk2.Pk2CryptoUtils - File main_sysbutton_party_press.ddj is not encrypted , flags not exists
07:15:16.783 [main] INFO org.soky.sro.pk2.io.Pk2IOTest - Consuming 1716 byte(s) from file main_sysbutton_party_press.ddj with size 1716 
07:15:16.783 [main] DEBUG org.sokybot.pk2.Pk2CryptoUtils - File main_sysbutton_quest.ddj is not encrypted , flags not exists
07:15:16.783 [main] INFO org.soky.sro.pk2.io.Pk2IOTest - Consuming 1716 byte(s) from file main_sysbutton_quest.ddj with size 1716 
07:15:16.783 [main] DEBUG org.sokybot.pk2.Pk2CryptoUtils - File main_sysbutton_quest_focus.ddj is not encrypted , flags not exists
07:15:16.783 [main] INFO org.soky.sro.pk2.io.Pk2IOTest - Consuming 1716 byte(s) from file main_sysbutton_quest_focus.ddj with size 1716 
07:15:16.783 [main] DEBUG org.sokybot.pk2.Pk2CryptoUtils - File main_sysbutton_quest_press.ddj is not encrypted , flags not exists
07:15:16.783 [main] INFO org.soky.sro.pk2.io.Pk2IOTest - Consuming 1716 byte(s) from file main_sysbutton_quest_press.ddj with size 1716 
07:15:16.783 [main] DEBUG org.sokybot.pk2.Pk2CryptoUtils - File main_sysbutton_skill.ddj is not encrypted , flags not exists
07:15:16.783 [main] INFO org.soky.sro.pk2.io.Pk2IOTest - Consuming 1716 byte(s) from file main_sysbutton_skill.ddj with size 1716 
07:15:16.784 [main] DEBUG org.sokybot.pk2.Pk2CryptoUtils - File main_sysbutton_skill_focus.ddj is not encrypted , flags not exists
07:15:16.784 [main] INFO org.soky.sro.pk2.io.Pk2IOTest - Consuming 1716 byte(s) from file main_sysbutton_skill_focus.ddj with size 1716 
07:15:16.784 [main] DEBUG org.sokybot.pk2.Pk2CryptoUtils - File main_sysbutton_skill_press.ddj is not encrypted , flags not exists
07:15:16.784 [main] INFO org.soky.sro.pk2.io.Pk2IOTest - Consuming 1716 byte(s) from file main_sysbutton_skill_press.ddj with size 1716 
07:15:16.784 [main] DEBUG org.sokybot.pk2.Pk2CryptoUtils - File main_systab.ddj is not encrypted , flags not exists
07:15:16.784 [main] INFO org.soky.sro.pk2.io.Pk2IOTest - Consuming 54676 byte(s) from file main_systab.ddj with size 54676 
07:15:16.785 [main] DEBUG org.sokybot.pk2.Pk2CryptoUtils - File make_bg.ddj is not encrypted , flags not exists
07:15:16.786 [main] INFO org.soky.sro.pk2.io.Pk2IOTest - Consuming 117748 byte(s) from file make_bg.ddj with size 117748 
07:15:16.786 [main] DEBUG org.sokybot.pk2.Pk2CryptoUtils - File make_button_analysis_disable.ddj is not encrypted , flags not exists
07:15:16.786 [main] INFO org.soky.sro.pk2.io.Pk2IOTest - Consuming 1716 byte(s) from file make_button_analysis_disable.ddj with size 1716 
07:15:16.786 [main] DEBUG org.sokybot.pk2.Pk2CryptoUtils - File make_button_buildup.ddj is not encrypted , flags not exists
07:15:16.787 [main] INFO org.soky.sro.pk2.io.Pk2IOTest - Consuming 1716 byte(s) from file make_button_buildup.ddj with size 1716 
07:15:16.787 [main] DEBUG org.sokybot.pk2.Pk2CryptoUtils - File make_button_buildup_focus.ddj is not encrypted , flags not exists
07:15:16.787 [main] INFO org.soky.sro.pk2.io.Pk2IOTest - Consuming 1716 byte(s) from file make_button_buildup_focus.ddj with size 1716 
07:15:16.787 [main] DEBUG org.sokybot.pk2.Pk2CryptoUtils - File make_button_buildup_press.ddj is not encrypted , flags not exists
07:15:16.787 [main] INFO org.soky.sro.pk2.io.Pk2IOTest - Consuming 1716 byte(s) from file make_button_buildup_press.ddj with size 1716 
07:15:16.787 [main] DEBUG org.sokybot.pk2.Pk2CryptoUtils - File make_button_element_disable.ddj is not encrypted , flags not exists
07:15:16.787 [main] INFO org.soky.sro.pk2.io.Pk2IOTest - Consuming 1716 byte(s) from file make_button_element_disable.ddj with size 1716 
07:15:16.787 [main] DEBUG org.sokybot.pk2.Pk2CryptoUtils - File make_button_magic_disable.ddj is not encrypted , flags not exists
07:15:16.787 [main] INFO org.soky.sro.pk2.io.Pk2IOTest - Consuming 1716 byte(s) from file make_button_magic_disable.ddj with size 1716 
07:15:16.787 [main] DEBUG org.sokybot.pk2.Pk2CryptoUtils - File make_button_production_disable.ddj is not encrypted , flags not exists
07:15:16.787 [main] INFO org.soky.sro.pk2.io.Pk2IOTest - Consuming 1716 byte(s) from file make_button_production_disable.ddj with size 1716 
07:15:16.787 [main] DEBUG org.sokybot.pk2.Pk2CryptoUtils - File make_chain.ddj is not encrypted , flags not exists
07:15:16.787 [main] INFO org.soky.sro.pk2.io.Pk2IOTest - Consuming 724 byte(s) from file make_chain.ddj with size 724 
07:15:16.787 [main] DEBUG org.sokybot.pk2.Pk2CryptoUtils - File make_slot.ddj is not encrypted , flags not exists
07:15:16.787 [main] INFO org.soky.sro.pk2.io.Pk2IOTest - Consuming 5428 byte(s) from file make_slot.ddj with size 5428 
07:15:16.788 [main] DEBUG org.sokybot.pk2.Pk2CryptoUtils - File make_stuff.ddj is not encrypted , flags not exists
07:15:16.788 [main] INFO org.soky.sro.pk2.io.Pk2IOTest - Consuming 4020 byte(s) from file make_stuff.ddj with size 4020 
07:15:16.788 [main] DEBUG org.sokybot.pk2.Pk2CryptoUtils - File make_stuff_disable.ddj is not encrypted , flags not exists
07:15:16.788 [main] INFO org.soky.sro.pk2.io.Pk2IOTest - Consuming 4020 byte(s) from file make_stuff_disable.ddj with size 4020 
07:15:16.788 [main] DEBUG org.sokybot.pk2.Pk2CryptoUtils - File make_subject.ddj is not encrypted , flags not exists
07:15:16.788 [main] INFO org.soky.sro.pk2.io.Pk2IOTest - Consuming 10644 byte(s) from file make_subject.ddj with size 10644 
07:15:16.788 [main] DEBUG org.sokybot.pk2.Pk2CryptoUtils - File make_tab.ddj is not encrypted , flags not exists
07:15:16.788 [main] INFO org.soky.sro.pk2.io.Pk2IOTest - Consuming 24148 byte(s) from file make_tab.ddj with size 24148 
07:15:16.789 [main] DEBUG org.sokybot.pk2.Pk2CryptoUtils - File make_wnd_left_up.ddj is not encrypted , flags not exists
07:15:16.789 [main] INFO org.soky.sro.pk2.io.Pk2IOTest - Consuming 660 byte(s) from file make_wnd_left_up.ddj with size 660 
07:15:16.789 [main] DEBUG org.sokybot.pk2.Pk2CryptoUtils - File mall_alchemy_icon.ddj is not encrypted , flags not exists
07:15:16.789 [main] INFO org.soky.sro.pk2.io.Pk2IOTest - Consuming 948 byte(s) from file mall_alchemy_icon.ddj with size 948 
07:15:16.789 [main] DEBUG org.sokybot.pk2.Pk2CryptoUtils - File mall_alchemy_icon_disable.ddj is not encrypted , flags not exists
07:15:16.789 [main] INFO org.soky.sro.pk2.io.Pk2IOTest - Consuming 948 byte(s) from file mall_alchemy_icon_disable.ddj with size 948 
07:15:16.789 [main] DEBUG org.sokybot.pk2.Pk2CryptoUtils - File mall_avatar_icon.ddj is not encrypted , flags not exists
07:15:16.789 [main] INFO org.soky.sro.pk2.io.Pk2IOTest - Consuming 948 byte(s) from file mall_avatar_icon.ddj with size 948 
07:15:16.789 [main] DEBUG org.sokybot.pk2.Pk2CryptoUtils - File mall_avatar_icon_disable.ddj is not encrypted , flags not exists
07:15:16.789 [main] INFO org.soky.sro.pk2.io.Pk2IOTest - Consuming 948 byte(s) from file mall_avatar_icon_disable.ddj with size 948 
07:15:16.789 [main] DEBUG org.sokybot.pk2.Pk2CryptoUtils - File mall_bundle_icon.ddj is not encrypted , flags not exists
07:15:16.789 [main] INFO org.soky.sro.pk2.io.Pk2IOTest - Consuming 948 byte(s) from file mall_bundle_icon.ddj with size 948 
07:15:16.789 [main] DEBUG org.sokybot.pk2.Pk2CryptoUtils - File mall_bundle_icon_disable.ddj is not encrypted , flags not exists
07:15:16.789 [main] INFO org.soky.sro.pk2.io.Pk2IOTest - Consuming 948 byte(s) from file mall_bundle_icon_disable.ddj with size 948 
07:15:16.789 [main] DEBUG org.sokybot.pk2.Pk2CryptoUtils - File mall_choicelist_icon.ddj is not encrypted , flags not exists
07:15:16.789 [main] INFO org.soky.sro.pk2.io.Pk2IOTest - Consuming 948 byte(s) from file mall_choicelist_icon.ddj with size 948 
07:15:16.789 [main] DEBUG org.sokybot.pk2.Pk2CryptoUtils - File mall_choicelist_icon_disable.ddj is not encrypted , flags not exists
07:15:16.790 [main] INFO org.soky.sro.pk2.io.Pk2IOTest - Consuming 948 byte(s) from file mall_choicelist_icon_disable.ddj with size 948 
07:15:16.790 [main] DEBUG org.sokybot.pk2.Pk2CryptoUtils - File mall_communicate.ddj is not encrypted , flags not exists
07:15:16.791 [main] INFO org.soky.sro.pk2.io.Pk2IOTest - Consuming 174612 byte(s) from file mall_communicate.ddj with size 174612 
07:15:16.792 [main] DEBUG org.sokybot.pk2.Pk2CryptoUtils - File mall_communicate_close.ddj is not encrypted , flags not exists
07:15:16.792 [main] INFO org.soky.sro.pk2.io.Pk2IOTest - Consuming 5140 byte(s) from file mall_communicate_close.ddj with size 5140 
07:15:16.792 [main] DEBUG org.sokybot.pk2.Pk2CryptoUtils - File mall_communicate_close_focus.ddj is not encrypted , flags not exists
07:15:16.792 [main] INFO org.soky.sro.pk2.io.Pk2IOTest - Consuming 5140 byte(s) from file mall_communicate_close_focus.ddj with size 5140 
07:15:16.792 [main] DEBUG org.sokybot.pk2.Pk2CryptoUtils - File mall_communicate_close_press.ddj is not encrypted , flags not exists
07:15:16.792 [main] INFO org.soky.sro.pk2.io.Pk2IOTest - Consuming 5140 byte(s) from file mall_communicate_close_press.ddj with size 5140 
07:15:16.792 [main] DEBUG org.sokybot.pk2.Pk2CryptoUtils - File mall_communicate_direct.ddj is not encrypted , flags not exists
07:15:16.792 [main] INFO org.soky.sro.pk2.io.Pk2IOTest - Consuming 13204 byte(s) from file mall_communicate_direct.ddj with size 13204 
07:15:16.792 [main] DEBUG org.sokybot.pk2.Pk2CryptoUtils - File mall_communicate_direct_focus.ddj is not encrypted , flags not exists
07:15:16.793 [main] INFO org.soky.sro.pk2.io.Pk2IOTest - Consuming 13204 byte(s) from file mall_communicate_direct_focus.ddj with size 13204 
07:15:16.793 [main] DEBUG org.sokybot.pk2.Pk2CryptoUtils - File mall_communicate_direct_press.ddj is not encrypted , flags not exists
07:15:16.793 [main] INFO org.soky.sro.pk2.io.Pk2IOTest - Consuming 13204 byte(s) from file mall_communicate_direct_press.ddj with size 13204 
07:15:16.793 [main] DEBUG org.sokybot.pk2.Pk2CryptoUtils - File mall_consum_icon.ddj is not encrypted , flags not exists
07:15:16.793 [main] INFO org.soky.sro.pk2.io.Pk2IOTest - Consuming 948 byte(s) from file mall_consum_icon.ddj with size 948 
07:15:16.793 [main] DEBUG org.sokybot.pk2.Pk2CryptoUtils - File mall_consum_icon_disable.ddj is not encrypted , flags not exists
07:15:16.793 [main] INFO org.soky.sro.pk2.io.Pk2IOTest - Consuming 948 byte(s) from file mall_consum_icon_disable.ddj with size 948 
07:15:16.793 [main] DEBUG org.sokybot.pk2.Pk2CryptoUtils - File mall_equip_icon.ddj is not encrypted , flags not exists
07:15:16.793 [main] INFO org.soky.sro.pk2.io.Pk2IOTest - Consuming 948 byte(s) from file mall_equip_icon.ddj with size 948 
07:15:16.793 [main] DEBUG org.sokybot.pk2.Pk2CryptoUtils - File mall_equip_icon_disable.ddj is not encrypted , flags not exists
07:15:16.793 [main] INFO org.soky.sro.pk2.io.Pk2IOTest - Consuming 948 byte(s) from file mall_equip_icon_disable.ddj with size 948 
07:15:16.793 [main] DEBUG org.sokybot.pk2.Pk2CryptoUtils - File mall_faceframe.ddj is not encrypted , flags not exists
07:15:16.794 [main] INFO org.soky.sro.pk2.io.Pk2IOTest - Consuming 8340 byte(s) from file mall_faceframe.ddj with size 8340 
07:15:16.794 [main] DEBUG org.sokybot.pk2.Pk2CryptoUtils - File mall_face_alpha.ddj is not encrypted , flags not exists
07:15:16.794 [main] INFO org.soky.sro.pk2.io.Pk2IOTest - Consuming 948 byte(s) from file mall_face_alpha.ddj with size 948 
07:15:16.794 [main] DEBUG org.sokybot.pk2.Pk2CryptoUtils - File mall_goods_bar.ddj is not encrypted , flags not exists
07:15:16.794 [main] INFO org.soky.sro.pk2.io.Pk2IOTest - Consuming 16724 byte(s) from file mall_goods_bar.ddj with size 16724 
07:15:16.794 [main] DEBUG org.sokybot.pk2.Pk2CryptoUtils - File mall_halloween_avatawindow.ddj is not encrypted , flags not exists
07:15:16.802 [main] INFO org.soky.sro.pk2.io.Pk2IOTest - Consuming 813396 byte(s) from file mall_halloween_avatawindow.ddj with size 813396 
07:15:16.802 [main] DEBUG org.sokybot.pk2.Pk2CryptoUtils - File mall_hot.ddj is not encrypted , flags not exists
07:15:16.802 [main] INFO org.soky.sro.pk2.io.Pk2IOTest - Consuming 1172 byte(s) from file mall_hot.ddj with size 1172 
07:15:16.803 [main] DEBUG org.sokybot.pk2.Pk2CryptoUtils - File mall_hot_icon.ddj is not encrypted , flags not exists
07:15:16.803 [main] INFO org.soky.sro.pk2.io.Pk2IOTest - Consuming 948 byte(s) from file mall_hot_icon.ddj with size 948 
07:15:16.803 [main] DEBUG org.sokybot.pk2.Pk2CryptoUtils - File mall_hot_icon_disable.ddj is not encrypted , flags not exists
07:15:16.803 [main] INFO org.soky.sro.pk2.io.Pk2IOTest - Consuming 948 byte(s) from file mall_hot_icon_disable.ddj with size 948 
07:15:16.803 [main] DEBUG org.sokybot.pk2.Pk2CryptoUtils - File mall_inven_icon.ddj is not encrypted , flags not exists
07:15:16.803 [main] INFO org.soky.sro.pk2.io.Pk2IOTest - Consuming 2196 byte(s) from file mall_inven_icon.ddj with size 2196 
07:15:16.803 [main] DEBUG org.sokybot.pk2.Pk2CryptoUtils - File mall_inven_icon_disable.ddj is not encrypted , flags not exists
07:15:16.803 [main] INFO org.soky.sro.pk2.io.Pk2IOTest - Consuming 2196 byte(s) from file mall_inven_icon_disable.ddj with size 2196 
07:15:16.803 [main] DEBUG org.sokybot.pk2.Pk2CryptoUtils - File mall_mainpic.ddj is not encrypted , flags not exists
07:15:16.804 [main] INFO org.soky.sro.pk2.io.Pk2IOTest - Consuming 51988 byte(s) from file mall_mainpic.ddj with size 51988 
07:15:16.804 [main] DEBUG org.sokybot.pk2.Pk2CryptoUtils - File mall_mallmark.ddj is not encrypted , flags not exists
07:15:16.804 [main] INFO org.soky.sro.pk2.io.Pk2IOTest - Consuming 11060 byte(s) from file mall_mallmark.ddj with size 11060 
07:15:16.804 [main] DEBUG org.sokybot.pk2.Pk2CryptoUtils - File mall_mallmark_focus.ddj is not encrypted , flags not exists
07:15:16.805 [main] INFO org.soky.sro.pk2.io.Pk2IOTest - Consuming 11060 byte(s) from file mall_mallmark_focus.ddj with size 11060 
07:15:16.805 [main] DEBUG org.sokybot.pk2.Pk2CryptoUtils - File mall_mallmark_press.ddj is not encrypted , flags not exists
07:15:16.805 [main] INFO org.soky.sro.pk2.io.Pk2IOTest - Consuming 11060 byte(s) from file mall_mallmark_press.ddj with size 11060 
07:15:16.805 [main] DEBUG org.sokybot.pk2.Pk2CryptoUtils - File mall_moneybutton.ddj is not encrypted , flags not exists
07:15:16.805 [main] INFO org.soky.sro.pk2.io.Pk2IOTest - Consuming 948 byte(s) from file mall_moneybutton.ddj with size 948 
07:15:16.805 [main] DEBUG org.sokybot.pk2.Pk2CryptoUtils - File mall_moneybutton_disable.ddj is not encrypted , flags not exists
07:15:16.805 [main] INFO org.soky.sro.pk2.io.Pk2IOTest - Consuming 948 byte(s) from file mall_moneybutton_disable.ddj with size 948 
07:15:16.805 [main] DEBUG org.sokybot.pk2.Pk2CryptoUtils - File mall_moneybutton_focus.ddj is not encrypted , flags not exists
07:15:16.805 [main] INFO org.soky.sro.pk2.io.Pk2IOTest - Consuming 948 byte(s) from file mall_moneybutton_focus.ddj with size 948 
07:15:16.805 [main] DEBUG org.sokybot.pk2.Pk2CryptoUtils - File mall_moneybutton_press.ddj is not encrypted , flags not exists
07:15:16.805 [main] INFO org.soky.sro.pk2.io.Pk2IOTest - Consuming 948 byte(s) from file mall_moneybutton_press.ddj with size 948 
07:15:16.805 [main] DEBUG org.sokybot.pk2.Pk2CryptoUtils - File mall_nasrun_avatawindow.ddj is not encrypted , flags not exists
07:15:16.814 [main] INFO org.soky.sro.pk2.io.Pk2IOTest - Consuming 813396 byte(s) from file mall_nasrun_avatawindow.ddj with size 813396 
07:15:16.814 [main] DEBUG org.sokybot.pk2.Pk2CryptoUtils - File mall_new.ddj is not encrypted , flags not exists
07:15:16.814 [main] INFO org.soky.sro.pk2.io.Pk2IOTest - Consuming 1172 byte(s) from file mall_new.ddj with size 1172 
07:15:16.814 [main] DEBUG org.sokybot.pk2.Pk2CryptoUtils - File mall_page_next.ddj is not encrypted , flags not exists
07:15:16.814 [main] INFO org.soky.sro.pk2.io.Pk2IOTest - Consuming 1012 byte(s) from file mall_page_next.ddj with size 1012 
07:15:16.814 [main] DEBUG org.sokybot.pk2.Pk2CryptoUtils - File mall_page_next_focus.ddj is not encrypted , flags not exists
07:15:16.814 [main] INFO org.soky.sro.pk2.io.Pk2IOTest - Consuming 1012 byte(s) from file mall_page_next_focus.ddj with size 1012 
07:15:16.814 [main] DEBUG org.sokybot.pk2.Pk2CryptoUtils - File mall_page_next_press.ddj is not encrypted , flags not exists
07:15:16.814 [main] INFO org.soky.sro.pk2.io.Pk2IOTest - Consuming 1012 byte(s) from file mall_page_next_press.ddj with size 1012 
07:15:16.814 [main] DEBUG org.sokybot.pk2.Pk2CryptoUtils - File mall_page_prev.ddj is not encrypted , flags not exists
07:15:16.814 [main] INFO org.soky.sro.pk2.io.Pk2IOTest - Consuming 1012 byte(s) from file mall_page_prev.ddj with size 1012 
07:15:16.814 [main] DEBUG org.sokybot.pk2.Pk2CryptoUtils - File mall_page_prev_focus.ddj is not encrypted , flags not exists
07:15:16.815 [main] INFO org.soky.sro.pk2.io.Pk2IOTest - Consuming 1012 byte(s) from file mall_page_prev_focus.ddj with size 1012 
07:15:16.815 [main] DEBUG org.sokybot.pk2.Pk2CryptoUtils - File mall_page_prev_press.ddj is not encrypted , flags not exists
07:15:16.815 [main] INFO org.soky.sro.pk2.io.Pk2IOTest - Consuming 1012 byte(s) from file mall_page_prev_press.ddj with size 1012 
07:15:16.815 [main] DEBUG org.sokybot.pk2.Pk2CryptoUtils - File mall_pet_icon.ddj is not encrypted , flags not exists
07:15:16.815 [main] INFO org.soky.sro.pk2.io.Pk2IOTest - Consuming 948 byte(s) from file mall_pet_icon.ddj with size 948 
07:15:16.815 [main] DEBUG org.sokybot.pk2.Pk2CryptoUtils - File mall_pet_icon_disable.ddj is not encrypted , flags not exists
07:15:16.815 [main] INFO org.soky.sro.pk2.io.Pk2IOTest - Consuming 948 byte(s) from file mall_pet_icon_disable.ddj with size 948 
07:15:16.815 [main] DEBUG org.sokybot.pk2.Pk2CryptoUtils - File mall_pic.ddj is not encrypted , flags not exists
07:15:16.815 [main] INFO org.soky.sro.pk2.io.Pk2IOTest - Consuming 15540 byte(s) from file mall_pic.ddj with size 15540 
07:15:16.815 [main] DEBUG org.sokybot.pk2.Pk2CryptoUtils - File mall_pirate_avatawindow.ddj is not encrypted , flags not exists
07:15:16.824 [main] INFO org.soky.sro.pk2.io.Pk2IOTest - Consuming 808740 byte(s) from file mall_pirate_avatawindow.ddj with size 808740 
07:15:16.824 [main] DEBUG org.sokybot.pk2.Pk2CryptoUtils - File mall_premium_icon.ddj is not encrypted , flags not exists
07:15:16.824 [main] INFO org.soky.sro.pk2.io.Pk2IOTest - Consuming 948 byte(s) from file mall_premium_icon.ddj with size 948 
07:15:16.824 [main] DEBUG org.sokybot.pk2.Pk2CryptoUtils - File mall_premium_icon_disable.ddj is not encrypted , flags not exists
07:15:16.824 [main] INFO org.soky.sro.pk2.io.Pk2IOTest - Consuming 948 byte(s) from file mall_premium_icon_disable.ddj with size 948 
07:15:16.824 [main] DEBUG org.sokybot.pk2.Pk2CryptoUtils - File mall_shortcut.ddj is not encrypted , flags not exists
07:15:16.824 [main] INFO org.soky.sro.pk2.io.Pk2IOTest - Consuming 24788 byte(s) from file mall_shortcut.ddj with size 24788 
07:15:16.824 [main] DEBUG org.sokybot.pk2.Pk2CryptoUtils - File mall_shortcut_focus.ddj is not encrypted , flags not exists
07:15:16.825 [main] INFO org.soky.sro.pk2.io.Pk2IOTest - Consuming 24788 byte(s) from file mall_shortcut_focus.ddj with size 24788 
07:15:16.825 [main] DEBUG org.sokybot.pk2.Pk2CryptoUtils - File mall_shortcut_press.ddj is not encrypted , flags not exists
07:15:16.825 [main] INFO org.soky.sro.pk2.io.Pk2IOTest - Consuming 24788 byte(s) from file mall_shortcut_press.ddj with size 24788 
07:15:16.825 [main] DEBUG org.sokybot.pk2.Pk2CryptoUtils - File mall_store_icon.ddj is not encrypted , flags not exists
07:15:16.825 [main] INFO org.soky.sro.pk2.io.Pk2IOTest - Consuming 2196 byte(s) from file mall_store_icon.ddj with size 2196 
07:15:16.825 [main] DEBUG org.sokybot.pk2.Pk2CryptoUtils - File mall_store_icon_disable.ddj is not encrypted , flags not exists
07:15:16.825 [main] INFO org.soky.sro.pk2.io.Pk2IOTest - Consuming 2196 byte(s) from file mall_store_icon_disable.ddj with size 2196 
07:15:16.825 [main] DEBUG org.sokybot.pk2.Pk2CryptoUtils - File mall_tab_disable.ddj is not encrypted , flags not exists
07:15:16.826 [main] INFO org.soky.sro.pk2.io.Pk2IOTest - Consuming 6644 byte(s) from file mall_tab_disable.ddj with size 6644 
07:15:16.826 [main] DEBUG org.sokybot.pk2.Pk2CryptoUtils - File mall_tab_off.ddj is not encrypted , flags not exists
07:15:16.826 [main] INFO org.soky.sro.pk2.io.Pk2IOTest - Consuming 6644 byte(s) from file mall_tab_off.ddj with size 6644 
07:15:16.826 [main] DEBUG org.sokybot.pk2.Pk2CryptoUtils - File mall_tab_on.ddj is not encrypted , flags not exists
07:15:16.826 [main] INFO org.soky.sro.pk2.io.Pk2IOTest - Consuming 6644 byte(s) from file mall_tab_on.ddj with size 6644 
07:15:16.826 [main] DEBUG org.sokybot.pk2.Pk2CryptoUtils - File mall_knight_avatawindow.ddj is not encrypted , flags not exists
07:15:16.835 [main] INFO org.soky.sro.pk2.io.Pk2IOTest - Consuming 813396 byte(s) from file mall_knight_avatawindow.ddj with size 813396 
07:15:16.835 [main] DEBUG org.sokybot.pk2.Pk2CryptoUtils - File mall_piratecrew_avatawindow.ddj is not encrypted , flags not exists
07:15:16.844 [main] INFO org.soky.sro.pk2.io.Pk2IOTest - Consuming 813396 byte(s) from file mall_piratecrew_avatawindow.ddj with size 813396 
07:15:16.844 [main] DEBUG org.sokybot.pk2.Pk2CryptoUtils - File mall_event_winter_avatawindow.ddj is not encrypted , flags not exists
07:15:16.852 [main] INFO org.soky.sro.pk2.io.Pk2IOTest - Consuming 813396 byte(s) from file mall_event_winter_avatawindow.ddj with size 813396 
07:15:16.852 [main] DEBUG org.sokybot.pk2.Pk2CryptoUtils - File mall_arabia_avatawindow.ddj is not encrypted , flags not exists
07:15:16.861 [main] INFO org.soky.sro.pk2.io.Pk2IOTest - Consuming 813396 byte(s) from file mall_arabia_avatawindow.ddj with size 813396 
07:15:16.861 [main] DEBUG org.sokybot.pk2.Pk2CryptoUtils - File mall_arrow.ddj is not encrypted , flags not exists
07:15:16.861 [main] INFO org.soky.sro.pk2.io.Pk2IOTest - Consuming 532 byte(s) from file mall_arrow.ddj with size 532 
07:15:16.861 [main] DEBUG org.sokybot.pk2.Pk2CryptoUtils - File mall_avatawindow.ddj is not encrypted , flags not exists
07:15:16.870 [main] INFO org.soky.sro.pk2.io.Pk2IOTest - Consuming 813396 byte(s) from file mall_avatawindow.ddj with size 813396 
07:15:16.870 [main] DEBUG org.sokybot.pk2.Pk2CryptoUtils - File mall_avata_button.ddj is not encrypted , flags not exists
07:15:16.870 [main] INFO org.soky.sro.pk2.io.Pk2IOTest - Consuming 13460 byte(s) from file mall_avata_button.ddj with size 13460 
07:15:16.870 [main] DEBUG org.sokybot.pk2.Pk2CryptoUtils - File mall_avata_button_disable.ddj is not encrypted , flags not exists
07:15:16.871 [main] INFO org.soky.sro.pk2.io.Pk2IOTest - Consuming 13460 byte(s) from file mall_avata_button_disable.ddj with size 13460 
07:15:16.871 [main] DEBUG org.sokybot.pk2.Pk2CryptoUtils - File mall_avata_button_focus.ddj is not encrypted , flags not exists
07:15:16.871 [main] INFO org.soky.sro.pk2.io.Pk2IOTest - Consuming 13460 byte(s) from file mall_avata_button_focus.ddj with size 13460 
07:15:16.871 [main] DEBUG org.sokybot.pk2.Pk2CryptoUtils - File mall_avata_button_press.ddj is not encrypted , flags not exists
07:15:16.871 [main] INFO org.soky.sro.pk2.io.Pk2IOTest - Consuming 13460 byte(s) from file mall_avata_button_press.ddj with size 13460 
07:15:16.871 [main] DEBUG org.sokybot.pk2.Pk2CryptoUtils - File mall_avata_close.ddj is not encrypted , flags not exists
07:15:16.871 [main] INFO org.soky.sro.pk2.io.Pk2IOTest - Consuming 13972 byte(s) from file mall_avata_close.ddj with size 13972 
07:15:16.871 [main] DEBUG org.sokybot.pk2.Pk2CryptoUtils - File mall_avata_close_focus.ddj is not encrypted , flags not exists
07:15:16.872 [main] INFO org.soky.sro.pk2.io.Pk2IOTest - Consuming 13972 byte(s) from file mall_avata_close_focus.ddj with size 13972 
07:15:16.872 [main] DEBUG org.sokybot.pk2.Pk2CryptoUtils - File mall_avata_close_press.ddj is not encrypted , flags not exists
07:15:16.872 [main] INFO org.soky.sro.pk2.io.Pk2IOTest - Consuming 13972 byte(s) from file mall_avata_close_press.ddj with size 13972 
07:15:16.872 [main] DEBUG org.sokybot.pk2.Pk2CryptoUtils - File mall_avata_wnd.ddj is not encrypted , flags not exists
07:15:16.875 [main] INFO org.soky.sro.pk2.io.Pk2IOTest - Consuming 345748 byte(s) from file mall_avata_wnd.ddj with size 345748 
07:15:16.876 [main] DEBUG org.sokybot.pk2.Pk2CryptoUtils - File mall_avatwindow.ddj is not encrypted , flags not exists
07:15:16.885 [main] INFO org.soky.sro.pk2.io.Pk2IOTest - Consuming 838548 byte(s) from file mall_avatwindow.ddj with size 838548 
07:15:16.885 [main] DEBUG org.sokybot.pk2.Pk2CryptoUtils - File mall_back_wnd.ddj is not encrypted , flags not exists
07:15:16.894 [main] INFO org.soky.sro.pk2.io.Pk2IOTest - Consuming 882068 byte(s) from file mall_back_wnd.ddj with size 882068 
07:15:16.894 [main] DEBUG org.sokybot.pk2.Pk2CryptoUtils - File mall_big_button.ddj is not encrypted , flags not exists
07:15:16.894 [main] INFO org.soky.sro.pk2.io.Pk2IOTest - Consuming 19156 byte(s) from file mall_big_button.ddj with size 19156 
07:15:16.894 [main] DEBUG org.sokybot.pk2.Pk2CryptoUtils - File mall_big_button_disable.ddj is not encrypted , flags not exists
07:15:16.894 [main] INFO org.soky.sro.pk2.io.Pk2IOTest - Consuming 19156 byte(s) from file mall_big_button_disable.ddj with size 19156 
07:15:16.894 [main] DEBUG org.sokybot.pk2.Pk2CryptoUtils - File mall_big_button_focus.ddj is not encrypted , flags not exists
07:15:16.895 [main] INFO org.soky.sro.pk2.io.Pk2IOTest - Consuming 19156 byte(s) from file mall_big_button_focus.ddj with size 19156 
07:15:16.895 [main] DEBUG org.sokybot.pk2.Pk2CryptoUtils - File mall_big_button_press.ddj is not encrypted , flags not exists
07:15:16.895 [main] INFO org.soky.sro.pk2.io.Pk2IOTest - Consuming 19156 byte(s) from file mall_big_button_press.ddj with size 19156 
07:15:16.895 [main] DEBUG org.sokybot.pk2.Pk2CryptoUtils - File mall_blackwing_avatawindow.ddj is not encrypted , flags not exists
07:15:16.903 [main] INFO org.soky.sro.pk2.io.Pk2IOTest - Consuming 813396 byte(s) from file mall_blackwing_avatawindow.ddj with size 813396 
07:15:16.904 [main] DEBUG org.sokybot.pk2.Pk2CryptoUtils - File mall_box.ddj is not encrypted , flags not exists
07:15:16.904 [main] INFO org.soky.sro.pk2.io.Pk2IOTest - Consuming 9428 byte(s) from file mall_box.ddj with size 9428 
07:15:16.904 [main] DEBUG org.sokybot.pk2.Pk2CryptoUtils - File mall_button.ddj is not encrypted , flags not exists
07:15:16.904 [main] INFO org.soky.sro.pk2.io.Pk2IOTest - Consuming 8596 byte(s) from file mall_button.ddj with size 8596 
07:15:16.904 [main] DEBUG org.sokybot.pk2.Pk2CryptoUtils - File mall_button_disable.ddj is not encrypted , flags not exists
07:15:16.904 [main] INFO org.soky.sro.pk2.io.Pk2IOTest - Consuming 8596 byte(s) from file mall_button_disable.ddj with size 8596 
07:15:16.904 [main] DEBUG org.sokybot.pk2.Pk2CryptoUtils - File mall_button_focus.ddj is not encrypted , flags not exists
07:15:16.904 [main] INFO org.soky.sro.pk2.io.Pk2IOTest - Consuming 8596 byte(s) from file mall_button_focus.ddj with size 8596 
07:15:16.904 [main] DEBUG org.sokybot.pk2.Pk2CryptoUtils - File mall_button_press.ddj is not encrypted , flags not exists
07:15:16.905 [main] INFO org.soky.sro.pk2.io.Pk2IOTest - Consuming 8596 byte(s) from file mall_button_press.ddj with size 8596 
07:15:16.905 [main] DEBUG org.sokybot.pk2.Pk2CryptoUtils - File mall_carnival_avatawindow.ddj is not encrypted , flags not exists
07:15:16.913 [main] INFO org.soky.sro.pk2.io.Pk2IOTest - Consuming 813396 byte(s) from file mall_carnival_avatawindow.ddj with size 813396 
07:15:16.913 [main] DEBUG org.sokybot.pk2.Pk2CryptoUtils - File mall_charac_frame.ddj is not encrypted , flags not exists
07:15:16.917 [main] INFO org.soky.sro.pk2.io.Pk2IOTest - Consuming 333460 byte(s) from file mall_charac_frame.ddj with size 333460 
07:15:16.917 [main] DEBUG org.sokybot.pk2.Pk2CryptoUtils - File mall_charac_textbox.ddj is not encrypted , flags not exists
07:15:16.918 [main] INFO org.soky.sro.pk2.io.Pk2IOTest - Consuming 77588 byte(s) from file mall_charac_textbox.ddj with size 77588 
07:15:16.918 [main] DEBUG org.sokybot.pk2.Pk2CryptoUtils - File mall_charac_wnd.ddj is not encrypted , flags not exists
07:15:16.920 [main] INFO org.soky.sro.pk2.io.Pk2IOTest - Consuming 111252 byte(s) from file mall_charac_wnd.ddj with size 111252 
07:15:16.920 [main] DEBUG org.sokybot.pk2.Pk2CryptoUtils - File mall_chingchu_avatwindow.ddj is not encrypted , flags not exists
07:15:16.921 [main] INFO org.soky.sro.pk2.io.Pk2IOTest - Consuming 101804 byte(s) from file mall_chingchu_avatwindow.ddj with size 101804 
07:15:16.921 [main] DEBUG org.sokybot.pk2.Pk2CryptoUtils - File mall_clown_avatawindow.ddj is not encrypted , flags not exists
07:15:16.929 [main] INFO org.soky.sro.pk2.io.Pk2IOTest - Consuming 813396 byte(s) from file mall_clown_avatawindow.ddj with size 813396 
07:15:16.929 [main] DEBUG org.sokybot.pk2.Pk2CryptoUtils - File mall_coicebutton_focus.ddj is not encrypted , flags not exists
07:15:16.930 [main] INFO org.soky.sro.pk2.io.Pk2IOTest - Consuming 9748 byte(s) from file mall_coicebutton_focus.ddj with size 9748 
07:15:16.930 [main] DEBUG org.sokybot.pk2.Pk2CryptoUtils - File mall_coicebutton_press.ddj is not encrypted , flags not exists
07:15:16.930 [main] INFO org.soky.sro.pk2.io.Pk2IOTest - Consuming 9748 byte(s) from file mall_coicebutton_press.ddj with size 9748 
07:15:16.930 [main] DEBUG org.sokybot.pk2.Pk2CryptoUtils - File mall_coice_button.ddj is not encrypted , flags not exists
07:15:16.930 [main] INFO org.soky.sro.pk2.io.Pk2IOTest - Consuming 9748 byte(s) from file mall_coice_button.ddj with size 9748 
07:15:16.930 [main] DEBUG org.sokybot.pk2.Pk2CryptoUtils - File mall_coice_button_disable.ddj is not encrypted , flags not exists
07:15:16.930 [main] INFO org.soky.sro.pk2.io.Pk2IOTest - Consuming 9748 byte(s) from file mall_coice_button_disable.ddj with size 9748 
07:15:16.930 [main] DEBUG org.sokybot.pk2.Pk2CryptoUtils - File mall_coice_button_focus.ddj is not encrypted , flags not exists
07:15:16.930 [main] INFO org.soky.sro.pk2.io.Pk2IOTest - Consuming 9748 byte(s) from file mall_coice_button_focus.ddj with size 9748 
07:15:16.931 [main] DEBUG org.sokybot.pk2.Pk2CryptoUtils - File mall_coice_button_press.ddj is not encrypted , flags not exists
07:15:16.931 [main] INFO org.soky.sro.pk2.io.Pk2IOTest - Consuming 9748 byte(s) from file mall_coice_button_press.ddj with size 9748 
07:15:16.931 [main] DEBUG org.sokybot.pk2.Pk2CryptoUtils - File mall_darkknight_avatawindow.ddj is not encrypted , flags not exists
07:15:16.939 [main] INFO org.soky.sro.pk2.io.Pk2IOTest - Consuming 813396 byte(s) from file mall_darkknight_avatawindow.ddj with size 813396 
07:15:16.939 [main] DEBUG org.sokybot.pk2.Pk2CryptoUtils - File mall_devil_avatawindow.ddj is not encrypted , flags not exists
07:15:16.947 [main] INFO org.soky.sro.pk2.io.Pk2IOTest - Consuming 813396 byte(s) from file mall_devil_avatawindow.ddj with size 813396 
07:15:16.947 [main] DEBUG org.sokybot.pk2.Pk2CryptoUtils - File mall_eu_wedding_avatawindow.ddj is not encrypted , flags not exists
07:15:16.956 [main] INFO org.soky.sro.pk2.io.Pk2IOTest - Consuming 813396 byte(s) from file mall_eu_wedding_avatawindow.ddj with size 813396 
07:15:16.956 [main] DEBUG org.sokybot.pk2.Pk2CryptoUtils - File mall_event_icon.ddj is not encrypted , flags not exists
07:15:16.956 [main] INFO org.soky.sro.pk2.io.Pk2IOTest - Consuming 1748 byte(s) from file mall_event_icon.ddj with size 1748 
07:15:16.956 [main] DEBUG org.sokybot.pk2.Pk2CryptoUtils - File mall_event_icon_disable.ddj is not encrypted , flags not exists
07:15:16.956 [main] INFO org.soky.sro.pk2.io.Pk2IOTest - Consuming 1748 byte(s) from file mall_event_icon_disable.ddj with size 1748 
07:15:16.956 [main] DEBUG org.sokybot.pk2.Pk2CryptoUtils - File mall_fairy_avatawindow.ddj is not encrypted , flags not exists
07:15:16.964 [main] INFO org.soky.sro.pk2.io.Pk2IOTest - Consuming 813396 byte(s) from file mall_fairy_avatawindow.ddj with size 813396 
07:15:16.964 [main] DEBUG org.sokybot.pk2.Pk2CryptoUtils - File mall_find_wnd.ddj is not encrypted , flags not exists
07:15:16.965 [main] INFO org.soky.sro.pk2.io.Pk2IOTest - Consuming 32020 byte(s) from file mall_find_wnd.ddj with size 32020 
07:15:16.965 [main] DEBUG org.sokybot.pk2.Pk2CryptoUtils - File mall_fur_avatawindow.ddj is not encrypted , flags not exists
07:15:16.973 [main] INFO org.soky.sro.pk2.io.Pk2IOTest - Consuming 813396 byte(s) from file mall_fur_avatawindow.ddj with size 813396 
07:15:16.973 [main] DEBUG org.sokybot.pk2.Pk2CryptoUtils - File mall_icon_frame.ddj is not encrypted , flags not exists
07:15:16.973 [main] INFO org.soky.sro.pk2.io.Pk2IOTest - Consuming 10964 byte(s) from file mall_icon_frame.ddj with size 10964 
07:15:16.973 [main] DEBUG org.sokybot.pk2.Pk2CryptoUtils - File mall_icon_limited.ddj is not encrypted , flags not exists
07:15:16.973 [main] INFO org.soky.sro.pk2.io.Pk2IOTest - Consuming 724 byte(s) from file mall_icon_limited.ddj with size 724 
07:15:16.974 [main] DEBUG org.sokybot.pk2.Pk2CryptoUtils - File mall_icon_new.ddj is not encrypted , flags not exists
07:15:16.974 [main] INFO org.soky.sro.pk2.io.Pk2IOTest - Consuming 724 byte(s) from file mall_icon_new.ddj with size 724 
07:15:16.974 [main] DEBUG org.sokybot.pk2.Pk2CryptoUtils - File mall_icon_popular.ddj is not encrypted , flags not exists
07:15:16.974 [main] INFO org.soky.sro.pk2.io.Pk2IOTest - Consuming 724 byte(s) from file mall_icon_popular.ddj with size 724 
07:15:16.974 [main] DEBUG org.sokybot.pk2.Pk2CryptoUtils - File mall_icon_sale.ddj is not encrypted , flags not exists
07:15:16.974 [main] INFO org.soky.sro.pk2.io.Pk2IOTest - Consuming 724 byte(s) from file mall_icon_sale.ddj with size 724 
07:15:16.974 [main] DEBUG org.sokybot.pk2.Pk2CryptoUtils - File mall_item_sub_button.ddj is not encrypted , flags not exists
07:15:16.974 [main] INFO org.soky.sro.pk2.io.Pk2IOTest - Consuming 9108 byte(s) from file mall_item_sub_button.ddj with size 9108 
07:15:16.974 [main] DEBUG org.sokybot.pk2.Pk2CryptoUtils - File mall_item_sub_button_disable.ddj is not encrypted , flags not exists
07:15:16.974 [main] INFO org.soky.sro.pk2.io.Pk2IOTest - Consuming 9108 byte(s) from file mall_item_sub_button_disable.ddj with size 9108 
07:15:16.974 [main] DEBUG org.sokybot.pk2.Pk2CryptoUtils - File mall_item_sub_button_focus.ddj is not encrypted , flags not exists
07:15:16.974 [main] INFO org.soky.sro.pk2.io.Pk2IOTest - Consuming 9108 byte(s) from file mall_item_sub_button_focus.ddj with size 9108 
07:15:16.975 [main] DEBUG org.sokybot.pk2.Pk2CryptoUtils - File mall_item_sub_button_press.ddj is not encrypted , flags not exists
07:15:16.975 [main] INFO org.soky.sro.pk2.io.Pk2IOTest - Consuming 9108 byte(s) from file mall_item_sub_button_press.ddj with size 9108 
07:15:16.975 [main] DEBUG org.sokybot.pk2.Pk2CryptoUtils - File mall_item_tab.ddj is not encrypted , flags not exists
07:15:16.975 [main] INFO org.soky.sro.pk2.io.Pk2IOTest - Consuming 14996 byte(s) from file mall_item_tab.ddj with size 14996 
07:15:16.975 [main] DEBUG org.sokybot.pk2.Pk2CryptoUtils - File mall_item_tab_disable.ddj is not encrypted , flags not exists
07:15:16.975 [main] INFO org.soky.sro.pk2.io.Pk2IOTest - Consuming 14996 byte(s) from file mall_item_tab_disable.ddj with size 14996 
07:15:16.975 [main] DEBUG org.sokybot.pk2.Pk2CryptoUtils - File mall_item_tab_off.ddj is not encrypted , flags not exists
07:15:16.976 [main] INFO org.soky.sro.pk2.io.Pk2IOTest - Consuming 14996 byte(s) from file mall_item_tab_off.ddj with size 14996 
07:15:16.976 [main] DEBUG org.sokybot.pk2.Pk2CryptoUtils - File mall_item_tab_on.ddj is not encrypted , flags not exists
07:15:16.976 [main] INFO org.soky.sro.pk2.io.Pk2IOTest - Consuming 14996 byte(s) from file mall_item_tab_on.ddj with size 14996 
07:15:16.976 [main] DEBUG org.sokybot.pk2.Pk2CryptoUtils - File mall_item_wnd.ddj is not encrypted , flags not exists
07:15:16.977 [main] INFO org.soky.sro.pk2.io.Pk2IOTest - Consuming 67348 byte(s) from file mall_item_wnd.ddj with size 67348 
07:15:16.977 [main] DEBUG org.sokybot.pk2.Pk2CryptoUtils - File mall_item_wnd_focus.ddj is not encrypted , flags not exists
07:15:16.977 [main] INFO org.soky.sro.pk2.io.Pk2IOTest - Consuming 67348 byte(s) from file mall_item_wnd_focus.ddj with size 67348 
07:15:16.978 [main] DEBUG org.sokybot.pk2.Pk2CryptoUtils - File mall_longbutton.ddj is not encrypted , flags not exists
07:15:16.978 [main] INFO org.soky.sro.pk2.io.Pk2IOTest - Consuming 10900 byte(s) from file mall_longbutton.ddj with size 10900 
07:15:16.978 [main] DEBUG org.sokybot.pk2.Pk2CryptoUtils - File mall_longbutton_focus.ddj is not encrypted , flags not exists
07:15:16.978 [main] INFO org.soky.sro.pk2.io.Pk2IOTest - Consuming 10900 byte(s) from file mall_longbutton_focus.ddj with size 10900 
07:15:16.978 [main] DEBUG org.sokybot.pk2.Pk2CryptoUtils - File mall_longbutton_press.ddj is not encrypted , flags not exists
07:15:16.978 [main] INFO org.soky.sro.pk2.io.Pk2IOTest - Consuming 10900 byte(s) from file mall_longbutton_press.ddj with size 10900 
07:15:16.978 [main] DEBUG org.sokybot.pk2.Pk2CryptoUtils - File mall_mainpage.ddj is not encrypted , flags not exists
07:15:16.978 [main] INFO org.soky.sro.pk2.io.Pk2IOTest - Consuming 13588 byte(s) from file mall_mainpage.ddj with size 13588 
07:15:16.978 [main] DEBUG org.sokybot.pk2.Pk2CryptoUtils - File mall_mainpage_focus.ddj is not encrypted , flags not exists
07:15:16.979 [main] INFO org.soky.sro.pk2.io.Pk2IOTest - Consuming 13588 byte(s) from file mall_mainpage_focus.ddj with size 13588 
07:15:16.979 [main] DEBUG org.sokybot.pk2.Pk2CryptoUtils - File mall_mainpage_press.ddj is not encrypted , flags not exists
07:15:16.979 [main] INFO org.soky.sro.pk2.io.Pk2IOTest - Consuming 13588 byte(s) from file mall_mainpage_press.ddj with size 13588 
07:15:16.979 [main] DEBUG org.sokybot.pk2.Pk2CryptoUtils - File mall_menu_bar.ddj is not encrypted , flags not exists
07:15:16.979 [main] INFO org.soky.sro.pk2.io.Pk2IOTest - Consuming 33748 byte(s) from file mall_menu_bar.ddj with size 33748 
07:15:16.979 [main] DEBUG org.sokybot.pk2.Pk2CryptoUtils - File mall_newhalloween_avatawindow.ddj is not encrypted , flags not exists
07:15:16.988 [main] INFO org.soky.sro.pk2.io.Pk2IOTest - Consuming 813396 byte(s) from file mall_newhalloween_avatawindow.ddj with size 813396 
07:15:16.988 [main] DEBUG org.sokybot.pk2.Pk2CryptoUtils - File mall_point_button.ddj is not encrypted , flags not exists
07:15:16.988 [main] INFO org.soky.sro.pk2.io.Pk2IOTest - Consuming 1748 byte(s) from file mall_point_button.ddj with size 1748 
07:15:16.988 [main] DEBUG org.sokybot.pk2.Pk2CryptoUtils - File mall_point_button_focus.ddj is not encrypted , flags not exists
07:15:16.988 [main] INFO org.soky.sro.pk2.io.Pk2IOTest - Consuming 1748 byte(s) from file mall_point_button_focus.ddj with size 1748 
07:15:16.988 [main] DEBUG org.sokybot.pk2.Pk2CryptoUtils - File mall_point_button_press.ddj is not encrypted , flags not exists
07:15:16.988 [main] INFO org.soky.sro.pk2.io.Pk2IOTest - Consuming 1748 byte(s) from file mall_point_button_press.ddj with size 1748 
07:15:16.988 [main] DEBUG org.sokybot.pk2.Pk2CryptoUtils - File mall_scroll_bar.ddj is not encrypted , flags not exists
07:15:16.988 [main] INFO org.soky.sro.pk2.io.Pk2IOTest - Consuming 1492 byte(s) from file mall_scroll_bar.ddj with size 1492 
07:15:16.988 [main] DEBUG org.sokybot.pk2.Pk2CryptoUtils - File mall_scroll_bar_focus.ddj is not encrypted , flags not exists
07:15:16.988 [main] INFO org.soky.sro.pk2.io.Pk2IOTest - Consuming 1492 byte(s) from file mall_scroll_bar_focus.ddj with size 1492 
07:15:16.989 [main] DEBUG org.sokybot.pk2.Pk2CryptoUtils - File mall_scroll_bar_press.ddj is not encrypted , flags not exists
07:15:16.989 [main] INFO org.soky.sro.pk2.io.Pk2IOTest - Consuming 1492 byte(s) from file mall_scroll_bar_press.ddj with size 1492 
07:15:16.989 [main] DEBUG org.sokybot.pk2.Pk2CryptoUtils - File mall_scroll_down.ddj is not encrypted , flags not exists
07:15:16.989 [main] INFO org.soky.sro.pk2.io.Pk2IOTest - Consuming 1428 byte(s) from file mall_scroll_down.ddj with size 1428 
07:15:16.989 [main] DEBUG org.sokybot.pk2.Pk2CryptoUtils - File mall_scroll_down_focus.ddj is not encrypted , flags not exists
07:15:16.989 [main] INFO org.soky.sro.pk2.io.Pk2IOTest - Consuming 1428 byte(s) from file mall_scroll_down_focus.ddj with size 1428 
07:15:16.989 [main] DEBUG org.sokybot.pk2.Pk2CryptoUtils - File mall_scroll_down_press.ddj is not encrypted , flags not exists
07:15:16.989 [main] INFO org.soky.sro.pk2.io.Pk2IOTest - Consuming 1428 byte(s) from file mall_scroll_down_press.ddj with size 1428 
07:15:16.989 [main] DEBUG org.sokybot.pk2.Pk2CryptoUtils - File mall_scroll_up.ddj is not encrypted , flags not exists
07:15:16.989 [main] INFO org.soky.sro.pk2.io.Pk2IOTest - Consuming 1428 byte(s) from file mall_scroll_up.ddj with size 1428 
07:15:16.989 [main] DEBUG org.sokybot.pk2.Pk2CryptoUtils - File mall_scroll_up_focus.ddj is not encrypted , flags not exists
07:15:16.989 [main] INFO org.soky.sro.pk2.io.Pk2IOTest - Consuming 1428 byte(s) from file mall_scroll_up_focus.ddj with size 1428 
07:15:16.989 [main] DEBUG org.sokybot.pk2.Pk2CryptoUtils - File mall_scroll_up_press.ddj is not encrypted , flags not exists
07:15:16.989 [main] INFO org.soky.sro.pk2.io.Pk2IOTest - Consuming 1428 byte(s) from file mall_scroll_up_press.ddj with size 1428 
07:15:16.989 [main] DEBUG org.sokybot.pk2.Pk2CryptoUtils - File mall_shogun_avatwindow.ddj is not encrypted , flags not exists
07:15:16.998 [main] INFO org.soky.sro.pk2.io.Pk2IOTest - Consuming 813396 byte(s) from file mall_shogun_avatwindow.ddj with size 813396 
07:15:16.998 [main] DEBUG org.sokybot.pk2.Pk2CryptoUtils - File mall_silk_icon.ddj is not encrypted , flags not exists
07:15:16.998 [main] INFO org.soky.sro.pk2.io.Pk2IOTest - Consuming 932 byte(s) from file mall_silk_icon.ddj with size 932 
07:15:16.998 [main] DEBUG org.sokybot.pk2.Pk2CryptoUtils - File mall_sparta_avatawindow.ddj is not encrypted , flags not exists
07:15:17.007 [main] INFO org.soky.sro.pk2.io.Pk2IOTest - Consuming 813396 byte(s) from file mall_sparta_avatawindow.ddj with size 813396 
07:15:17.007 [main] DEBUG org.sokybot.pk2.Pk2CryptoUtils - File mall_sub_box.ddj is not encrypted , flags not exists
07:15:17.009 [main] INFO org.soky.sro.pk2.io.Pk2IOTest - Consuming 196884 byte(s) from file mall_sub_box.ddj with size 196884 
07:15:17.009 [main] DEBUG org.sokybot.pk2.Pk2CryptoUtils - File mall_sub_frame.ddj is not encrypted , flags not exists
07:15:17.012 [main] INFO org.soky.sro.pk2.io.Pk2IOTest - Consuming 210708 byte(s) from file mall_sub_frame.ddj with size 210708 
07:15:17.012 [main] DEBUG org.sokybot.pk2.Pk2CryptoUtils - File mall_sub_tab_off.ddj is not encrypted , flags not exists
07:15:17.012 [main] INFO org.soky.sro.pk2.io.Pk2IOTest - Consuming 9364 byte(s) from file mall_sub_tab_off.ddj with size 9364 
07:15:17.012 [main] DEBUG org.sokybot.pk2.Pk2CryptoUtils - File mall_sub_tab_on.ddj is not encrypted , flags not exists
07:15:17.012 [main] INFO org.soky.sro.pk2.io.Pk2IOTest - Consuming 9364 byte(s) from file mall_sub_tab_on.ddj with size 9364 
07:15:17.012 [main] DEBUG org.sokybot.pk2.Pk2CryptoUtils - File mall_summerevent_avatawindow.ddj is not encrypted , flags not exists
07:15:17.020 [main] INFO org.soky.sro.pk2.io.Pk2IOTest - Consuming 813396 byte(s) from file mall_summerevent_avatawindow.ddj with size 813396 
07:15:17.020 [main] DEBUG org.sokybot.pk2.Pk2CryptoUtils - File mall_turkey_avatawindow.ddj is not encrypted , flags not exists
07:15:17.030 [main] INFO org.soky.sro.pk2.io.Pk2IOTest - Consuming 813396 byte(s) from file mall_turkey_avatawindow.ddj with size 813396 
07:15:17.030 [main] DEBUG org.sokybot.pk2.Pk2CryptoUtils - File mall_vip_icon.ddj is not encrypted , flags not exists
07:15:17.030 [main] INFO org.soky.sro.pk2.io.Pk2IOTest - Consuming 1748 byte(s) from file mall_vip_icon.ddj with size 1748 
07:15:17.030 [main] DEBUG org.sokybot.pk2.Pk2CryptoUtils - File mall_vip_icon_disable.ddj is not encrypted , flags not exists
07:15:17.030 [main] INFO org.soky.sro.pk2.io.Pk2IOTest - Consuming 1748 byte(s) from file mall_vip_icon_disable.ddj with size 1748 
07:15:17.030 [main] DEBUG org.sokybot.pk2.Pk2CryptoUtils - File mall_hwarang_avatawindow.ddj is not encrypted , flags not exists
07:15:17.038 [main] INFO org.soky.sro.pk2.io.Pk2IOTest - Consuming 813396 byte(s) from file mall_hwarang_avatawindow.ddj with size 813396 
07:15:17.038 [main] DEBUG org.sokybot.pk2.Pk2CryptoUtils - File mall_newdevil_avatawindow.ddj is not encrypted , flags not exists
07:15:17.047 [main] INFO org.soky.sro.pk2.io.Pk2IOTest - Consuming 813396 byte(s) from file mall_newdevil_avatawindow.ddj with size 813396 
07:15:17.047 [main] DEBUG org.sokybot.pk2.Pk2CryptoUtils - File mall_btn_premium.ddj is not encrypted , flags not exists
07:15:17.047 [main] INFO org.soky.sro.pk2.io.Pk2IOTest - Consuming 25492 byte(s) from file mall_btn_premium.ddj with size 25492 
07:15:17.047 [main] DEBUG org.sokybot.pk2.Pk2CryptoUtils - File mall_btn_premium_disable.ddj is not encrypted , flags not exists
07:15:17.047 [main] INFO org.soky.sro.pk2.io.Pk2IOTest - Consuming 25492 byte(s) from file mall_btn_premium_disable.ddj with size 25492 
07:15:17.047 [main] DEBUG org.sokybot.pk2.Pk2CryptoUtils - File mall_btn_premium_focus.ddj is not encrypted , flags not exists
07:15:17.048 [main] INFO org.soky.sro.pk2.io.Pk2IOTest - Consuming 25492 byte(s) from file mall_btn_premium_focus.ddj with size 25492 
07:15:17.048 [main] DEBUG org.sokybot.pk2.Pk2CryptoUtils - File mall_btn_premium_press.ddj is not encrypted , flags not exists
07:15:17.048 [main] INFO org.soky.sro.pk2.io.Pk2IOTest - Consuming 25492 byte(s) from file mall_btn_premium_press.ddj with size 25492 
07:15:17.048 [main] DEBUG org.sokybot.pk2.Pk2CryptoUtils - File mall_btn_silk.ddj is not encrypted , flags not exists
07:15:17.049 [main] INFO org.soky.sro.pk2.io.Pk2IOTest - Consuming 25492 byte(s) from file mall_btn_silk.ddj with size 25492 
07:15:17.049 [main] DEBUG org.sokybot.pk2.Pk2CryptoUtils - File mall_btn_silk_disable.ddj is not encrypted , flags not exists
07:15:17.049 [main] INFO org.soky.sro.pk2.io.Pk2IOTest - Consuming 25492 byte(s) from file mall_btn_silk_disable.ddj with size 25492 
07:15:17.049 [main] DEBUG org.sokybot.pk2.Pk2CryptoUtils - File mall_btn_silk_focus.ddj is not encrypted , flags not exists
07:15:17.049 [main] INFO org.soky.sro.pk2.io.Pk2IOTest - Consuming 25492 byte(s) from file mall_btn_silk_focus.ddj with size 25492 
07:15:17.049 [main] DEBUG org.sokybot.pk2.Pk2CryptoUtils - File mall_btn_silk_press.ddj is not encrypted , flags not exists
07:15:17.050 [main] INFO org.soky.sro.pk2.io.Pk2IOTest - Consuming 25492 byte(s) from file mall_btn_silk_press.ddj with size 25492 
07:15:17.050 [main] DEBUG org.sokybot.pk2.Pk2CryptoUtils - File mall_comfim_frame.ddj is not encrypted , flags not exists
07:15:17.054 [main] INFO org.soky.sro.pk2.io.Pk2IOTest - Consuming 403348 byte(s) from file mall_comfim_frame.ddj with size 403348 
07:15:17.054 [main] DEBUG org.sokybot.pk2.Pk2CryptoUtils - File mall_iconbox_premium.ddj is not encrypted , flags not exists
07:15:17.054 [main] INFO org.soky.sro.pk2.io.Pk2IOTest - Consuming 8248 byte(s) from file mall_iconbox_premium.ddj with size 8248 
07:15:17.055 [main] DEBUG org.sokybot.pk2.Pk2CryptoUtils - File mall_itemmall_box.ddj is not encrypted , flags not exists
07:15:17.055 [main] INFO org.soky.sro.pk2.io.Pk2IOTest - Consuming 18580 byte(s) from file mall_itemmall_box.ddj with size 18580 
07:15:17.055 [main] DEBUG org.sokybot.pk2.Pk2CryptoUtils - File mall_itemmall_button.ddj is not encrypted , flags not exists
07:15:17.055 [main] INFO org.soky.sro.pk2.io.Pk2IOTest - Consuming 18580 byte(s) from file mall_itemmall_button.ddj with size 18580 
07:15:17.055 [main] DEBUG org.sokybot.pk2.Pk2CryptoUtils - File mall_itemmall_button_focus.ddj is not encrypted , flags not exists
07:15:17.056 [main] INFO org.soky.sro.pk2.io.Pk2IOTest - Consuming 18580 byte(s) from file mall_itemmall_button_focus.ddj with size 18580 
07:15:17.056 [main] DEBUG org.sokybot.pk2.Pk2CryptoUtils - File mall_itemmall_button_press.ddj is not encrypted , flags not exists
07:15:17.056 [main] INFO org.soky.sro.pk2.io.Pk2IOTest - Consuming 18580 byte(s) from file mall_itemmall_button_press.ddj with size 18580 
07:15:17.056 [main] DEBUG org.sokybot.pk2.Pk2CryptoUtils - File mall_preview.ddj is not encrypted , flags not exists
07:15:17.070 [main] INFO org.soky.sro.pk2.io.Pk2IOTest - Consuming 1423820 byte(s) from file mall_preview.ddj with size 1423820 
07:15:17.070 [main] DEBUG org.sokybot.pk2.Pk2CryptoUtils - File mall_preview_button.ddj is not encrypted , flags not exists
07:15:17.071 [main] INFO org.soky.sro.pk2.io.Pk2IOTest - Consuming 18580 byte(s) from file mall_preview_button.ddj with size 18580 
07:15:17.071 [main] DEBUG org.sokybot.pk2.Pk2CryptoUtils - File mall_preview_button_focus.ddj is not encrypted , flags not exists
07:15:17.071 [main] INFO org.soky.sro.pk2.io.Pk2IOTest - Consuming 18580 byte(s) from file mall_preview_button_focus.ddj with size 18580 
07:15:17.071 [main] DEBUG org.sokybot.pk2.Pk2CryptoUtils - File mall_preview_button_press.ddj is not encrypted , flags not exists
07:15:17.071 [main] INFO org.soky.sro.pk2.io.Pk2IOTest - Consuming 18580 byte(s) from file mall_preview_button_press.ddj with size 18580 
07:15:17.071 [main] DEBUG org.sokybot.pk2.Pk2CryptoUtils - File mall_pre_0_button.ddj is not encrypted , flags not exists
07:15:17.071 [main] INFO org.soky.sro.pk2.io.Pk2IOTest - Consuming 5696 byte(s) from file mall_pre_0_button.ddj with size 5696 
07:15:17.072 [main] DEBUG org.sokybot.pk2.Pk2CryptoUtils - File mall_pre_0_button_disable.ddj is not encrypted , flags not exists
07:15:17.072 [main] INFO org.soky.sro.pk2.io.Pk2IOTest - Consuming 5696 byte(s) from file mall_pre_0_button_disable.ddj with size 5696 
07:15:17.072 [main] DEBUG org.sokybot.pk2.Pk2CryptoUtils - File mall_pre_0_button_focus.ddj is not encrypted , flags not exists
07:15:17.072 [main] INFO org.soky.sro.pk2.io.Pk2IOTest - Consuming 5696 byte(s) from file mall_pre_0_button_focus.ddj with size 5696 
07:15:17.072 [main] DEBUG org.sokybot.pk2.Pk2CryptoUtils - File mall_pre_0_button_press.ddj is not encrypted , flags not exists
07:15:17.072 [main] INFO org.soky.sro.pk2.io.Pk2IOTest - Consuming 5696 byte(s) from file mall_pre_0_button_press.ddj with size 5696 
07:15:17.072 [main] DEBUG org.sokybot.pk2.Pk2CryptoUtils - File mall_pre_av_button.ddj is not encrypted , flags not exists
07:15:17.072 [main] INFO org.soky.sro.pk2.io.Pk2IOTest - Consuming 5696 byte(s) from file mall_pre_av_button.ddj with size 5696 
07:15:17.073 [main] DEBUG org.sokybot.pk2.Pk2CryptoUtils - File mall_pre_av_button_disable.ddj is not encrypted , flags not exists
07:15:17.073 [main] INFO org.soky.sro.pk2.io.Pk2IOTest - Consuming 5696 byte(s) from file mall_pre_av_button_disable.ddj with size 5696 
07:15:17.073 [main] DEBUG org.sokybot.pk2.Pk2CryptoUtils - File mall_pre_av_button_focus.ddj is not encrypted , flags not exists
07:15:17.073 [main] INFO org.soky.sro.pk2.io.Pk2IOTest - Consuming 5696 byte(s) from file mall_pre_av_button_focus.ddj with size 5696 
07:15:17.073 [main] DEBUG org.sokybot.pk2.Pk2CryptoUtils - File mall_pre_av_button_press.ddj is not encrypted , flags not exists
07:15:17.073 [main] INFO org.soky.sro.pk2.io.Pk2IOTest - Consuming 5696 byte(s) from file mall_pre_av_button_press.ddj with size 5696 
07:15:17.073 [main] DEBUG org.sokybot.pk2.Pk2CryptoUtils - File mall_pre_big_button.ddj is not encrypted , flags not exists
07:15:17.073 [main] INFO org.soky.sro.pk2.io.Pk2IOTest - Consuming 14484 byte(s) from file mall_pre_big_button.ddj with size 14484 
07:15:17.073 [main] DEBUG org.sokybot.pk2.Pk2CryptoUtils - File mall_pre_big_button_disable.ddj is not encrypted , flags not exists
07:15:17.074 [main] INFO org.soky.sro.pk2.io.Pk2IOTest - Consuming 14484 byte(s) from file mall_pre_big_button_disable.ddj with size 14484 
07:15:17.074 [main] DEBUG org.sokybot.pk2.Pk2CryptoUtils - File mall_pre_big_button_focus.ddj is not encrypted , flags not exists
07:15:17.074 [main] INFO org.soky.sro.pk2.io.Pk2IOTest - Consuming 14484 byte(s) from file mall_pre_big_button_focus.ddj with size 14484 
07:15:17.074 [main] DEBUG org.sokybot.pk2.Pk2CryptoUtils - File mall_pre_big_button_press.ddj is not encrypted , flags not exists
07:15:17.074 [main] INFO org.soky.sro.pk2.io.Pk2IOTest - Consuming 14484 byte(s) from file mall_pre_big_button_press.ddj with size 14484 
07:15:17.074 [main] DEBUG org.sokybot.pk2.Pk2CryptoUtils - File mall_pre_button.ddj is not encrypted , flags not exists
07:15:17.074 [main] INFO org.soky.sro.pk2.io.Pk2IOTest - Consuming 5696 byte(s) from file mall_pre_button.ddj with size 5696 
07:15:17.074 [main] DEBUG org.sokybot.pk2.Pk2CryptoUtils - File mall_pre_button_disable.ddj is not encrypted , flags not exists
07:15:17.074 [main] INFO org.soky.sro.pk2.io.Pk2IOTest - Consuming 5696 byte(s) from file mall_pre_button_disable.ddj with size 5696 
07:15:17.075 [main] DEBUG org.sokybot.pk2.Pk2CryptoUtils - File mall_pre_button_focus.ddj is not encrypted , flags not exists
07:15:17.075 [main] INFO org.soky.sro.pk2.io.Pk2IOTest - Consuming 5696 byte(s) from file mall_pre_button_focus.ddj with size 5696 
07:15:17.075 [main] DEBUG org.sokybot.pk2.Pk2CryptoUtils - File mall_pre_button_press.ddj is not encrypted , flags not exists
07:15:17.075 [main] INFO org.soky.sro.pk2.io.Pk2IOTest - Consuming 5696 byte(s) from file mall_pre_button_press.ddj with size 5696 
07:15:17.075 [main] DEBUG org.sokybot.pk2.Pk2CryptoUtils - File mall_pre_characterview.ddj is not encrypted , flags not exists
07:15:17.075 [main] INFO org.soky.sro.pk2.io.Pk2IOTest - Consuming 47188 byte(s) from file mall_pre_characterview.ddj with size 47188 
07:15:17.075 [main] DEBUG org.sokybot.pk2.Pk2CryptoUtils - File mall_pre_close_button.ddj is not encrypted , flags not exists
07:15:17.076 [main] INFO org.soky.sro.pk2.io.Pk2IOTest - Consuming 1748 byte(s) from file mall_pre_close_button.ddj with size 1748 
07:15:17.076 [main] DEBUG org.sokybot.pk2.Pk2CryptoUtils - File mall_pre_close_button_disable.ddj is not encrypted , flags not exists
07:15:17.076 [main] INFO org.soky.sro.pk2.io.Pk2IOTest - Consuming 1748 byte(s) from file mall_pre_close_button_disable.ddj with size 1748 
07:15:17.076 [main] DEBUG org.sokybot.pk2.Pk2CryptoUtils - File mall_pre_close_button_focus.ddj is not encrypted , flags not exists
07:15:17.076 [main] INFO org.soky.sro.pk2.io.Pk2IOTest - Consuming 1748 byte(s) from file mall_pre_close_button_focus.ddj with size 1748 
07:15:17.076 [main] DEBUG org.sokybot.pk2.Pk2CryptoUtils - File mall_pre_close_button_press.ddj is not encrypted , flags not exists
07:15:17.076 [main] INFO org.soky.sro.pk2.io.Pk2IOTest - Consuming 1748 byte(s) from file mall_pre_close_button_press.ddj with size 1748 
07:15:17.076 [main] DEBUG org.sokybot.pk2.Pk2CryptoUtils - File mall_pre_left_button.ddj is not encrypted , flags not exists
07:15:17.076 [main] INFO org.soky.sro.pk2.io.Pk2IOTest - Consuming 2164 byte(s) from file mall_pre_left_button.ddj with size 2164 
07:15:17.076 [main] DEBUG org.sokybot.pk2.Pk2CryptoUtils - File mall_pre_left_button_disable.ddj is not encrypted , flags not exists
07:15:17.076 [main] INFO org.soky.sro.pk2.io.Pk2IOTest - Consuming 2164 byte(s) from file mall_pre_left_button_disable.ddj with size 2164 
07:15:17.076 [main] DEBUG org.sokybot.pk2.Pk2CryptoUtils - File mall_pre_left_button_focus.ddj is not encrypted , flags not exists
07:15:17.076 [main] INFO org.soky.sro.pk2.io.Pk2IOTest - Consuming 2164 byte(s) from file mall_pre_left_button_focus.ddj with size 2164 
07:15:17.077 [main] DEBUG org.sokybot.pk2.Pk2CryptoUtils - File mall_pre_left_button_press.ddj is not encrypted , flags not exists
07:15:17.077 [main] INFO org.soky.sro.pk2.io.Pk2IOTest - Consuming 2164 byte(s) from file mall_pre_left_button_press.ddj with size 2164 
07:15:17.077 [main] DEBUG org.sokybot.pk2.Pk2CryptoUtils - File mall_pre_lef_buttont_press.ddj is not encrypted , flags not exists
07:15:17.077 [main] INFO org.soky.sro.pk2.io.Pk2IOTest - Consuming 2164 byte(s) from file mall_pre_lef_buttont_press.ddj with size 2164 
07:15:17.077 [main] DEBUG org.sokybot.pk2.Pk2CryptoUtils - File mall_pre_mini_button.ddj is not encrypted , flags not exists
07:15:17.077 [main] INFO org.soky.sro.pk2.io.Pk2IOTest - Consuming 4860 byte(s) from file mall_pre_mini_button.ddj with size 4860 
07:15:17.077 [main] DEBUG org.sokybot.pk2.Pk2CryptoUtils - File mall_pre_mini_button_disable.ddj is not encrypted , flags not exists
07:15:17.077 [main] INFO org.soky.sro.pk2.io.Pk2IOTest - Consuming 4860 byte(s) from file mall_pre_mini_button_disable.ddj with size 4860 
07:15:17.077 [main] DEBUG org.sokybot.pk2.Pk2CryptoUtils - File mall_pre_mini_button_focus.ddj is not encrypted , flags not exists
07:15:17.077 [main] INFO org.soky.sro.pk2.io.Pk2IOTest - Consuming 4860 byte(s) from file mall_pre_mini_button_focus.ddj with size 4860 
07:15:17.077 [main] DEBUG org.sokybot.pk2.Pk2CryptoUtils - File mall_pre_mini_button_press.ddj is not encrypted , flags not exists
07:15:17.077 [main] INFO org.soky.sro.pk2.io.Pk2IOTest - Consuming 4860 byte(s) from file mall_pre_mini_button_press.ddj with size 4860 
07:15:17.077 [main] DEBUG org.sokybot.pk2.Pk2CryptoUtils - File mall_pre_na_button.ddj is not encrypted , flags not exists
07:15:17.078 [main] INFO org.soky.sro.pk2.io.Pk2IOTest - Consuming 5696 byte(s) from file mall_pre_na_button.ddj with size 5696 
07:15:17.078 [main] DEBUG org.sokybot.pk2.Pk2CryptoUtils - File mall_pre_na_button_disable.ddj is not encrypted , flags not exists
07:15:17.078 [main] INFO org.soky.sro.pk2.io.Pk2IOTest - Consuming 5696 byte(s) from file mall_pre_na_button_disable.ddj with size 5696 
07:15:17.078 [main] DEBUG org.sokybot.pk2.Pk2CryptoUtils - File mall_pre_na_button_focus.ddj is not encrypted , flags not exists
07:15:17.078 [main] INFO org.soky.sro.pk2.io.Pk2IOTest - Consuming 5696 byte(s) from file mall_pre_na_button_focus.ddj with size 5696 
07:15:17.078 [main] DEBUG org.sokybot.pk2.Pk2CryptoUtils - File mall_pre_na_button_press.ddj is not encrypted , flags not exists
07:15:17.078 [main] INFO org.soky.sro.pk2.io.Pk2IOTest - Consuming 5696 byte(s) from file mall_pre_na_button_press.ddj with size 5696 
07:15:17.078 [main] DEBUG org.sokybot.pk2.Pk2CryptoUtils - File mall_pre_pet_button.ddj is not encrypted , flags not exists
07:15:17.078 [main] INFO org.soky.sro.pk2.io.Pk2IOTest - Consuming 5696 byte(s) from file mall_pre_pet_button.ddj with size 5696 
07:15:17.078 [main] DEBUG org.sokybot.pk2.Pk2CryptoUtils - File mall_pre_pet_button_disable.ddj is not encrypted , flags not exists
07:15:17.078 [main] INFO org.soky.sro.pk2.io.Pk2IOTest - Consuming 5696 byte(s) from file mall_pre_pet_button_disable.ddj with size 5696 
07:15:17.079 [main] DEBUG org.sokybot.pk2.Pk2CryptoUtils - File mall_pre_pet_button_focus.ddj is not encrypted , flags not exists
07:15:17.079 [main] INFO org.soky.sro.pk2.io.Pk2IOTest - Consuming 5696 byte(s) from file mall_pre_pet_button_focus.ddj with size 5696 
07:15:17.079 [main] DEBUG org.sokybot.pk2.Pk2CryptoUtils - File mall_pre_pet_button_press.ddj is not encrypted , flags not exists
07:15:17.079 [main] INFO org.soky.sro.pk2.io.Pk2IOTest - Consuming 5696 byte(s) from file mall_pre_pet_button_press.ddj with size 5696 
07:15:17.079 [main] DEBUG org.sokybot.pk2.Pk2CryptoUtils - File mall_pre_pm_button.ddj is not encrypted , flags not exists
07:15:17.079 [main] INFO org.soky.sro.pk2.io.Pk2IOTest - Consuming 5696 byte(s) from file mall_pre_pm_button.ddj with size 5696 
07:15:17.079 [main] DEBUG org.sokybot.pk2.Pk2CryptoUtils - File mall_pre_pm_button_disable.ddj is not encrypted , flags not exists
07:15:17.079 [main] INFO org.soky.sro.pk2.io.Pk2IOTest - Consuming 5696 byte(s) from file mall_pre_pm_button_disable.ddj with size 5696 
07:15:17.079 [main] DEBUG org.sokybot.pk2.Pk2CryptoUtils - File mall_pre_pm_button_focus.ddj is not encrypted , flags not exists
07:15:17.079 [main] INFO org.soky.sro.pk2.io.Pk2IOTest - Consuming 5696 byte(s) from file mall_pre_pm_button_focus.ddj with size 5696 
07:15:17.079 [main] DEBUG org.sokybot.pk2.Pk2CryptoUtils - File mall_pre_pm_button_press.ddj is not encrypted , flags not exists
07:15:17.080 [main] INFO org.soky.sro.pk2.io.Pk2IOTest - Consuming 5696 byte(s) from file mall_pre_pm_button_press.ddj with size 5696 
07:15:17.080 [main] DEBUG org.sokybot.pk2.Pk2CryptoUtils - File mall_pre_popup.ddj is not encrypted , flags not exists
07:15:17.080 [main] INFO org.soky.sro.pk2.io.Pk2IOTest - Consuming 62592 byte(s) from file mall_pre_popup.ddj with size 62592 
07:15:17.080 [main] DEBUG org.sokybot.pk2.Pk2CryptoUtils - File mall_pre_premiumsilk_icon.ddj is not encrypted , flags not exists
07:15:17.080 [main] INFO org.soky.sro.pk2.io.Pk2IOTest - Consuming 1048 byte(s) from file mall_pre_premiumsilk_icon.ddj with size 1048 
07:15:17.081 [main] DEBUG org.sokybot.pk2.Pk2CryptoUtils - File mall_pre_right_button.ddj is not encrypted , flags not exists
07:15:17.081 [main] INFO org.soky.sro.pk2.io.Pk2IOTest - Consuming 2164 byte(s) from file mall_pre_right_button.ddj with size 2164 
07:15:17.081 [main] DEBUG org.sokybot.pk2.Pk2CryptoUtils - File mall_pre_right_button_disable.ddj is not encrypted , flags not exists
07:15:17.081 [main] INFO org.soky.sro.pk2.io.Pk2IOTest - Consuming 2164 byte(s) from file mall_pre_right_button_disable.ddj with size 2164 
07:15:17.081 [main] DEBUG org.sokybot.pk2.Pk2CryptoUtils - File mall_pre_right_button_focus.ddj is not encrypted , flags not exists
07:15:17.081 [main] INFO org.soky.sro.pk2.io.Pk2IOTest - Consuming 2164 byte(s) from file mall_pre_right_button_focus.ddj with size 2164 
07:15:17.081 [main] DEBUG org.sokybot.pk2.Pk2CryptoUtils - File mall_pre_right_button_press.ddj is not encrypted , flags not exists
07:15:17.081 [main] INFO org.soky.sro.pk2.io.Pk2IOTest - Consuming 2164 byte(s) from file mall_pre_right_button_press.ddj with size 2164 
07:15:17.081 [main] DEBUG org.sokybot.pk2.Pk2CryptoUtils - File mall_pre_select.ddj is not encrypted , flags not exists
07:15:17.081 [main] INFO org.soky.sro.pk2.io.Pk2IOTest - Consuming 3748 byte(s) from file mall_pre_select.ddj with size 3748 
07:15:17.081 [main] DEBUG org.sokybot.pk2.Pk2CryptoUtils - File mall_pre_silk_icon.ddj is not encrypted , flags not exists
07:15:17.081 [main] INFO org.soky.sro.pk2.io.Pk2IOTest - Consuming 1048 byte(s) from file mall_pre_silk_icon.ddj with size 1048 
07:15:17.081 [main] DEBUG org.sokybot.pk2.Pk2CryptoUtils - File mall_pre_sk_button.ddj is not encrypted , flags not exists
07:15:17.081 [main] INFO org.soky.sro.pk2.io.Pk2IOTest - Consuming 5696 byte(s) from file mall_pre_sk_button.ddj with size 5696 
07:15:17.082 [main] DEBUG org.sokybot.pk2.Pk2CryptoUtils - File mall_pre_sk_button_disable.ddj is not encrypted , flags not exists
07:15:17.082 [main] INFO org.soky.sro.pk2.io.Pk2IOTest - Consuming 5696 byte(s) from file mall_pre_sk_button_disable.ddj with size 5696 
07:15:17.082 [main] DEBUG org.sokybot.pk2.Pk2CryptoUtils - File mall_pre_sk_button_focus.ddj is not encrypted , flags not exists
07:15:17.082 [main] INFO org.soky.sro.pk2.io.Pk2IOTest - Consuming 5696 byte(s) from file mall_pre_sk_button_focus.ddj with size 5696 
07:15:17.082 [main] DEBUG org.sokybot.pk2.Pk2CryptoUtils - File mall_pre_sk_button_press.ddj is not encrypted , flags not exists
07:15:17.082 [main] INFO org.soky.sro.pk2.io.Pk2IOTest - Consuming 5696 byte(s) from file mall_pre_sk_button_press.ddj with size 5696 
07:15:17.082 [main] DEBUG org.sokybot.pk2.Pk2CryptoUtils - File mall_pre_start.ddj is not encrypted , flags not exists
07:15:17.086 [main] INFO org.soky.sro.pk2.io.Pk2IOTest - Consuming 403348 byte(s) from file mall_pre_start.ddj with size 403348 
07:15:17.086 [main] DEBUG org.sokybot.pk2.Pk2CryptoUtils - File mall_webitemmall_box.ddj is not encrypted , flags not exists
07:15:17.087 [main] INFO org.soky.sro.pk2.io.Pk2IOTest - Consuming 21460 byte(s) from file mall_webitemmall_box.ddj with size 21460 
07:15:17.087 [main] DEBUG org.sokybot.pk2.Pk2CryptoUtils - File mall_webitemmall_button.ddj is not encrypted , flags not exists
07:15:17.087 [main] INFO org.soky.sro.pk2.io.Pk2IOTest - Consuming 21460 byte(s) from file mall_webitemmall_button.ddj with size 21460 
07:15:17.087 [main] DEBUG org.sokybot.pk2.Pk2CryptoUtils - File mall_webitemmall_button_focus.ddj is not encrypted , flags not exists
07:15:17.087 [main] INFO org.soky.sro.pk2.io.Pk2IOTest - Consuming 21460 byte(s) from file mall_webitemmall_button_focus.ddj with size 21460 
07:15:17.087 [main] DEBUG org.sokybot.pk2.Pk2CryptoUtils - File mall_webitemmall_button_press.ddj is not encrypted , flags not exists
07:15:17.088 [main] INFO org.soky.sro.pk2.io.Pk2IOTest - Consuming 21460 byte(s) from file mall_webitemmall_button_press.ddj with size 21460 
07:15:17.088 [main] DEBUG org.sokybot.pk2.Pk2CryptoUtils - File mall_web_button.ddj is not encrypted , flags not exists
07:15:17.088 [main] INFO org.soky.sro.pk2.io.Pk2IOTest - Consuming 13588 byte(s) from file mall_web_button.ddj with size 13588 
07:15:17.088 [main] DEBUG org.sokybot.pk2.Pk2CryptoUtils - File mall_web_button_focus.ddj is not encrypted , flags not exists
07:15:17.088 [main] INFO org.soky.sro.pk2.io.Pk2IOTest - Consuming 13588 byte(s) from file mall_web_button_focus.ddj with size 13588 
07:15:17.088 [main] DEBUG org.sokybot.pk2.Pk2CryptoUtils - File mall_web_button_press.ddj is not encrypted , flags not exists
07:15:17.088 [main] INFO org.soky.sro.pk2.io.Pk2IOTest - Consuming 13588 byte(s) from file mall_web_button_press.ddj with size 13588 
07:15:17.089 [main] DEBUG org.sokybot.pk2.Pk2CryptoUtils - File mall_web_close_button.ddj is not encrypted , flags not exists
07:15:17.089 [main] INFO org.soky.sro.pk2.io.Pk2IOTest - Consuming 3732 byte(s) from file mall_web_close_button.ddj with size 3732 
07:15:17.089 [main] DEBUG org.sokybot.pk2.Pk2CryptoUtils - File mall_web_close_button_focus.ddj is not encrypted , flags not exists
07:15:17.089 [main] INFO org.soky.sro.pk2.io.Pk2IOTest - Consuming 3732 byte(s) from file mall_web_close_button_focus.ddj with size 3732 
07:15:17.089 [main] DEBUG org.sokybot.pk2.Pk2CryptoUtils - File mall_web_close_button_press.ddj is not encrypted , flags not exists
07:15:17.089 [main] INFO org.soky.sro.pk2.io.Pk2IOTest - Consuming 3732 byte(s) from file mall_web_close_button_press.ddj with size 3732 
07:15:17.089 [main] DEBUG org.sokybot.pk2.Pk2CryptoUtils - File mall_web_top_image.ddj is not encrypted , flags not exists
07:15:17.089 [main] INFO org.soky.sro.pk2.io.Pk2IOTest - Consuming 32916 byte(s) from file mall_web_top_image.ddj with size 32916 
07:15:17.089 [main] DEBUG org.sokybot.pk2.Pk2CryptoUtils - File mall_avata_button_disable_focus.ddj is not encrypted , flags not exists
07:15:17.090 [main] INFO org.soky.sro.pk2.io.Pk2IOTest - Consuming 13460 byte(s) from file mall_avata_button_disable_focus.ddj with size 13460 
07:15:17.090 [main] DEBUG org.sokybot.pk2.Pk2CryptoUtils - File mall_avata_button_disable_press.ddj is not encrypted , flags not exists
07:15:17.090 [main] INFO org.soky.sro.pk2.io.Pk2IOTest - Consuming 13460 byte(s) from file mall_avata_button_disable_press.ddj with size 13460 
07:15:17.090 [main] DEBUG org.sokybot.pk2.Pk2CryptoUtils - File mall_back_wnd.ddj is not encrypted , flags not exists
07:15:17.099 [main] INFO org.soky.sro.pk2.io.Pk2IOTest - Consuming 883540 byte(s) from file mall_back_wnd.ddj with size 883540 
07:15:17.099 [main] DEBUG org.sokybot.pk2.Pk2CryptoUtils - File msgbox_blackbox.ddj is not encrypted , flags not exists
07:15:17.099 [main] INFO org.soky.sro.pk2.io.Pk2IOTest - Consuming 4948 byte(s) from file msgbox_blackbox.ddj with size 4948 
07:15:17.099 [main] DEBUG org.sokybot.pk2.Pk2CryptoUtils - File msgbox_chating_icon.ddj is not encrypted , flags not exists
07:15:17.099 [main] INFO org.soky.sro.pk2.io.Pk2IOTest - Consuming 3348 byte(s) from file msgbox_chating_icon.ddj with size 3348 
07:15:17.100 [main] DEBUG org.sokybot.pk2.Pk2CryptoUtils - File msgbox_chshape_variety_bar.ddj is not encrypted , flags not exists
07:15:17.100 [main] INFO org.soky.sro.pk2.io.Pk2IOTest - Consuming 8436 byte(s) from file msgbox_chshape_variety_bar.ddj with size 8436 
07:15:17.100 [main] DEBUG org.sokybot.pk2.Pk2CryptoUtils - File msgbox_gil_title.ddj is not encrypted , flags not exists
07:15:17.100 [main] INFO org.soky.sro.pk2.io.Pk2IOTest - Consuming 19412 byte(s) from file msgbox_gil_title.ddj with size 19412 
07:15:17.100 [main] DEBUG org.sokybot.pk2.Pk2CryptoUtils - File msgbox_gold_icon.ddj is not encrypted , flags not exists
07:15:17.100 [main] INFO org.soky.sro.pk2.io.Pk2IOTest - Consuming 2196 byte(s) from file msgbox_gold_icon.ddj with size 2196 
07:15:17.100 [main] DEBUG org.sokybot.pk2.Pk2CryptoUtils - File msgbox_iteminfo.ddj is not encrypted , flags not exists
07:15:17.100 [main] INFO org.soky.sro.pk2.io.Pk2IOTest - Consuming 20500 byte(s) from file msgbox_iteminfo.ddj with size 20500 
07:15:17.101 [main] DEBUG org.sokybot.pk2.Pk2CryptoUtils - File msgbox_itemwindow.ddj is not encrypted , flags not exists
07:15:17.101 [main] INFO org.soky.sro.pk2.io.Pk2IOTest - Consuming 4756 byte(s) from file msgbox_itemwindow.ddj with size 4756 
07:15:17.101 [main] DEBUG org.sokybot.pk2.Pk2CryptoUtils - File msgbox_quantity.ddj is not encrypted , flags not exists
07:15:17.101 [main] INFO org.soky.sro.pk2.io.Pk2IOTest - Consuming 2164 byte(s) from file msgbox_quantity.ddj with size 2164 
07:15:17.101 [main] DEBUG org.sokybot.pk2.Pk2CryptoUtils - File msgbox_rebirth.ddj is not encrypted , flags not exists
07:15:17.101 [main] INFO org.soky.sro.pk2.io.Pk2IOTest - Consuming 15540 byte(s) from file msgbox_rebirth.ddj with size 15540 
07:15:17.101 [main] DEBUG org.sokybot.pk2.Pk2CryptoUtils - File msgbox_rebirth_button.ddj is not encrypted , flags not exists
07:15:17.101 [main] INFO org.soky.sro.pk2.io.Pk2IOTest - Consuming 8596 byte(s) from file msgbox_rebirth_button.ddj with size 8596 
07:15:17.101 [main] DEBUG org.sokybot.pk2.Pk2CryptoUtils - File msgbox_rebirth_button_focus.ddj is not encrypted , flags not exists
07:15:17.101 [main] INFO org.soky.sro.pk2.io.Pk2IOTest - Consuming 8596 byte(s) from file msgbox_rebirth_button_focus.ddj with size 8596 
07:15:17.102 [main] DEBUG org.sokybot.pk2.Pk2CryptoUtils - File msgbox_rebirth_button_press.ddj is not encrypted , flags not exists
07:15:17.102 [main] INFO org.soky.sro.pk2.io.Pk2IOTest - Consuming 8596 byte(s) from file msgbox_rebirth_button_press.ddj with size 8596 
07:15:17.102 [main] DEBUG org.sokybot.pk2.Pk2CryptoUtils - File msgbox_skillname.ddj is not encrypted , flags not exists
07:15:17.102 [main] INFO org.soky.sro.pk2.io.Pk2IOTest - Consuming 15412 byte(s) from file msgbox_skillname.ddj with size 15412 
07:15:17.102 [main] DEBUG org.sokybot.pk2.Pk2CryptoUtils - File msgbox_stall_colorbox.ddj is not encrypted , flags not exists
07:15:17.102 [main] INFO org.soky.sro.pk2.io.Pk2IOTest - Consuming 12244 byte(s) from file msgbox_stall_colorbox.ddj with size 12244 
07:15:17.102 [main] DEBUG org.sokybot.pk2.Pk2CryptoUtils - File msgbox_stall_icon.ddj is not encrypted , flags not exists
07:15:17.102 [main] INFO org.soky.sro.pk2.io.Pk2IOTest - Consuming 1716 byte(s) from file msgbox_stall_icon.ddj with size 1716 
07:15:17.102 [main] DEBUG org.sokybot.pk2.Pk2CryptoUtils - File msgbox_stall_name.ddj is not encrypted , flags not exists
07:15:17.103 [main] INFO org.soky.sro.pk2.io.Pk2IOTest - Consuming 22548 byte(s) from file msgbox_stall_name.ddj with size 22548 
07:15:17.103 [main] DEBUG org.sokybot.pk2.Pk2CryptoUtils - File msgbox_stall_title.ddj is not encrypted , flags not exists
07:15:17.103 [main] INFO org.soky.sro.pk2.io.Pk2IOTest - Consuming 14708 byte(s) from file msgbox_stall_title.ddj with size 14708 
07:15:17.103 [main] DEBUG org.sokybot.pk2.Pk2CryptoUtils - File msgbox_window_left_down.ddj is not encrypted , flags not exists
07:15:17.103 [main] INFO org.soky.sro.pk2.io.Pk2IOTest - Consuming 660 byte(s) from file msgbox_window_left_down.ddj with size 660 
07:15:17.103 [main] DEBUG org.sokybot.pk2.Pk2CryptoUtils - File msgbox_window_left_side.ddj is not encrypted , flags not exists
07:15:17.103 [main] INFO org.soky.sro.pk2.io.Pk2IOTest - Consuming 2196 byte(s) from file msgbox_window_left_side.ddj with size 2196 
07:15:17.103 [main] DEBUG org.sokybot.pk2.Pk2CryptoUtils - File msgbox_window_left_up.ddj is not encrypted , flags not exists
07:15:17.103 [main] INFO org.soky.sro.pk2.io.Pk2IOTest - Consuming 660 byte(s) from file msgbox_window_left_up.ddj with size 660 
07:15:17.103 [main] DEBUG org.sokybot.pk2.Pk2CryptoUtils - File msgbox_window_mid_down.ddj is not encrypted , flags not exists
07:15:17.103 [main] INFO org.soky.sro.pk2.io.Pk2IOTest - Consuming 2196 byte(s) from file msgbox_window_mid_down.ddj with size 2196 
07:15:17.104 [main] DEBUG org.sokybot.pk2.Pk2CryptoUtils - File msgbox_window_mid_up.ddj is not encrypted , flags not exists
07:15:17.104 [main] INFO org.soky.sro.pk2.io.Pk2IOTest - Consuming 2196 byte(s) from file msgbox_window_mid_up.ddj with size 2196 
07:15:17.104 [main] DEBUG org.sokybot.pk2.Pk2CryptoUtils - File msgbox_window_right_down.ddj is not encrypted , flags not exists
07:15:17.104 [main] INFO org.soky.sro.pk2.io.Pk2IOTest - Consuming 660 byte(s) from file msgbox_window_right_down.ddj with size 660 
07:15:17.104 [main] DEBUG org.sokybot.pk2.Pk2CryptoUtils - File msgbox_window_right_side.ddj is not encrypted , flags not exists
07:15:17.104 [main] INFO org.soky.sro.pk2.io.Pk2IOTest - Consuming 2196 byte(s) from file msgbox_window_right_side.ddj with size 2196 
07:15:17.104 [main] DEBUG org.sokybot.pk2.Pk2CryptoUtils - File msgbox_window_right_up.ddj is not encrypted , flags not exists
07:15:17.104 [main] INFO org.soky.sro.pk2.io.Pk2IOTest - Consuming 660 byte(s) from file msgbox_window_right_up.ddj with size 660 
07:15:17.104 [main] DEBUG org.sokybot.pk2.Pk2CryptoUtils - File mm_alpha.ddj is not encrypted , flags not exists
07:15:17.104 [main] INFO org.soky.sro.pk2.io.Pk2IOTest - Consuming 21780 byte(s) from file mm_alpha.ddj with size 21780 
07:15:17.104 [main] DEBUG org.sokybot.pk2.Pk2CryptoUtils - File mm_dungeonfloor.ddj is not encrypted , flags not exists
07:15:17.105 [main] INFO org.soky.sro.pk2.io.Pk2IOTest - Consuming 2196 byte(s) from file mm_dungeonfloor.ddj with size 2196 
07:15:17.105 [main] DEBUG org.sokybot.pk2.Pk2CryptoUtils - File mm_map_button.ddj is not encrypted , flags not exists
07:15:17.105 [main] INFO org.soky.sro.pk2.io.Pk2IOTest - Consuming 1300 byte(s) from file mm_map_button.ddj with size 1300 
07:15:17.105 [main] DEBUG org.sokybot.pk2.Pk2CryptoUtils - File mm_map_button_focus.ddj is not encrypted , flags not exists
07:15:17.105 [main] INFO org.soky.sro.pk2.io.Pk2IOTest - Consuming 1300 byte(s) from file mm_map_button_focus.ddj with size 1300 
07:15:17.105 [main] DEBUG org.sokybot.pk2.Pk2CryptoUtils - File mm_map_button_press.ddj is not encrypted , flags not exists
07:15:17.105 [main] INFO org.soky.sro.pk2.io.Pk2IOTest - Consuming 1300 byte(s) from file mm_map_button_press.ddj with size 1300 
07:15:17.105 [main] DEBUG org.sokybot.pk2.Pk2CryptoUtils - File mm_sign_animal.ddj is not encrypted , flags not exists
07:15:17.105 [main] INFO org.soky.sro.pk2.io.Pk2IOTest - Consuming 276 byte(s) from file mm_sign_animal.ddj with size 276 
07:15:17.105 [main] DEBUG org.sokybot.pk2.Pk2CryptoUtils - File mm_sign_apprenticeship.ddj is not encrypted , flags not exists
07:15:17.105 [main] INFO org.soky.sro.pk2.io.Pk2IOTest - Consuming 404 byte(s) from file mm_sign_apprenticeship.ddj with size 404 
07:15:17.105 [main] DEBUG org.sokybot.pk2.Pk2CryptoUtils - File mm_sign_apprenticeshiparrow.ddj is not encrypted , flags not exists
07:15:17.105 [main] INFO org.soky.sro.pk2.io.Pk2IOTest - Consuming 4244 byte(s) from file mm_sign_apprenticeshiparrow.ddj with size 4244 
07:15:17.105 [main] DEBUG org.sokybot.pk2.Pk2CryptoUtils - File mm_sign_character.ddj is not encrypted , flags not exists
07:15:17.105 [main] INFO org.soky.sro.pk2.io.Pk2IOTest - Consuming 1172 byte(s) from file mm_sign_character.ddj with size 1172 
07:15:17.106 [main] DEBUG org.sokybot.pk2.Pk2CryptoUtils - File mm_sign_monster.ddj is not encrypted , flags not exists
07:15:17.106 [main] INFO org.soky.sro.pk2.io.Pk2IOTest - Consuming 276 byte(s) from file mm_sign_monster.ddj with size 276 
07:15:17.106 [main] DEBUG org.sokybot.pk2.Pk2CryptoUtils - File mm_sign_npc.ddj is not encrypted , flags not exists
07:15:17.106 [main] INFO org.soky.sro.pk2.io.Pk2IOTest - Consuming 276 byte(s) from file mm_sign_npc.ddj with size 276 
07:15:17.106 [main] DEBUG org.sokybot.pk2.Pk2CryptoUtils - File mm_sign_otherplayer.ddj is not encrypted , flags not exists
07:15:17.106 [main] INFO org.soky.sro.pk2.io.Pk2IOTest - Consuming 276 byte(s) from file mm_sign_otherplayer.ddj with size 276 
07:15:17.106 [main] DEBUG org.sokybot.pk2.Pk2CryptoUtils - File mm_sign_party.ddj is not encrypted , flags not exists
07:15:17.106 [main] INFO org.soky.sro.pk2.io.Pk2IOTest - Consuming 276 byte(s) from file mm_sign_party.ddj with size 276 
07:15:17.106 [main] DEBUG org.sokybot.pk2.Pk2CryptoUtils - File mm_sign_partyarrow.ddj is not encrypted , flags not exists
07:15:17.106 [main] INFO org.soky.sro.pk2.io.Pk2IOTest - Consuming 660 byte(s) from file mm_sign_partyarrow.ddj with size 660 
07:15:17.106 [main] DEBUG org.sokybot.pk2.Pk2CryptoUtils - File mm_sign_questarrow.ddj is not encrypted , flags not exists
07:15:17.106 [main] INFO org.soky.sro.pk2.io.Pk2IOTest - Consuming 2196 byte(s) from file mm_sign_questarrow.ddj with size 2196 
07:15:17.106 [main] DEBUG org.sokybot.pk2.Pk2CryptoUtils - File mm_sign_questnpc.ddj is not encrypted , flags not exists
07:15:17.106 [main] INFO org.soky.sro.pk2.io.Pk2IOTest - Consuming 660 byte(s) from file mm_sign_questnpc.ddj with size 660 
07:15:17.106 [main] DEBUG org.sokybot.pk2.Pk2CryptoUtils - File mm_sign_unique.ddj is not encrypted , flags not exists
07:15:17.106 [main] INFO org.soky.sro.pk2.io.Pk2IOTest - Consuming 436 byte(s) from file mm_sign_unique.ddj with size 436 
07:15:17.107 [main] DEBUG org.sokybot.pk2.Pk2CryptoUtils - File mm_window.ddj is not encrypted , flags not exists
07:15:17.107 [main] INFO org.soky.sro.pk2.io.Pk2IOTest - Consuming 51668 byte(s) from file mm_window.ddj with size 51668 
07:15:17.107 [main] DEBUG org.sokybot.pk2.Pk2CryptoUtils - File mm_zoomin.ddj is not encrypted , flags not exists
07:15:17.107 [main] INFO org.soky.sro.pk2.io.Pk2IOTest - Consuming 948 byte(s) from file mm_zoomin.ddj with size 948 
07:15:17.107 [main] DEBUG org.sokybot.pk2.Pk2CryptoUtils - File mm_zoomin_focus.ddj is not encrypted , flags not exists
07:15:17.107 [main] INFO org.soky.sro.pk2.io.Pk2IOTest - Consuming 948 byte(s) from file mm_zoomin_focus.ddj with size 948 
07:15:17.108 [main] DEBUG org.sokybot.pk2.Pk2CryptoUtils - File mm_zoomin_press.ddj is not encrypted , flags not exists
07:15:17.108 [main] INFO org.soky.sro.pk2.io.Pk2IOTest - Consuming 948 byte(s) from file mm_zoomin_press.ddj with size 948 
07:15:17.108 [main] DEBUG org.sokybot.pk2.Pk2CryptoUtils - File mm_zoomout.ddj is not encrypted , flags not exists
07:15:17.108 [main] INFO org.soky.sro.pk2.io.Pk2IOTest - Consuming 948 byte(s) from file mm_zoomout.ddj with size 948 
07:15:17.108 [main] DEBUG org.sokybot.pk2.Pk2CryptoUtils - File mm_zoomout_focus.ddj is not encrypted , flags not exists
07:15:17.108 [main] INFO org.soky.sro.pk2.io.Pk2IOTest - Consuming 948 byte(s) from file mm_zoomout_focus.ddj with size 948 
07:15:17.108 [main] DEBUG org.sokybot.pk2.Pk2CryptoUtils - File mm_zoomout_press.ddj is not encrypted , flags not exists
07:15:17.108 [main] INFO org.soky.sro.pk2.io.Pk2IOTest - Consuming 948 byte(s) from file mm_zoomout_press.ddj with size 948 
07:15:17.108 [main] DEBUG org.sokybot.pk2.Pk2CryptoUtils - File mm_sign_location.ddj is not encrypted , flags not exists
07:15:17.108 [main] INFO org.soky.sro.pk2.io.Pk2IOTest - Consuming 1172 byte(s) from file mm_sign_location.ddj with size 1172 
07:15:17.108 [main] DEBUG org.sokybot.pk2.Pk2CryptoUtils - File npc_conversation_window_left_down.ddj is not encrypted , flags not exists
07:15:17.108 [main] INFO org.soky.sro.pk2.io.Pk2IOTest - Consuming 948 byte(s) from file npc_conversation_window_left_down.ddj with size 948 
07:15:17.108 [main] DEBUG org.sokybot.pk2.Pk2CryptoUtils - File npc_conversation_window_left_side.ddj is not encrypted , flags not exists
07:15:17.108 [main] INFO org.soky.sro.pk2.io.Pk2IOTest - Consuming 5268 byte(s) from file npc_conversation_window_left_side.ddj with size 5268 
07:15:17.108 [main] DEBUG org.sokybot.pk2.Pk2CryptoUtils - File npc_conversation_window_left_up.ddj is not encrypted , flags not exists
07:15:17.108 [main] INFO org.soky.sro.pk2.io.Pk2IOTest - Consuming 948 byte(s) from file npc_conversation_window_left_up.ddj with size 948 
07:15:17.109 [main] DEBUG org.sokybot.pk2.Pk2CryptoUtils - File npc_conversation_window_mid_down.ddj is not encrypted , flags not exists
07:15:17.109 [main] INFO org.soky.sro.pk2.io.Pk2IOTest - Consuming 5268 byte(s) from file npc_conversation_window_mid_down.ddj with size 5268 
07:15:17.109 [main] DEBUG org.sokybot.pk2.Pk2CryptoUtils - File npc_conversation_window_mid_up.ddj is not encrypted , flags not exists
07:15:17.109 [main] INFO org.soky.sro.pk2.io.Pk2IOTest - Consuming 5268 byte(s) from file npc_conversation_window_mid_up.ddj with size 5268 
07:15:17.109 [main] DEBUG org.sokybot.pk2.Pk2CryptoUtils - File npc_conversation_window_right_down.ddj is not encrypted , flags not exists
07:15:17.109 [main] INFO org.soky.sro.pk2.io.Pk2IOTest - Consuming 948 byte(s) from file npc_conversation_window_right_down.ddj with size 948 
07:15:17.109 [main] DEBUG org.sokybot.pk2.Pk2CryptoUtils - File npc_conversation_window_right_side.ddj is not encrypted , flags not exists
07:15:17.109 [main] INFO org.soky.sro.pk2.io.Pk2IOTest - Consuming 5268 byte(s) from file npc_conversation_window_right_side.ddj with size 5268 
07:15:17.109 [main] DEBUG org.sokybot.pk2.Pk2CryptoUtils - File npc_conversation_window_right_up.ddj is not encrypted , flags not exists
07:15:17.109 [main] INFO org.soky.sro.pk2.io.Pk2IOTest - Consuming 948 byte(s) from file npc_conversation_window_right_up.ddj with size 948 
07:15:17.109 [main] DEBUG org.sokybot.pk2.Pk2CryptoUtils - File npc_face.ddj is not encrypted , flags not exists
07:15:17.109 [main] INFO org.soky.sro.pk2.io.Pk2IOTest - Consuming 4756 byte(s) from file npc_face.ddj with size 4756 
07:15:17.109 [main] DEBUG org.sokybot.pk2.Pk2CryptoUtils - File npc_intens_bar.ddj is not encrypted , flags not exists
07:15:17.110 [main] INFO org.soky.sro.pk2.io.Pk2IOTest - Consuming 9620 byte(s) from file npc_intens_bar.ddj with size 9620 
07:15:17.110 [main] DEBUG org.sokybot.pk2.Pk2CryptoUtils - File npc_mastery_namebox.ddj is not encrypted , flags not exists
07:15:17.110 [main] INFO org.soky.sro.pk2.io.Pk2IOTest - Consuming 15412 byte(s) from file npc_mastery_namebox.ddj with size 15412 
07:15:17.110 [main] DEBUG org.sokybot.pk2.Pk2CryptoUtils - File npc_name_corner.ddj is not encrypted , flags not exists
07:15:17.110 [main] INFO org.soky.sro.pk2.io.Pk2IOTest - Consuming 180 byte(s) from file npc_name_corner.ddj with size 180 
07:15:17.110 [main] DEBUG org.sokybot.pk2.Pk2CryptoUtils - File npc_name_edge.ddj is not encrypted , flags not exists
07:15:17.110 [main] INFO org.soky.sro.pk2.io.Pk2IOTest - Consuming 180 byte(s) from file npc_name_edge.ddj with size 180 
07:15:17.110 [main] DEBUG org.sokybot.pk2.Pk2CryptoUtils - File opt_camera.ddj is not encrypted , flags not exists
07:15:17.111 [main] INFO org.soky.sro.pk2.io.Pk2IOTest - Consuming 32788 byte(s) from file opt_camera.ddj with size 32788 
07:15:17.111 [main] DEBUG org.sokybot.pk2.Pk2CryptoUtils - File opt_inner_box_left_down.ddj is not encrypted , flags not exists
07:15:17.111 [main] INFO org.soky.sro.pk2.io.Pk2IOTest - Consuming 1108 byte(s) from file opt_inner_box_left_down.ddj with size 1108 
07:15:17.111 [main] DEBUG org.sokybot.pk2.Pk2CryptoUtils - File opt_inner_box_left_side.ddj is not encrypted , flags not exists
07:15:17.111 [main] INFO org.soky.sro.pk2.io.Pk2IOTest - Consuming 2708 byte(s) from file opt_inner_box_left_side.ddj with size 2708 
07:15:17.111 [main] DEBUG org.sokybot.pk2.Pk2CryptoUtils - File opt_inner_box_left_up.ddj is not encrypted , flags not exists
07:15:17.111 [main] INFO org.soky.sro.pk2.io.Pk2IOTest - Consuming 1108 byte(s) from file opt_inner_box_left_up.ddj with size 1108 
07:15:17.111 [main] DEBUG org.sokybot.pk2.Pk2CryptoUtils - File opt_inner_box_mid_down.ddj is not encrypted , flags not exists
07:15:17.111 [main] INFO org.soky.sro.pk2.io.Pk2IOTest - Consuming 1684 byte(s) from file opt_inner_box_mid_down.ddj with size 1684 
07:15:17.111 [main] DEBUG org.sokybot.pk2.Pk2CryptoUtils - File opt_inner_box_mid_up.ddj is not encrypted , flags not exists
07:15:17.111 [main] INFO org.soky.sro.pk2.io.Pk2IOTest - Consuming 3732 byte(s) from file opt_inner_box_mid_up.ddj with size 3732 
07:15:17.111 [main] DEBUG org.sokybot.pk2.Pk2CryptoUtils - File opt_inner_box_right_down.ddj is not encrypted , flags not exists
07:15:17.112 [main] INFO org.soky.sro.pk2.io.Pk2IOTest - Consuming 1108 byte(s) from file opt_inner_box_right_down.ddj with size 1108 
07:15:17.112 [main] DEBUG org.sokybot.pk2.Pk2CryptoUtils - File opt_inner_box_right_side.ddj is not encrypted , flags not exists
07:15:17.112 [main] INFO org.soky.sro.pk2.io.Pk2IOTest - Consuming 2708 byte(s) from file opt_inner_box_right_side.ddj with size 2708 
07:15:17.112 [main] DEBUG org.sokybot.pk2.Pk2CryptoUtils - File opt_inner_box_right_up.ddj is not encrypted , flags not exists
07:15:17.112 [main] INFO org.soky.sro.pk2.io.Pk2IOTest - Consuming 1108 byte(s) from file opt_inner_box_right_up.ddj with size 1108 
07:15:17.112 [main] DEBUG org.sokybot.pk2.Pk2CryptoUtils - File opt_key.ddj is not encrypted , flags not exists
07:15:17.112 [main] INFO org.soky.sro.pk2.io.Pk2IOTest - Consuming 8884 byte(s) from file opt_key.ddj with size 8884 
07:15:17.112 [main] DEBUG org.sokybot.pk2.Pk2CryptoUtils - File opt_key_select.ddj is not encrypted , flags not exists
07:15:17.112 [main] INFO org.soky.sro.pk2.io.Pk2IOTest - Consuming 1940 byte(s) from file opt_key_select.ddj with size 1940 
07:15:17.112 [main] DEBUG org.sokybot.pk2.Pk2CryptoUtils - File opt_videocustom.ddj is not encrypted , flags not exists
07:15:17.113 [main] INFO org.soky.sro.pk2.io.Pk2IOTest - Consuming 17396 byte(s) from file opt_videocustom.ddj with size 17396 
07:15:17.113 [main] DEBUG org.sokybot.pk2.Pk2CryptoUtils - File opt_video_quality_tab.ddj is not encrypted , flags not exists
07:15:17.113 [main] INFO org.soky.sro.pk2.io.Pk2IOTest - Consuming 11124 byte(s) from file opt_video_quality_tab.ddj with size 11124 
07:15:17.113 [main] DEBUG org.sokybot.pk2.Pk2CryptoUtils - File opt_video_tab.ddj is not encrypted , flags not exists
07:15:17.113 [main] INFO org.soky.sro.pk2.io.Pk2IOTest - Consuming 7092 byte(s) from file opt_video_tab.ddj with size 7092 
07:15:17.113 [main] DEBUG org.sokybot.pk2.Pk2CryptoUtils - File opt_volume.ddj is not encrypted , flags not exists
07:15:17.113 [main] INFO org.soky.sro.pk2.io.Pk2IOTest - Consuming 14036 byte(s) from file opt_volume.ddj with size 14036 
07:15:17.113 [main] DEBUG org.sokybot.pk2.Pk2CryptoUtils - File opt_volume_disable.ddj is not encrypted , flags not exists
07:15:17.114 [main] INFO org.soky.sro.pk2.io.Pk2IOTest - Consuming 14036 byte(s) from file opt_volume_disable.ddj with size 14036 
07:15:17.114 [main] DEBUG org.sokybot.pk2.Pk2CryptoUtils - File opt_video_tab_back.ddj is not encrypted , flags not exists
07:15:17.114 [main] INFO org.soky.sro.pk2.io.Pk2IOTest - Consuming 14036 byte(s) from file opt_video_tab_back.ddj with size 14036 
07:15:17.114 [main] DEBUG org.sokybot.pk2.Pk2CryptoUtils - File opt_video_tab_back_press.ddj is not encrypted , flags not exists
07:15:17.114 [main] INFO org.soky.sro.pk2.io.Pk2IOTest - Consuming 14036 byte(s) from file opt_video_tab_back_press.ddj with size 14036 
07:15:17.114 [main] DEBUG org.sokybot.pk2.Pk2CryptoUtils - File opt_video_tab_press.ddj is not encrypted , flags not exists
07:15:17.114 [main] INFO org.soky.sro.pk2.io.Pk2IOTest - Consuming 14036 byte(s) from file opt_video_tab_press.ddj with size 14036 
07:15:17.114 [main] DEBUG org.sokybot.pk2.Pk2CryptoUtils - File opt_camera_big.ddj is not encrypted , flags not exists
07:15:17.116 [main] INFO org.soky.sro.pk2.io.Pk2IOTest - Consuming 165908 byte(s) from file opt_camera_big.ddj with size 165908 
07:15:17.116 [main] DEBUG org.sokybot.pk2.Pk2CryptoUtils - File opt_game_tab_off.ddj is not encrypted , flags not exists
07:15:17.117 [main] INFO org.soky.sro.pk2.io.Pk2IOTest - Consuming 13588 byte(s) from file opt_game_tab_off.ddj with size 13588 
07:15:17.117 [main] DEBUG org.sokybot.pk2.Pk2CryptoUtils - File opt_game_tab_on.ddj is not encrypted , flags not exists
07:15:17.117 [main] INFO org.soky.sro.pk2.io.Pk2IOTest - Consuming 13588 byte(s) from file opt_game_tab_on.ddj with size 13588 
07:15:17.117 [main] DEBUG org.sokybot.pk2.Pk2CryptoUtils - File opt_key_big.ddj is not encrypted , flags not exists
07:15:17.117 [main] INFO org.soky.sro.pk2.io.Pk2IOTest - Consuming 35204 byte(s) from file opt_key_big.ddj with size 35204 
07:15:17.117 [main] DEBUG org.sokybot.pk2.Pk2CryptoUtils - File opt_long_tab_disable.ddj is not encrypted , flags not exists
07:15:17.118 [main] INFO org.soky.sro.pk2.io.Pk2IOTest - Consuming 11668 byte(s) from file opt_long_tab_disable.ddj with size 11668 
07:15:17.118 [main] DEBUG org.sokybot.pk2.Pk2CryptoUtils - File opt_long_tab_off.ddj is not encrypted , flags not exists
07:15:17.118 [main] INFO org.soky.sro.pk2.io.Pk2IOTest - Consuming 11668 byte(s) from file opt_long_tab_off.ddj with size 11668 
07:15:17.118 [main] DEBUG org.sokybot.pk2.Pk2CryptoUtils - File opt_long_tab_on.ddj is not encrypted , flags not exists
07:15:17.118 [main] INFO org.soky.sro.pk2.io.Pk2IOTest - Consuming 11668 byte(s) from file opt_long_tab_on.ddj with size 11668 
07:15:17.118 [main] DEBUG org.sokybot.pk2.Pk2CryptoUtils - File opt_video_control_box.ddj is not encrypted , flags not exists
07:15:17.119 [main] INFO org.soky.sro.pk2.io.Pk2IOTest - Consuming 35092 byte(s) from file opt_video_control_box.ddj with size 35092 
07:15:17.119 [main] DEBUG org.sokybot.pk2.Pk2CryptoUtils - File arrow_left.ddj is not encrypted , flags not exists
07:15:17.119 [main] INFO org.soky.sro.pk2.io.Pk2IOTest - Consuming 948 byte(s) from file arrow_left.ddj with size 948 
07:15:17.119 [main] DEBUG org.sokybot.pk2.Pk2CryptoUtils - File arrow_left_focus.ddj is not encrypted , flags not exists
07:15:17.119 [main] INFO org.soky.sro.pk2.io.Pk2IOTest - Consuming 948 byte(s) from file arrow_left_focus.ddj with size 948 
07:15:17.119 [main] DEBUG org.sokybot.pk2.Pk2CryptoUtils - File arrow_left_press.ddj is not encrypted , flags not exists
07:15:17.119 [main] INFO org.soky.sro.pk2.io.Pk2IOTest - Consuming 948 byte(s) from file arrow_left_press.ddj with size 948 
07:15:17.119 [main] DEBUG org.sokybot.pk2.Pk2CryptoUtils - File arrow_right.ddj is not encrypted , flags not exists
07:15:17.119 [main] INFO org.soky.sro.pk2.io.Pk2IOTest - Consuming 948 byte(s) from file arrow_right.ddj with size 948 
07:15:17.119 [main] DEBUG org.sokybot.pk2.Pk2CryptoUtils - File arrow_right_focus.ddj is not encrypted , flags not exists
07:15:17.119 [main] INFO org.soky.sro.pk2.io.Pk2IOTest - Consuming 948 byte(s) from file arrow_right_focus.ddj with size 948 
07:15:17.120 [main] DEBUG org.sokybot.pk2.Pk2CryptoUtils - File arrow_right_press.ddj is not encrypted , flags not exists
07:15:17.120 [main] INFO org.soky.sro.pk2.io.Pk2IOTest - Consuming 948 byte(s) from file arrow_right_press.ddj with size 948 
07:15:17.120 [main] DEBUG org.sokybot.pk2.Pk2CryptoUtils - File back_image.ddj is not encrypted , flags not exists
07:15:17.130 [main] INFO org.soky.sro.pk2.io.Pk2IOTest - Consuming 907540 byte(s) from file back_image.ddj with size 907540 
07:15:17.130 [main] DEBUG org.sokybot.pk2.Pk2CryptoUtils - File bigarrow_left.ddj is not encrypted , flags not exists
07:15:17.130 [main] INFO org.soky.sro.pk2.io.Pk2IOTest - Consuming 5524 byte(s) from file bigarrow_left.ddj with size 5524 
07:15:17.130 [main] DEBUG org.sokybot.pk2.Pk2CryptoUtils - File bigarrow_left_focus.ddj is not encrypted , flags not exists
07:15:17.130 [main] INFO org.soky.sro.pk2.io.Pk2IOTest - Consuming 5524 byte(s) from file bigarrow_left_focus.ddj with size 5524 
07:15:17.130 [main] DEBUG org.sokybot.pk2.Pk2CryptoUtils - File bigarrow_left_press.ddj is not encrypted , flags not exists
07:15:17.130 [main] INFO org.soky.sro.pk2.io.Pk2IOTest - Consuming 5524 byte(s) from file bigarrow_left_press.ddj with size 5524 
07:15:17.130 [main] DEBUG org.sokybot.pk2.Pk2CryptoUtils - File bigarrow_right.ddj is not encrypted , flags not exists
07:15:17.130 [main] INFO org.soky.sro.pk2.io.Pk2IOTest - Consuming 5524 byte(s) from file bigarrow_right.ddj with size 5524 
07:15:17.130 [main] DEBUG org.sokybot.pk2.Pk2CryptoUtils - File bigarrow_right_focus.ddj is not encrypted , flags not exists
07:15:17.131 [main] INFO org.soky.sro.pk2.io.Pk2IOTest - Consuming 5524 byte(s) from file bigarrow_right_focus.ddj with size 5524 
07:15:17.131 [main] DEBUG org.sokybot.pk2.Pk2CryptoUtils - File bigarrow_right_press.ddj is not encrypted , flags not exists
07:15:17.131 [main] INFO org.soky.sro.pk2.io.Pk2IOTest - Consuming 5524 byte(s) from file bigarrow_right_press.ddj with size 5524 
07:15:17.131 [main] DEBUG org.sokybot.pk2.Pk2CryptoUtils - File blackbar_down.ddj is not encrypted , flags not exists
07:15:17.131 [main] INFO org.soky.sro.pk2.io.Pk2IOTest - Consuming 20611 byte(s) from file blackbar_down.ddj with size 20611 
07:15:17.131 [main] DEBUG org.sokybot.pk2.Pk2CryptoUtils - File blackbar_down_copyright.ddj is not encrypted , flags not exists
07:15:17.131 [main] INFO org.soky.sro.pk2.io.Pk2IOTest - Consuming 20611 byte(s) from file blackbar_down_copyright.ddj with size 20611 
07:15:17.132 [main] DEBUG org.sokybot.pk2.Pk2CryptoUtils - File blackbar_down_copyright_europe.ddj is not encrypted , flags not exists
07:15:17.132 [main] INFO org.soky.sro.pk2.io.Pk2IOTest - Consuming 20611 byte(s) from file blackbar_down_copyright_europe.ddj with size 20611 
07:15:17.132 [main] DEBUG org.sokybot.pk2.Pk2CryptoUtils - File blackbar_down_europe.ddj is not encrypted , flags not exists
07:15:17.132 [main] INFO org.soky.sro.pk2.io.Pk2IOTest - Consuming 20611 byte(s) from file blackbar_down_europe.ddj with size 20611 
07:15:17.132 [main] DEBUG org.sokybot.pk2.Pk2CryptoUtils - File blackbar_up.ddj is not encrypted , flags not exists
07:15:17.132 [main] INFO org.soky.sro.pk2.io.Pk2IOTest - Consuming 20209 byte(s) from file blackbar_up.ddj with size 20209 
07:15:17.133 [main] DEBUG org.sokybot.pk2.Pk2CryptoUtils - File blackbar_up_europe.ddj is not encrypted , flags not exists
07:15:17.133 [main] INFO org.soky.sro.pk2.io.Pk2IOTest - Consuming 20209 byte(s) from file blackbar_up_europe.ddj with size 20209 
07:15:17.133 [main] DEBUG org.sokybot.pk2.Pk2CryptoUtils - File button.ddj is not encrypted , flags not exists
07:15:17.133 [main] INFO org.soky.sro.pk2.io.Pk2IOTest - Consuming 7428 byte(s) from file button.ddj with size 7428 
07:15:17.133 [main] DEBUG org.sokybot.pk2.Pk2CryptoUtils - File button_europe.ddj is not encrypted , flags not exists
07:15:17.133 [main] INFO org.soky.sro.pk2.io.Pk2IOTest - Consuming 7508 byte(s) from file button_europe.ddj with size 7508 
07:15:17.133 [main] DEBUG org.sokybot.pk2.Pk2CryptoUtils - File button_europe_focus.ddj is not encrypted , flags not exists
07:15:17.133 [main] INFO org.soky.sro.pk2.io.Pk2IOTest - Consuming 7508 byte(s) from file button_europe_focus.ddj with size 7508 
07:15:17.134 [main] DEBUG org.sokybot.pk2.Pk2CryptoUtils - File button_europe_press.ddj is not encrypted , flags not exists
07:15:17.134 [main] INFO org.soky.sro.pk2.io.Pk2IOTest - Consuming 7508 byte(s) from file button_europe_press.ddj with size 7508 
07:15:17.134 [main] DEBUG org.sokybot.pk2.Pk2CryptoUtils - File button_focus.ddj is not encrypted , flags not exists
07:15:17.134 [main] INFO org.soky.sro.pk2.io.Pk2IOTest - Consuming 7428 byte(s) from file button_focus.ddj with size 7428 
07:15:17.134 [main] DEBUG org.sokybot.pk2.Pk2CryptoUtils - File button_press.ddj is not encrypted , flags not exists
07:15:17.134 [main] INFO org.soky.sro.pk2.io.Pk2IOTest - Consuming 7428 byte(s) from file button_press.ddj with size 7428 
07:15:17.134 [main] DEBUG org.sokybot.pk2.Pk2CryptoUtils - File china.ddj is not encrypted , flags not exists
07:15:17.137 [main] INFO org.soky.sro.pk2.io.Pk2IOTest - Consuming 267668 byte(s) from file china.ddj with size 267668 
07:15:17.137 [main] DEBUG org.sokybot.pk2.Pk2CryptoUtils - File customize_window.ddj is not encrypted , flags not exists
07:15:17.139 [main] INFO org.soky.sro.pk2.io.Pk2IOTest - Consuming 166996 byte(s) from file customize_window.ddj with size 166996 
07:15:17.139 [main] DEBUG org.sokybot.pk2.Pk2CryptoUtils - File customize_window_europe.ddj is not encrypted , flags not exists
07:15:17.141 [main] INFO org.soky.sro.pk2.io.Pk2IOTest - Consuming 166996 byte(s) from file customize_window_europe.ddj with size 166996 
07:15:17.141 [main] DEBUG org.sokybot.pk2.Pk2CryptoUtils - File delete_time_gauge.ddj is not encrypted , flags not exists
07:15:17.141 [main] INFO org.soky.sro.pk2.io.Pk2IOTest - Consuming 4628 byte(s) from file delete_time_gauge.ddj with size 4628 
07:15:17.141 [main] DEBUG org.sokybot.pk2.Pk2CryptoUtils - File delete_time_gauge_up.ddj is not encrypted , flags not exists
07:15:17.141 [main] INFO org.soky.sro.pk2.io.Pk2IOTest - Consuming 9108 byte(s) from file delete_time_gauge_up.ddj with size 9108 
07:15:17.141 [main] DEBUG org.sokybot.pk2.Pk2CryptoUtils - File delete_time_window.ddj is not encrypted , flags not exists
07:15:17.142 [main] INFO org.soky.sro.pk2.io.Pk2IOTest - Consuming 120852 byte(s) from file delete_time_window.ddj with size 120852 
07:15:17.143 [main] DEBUG org.sokybot.pk2.Pk2CryptoUtils - File europe.ddj is not encrypted , flags not exists
07:15:17.145 [main] INFO org.soky.sro.pk2.io.Pk2IOTest - Consuming 267668 byte(s) from file europe.ddj with size 267668 
07:15:17.146 [main] DEBUG org.sokybot.pk2.Pk2CryptoUtils - File hp.ddj is not encrypted , flags not exists
07:15:17.146 [main] INFO org.soky.sro.pk2.io.Pk2IOTest - Consuming 2324 byte(s) from file hp.ddj with size 2324 
07:15:17.146 [main] DEBUG org.sokybot.pk2.Pk2CryptoUtils - File idchange_window.ddj is not encrypted , flags not exists
07:15:17.150 [main] INFO org.soky.sro.pk2.io.Pk2IOTest - Consuming 417708 byte(s) from file idchange_window.ddj with size 417708 
07:15:17.150 [main] DEBUG org.sokybot.pk2.Pk2CryptoUtils - File imagecode_window.ddj is not encrypted , flags not exists
07:15:17.151 [main] INFO org.soky.sro.pk2.io.Pk2IOTest - Consuming 97092 byte(s) from file imagecode_window.ddj with size 97092 
07:15:17.151 [main] DEBUG org.sokybot.pk2.Pk2CryptoUtils - File info.ddj is not encrypted , flags not exists
07:15:17.152 [main] INFO org.soky.sro.pk2.io.Pk2IOTest - Consuming 63988 byte(s) from file info.ddj with size 63988 
07:15:17.152 [main] DEBUG org.sokybot.pk2.Pk2CryptoUtils - File info_europe.ddj is not encrypted , flags not exists
07:15:17.153 [main] INFO org.soky.sro.pk2.io.Pk2IOTest - Consuming 63988 byte(s) from file info_europe.ddj with size 63988 
07:15:17.153 [main] DEBUG org.sokybot.pk2.Pk2CryptoUtils - File intel_centrino.ddj is not encrypted , flags not exists
07:15:17.154 [main] INFO org.soky.sro.pk2.io.Pk2IOTest - Consuming 71572 byte(s) from file intel_centrino.ddj with size 71572 
07:15:17.154 [main] DEBUG org.sokybot.pk2.Pk2CryptoUtils - File islam.ddj is not encrypted , flags not exists
07:15:17.157 [main] INFO org.soky.sro.pk2.io.Pk2IOTest - Consuming 267668 byte(s) from file islam.ddj with size 267668 
07:15:17.157 [main] DEBUG org.sokybot.pk2.Pk2CryptoUtils - File list_button.ddj is not encrypted , flags not exists
07:15:17.157 [main] INFO org.soky.sro.pk2.io.Pk2IOTest - Consuming 2452 byte(s) from file list_button.ddj with size 2452 
07:15:17.157 [main] DEBUG org.sokybot.pk2.Pk2CryptoUtils - File list_button_focus.ddj is not encrypted , flags not exists
07:15:17.157 [main] INFO org.soky.sro.pk2.io.Pk2IOTest - Consuming 2452 byte(s) from file list_button_focus.ddj with size 2452 
07:15:17.157 [main] DEBUG org.sokybot.pk2.Pk2CryptoUtils - File list_button_press.ddj is not encrypted , flags not exists
07:15:17.157 [main] INFO org.soky.sro.pk2.io.Pk2IOTest - Consuming 2452 byte(s) from file list_button_press.ddj with size 2452 
07:15:17.157 [main] DEBUG org.sokybot.pk2.Pk2CryptoUtils - File login_deco_gradation.ddj is not encrypted , flags not exists
07:15:17.158 [main] INFO org.soky.sro.pk2.io.Pk2IOTest - Consuming 30868 byte(s) from file login_deco_gradation.ddj with size 30868 
07:15:17.158 [main] DEBUG org.sokybot.pk2.Pk2CryptoUtils - File login_select.ddj is not encrypted , flags not exists
07:15:17.158 [main] INFO org.soky.sro.pk2.io.Pk2IOTest - Consuming 6100 byte(s) from file login_select.ddj with size 6100 
07:15:17.158 [main] DEBUG org.sokybot.pk2.Pk2CryptoUtils - File login_window.ddj is not encrypted , flags not exists
07:15:17.160 [main] INFO org.soky.sro.pk2.io.Pk2IOTest - Consuming 161428 byte(s) from file login_window.ddj with size 161428 
07:15:17.160 [main] DEBUG org.sokybot.pk2.Pk2CryptoUtils - File login_window_europe.ddj is not encrypted , flags not exists
07:15:17.161 [main] INFO org.soky.sro.pk2.io.Pk2IOTest - Consuming 54404 byte(s) from file login_window_europe.ddj with size 54404 
07:15:17.161 [main] DEBUG org.sokybot.pk2.Pk2CryptoUtils - File logo.ddj is not encrypted , flags not exists
07:15:17.161 [main] INFO org.soky.sro.pk2.io.Pk2IOTest - Consuming 41374 byte(s) from file logo.ddj with size 41374 
07:15:17.161 [main] DEBUG org.sokybot.pk2.Pk2CryptoUtils - File man_off.ddj is not encrypted , flags not exists
07:15:17.161 [main] INFO org.soky.sro.pk2.io.Pk2IOTest - Consuming 4180 byte(s) from file man_off.ddj with size 4180 
07:15:17.161 [main] DEBUG org.sokybot.pk2.Pk2CryptoUtils - File man_off_focus.ddj is not encrypted , flags not exists
07:15:17.161 [main] INFO org.soky.sro.pk2.io.Pk2IOTest - Consuming 4180 byte(s) from file man_off_focus.ddj with size 4180 
07:15:17.162 [main] DEBUG org.sokybot.pk2.Pk2CryptoUtils - File man_off_press.ddj is not encrypted , flags not exists
07:15:17.162 [main] INFO org.soky.sro.pk2.io.Pk2IOTest - Consuming 4180 byte(s) from file man_off_press.ddj with size 4180 
07:15:17.162 [main] DEBUG org.sokybot.pk2.Pk2CryptoUtils - File man_on.ddj is not encrypted , flags not exists
07:15:17.162 [main] INFO org.soky.sro.pk2.io.Pk2IOTest - Consuming 4180 byte(s) from file man_on.ddj with size 4180 
07:15:17.162 [main] DEBUG org.sokybot.pk2.Pk2CryptoUtils - File man_on_focus.ddj is not encrypted , flags not exists
07:15:17.162 [main] INFO org.soky.sro.pk2.io.Pk2IOTest - Consuming 4180 byte(s) from file man_on_focus.ddj with size 4180 
07:15:17.162 [main] DEBUG org.sokybot.pk2.Pk2CryptoUtils - File man_on_press.ddj is not encrypted , flags not exists
07:15:17.162 [main] INFO org.soky.sro.pk2.io.Pk2IOTest - Consuming 4180 byte(s) from file man_on_press.ddj with size 4180 
07:15:17.162 [main] DEBUG org.sokybot.pk2.Pk2CryptoUtils - File mp.ddj is not encrypted , flags not exists
07:15:17.162 [main] INFO org.soky.sro.pk2.io.Pk2IOTest - Consuming 2324 byte(s) from file mp.ddj with size 2324 
07:15:17.162 [main] DEBUG org.sokybot.pk2.Pk2CryptoUtils - File overlap.ddj is not encrypted , flags not exists
07:15:17.162 [main] INFO org.soky.sro.pk2.io.Pk2IOTest - Consuming 3898 byte(s) from file overlap.ddj with size 3898 
07:15:17.163 [main] DEBUG org.sokybot.pk2.Pk2CryptoUtils - File overlap_focus.ddj is not encrypted , flags not exists
07:15:17.163 [main] INFO org.soky.sro.pk2.io.Pk2IOTest - Consuming 3898 byte(s) from file overlap_focus.ddj with size 3898 
07:15:17.163 [main] DEBUG org.sokybot.pk2.Pk2CryptoUtils - File overlap_press.ddj is not encrypted , flags not exists
07:15:17.163 [main] INFO org.soky.sro.pk2.io.Pk2IOTest - Consuming 3898 byte(s) from file overlap_press.ddj with size 3898 
07:15:17.163 [main] DEBUG org.sokybot.pk2.Pk2CryptoUtils - File redbar_down.ddj is not encrypted , flags not exists
07:15:17.169 [main] INFO org.soky.sro.pk2.io.Pk2IOTest - Consuming 550548 byte(s) from file redbar_down.ddj with size 550548 
07:15:17.169 [main] DEBUG org.sokybot.pk2.Pk2CryptoUtils - File redbar_down_europe.ddj is not encrypted , flags not exists
07:15:17.175 [main] INFO org.soky.sro.pk2.io.Pk2IOTest - Consuming 550548 byte(s) from file redbar_down_europe.ddj with size 550548 
07:15:17.175 [main] DEBUG org.sokybot.pk2.Pk2CryptoUtils - File redbar_up.ddj is not encrypted , flags not exists
07:15:17.181 [main] INFO org.soky.sro.pk2.io.Pk2IOTest - Consuming 550548 byte(s) from file redbar_up.ddj with size 550548 
07:15:17.181 [main] DEBUG org.sokybot.pk2.Pk2CryptoUtils - File redbar_up_europe.ddj is not encrypted , flags not exists
07:15:17.187 [main] INFO org.soky.sro.pk2.io.Pk2IOTest - Consuming 550548 byte(s) from file redbar_up_europe.ddj with size 550548 
07:15:17.187 [main] DEBUG org.sokybot.pk2.Pk2CryptoUtils - File repetition_window.ddj is not encrypted , flags not exists
07:15:17.190 [main] INFO org.soky.sro.pk2.io.Pk2IOTest - Consuming 240008 byte(s) from file repetition_window.ddj with size 240008 
07:15:17.190 [main] DEBUG org.sokybot.pk2.Pk2CryptoUtils - File rotate_left.ddj is not encrypted , flags not exists
07:15:17.190 [main] INFO org.soky.sro.pk2.io.Pk2IOTest - Consuming 3316 byte(s) from file rotate_left.ddj with size 3316 
07:15:17.190 [main] DEBUG org.sokybot.pk2.Pk2CryptoUtils - File rotate_left_focus.ddj is not encrypted , flags not exists
07:15:17.190 [main] INFO org.soky.sro.pk2.io.Pk2IOTest - Consuming 3316 byte(s) from file rotate_left_focus.ddj with size 3316 
07:15:17.190 [main] DEBUG org.sokybot.pk2.Pk2CryptoUtils - File rotate_left_press.ddj is not encrypted , flags not exists
07:15:17.190 [main] INFO org.soky.sro.pk2.io.Pk2IOTest - Consuming 3316 byte(s) from file rotate_left_press.ddj with size 3316 
07:15:17.190 [main] DEBUG org.sokybot.pk2.Pk2CryptoUtils - File rotate_right.ddj is not encrypted , flags not exists
07:15:17.190 [main] INFO org.soky.sro.pk2.io.Pk2IOTest - Consuming 3316 byte(s) from file rotate_right.ddj with size 3316 
07:15:17.190 [main] DEBUG org.sokybot.pk2.Pk2CryptoUtils - File rotate_right_focus.ddj is not encrypted , flags not exists
07:15:17.190 [main] INFO org.soky.sro.pk2.io.Pk2IOTest - Consuming 3316 byte(s) from file rotate_right_focus.ddj with size 3316 
07:15:17.191 [main] DEBUG org.sokybot.pk2.Pk2CryptoUtils - File rotate_right_press.ddj is not encrypted , flags not exists
07:15:17.191 [main] INFO org.soky.sro.pk2.io.Pk2IOTest - Consuming 3316 byte(s) from file rotate_right_press.ddj with size 3316 
07:15:17.191 [main] DEBUG org.sokybot.pk2.Pk2CryptoUtils - File rotate_window.ddj is not encrypted , flags not exists
07:15:17.191 [main] INFO org.soky.sro.pk2.io.Pk2IOTest - Consuming 34196 byte(s) from file rotate_window.ddj with size 34196 
07:15:17.191 [main] DEBUG org.sokybot.pk2.Pk2CryptoUtils - File serverchange_window.ddj is not encrypted , flags not exists
07:15:17.195 [main] INFO org.soky.sro.pk2.io.Pk2IOTest - Consuming 355148 byte(s) from file serverchange_window.ddj with size 355148 
07:15:17.195 [main] DEBUG org.sokybot.pk2.Pk2CryptoUtils - File server_down.ddj is not encrypted , flags not exists
07:15:17.195 [main] INFO org.soky.sro.pk2.io.Pk2IOTest - Consuming 948 byte(s) from file server_down.ddj with size 948 
07:15:17.195 [main] DEBUG org.sokybot.pk2.Pk2CryptoUtils - File server_down_focus.ddj is not encrypted , flags not exists
07:15:17.195 [main] INFO org.soky.sro.pk2.io.Pk2IOTest - Consuming 948 byte(s) from file server_down_focus.ddj with size 948 
07:15:17.195 [main] DEBUG org.sokybot.pk2.Pk2CryptoUtils - File server_down_press.ddj is not encrypted , flags not exists
07:15:17.195 [main] INFO org.soky.sro.pk2.io.Pk2IOTest - Consuming 948 byte(s) from file server_down_press.ddj with size 948 
07:15:17.195 [main] DEBUG org.sokybot.pk2.Pk2CryptoUtils - File server_mov.ddj is not encrypted , flags not exists
07:15:17.195 [main] INFO org.soky.sro.pk2.io.Pk2IOTest - Consuming 948 byte(s) from file server_mov.ddj with size 948 
07:15:17.195 [main] DEBUG org.sokybot.pk2.Pk2CryptoUtils - File server_mov_focus.ddj is not encrypted , flags not exists
07:15:17.195 [main] INFO org.soky.sro.pk2.io.Pk2IOTest - Consuming 948 byte(s) from file server_mov_focus.ddj with size 948 
07:15:17.196 [main] DEBUG org.sokybot.pk2.Pk2CryptoUtils - File server_mov_press.ddj is not encrypted , flags not exists
07:15:17.196 [main] INFO org.soky.sro.pk2.io.Pk2IOTest - Consuming 948 byte(s) from file server_mov_press.ddj with size 948 
07:15:17.196 [main] DEBUG org.sokybot.pk2.Pk2CryptoUtils - File server_new.ddj is not encrypted , flags not exists
07:15:17.196 [main] INFO org.soky.sro.pk2.io.Pk2IOTest - Consuming 1172 byte(s) from file server_new.ddj with size 1172 
07:15:17.196 [main] DEBUG org.sokybot.pk2.Pk2CryptoUtils - File server_rollover.ddj is not encrypted , flags not exists
07:15:17.196 [main] INFO org.soky.sro.pk2.io.Pk2IOTest - Consuming 16468 byte(s) from file server_rollover.ddj with size 16468 
07:15:17.196 [main] DEBUG org.sokybot.pk2.Pk2CryptoUtils - File server_select.ddj is not encrypted , flags not exists
07:15:17.196 [main] INFO org.soky.sro.pk2.io.Pk2IOTest - Consuming 16468 byte(s) from file server_select.ddj with size 16468 
07:15:17.196 [main] DEBUG org.sokybot.pk2.Pk2CryptoUtils - File server_stop.ddj is not encrypted , flags not exists
07:15:17.196 [main] INFO org.soky.sro.pk2.io.Pk2IOTest - Consuming 1268 byte(s) from file server_stop.ddj with size 1268 
07:15:17.197 [main] DEBUG org.sokybot.pk2.Pk2CryptoUtils - File server_up.ddj is not encrypted , flags not exists
07:15:17.197 [main] INFO org.soky.sro.pk2.io.Pk2IOTest - Consuming 948 byte(s) from file server_up.ddj with size 948 
07:15:17.197 [main] DEBUG org.sokybot.pk2.Pk2CryptoUtils - File server_up_focus.ddj is not encrypted , flags not exists
07:15:17.197 [main] INFO org.soky.sro.pk2.io.Pk2IOTest - Consuming 948 byte(s) from file server_up_focus.ddj with size 948 
07:15:17.197 [main] DEBUG org.sokybot.pk2.Pk2CryptoUtils - File server_up_press.ddj is not encrypted , flags not exists
07:15:17.197 [main] INFO org.soky.sro.pk2.io.Pk2IOTest - Consuming 948 byte(s) from file server_up_press.ddj with size 948 
07:15:17.197 [main] DEBUG org.sokybot.pk2.Pk2CryptoUtils - File server_window.ddj is not encrypted , flags not exists
07:15:17.200 [main] INFO org.soky.sro.pk2.io.Pk2IOTest - Consuming 326548 byte(s) from file server_window.ddj with size 326548 
07:15:17.201 [main] DEBUG org.sokybot.pk2.Pk2CryptoUtils - File sever_select.ddj is not encrypted , flags not exists
07:15:17.201 [main] INFO org.soky.sro.pk2.io.Pk2IOTest - Consuming 18292 byte(s) from file sever_select.ddj with size 18292 
07:15:17.201 [main] DEBUG org.sokybot.pk2.Pk2CryptoUtils - File slider.ddj is not encrypted , flags not exists
07:15:17.201 [main] INFO org.soky.sro.pk2.io.Pk2IOTest - Consuming 916 byte(s) from file slider.ddj with size 916 
07:15:17.201 [main] DEBUG org.sokybot.pk2.Pk2CryptoUtils - File slider_focus.ddj is not encrypted , flags not exists
07:15:17.201 [main] INFO org.soky.sro.pk2.io.Pk2IOTest - Consuming 916 byte(s) from file slider_focus.ddj with size 916 
07:15:17.201 [main] DEBUG org.sokybot.pk2.Pk2CryptoUtils - File slider_press.ddj is not encrypted , flags not exists
07:15:17.201 [main] INFO org.soky.sro.pk2.io.Pk2IOTest - Consuming 916 byte(s) from file slider_press.ddj with size 916 
07:15:17.201 [main] DEBUG org.sokybot.pk2.Pk2CryptoUtils - File unity_window.ddj is not encrypted , flags not exists
07:15:17.206 [main] INFO org.soky.sro.pk2.io.Pk2IOTest - Consuming 474516 byte(s) from file unity_window.ddj with size 474516 
07:15:17.206 [main] DEBUG org.sokybot.pk2.Pk2CryptoUtils - File warning_button.ddj is not encrypted , flags not exists
07:15:17.206 [main] INFO org.soky.sro.pk2.io.Pk2IOTest - Consuming 5012 byte(s) from file warning_button.ddj with size 5012 
07:15:17.206 [main] DEBUG org.sokybot.pk2.Pk2CryptoUtils - File warning_button_focus.ddj is not encrypted , flags not exists
07:15:17.207 [main] INFO org.soky.sro.pk2.io.Pk2IOTest - Consuming 5012 byte(s) from file warning_button_focus.ddj with size 5012 
07:15:17.207 [main] DEBUG org.sokybot.pk2.Pk2CryptoUtils - File warning_button_press.ddj is not encrypted , flags not exists
07:15:17.207 [main] INFO org.soky.sro.pk2.io.Pk2IOTest - Consuming 5012 byte(s) from file warning_button_press.ddj with size 5012 
07:15:17.207 [main] DEBUG org.sokybot.pk2.Pk2CryptoUtils - File warning_create.ddj is not encrypted , flags not exists
07:15:17.208 [main] INFO org.soky.sro.pk2.io.Pk2IOTest - Consuming 127124 byte(s) from file warning_create.ddj with size 127124 
07:15:17.208 [main] DEBUG org.sokybot.pk2.Pk2CryptoUtils - File warning_delete.ddj is not encrypted , flags not exists
07:15:17.211 [main] INFO org.soky.sro.pk2.io.Pk2IOTest - Consuming 264340 byte(s) from file warning_delete.ddj with size 264340 
07:15:17.211 [main] DEBUG org.sokybot.pk2.Pk2CryptoUtils - File woman_off.ddj is not encrypted , flags not exists
07:15:17.211 [main] INFO org.soky.sro.pk2.io.Pk2IOTest - Consuming 4180 byte(s) from file woman_off.ddj with size 4180 
07:15:17.211 [main] DEBUG org.sokybot.pk2.Pk2CryptoUtils - File woman_off_focus.ddj is not encrypted , flags not exists
07:15:17.211 [main] INFO org.soky.sro.pk2.io.Pk2IOTest - Consuming 4180 byte(s) from file woman_off_focus.ddj with size 4180 
07:15:17.211 [main] DEBUG org.sokybot.pk2.Pk2CryptoUtils - File woman_off_press.ddj is not encrypted , flags not exists
07:15:17.212 [main] INFO org.soky.sro.pk2.io.Pk2IOTest - Consuming 4180 byte(s) from file woman_off_press.ddj with size 4180 
07:15:17.212 [main] DEBUG org.sokybot.pk2.Pk2CryptoUtils - File woman_on.ddj is not encrypted , flags not exists
07:15:17.212 [main] INFO org.soky.sro.pk2.io.Pk2IOTest - Consuming 4180 byte(s) from file woman_on.ddj with size 4180 
07:15:17.212 [main] DEBUG org.sokybot.pk2.Pk2CryptoUtils - File woman_on_focus.ddj is not encrypted , flags not exists
07:15:17.212 [main] INFO org.soky.sro.pk2.io.Pk2IOTest - Consuming 4180 byte(s) from file woman_on_focus.ddj with size 4180 
07:15:17.212 [main] DEBUG org.sokybot.pk2.Pk2CryptoUtils - File woman_on_press.ddj is not encrypted , flags not exists
07:15:17.212 [main] INFO org.soky.sro.pk2.io.Pk2IOTest - Consuming 4180 byte(s) from file woman_on_press.ddj with size 4180 
07:15:17.212 [main] DEBUG org.sokybot.pk2.Pk2CryptoUtils - File zoomin.ddj is not encrypted , flags not exists
07:15:17.212 [main] INFO org.soky.sro.pk2.io.Pk2IOTest - Consuming 3028 byte(s) from file zoomin.ddj with size 3028 
07:15:17.212 [main] DEBUG org.sokybot.pk2.Pk2CryptoUtils - File zoomin_focus.ddj is not encrypted , flags not exists
07:15:17.212 [main] INFO org.soky.sro.pk2.io.Pk2IOTest - Consuming 3028 byte(s) from file zoomin_focus.ddj with size 3028 
07:15:17.212 [main] DEBUG org.sokybot.pk2.Pk2CryptoUtils - File zoomin_press.ddj is not encrypted , flags not exists
07:15:17.212 [main] INFO org.soky.sro.pk2.io.Pk2IOTest - Consuming 3028 byte(s) from file zoomin_press.ddj with size 3028 
07:15:17.213 [main] DEBUG org.sokybot.pk2.Pk2CryptoUtils - File zoomout.ddj is not encrypted , flags not exists
07:15:17.213 [main] INFO org.soky.sro.pk2.io.Pk2IOTest - Consuming 3028 byte(s) from file zoomout.ddj with size 3028 
07:15:17.213 [main] DEBUG org.sokybot.pk2.Pk2CryptoUtils - File zoomout_focus.ddj is not encrypted , flags not exists
07:15:17.213 [main] INFO org.soky.sro.pk2.io.Pk2IOTest - Consuming 3028 byte(s) from file zoomout_focus.ddj with size 3028 
07:15:17.213 [main] DEBUG org.sokybot.pk2.Pk2CryptoUtils - File zoomout_press.ddj is not encrypted , flags not exists
07:15:17.213 [main] INFO org.soky.sro.pk2.io.Pk2IOTest - Consuming 3028 byte(s) from file zoomout_press.ddj with size 3028 
07:15:17.213 [main] DEBUG org.sokybot.pk2.Pk2CryptoUtils - File ad_button.ddj is not encrypted , flags not exists
07:15:17.213 [main] INFO org.soky.sro.pk2.io.Pk2IOTest - Consuming 5140 byte(s) from file ad_button.ddj with size 5140 
07:15:17.213 [main] DEBUG org.sokybot.pk2.Pk2CryptoUtils - File agree_window.ddj is not encrypted , flags not exists
07:15:17.227 [main] INFO org.soky.sro.pk2.io.Pk2IOTest - Consuming 1231508 byte(s) from file agree_window.ddj with size 1231508 
07:15:17.227 [main] DEBUG org.sokybot.pk2.Pk2CryptoUtils - File sf_radiobutton.ddj is not encrypted , flags not exists
07:15:17.227 [main] INFO org.soky.sro.pk2.io.Pk2IOTest - Consuming 14020 byte(s) from file sf_radiobutton.ddj with size 14020 
07:15:17.227 [main] DEBUG org.sokybot.pk2.Pk2CryptoUtils - File sf_language_button.ddj is not encrypted , flags not exists
07:15:17.228 [main] INFO org.soky.sro.pk2.io.Pk2IOTest - Consuming 58708 byte(s) from file sf_language_button.ddj with size 58708 
07:15:17.228 [main] DEBUG org.sokybot.pk2.Pk2CryptoUtils - File sf_language_button_focus.ddj is not encrypted , flags not exists
07:15:17.229 [main] INFO org.soky.sro.pk2.io.Pk2IOTest - Consuming 58708 byte(s) from file sf_language_button_focus.ddj with size 58708 
07:15:17.229 [main] DEBUG org.sokybot.pk2.Pk2CryptoUtils - File sf_language_button_press.ddj is not encrypted , flags not exists
07:15:17.230 [main] INFO org.soky.sro.pk2.io.Pk2IOTest - Consuming 58708 byte(s) from file sf_language_button_press.ddj with size 58708 
07:15:17.230 [main] DEBUG org.sokybot.pk2.Pk2CryptoUtils - File sf_language_country.ddj is not encrypted , flags not exists
07:15:17.230 [main] INFO org.soky.sro.pk2.io.Pk2IOTest - Consuming 22228 byte(s) from file sf_language_country.ddj with size 22228 
07:15:17.230 [main] DEBUG org.sokybot.pk2.Pk2CryptoUtils - File sf_language_select_frame.ddj is not encrypted , flags not exists
07:15:17.234 [main] INFO org.soky.sro.pk2.io.Pk2IOTest - Consuming 349588 byte(s) from file sf_language_select_frame.ddj with size 349588 
07:15:17.234 [main] DEBUG org.sokybot.pk2.Pk2CryptoUtils - File yahoo_window.ddj is not encrypted , flags not exists
07:15:17.237 [main] INFO org.soky.sro.pk2.io.Pk2IOTest - Consuming 306004 byte(s) from file yahoo_window.ddj with size 306004 
07:15:17.237 [main] DEBUG org.sokybot.pk2.Pk2CryptoUtils - File serverchange_re_window.ddj is not encrypted , flags not exists
07:15:17.241 [main] INFO org.soky.sro.pk2.io.Pk2IOTest - Consuming 324628 byte(s) from file serverchange_re_window.ddj with size 324628 
07:15:17.241 [main] DEBUG org.sokybot.pk2.Pk2CryptoUtils - File auto_login_effect.ddj is not encrypted , flags not exists
07:15:17.244 [main] INFO org.soky.sro.pk2.io.Pk2IOTest - Consuming 262292 byte(s) from file auto_login_effect.ddj with size 262292 
07:15:17.244 [main] DEBUG org.sokybot.pk2.Pk2CryptoUtils - File auto_login_effect_sample.ddj is not encrypted , flags not exists
07:15:17.244 [main] INFO org.soky.sro.pk2.io.Pk2IOTest - Consuming 4372 byte(s) from file auto_login_effect_sample.ddj with size 4372 
07:15:17.244 [main] DEBUG org.sokybot.pk2.Pk2CryptoUtils - File auto_login_frame.ddj is not encrypted , flags not exists
07:15:17.249 [main] INFO org.soky.sro.pk2.io.Pk2IOTest - Consuming 434068 byte(s) from file auto_login_frame.ddj with size 434068 
07:15:17.249 [main] DEBUG org.sokybot.pk2.Pk2CryptoUtils - File characterloading.ddj is not encrypted , flags not exists
07:15:17.249 [main] INFO org.soky.sro.pk2.io.Pk2IOTest - Consuming 10516 byte(s) from file characterloading.ddj with size 10516 
07:15:17.249 [main] DEBUG org.sokybot.pk2.Pk2CryptoUtils - File job_button.ddj is not encrypted , flags not exists
07:15:17.249 [main] INFO org.soky.sro.pk2.io.Pk2IOTest - Consuming 11924 byte(s) from file job_button.ddj with size 11924 
07:15:17.250 [main] DEBUG org.sokybot.pk2.Pk2CryptoUtils - File job_button_disable.ddj is not encrypted , flags not exists
07:15:17.250 [main] INFO org.soky.sro.pk2.io.Pk2IOTest - Consuming 11924 byte(s) from file job_button_disable.ddj with size 11924 
07:15:17.250 [main] DEBUG org.sokybot.pk2.Pk2CryptoUtils - File job_button_focus.ddj is not encrypted , flags not exists
07:15:17.250 [main] INFO org.soky.sro.pk2.io.Pk2IOTest - Consuming 11924 byte(s) from file job_button_focus.ddj with size 11924 
07:15:17.250 [main] DEBUG org.sokybot.pk2.Pk2CryptoUtils - File job_button_press.ddj is not encrypted , flags not exists
07:15:17.250 [main] INFO org.soky.sro.pk2.io.Pk2IOTest - Consuming 11924 byte(s) from file job_button_press.ddj with size 11924 
07:15:17.250 [main] DEBUG org.sokybot.pk2.Pk2CryptoUtils - File job_choice_window.ddj is not encrypted , flags not exists
07:15:17.258 [main] INFO org.soky.sro.pk2.io.Pk2IOTest - Consuming 733972 byte(s) from file job_choice_window.ddj with size 733972 
07:15:17.258 [main] DEBUG org.sokybot.pk2.Pk2CryptoUtils - File job_hunter_gage.ddj is not encrypted , flags not exists
07:15:17.258 [main] INFO org.soky.sro.pk2.io.Pk2IOTest - Consuming 276 byte(s) from file job_hunter_gage.ddj with size 276 
07:15:17.258 [main] DEBUG org.sokybot.pk2.Pk2CryptoUtils - File job_hunter_icon.ddj is not encrypted , flags not exists
07:15:17.259 [main] INFO org.soky.sro.pk2.io.Pk2IOTest - Consuming 30868 byte(s) from file job_hunter_icon.ddj with size 30868 
07:15:17.259 [main] DEBUG org.sokybot.pk2.Pk2CryptoUtils - File job_teaf_gage.ddj is not encrypted , flags not exists
07:15:17.259 [main] INFO org.soky.sro.pk2.io.Pk2IOTest - Consuming 276 byte(s) from file job_teaf_gage.ddj with size 276 
07:15:17.259 [main] DEBUG org.sokybot.pk2.Pk2CryptoUtils - File job_teaf_icon.ddj is not encrypted , flags not exists
07:15:17.259 [main] INFO org.soky.sro.pk2.io.Pk2IOTest - Consuming 27028 byte(s) from file job_teaf_icon.ddj with size 27028 
07:15:17.259 [main] DEBUG org.sokybot.pk2.Pk2CryptoUtils - File login_window_europe_mobile.ddj is not encrypted , flags not exists
07:15:17.262 [main] INFO org.soky.sro.pk2.io.Pk2IOTest - Consuming 251028 byte(s) from file login_window_europe_mobile.ddj with size 251028 
07:15:17.262 [main] DEBUG org.sokybot.pk2.Pk2CryptoUtils - File login_window_eu_located.ddj is not encrypted , flags not exists
07:15:17.264 [main] INFO org.soky.sro.pk2.io.Pk2IOTest - Consuming 189076 byte(s) from file login_window_eu_located.ddj with size 189076 
07:15:17.264 [main] DEBUG org.sokybot.pk2.Pk2CryptoUtils - File login_window_eu_located_bar.ddj is not encrypted , flags not exists
07:15:17.264 [main] INFO org.soky.sro.pk2.io.Pk2IOTest - Consuming 21652 byte(s) from file login_window_eu_located_bar.ddj with size 21652 
07:15:17.264 [main] DEBUG org.sokybot.pk2.Pk2CryptoUtils - File login_window_eu_located_black.ddj is not encrypted , flags not exists
07:15:17.264 [main] INFO org.soky.sro.pk2.io.Pk2IOTest - Consuming 1172 byte(s) from file login_window_eu_located_black.ddj with size 1172 
07:15:17.264 [main] DEBUG org.sokybot.pk2.Pk2CryptoUtils - File login_window_eu_located_ckorea.ddj is not encrypted , flags not exists
07:15:17.265 [main] INFO org.soky.sro.pk2.io.Pk2IOTest - Consuming 2388 byte(s) from file login_window_eu_located_ckorea.ddj with size 2388 
07:15:17.265 [main] DEBUG org.sokybot.pk2.Pk2CryptoUtils - File login_window_eu_located_cusa.ddj is not encrypted , flags not exists
07:15:17.265 [main] INFO org.soky.sro.pk2.io.Pk2IOTest - Consuming 2388 byte(s) from file login_window_eu_located_cusa.ddj with size 2388 
07:15:17.265 [main] DEBUG org.sokybot.pk2.Pk2CryptoUtils - File login_window_eu_located_green.ddj is not encrypted , flags not exists
07:15:17.265 [main] INFO org.soky.sro.pk2.io.Pk2IOTest - Consuming 1172 byte(s) from file login_window_eu_located_green.ddj with size 1172 
07:15:17.265 [main] DEBUG org.sokybot.pk2.Pk2CryptoUtils - File login_window_eu_located_red.ddj is not encrypted , flags not exists
07:15:17.265 [main] INFO org.soky.sro.pk2.io.Pk2IOTest - Consuming 1172 byte(s) from file login_window_eu_located_red.ddj with size 1172 
07:15:17.265 [main] DEBUG org.sokybot.pk2.Pk2CryptoUtils - File login_window_eu_located_union.ddj is not encrypted , flags not exists
07:15:17.265 [main] INFO org.soky.sro.pk2.io.Pk2IOTest - Consuming 2388 byte(s) from file login_window_eu_located_union.ddj with size 2388 
07:15:17.266 [main] DEBUG org.sokybot.pk2.Pk2CryptoUtils - File login_window_eu_located_yellow.ddj is not encrypted , flags not exists
07:15:17.266 [main] INFO org.soky.sro.pk2.io.Pk2IOTest - Consuming 1172 byte(s) from file login_window_eu_located_yellow.ddj with size 1172 
07:15:17.266 [main] DEBUG org.sokybot.pk2.Pk2CryptoUtils - File login_window_vip.ddj is not encrypted , flags not exists
07:15:17.266 [main] INFO org.soky.sro.pk2.io.Pk2IOTest - Consuming 2324 byte(s) from file login_window_vip.ddj with size 2324 
07:15:17.266 [main] DEBUG org.sokybot.pk2.Pk2CryptoUtils - JmxFile logobig.ddj size is smaller than ENCRYPTED_TEXT_FOOTER_STATEMENT  plus 2 bytes flag 24  
07:15:17.266 [main] INFO org.soky.sro.pk2.io.Pk2IOTest - Consuming 20 byte(s) from file logobig.ddj with size 20 
07:15:17.266 [main] DEBUG org.sokybot.pk2.Pk2CryptoUtils - File overlap_disable.ddj is not encrypted , flags not exists
07:15:17.266 [main] INFO org.soky.sro.pk2.io.Pk2IOTest - Consuming 7648 byte(s) from file overlap_disable.ddj with size 7648 
07:15:17.267 [main] DEBUG org.sokybot.pk2.Pk2CryptoUtils - File pre_logo.ddj is not encrypted , flags not exists
07:15:17.284 [main] INFO org.soky.sro.pk2.io.Pk2IOTest - Consuming 1573012 byte(s) from file pre_logo.ddj with size 1573012 
07:15:17.284 [main] DEBUG org.sokybot.pk2.Pk2CryptoUtils - File server_global_window.ddj is not encrypted , flags not exists
07:15:17.289 [main] INFO org.soky.sro.pk2.io.Pk2IOTest - Consuming 424468 byte(s) from file server_global_window.ddj with size 424468 
07:15:17.289 [main] DEBUG org.sokybot.pk2.Pk2CryptoUtils - File pt_association.ddj is not encrypted , flags not exists
07:15:17.289 [main] INFO org.soky.sro.pk2.io.Pk2IOTest - Consuming 660 byte(s) from file pt_association.ddj with size 660 
07:15:17.289 [main] DEBUG org.sokybot.pk2.Pk2CryptoUtils - File pt_box.ddj is not encrypted , flags not exists
07:15:17.289 [main] INFO org.soky.sro.pk2.io.Pk2IOTest - Consuming 3508 byte(s) from file pt_box.ddj with size 3508 
07:15:17.289 [main] DEBUG org.sokybot.pk2.Pk2CryptoUtils - File pt_button.ddj is not encrypted , flags not exists
07:15:17.289 [main] INFO org.soky.sro.pk2.io.Pk2IOTest - Consuming 1908 byte(s) from file pt_button.ddj with size 1908 
07:15:17.289 [main] DEBUG org.sokybot.pk2.Pk2CryptoUtils - File pt_button_disable.ddj is not encrypted , flags not exists
07:15:17.289 [main] INFO org.soky.sro.pk2.io.Pk2IOTest - Consuming 1908 byte(s) from file pt_button_disable.ddj with size 1908 
07:15:17.289 [main] DEBUG org.sokybot.pk2.Pk2CryptoUtils - File pt_button_focus.ddj is not encrypted , flags not exists
07:15:17.289 [main] INFO org.soky.sro.pk2.io.Pk2IOTest - Consuming 1908 byte(s) from file pt_button_focus.ddj with size 1908 
07:15:17.289 [main] DEBUG org.sokybot.pk2.Pk2CryptoUtils - File pt_button_press.ddj is not encrypted , flags not exists
07:15:17.290 [main] INFO org.soky.sro.pk2.io.Pk2IOTest - Consuming 1908 byte(s) from file pt_button_press.ddj with size 1908 
07:15:17.290 [main] DEBUG org.sokybot.pk2.Pk2CryptoUtils - File pt_eachone.ddj is not encrypted , flags not exists
07:15:17.290 [main] INFO org.soky.sro.pk2.io.Pk2IOTest - Consuming 660 byte(s) from file pt_eachone.ddj with size 660 
07:15:17.290 [main] DEBUG org.sokybot.pk2.Pk2CryptoUtils - File pt_face.ddj is not encrypted , flags not exists
07:15:17.290 [main] INFO org.soky.sro.pk2.io.Pk2IOTest - Consuming 1716 byte(s) from file pt_face.ddj with size 1716 
07:15:17.290 [main] DEBUG org.sokybot.pk2.Pk2CryptoUtils - File pt_flag.ddj is not encrypted , flags not exists
07:15:17.290 [main] INFO org.soky.sro.pk2.io.Pk2IOTest - Consuming 436 byte(s) from file pt_flag.ddj with size 436 
07:15:17.290 [main] DEBUG org.sokybot.pk2.Pk2CryptoUtils - File pt_hp.ddj is not encrypted , flags not exists
07:15:17.290 [main] INFO org.soky.sro.pk2.io.Pk2IOTest - Consuming 1236 byte(s) from file pt_hp.ddj with size 1236 
07:15:17.290 [main] DEBUG org.sokybot.pk2.Pk2CryptoUtils - File pt_hp_disable.ddj is not encrypted , flags not exists
07:15:17.290 [main] INFO org.soky.sro.pk2.io.Pk2IOTest - Consuming 1236 byte(s) from file pt_hp_disable.ddj with size 1236 
07:15:17.290 [main] DEBUG org.sokybot.pk2.Pk2CryptoUtils - File pt_icon_frame.ddj is not encrypted , flags not exists
07:15:17.290 [main] INFO org.soky.sro.pk2.io.Pk2IOTest - Consuming 2740 byte(s) from file pt_icon_frame.ddj with size 2740 
07:15:17.291 [main] DEBUG org.sokybot.pk2.Pk2CryptoUtils - File pt_key.ddj is not encrypted , flags not exists
07:15:17.291 [main] INFO org.soky.sro.pk2.io.Pk2IOTest - Consuming 5332 byte(s) from file pt_key.ddj with size 5332 
07:15:17.291 [main] DEBUG org.sokybot.pk2.Pk2CryptoUtils - File pt_mp.ddj is not encrypted , flags not exists
07:15:17.291 [main] INFO org.soky.sro.pk2.io.Pk2IOTest - Consuming 1236 byte(s) from file pt_mp.ddj with size 1236 
07:15:17.291 [main] DEBUG org.sokybot.pk2.Pk2CryptoUtils - File pt_mp_disable.ddj is not encrypted , flags not exists
07:15:17.291 [main] INFO org.soky.sro.pk2.io.Pk2IOTest - Consuming 1236 byte(s) from file pt_mp_disable.ddj with size 1236 
07:15:17.291 [main] DEBUG org.sokybot.pk2.Pk2CryptoUtils - File pt_msg.ddj is not encrypted , flags not exists
07:15:17.291 [main] INFO org.soky.sro.pk2.io.Pk2IOTest - Consuming 26356 byte(s) from file pt_msg.ddj with size 26356 
07:15:17.291 [main] DEBUG org.sokybot.pk2.Pk2CryptoUtils - File pt_no_face.ddj is not encrypted , flags not exists
07:15:17.292 [main] INFO org.soky.sro.pk2.io.Pk2IOTest - Consuming 3284 byte(s) from file pt_no_face.ddj with size 3284 
07:15:17.292 [main] DEBUG org.sokybot.pk2.Pk2CryptoUtils - File pt_no_party.ddj is not encrypted , flags not exists
07:15:17.292 [main] INFO org.soky.sro.pk2.io.Pk2IOTest - Consuming 1908 byte(s) from file pt_no_party.ddj with size 1908 
07:15:17.292 [main] DEBUG org.sokybot.pk2.Pk2CryptoUtils - File pt_progress.ddj is not encrypted , flags not exists
07:15:17.292 [main] INFO org.soky.sro.pk2.io.Pk2IOTest - Consuming 7252 byte(s) from file pt_progress.ddj with size 7252 
07:15:17.292 [main] DEBUG org.sokybot.pk2.Pk2CryptoUtils - File pt_progress_window.ddj is not encrypted , flags not exists
07:15:17.292 [main] INFO org.soky.sro.pk2.io.Pk2IOTest - Consuming 14932 byte(s) from file pt_progress_window.ddj with size 14932 
07:15:17.292 [main] DEBUG org.sokybot.pk2.Pk2CryptoUtils - File pt_section.ddj is not encrypted , flags not exists
07:15:17.296 [main] INFO org.soky.sro.pk2.io.Pk2IOTest - Consuming 334228 byte(s) from file pt_section.ddj with size 334228 
07:15:17.296 [main] DEBUG org.sokybot.pk2.Pk2CryptoUtils - File pt_slot.ddj is not encrypted , flags not exists
07:15:17.296 [main] INFO org.soky.sro.pk2.io.Pk2IOTest - Consuming 26068 byte(s) from file pt_slot.ddj with size 26068 
07:15:17.296 [main] DEBUG org.sokybot.pk2.Pk2CryptoUtils - File pt_slot_co.ddj is not encrypted , flags not exists
07:15:17.297 [main] INFO org.soky.sro.pk2.io.Pk2IOTest - Consuming 51988 byte(s) from file pt_slot_co.ddj with size 51988 
07:15:17.297 [main] DEBUG org.sokybot.pk2.Pk2CryptoUtils - File pt_slot_re.ddj is not encrypted , flags not exists
07:15:17.297 [main] INFO org.soky.sro.pk2.io.Pk2IOTest - Consuming 51988 byte(s) from file pt_slot_re.ddj with size 51988 
07:15:17.298 [main] DEBUG org.sokybot.pk2.Pk2CryptoUtils - File pt_dispersion_button.ddj is not encrypted , flags not exists
07:15:17.298 [main] INFO org.soky.sro.pk2.io.Pk2IOTest - Consuming 4372 byte(s) from file pt_dispersion_button.ddj with size 4372 
07:15:17.298 [main] DEBUG org.sokybot.pk2.Pk2CryptoUtils - File pt_dispersion_button_disable.ddj is not encrypted , flags not exists
07:15:17.298 [main] INFO org.soky.sro.pk2.io.Pk2IOTest - Consuming 4372 byte(s) from file pt_dispersion_button_disable.ddj with size 4372 
07:15:17.298 [main] DEBUG org.sokybot.pk2.Pk2CryptoUtils - File pt_dispersion_button_focus.ddj is not encrypted , flags not exists
07:15:17.298 [main] INFO org.soky.sro.pk2.io.Pk2IOTest - Consuming 4372 byte(s) from file pt_dispersion_button_focus.ddj with size 4372 
07:15:17.298 [main] DEBUG org.sokybot.pk2.Pk2CryptoUtils - File pt_dispersion_button_press.ddj is not encrypted , flags not exists
07:15:17.298 [main] INFO org.soky.sro.pk2.io.Pk2IOTest - Consuming 4372 byte(s) from file pt_dispersion_button_press.ddj with size 4372 
07:15:17.298 [main] DEBUG org.sokybot.pk2.Pk2CryptoUtils - File pt_tooltip_listbar.ddj is not encrypted , flags not exists
07:15:17.299 [main] INFO org.soky.sro.pk2.io.Pk2IOTest - Consuming 16276 byte(s) from file pt_tooltip_listbar.ddj with size 16276 
07:15:17.299 [main] DEBUG org.sokybot.pk2.Pk2CryptoUtils - File pt_block.ddj is not encrypted , flags not exists
07:15:17.299 [main] INFO org.soky.sro.pk2.io.Pk2IOTest - Consuming 2196 byte(s) from file pt_block.ddj with size 2196 
07:15:17.299 [main] DEBUG org.sokybot.pk2.Pk2CryptoUtils - File pt_edge_effect.ddj is not encrypted , flags not exists
07:15:17.299 [main] INFO org.soky.sro.pk2.io.Pk2IOTest - Consuming 37012 byte(s) from file pt_edge_effect.ddj with size 37012 
07:15:17.300 [main] DEBUG org.sokybot.pk2.Pk2CryptoUtils - File pt_exp.ddj is not encrypted , flags not exists
07:15:17.300 [main] INFO org.soky.sro.pk2.io.Pk2IOTest - Consuming 5620 byte(s) from file pt_exp.ddj with size 5620 
07:15:17.300 [main] DEBUG org.sokybot.pk2.Pk2CryptoUtils - File pt_figure.ddj is not encrypted , flags not exists
07:15:17.300 [main] INFO org.soky.sro.pk2.io.Pk2IOTest - Consuming 1588 byte(s) from file pt_figure.ddj with size 1588 
07:15:17.300 [main] DEBUG org.sokybot.pk2.Pk2CryptoUtils - File pt_gaguebox.ddj is not encrypted , flags not exists
07:15:17.300 [main] INFO org.soky.sro.pk2.io.Pk2IOTest - Consuming 32068 byte(s) from file pt_gaguebox.ddj with size 32068 
07:15:17.300 [main] DEBUG org.sokybot.pk2.Pk2CryptoUtils - File pt_hgp.ddj is not encrypted , flags not exists
07:15:17.301 [main] INFO org.soky.sro.pk2.io.Pk2IOTest - Consuming 5620 byte(s) from file pt_hgp.ddj with size 5620 
07:15:17.301 [main] DEBUG org.sokybot.pk2.Pk2CryptoUtils - File pt_hp.ddj is not encrypted , flags not exists
07:15:17.301 [main] INFO org.soky.sro.pk2.io.Pk2IOTest - Consuming 5620 byte(s) from file pt_hp.ddj with size 5620 
07:15:17.301 [main] DEBUG org.sokybot.pk2.Pk2CryptoUtils - File pt_life_effect.ddj is not encrypted , flags not exists
07:15:17.301 [main] INFO org.soky.sro.pk2.io.Pk2IOTest - Consuming 8340 byte(s) from file pt_life_effect.ddj with size 8340 
07:15:17.301 [main] DEBUG org.sokybot.pk2.Pk2CryptoUtils - File pt_messagebox.ddj is not encrypted , flags not exists
07:15:17.301 [main] INFO org.soky.sro.pk2.io.Pk2IOTest - Consuming 9748 byte(s) from file pt_messagebox.ddj with size 9748 
07:15:17.301 [main] DEBUG org.sokybot.pk2.Pk2CryptoUtils - File pt_mp.ddj is not encrypted , flags not exists
07:15:17.301 [main] INFO org.soky.sro.pk2.io.Pk2IOTest - Consuming 5620 byte(s) from file pt_mp.ddj with size 5620 
07:15:17.302 [main] DEBUG org.sokybot.pk2.Pk2CryptoUtils - File pt_opt_key.ddj is not encrypted , flags not exists
07:15:17.302 [main] INFO org.soky.sro.pk2.io.Pk2IOTest - Consuming 13588 byte(s) from file pt_opt_key.ddj with size 13588 
07:15:17.302 [main] DEBUG org.sokybot.pk2.Pk2CryptoUtils - File pt_selectbar.ddj is not encrypted , flags not exists
07:15:17.302 [main] INFO org.soky.sro.pk2.io.Pk2IOTest - Consuming 8948 byte(s) from file pt_selectbar.ddj with size 8948 
07:15:17.302 [main] DEBUG org.sokybot.pk2.Pk2CryptoUtils - File pt_selectbar_disable.ddj is not encrypted , flags not exists
07:15:17.302 [main] INFO org.soky.sro.pk2.io.Pk2IOTest - Consuming 8948 byte(s) from file pt_selectbar_disable.ddj with size 8948 
07:15:17.302 [main] DEBUG org.sokybot.pk2.Pk2CryptoUtils - File pt_stat_window.ddj is not encrypted , flags not exists
07:15:17.303 [main] INFO org.soky.sro.pk2.io.Pk2IOTest - Consuming 13780 byte(s) from file pt_stat_window.ddj with size 13780 
07:15:17.303 [main] DEBUG org.sokybot.pk2.Pk2CryptoUtils - File pt_time.ddj is not encrypted , flags not exists
07:15:17.303 [main] INFO org.soky.sro.pk2.io.Pk2IOTest - Consuming 15828 byte(s) from file pt_time.ddj with size 15828 
07:15:17.303 [main] DEBUG org.sokybot.pk2.Pk2CryptoUtils - File pet_slot_claw.ddj is not encrypted , flags not exists
07:15:17.303 [main] INFO org.soky.sro.pk2.io.Pk2IOTest - Consuming 12692 byte(s) from file pet_slot_claw.ddj with size 12692 
07:15:17.303 [main] DEBUG org.sokybot.pk2.Pk2CryptoUtils - File pet_slot_saddle.ddj is not encrypted , flags not exists
07:15:17.303 [main] INFO org.soky.sro.pk2.io.Pk2IOTest - Consuming 12692 byte(s) from file pet_slot_saddle.ddj with size 12692 
07:15:17.304 [main] DEBUG org.sokybot.pk2.Pk2CryptoUtils - File pet_slot_scale.ddj is not encrypted , flags not exists
07:15:17.304 [main] INFO org.soky.sro.pk2.io.Pk2IOTest - Consuming 12692 byte(s) from file pet_slot_scale.ddj with size 12692 
07:15:17.304 [main] DEBUG org.sokybot.pk2.Pk2CryptoUtils - File pet_slot_tatto.ddj is not encrypted , flags not exists
07:15:17.304 [main] INFO org.soky.sro.pk2.io.Pk2IOTest - Consuming 12692 byte(s) from file pet_slot_tatto.ddj with size 12692 
07:15:17.304 [main] DEBUG org.sokybot.pk2.Pk2CryptoUtils - File pet_sp_frame.ddj is not encrypted , flags not exists
07:15:17.305 [main] INFO org.soky.sro.pk2.io.Pk2IOTest - Consuming 42772 byte(s) from file pet_sp_frame.ddj with size 42772 
07:15:17.305 [main] DEBUG org.sokybot.pk2.Pk2CryptoUtils - File pt_hgp_bad.ddj is not encrypted , flags not exists
07:15:17.305 [main] INFO org.soky.sro.pk2.io.Pk2IOTest - Consuming 11092 byte(s) from file pt_hgp_bad.ddj with size 11092 
07:15:17.305 [main] DEBUG org.sokybot.pk2.Pk2CryptoUtils - File pt_hgp_good.ddj is not encrypted , flags not exists
07:15:17.305 [main] INFO org.soky.sro.pk2.io.Pk2IOTest - Consuming 11092 byte(s) from file pt_hgp_good.ddj with size 11092 
07:15:17.305 [main] DEBUG org.sokybot.pk2.Pk2CryptoUtils - File pt_sp_gray.ddj is not encrypted , flags not exists
07:15:17.305 [main] INFO org.soky.sro.pk2.io.Pk2IOTest - Consuming 11092 byte(s) from file pt_sp_gray.ddj with size 11092 
07:15:17.306 [main] DEBUG org.sokybot.pk2.Pk2CryptoUtils - File pet_del_tab_disable.ddj is not encrypted , flags not exists
07:15:17.306 [main] INFO org.soky.sro.pk2.io.Pk2IOTest - Consuming 7060 byte(s) from file pet_del_tab_disable.ddj with size 7060 
07:15:17.306 [main] DEBUG org.sokybot.pk2.Pk2CryptoUtils - File pet_del_tab_off.ddj is not encrypted , flags not exists
07:15:17.306 [main] INFO org.soky.sro.pk2.io.Pk2IOTest - Consuming 7060 byte(s) from file pet_del_tab_off.ddj with size 7060 
07:15:17.306 [main] DEBUG org.sokybot.pk2.Pk2CryptoUtils - File pet_del_tab_on.ddj is not encrypted , flags not exists
07:15:17.306 [main] INFO org.soky.sro.pk2.io.Pk2IOTest - Consuming 7060 byte(s) from file pet_del_tab_on.ddj with size 7060 
07:15:17.306 [main] DEBUG org.sokybot.pk2.Pk2CryptoUtils - File pet_evolution_tab_disable.ddj is not encrypted , flags not exists
07:15:17.306 [main] INFO org.soky.sro.pk2.io.Pk2IOTest - Consuming 7060 byte(s) from file pet_evolution_tab_disable.ddj with size 7060 
07:15:17.306 [main] DEBUG org.sokybot.pk2.Pk2CryptoUtils - File pet_evolution_tab_off.ddj is not encrypted , flags not exists
07:15:17.306 [main] INFO org.soky.sro.pk2.io.Pk2IOTest - Consuming 7060 byte(s) from file pet_evolution_tab_off.ddj with size 7060 
07:15:17.307 [main] DEBUG org.sokybot.pk2.Pk2CryptoUtils - File pet_evolution_tab_on.ddj is not encrypted , flags not exists
07:15:17.307 [main] INFO org.soky.sro.pk2.io.Pk2IOTest - Consuming 7060 byte(s) from file pet_evolution_tab_on.ddj with size 7060 
07:15:17.307 [main] DEBUG org.sokybot.pk2.Pk2CryptoUtils - File pet_icon_exp.ddj is not encrypted , flags not exists
07:15:17.307 [main] INFO org.soky.sro.pk2.io.Pk2IOTest - Consuming 2452 byte(s) from file pet_icon_exp.ddj with size 2452 
07:15:17.307 [main] DEBUG org.sokybot.pk2.Pk2CryptoUtils - File pet_icon_hgp.ddj is not encrypted , flags not exists
07:15:17.307 [main] INFO org.soky.sro.pk2.io.Pk2IOTest - Consuming 2452 byte(s) from file pet_icon_hgp.ddj with size 2452 
07:15:17.307 [main] DEBUG org.sokybot.pk2.Pk2CryptoUtils - File pet_icon_hp.ddj is not encrypted , flags not exists
07:15:17.307 [main] INFO org.soky.sro.pk2.io.Pk2IOTest - Consuming 2452 byte(s) from file pet_icon_hp.ddj with size 2452 
07:15:17.307 [main] DEBUG org.sokybot.pk2.Pk2CryptoUtils - File pet_icon_sp.ddj is not encrypted , flags not exists
07:15:17.307 [main] INFO org.soky.sro.pk2.io.Pk2IOTest - Consuming 2452 byte(s) from file pet_icon_sp.ddj with size 2452 
07:15:17.307 [main] DEBUG org.sokybot.pk2.Pk2CryptoUtils - File pet_info_tab_disable.ddj is not encrypted , flags not exists
07:15:17.308 [main] INFO org.soky.sro.pk2.io.Pk2IOTest - Consuming 7060 byte(s) from file pet_info_tab_disable.ddj with size 7060 
07:15:17.308 [main] DEBUG org.sokybot.pk2.Pk2CryptoUtils - File pet_info_tab_off.ddj is not encrypted , flags not exists
07:15:17.308 [main] INFO org.soky.sro.pk2.io.Pk2IOTest - Consuming 7060 byte(s) from file pet_info_tab_off.ddj with size 7060 
07:15:17.308 [main] DEBUG org.sokybot.pk2.Pk2CryptoUtils - File pet_info_tab_on.ddj is not encrypted , flags not exists
07:15:17.308 [main] INFO org.soky.sro.pk2.io.Pk2IOTest - Consuming 7060 byte(s) from file pet_info_tab_on.ddj with size 7060 
07:15:17.308 [main] DEBUG org.sokybot.pk2.Pk2CryptoUtils - File pet_item_tab_disable.ddj is not encrypted , flags not exists
07:15:17.308 [main] INFO org.soky.sro.pk2.io.Pk2IOTest - Consuming 7060 byte(s) from file pet_item_tab_disable.ddj with size 7060 
07:15:17.308 [main] DEBUG org.sokybot.pk2.Pk2CryptoUtils - File pet_item_tab_off.ddj is not encrypted , flags not exists
07:15:17.308 [main] INFO org.soky.sro.pk2.io.Pk2IOTest - Consuming 7060 byte(s) from file pet_item_tab_off.ddj with size 7060 
07:15:17.309 [main] DEBUG org.sokybot.pk2.Pk2CryptoUtils - File pet_item_tab_on.ddj is not encrypted , flags not exists
07:15:17.309 [main] INFO org.soky.sro.pk2.io.Pk2IOTest - Consuming 7060 byte(s) from file pet_item_tab_on.ddj with size 7060 
07:15:17.309 [main] DEBUG org.sokybot.pk2.Pk2CryptoUtils - File pet_level_tab_disable.ddj is not encrypted , flags not exists
07:15:17.309 [main] INFO org.soky.sro.pk2.io.Pk2IOTest - Consuming 7060 byte(s) from file pet_level_tab_disable.ddj with size 7060 
07:15:17.309 [main] DEBUG org.sokybot.pk2.Pk2CryptoUtils - File pet_level_tab_off.ddj is not encrypted , flags not exists
07:15:17.309 [main] INFO org.soky.sro.pk2.io.Pk2IOTest - Consuming 7060 byte(s) from file pet_level_tab_off.ddj with size 7060 
07:15:17.309 [main] DEBUG org.sokybot.pk2.Pk2CryptoUtils - File pet_level_tab_on.ddj is not encrypted , flags not exists
07:15:17.309 [main] INFO org.soky.sro.pk2.io.Pk2IOTest - Consuming 7060 byte(s) from file pet_level_tab_on.ddj with size 7060 
07:15:17.309 [main] DEBUG org.sokybot.pk2.Pk2CryptoUtils - File pet_skill_tab_disable.ddj is not encrypted , flags not exists
07:15:17.309 [main] INFO org.soky.sro.pk2.io.Pk2IOTest - Consuming 7060 byte(s) from file pet_skill_tab_disable.ddj with size 7060 
07:15:17.310 [main] DEBUG org.sokybot.pk2.Pk2CryptoUtils - File pet_skill_tab_off.ddj is not encrypted , flags not exists
07:15:17.310 [main] INFO org.soky.sro.pk2.io.Pk2IOTest - Consuming 7060 byte(s) from file pet_skill_tab_off.ddj with size 7060 
07:15:17.310 [main] DEBUG org.sokybot.pk2.Pk2CryptoUtils - File pet_skill_tab_on.ddj is not encrypted , flags not exists
07:15:17.310 [main] INFO org.soky.sro.pk2.io.Pk2IOTest - Consuming 7060 byte(s) from file pet_skill_tab_on.ddj with size 7060 
07:15:17.310 [main] DEBUG org.sokybot.pk2.Pk2CryptoUtils - File pet_slot_amulet.ddj is not encrypted , flags not exists
07:15:17.310 [main] INFO org.soky.sro.pk2.io.Pk2IOTest - Consuming 12692 byte(s) from file pet_slot_amulet.ddj with size 12692 
07:15:17.310 [main] DEBUG org.sokybot.pk2.Pk2CryptoUtils - File pet_slot_charm.ddj is not encrypted , flags not exists
07:15:17.310 [main] INFO org.soky.sro.pk2.io.Pk2IOTest - Consuming 12692 byte(s) from file pet_slot_charm.ddj with size 12692 
07:15:17.311 [main] DEBUG org.sokybot.pk2.Pk2CryptoUtils - File pet_slot_choker.ddj is not encrypted , flags not exists
07:15:17.311 [main] INFO org.soky.sro.pk2.io.Pk2IOTest - Consuming 12692 byte(s) from file pet_slot_choker.ddj with size 12692 
07:15:17.311 [main] DEBUG org.sokybot.pk2.Pk2CryptoUtils - File pmi_bottom_window.ddj is not encrypted , flags not exists
07:15:17.311 [main] INFO org.soky.sro.pk2.io.Pk2IOTest - Consuming 46228 byte(s) from file pmi_bottom_window.ddj with size 46228 
07:15:17.311 [main] DEBUG org.sokybot.pk2.Pk2CryptoUtils - File pmi_button.ddj is not encrypted , flags not exists
07:15:17.311 [main] INFO org.soky.sro.pk2.io.Pk2IOTest - Consuming 948 byte(s) from file pmi_button.ddj with size 948 
07:15:17.312 [main] DEBUG org.sokybot.pk2.Pk2CryptoUtils - File pmi_button_focus.ddj is not encrypted , flags not exists
07:15:17.312 [main] INFO org.soky.sro.pk2.io.Pk2IOTest - Consuming 948 byte(s) from file pmi_button_focus.ddj with size 948 
07:15:17.312 [main] DEBUG org.sokybot.pk2.Pk2CryptoUtils - File pmi_button_press.ddj is not encrypted , flags not exists
07:15:17.312 [main] INFO org.soky.sro.pk2.io.Pk2IOTest - Consuming 948 byte(s) from file pmi_button_press.ddj with size 948 
07:15:17.312 [main] DEBUG org.sokybot.pk2.Pk2CryptoUtils - File pmi_face.ddj is not encrypted , flags not exists
07:15:17.312 [main] INFO org.soky.sro.pk2.io.Pk2IOTest - Consuming 9364 byte(s) from file pmi_face.ddj with size 9364 
07:15:17.312 [main] DEBUG org.sokybot.pk2.Pk2CryptoUtils - File pmi_face_select.ddj is not encrypted , flags not exists
07:15:17.312 [main] INFO org.soky.sro.pk2.io.Pk2IOTest - Consuming 9364 byte(s) from file pmi_face_select.ddj with size 9364 
07:15:17.312 [main] DEBUG org.sokybot.pk2.Pk2CryptoUtils - File pmi_face_warning.ddj is not encrypted , flags not exists
07:15:17.312 [main] INFO org.soky.sro.pk2.io.Pk2IOTest - Consuming 9364 byte(s) from file pmi_face_warning.ddj with size 9364 
07:15:17.313 [main] DEBUG org.sokybot.pk2.Pk2CryptoUtils - File pmi_hp.ddj is not encrypted , flags not exists
07:15:17.313 [main] INFO org.soky.sro.pk2.io.Pk2IOTest - Consuming 6100 byte(s) from file pmi_hp.ddj with size 6100 
07:15:17.313 [main] DEBUG org.sokybot.pk2.Pk2CryptoUtils - File pmi_jahwan.ddj is not encrypted , flags not exists
07:15:17.313 [main] INFO org.soky.sro.pk2.io.Pk2IOTest - Consuming 404 byte(s) from file pmi_jahwan.ddj with size 404 
07:15:17.313 [main] DEBUG org.sokybot.pk2.Pk2CryptoUtils - File pmi_jahwan_burn.ddj is not encrypted , flags not exists
07:15:17.313 [main] INFO org.soky.sro.pk2.io.Pk2IOTest - Consuming 8340 byte(s) from file pmi_jahwan_burn.ddj with size 8340 
07:15:17.313 [main] DEBUG org.sokybot.pk2.Pk2CryptoUtils - File pmi_jahwan_button.ddj is not encrypted , flags not exists
07:15:17.313 [main] INFO org.soky.sro.pk2.io.Pk2IOTest - Consuming 1748 byte(s) from file pmi_jahwan_button.ddj with size 1748 
07:15:17.313 [main] DEBUG org.sokybot.pk2.Pk2CryptoUtils - File pmi_jahwan_button_focus.ddj is not encrypted , flags not exists
07:15:17.313 [main] INFO org.soky.sro.pk2.io.Pk2IOTest - Consuming 1748 byte(s) from file pmi_jahwan_button_focus.ddj with size 1748 
07:15:17.313 [main] DEBUG org.sokybot.pk2.Pk2CryptoUtils - File pmi_jahwan_button_press.ddj is not encrypted , flags not exists
07:15:17.313 [main] INFO org.soky.sro.pk2.io.Pk2IOTest - Consuming 1748 byte(s) from file pmi_jahwan_button_press.ddj with size 1748 
07:15:17.313 [main] DEBUG org.sokybot.pk2.Pk2CryptoUtils - File pmi_jahwan_face.ddj is not encrypted , flags not exists
07:15:17.314 [main] INFO org.soky.sro.pk2.io.Pk2IOTest - Consuming 9364 byte(s) from file pmi_jahwan_face.ddj with size 9364 
07:15:17.314 [main] DEBUG org.sokybot.pk2.Pk2CryptoUtils - File pmi_jahwan_glow.ddj is not encrypted , flags not exists
07:15:17.314 [main] INFO org.soky.sro.pk2.io.Pk2IOTest - Consuming 32916 byte(s) from file pmi_jahwan_glow.ddj with size 32916 
07:15:17.314 [main] DEBUG org.sokybot.pk2.Pk2CryptoUtils - File pmi_mp.ddj is not encrypted , flags not exists
07:15:17.314 [main] INFO org.soky.sro.pk2.io.Pk2IOTest - Consuming 6100 byte(s) from file pmi_mp.ddj with size 6100 
07:15:17.314 [main] DEBUG org.sokybot.pk2.Pk2CryptoUtils - File pmi_pet_face.ddj is not encrypted , flags not exists
07:15:17.314 [main] INFO org.soky.sro.pk2.io.Pk2IOTest - Consuming 1716 byte(s) from file pmi_pet_face.ddj with size 1716 
07:15:17.314 [main] DEBUG org.sokybot.pk2.Pk2CryptoUtils - File pmi_pet_hgp.ddj is not encrypted , flags not exists
07:15:17.315 [main] INFO org.soky.sro.pk2.io.Pk2IOTest - Consuming 1940 byte(s) from file pmi_pet_hgp.ddj with size 1940 
07:15:17.315 [main] DEBUG org.sokybot.pk2.Pk2CryptoUtils - File pmi_pet_hp.ddj is not encrypted , flags not exists
07:15:17.315 [main] INFO org.soky.sro.pk2.io.Pk2IOTest - Consuming 1940 byte(s) from file pmi_pet_hp.ddj with size 1940 
07:15:17.315 [main] DEBUG org.sokybot.pk2.Pk2CryptoUtils - File pmi_select.ddj is not encrypted , flags not exists
07:15:17.316 [main] INFO org.soky.sro.pk2.io.Pk2IOTest - Consuming 131220 byte(s) from file pmi_select.ddj with size 131220 
07:15:17.316 [main] DEBUG org.sokybot.pk2.Pk2CryptoUtils - File pmi_window.ddj is not encrypted , flags not exists
07:15:17.317 [main] INFO org.soky.sro.pk2.io.Pk2IOTest - Consuming 33588 byte(s) from file pmi_window.ddj with size 33588 
07:15:17.317 [main] DEBUG org.sokybot.pk2.Pk2CryptoUtils - File pet_hp_effect_caution.ddj is not encrypted , flags not exists
07:15:17.317 [main] INFO org.soky.sro.pk2.io.Pk2IOTest - Consuming 32916 byte(s) from file pet_hp_effect_caution.ddj with size 32916 
07:15:17.317 [main] DEBUG org.sokybot.pk2.Pk2CryptoUtils - File pet_mp_effect_caution.ddj is not encrypted , flags not exists
07:15:17.318 [main] INFO org.soky.sro.pk2.io.Pk2IOTest - Consuming 32916 byte(s) from file pet_mp_effect_caution.ddj with size 32916 
07:15:17.318 [main] DEBUG org.sokybot.pk2.Pk2CryptoUtils - File pmi_hp_cha_effect_caution.ddj is not encrypted , flags not exists
07:15:17.318 [main] INFO org.soky.sro.pk2.io.Pk2IOTest - Consuming 32916 byte(s) from file pmi_hp_cha_effect_caution.ddj with size 32916 
07:15:17.318 [main] DEBUG org.sokybot.pk2.Pk2CryptoUtils - File pmi_hp_effect_caution.ddj is not encrypted , flags not exists
07:15:17.319 [main] INFO org.soky.sro.pk2.io.Pk2IOTest - Consuming 32916 byte(s) from file pmi_hp_effect_caution.ddj with size 32916 
07:15:17.319 [main] DEBUG org.sokybot.pk2.Pk2CryptoUtils - File pmi_hp_quick_effect_caution.ddj is not encrypted , flags not exists
07:15:17.319 [main] INFO org.soky.sro.pk2.io.Pk2IOTest - Consuming 16532 byte(s) from file pmi_hp_quick_effect_caution.ddj with size 16532 
07:15:17.319 [main] DEBUG org.sokybot.pk2.Pk2CryptoUtils - File pmi_mp_cha_effect_caution.ddj is not encrypted , flags not exists
07:15:17.319 [main] INFO org.soky.sro.pk2.io.Pk2IOTest - Consuming 32916 byte(s) from file pmi_mp_cha_effect_caution.ddj with size 32916 
07:15:17.319 [main] DEBUG org.sokybot.pk2.Pk2CryptoUtils - File pmi_mp_effect_caution.ddj is not encrypted , flags not exists
07:15:17.320 [main] INFO org.soky.sro.pk2.io.Pk2IOTest - Consuming 32916 byte(s) from file pmi_mp_effect_caution.ddj with size 32916 
07:15:17.320 [main] DEBUG org.sokybot.pk2.Pk2CryptoUtils - File pmi_mp_quick_effect_caution.ddj is not encrypted , flags not exists
07:15:17.320 [main] INFO org.soky.sro.pk2.io.Pk2IOTest - Consuming 16532 byte(s) from file pmi_mp_quick_effect_caution.ddj with size 16532 
07:15:17.320 [main] DEBUG org.sokybot.pk2.Pk2CryptoUtils - File qst_blankwindo.ddj is not encrypted , flags not exists
07:15:17.321 [main] INFO org.soky.sro.pk2.io.Pk2IOTest - Consuming 19188 byte(s) from file qst_blankwindo.ddj with size 19188 
07:15:17.321 [main] DEBUG org.sokybot.pk2.Pk2CryptoUtils - File qst_checkbutton_off.ddj is not encrypted , flags not exists
07:15:17.321 [main] INFO org.soky.sro.pk2.io.Pk2IOTest - Consuming 660 byte(s) from file qst_checkbutton_off.ddj with size 660 
07:15:17.321 [main] DEBUG org.sokybot.pk2.Pk2CryptoUtils - File qst_checkbutton_on.ddj is not encrypted , flags not exists
07:15:17.321 [main] INFO org.soky.sro.pk2.io.Pk2IOTest - Consuming 660 byte(s) from file qst_checkbutton_on.ddj with size 660 
07:15:17.321 [main] DEBUG org.sokybot.pk2.Pk2CryptoUtils - File qst_clock_icon.ddj is not encrypted , flags not exists
07:15:17.321 [main] INFO org.soky.sro.pk2.io.Pk2IOTest - Consuming 532 byte(s) from file qst_clock_icon.ddj with size 532 
07:15:17.321 [main] DEBUG org.sokybot.pk2.Pk2CryptoUtils - File qst_colorbar_blue.ddj is not encrypted , flags not exists
07:15:17.321 [main] INFO org.soky.sro.pk2.io.Pk2IOTest - Consuming 8948 byte(s) from file qst_colorbar_blue.ddj with size 8948 
07:15:17.321 [main] DEBUG org.sokybot.pk2.Pk2CryptoUtils - File qst_colorbar_green.ddj is not encrypted , flags not exists
07:15:17.321 [main] INFO org.soky.sro.pk2.io.Pk2IOTest - Consuming 8948 byte(s) from file qst_colorbar_green.ddj with size 8948 
07:15:17.322 [main] DEBUG org.sokybot.pk2.Pk2CryptoUtils - File qst_colorbar_lightgreen.ddj is not encrypted , flags not exists
07:15:17.322 [main] INFO org.soky.sro.pk2.io.Pk2IOTest - Consuming 8948 byte(s) from file qst_colorbar_lightgreen.ddj with size 8948 
07:15:17.322 [main] DEBUG org.sokybot.pk2.Pk2CryptoUtils - File qst_colorbar_red.ddj is not encrypted , flags not exists
07:15:17.322 [main] INFO org.soky.sro.pk2.io.Pk2IOTest - Consuming 8948 byte(s) from file qst_colorbar_red.ddj with size 8948 
07:15:17.322 [main] DEBUG org.sokybot.pk2.Pk2CryptoUtils - File qst_contentviewblue_button.ddj is not encrypted , flags not exists
07:15:17.322 [main] INFO org.soky.sro.pk2.io.Pk2IOTest - Consuming 948 byte(s) from file qst_contentviewblue_button.ddj with size 948 
07:15:17.322 [main] DEBUG org.sokybot.pk2.Pk2CryptoUtils - File qst_contentviewblue_button_focus.ddj is not encrypted , flags not exists
07:15:17.322 [main] INFO org.soky.sro.pk2.io.Pk2IOTest - Consuming 948 byte(s) from file qst_contentviewblue_button_focus.ddj with size 948 
07:15:17.322 [main] DEBUG org.sokybot.pk2.Pk2CryptoUtils - File qst_contentviewblue_button_press.ddj is not encrypted , flags not exists
07:15:17.322 [main] INFO org.soky.sro.pk2.io.Pk2IOTest - Consuming 948 byte(s) from file qst_contentviewblue_button_press.ddj with size 948 
07:15:17.322 [main] DEBUG org.sokybot.pk2.Pk2CryptoUtils - File qst_contentviewred_button.ddj is not encrypted , flags not exists
07:15:17.322 [main] INFO org.soky.sro.pk2.io.Pk2IOTest - Consuming 948 byte(s) from file qst_contentviewred_button.ddj with size 948 
07:15:17.323 [main] DEBUG org.sokybot.pk2.Pk2CryptoUtils - File qst_contentviewred_button_focus.ddj is not encrypted , flags not exists
07:15:17.323 [main] INFO org.soky.sro.pk2.io.Pk2IOTest - Consuming 948 byte(s) from file qst_contentviewred_button_focus.ddj with size 948 
07:15:17.323 [main] DEBUG org.sokybot.pk2.Pk2CryptoUtils - File qst_contentviewred_button_press.ddj is not encrypted , flags not exists
07:15:17.323 [main] INFO org.soky.sro.pk2.io.Pk2IOTest - Consuming 948 byte(s) from file qst_contentviewred_button_press.ddj with size 948 
07:15:17.323 [main] DEBUG org.sokybot.pk2.Pk2CryptoUtils - File qst_contentview_button.ddj is not encrypted , flags not exists
07:15:17.323 [main] INFO org.soky.sro.pk2.io.Pk2IOTest - Consuming 948 byte(s) from file qst_contentview_button.ddj with size 948 
07:15:17.323 [main] DEBUG org.sokybot.pk2.Pk2CryptoUtils - File qst_contentview_button_disable.ddj is not encrypted , flags not exists
07:15:17.323 [main] INFO org.soky.sro.pk2.io.Pk2IOTest - Consuming 948 byte(s) from file qst_contentview_button_disable.ddj with size 948 
07:15:17.323 [main] DEBUG org.sokybot.pk2.Pk2CryptoUtils - File qst_contentview_button_focus.ddj is not encrypted , flags not exists
07:15:17.323 [main] INFO org.soky.sro.pk2.io.Pk2IOTest - Consuming 948 byte(s) from file qst_contentview_button_focus.ddj with size 948 
07:15:17.323 [main] DEBUG org.sokybot.pk2.Pk2CryptoUtils - File qst_contentview_button_press.ddj is not encrypted , flags not exists
07:15:17.323 [main] INFO org.soky.sro.pk2.io.Pk2IOTest - Consuming 948 byte(s) from file qst_contentview_button_press.ddj with size 948 
07:15:17.323 [main] DEBUG org.sokybot.pk2.Pk2CryptoUtils - File qst_detailwindo.ddj is not encrypted , flags not exists
07:15:17.324 [main] INFO org.soky.sro.pk2.io.Pk2IOTest - Consuming 19188 byte(s) from file qst_detailwindo.ddj with size 19188 
07:15:17.324 [main] DEBUG org.sokybot.pk2.Pk2CryptoUtils - File qst_icon_window.ddj is not encrypted , flags not exists
07:15:17.324 [main] INFO org.soky.sro.pk2.io.Pk2IOTest - Consuming 11380 byte(s) from file qst_icon_window.ddj with size 11380 
07:15:17.324 [main] DEBUG org.sokybot.pk2.Pk2CryptoUtils - File qst_repay_window.ddj is not encrypted , flags not exists
07:15:17.324 [main] INFO org.soky.sro.pk2.io.Pk2IOTest - Consuming 16788 byte(s) from file qst_repay_window.ddj with size 16788 
07:15:17.324 [main] DEBUG org.sokybot.pk2.Pk2CryptoUtils - File qst_sbj_icon.ddj is not encrypted , flags not exists
07:15:17.324 [main] INFO org.soky.sro.pk2.io.Pk2IOTest - Consuming 436 byte(s) from file qst_sbj_icon.ddj with size 436 
07:15:17.324 [main] DEBUG org.sokybot.pk2.Pk2CryptoUtils - File qst_scroll_line.ddj is not encrypted , flags not exists
07:15:17.324 [main] INFO org.soky.sro.pk2.io.Pk2IOTest - Consuming 6004 byte(s) from file qst_scroll_line.ddj with size 6004 
07:15:17.325 [main] DEBUG org.sokybot.pk2.Pk2CryptoUtils - File qst_subjectwindo.ddj is not encrypted , flags not exists
07:15:17.325 [main] INFO org.soky.sro.pk2.io.Pk2IOTest - Consuming 19188 byte(s) from file qst_subjectwindo.ddj with size 19188 
07:15:17.325 [main] DEBUG org.sokybot.pk2.Pk2CryptoUtils - File qst_subjectwindo_select.ddj is not encrypted , flags not exists
07:15:17.325 [main] INFO org.soky.sro.pk2.io.Pk2IOTest - Consuming 8788 byte(s) from file qst_subjectwindo_select.ddj with size 8788 
07:15:17.325 [main] DEBUG org.sokybot.pk2.Pk2CryptoUtils - File qst_subwindow_title.ddj is not encrypted , flags not exists
07:15:17.325 [main] INFO org.soky.sro.pk2.io.Pk2IOTest - Consuming 18964 byte(s) from file qst_subwindow_title.ddj with size 18964 
07:15:17.325 [main] DEBUG org.sokybot.pk2.Pk2CryptoUtils - File qst_window.ddj is not encrypted , flags not exists
07:15:17.326 [main] INFO org.soky.sro.pk2.io.Pk2IOTest - Consuming 35508 byte(s) from file qst_window.ddj with size 35508 
07:15:17.326 [main] DEBUG org.sokybot.pk2.Pk2CryptoUtils - File qst_list_background.ddj is not encrypted , flags not exists
07:15:17.326 [main] INFO org.soky.sro.pk2.io.Pk2IOTest - Consuming 31252 byte(s) from file qst_list_background.ddj with size 31252 
07:15:17.326 [main] DEBUG org.sokybot.pk2.Pk2CryptoUtils - File qst_list_close_button.ddj is not encrypted , flags not exists
07:15:17.326 [main] INFO org.soky.sro.pk2.io.Pk2IOTest - Consuming 724 byte(s) from file qst_list_close_button.ddj with size 724 
07:15:17.327 [main] DEBUG org.sokybot.pk2.Pk2CryptoUtils - File qst_list_close_button_focus.ddj is not encrypted , flags not exists
07:15:17.327 [main] INFO org.soky.sro.pk2.io.Pk2IOTest - Consuming 724 byte(s) from file qst_list_close_button_focus.ddj with size 724 
07:15:17.327 [main] DEBUG org.sokybot.pk2.Pk2CryptoUtils - File qst_list_close_button_press.ddj is not encrypted , flags not exists
07:15:17.327 [main] INFO org.soky.sro.pk2.io.Pk2IOTest - Consuming 724 byte(s) from file qst_list_close_button_press.ddj with size 724 
07:15:17.327 [main] DEBUG org.sokybot.pk2.Pk2CryptoUtils - File qst_list_open_button.ddj is not encrypted , flags not exists
07:15:17.327 [main] INFO org.soky.sro.pk2.io.Pk2IOTest - Consuming 724 byte(s) from file qst_list_open_button.ddj with size 724 
07:15:17.327 [main] DEBUG org.sokybot.pk2.Pk2CryptoUtils - File qst_list_open_button_focus.ddj is not encrypted , flags not exists
07:15:17.327 [main] INFO org.soky.sro.pk2.io.Pk2IOTest - Consuming 724 byte(s) from file qst_list_open_button_focus.ddj with size 724 
07:15:17.327 [main] DEBUG org.sokybot.pk2.Pk2CryptoUtils - File qst_list_open_button_press.ddj is not encrypted , flags not exists
07:15:17.327 [main] INFO org.soky.sro.pk2.io.Pk2IOTest - Consuming 724 byte(s) from file qst_list_open_button_press.ddj with size 724 
07:15:17.327 [main] DEBUG org.sokybot.pk2.Pk2CryptoUtils - File qst_small_sub_window.ddj is not encrypted , flags not exists
07:15:17.328 [main] INFO org.soky.sro.pk2.io.Pk2IOTest - Consuming 92308 byte(s) from file qst_small_sub_window.ddj with size 92308 
07:15:17.328 [main] DEBUG org.sokybot.pk2.Pk2CryptoUtils - File qst_sub_window.ddj is not encrypted , flags not exists
07:15:17.329 [main] INFO org.soky.sro.pk2.io.Pk2IOTest - Consuming 73364 byte(s) from file qst_sub_window.ddj with size 73364 
07:15:17.329 [main] DEBUG org.sokybot.pk2.Pk2CryptoUtils - File qst_world_button.ddj is not encrypted , flags not exists
07:15:17.329 [main] INFO org.soky.sro.pk2.io.Pk2IOTest - Consuming 1748 byte(s) from file qst_world_button.ddj with size 1748 
07:15:17.329 [main] DEBUG org.sokybot.pk2.Pk2CryptoUtils - File qst_world_button_focus.ddj is not encrypted , flags not exists
07:15:17.329 [main] INFO org.soky.sro.pk2.io.Pk2IOTest - Consuming 1748 byte(s) from file qst_world_button_focus.ddj with size 1748 
07:15:17.329 [main] DEBUG org.sokybot.pk2.Pk2CryptoUtils - File qst_world_button_press.ddj is not encrypted , flags not exists
07:15:17.329 [main] INFO org.soky.sro.pk2.io.Pk2IOTest - Consuming 1748 byte(s) from file qst_world_button_press.ddj with size 1748 
07:15:17.330 [main] DEBUG org.sokybot.pk2.Pk2CryptoUtils - File qst_info.ddj is not encrypted , flags not exists
07:15:17.330 [main] INFO org.soky.sro.pk2.io.Pk2IOTest - Consuming 53908 byte(s) from file qst_info.ddj with size 53908 
07:15:17.330 [main] DEBUG org.sokybot.pk2.Pk2CryptoUtils - File qpt_face.ddj is not encrypted , flags not exists
07:15:17.330 [main] INFO org.soky.sro.pk2.io.Pk2IOTest - Consuming 3284 byte(s) from file qpt_face.ddj with size 3284 
07:15:17.331 [main] DEBUG org.sokybot.pk2.Pk2CryptoUtils - File qpt_face_faraway.ddj is not encrypted , flags not exists
07:15:17.331 [main] INFO org.soky.sro.pk2.io.Pk2IOTest - Consuming 3284 byte(s) from file qpt_face_faraway.ddj with size 3284 
07:15:17.331 [main] DEBUG org.sokybot.pk2.Pk2CryptoUtils - File qpt_face_faraway_90.ddj is not encrypted , flags not exists
07:15:17.331 [main] INFO org.soky.sro.pk2.io.Pk2IOTest - Consuming 3284 byte(s) from file qpt_face_faraway_90.ddj with size 3284 
07:15:17.331 [main] DEBUG org.sokybot.pk2.Pk2CryptoUtils - File qpt_face_select.ddj is not encrypted , flags not exists
07:15:17.331 [main] INFO org.soky.sro.pk2.io.Pk2IOTest - Consuming 3284 byte(s) from file qpt_face_select.ddj with size 3284 
07:15:17.331 [main] DEBUG org.sokybot.pk2.Pk2CryptoUtils - File qpt_face_warning.ddj is not encrypted , flags not exists
07:15:17.331 [main] INFO org.soky.sro.pk2.io.Pk2IOTest - Consuming 3284 byte(s) from file qpt_face_warning.ddj with size 3284 
07:15:17.331 [main] DEBUG org.sokybot.pk2.Pk2CryptoUtils - File qpt_grope_select.ddj is not encrypted , flags not exists
07:15:17.332 [main] INFO org.soky.sro.pk2.io.Pk2IOTest - Consuming 25492 byte(s) from file qpt_grope_select.ddj with size 25492 
07:15:17.332 [main] DEBUG org.sokybot.pk2.Pk2CryptoUtils - File qpt_hp.ddj is not encrypted , flags not exists
07:15:17.332 [main] INFO org.soky.sro.pk2.io.Pk2IOTest - Consuming 1364 byte(s) from file qpt_hp.ddj with size 1364 
07:15:17.332 [main] DEBUG org.sokybot.pk2.Pk2CryptoUtils - File qpt_mp.ddj is not encrypted , flags not exists
07:15:17.332 [main] INFO org.soky.sro.pk2.io.Pk2IOTest - Consuming 1364 byte(s) from file qpt_mp.ddj with size 1364 
07:15:17.332 [main] DEBUG org.sokybot.pk2.Pk2CryptoUtils - File qpt_pet_face.ddj is not encrypted , flags not exists
07:15:17.332 [main] INFO org.soky.sro.pk2.io.Pk2IOTest - Consuming 660 byte(s) from file qpt_pet_face.ddj with size 660 
07:15:17.332 [main] DEBUG org.sokybot.pk2.Pk2CryptoUtils - File qpt_pet_hgp.ddj is not encrypted , flags not exists
07:15:17.332 [main] INFO org.soky.sro.pk2.io.Pk2IOTest - Consuming 532 byte(s) from file qpt_pet_hgp.ddj with size 532 
07:15:17.332 [main] DEBUG org.sokybot.pk2.Pk2CryptoUtils - File qpt_pet_hp.ddj is not encrypted , flags not exists
07:15:17.332 [main] INFO org.soky.sro.pk2.io.Pk2IOTest - Consuming 532 byte(s) from file qpt_pet_hp.ddj with size 532 
07:15:17.333 [main] DEBUG org.sokybot.pk2.Pk2CryptoUtils - File qpt_pet_window.ddj is not encrypted , flags not exists
07:15:17.333 [main] INFO org.soky.sro.pk2.io.Pk2IOTest - Consuming 4404 byte(s) from file qpt_pet_window.ddj with size 4404 
07:15:17.333 [main] DEBUG org.sokybot.pk2.Pk2CryptoUtils - File qpt_window.ddj is not encrypted , flags not exists
07:15:17.333 [main] INFO org.soky.sro.pk2.io.Pk2IOTest - Consuming 12436 byte(s) from file qpt_window.ddj with size 12436 
07:15:17.333 [main] DEBUG org.sokybot.pk2.Pk2CryptoUtils - File qsl_hclose_button.ddj is not encrypted , flags not exists
07:15:17.333 [main] INFO org.soky.sro.pk2.io.Pk2IOTest - Consuming 1428 byte(s) from file qsl_hclose_button.ddj with size 1428 
07:15:17.333 [main] DEBUG org.sokybot.pk2.Pk2CryptoUtils - File qsl_hclose_button_focus.ddj is not encrypted , flags not exists
07:15:17.333 [main] INFO org.soky.sro.pk2.io.Pk2IOTest - Consuming 1428 byte(s) from file qsl_hclose_button_focus.ddj with size 1428 
07:15:17.333 [main] DEBUG org.sokybot.pk2.Pk2CryptoUtils - File qsl_hclose_button_press.ddj is not encrypted , flags not exists
07:15:17.333 [main] INFO org.soky.sro.pk2.io.Pk2IOTest - Consuming 1428 byte(s) from file qsl_hclose_button_press.ddj with size 1428 
07:15:17.333 [main] DEBUG org.sokybot.pk2.Pk2CryptoUtils - File qsl_hopen_button.ddj is not encrypted , flags not exists
07:15:17.333 [main] INFO org.soky.sro.pk2.io.Pk2IOTest - Consuming 1428 byte(s) from file qsl_hopen_button.ddj with size 1428 
07:15:17.334 [main] DEBUG org.sokybot.pk2.Pk2CryptoUtils - File qsl_hopen_button_focus.ddj is not encrypted , flags not exists
07:15:17.334 [main] INFO org.soky.sro.pk2.io.Pk2IOTest - Consuming 1428 byte(s) from file qsl_hopen_button_focus.ddj with size 1428 
07:15:17.334 [main] DEBUG org.sokybot.pk2.Pk2CryptoUtils - File qsl_hopen_button_press.ddj is not encrypted , flags not exists
07:15:17.334 [main] INFO org.soky.sro.pk2.io.Pk2IOTest - Consuming 1428 byte(s) from file qsl_hopen_button_press.ddj with size 1428 
07:15:17.334 [main] DEBUG org.sokybot.pk2.Pk2CryptoUtils - File qsl_hriz_button.ddj is not encrypted , flags not exists
07:15:17.334 [main] INFO org.soky.sro.pk2.io.Pk2IOTest - Consuming 660 byte(s) from file qsl_hriz_button.ddj with size 660 
07:15:17.334 [main] DEBUG org.sokybot.pk2.Pk2CryptoUtils - File qsl_hriz_button_focus.ddj is not encrypted , flags not exists
07:15:17.334 [main] INFO org.soky.sro.pk2.io.Pk2IOTest - Consuming 660 byte(s) from file qsl_hriz_button_focus.ddj with size 660 
07:15:17.334 [main] DEBUG org.sokybot.pk2.Pk2CryptoUtils - File qsl_hriz_button_press.ddj is not encrypted , flags not exists
07:15:17.334 [main] INFO org.soky.sro.pk2.io.Pk2IOTest - Consuming 660 byte(s) from file qsl_hriz_button_press.ddj with size 660 
07:15:17.334 [main] DEBUG org.sokybot.pk2.Pk2CryptoUtils - File qsl_opt_button.ddj is not encrypted , flags not exists
07:15:17.334 [main] INFO org.soky.sro.pk2.io.Pk2IOTest - Consuming 660 byte(s) from file qsl_opt_button.ddj with size 660 
07:15:17.334 [main] DEBUG org.sokybot.pk2.Pk2CryptoUtils - File qsl_opt_button_focus.ddj is not encrypted , flags not exists
07:15:17.334 [main] INFO org.soky.sro.pk2.io.Pk2IOTest - Consuming 660 byte(s) from file qsl_opt_button_focus.ddj with size 660 
07:15:17.335 [main] DEBUG org.sokybot.pk2.Pk2CryptoUtils - File qsl_opt_button_press.ddj is not encrypted , flags not exists
07:15:17.335 [main] INFO org.soky.sro.pk2.io.Pk2IOTest - Consuming 660 byte(s) from file qsl_opt_button_press.ddj with size 660 
07:15:17.335 [main] DEBUG org.sokybot.pk2.Pk2CryptoUtils - File qsl_vclose_button.ddj is not encrypted , flags not exists
07:15:17.335 [main] INFO org.soky.sro.pk2.io.Pk2IOTest - Consuming 1268 byte(s) from file qsl_vclose_button.ddj with size 1268 
07:15:17.335 [main] DEBUG org.sokybot.pk2.Pk2CryptoUtils - File qsl_vclose_button_focus.ddj is not encrypted , flags not exists
07:15:17.335 [main] INFO org.soky.sro.pk2.io.Pk2IOTest - Consuming 1268 byte(s) from file qsl_vclose_button_focus.ddj with size 1268 
07:15:17.335 [main] DEBUG org.sokybot.pk2.Pk2CryptoUtils - File qsl_vclose_button_press.ddj is not encrypted , flags not exists
07:15:17.335 [main] INFO org.soky.sro.pk2.io.Pk2IOTest - Consuming 1268 byte(s) from file qsl_vclose_button_press.ddj with size 1268 
07:15:17.335 [main] DEBUG org.sokybot.pk2.Pk2CryptoUtils - File qsl_vopen_button.ddj is not encrypted , flags not exists
07:15:17.335 [main] INFO org.soky.sro.pk2.io.Pk2IOTest - Consuming 1268 byte(s) from file qsl_vopen_button.ddj with size 1268 
07:15:17.335 [main] DEBUG org.sokybot.pk2.Pk2CryptoUtils - File qsl_vopen_button_focus.ddj is not encrypted , flags not exists
07:15:17.335 [main] INFO org.soky.sro.pk2.io.Pk2IOTest - Consuming 1268 byte(s) from file qsl_vopen_button_focus.ddj with size 1268 
07:15:17.335 [main] DEBUG org.sokybot.pk2.Pk2CryptoUtils - File qsl_vopen_button_press.ddj is not encrypted , flags not exists
07:15:17.335 [main] INFO org.soky.sro.pk2.io.Pk2IOTest - Consuming 1268 byte(s) from file qsl_vopen_button_press.ddj with size 1268 
07:15:17.336 [main] DEBUG org.sokybot.pk2.Pk2CryptoUtils - File qsl_vrtl_button.ddj is not encrypted , flags not exists
07:15:17.336 [main] INFO org.soky.sro.pk2.io.Pk2IOTest - Consuming 660 byte(s) from file qsl_vrtl_button.ddj with size 660 
07:15:17.336 [main] DEBUG org.sokybot.pk2.Pk2CryptoUtils - File qsl_vrtl_button_focus.ddj is not encrypted , flags not exists
07:15:17.336 [main] INFO org.soky.sro.pk2.io.Pk2IOTest - Consuming 660 byte(s) from file qsl_vrtl_button_focus.ddj with size 660 
07:15:17.336 [main] DEBUG org.sokybot.pk2.Pk2CryptoUtils - File qsl_vrtl_button_press.ddj is not encrypted , flags not exists
07:15:17.336 [main] INFO org.soky.sro.pk2.io.Pk2IOTest - Consuming 660 byte(s) from file qsl_vrtl_button_press.ddj with size 660 
07:15:17.336 [main] DEBUG org.sokybot.pk2.Pk2CryptoUtils - File qsl_left_arrow.ddj is not encrypted , flags not exists
07:15:17.336 [main] INFO org.soky.sro.pk2.io.Pk2IOTest - Consuming 1108 byte(s) from file qsl_left_arrow.ddj with size 1108 
07:15:17.336 [main] DEBUG org.sokybot.pk2.Pk2CryptoUtils - File qsl_left_arrow_disable.ddj is not encrypted , flags not exists
07:15:17.336 [main] INFO org.soky.sro.pk2.io.Pk2IOTest - Consuming 1108 byte(s) from file qsl_left_arrow_disable.ddj with size 1108 
07:15:17.336 [main] DEBUG org.sokybot.pk2.Pk2CryptoUtils - File qsl_left_arrow_focus.ddj is not encrypted , flags not exists
07:15:17.336 [main] INFO org.soky.sro.pk2.io.Pk2IOTest - Consuming 1108 byte(s) from file qsl_left_arrow_focus.ddj with size 1108 
07:15:17.337 [main] DEBUG org.sokybot.pk2.Pk2CryptoUtils - File qsl_left_arrow_press.ddj is not encrypted , flags not exists
07:15:17.337 [main] INFO org.soky.sro.pk2.io.Pk2IOTest - Consuming 1108 byte(s) from file qsl_left_arrow_press.ddj with size 1108 
07:15:17.337 [main] DEBUG org.sokybot.pk2.Pk2CryptoUtils - File qsl_opt_button_disable.ddj is not encrypted , flags not exists
07:15:17.337 [main] INFO org.soky.sro.pk2.io.Pk2IOTest - Consuming 1172 byte(s) from file qsl_opt_button_disable.ddj with size 1172 
07:15:17.337 [main] DEBUG org.sokybot.pk2.Pk2CryptoUtils - File qsl_right_arrow.ddj is not encrypted , flags not exists
07:15:17.337 [main] INFO org.soky.sro.pk2.io.Pk2IOTest - Consuming 1108 byte(s) from file qsl_right_arrow.ddj with size 1108 
07:15:17.337 [main] DEBUG org.sokybot.pk2.Pk2CryptoUtils - File qsl_right_arrow_disable.ddj is not encrypted , flags not exists
07:15:17.337 [main] INFO org.soky.sro.pk2.io.Pk2IOTest - Consuming 1108 byte(s) from file qsl_right_arrow_disable.ddj with size 1108 
07:15:17.337 [main] DEBUG org.sokybot.pk2.Pk2CryptoUtils - File qsl_right_arrow_focus.ddj is not encrypted , flags not exists
07:15:17.337 [main] INFO org.soky.sro.pk2.io.Pk2IOTest - Consuming 1108 byte(s) from file qsl_right_arrow_focus.ddj with size 1108 
07:15:17.337 [main] DEBUG org.sokybot.pk2.Pk2CryptoUtils - File qsl_right_arrow_press.ddj is not encrypted , flags not exists
07:15:17.337 [main] INFO org.soky.sro.pk2.io.Pk2IOTest - Consuming 1108 byte(s) from file qsl_right_arrow_press.ddj with size 1108 
07:15:17.337 [main] DEBUG org.sokybot.pk2.Pk2CryptoUtils - File re_selectbar.ddj is not encrypted , flags not exists
07:15:17.338 [main] INFO org.soky.sro.pk2.io.Pk2IOTest - Consuming 16276 byte(s) from file re_selectbar.ddj with size 16276 
07:15:17.338 [main] DEBUG org.sokybot.pk2.Pk2CryptoUtils - File re_selectbar_disable.ddj is not encrypted , flags not exists
07:15:17.338 [main] INFO org.soky.sro.pk2.io.Pk2IOTest - Consuming 16276 byte(s) from file re_selectbar_disable.ddj with size 16276 
07:15:17.338 [main] DEBUG org.sokybot.pk2.Pk2CryptoUtils - File rec_info.ddj is not encrypted , flags not exists
07:15:17.339 [main] INFO org.soky.sro.pk2.io.Pk2IOTest - Consuming 40916 byte(s) from file rec_info.ddj with size 40916 
07:15:17.339 [main] DEBUG org.sokybot.pk2.Pk2CryptoUtils - File rec_return_bar.ddj is not encrypted , flags not exists
07:15:17.339 [main] INFO org.soky.sro.pk2.io.Pk2IOTest - Consuming 38772 byte(s) from file rec_return_bar.ddj with size 38772 
07:15:17.339 [main] DEBUG org.sokybot.pk2.Pk2CryptoUtils - File rec_return_info.ddj is not encrypted , flags not exists
07:15:17.339 [main] INFO org.soky.sro.pk2.io.Pk2IOTest - Consuming 7636 byte(s) from file rec_return_info.ddj with size 7636 
07:15:17.339 [main] DEBUG org.sokybot.pk2.Pk2CryptoUtils - File rec_setup_button.ddj is not encrypted , flags not exists
07:15:17.340 [main] INFO org.soky.sro.pk2.io.Pk2IOTest - Consuming 2708 byte(s) from file rec_setup_button.ddj with size 2708 
07:15:17.340 [main] DEBUG org.sokybot.pk2.Pk2CryptoUtils - File rec_setup_button_disable.ddj is not encrypted , flags not exists
07:15:17.340 [main] INFO org.soky.sro.pk2.io.Pk2IOTest - Consuming 2708 byte(s) from file rec_setup_button_disable.ddj with size 2708 
07:15:17.340 [main] DEBUG org.sokybot.pk2.Pk2CryptoUtils - File rec_setup_button_focus.ddj is not encrypted , flags not exists
07:15:17.340 [main] INFO org.soky.sro.pk2.io.Pk2IOTest - Consuming 2708 byte(s) from file rec_setup_button_focus.ddj with size 2708 
07:15:17.340 [main] DEBUG org.sokybot.pk2.Pk2CryptoUtils - File rec_setup_button_press.ddj is not encrypted , flags not exists
07:15:17.340 [main] INFO org.soky.sro.pk2.io.Pk2IOTest - Consuming 2708 byte(s) from file rec_setup_button_press.ddj with size 2708 
07:15:17.340 [main] DEBUG org.sokybot.pk2.Pk2CryptoUtils - File rec_set_button.ddj is not encrypted , flags not exists
07:15:17.340 [main] INFO org.soky.sro.pk2.io.Pk2IOTest - Consuming 1428 byte(s) from file rec_set_button.ddj with size 1428 
07:15:17.340 [main] DEBUG org.sokybot.pk2.Pk2CryptoUtils - File rec_set_button_disable.ddj is not encrypted , flags not exists
07:15:17.340 [main] INFO org.soky.sro.pk2.io.Pk2IOTest - Consuming 1428 byte(s) from file rec_set_button_disable.ddj with size 1428 
07:15:17.340 [main] DEBUG org.sokybot.pk2.Pk2CryptoUtils - File rec_set_button_focus.ddj is not encrypted , flags not exists
07:15:17.340 [main] INFO org.soky.sro.pk2.io.Pk2IOTest - Consuming 1428 byte(s) from file rec_set_button_focus.ddj with size 1428 
07:15:17.341 [main] DEBUG org.sokybot.pk2.Pk2CryptoUtils - File rec_set_button_press.ddj is not encrypted , flags not exists
07:15:17.341 [main] INFO org.soky.sro.pk2.io.Pk2IOTest - Consuming 1428 byte(s) from file rec_set_button_press.ddj with size 1428 
07:15:17.341 [main] DEBUG org.sokybot.pk2.Pk2CryptoUtils - File skill_charge.ddj is not encrypted , flags not exists
07:15:17.341 [main] INFO org.soky.sro.pk2.io.Pk2IOTest - Consuming 16532 byte(s) from file skill_charge.ddj with size 16532 
07:15:17.342 [main] DEBUG org.sokybot.pk2.Pk2CryptoUtils - File skill_delay.ddj is not encrypted , flags not exists
07:15:17.345 [main] INFO org.soky.sro.pk2.io.Pk2IOTest - Consuming 262292 byte(s) from file skill_delay.ddj with size 262292 
07:15:17.345 [main] DEBUG org.sokybot.pk2.Pk2CryptoUtils - File skill_using.ddj is not encrypted , flags not exists
07:15:17.346 [main] INFO org.soky.sro.pk2.io.Pk2IOTest - Consuming 65684 byte(s) from file skill_using.ddj with size 65684 
07:15:17.346 [main] DEBUG org.sokybot.pk2.Pk2CryptoUtils - File skl_button_add.ddj is not encrypted , flags not exists
07:15:17.346 [main] INFO org.soky.sro.pk2.io.Pk2IOTest - Consuming 1428 byte(s) from file skl_button_add.ddj with size 1428 
07:15:17.346 [main] DEBUG org.sokybot.pk2.Pk2CryptoUtils - File skl_button_add_focus.ddj is not encrypted , flags not exists
07:15:17.346 [main] INFO org.soky.sro.pk2.io.Pk2IOTest - Consuming 1428 byte(s) from file skl_button_add_focus.ddj with size 1428 
07:15:17.346 [main] DEBUG org.sokybot.pk2.Pk2CryptoUtils - File skl_button_add_press.ddj is not encrypted , flags not exists
07:15:17.346 [main] INFO org.soky.sro.pk2.io.Pk2IOTest - Consuming 1428 byte(s) from file skl_button_add_press.ddj with size 1428 
07:15:17.346 [main] DEBUG org.sokybot.pk2.Pk2CryptoUtils - File skl_button_up.ddj is not encrypted , flags not exists
07:15:17.346 [main] INFO org.soky.sro.pk2.io.Pk2IOTest - Consuming 1428 byte(s) from file skl_button_up.ddj with size 1428 
07:15:17.346 [main] DEBUG org.sokybot.pk2.Pk2CryptoUtils - File skl_button_up_focus.ddj is not encrypted , flags not exists
07:15:17.346 [main] INFO org.soky.sro.pk2.io.Pk2IOTest - Consuming 1428 byte(s) from file skl_button_up_focus.ddj with size 1428 
07:15:17.347 [main] DEBUG org.sokybot.pk2.Pk2CryptoUtils - File skl_button_up_press.ddj is not encrypted , flags not exists
07:15:17.347 [main] INFO org.soky.sro.pk2.io.Pk2IOTest - Consuming 1428 byte(s) from file skl_button_up_press.ddj with size 1428 
07:15:17.347 [main] DEBUG org.sokybot.pk2.Pk2CryptoUtils - File skl_levelup.ddj is not encrypted , flags not exists
07:15:17.347 [main] INFO org.soky.sro.pk2.io.Pk2IOTest - Consuming 2708 byte(s) from file skl_levelup.ddj with size 2708 
07:15:17.347 [main] DEBUG org.sokybot.pk2.Pk2CryptoUtils - File skl_levelup_disable.ddj is not encrypted , flags not exists
07:15:17.347 [main] INFO org.soky.sro.pk2.io.Pk2IOTest - Consuming 2708 byte(s) from file skl_levelup_disable.ddj with size 2708 
07:15:17.347 [main] DEBUG org.sokybot.pk2.Pk2CryptoUtils - File skl_levelup_focus.ddj is not encrypted , flags not exists
07:15:17.347 [main] INFO org.soky.sro.pk2.io.Pk2IOTest - Consuming 2708 byte(s) from file skl_levelup_focus.ddj with size 2708 
07:15:17.347 [main] DEBUG org.sokybot.pk2.Pk2CryptoUtils - File skl_levelup_press.ddj is not encrypted , flags not exists
07:15:17.347 [main] INFO org.soky.sro.pk2.io.Pk2IOTest - Consuming 2708 byte(s) from file skl_levelup_press.ddj with size 2708 
07:15:17.347 [main] DEBUG org.sokybot.pk2.Pk2CryptoUtils - File skl_level_closed.ddj is not encrypted , flags not exists
07:15:17.347 [main] INFO org.soky.sro.pk2.io.Pk2IOTest - Consuming 2068 byte(s) from file skl_level_closed.ddj with size 2068 
07:15:17.348 [main] DEBUG org.sokybot.pk2.Pk2CryptoUtils - File skl_level_max.ddj is not encrypted , flags not exists
07:15:17.348 [main] INFO org.soky.sro.pk2.io.Pk2IOTest - Consuming 1428 byte(s) from file skl_level_max.ddj with size 1428 
07:15:17.348 [main] DEBUG org.sokybot.pk2.Pk2CryptoUtils - File skl_level_tab.ddj is not encrypted , flags not exists
07:15:17.348 [main] INFO org.soky.sro.pk2.io.Pk2IOTest - Consuming 660 byte(s) from file skl_level_tab.ddj with size 660 
07:15:17.348 [main] DEBUG org.sokybot.pk2.Pk2CryptoUtils - File skl_lv_number_0.ddj is not encrypted , flags not exists
07:15:17.348 [main] INFO org.soky.sro.pk2.io.Pk2IOTest - Consuming 276 byte(s) from file skl_lv_number_0.ddj with size 276 
07:15:17.348 [main] DEBUG org.sokybot.pk2.Pk2CryptoUtils - File skl_lv_number_9.ddj is not encrypted , flags not exists
07:15:17.348 [main] INFO org.soky.sro.pk2.io.Pk2IOTest - Consuming 276 byte(s) from file skl_lv_number_9.ddj with size 276 
07:15:17.348 [main] DEBUG org.sokybot.pk2.Pk2CryptoUtils - File skl_mastery_bar.ddj is not encrypted , flags not exists
07:15:17.349 [main] INFO org.soky.sro.pk2.io.Pk2IOTest - Consuming 39508 byte(s) from file skl_mastery_bar.ddj with size 39508 
07:15:17.349 [main] DEBUG org.sokybot.pk2.Pk2CryptoUtils - File skl_mastery_disable.ddj is not encrypted , flags not exists
07:15:17.349 [main] INFO org.soky.sro.pk2.io.Pk2IOTest - Consuming 2196 byte(s) from file skl_mastery_disable.ddj with size 2196 
07:15:17.349 [main] DEBUG org.sokybot.pk2.Pk2CryptoUtils - File skl_mastery_levelup.ddj is not encrypted , flags not exists
07:15:17.349 [main] INFO org.soky.sro.pk2.io.Pk2IOTest - Consuming 2708 byte(s) from file skl_mastery_levelup.ddj with size 2708 
07:15:17.349 [main] DEBUG org.sokybot.pk2.Pk2CryptoUtils - File skl_mastery_levelup_focus.ddj is not encrypted , flags not exists
07:15:17.349 [main] INFO org.soky.sro.pk2.io.Pk2IOTest - Consuming 2708 byte(s) from file skl_mastery_levelup_focus.ddj with size 2708 
07:15:17.349 [main] DEBUG org.sokybot.pk2.Pk2CryptoUtils - File skl_mastery_levelup_press.ddj is not encrypted , flags not exists
07:15:17.349 [main] INFO org.soky.sro.pk2.io.Pk2IOTest - Consuming 2708 byte(s) from file skl_mastery_levelup_press.ddj with size 2708 
07:15:17.349 [main] DEBUG org.sokybot.pk2.Pk2CryptoUtils - File skl_mastery_nothing.ddj is not encrypted , flags not exists
07:15:17.349 [main] INFO org.soky.sro.pk2.io.Pk2IOTest - Consuming 2196 byte(s) from file skl_mastery_nothing.ddj with size 2196 
07:15:17.349 [main] DEBUG org.sokybot.pk2.Pk2CryptoUtils - File skl_mastery_subject.ddj is not encrypted , flags not exists
07:15:17.350 [main] INFO org.soky.sro.pk2.io.Pk2IOTest - Consuming 31124 byte(s) from file skl_mastery_subject.ddj with size 31124 
07:15:17.350 [main] DEBUG org.sokybot.pk2.Pk2CryptoUtils - File skl_mastery_tab_off.ddj is not encrypted , flags not exists
07:15:17.350 [main] INFO org.soky.sro.pk2.io.Pk2IOTest - Consuming 3956 byte(s) from file skl_mastery_tab_off.ddj with size 3956 
07:15:17.350 [main] DEBUG org.sokybot.pk2.Pk2CryptoUtils - File skl_mastery_tab_on.ddj is not encrypted , flags not exists
07:15:17.350 [main] INFO org.soky.sro.pk2.io.Pk2IOTest - Consuming 3956 byte(s) from file skl_mastery_tab_on.ddj with size 3956 
07:15:17.350 [main] DEBUG org.sokybot.pk2.Pk2CryptoUtils - File skl_text_active.ddj is not encrypted , flags not exists
07:15:17.350 [main] INFO org.soky.sro.pk2.io.Pk2IOTest - Consuming 1044 byte(s) from file skl_text_active.ddj with size 1044 
07:15:17.350 [main] DEBUG org.sokybot.pk2.Pk2CryptoUtils - File skl_text_passive.ddj is not encrypted , flags not exists
07:15:17.350 [main] INFO org.soky.sro.pk2.io.Pk2IOTest - Consuming 1044 byte(s) from file skl_text_passive.ddj with size 1044 
07:15:17.351 [main] DEBUG org.sokybot.pk2.Pk2CryptoUtils - File skl_wnd_box.ddj is not encrypted , flags not exists
07:15:17.351 [main] INFO org.soky.sro.pk2.io.Pk2IOTest - Consuming 26356 byte(s) from file skl_wnd_box.ddj with size 26356 
07:15:17.351 [main] DEBUG org.sokybot.pk2.Pk2CryptoUtils - File skl_bow_tab_disable.ddj is not encrypted , flags not exists
07:15:17.351 [main] INFO org.soky.sro.pk2.io.Pk2IOTest - Consuming 8660 byte(s) from file skl_bow_tab_disable.ddj with size 8660 
07:15:17.351 [main] DEBUG org.sokybot.pk2.Pk2CryptoUtils - File skl_bow_tab_off.ddj is not encrypted , flags not exists
07:15:17.351 [main] INFO org.soky.sro.pk2.io.Pk2IOTest - Consuming 8660 byte(s) from file skl_bow_tab_off.ddj with size 8660 
07:15:17.352 [main] DEBUG org.sokybot.pk2.Pk2CryptoUtils - File skl_bow_tab_on.ddj is not encrypted , flags not exists
07:15:17.352 [main] INFO org.soky.sro.pk2.io.Pk2IOTest - Consuming 8660 byte(s) from file skl_bow_tab_on.ddj with size 8660 
07:15:17.352 [main] DEBUG org.sokybot.pk2.Pk2CryptoUtils - File skl_cleric_tab_off.ddj is not encrypted , flags not exists
07:15:17.352 [main] INFO org.soky.sro.pk2.io.Pk2IOTest - Consuming 7764 byte(s) from file skl_cleric_tab_off.ddj with size 7764 
07:15:17.352 [main] DEBUG org.sokybot.pk2.Pk2CryptoUtils - File skl_cleric_tab_on.ddj is not encrypted , flags not exists
07:15:17.352 [main] INFO org.soky.sro.pk2.io.Pk2IOTest - Consuming 7764 byte(s) from file skl_cleric_tab_on.ddj with size 7764 
07:15:17.352 [main] DEBUG org.sokybot.pk2.Pk2CryptoUtils - File skl_cold_tab_disable.ddj is not encrypted , flags not exists
07:15:17.352 [main] INFO org.soky.sro.pk2.io.Pk2IOTest - Consuming 8660 byte(s) from file skl_cold_tab_disable.ddj with size 8660 
07:15:17.352 [main] DEBUG org.sokybot.pk2.Pk2CryptoUtils - File skl_cold_tab_off.ddj is not encrypted , flags not exists
07:15:17.353 [main] INFO org.soky.sro.pk2.io.Pk2IOTest - Consuming 8660 byte(s) from file skl_cold_tab_off.ddj with size 8660 
07:15:17.353 [main] DEBUG org.sokybot.pk2.Pk2CryptoUtils - File skl_cold_tab_on.ddj is not encrypted , flags not exists
07:15:17.353 [main] INFO org.soky.sro.pk2.io.Pk2IOTest - Consuming 8660 byte(s) from file skl_cold_tab_on.ddj with size 8660 
07:15:17.353 [main] DEBUG org.sokybot.pk2.Pk2CryptoUtils - File skl_fire_tab_disable.ddj is not encrypted , flags not exists
07:15:17.353 [main] INFO org.soky.sro.pk2.io.Pk2IOTest - Consuming 8660 byte(s) from file skl_fire_tab_disable.ddj with size 8660 
07:15:17.353 [main] DEBUG org.sokybot.pk2.Pk2CryptoUtils - File skl_fire_tab_off.ddj is not encrypted , flags not exists
07:15:17.353 [main] INFO org.soky.sro.pk2.io.Pk2IOTest - Consuming 8660 byte(s) from file skl_fire_tab_off.ddj with size 8660 
07:15:17.353 [main] DEBUG org.sokybot.pk2.Pk2CryptoUtils - File skl_fire_tab_on.ddj is not encrypted , flags not exists
07:15:17.353 [main] INFO org.soky.sro.pk2.io.Pk2IOTest - Consuming 8660 byte(s) from file skl_fire_tab_on.ddj with size 8660 
07:15:17.354 [main] DEBUG org.sokybot.pk2.Pk2CryptoUtils - File skl_lightning_tab_disable.ddj is not encrypted , flags not exists
07:15:17.354 [main] INFO org.soky.sro.pk2.io.Pk2IOTest - Consuming 8660 byte(s) from file skl_lightning_tab_disable.ddj with size 8660 
07:15:17.354 [main] DEBUG org.sokybot.pk2.Pk2CryptoUtils - File skl_lightning_tab_off.ddj is not encrypted , flags not exists
07:15:17.354 [main] INFO org.soky.sro.pk2.io.Pk2IOTest - Consuming 8660 byte(s) from file skl_lightning_tab_off.ddj with size 8660 
07:15:17.354 [main] DEBUG org.sokybot.pk2.Pk2CryptoUtils - File skl_lightning_tab_on.ddj is not encrypted , flags not exists
07:15:17.354 [main] INFO org.soky.sro.pk2.io.Pk2IOTest - Consuming 8660 byte(s) from file skl_lightning_tab_on.ddj with size 8660 
07:15:17.354 [main] DEBUG org.sokybot.pk2.Pk2CryptoUtils - File skl_spear_tab_disable.ddj is not encrypted , flags not exists
07:15:17.354 [main] INFO org.soky.sro.pk2.io.Pk2IOTest - Consuming 8660 byte(s) from file skl_spear_tab_disable.ddj with size 8660 
07:15:17.355 [main] DEBUG org.sokybot.pk2.Pk2CryptoUtils - File skl_spear_tab_off.ddj is not encrypted , flags not exists
07:15:17.355 [main] INFO org.soky.sro.pk2.io.Pk2IOTest - Consuming 8660 byte(s) from file skl_spear_tab_off.ddj with size 8660 
07:15:17.355 [main] DEBUG org.sokybot.pk2.Pk2CryptoUtils - File skl_spear_tab_on.ddj is not encrypted , flags not exists
07:15:17.355 [main] INFO org.soky.sro.pk2.io.Pk2IOTest - Consuming 8660 byte(s) from file skl_spear_tab_on.ddj with size 8660 
07:15:17.355 [main] DEBUG org.sokybot.pk2.Pk2CryptoUtils - File skl_sword_tab_disable.ddj is not encrypted , flags not exists
07:15:17.355 [main] INFO org.soky.sro.pk2.io.Pk2IOTest - Consuming 8660 byte(s) from file skl_sword_tab_disable.ddj with size 8660 
07:15:17.355 [main] DEBUG org.sokybot.pk2.Pk2CryptoUtils - File skl_sword_tab_off.ddj is not encrypted , flags not exists
07:15:17.355 [main] INFO org.soky.sro.pk2.io.Pk2IOTest - Consuming 8660 byte(s) from file skl_sword_tab_off.ddj with size 8660 
07:15:17.355 [main] DEBUG org.sokybot.pk2.Pk2CryptoUtils - File skl_sword_tab_on.ddj is not encrypted , flags not exists
07:15:17.356 [main] INFO org.soky.sro.pk2.io.Pk2IOTest - Consuming 8660 byte(s) from file skl_sword_tab_on.ddj with size 8660 
07:15:17.356 [main] DEBUG org.sokybot.pk2.Pk2CryptoUtils - File skl_warlock_tab_off.ddj is not encrypted , flags not exists
07:15:17.356 [main] INFO org.soky.sro.pk2.io.Pk2IOTest - Consuming 7764 byte(s) from file skl_warlock_tab_off.ddj with size 7764 
07:15:17.356 [main] DEBUG org.sokybot.pk2.Pk2CryptoUtils - File skl_warlock_tab_on.ddj is not encrypted , flags not exists
07:15:17.356 [main] INFO org.soky.sro.pk2.io.Pk2IOTest - Consuming 7764 byte(s) from file skl_warlock_tab_on.ddj with size 7764 
07:15:17.356 [main] DEBUG org.sokybot.pk2.Pk2CryptoUtils - File skl_warrior_tab_off.ddj is not encrypted , flags not exists
07:15:17.356 [main] INFO org.soky.sro.pk2.io.Pk2IOTest - Consuming 7764 byte(s) from file skl_warrior_tab_off.ddj with size 7764 
07:15:17.356 [main] DEBUG org.sokybot.pk2.Pk2CryptoUtils - File skl_warrior_tab_on.ddj is not encrypted , flags not exists
07:15:17.356 [main] INFO org.soky.sro.pk2.io.Pk2IOTest - Consuming 7764 byte(s) from file skl_warrior_tab_on.ddj with size 7764 
07:15:17.357 [main] DEBUG org.sokybot.pk2.Pk2CryptoUtils - File skl_water_cure_tab_disable.ddj is not encrypted , flags not exists
07:15:17.357 [main] INFO org.soky.sro.pk2.io.Pk2IOTest - Consuming 8660 byte(s) from file skl_water_cure_tab_disable.ddj with size 8660 
07:15:17.357 [main] DEBUG org.sokybot.pk2.Pk2CryptoUtils - File skl_water_cure_tab_off.ddj is not encrypted , flags not exists
07:15:17.357 [main] INFO org.soky.sro.pk2.io.Pk2IOTest - Consuming 8660 byte(s) from file skl_water_cure_tab_off.ddj with size 8660 
07:15:17.357 [main] DEBUG org.sokybot.pk2.Pk2CryptoUtils - File skl_water_cure_tab_on.ddj is not encrypted , flags not exists
07:15:17.357 [main] INFO org.soky.sro.pk2.io.Pk2IOTest - Consuming 8660 byte(s) from file skl_water_cure_tab_on.ddj with size 8660 
07:15:17.357 [main] DEBUG org.sokybot.pk2.Pk2CryptoUtils - File skl_wizard_tab_off.ddj is not encrypted , flags not exists
07:15:17.357 [main] INFO org.soky.sro.pk2.io.Pk2IOTest - Consuming 7764 byte(s) from file skl_wizard_tab_off.ddj with size 7764 
07:15:17.357 [main] DEBUG org.sokybot.pk2.Pk2CryptoUtils - File skl_wizard_tab_on.ddj is not encrypted , flags not exists
07:15:17.358 [main] INFO org.soky.sro.pk2.io.Pk2IOTest - Consuming 7764 byte(s) from file skl_wizard_tab_on.ddj with size 7764 
07:15:17.358 [main] DEBUG org.sokybot.pk2.Pk2CryptoUtils - File skl_job_tab_disable.ddj is not encrypted , flags not exists
07:15:17.358 [main] INFO org.soky.sro.pk2.io.Pk2IOTest - Consuming 5908 byte(s) from file skl_job_tab_disable.ddj with size 5908 
07:15:17.358 [main] DEBUG org.sokybot.pk2.Pk2CryptoUtils - File skl_job_tab_off.ddj is not encrypted , flags not exists
07:15:17.358 [main] INFO org.soky.sro.pk2.io.Pk2IOTest - Consuming 5908 byte(s) from file skl_job_tab_off.ddj with size 5908 
07:15:17.358 [main] DEBUG org.sokybot.pk2.Pk2CryptoUtils - File skl_job_tab_on.ddj is not encrypted , flags not exists
07:15:17.358 [main] INFO org.soky.sro.pk2.io.Pk2IOTest - Consuming 5908 byte(s) from file skl_job_tab_on.ddj with size 5908 
07:15:17.358 [main] DEBUG org.sokybot.pk2.Pk2CryptoUtils - File stl_color_none.ddj is not encrypted , flags not exists
07:15:17.358 [main] INFO org.soky.sro.pk2.io.Pk2IOTest - Consuming 948 byte(s) from file stl_color_none.ddj with size 948 
07:15:17.358 [main] DEBUG org.sokybot.pk2.Pk2CryptoUtils - File stl_color_select.ddj is not encrypted , flags not exists
07:15:17.359 [main] INFO org.soky.sro.pk2.io.Pk2IOTest - Consuming 948 byte(s) from file stl_color_select.ddj with size 948 
07:15:17.359 [main] DEBUG org.sokybot.pk2.Pk2CryptoUtils - File stl_condition.ddj is not encrypted , flags not exists
07:15:17.359 [main] INFO org.soky.sro.pk2.io.Pk2IOTest - Consuming 948 byte(s) from file stl_condition.ddj with size 948 
07:15:17.359 [main] DEBUG org.sokybot.pk2.Pk2CryptoUtils - File stl_condition_disable.ddj is not encrypted , flags not exists
07:15:17.359 [main] INFO org.soky.sro.pk2.io.Pk2IOTest - Consuming 948 byte(s) from file stl_condition_disable.ddj with size 948 
07:15:17.359 [main] DEBUG org.sokybot.pk2.Pk2CryptoUtils - File stl_condition_focus.ddj is not encrypted , flags not exists
07:15:17.359 [main] INFO org.soky.sro.pk2.io.Pk2IOTest - Consuming 948 byte(s) from file stl_condition_focus.ddj with size 948 
07:15:17.359 [main] DEBUG org.sokybot.pk2.Pk2CryptoUtils - File stl_condition_press.ddj is not encrypted , flags not exists
07:15:17.359 [main] INFO org.soky.sro.pk2.io.Pk2IOTest - Consuming 948 byte(s) from file stl_condition_press.ddj with size 948 
07:15:17.359 [main] DEBUG org.sokybot.pk2.Pk2CryptoUtils - File stl_edit_button.ddj is not encrypted , flags not exists
07:15:17.359 [main] INFO org.soky.sro.pk2.io.Pk2IOTest - Consuming 1300 byte(s) from file stl_edit_button.ddj with size 1300 
07:15:17.359 [main] DEBUG org.sokybot.pk2.Pk2CryptoUtils - File stl_edit_button_disable.ddj is not encrypted , flags not exists
07:15:17.359 [main] INFO org.soky.sro.pk2.io.Pk2IOTest - Consuming 1300 byte(s) from file stl_edit_button_disable.ddj with size 1300 
07:15:17.360 [main] DEBUG org.sokybot.pk2.Pk2CryptoUtils - File stl_edit_button_focus.ddj is not encrypted , flags not exists
07:15:17.360 [main] INFO org.soky.sro.pk2.io.Pk2IOTest - Consuming 1300 byte(s) from file stl_edit_button_focus.ddj with size 1300 
07:15:17.360 [main] DEBUG org.sokybot.pk2.Pk2CryptoUtils - File stl_edit_button_press.ddj is not encrypted , flags not exists
07:15:17.360 [main] INFO org.soky.sro.pk2.io.Pk2IOTest - Consuming 1300 byte(s) from file stl_edit_button_press.ddj with size 1300 
07:15:17.360 [main] DEBUG org.sokybot.pk2.Pk2CryptoUtils - File stl_mline.ddj is not encrypted , flags not exists
07:15:17.360 [main] INFO org.soky.sro.pk2.io.Pk2IOTest - Consuming 180 byte(s) from file stl_mline.ddj with size 180 
07:15:17.360 [main] DEBUG org.sokybot.pk2.Pk2CryptoUtils - File stl_titlebutton.ddj is not encrypted , flags not exists
07:15:17.360 [main] INFO org.soky.sro.pk2.io.Pk2IOTest - Consuming 1716 byte(s) from file stl_titlebutton.ddj with size 1716 
07:15:17.360 [main] DEBUG org.sokybot.pk2.Pk2CryptoUtils - File stl_titlebutton_disable.ddj is not encrypted , flags not exists
07:15:17.360 [main] INFO org.soky.sro.pk2.io.Pk2IOTest - Consuming 1716 byte(s) from file stl_titlebutton_disable.ddj with size 1716 
07:15:17.360 [main] DEBUG org.sokybot.pk2.Pk2CryptoUtils - File stl_titlebutton_focus.ddj is not encrypted , flags not exists
07:15:17.360 [main] INFO org.soky.sro.pk2.io.Pk2IOTest - Consuming 1716 byte(s) from file stl_titlebutton_focus.ddj with size 1716 
07:15:17.360 [main] DEBUG org.sokybot.pk2.Pk2CryptoUtils - File stl_titlebutton_press.ddj is not encrypted , flags not exists
07:15:17.361 [main] INFO org.soky.sro.pk2.io.Pk2IOTest - Consuming 1716 byte(s) from file stl_titlebutton_press.ddj with size 1716 
07:15:17.361 [main] DEBUG org.sokybot.pk2.Pk2CryptoUtils - File stl_wnd_sidel_corner.ddj is not encrypted , flags not exists
07:15:17.361 [main] INFO org.soky.sro.pk2.io.Pk2IOTest - Consuming 180 byte(s) from file stl_wnd_sidel_corner.ddj with size 180 
07:15:17.361 [main] DEBUG org.sokybot.pk2.Pk2CryptoUtils - File stl_wnd_sider_corner.ddj is not encrypted , flags not exists
07:15:17.361 [main] INFO org.soky.sro.pk2.io.Pk2IOTest - Consuming 180 byte(s) from file stl_wnd_sider_corner.ddj with size 180 
07:15:17.361 [main] DEBUG org.sokybot.pk2.Pk2CryptoUtils - File stl_wnd_titleicon.ddj is not encrypted , flags not exists
07:15:17.361 [main] INFO org.soky.sro.pk2.io.Pk2IOTest - Consuming 1300 byte(s) from file stl_wnd_titleicon.ddj with size 1300 
07:15:17.361 [main] DEBUG org.sokybot.pk2.Pk2CryptoUtils - File stl_wnd_title_left_down.ddj is not encrypted , flags not exists
07:15:17.361 [main] INFO org.soky.sro.pk2.io.Pk2IOTest - Consuming 180 byte(s) from file stl_wnd_title_left_down.ddj with size 180 
07:15:17.361 [main] DEBUG org.sokybot.pk2.Pk2CryptoUtils - File stl_wnd_title_left_side.ddj is not encrypted , flags not exists
07:15:17.361 [main] INFO org.soky.sro.pk2.io.Pk2IOTest - Consuming 180 byte(s) from file stl_wnd_title_left_side.ddj with size 180 
07:15:17.361 [main] DEBUG org.sokybot.pk2.Pk2CryptoUtils - File stl_wnd_title_left_up.ddj is not encrypted , flags not exists
07:15:17.361 [main] INFO org.soky.sro.pk2.io.Pk2IOTest - Consuming 180 byte(s) from file stl_wnd_title_left_up.ddj with size 180 
07:15:17.362 [main] DEBUG org.sokybot.pk2.Pk2CryptoUtils - File stl_wnd_title_right_down.ddj is not encrypted , flags not exists
07:15:17.362 [main] INFO org.soky.sro.pk2.io.Pk2IOTest - Consuming 180 byte(s) from file stl_wnd_title_right_down.ddj with size 180 
07:15:17.362 [main] DEBUG org.sokybot.pk2.Pk2CryptoUtils - File stl_wnd_title_right_side.ddj is not encrypted , flags not exists
07:15:17.362 [main] INFO org.soky.sro.pk2.io.Pk2IOTest - Consuming 180 byte(s) from file stl_wnd_title_right_side.ddj with size 180 
07:15:17.362 [main] DEBUG org.sokybot.pk2.Pk2CryptoUtils - File stl_wnd_title_right_up.ddj is not encrypted , flags not exists
07:15:17.362 [main] INFO org.soky.sro.pk2.io.Pk2IOTest - Consuming 180 byte(s) from file stl_wnd_title_right_up.ddj with size 180 
07:15:17.362 [main] DEBUG org.sokybot.pk2.Pk2CryptoUtils - File stl_wordbutton.ddj is not encrypted , flags not exists
07:15:17.362 [main] INFO org.soky.sro.pk2.io.Pk2IOTest - Consuming 1716 byte(s) from file stl_wordbutton.ddj with size 1716 
07:15:17.362 [main] DEBUG org.sokybot.pk2.Pk2CryptoUtils - File stl_wordbutton_disable.ddj is not encrypted , flags not exists
07:15:17.362 [main] INFO org.soky.sro.pk2.io.Pk2IOTest - Consuming 1716 byte(s) from file stl_wordbutton_disable.ddj with size 1716 
07:15:17.362 [main] DEBUG org.sokybot.pk2.Pk2CryptoUtils - File stl_wordbutton_focus.ddj is not encrypted , flags not exists
07:15:17.362 [main] INFO org.soky.sro.pk2.io.Pk2IOTest - Consuming 1716 byte(s) from file stl_wordbutton_focus.ddj with size 1716 
07:15:17.362 [main] DEBUG org.sokybot.pk2.Pk2CryptoUtils - File stl_wordbutton_press.ddj is not encrypted , flags not exists
07:15:17.363 [main] INFO org.soky.sro.pk2.io.Pk2IOTest - Consuming 1716 byte(s) from file stl_wordbutton_press.ddj with size 1716 
07:15:17.363 [main] DEBUG org.sokybot.pk2.Pk2CryptoUtils - File stl_barwindow_button.ddj is not encrypted , flags not exists
07:15:17.363 [main] INFO org.soky.sro.pk2.io.Pk2IOTest - Consuming 19348 byte(s) from file stl_barwindow_button.ddj with size 19348 
07:15:17.363 [main] DEBUG org.sokybot.pk2.Pk2CryptoUtils - File stl_barwindow_button_focus.ddj is not encrypted , flags not exists
07:15:17.363 [main] INFO org.soky.sro.pk2.io.Pk2IOTest - Consuming 19348 byte(s) from file stl_barwindow_button_focus.ddj with size 19348 
07:15:17.363 [main] DEBUG org.sokybot.pk2.Pk2CryptoUtils - File stl_barwindow_button_press.ddj is not encrypted , flags not exists
07:15:17.364 [main] INFO org.soky.sro.pk2.io.Pk2IOTest - Consuming 19348 byte(s) from file stl_barwindow_button_press.ddj with size 19348 
07:15:17.364 [main] DEBUG org.sokybot.pk2.Pk2CryptoUtils - File stl_purchase_tab_disable.ddj is not encrypted , flags not exists
07:15:17.364 [main] INFO org.soky.sro.pk2.io.Pk2IOTest - Consuming 7828 byte(s) from file stl_purchase_tab_disable.ddj with size 7828 
07:15:17.364 [main] DEBUG org.sokybot.pk2.Pk2CryptoUtils - File stl_purchase_tab_off.ddj is not encrypted , flags not exists
07:15:17.364 [main] INFO org.soky.sro.pk2.io.Pk2IOTest - Consuming 7828 byte(s) from file stl_purchase_tab_off.ddj with size 7828 
07:15:17.364 [main] DEBUG org.sokybot.pk2.Pk2CryptoUtils - File stl_purchase_tab_on.ddj is not encrypted , flags not exists
07:15:17.364 [main] INFO org.soky.sro.pk2.io.Pk2IOTest - Consuming 7828 byte(s) from file stl_purchase_tab_on.ddj with size 7828 
07:15:17.364 [main] DEBUG org.sokybot.pk2.Pk2CryptoUtils - File stl_sale_tab_disable.ddj is not encrypted , flags not exists
07:15:17.365 [main] INFO org.soky.sro.pk2.io.Pk2IOTest - Consuming 7828 byte(s) from file stl_sale_tab_disable.ddj with size 7828 
07:15:17.365 [main] DEBUG org.sokybot.pk2.Pk2CryptoUtils - File stl_sale_tab_off.ddj is not encrypted , flags not exists
07:15:17.365 [main] INFO org.soky.sro.pk2.io.Pk2IOTest - Consuming 7828 byte(s) from file stl_sale_tab_off.ddj with size 7828 
07:15:17.365 [main] DEBUG org.sokybot.pk2.Pk2CryptoUtils - File stl_sale_tab_on.ddj is not encrypted , flags not exists
07:15:17.365 [main] INFO org.soky.sro.pk2.io.Pk2IOTest - Consuming 7828 byte(s) from file stl_sale_tab_on.ddj with size 7828 
07:15:17.365 [main] DEBUG org.sokybot.pk2.Pk2CryptoUtils - File market_tip_button.ddj is not encrypted , flags not exists
07:15:17.365 [main] INFO org.soky.sro.pk2.io.Pk2IOTest - Consuming 1748 byte(s) from file market_tip_button.ddj with size 1748 
07:15:17.365 [main] DEBUG org.sokybot.pk2.Pk2CryptoUtils - File market_tip_button_disable.ddj is not encrypted , flags not exists
07:15:17.365 [main] INFO org.soky.sro.pk2.io.Pk2IOTest - Consuming 1748 byte(s) from file market_tip_button_disable.ddj with size 1748 
07:15:17.365 [main] DEBUG org.sokybot.pk2.Pk2CryptoUtils - File market_tip_button_focus.ddj is not encrypted , flags not exists
07:15:17.366 [main] INFO org.soky.sro.pk2.io.Pk2IOTest - Consuming 1748 byte(s) from file market_tip_button_focus.ddj with size 1748 
07:15:17.366 [main] DEBUG org.sokybot.pk2.Pk2CryptoUtils - File market_tip_button_press.ddj is not encrypted , flags not exists
07:15:17.366 [main] INFO org.soky.sro.pk2.io.Pk2IOTest - Consuming 1748 byte(s) from file market_tip_button_press.ddj with size 1748 
07:15:17.366 [main] DEBUG org.sokybot.pk2.Pk2CryptoUtils - File sell_masgbox_iteminfo.ddj is not encrypted , flags not exists
07:15:17.366 [main] INFO org.soky.sro.pk2.io.Pk2IOTest - Consuming 56212 byte(s) from file sell_masgbox_iteminfo.ddj with size 56212 
07:15:17.367 [main] DEBUG org.sokybot.pk2.Pk2CryptoUtils - File alcm_button.ddj is not encrypted , flags not exists
07:15:17.367 [main] INFO org.soky.sro.pk2.io.Pk2IOTest - Consuming 6420 byte(s) from file alcm_button.ddj with size 6420 
07:15:17.367 [main] DEBUG org.sokybot.pk2.Pk2CryptoUtils - File alcm_button_disable.ddj is not encrypted , flags not exists
07:15:17.367 [main] INFO org.soky.sro.pk2.io.Pk2IOTest - Consuming 6420 byte(s) from file alcm_button_disable.ddj with size 6420 
07:15:17.367 [main] DEBUG org.sokybot.pk2.Pk2CryptoUtils - File alcm_button_focus.ddj is not encrypted , flags not exists
07:15:17.367 [main] INFO org.soky.sro.pk2.io.Pk2IOTest - Consuming 6420 byte(s) from file alcm_button_focus.ddj with size 6420 
07:15:17.367 [main] DEBUG org.sokybot.pk2.Pk2CryptoUtils - File alcm_button_press.ddj is not encrypted , flags not exists
07:15:17.367 [main] INFO org.soky.sro.pk2.io.Pk2IOTest - Consuming 6420 byte(s) from file alcm_button_press.ddj with size 6420 
07:15:17.367 [main] DEBUG org.sokybot.pk2.Pk2CryptoUtils - File alcm_cha_09.ddj is not encrypted , flags not exists
07:15:17.368 [main] INFO org.soky.sro.pk2.io.Pk2IOTest - Consuming 532 byte(s) from file alcm_cha_09.ddj with size 532 
07:15:17.368 [main] DEBUG org.sokybot.pk2.Pk2CryptoUtils - File alcm_effect_prepare.ddj is not encrypted , flags not exists
07:15:17.368 [main] INFO org.soky.sro.pk2.io.Pk2IOTest - Consuming 65684 byte(s) from file alcm_effect_prepare.ddj with size 65684 
07:15:17.368 [main] DEBUG org.sokybot.pk2.Pk2CryptoUtils - File alcm_effect_stuff.ddj is not encrypted , flags not exists
07:15:17.369 [main] INFO org.soky.sro.pk2.io.Pk2IOTest - Consuming 16532 byte(s) from file alcm_effect_stuff.ddj with size 16532 
07:15:17.369 [main] DEBUG org.sokybot.pk2.Pk2CryptoUtils - File alcm_effect_success.ddj is not encrypted , flags not exists
07:15:17.370 [main] INFO org.soky.sro.pk2.io.Pk2IOTest - Consuming 65684 byte(s) from file alcm_effect_success.ddj with size 65684 
07:15:17.370 [main] DEBUG org.sokybot.pk2.Pk2CryptoUtils - File alcm_lamp_decomposition_off.ddj is not encrypted , flags not exists
07:15:17.370 [main] INFO org.soky.sro.pk2.io.Pk2IOTest - Consuming 1108 byte(s) from file alcm_lamp_decomposition_off.ddj with size 1108 
07:15:17.370 [main] DEBUG org.sokybot.pk2.Pk2CryptoUtils - File alcm_lamp_decomposition_on.ddj is not encrypted , flags not exists
07:15:17.370 [main] INFO org.soky.sro.pk2.io.Pk2IOTest - Consuming 1108 byte(s) from file alcm_lamp_decomposition_on.ddj with size 1108 
07:15:17.370 [main] DEBUG org.sokybot.pk2.Pk2CryptoUtils - File alcm_lamp_element_off.ddj is not encrypted , flags not exists
07:15:17.370 [main] INFO org.soky.sro.pk2.io.Pk2IOTest - Consuming 1108 byte(s) from file alcm_lamp_element_off.ddj with size 1108 
07:15:17.370 [main] DEBUG org.sokybot.pk2.Pk2CryptoUtils - File alcm_lamp_element_on.ddj is not encrypted , flags not exists
07:15:17.370 [main] INFO org.soky.sro.pk2.io.Pk2IOTest - Consuming 1108 byte(s) from file alcm_lamp_element_on.ddj with size 1108 
07:15:17.370 [main] DEBUG org.sokybot.pk2.Pk2CryptoUtils - File alcm_lamp_enchant_off.ddj is not encrypted , flags not exists
07:15:17.370 [main] INFO org.soky.sro.pk2.io.Pk2IOTest - Consuming 1108 byte(s) from file alcm_lamp_enchant_off.ddj with size 1108 
07:15:17.371 [main] DEBUG org.sokybot.pk2.Pk2CryptoUtils - File alcm_lamp_enchant_on.ddj is not encrypted , flags not exists
07:15:17.371 [main] INFO org.soky.sro.pk2.io.Pk2IOTest - Consuming 1108 byte(s) from file alcm_lamp_enchant_on.ddj with size 1108 
07:15:17.371 [main] DEBUG org.sokybot.pk2.Pk2CryptoUtils - File alcm_lamp_reinforcement_off.ddj is not encrypted , flags not exists
07:15:17.371 [main] INFO org.soky.sro.pk2.io.Pk2IOTest - Consuming 1108 byte(s) from file alcm_lamp_reinforcement_off.ddj with size 1108 
07:15:17.371 [main] DEBUG org.sokybot.pk2.Pk2CryptoUtils - File alcm_lamp_reinforcement_on.ddj is not encrypted , flags not exists
07:15:17.371 [main] INFO org.soky.sro.pk2.io.Pk2IOTest - Consuming 1108 byte(s) from file alcm_lamp_reinforcement_on.ddj with size 1108 
07:15:17.371 [main] DEBUG org.sokybot.pk2.Pk2CryptoUtils - File alcm_slot_closed.ddj is not encrypted , flags not exists
07:15:17.371 [main] INFO org.soky.sro.pk2.io.Pk2IOTest - Consuming 2196 byte(s) from file alcm_slot_closed.ddj with size 2196 
07:15:17.371 [main] DEBUG org.sokybot.pk2.Pk2CryptoUtils - File alcm_tab_off.ddj is not encrypted , flags not exists
07:15:17.371 [main] INFO org.soky.sro.pk2.io.Pk2IOTest - Consuming 3988 byte(s) from file alcm_tab_off.ddj with size 3988 
07:15:17.371 [main] DEBUG org.sokybot.pk2.Pk2CryptoUtils - File alcm_tab_on.ddj is not encrypted , flags not exists
07:15:17.371 [main] INFO org.soky.sro.pk2.io.Pk2IOTest - Consuming 3988 byte(s) from file alcm_tab_on.ddj with size 3988 
07:15:17.372 [main] DEBUG org.sokybot.pk2.Pk2CryptoUtils - File alcm_windowclose.ddj is not encrypted , flags not exists
07:15:17.372 [main] INFO org.soky.sro.pk2.io.Pk2IOTest - Consuming 660 byte(s) from file alcm_windowclose.ddj with size 660 
07:15:17.372 [main] DEBUG org.sokybot.pk2.Pk2CryptoUtils - File alcm_windowclose_focus.ddj is not encrypted , flags not exists
07:15:17.372 [main] INFO org.soky.sro.pk2.io.Pk2IOTest - Consuming 660 byte(s) from file alcm_windowclose_focus.ddj with size 660 
07:15:17.372 [main] DEBUG org.sokybot.pk2.Pk2CryptoUtils - File alcm_windowclose_press.ddj is not encrypted , flags not exists
07:15:17.372 [main] INFO org.soky.sro.pk2.io.Pk2IOTest - Consuming 660 byte(s) from file alcm_windowclose_press.ddj with size 660 
07:15:17.372 [main] DEBUG org.sokybot.pk2.Pk2CryptoUtils - File alcm_window_allowance.ddj is not encrypted , flags not exists
07:15:17.374 [main] INFO org.soky.sro.pk2.io.Pk2IOTest - Consuming 144532 byte(s) from file alcm_window_allowance.ddj with size 144532 
07:15:17.374 [main] DEBUG org.sokybot.pk2.Pk2CryptoUtils - File alcm_window_experiment.ddj is not encrypted , flags not exists
07:15:17.376 [main] INFO org.soky.sro.pk2.io.Pk2IOTest - Consuming 171604 byte(s) from file alcm_window_experiment.ddj with size 171604 
07:15:17.376 [main] DEBUG org.sokybot.pk2.Pk2CryptoUtils - File alcm_window_reinforcement.ddj is not encrypted , flags not exists
07:15:17.378 [main] INFO org.soky.sro.pk2.io.Pk2IOTest - Consuming 144532 byte(s) from file alcm_window_reinforcement.ddj with size 144532 
07:15:17.378 [main] DEBUG org.sokybot.pk2.Pk2CryptoUtils - File alcm_lamp_reinforcement.ddj is not encrypted , flags not exists
07:15:17.382 [main] INFO org.soky.sro.pk2.io.Pk2IOTest - Consuming 343060 byte(s) from file alcm_lamp_reinforcement.ddj with size 343060 
07:15:17.382 [main] DEBUG org.sokybot.pk2.Pk2CryptoUtils - File alcm_menu_bg.ddj is not encrypted , flags not exists
07:15:17.382 [main] INFO org.soky.sro.pk2.io.Pk2IOTest - Consuming 27796 byte(s) from file alcm_menu_bg.ddj with size 27796 
07:15:17.382 [main] DEBUG org.sokybot.pk2.Pk2CryptoUtils - File alcm_menu_button.ddj is not encrypted , flags not exists
07:15:17.383 [main] INFO org.soky.sro.pk2.io.Pk2IOTest - Consuming 6548 byte(s) from file alcm_menu_button.ddj with size 6548 
07:15:17.383 [main] DEBUG org.sokybot.pk2.Pk2CryptoUtils - File alcm_slot_open.ddj is not encrypted , flags not exists
07:15:17.383 [main] INFO org.soky.sro.pk2.io.Pk2IOTest - Consuming 9364 byte(s) from file alcm_slot_open.ddj with size 9364 
07:15:17.383 [main] DEBUG org.sokybot.pk2.Pk2CryptoUtils - File alcm_window_decomposition.ddj is not encrypted , flags not exists
07:15:17.387 [main] INFO org.soky.sro.pk2.io.Pk2IOTest - Consuming 343060 byte(s) from file alcm_window_decomposition.ddj with size 343060 
07:15:17.387 [main] DEBUG org.sokybot.pk2.Pk2CryptoUtils - File alcm_window_disjoint.ddj is not encrypted , flags not exists
07:15:17.390 [main] INFO org.soky.sro.pk2.io.Pk2IOTest - Consuming 343060 byte(s) from file alcm_window_disjoint.ddj with size 343060 
07:15:17.391 [main] DEBUG org.sokybot.pk2.Pk2CryptoUtils - File alcm_window_dismantle.ddj is not encrypted , flags not exists
07:15:17.394 [main] INFO org.soky.sro.pk2.io.Pk2IOTest - Consuming 343060 byte(s) from file alcm_window_dismantle.ddj with size 343060 
07:15:17.394 [main] DEBUG org.sokybot.pk2.Pk2CryptoUtils - File alcm_window_lamp_element.ddj is not encrypted , flags not exists
07:15:17.399 [main] INFO org.soky.sro.pk2.io.Pk2IOTest - Consuming 343060 byte(s) from file alcm_window_lamp_element.ddj with size 343060 
07:15:17.399 [main] DEBUG org.sokybot.pk2.Pk2CryptoUtils - File alcm_window_lamp_experiment.ddj is not encrypted , flags not exists
07:15:17.402 [main] INFO org.soky.sro.pk2.io.Pk2IOTest - Consuming 343060 byte(s) from file alcm_window_lamp_experiment.ddj with size 343060 
07:15:17.403 [main] DEBUG org.sokybot.pk2.Pk2CryptoUtils - File alcm_window_message.ddj is not encrypted , flags not exists
07:15:17.404 [main] INFO org.soky.sro.pk2.io.Pk2IOTest - Consuming 144532 byte(s) from file alcm_window_message.ddj with size 144532 
07:15:17.404 [main] DEBUG org.sokybot.pk2.Pk2CryptoUtils - File alcm_window_strengthening.ddj is not encrypted , flags not exists
07:15:17.408 [main] INFO org.soky.sro.pk2.io.Pk2IOTest - Consuming 343060 byte(s) from file alcm_window_strengthening.ddj with size 343060 
07:15:17.408 [main] DEBUG org.sokybot.pk2.Pk2CryptoUtils - File am_cos_window.ddj is not encrypted , flags not exists
07:15:17.408 [main] INFO org.soky.sro.pk2.io.Pk2IOTest - Consuming 6132 byte(s) from file am_cos_window.ddj with size 6132 
07:15:17.408 [main] DEBUG org.sokybot.pk2.Pk2CryptoUtils - File am_ctrl_close.ddj is not encrypted , flags not exists
07:15:17.408 [main] INFO org.soky.sro.pk2.io.Pk2IOTest - Consuming 660 byte(s) from file am_ctrl_close.ddj with size 660 
07:15:17.408 [main] DEBUG org.sokybot.pk2.Pk2CryptoUtils - File am_ctrl_close_focus.ddj is not encrypted , flags not exists
07:15:17.408 [main] INFO org.soky.sro.pk2.io.Pk2IOTest - Consuming 660 byte(s) from file am_ctrl_close_focus.ddj with size 660 
07:15:17.409 [main] DEBUG org.sokybot.pk2.Pk2CryptoUtils - File am_ctrl_close_press.ddj is not encrypted , flags not exists
07:15:17.409 [main] INFO org.soky.sro.pk2.io.Pk2IOTest - Consuming 660 byte(s) from file am_ctrl_close_press.ddj with size 660 
07:15:17.409 [main] DEBUG org.sokybot.pk2.Pk2CryptoUtils - File am_ctrl_open.ddj is not encrypted , flags not exists
07:15:17.409 [main] INFO org.soky.sro.pk2.io.Pk2IOTest - Consuming 660 byte(s) from file am_ctrl_open.ddj with size 660 
07:15:17.409 [main] DEBUG org.sokybot.pk2.Pk2CryptoUtils - File am_ctrl_open_focus.ddj is not encrypted , flags not exists
07:15:17.409 [main] INFO org.soky.sro.pk2.io.Pk2IOTest - Consuming 660 byte(s) from file am_ctrl_open_focus.ddj with size 660 
07:15:17.409 [main] DEBUG org.sokybot.pk2.Pk2CryptoUtils - File am_ctrl_open_press.ddj is not encrypted , flags not exists
07:15:17.409 [main] INFO org.soky.sro.pk2.io.Pk2IOTest - Consuming 660 byte(s) from file am_ctrl_open_press.ddj with size 660 
07:15:17.409 [main] DEBUG org.sokybot.pk2.Pk2CryptoUtils - File am_ctrl_tab.ddj is not encrypted , flags not exists
07:15:17.409 [main] INFO org.soky.sro.pk2.io.Pk2IOTest - Consuming 2164 byte(s) from file am_ctrl_tab.ddj with size 2164 
07:15:17.409 [main] DEBUG org.sokybot.pk2.Pk2CryptoUtils - File am_ctrl_window.ddj is not encrypted , flags not exists
07:15:17.409 [main] INFO org.soky.sro.pk2.io.Pk2IOTest - Consuming 9652 byte(s) from file am_ctrl_window.ddj with size 9652 
07:15:17.410 [main] DEBUG org.sokybot.pk2.Pk2CryptoUtils - File am_ctrl_window_end.ddj is not encrypted , flags not exists
07:15:17.410 [main] INFO org.soky.sro.pk2.io.Pk2IOTest - Consuming 2740 byte(s) from file am_ctrl_window_end.ddj with size 2740 
07:15:17.410 [main] DEBUG org.sokybot.pk2.Pk2CryptoUtils - File am_ctrl_window_front.ddj is not encrypted , flags not exists
07:15:17.410 [main] INFO org.soky.sro.pk2.io.Pk2IOTest - Consuming 3316 byte(s) from file am_ctrl_window_front.ddj with size 3316 
07:15:17.410 [main] DEBUG org.sokybot.pk2.Pk2CryptoUtils - File am_ctrl_window_middle.ddj is not encrypted , flags not exists
07:15:17.410 [main] INFO org.soky.sro.pk2.io.Pk2IOTest - Consuming 2452 byte(s) from file am_ctrl_window_middle.ddj with size 2452 
07:15:17.410 [main] DEBUG org.sokybot.pk2.Pk2CryptoUtils - File am_face_faraway.ddj is not encrypted , flags not exists
07:15:17.410 [main] INFO org.soky.sro.pk2.io.Pk2IOTest - Consuming 4244 byte(s) from file am_face_faraway.ddj with size 4244 
07:15:17.410 [main] DEBUG org.sokybot.pk2.Pk2CryptoUtils - File am_face_warning.ddj is not encrypted , flags not exists
07:15:17.410 [main] INFO org.soky.sro.pk2.io.Pk2IOTest - Consuming 4244 byte(s) from file am_face_warning.ddj with size 4244 
07:15:17.411 [main] DEBUG org.sokybot.pk2.Pk2CryptoUtils - File am_hgp.ddj is not encrypted , flags not exists
07:15:17.411 [main] INFO org.soky.sro.pk2.io.Pk2IOTest - Consuming 436 byte(s) from file am_hgp.ddj with size 436 
07:15:17.411 [main] DEBUG org.sokybot.pk2.Pk2CryptoUtils - File am_hp.ddj is not encrypted , flags not exists
07:15:17.411 [main] INFO org.soky.sro.pk2.io.Pk2IOTest - Consuming 436 byte(s) from file am_hp.ddj with size 436 
07:15:17.411 [main] DEBUG org.sokybot.pk2.Pk2CryptoUtils - File am_window.ddj is not encrypted , flags not exists
07:15:17.411 [main] INFO org.soky.sro.pk2.io.Pk2IOTest - Consuming 5076 byte(s) from file am_window.ddj with size 5076 
07:15:17.411 [main] DEBUG org.sokybot.pk2.Pk2CryptoUtils - File chr_exp_get.ddj is not encrypted , flags not exists
07:15:17.411 [main] INFO org.soky.sro.pk2.io.Pk2IOTest - Consuming 436 byte(s) from file chr_exp_get.ddj with size 436 
07:15:17.411 [main] DEBUG org.sokybot.pk2.Pk2CryptoUtils - File chr_exp_lock.ddj is not encrypted , flags not exists
07:15:17.411 [main] INFO org.soky.sro.pk2.io.Pk2IOTest - Consuming 436 byte(s) from file chr_exp_lock.ddj with size 436 
07:15:17.411 [main] DEBUG org.sokybot.pk2.Pk2CryptoUtils - File chr_hp.ddj is not encrypted , flags not exists
07:15:17.411 [main] INFO org.soky.sro.pk2.io.Pk2IOTest - Consuming 4660 byte(s) from file chr_hp.ddj with size 4660 
07:15:17.412 [main] DEBUG org.sokybot.pk2.Pk2CryptoUtils - File chr_hunter_bar.ddj is not encrypted , flags not exists
07:15:17.412 [main] INFO org.soky.sro.pk2.io.Pk2IOTest - Consuming 2068 byte(s) from file chr_hunter_bar.ddj with size 2068 
07:15:17.412 [main] DEBUG org.sokybot.pk2.Pk2CryptoUtils - File chr_job.ddj is not encrypted , flags not exists
07:15:17.412 [main] INFO org.soky.sro.pk2.io.Pk2IOTest - Consuming 3412 byte(s) from file chr_job.ddj with size 3412 
07:15:17.412 [main] DEBUG org.sokybot.pk2.Pk2CryptoUtils - File chr_job_window.ddj is not encrypted , flags not exists
07:15:17.413 [main] INFO org.soky.sro.pk2.io.Pk2IOTest - Consuming 70036 byte(s) from file chr_job_window.ddj with size 70036 
07:15:17.413 [main] DEBUG org.sokybot.pk2.Pk2CryptoUtils - File chr_merchant_bar.ddj is not encrypted , flags not exists
07:15:17.413 [main] INFO org.soky.sro.pk2.io.Pk2IOTest - Consuming 2068 byte(s) from file chr_merchant_bar.ddj with size 2068 
07:15:17.413 [main] DEBUG org.sokybot.pk2.Pk2CryptoUtils - File chr_mp.ddj is not encrypted , flags not exists
07:15:17.413 [main] INFO org.soky.sro.pk2.io.Pk2IOTest - Consuming 4660 byte(s) from file chr_mp.ddj with size 4660 
07:15:17.413 [main] DEBUG org.sokybot.pk2.Pk2CryptoUtils - File chr_stat_off.ddj is not encrypted , flags not exists
07:15:17.413 [main] INFO org.soky.sro.pk2.io.Pk2IOTest - Consuming 2740 byte(s) from file chr_stat_off.ddj with size 2740 
07:15:17.413 [main] DEBUG org.sokybot.pk2.Pk2CryptoUtils - File chr_stat_on.ddj is not encrypted , flags not exists
07:15:17.414 [main] INFO org.soky.sro.pk2.io.Pk2IOTest - Consuming 2740 byte(s) from file chr_stat_on.ddj with size 2740 
07:15:17.414 [main] DEBUG org.sokybot.pk2.Pk2CryptoUtils - File chr_stat_window.ddj is not encrypted , flags not exists
07:15:17.414 [main] INFO org.soky.sro.pk2.io.Pk2IOTest - Consuming 16084 byte(s) from file chr_stat_window.ddj with size 16084 
07:15:17.414 [main] DEBUG org.sokybot.pk2.Pk2CryptoUtils - File chr_thief_bar.ddj is not encrypted , flags not exists
07:15:17.414 [main] INFO org.soky.sro.pk2.io.Pk2IOTest - Consuming 2068 byte(s) from file chr_thief_bar.ddj with size 2068 
07:15:17.414 [main] DEBUG org.sokybot.pk2.Pk2CryptoUtils - File chr_window.ddj is not encrypted , flags not exists
07:15:17.417 [main] INFO org.soky.sro.pk2.io.Pk2IOTest - Consuming 262228 byte(s) from file chr_window.ddj with size 262228 
07:15:17.417 [main] DEBUG org.sokybot.pk2.Pk2CryptoUtils - File chr_window_mid_down.ddj is not encrypted , flags not exists
07:15:17.417 [main] INFO org.soky.sro.pk2.io.Pk2IOTest - Consuming 24052 byte(s) from file chr_window_mid_down.ddj with size 24052 
07:15:17.417 [main] DEBUG org.sokybot.pk2.Pk2CryptoUtils - File chr_window_mid_up.ddj is not encrypted , flags not exists
07:15:17.418 [main] INFO org.soky.sro.pk2.io.Pk2IOTest - Consuming 7316 byte(s) from file chr_window_mid_up.ddj with size 7316 
07:15:17.418 [main] DEBUG org.sokybot.pk2.Pk2CryptoUtils - File char_ch_man9.ddj is not encrypted , flags not exists
07:15:17.418 [main] INFO org.soky.sro.pk2.io.Pk2IOTest - Consuming 32916 byte(s) from file char_ch_man9.ddj with size 32916 
07:15:17.418 [main] DEBUG org.sokybot.pk2.Pk2CryptoUtils - File char_ch_woman9.ddj is not encrypted , flags not exists
07:15:17.419 [main] INFO org.soky.sro.pk2.io.Pk2IOTest - Consuming 32916 byte(s) from file char_ch_woman9.ddj with size 32916 
07:15:17.419 [main] DEBUG org.sokybot.pk2.Pk2CryptoUtils - File char_eu_man9.ddj is not encrypted , flags not exists
07:15:17.419 [main] INFO org.soky.sro.pk2.io.Pk2IOTest - Consuming 32916 byte(s) from file char_eu_man9.ddj with size 32916 
07:15:17.419 [main] DEBUG org.sokybot.pk2.Pk2CryptoUtils - File char_eu_woman9.ddj is not encrypted , flags not exists
07:15:17.420 [main] INFO org.soky.sro.pk2.io.Pk2IOTest - Consuming 32916 byte(s) from file char_eu_woman9.ddj with size 32916 
07:15:17.420 [main] DEBUG org.sokybot.pk2.Pk2CryptoUtils - File chr_point_hp.ddj is not encrypted , flags not exists
07:15:17.420 [main] INFO org.soky.sro.pk2.io.Pk2IOTest - Consuming 3284 byte(s) from file chr_point_hp.ddj with size 3284 
07:15:17.420 [main] DEBUG org.sokybot.pk2.Pk2CryptoUtils - File chr_point_mp.ddj is not encrypted , flags not exists
07:15:17.420 [main] INFO org.soky.sro.pk2.io.Pk2IOTest - Consuming 3284 byte(s) from file chr_point_mp.ddj with size 3284 
07:15:17.420 [main] DEBUG org.sokybot.pk2.Pk2CryptoUtils - File chr_stat_point.ddj is not encrypted , flags not exists
07:15:17.420 [main] INFO org.soky.sro.pk2.io.Pk2IOTest - Consuming 6548 byte(s) from file chr_stat_point.ddj with size 6548 
07:15:17.420 [main] DEBUG org.sokybot.pk2.Pk2CryptoUtils - File chatwindow_big_middle.ddj is not encrypted , flags not exists
07:15:17.420 [main] INFO org.soky.sro.pk2.io.Pk2IOTest - Consuming 916 byte(s) from file chatwindow_big_middle.ddj with size 916 
07:15:17.420 [main] DEBUG org.sokybot.pk2.Pk2CryptoUtils - File chatwindow_big_side.ddj is not encrypted , flags not exists
07:15:17.421 [main] INFO org.soky.sro.pk2.io.Pk2IOTest - Consuming 1684 byte(s) from file chatwindow_big_side.ddj with size 1684 
07:15:17.421 [main] DEBUG org.sokybot.pk2.Pk2CryptoUtils - File chatwindow_small_middle.ddj is not encrypted , flags not exists
07:15:17.421 [main] INFO org.soky.sro.pk2.io.Pk2IOTest - Consuming 596 byte(s) from file chatwindow_small_middle.ddj with size 596 
07:15:17.421 [main] DEBUG org.sokybot.pk2.Pk2CryptoUtils - File chatwindow_small_side.ddj is not encrypted , flags not exists
07:15:17.421 [main] INFO org.soky.sro.pk2.io.Pk2IOTest - Consuming 1044 byte(s) from file chatwindow_small_side.ddj with size 1044 
07:15:17.421 [main] DEBUG org.sokybot.pk2.Pk2CryptoUtils - File chat_apprenticeship.ddj is not encrypted , flags not exists
07:15:17.422 [main] INFO org.soky.sro.pk2.io.Pk2IOTest - Consuming 79956 byte(s) from file chat_apprenticeship.ddj with size 79956 
07:15:17.422 [main] DEBUG org.sokybot.pk2.Pk2CryptoUtils - File chat_apprenticeship_down.ddj is not encrypted , flags not exists
07:15:17.422 [main] INFO org.soky.sro.pk2.io.Pk2IOTest - Consuming 25684 byte(s) from file chat_apprenticeship_down.ddj with size 25684 
07:15:17.423 [main] DEBUG org.sokybot.pk2.Pk2CryptoUtils - File chat_apprenticeship_middle.ddj is not encrypted , flags not exists
07:15:17.423 [main] INFO org.soky.sro.pk2.io.Pk2IOTest - Consuming 51220 byte(s) from file chat_apprenticeship_middle.ddj with size 51220 
07:15:17.423 [main] DEBUG org.sokybot.pk2.Pk2CryptoUtils - File chat_apprenticeship_up.ddj is not encrypted , flags not exists
07:15:17.423 [main] INFO org.soky.sro.pk2.io.Pk2IOTest - Consuming 18388 byte(s) from file chat_apprenticeship_up.ddj with size 18388 
07:15:17.424 [main] DEBUG org.sokybot.pk2.Pk2CryptoUtils - File chat_arrow_down.ddj is not encrypted , flags not exists
07:15:17.424 [main] INFO org.soky.sro.pk2.io.Pk2IOTest - Consuming 660 byte(s) from file chat_arrow_down.ddj with size 660 
07:15:17.424 [main] DEBUG org.sokybot.pk2.Pk2CryptoUtils - File chat_arrow_down_disable.ddj is not encrypted , flags not exists
07:15:17.424 [main] INFO org.soky.sro.pk2.io.Pk2IOTest - Consuming 660 byte(s) from file chat_arrow_down_disable.ddj with size 660 
07:15:17.424 [main] DEBUG org.sokybot.pk2.Pk2CryptoUtils - File chat_arrow_down_focus.ddj is not encrypted , flags not exists
07:15:17.424 [main] INFO org.soky.sro.pk2.io.Pk2IOTest - Consuming 660 byte(s) from file chat_arrow_down_focus.ddj with size 660 
07:15:17.424 [main] DEBUG org.sokybot.pk2.Pk2CryptoUtils - File chat_arrow_down_press.ddj is not encrypted , flags not exists
07:15:17.424 [main] INFO org.soky.sro.pk2.io.Pk2IOTest - Consuming 660 byte(s) from file chat_arrow_down_press.ddj with size 660 
07:15:17.424 [main] DEBUG org.sokybot.pk2.Pk2CryptoUtils - File chat_arrow_up.ddj is not encrypted , flags not exists
07:15:17.424 [main] INFO org.soky.sro.pk2.io.Pk2IOTest - Consuming 660 byte(s) from file chat_arrow_up.ddj with size 660 
07:15:17.424 [main] DEBUG org.sokybot.pk2.Pk2CryptoUtils - File chat_arrow_up_disable.ddj is not encrypted , flags not exists
07:15:17.424 [main] INFO org.soky.sro.pk2.io.Pk2IOTest - Consuming 660 byte(s) from file chat_arrow_up_disable.ddj with size 660 
07:15:17.425 [main] DEBUG org.sokybot.pk2.Pk2CryptoUtils - File chat_arrow_up_focus.ddj is not encrypted , flags not exists
07:15:17.425 [main] INFO org.soky.sro.pk2.io.Pk2IOTest - Consuming 660 byte(s) from file chat_arrow_up_focus.ddj with size 660 
07:15:17.425 [main] DEBUG org.sokybot.pk2.Pk2CryptoUtils - File chat_arrow_up_press.ddj is not encrypted , flags not exists
07:15:17.425 [main] INFO org.soky.sro.pk2.io.Pk2IOTest - Consuming 660 byte(s) from file chat_arrow_up_press.ddj with size 660 
07:15:17.425 [main] DEBUG org.sokybot.pk2.Pk2CryptoUtils - File chat_filter_button.ddj is not encrypted , flags not exists
07:15:17.425 [main] INFO org.soky.sro.pk2.io.Pk2IOTest - Consuming 788 byte(s) from file chat_filter_button.ddj with size 788 
07:15:17.425 [main] DEBUG org.sokybot.pk2.Pk2CryptoUtils - File chat_filter_button_focus.ddj is not encrypted , flags not exists
07:15:17.425 [main] INFO org.soky.sro.pk2.io.Pk2IOTest - Consuming 788 byte(s) from file chat_filter_button_focus.ddj with size 788 
07:15:17.425 [main] DEBUG org.sokybot.pk2.Pk2CryptoUtils - File chat_filter_button_press.ddj is not encrypted , flags not exists
07:15:17.425 [main] INFO org.soky.sro.pk2.io.Pk2IOTest - Consuming 788 byte(s) from file chat_filter_button_press.ddj with size 788 
07:15:17.425 [main] DEBUG org.sokybot.pk2.Pk2CryptoUtils - File chat_filter_window.ddj is not encrypted , flags not exists
07:15:17.426 [main] INFO org.soky.sro.pk2.io.Pk2IOTest - Consuming 88852 byte(s) from file chat_filter_window.ddj with size 88852 
07:15:17.427 [main] DEBUG org.sokybot.pk2.Pk2CryptoUtils - File chat_hide_button.ddj is not encrypted , flags not exists
07:15:17.427 [main] INFO org.soky.sro.pk2.io.Pk2IOTest - Consuming 788 byte(s) from file chat_hide_button.ddj with size 788 
07:15:17.427 [main] DEBUG org.sokybot.pk2.Pk2CryptoUtils - File chat_hide_button_focus.ddj is not encrypted , flags not exists
07:15:17.427 [main] INFO org.soky.sro.pk2.io.Pk2IOTest - Consuming 788 byte(s) from file chat_hide_button_focus.ddj with size 788 
07:15:17.427 [main] DEBUG org.sokybot.pk2.Pk2CryptoUtils - File chat_hide_button_press.ddj is not encrypted , flags not exists
07:15:17.427 [main] INFO org.soky.sro.pk2.io.Pk2IOTest - Consuming 788 byte(s) from file chat_hide_button_press.ddj with size 788 
07:15:17.427 [main] DEBUG org.sokybot.pk2.Pk2CryptoUtils - File chat_lamp_all.ddj is not encrypted , flags not exists
07:15:17.427 [main] INFO org.soky.sro.pk2.io.Pk2IOTest - Consuming 212 byte(s) from file chat_lamp_all.ddj with size 212 
07:15:17.427 [main] DEBUG org.sokybot.pk2.Pk2CryptoUtils - File chat_lamp_commerce.ddj is not encrypted , flags not exists
07:15:17.427 [main] INFO org.soky.sro.pk2.io.Pk2IOTest - Consuming 212 byte(s) from file chat_lamp_commerce.ddj with size 212 
07:15:17.428 [main] DEBUG org.sokybot.pk2.Pk2CryptoUtils - File chat_lamp_fortress.ddj is not encrypted , flags not exists
07:15:17.428 [main] INFO org.soky.sro.pk2.io.Pk2IOTest - Consuming 276 byte(s) from file chat_lamp_fortress.ddj with size 276 
07:15:17.428 [main] DEBUG org.sokybot.pk2.Pk2CryptoUtils - File chat_lamp_guild.ddj is not encrypted , flags not exists
07:15:17.428 [main] INFO org.soky.sro.pk2.io.Pk2IOTest - Consuming 212 byte(s) from file chat_lamp_guild.ddj with size 212 
07:15:17.428 [main] DEBUG org.sokybot.pk2.Pk2CryptoUtils - File chat_lamp_party.ddj is not encrypted , flags not exists
07:15:17.428 [main] INFO org.soky.sro.pk2.io.Pk2IOTest - Consuming 212 byte(s) from file chat_lamp_party.ddj with size 212 
07:15:17.428 [main] DEBUG org.sokybot.pk2.Pk2CryptoUtils - File chat_reduce_button.ddj is not encrypted , flags not exists
07:15:17.428 [main] INFO org.soky.sro.pk2.io.Pk2IOTest - Consuming 724 byte(s) from file chat_reduce_button.ddj with size 724 
07:15:17.428 [main] DEBUG org.sokybot.pk2.Pk2CryptoUtils - File chat_reduce_button_focus.ddj is not encrypted , flags not exists
07:15:17.428 [main] INFO org.soky.sro.pk2.io.Pk2IOTest - Consuming 724 byte(s) from file chat_reduce_button_focus.ddj with size 724 
07:15:17.428 [main] DEBUG org.sokybot.pk2.Pk2CryptoUtils - File chat_reduce_button_press.ddj is not encrypted , flags not exists
07:15:17.428 [main] INFO org.soky.sro.pk2.io.Pk2IOTest - Consuming 724 byte(s) from file chat_reduce_button_press.ddj with size 724 
07:15:17.429 [main] DEBUG org.sokybot.pk2.Pk2CryptoUtils - File chat_scroll_down.ddj is not encrypted , flags not exists
07:15:17.429 [main] INFO org.soky.sro.pk2.io.Pk2IOTest - Consuming 404 byte(s) from file chat_scroll_down.ddj with size 404 
07:15:17.429 [main] DEBUG org.sokybot.pk2.Pk2CryptoUtils - File chat_scroll_down_focus.ddj is not encrypted , flags not exists
07:15:17.429 [main] INFO org.soky.sro.pk2.io.Pk2IOTest - Consuming 404 byte(s) from file chat_scroll_down_focus.ddj with size 404 
07:15:17.429 [main] DEBUG org.sokybot.pk2.Pk2CryptoUtils - File chat_scroll_down_press.ddj is not encrypted , flags not exists
07:15:17.429 [main] INFO org.soky.sro.pk2.io.Pk2IOTest - Consuming 404 byte(s) from file chat_scroll_down_press.ddj with size 404 
07:15:17.429 [main] DEBUG org.sokybot.pk2.Pk2CryptoUtils - File chat_scroll_up.ddj is not encrypted , flags not exists
07:15:17.429 [main] INFO org.soky.sro.pk2.io.Pk2IOTest - Consuming 404 byte(s) from file chat_scroll_up.ddj with size 404 
07:15:17.429 [main] DEBUG org.sokybot.pk2.Pk2CryptoUtils - File chat_scroll_up_focus.ddj is not encrypted , flags not exists
07:15:17.429 [main] INFO org.soky.sro.pk2.io.Pk2IOTest - Consuming 404 byte(s) from file chat_scroll_up_focus.ddj with size 404 
07:15:17.429 [main] DEBUG org.sokybot.pk2.Pk2CryptoUtils - File chat_scroll_up_press.ddj is not encrypted , flags not exists
07:15:17.429 [main] INFO org.soky.sro.pk2.io.Pk2IOTest - Consuming 404 byte(s) from file chat_scroll_up_press.ddj with size 404 
07:15:17.429 [main] DEBUG org.sokybot.pk2.Pk2CryptoUtils - File chat_size_button.ddj is not encrypted , flags not exists
07:15:17.429 [main] INFO org.soky.sro.pk2.io.Pk2IOTest - Consuming 724 byte(s) from file chat_size_button.ddj with size 724 
07:15:17.430 [main] DEBUG org.sokybot.pk2.Pk2CryptoUtils - File chat_size_button_press.ddj is not encrypted , flags not exists
07:15:17.430 [main] INFO org.soky.sro.pk2.io.Pk2IOTest - Consuming 724 byte(s) from file chat_size_button_press.ddj with size 724 
07:15:17.430 [main] DEBUG org.sokybot.pk2.Pk2CryptoUtils - File chat_system_window.ddj is not encrypted , flags not exists
07:15:17.430 [main] INFO org.soky.sro.pk2.io.Pk2IOTest - Consuming 59284 byte(s) from file chat_system_window.ddj with size 59284 
07:15:17.431 [main] DEBUG org.sokybot.pk2.Pk2CryptoUtils - File chat_tab.ddj is not encrypted , flags not exists
07:15:17.431 [main] INFO org.soky.sro.pk2.io.Pk2IOTest - Consuming 2228 byte(s) from file chat_tab.ddj with size 2228 
07:15:17.431 [main] DEBUG org.sokybot.pk2.Pk2CryptoUtils - File chat_transparency_bar.ddj is not encrypted , flags not exists
07:15:17.431 [main] INFO org.soky.sro.pk2.io.Pk2IOTest - Consuming 788 byte(s) from file chat_transparency_bar.ddj with size 788 
07:15:17.431 [main] DEBUG org.sokybot.pk2.Pk2CryptoUtils - File chat_transparency_button.ddj is not encrypted , flags not exists
07:15:17.431 [main] INFO org.soky.sro.pk2.io.Pk2IOTest - Consuming 404 byte(s) from file chat_transparency_button.ddj with size 404 
07:15:17.431 [main] DEBUG org.sokybot.pk2.Pk2CryptoUtils - File chat_transparency_button_press.ddj is not encrypted , flags not exists
07:15:17.431 [main] INFO org.soky.sro.pk2.io.Pk2IOTest - Consuming 404 byte(s) from file chat_transparency_button_press.ddj with size 404 
07:15:17.431 [main] DEBUG org.sokybot.pk2.Pk2CryptoUtils - File chat_whisper_button.ddj is not encrypted , flags not exists
07:15:17.432 [main] INFO org.soky.sro.pk2.io.Pk2IOTest - Consuming 788 byte(s) from file chat_whisper_button.ddj with size 788 
07:15:17.432 [main] DEBUG org.sokybot.pk2.Pk2CryptoUtils - File chat_whisper_button_focus.ddj is not encrypted , flags not exists
07:15:17.432 [main] INFO org.soky.sro.pk2.io.Pk2IOTest - Consuming 788 byte(s) from file chat_whisper_button_focus.ddj with size 788 
07:15:17.432 [main] DEBUG org.sokybot.pk2.Pk2CryptoUtils - File chat_whisper_button_press.ddj is not encrypted , flags not exists
07:15:17.432 [main] INFO org.soky.sro.pk2.io.Pk2IOTest - Consuming 788 byte(s) from file chat_whisper_button_press.ddj with size 788 
07:15:17.432 [main] DEBUG org.sokybot.pk2.Pk2CryptoUtils - File chat_window.ddj is not encrypted , flags not exists
07:15:17.432 [main] INFO org.soky.sro.pk2.io.Pk2IOTest - Consuming 18580 byte(s) from file chat_window.ddj with size 18580 
07:15:17.432 [main] DEBUG org.sokybot.pk2.Pk2CryptoUtils - File chat_window_big.ddj is not encrypted , flags not exists
07:15:17.435 [main] INFO org.soky.sro.pk2.io.Pk2IOTest - Consuming 268948 byte(s) from file chat_window_big.ddj with size 268948 
07:15:17.435 [main] DEBUG org.sokybot.pk2.Pk2CryptoUtils - File chat_window_medium.ddj is not encrypted , flags not exists
07:15:17.437 [main] INFO org.soky.sro.pk2.io.Pk2IOTest - Consuming 179348 byte(s) from file chat_window_medium.ddj with size 179348 
07:15:17.437 [main] DEBUG org.sokybot.pk2.Pk2CryptoUtils - File chat_window_small.ddj is not encrypted , flags not exists
07:15:17.438 [main] INFO org.soky.sro.pk2.io.Pk2IOTest - Consuming 16148 byte(s) from file chat_window_small.ddj with size 16148 
07:15:17.438 [main] DEBUG org.sokybot.pk2.Pk2CryptoUtils - File chat_zoom.ddj is not encrypted , flags not exists
07:15:17.438 [main] INFO org.soky.sro.pk2.io.Pk2IOTest - Consuming 788 byte(s) from file chat_zoom.ddj with size 788 
07:15:17.438 [main] DEBUG org.sokybot.pk2.Pk2CryptoUtils - File chat_zoom_focus.ddj is not encrypted , flags not exists
07:15:17.438 [main] INFO org.soky.sro.pk2.io.Pk2IOTest - Consuming 788 byte(s) from file chat_zoom_focus.ddj with size 788 
07:15:17.438 [main] DEBUG org.sokybot.pk2.Pk2CryptoUtils - File chat_zoom_press.ddj is not encrypted , flags not exists
07:15:17.438 [main] INFO org.soky.sro.pk2.io.Pk2IOTest - Consuming 788 byte(s) from file chat_zoom_press.ddj with size 788 
07:15:17.438 [main] DEBUG org.sokybot.pk2.Pk2CryptoUtils - File chat_command_button.ddj is not encrypted , flags not exists
07:15:17.438 [main] INFO org.soky.sro.pk2.io.Pk2IOTest - Consuming 11028 byte(s) from file chat_command_button.ddj with size 11028 
07:15:17.438 [main] DEBUG org.sokybot.pk2.Pk2CryptoUtils - File chat_command_button_focus.ddj is not encrypted , flags not exists
07:15:17.439 [main] INFO org.soky.sro.pk2.io.Pk2IOTest - Consuming 11028 byte(s) from file chat_command_button_focus.ddj with size 11028 
07:15:17.439 [main] DEBUG org.sokybot.pk2.Pk2CryptoUtils - File chat_command_button_press.ddj is not encrypted , flags not exists
07:15:17.439 [main] INFO org.soky.sro.pk2.io.Pk2IOTest - Consuming 11028 byte(s) from file chat_command_button_press.ddj with size 11028 
07:15:17.439 [main] DEBUG org.sokybot.pk2.Pk2CryptoUtils - File chat_lamp_probation.ddj is not encrypted , flags not exists
07:15:17.439 [main] INFO org.soky.sro.pk2.io.Pk2IOTest - Consuming 276 byte(s) from file chat_lamp_probation.ddj with size 276 
07:15:17.439 [main] DEBUG org.sokybot.pk2.Pk2CryptoUtils - File chat_long_tab.ddj is not encrypted , flags not exists
07:15:17.439 [main] INFO org.soky.sro.pk2.io.Pk2IOTest - Consuming 8148 byte(s) from file chat_long_tab.ddj with size 8148 
07:15:17.439 [main] DEBUG org.sokybot.pk2.Pk2CryptoUtils - File chat_order_button.ddj is not encrypted , flags not exists
07:15:17.439 [main] INFO org.soky.sro.pk2.io.Pk2IOTest - Consuming 1748 byte(s) from file chat_order_button.ddj with size 1748 
07:15:17.440 [main] DEBUG org.sokybot.pk2.Pk2CryptoUtils - File chat_order_button_focus.ddj is not encrypted , flags not exists
07:15:17.440 [main] INFO org.soky.sro.pk2.io.Pk2IOTest - Consuming 1748 byte(s) from file chat_order_button_focus.ddj with size 1748 
07:15:17.440 [main] DEBUG org.sokybot.pk2.Pk2CryptoUtils - File chat_order_button_press.ddj is not encrypted , flags not exists
07:15:17.440 [main] INFO org.soky.sro.pk2.io.Pk2IOTest - Consuming 1748 byte(s) from file chat_order_button_press.ddj with size 1748 
07:15:17.440 [main] DEBUG org.sokybot.pk2.Pk2CryptoUtils - File chat_re_tab.ddj is not encrypted , flags not exists
07:15:17.440 [main] INFO org.soky.sro.pk2.io.Pk2IOTest - Consuming 5908 byte(s) from file chat_re_tab.ddj with size 5908 
07:15:17.440 [main] DEBUG org.sokybot.pk2.Pk2CryptoUtils - File broken.ddj is not encrypted , flags not exists
07:15:17.440 [main] INFO org.soky.sro.pk2.io.Pk2IOTest - Consuming 4244 byte(s) from file broken.ddj with size 4244 
07:15:17.440 [main] DEBUG org.sokybot.pk2.Pk2CryptoUtils - File warning.ddj is not encrypted , flags not exists
07:15:17.440 [main] INFO org.soky.sro.pk2.io.Pk2IOTest - Consuming 8340 byte(s) from file warning.ddj with size 8340 
07:15:17.441 [main] DEBUG org.sokybot.pk2.Pk2CryptoUtils - File equip_rotate_left_button.ddj is not encrypted , flags not exists
07:15:17.441 [main] INFO org.soky.sro.pk2.io.Pk2IOTest - Consuming 1044 byte(s) from file equip_rotate_left_button.ddj with size 1044 
07:15:17.441 [main] DEBUG org.sokybot.pk2.Pk2CryptoUtils - File equip_rotate_left_button_focus.ddj is not encrypted , flags not exists
07:15:17.441 [main] INFO org.soky.sro.pk2.io.Pk2IOTest - Consuming 1044 byte(s) from file equip_rotate_left_button_focus.ddj with size 1044 
07:15:17.441 [main] DEBUG org.sokybot.pk2.Pk2CryptoUtils - File equip_rotate_left_button_press.ddj is not encrypted , flags not exists
07:15:17.441 [main] INFO org.soky.sro.pk2.io.Pk2IOTest - Consuming 1044 byte(s) from file equip_rotate_left_button_press.ddj with size 1044 
07:15:17.441 [main] DEBUG org.sokybot.pk2.Pk2CryptoUtils - File equip_rotate_reset_button.ddj is not encrypted , flags not exists
07:15:17.441 [main] INFO org.soky.sro.pk2.io.Pk2IOTest - Consuming 660 byte(s) from file equip_rotate_reset_button.ddj with size 660 
07:15:17.441 [main] DEBUG org.sokybot.pk2.Pk2CryptoUtils - File equip_rotate_reset_button_focus.ddj is not encrypted , flags not exists
07:15:17.441 [main] INFO org.soky.sro.pk2.io.Pk2IOTest - Consuming 660 byte(s) from file equip_rotate_reset_button_focus.ddj with size 660 
07:15:17.441 [main] DEBUG org.sokybot.pk2.Pk2CryptoUtils - File equip_rotate_reset_button_press.ddj is not encrypted , flags not exists
07:15:17.442 [main] INFO org.soky.sro.pk2.io.Pk2IOTest - Consuming 660 byte(s) from file equip_rotate_reset_button_press.ddj with size 660 
07:15:17.442 [main] DEBUG org.sokybot.pk2.Pk2CryptoUtils - File equip_rotate_right_button.ddj is not encrypted , flags not exists
07:15:17.442 [main] INFO org.soky.sro.pk2.io.Pk2IOTest - Consuming 1044 byte(s) from file equip_rotate_right_button.ddj with size 1044 
07:15:17.442 [main] DEBUG org.sokybot.pk2.Pk2CryptoUtils - File equip_rotate_right_button_focus.ddj is not encrypted , flags not exists
07:15:17.442 [main] INFO org.soky.sro.pk2.io.Pk2IOTest - Consuming 1044 byte(s) from file equip_rotate_right_button_focus.ddj with size 1044 
07:15:17.442 [main] DEBUG org.sokybot.pk2.Pk2CryptoUtils - File equip_rotate_right_button_press.ddj is not encrypted , flags not exists
07:15:17.442 [main] INFO org.soky.sro.pk2.io.Pk2IOTest - Consuming 1044 byte(s) from file equip_rotate_right_button_press.ddj with size 1044 
07:15:17.442 [main] DEBUG org.sokybot.pk2.Pk2CryptoUtils - File equip_slot_avata_button.ddj is not encrypted , flags not exists
07:15:17.442 [main] INFO org.soky.sro.pk2.io.Pk2IOTest - Consuming 6548 byte(s) from file equip_slot_avata_button.ddj with size 6548 
07:15:17.442 [main] DEBUG org.sokybot.pk2.Pk2CryptoUtils - File equip_slot_avata_button_focus.ddj is not encrypted , flags not exists
07:15:17.443 [main] INFO org.soky.sro.pk2.io.Pk2IOTest - Consuming 6548 byte(s) from file equip_slot_avata_button_focus.ddj with size 6548 
07:15:17.443 [main] DEBUG org.sokybot.pk2.Pk2CryptoUtils - File equip_slot_avata_button_press.ddj is not encrypted , flags not exists
07:15:17.443 [main] INFO org.soky.sro.pk2.io.Pk2IOTest - Consuming 6548 byte(s) from file equip_slot_avata_button_press.ddj with size 6548 
07:15:17.443 [main] DEBUG org.sokybot.pk2.Pk2CryptoUtils - File equip_slot_boots.ddj is not encrypted , flags not exists
07:15:17.443 [main] INFO org.soky.sro.pk2.io.Pk2IOTest - Consuming 3348 byte(s) from file equip_slot_boots.ddj with size 3348 
07:15:17.443 [main] DEBUG org.sokybot.pk2.Pk2CryptoUtils - File equip_slot_cloth.ddj is not encrypted , flags not exists
07:15:17.443 [main] INFO org.soky.sro.pk2.io.Pk2IOTest - Consuming 6548 byte(s) from file equip_slot_cloth.ddj with size 6548 
07:15:17.443 [main] DEBUG org.sokybot.pk2.Pk2CryptoUtils - File equip_slot_earring.ddj is not encrypted , flags not exists
07:15:17.443 [main] INFO org.soky.sro.pk2.io.Pk2IOTest - Consuming 3348 byte(s) from file equip_slot_earring.ddj with size 3348 
07:15:17.444 [main] DEBUG org.sokybot.pk2.Pk2CryptoUtils - File equip_slot_equipment_button.ddj is not encrypted , flags not exists
07:15:17.444 [main] INFO org.soky.sro.pk2.io.Pk2IOTest - Consuming 6548 byte(s) from file equip_slot_equipment_button.ddj with size 6548 
07:15:17.444 [main] DEBUG org.sokybot.pk2.Pk2CryptoUtils - File equip_slot_equipment_button_focus.ddj is not encrypted , flags not exists
07:15:17.444 [main] INFO org.soky.sro.pk2.io.Pk2IOTest - Consuming 6548 byte(s) from file equip_slot_equipment_button_focus.ddj with size 6548 
07:15:17.444 [main] DEBUG org.sokybot.pk2.Pk2CryptoUtils - File equip_slot_equipment_button_press.ddj is not encrypted , flags not exists
07:15:17.444 [main] INFO org.soky.sro.pk2.io.Pk2IOTest - Consuming 6548 byte(s) from file equip_slot_equipment_button_press.ddj with size 6548 
07:15:17.444 [main] DEBUG org.sokybot.pk2.Pk2CryptoUtils - File equip_slot_extraneous.ddj is not encrypted , flags not exists
07:15:17.444 [main] INFO org.soky.sro.pk2.io.Pk2IOTest - Consuming 6548 byte(s) from file equip_slot_extraneous.ddj with size 6548 
07:15:17.444 [main] DEBUG org.sokybot.pk2.Pk2CryptoUtils - File equip_slot_gauntlet.ddj is not encrypted , flags not exists
07:15:17.445 [main] INFO org.soky.sro.pk2.io.Pk2IOTest - Consuming 3348 byte(s) from file equip_slot_gauntlet.ddj with size 3348 
07:15:17.445 [main] DEBUG org.sokybot.pk2.Pk2CryptoUtils - File equip_slot_helm.ddj is not encrypted , flags not exists
07:15:17.445 [main] INFO org.soky.sro.pk2.io.Pk2IOTest - Consuming 3348 byte(s) from file equip_slot_helm.ddj with size 3348 
07:15:17.445 [main] DEBUG org.sokybot.pk2.Pk2CryptoUtils - File equip_slot_l_ring.ddj is not encrypted , flags not exists
07:15:17.445 [main] INFO org.soky.sro.pk2.io.Pk2IOTest - Consuming 3348 byte(s) from file equip_slot_l_ring.ddj with size 3348 
07:15:17.445 [main] DEBUG org.sokybot.pk2.Pk2CryptoUtils - File equip_slot_mail.ddj is not encrypted , flags not exists
07:15:17.445 [main] INFO org.soky.sro.pk2.io.Pk2IOTest - Consuming 3348 byte(s) from file equip_slot_mail.ddj with size 3348 
07:15:17.445 [main] DEBUG org.sokybot.pk2.Pk2CryptoUtils - File equip_slot_necklace.ddj is not encrypted , flags not exists
07:15:17.445 [main] INFO org.soky.sro.pk2.io.Pk2IOTest - Consuming 3348 byte(s) from file equip_slot_necklace.ddj with size 3348 
07:15:17.445 [main] DEBUG org.sokybot.pk2.Pk2CryptoUtils - File equip_slot_pandernt.ddj is not encrypted , flags not exists
07:15:17.446 [main] INFO org.soky.sro.pk2.io.Pk2IOTest - Consuming 6548 byte(s) from file equip_slot_pandernt.ddj with size 6548 
07:15:17.446 [main] DEBUG org.sokybot.pk2.Pk2CryptoUtils - File equip_slot_pants.ddj is not encrypted , flags not exists
07:15:17.446 [main] INFO org.soky.sro.pk2.io.Pk2IOTest - Consuming 3348 byte(s) from file equip_slot_pants.ddj with size 3348 
07:15:17.446 [main] DEBUG org.sokybot.pk2.Pk2CryptoUtils - File equip_slot_pet.ddj is not encrypted , flags not exists
07:15:17.446 [main] INFO org.soky.sro.pk2.io.Pk2IOTest - Consuming 3348 byte(s) from file equip_slot_pet.ddj with size 3348 
07:15:17.446 [main] DEBUG org.sokybot.pk2.Pk2CryptoUtils - File equip_slot_plag.ddj is not encrypted , flags not exists
07:15:17.446 [main] INFO org.soky.sro.pk2.io.Pk2IOTest - Consuming 6548 byte(s) from file equip_slot_plag.ddj with size 6548 
07:15:17.446 [main] DEBUG org.sokybot.pk2.Pk2CryptoUtils - File equip_slot_r_ring.ddj is not encrypted , flags not exists
07:15:17.446 [main] INFO org.soky.sro.pk2.io.Pk2IOTest - Consuming 3348 byte(s) from file equip_slot_r_ring.ddj with size 3348 
07:15:17.447 [main] DEBUG org.sokybot.pk2.Pk2CryptoUtils - File equip_slot_shield.ddj is not encrypted , flags not exists
07:15:17.447 [main] INFO org.soky.sro.pk2.io.Pk2IOTest - Consuming 6420 byte(s) from file equip_slot_shield.ddj with size 6420 
07:15:17.447 [main] DEBUG org.sokybot.pk2.Pk2CryptoUtils - File equip_slot_shoulderguard.ddj is not encrypted , flags not exists
07:15:17.447 [main] INFO org.soky.sro.pk2.io.Pk2IOTest - Consuming 3348 byte(s) from file equip_slot_shoulderguard.ddj with size 3348 
07:15:17.447 [main] DEBUG org.sokybot.pk2.Pk2CryptoUtils - File equip_slot_specialdress.ddj is not encrypted , flags not exists
07:15:17.447 [main] INFO org.soky.sro.pk2.io.Pk2IOTest - Consuming 3348 byte(s) from file equip_slot_specialdress.ddj with size 3348 
07:15:17.447 [main] DEBUG org.sokybot.pk2.Pk2CryptoUtils - File equip_slot_weapon.ddj is not encrypted , flags not exists
07:15:17.447 [main] INFO org.soky.sro.pk2.io.Pk2IOTest - Consuming 6420 byte(s) from file equip_slot_weapon.ddj with size 6420 
07:15:17.447 [main] DEBUG org.sokybot.pk2.Pk2CryptoUtils - File equip_window_left_down.ddj is not encrypted , flags not exists
07:15:17.448 [main] INFO org.soky.sro.pk2.io.Pk2IOTest - Consuming 436 byte(s) from file equip_window_left_down.ddj with size 436 
07:15:17.448 [main] DEBUG org.sokybot.pk2.Pk2CryptoUtils - File equip_window_left_side.ddj is not encrypted , flags not exists
07:15:17.448 [main] INFO org.soky.sro.pk2.io.Pk2IOTest - Consuming 1684 byte(s) from file equip_window_left_side.ddj with size 1684 
07:15:17.448 [main] DEBUG org.sokybot.pk2.Pk2CryptoUtils - File equip_window_left_up.ddj is not encrypted , flags not exists
07:15:17.448 [main] INFO org.soky.sro.pk2.io.Pk2IOTest - Consuming 436 byte(s) from file equip_window_left_up.ddj with size 436 
07:15:17.448 [main] DEBUG org.sokybot.pk2.Pk2CryptoUtils - File equip_window_mid_down.ddj is not encrypted , flags not exists
07:15:17.448 [main] INFO org.soky.sro.pk2.io.Pk2IOTest - Consuming 1684 byte(s) from file equip_window_mid_down.ddj with size 1684 
07:15:17.448 [main] DEBUG org.sokybot.pk2.Pk2CryptoUtils - File equip_window_mid_up.ddj is not encrypted , flags not exists
07:15:17.448 [main] INFO org.soky.sro.pk2.io.Pk2IOTest - Consuming 1684 byte(s) from file equip_window_mid_up.ddj with size 1684 
07:15:17.448 [main] DEBUG org.sokybot.pk2.Pk2CryptoUtils - File equip_window_right_down.ddj is not encrypted , flags not exists
07:15:17.448 [main] INFO org.soky.sro.pk2.io.Pk2IOTest - Consuming 436 byte(s) from file equip_window_right_down.ddj with size 436 
07:15:17.449 [main] DEBUG org.sokybot.pk2.Pk2CryptoUtils - File equip_window_right_side.ddj is not encrypted , flags not exists
07:15:17.449 [main] INFO org.soky.sro.pk2.io.Pk2IOTest - Consuming 1684 byte(s) from file equip_window_right_side.ddj with size 1684 
07:15:17.449 [main] DEBUG org.sokybot.pk2.Pk2CryptoUtils - File equip_window_right_up.ddj is not encrypted , flags not exists
07:15:17.449 [main] INFO org.soky.sro.pk2.io.Pk2IOTest - Consuming 436 byte(s) from file equip_window_right_up.ddj with size 436 
07:15:17.449 [main] DEBUG org.sokybot.pk2.Pk2CryptoUtils - File equip_slot_job_button.ddj is not encrypted , flags not exists
07:15:17.449 [main] INFO org.soky.sro.pk2.io.Pk2IOTest - Consuming 6548 byte(s) from file equip_slot_job_button.ddj with size 6548 
07:15:17.449 [main] DEBUG org.sokybot.pk2.Pk2CryptoUtils - File equip_slot_job_button_focus.ddj is not encrypted , flags not exists
07:15:17.449 [main] INFO org.soky.sro.pk2.io.Pk2IOTest - Consuming 6548 byte(s) from file equip_slot_job_button_focus.ddj with size 6548 
07:15:17.449 [main] DEBUG org.sokybot.pk2.Pk2CryptoUtils - File equip_slot_job_button_press.ddj is not encrypted , flags not exists
07:15:17.449 [main] INFO org.soky.sro.pk2.io.Pk2IOTest - Consuming 6548 byte(s) from file equip_slot_job_button_press.ddj with size 6548 
07:15:17.450 [main] DEBUG org.sokybot.pk2.Pk2CryptoUtils - File bn_close.ddj is not encrypted , flags not exists
07:15:17.450 [main] INFO org.soky.sro.pk2.io.Pk2IOTest - Consuming 6548 byte(s) from file bn_close.ddj with size 6548 
07:15:17.450 [main] DEBUG org.sokybot.pk2.Pk2CryptoUtils - File bn_close_focus.ddj is not encrypted , flags not exists
07:15:17.450 [main] INFO org.soky.sro.pk2.io.Pk2IOTest - Consuming 6548 byte(s) from file bn_close_focus.ddj with size 6548 
07:15:17.450 [main] DEBUG org.sokybot.pk2.Pk2CryptoUtils - File bn_close_press.ddj is not encrypted , flags not exists
07:15:17.450 [main] INFO org.soky.sro.pk2.io.Pk2IOTest - Consuming 6548 byte(s) from file bn_close_press.ddj with size 6548 
07:15:17.450 [main] DEBUG org.sokybot.pk2.Pk2CryptoUtils - File juneevent_close.ddj is not encrypted , flags not exists
07:15:17.450 [main] INFO org.soky.sro.pk2.io.Pk2IOTest - Consuming 2740 byte(s) from file juneevent_close.ddj with size 2740 
07:15:17.451 [main] DEBUG org.sokybot.pk2.Pk2CryptoUtils - File juneevent_close_focus.ddj is not encrypted , flags not exists
07:15:17.451 [main] INFO org.soky.sro.pk2.io.Pk2IOTest - Consuming 2740 byte(s) from file juneevent_close_focus.ddj with size 2740 
07:15:17.451 [main] DEBUG org.sokybot.pk2.Pk2CryptoUtils - File juneevent_close_press.ddj is not encrypted , flags not exists
07:15:17.451 [main] INFO org.soky.sro.pk2.io.Pk2IOTest - Consuming 2740 byte(s) from file juneevent_close_press.ddj with size 2740 
07:15:17.451 [main] DEBUG org.sokybot.pk2.Pk2CryptoUtils - File juneevent_window.ddj is not encrypted , flags not exists
07:15:17.454 [main] INFO org.soky.sro.pk2.io.Pk2IOTest - Consuming 250708 byte(s) from file juneevent_window.ddj with size 250708 
07:15:17.454 [main] DEBUG org.sokybot.pk2.Pk2CryptoUtils - File mayevent_close.ddj is not encrypted , flags not exists
07:15:17.454 [main] INFO org.soky.sro.pk2.io.Pk2IOTest - Consuming 2740 byte(s) from file mayevent_close.ddj with size 2740 
07:15:17.454 [main] DEBUG org.sokybot.pk2.Pk2CryptoUtils - File mayevent_close_focus.ddj is not encrypted , flags not exists
07:15:17.454 [main] INFO org.soky.sro.pk2.io.Pk2IOTest - Consuming 2740 byte(s) from file mayevent_close_focus.ddj with size 2740 
07:15:17.454 [main] DEBUG org.sokybot.pk2.Pk2CryptoUtils - File mayevent_close_press.ddj is not encrypted , flags not exists
07:15:17.454 [main] INFO org.soky.sro.pk2.io.Pk2IOTest - Consuming 2740 byte(s) from file mayevent_close_press.ddj with size 2740 
07:15:17.455 [main] DEBUG org.sokybot.pk2.Pk2CryptoUtils - File mayevent_window.ddj is not encrypted , flags not exists
07:15:17.457 [main] INFO org.soky.sro.pk2.io.Pk2IOTest - Consuming 250708 byte(s) from file mayevent_window.ddj with size 250708 
07:15:17.458 [main] DEBUG org.sokybot.pk2.Pk2CryptoUtils - File newyear_close.ddj is not encrypted , flags not exists
07:15:17.458 [main] INFO org.soky.sro.pk2.io.Pk2IOTest - Consuming 2740 byte(s) from file newyear_close.ddj with size 2740 
07:15:17.458 [main] DEBUG org.sokybot.pk2.Pk2CryptoUtils - File newyear_close_focus.ddj is not encrypted , flags not exists
07:15:17.458 [main] INFO org.soky.sro.pk2.io.Pk2IOTest - Consuming 2740 byte(s) from file newyear_close_focus.ddj with size 2740 
07:15:17.458 [main] DEBUG org.sokybot.pk2.Pk2CryptoUtils - File newyear_close_press.ddj is not encrypted , flags not exists
07:15:17.458 [main] INFO org.soky.sro.pk2.io.Pk2IOTest - Consuming 2740 byte(s) from file newyear_close_press.ddj with size 2740 
07:15:17.458 [main] DEBUG org.sokybot.pk2.Pk2CryptoUtils - File newyear_window.ddj is not encrypted , flags not exists
07:15:17.461 [main] INFO org.soky.sro.pk2.io.Pk2IOTest - Consuming 250708 byte(s) from file newyear_window.ddj with size 250708 
07:15:17.461 [main] DEBUG org.sokybot.pk2.Pk2CryptoUtils - File pcevent_close.ddj is not encrypted , flags not exists
07:15:17.461 [main] INFO org.soky.sro.pk2.io.Pk2IOTest - Consuming 2740 byte(s) from file pcevent_close.ddj with size 2740 
07:15:17.461 [main] DEBUG org.sokybot.pk2.Pk2CryptoUtils - File pcevent_close_focus.ddj is not encrypted , flags not exists
07:15:17.461 [main] INFO org.soky.sro.pk2.io.Pk2IOTest - Consuming 2740 byte(s) from file pcevent_close_focus.ddj with size 2740 
07:15:17.462 [main] DEBUG org.sokybot.pk2.Pk2CryptoUtils - File pcevent_close_press.ddj is not encrypted , flags not exists
07:15:17.462 [main] INFO org.soky.sro.pk2.io.Pk2IOTest - Consuming 2740 byte(s) from file pcevent_close_press.ddj with size 2740 
07:15:17.462 [main] DEBUG org.sokybot.pk2.Pk2CryptoUtils - File pcevent_window.ddj is not encrypted , flags not exists
07:15:17.464 [main] INFO org.soky.sro.pk2.io.Pk2IOTest - Consuming 250708 byte(s) from file pcevent_window.ddj with size 250708 
07:15:17.465 [main] DEBUG org.sokybot.pk2.Pk2CryptoUtils - File tetevent.ddj is not encrypted , flags not exists
07:15:17.470 [main] INFO org.soky.sro.pk2.io.Pk2IOTest - Consuming 501268 byte(s) from file tetevent.ddj with size 501268 
07:15:17.470 [main] DEBUG org.sokybot.pk2.Pk2CryptoUtils - File welcome.ddj is not encrypted , flags not exists
07:15:17.475 [main] INFO org.soky.sro.pk2.io.Pk2IOTest - Consuming 492628 byte(s) from file welcome.ddj with size 492628 
07:15:17.475 [main] DEBUG org.sokybot.pk2.Pk2CryptoUtils - File welcome_close.ddj is not encrypted , flags not exists
07:15:17.475 [main] INFO org.soky.sro.pk2.io.Pk2IOTest - Consuming 6548 byte(s) from file welcome_close.ddj with size 6548 
07:15:17.476 [main] DEBUG org.sokybot.pk2.Pk2CryptoUtils - File welcome_close_focus.ddj is not encrypted , flags not exists
07:15:17.476 [main] INFO org.soky.sro.pk2.io.Pk2IOTest - Consuming 6548 byte(s) from file welcome_close_focus.ddj with size 6548 
07:15:17.476 [main] DEBUG org.sokybot.pk2.Pk2CryptoUtils - File welcome_close_press.ddj is not encrypted , flags not exists
07:15:17.476 [main] INFO org.soky.sro.pk2.io.Pk2IOTest - Consuming 6548 byte(s) from file welcome_close_press.ddj with size 6548 
07:15:17.476 [main] DEBUG org.sokybot.pk2.Pk2CryptoUtils - File winter_close.ddj is not encrypted , flags not exists
07:15:17.476 [main] INFO org.soky.sro.pk2.io.Pk2IOTest - Consuming 2740 byte(s) from file winter_close.ddj with size 2740 
07:15:17.476 [main] DEBUG org.sokybot.pk2.Pk2CryptoUtils - File winter_close_focus.ddj is not encrypted , flags not exists
07:15:17.476 [main] INFO org.soky.sro.pk2.io.Pk2IOTest - Consuming 2740 byte(s) from file winter_close_focus.ddj with size 2740 
07:15:17.476 [main] DEBUG org.sokybot.pk2.Pk2CryptoUtils - File winter_close_press.ddj is not encrypted , flags not exists
07:15:17.476 [main] INFO org.soky.sro.pk2.io.Pk2IOTest - Consuming 2740 byte(s) from file winter_close_press.ddj with size 2740 
07:15:17.476 [main] DEBUG org.sokybot.pk2.Pk2CryptoUtils - File winter_window.ddj is not encrypted , flags not exists
07:15:17.479 [main] INFO org.soky.sro.pk2.io.Pk2IOTest - Consuming 250708 byte(s) from file winter_window.ddj with size 250708 
07:15:17.479 [main] DEBUG org.sokybot.pk2.Pk2CryptoUtils - File xmas_close.ddj is not encrypted , flags not exists
07:15:17.479 [main] INFO org.soky.sro.pk2.io.Pk2IOTest - Consuming 2740 byte(s) from file xmas_close.ddj with size 2740 
07:15:17.479 [main] DEBUG org.sokybot.pk2.Pk2CryptoUtils - File xmas_close_focus.ddj is not encrypted , flags not exists
07:15:17.479 [main] INFO org.soky.sro.pk2.io.Pk2IOTest - Consuming 2740 byte(s) from file xmas_close_focus.ddj with size 2740 
07:15:17.479 [main] DEBUG org.sokybot.pk2.Pk2CryptoUtils - File xmas_close_press.ddj is not encrypted , flags not exists
07:15:17.480 [main] INFO org.soky.sro.pk2.io.Pk2IOTest - Consuming 2740 byte(s) from file xmas_close_press.ddj with size 2740 
07:15:17.480 [main] DEBUG org.sokybot.pk2.Pk2CryptoUtils - File xmas_window.ddj is not encrypted , flags not exists
07:15:17.482 [main] INFO org.soky.sro.pk2.io.Pk2IOTest - Consuming 250708 byte(s) from file xmas_window.ddj with size 250708 
07:15:17.482 [main] DEBUG org.sokybot.pk2.Pk2CryptoUtils - File xmas_window_main.ddj is not encrypted , flags not exists
07:15:17.485 [main] INFO org.soky.sro.pk2.io.Pk2IOTest - Consuming 250708 byte(s) from file xmas_window_main.ddj with size 250708 
07:15:17.485 [main] DEBUG org.sokybot.pk2.Pk2CryptoUtils - File bf_bg.ddj is not encrypted , flags not exists
07:15:17.485 [main] INFO org.soky.sro.pk2.io.Pk2IOTest - Consuming 14484 byte(s) from file bf_bg.ddj with size 14484 
07:15:17.486 [main] DEBUG org.sokybot.pk2.Pk2CryptoUtils - File eframe_center.ddj is not encrypted , flags not exists
07:15:17.486 [main] INFO org.soky.sro.pk2.io.Pk2IOTest - Consuming 404 byte(s) from file eframe_center.ddj with size 404 
07:15:17.486 [main] DEBUG org.sokybot.pk2.Pk2CryptoUtils - File eframe_left_down.ddj is not encrypted , flags not exists
07:15:17.486 [main] INFO org.soky.sro.pk2.io.Pk2IOTest - Consuming 404 byte(s) from file eframe_left_down.ddj with size 404 
07:15:17.486 [main] DEBUG org.sokybot.pk2.Pk2CryptoUtils - File eframe_left_side.ddj is not encrypted , flags not exists
07:15:17.486 [main] INFO org.soky.sro.pk2.io.Pk2IOTest - Consuming 404 byte(s) from file eframe_left_side.ddj with size 404 
07:15:17.486 [main] DEBUG org.sokybot.pk2.Pk2CryptoUtils - File eframe_left_up.ddj is not encrypted , flags not exists
07:15:17.486 [main] INFO org.soky.sro.pk2.io.Pk2IOTest - Consuming 404 byte(s) from file eframe_left_up.ddj with size 404 
07:15:17.486 [main] DEBUG org.sokybot.pk2.Pk2CryptoUtils - File eframe_mid_down.ddj is not encrypted , flags not exists
07:15:17.486 [main] INFO org.soky.sro.pk2.io.Pk2IOTest - Consuming 404 byte(s) from file eframe_mid_down.ddj with size 404 
07:15:17.486 [main] DEBUG org.sokybot.pk2.Pk2CryptoUtils - File eframe_mid_up.ddj is not encrypted , flags not exists
07:15:17.486 [main] INFO org.soky.sro.pk2.io.Pk2IOTest - Consuming 404 byte(s) from file eframe_mid_up.ddj with size 404 
07:15:17.486 [main] DEBUG org.sokybot.pk2.Pk2CryptoUtils - File eframe_right_down.ddj is not encrypted , flags not exists
07:15:17.486 [main] INFO org.soky.sro.pk2.io.Pk2IOTest - Consuming 404 byte(s) from file eframe_right_down.ddj with size 404 
07:15:17.486 [main] DEBUG org.sokybot.pk2.Pk2CryptoUtils - File eframe_right_side.ddj is not encrypted , flags not exists
07:15:17.486 [main] INFO org.soky.sro.pk2.io.Pk2IOTest - Consuming 404 byte(s) from file eframe_right_side.ddj with size 404 
07:15:17.487 [main] DEBUG org.sokybot.pk2.Pk2CryptoUtils - File eframe_right_up.ddj is not encrypted , flags not exists
07:15:17.487 [main] INFO org.soky.sro.pk2.io.Pk2IOTest - Consuming 404 byte(s) from file eframe_right_up.ddj with size 404 
07:15:17.487 [main] DEBUG org.sokybot.pk2.Pk2CryptoUtils - File eframe_top.ddj is not encrypted , flags not exists
07:15:17.487 [main] INFO org.soky.sro.pk2.io.Pk2IOTest - Consuming 9108 byte(s) from file eframe_top.ddj with size 9108 
07:15:17.487 [main] DEBUG org.sokybot.pk2.Pk2CryptoUtils - File green_gauge.ddj is not encrypted , flags not exists
07:15:17.487 [main] INFO org.soky.sro.pk2.io.Pk2IOTest - Consuming 2708 byte(s) from file green_gauge.ddj with size 2708 
07:15:17.487 [main] DEBUG org.sokybot.pk2.Pk2CryptoUtils - File in_grayline.ddj is not encrypted , flags not exists
07:15:17.487 [main] INFO org.soky.sro.pk2.io.Pk2IOTest - Consuming 2260 byte(s) from file in_grayline.ddj with size 2260 
07:15:17.487 [main] DEBUG org.sokybot.pk2.Pk2CryptoUtils - File page_back_button.ddj is not encrypted , flags not exists
07:15:17.487 [main] INFO org.soky.sro.pk2.io.Pk2IOTest - Consuming 1172 byte(s) from file page_back_button.ddj with size 1172 
07:15:17.487 [main] DEBUG org.sokybot.pk2.Pk2CryptoUtils - File page_back_button_focus.ddj is not encrypted , flags not exists
07:15:17.487 [main] INFO org.soky.sro.pk2.io.Pk2IOTest - Consuming 1172 byte(s) from file page_back_button_focus.ddj with size 1172 
07:15:17.488 [main] DEBUG org.sokybot.pk2.Pk2CryptoUtils - File page_back_button_press.ddj is not encrypted , flags not exists
07:15:17.488 [main] INFO org.soky.sro.pk2.io.Pk2IOTest - Consuming 1172 byte(s) from file page_back_button_press.ddj with size 1172 
07:15:17.488 [main] DEBUG org.sokybot.pk2.Pk2CryptoUtils - File page_next_button.ddj is not encrypted , flags not exists
07:15:17.488 [main] INFO org.soky.sro.pk2.io.Pk2IOTest - Consuming 1172 byte(s) from file page_next_button.ddj with size 1172 
07:15:17.488 [main] DEBUG org.sokybot.pk2.Pk2CryptoUtils - File page_next_button_focus.ddj is not encrypted , flags not exists
07:15:17.488 [main] INFO org.soky.sro.pk2.io.Pk2IOTest - Consuming 1172 byte(s) from file page_next_button_focus.ddj with size 1172 
07:15:17.488 [main] DEBUG org.sokybot.pk2.Pk2CryptoUtils - File page_next_button_press.ddj is not encrypted , flags not exists
07:15:17.488 [main] INFO org.soky.sro.pk2.io.Pk2IOTest - Consuming 1172 byte(s) from file page_next_button_press.ddj with size 1172 
07:15:17.488 [main] DEBUG org.sokybot.pk2.Pk2CryptoUtils - File smalll_button.ddj is not encrypted , flags not exists
07:15:17.488 [main] INFO org.soky.sro.pk2.io.Pk2IOTest - Consuming 1172 byte(s) from file smalll_button.ddj with size 1172 
07:15:17.488 [main] DEBUG org.sokybot.pk2.Pk2CryptoUtils - File smalll_button_focus.ddj is not encrypted , flags not exists
07:15:17.488 [main] INFO org.soky.sro.pk2.io.Pk2IOTest - Consuming 1172 byte(s) from file smalll_button_focus.ddj with size 1172 
07:15:17.488 [main] DEBUG org.sokybot.pk2.Pk2CryptoUtils - File smalll_button_press.ddj is not encrypted , flags not exists
07:15:17.488 [main] INFO org.soky.sro.pk2.io.Pk2IOTest - Consuming 1172 byte(s) from file smalll_button_press.ddj with size 1172 
07:15:17.489 [main] DEBUG org.sokybot.pk2.Pk2CryptoUtils - File we_next_button.ddj is not encrypted , flags not exists
07:15:17.489 [main] INFO org.soky.sro.pk2.io.Pk2IOTest - Consuming 1172 byte(s) from file we_next_button.ddj with size 1172 
07:15:17.489 [main] DEBUG org.sokybot.pk2.Pk2CryptoUtils - File we_next_button_focus.ddj is not encrypted , flags not exists
07:15:17.489 [main] INFO org.soky.sro.pk2.io.Pk2IOTest - Consuming 1172 byte(s) from file we_next_button_focus.ddj with size 1172 
07:15:17.489 [main] DEBUG org.sokybot.pk2.Pk2CryptoUtils - File we_next_button_press.ddj is not encrypted , flags not exists
07:15:17.489 [main] INFO org.soky.sro.pk2.io.Pk2IOTest - Consuming 1172 byte(s) from file we_next_button_press.ddj with size 1172 
07:15:17.489 [main] DEBUG org.sokybot.pk2.Pk2CryptoUtils - File winter_count_close.ddj is not encrypted , flags not exists
07:15:17.489 [main] INFO org.soky.sro.pk2.io.Pk2IOTest - Consuming 1172 byte(s) from file winter_count_close.ddj with size 1172 
07:15:17.489 [main] DEBUG org.sokybot.pk2.Pk2CryptoUtils - File winter_count_close_disable.ddj is not encrypted , flags not exists
07:15:17.489 [main] INFO org.soky.sro.pk2.io.Pk2IOTest - Consuming 1172 byte(s) from file winter_count_close_disable.ddj with size 1172 
07:15:17.489 [main] DEBUG org.sokybot.pk2.Pk2CryptoUtils - File winter_count_close_focus.ddj is not encrypted , flags not exists
07:15:17.489 [main] INFO org.soky.sro.pk2.io.Pk2IOTest - Consuming 1172 byte(s) from file winter_count_close_focus.ddj with size 1172 
07:15:17.489 [main] DEBUG org.sokybot.pk2.Pk2CryptoUtils - File winter_count_close_press.ddj is not encrypted , flags not exists
07:15:17.489 [main] INFO org.soky.sro.pk2.io.Pk2IOTest - Consuming 1172 byte(s) from file winter_count_close_press.ddj with size 1172 
07:15:17.490 [main] DEBUG org.sokybot.pk2.Pk2CryptoUtils - File winter_count_gage.ddj is not encrypted , flags not exists
07:15:17.490 [main] INFO org.soky.sro.pk2.io.Pk2IOTest - Consuming 1428 byte(s) from file winter_count_gage.ddj with size 1428 
07:15:17.490 [main] DEBUG org.sokybot.pk2.Pk2CryptoUtils - File winter_count_snow.ddj is not encrypted , flags not exists
07:15:17.490 [main] INFO org.soky.sro.pk2.io.Pk2IOTest - Consuming 2452 byte(s) from file winter_count_snow.ddj with size 2452 
07:15:17.490 [main] DEBUG org.sokybot.pk2.Pk2CryptoUtils - File winter_count_wind.ddj is not encrypted , flags not exists
07:15:17.490 [main] INFO org.soky.sro.pk2.io.Pk2IOTest - Consuming 11668 byte(s) from file winter_count_wind.ddj with size 11668 
07:15:17.490 [main] DEBUG org.sokybot.pk2.Pk2CryptoUtils - File winter_gauge.ddj is not encrypted , flags not exists
07:15:17.490 [main] INFO org.soky.sro.pk2.io.Pk2IOTest - Consuming 12052 byte(s) from file winter_gauge.ddj with size 12052 
07:15:17.490 [main] DEBUG org.sokybot.pk2.Pk2CryptoUtils - File halloween_bomb_bkpaint.ddj is not encrypted , flags not exists
07:15:17.511 [main] INFO org.soky.sro.pk2.io.Pk2IOTest - Consuming 1920148 byte(s) from file halloween_bomb_bkpaint.ddj with size 1920148 
07:15:17.511 [main] DEBUG org.sokybot.pk2.Pk2CryptoUtils - File halloween_bomb_dust.ddj is not encrypted , flags not exists
07:15:17.532 [main] INFO org.soky.sro.pk2.io.Pk2IOTest - Consuming 1920148 byte(s) from file halloween_bomb_dust.ddj with size 1920148 
07:15:17.532 [main] DEBUG org.sokybot.pk2.Pk2CryptoUtils - File halloween_bomb_egg.ddj is not encrypted , flags not exists
07:15:17.557 [main] INFO org.soky.sro.pk2.io.Pk2IOTest - Consuming 1920148 byte(s) from file halloween_bomb_egg.ddj with size 1920148 
07:15:17.557 [main] DEBUG org.sokybot.pk2.Pk2CryptoUtils - File halloween_bomb_redpaint.ddj is not encrypted , flags not exists
07:15:17.581 [main] INFO org.soky.sro.pk2.io.Pk2IOTest - Consuming 1920148 byte(s) from file halloween_bomb_redpaint.ddj with size 1920148 
07:15:17.582 [main] DEBUG org.sokybot.pk2.Pk2CryptoUtils - File halloween_bomb_spiderweb.ddj is not encrypted , flags not exists
07:15:17.602 [main] INFO org.soky.sro.pk2.io.Pk2IOTest - Consuming 1920148 byte(s) from file halloween_bomb_spiderweb.ddj with size 1920148 
07:15:17.602 [main] DEBUG org.sokybot.pk2.Pk2CryptoUtils - File newyear_guide.ddj is not encrypted , flags not exists
07:15:17.603 [main] INFO org.soky.sro.pk2.io.Pk2IOTest - Consuming 37108 byte(s) from file newyear_guide.ddj with size 37108 
07:15:17.603 [main] DEBUG org.sokybot.pk2.Pk2CryptoUtils - File newyear_iconbox.ddj is not encrypted , flags not exists
07:15:17.603 [main] INFO org.soky.sro.pk2.io.Pk2IOTest - Consuming 10004 byte(s) from file newyear_iconbox.ddj with size 10004 
07:15:17.603 [main] DEBUG org.sokybot.pk2.Pk2CryptoUtils - File newyear_score.ddj is not encrypted , flags not exists
07:15:17.606 [main] INFO org.soky.sro.pk2.io.Pk2IOTest - Consuming 225908 byte(s) from file newyear_score.ddj with size 225908 
07:15:17.606 [main] DEBUG org.sokybot.pk2.Pk2CryptoUtils - File newyear_tip.ddj is not encrypted , flags not exists
07:15:17.606 [main] INFO org.soky.sro.pk2.io.Pk2IOTest - Consuming 30868 byte(s) from file newyear_tip.ddj with size 30868 
07:15:17.606 [main] DEBUG org.sokybot.pk2.Pk2CryptoUtils - File summer_apr.ddj is not encrypted , flags not exists
07:15:17.606 [main] INFO org.soky.sro.pk2.io.Pk2IOTest - Consuming 5524 byte(s) from file summer_apr.ddj with size 5524 
07:15:17.606 [main] DEBUG org.sokybot.pk2.Pk2CryptoUtils - File summer_aug.ddj is not encrypted , flags not exists
07:15:17.607 [main] INFO org.soky.sro.pk2.io.Pk2IOTest - Consuming 5524 byte(s) from file summer_aug.ddj with size 5524 
07:15:17.607 [main] DEBUG org.sokybot.pk2.Pk2CryptoUtils - File summer_big_present_wnd.ddj is not encrypted , flags not exists
07:15:17.613 [main] INFO org.soky.sro.pk2.io.Pk2IOTest - Consuming 568148 byte(s) from file summer_big_present_wnd.ddj with size 568148 
07:15:17.613 [main] DEBUG org.sokybot.pk2.Pk2CryptoUtils - File summer_button.ddj is not encrypted , flags not exists
07:15:17.613 [main] INFO org.soky.sro.pk2.io.Pk2IOTest - Consuming 8596 byte(s) from file summer_button.ddj with size 8596 
07:15:17.613 [main] DEBUG org.sokybot.pk2.Pk2CryptoUtils - File summer_button_disable.ddj is not encrypted , flags not exists
07:15:17.613 [main] INFO org.soky.sro.pk2.io.Pk2IOTest - Consuming 8596 byte(s) from file summer_button_disable.ddj with size 8596 
07:15:17.613 [main] DEBUG org.sokybot.pk2.Pk2CryptoUtils - File summer_button_focus.ddj is not encrypted , flags not exists
07:15:17.614 [main] INFO org.soky.sro.pk2.io.Pk2IOTest - Consuming 8596 byte(s) from file summer_button_focus.ddj with size 8596 
07:15:17.614 [main] DEBUG org.sokybot.pk2.Pk2CryptoUtils - File summer_button_press.ddj is not encrypted , flags not exists
07:15:17.614 [main] INFO org.soky.sro.pk2.io.Pk2IOTest - Consuming 8596 byte(s) from file summer_button_press.ddj with size 8596 
07:15:17.614 [main] DEBUG org.sokybot.pk2.Pk2CryptoUtils - File summer_close.ddj is not encrypted , flags not exists
07:15:17.614 [main] INFO org.soky.sro.pk2.io.Pk2IOTest - Consuming 1172 byte(s) from file summer_close.ddj with size 1172 
07:15:17.614 [main] DEBUG org.sokybot.pk2.Pk2CryptoUtils - File summer_close_focus.ddj is not encrypted , flags not exists
07:15:17.614 [main] INFO org.soky.sro.pk2.io.Pk2IOTest - Consuming 1172 byte(s) from file summer_close_focus.ddj with size 1172 
07:15:17.614 [main] DEBUG org.sokybot.pk2.Pk2CryptoUtils - File summer_close_press.ddj is not encrypted , flags not exists
07:15:17.614 [main] INFO org.soky.sro.pk2.io.Pk2IOTest - Consuming 1172 byte(s) from file summer_close_press.ddj with size 1172 
07:15:17.614 [main] DEBUG org.sokybot.pk2.Pk2CryptoUtils - File summer_count_0.ddj is not encrypted , flags not exists
07:15:17.614 [main] INFO org.soky.sro.pk2.io.Pk2IOTest - Consuming 6484 byte(s) from file summer_count_0.ddj with size 6484 
07:15:17.615 [main] DEBUG org.sokybot.pk2.Pk2CryptoUtils - File summer_count_9.ddj is not encrypted , flags not exists
07:15:17.615 [main] INFO org.soky.sro.pk2.io.Pk2IOTest - Consuming 6484 byte(s) from file summer_count_9.ddj with size 6484 
07:15:17.615 [main] DEBUG org.sokybot.pk2.Pk2CryptoUtils - File summer_day_0.ddj is not encrypted , flags not exists
07:15:17.615 [main] INFO org.soky.sro.pk2.io.Pk2IOTest - Consuming 2068 byte(s) from file summer_day_0.ddj with size 2068 
07:15:17.615 [main] DEBUG org.sokybot.pk2.Pk2CryptoUtils - File summer_day_9.ddj is not encrypted , flags not exists
07:15:17.615 [main] INFO org.soky.sro.pk2.io.Pk2IOTest - Consuming 2068 byte(s) from file summer_day_9.ddj with size 2068 
07:15:17.615 [main] DEBUG org.sokybot.pk2.Pk2CryptoUtils - File summer_day_box.ddj is not encrypted , flags not exists
07:15:17.615 [main] INFO org.soky.sro.pk2.io.Pk2IOTest - Consuming 15508 byte(s) from file summer_day_box.ddj with size 15508 
07:15:17.615 [main] DEBUG org.sokybot.pk2.Pk2CryptoUtils - File summer_day_frame.ddj is not encrypted , flags not exists
07:15:17.616 [main] INFO org.soky.sro.pk2.io.Pk2IOTest - Consuming 15508 byte(s) from file summer_day_frame.ddj with size 15508 
07:15:17.616 [main] DEBUG org.sokybot.pk2.Pk2CryptoUtils - File summer_day_tab.ddj is not encrypted , flags not exists
07:15:17.616 [main] INFO org.soky.sro.pk2.io.Pk2IOTest - Consuming 62868 byte(s) from file summer_day_tab.ddj with size 62868 
07:15:17.617 [main] DEBUG org.sokybot.pk2.Pk2CryptoUtils - File summer_dec.ddj is not encrypted , flags not exists
07:15:17.617 [main] INFO org.soky.sro.pk2.io.Pk2IOTest - Consuming 5524 byte(s) from file summer_dec.ddj with size 5524 
07:15:17.617 [main] DEBUG org.sokybot.pk2.Pk2CryptoUtils - File summer_end_icon.ddj is not encrypted , flags not exists
07:15:17.617 [main] INFO org.soky.sro.pk2.io.Pk2IOTest - Consuming 6676 byte(s) from file summer_end_icon.ddj with size 6676 
07:15:17.617 [main] DEBUG org.sokybot.pk2.Pk2CryptoUtils - File summer_feb.ddj is not encrypted , flags not exists
07:15:17.617 [main] INFO org.soky.sro.pk2.io.Pk2IOTest - Consuming 5524 byte(s) from file summer_feb.ddj with size 5524 
07:15:17.617 [main] DEBUG org.sokybot.pk2.Pk2CryptoUtils - File summer_fri.ddj is not encrypted , flags not exists
07:15:17.617 [main] INFO org.soky.sro.pk2.io.Pk2IOTest - Consuming 2708 byte(s) from file summer_fri.ddj with size 2708 
07:15:17.617 [main] DEBUG org.sokybot.pk2.Pk2CryptoUtils - File summer_holiday_0.ddj is not encrypted , flags not exists
07:15:17.617 [main] INFO org.soky.sro.pk2.io.Pk2IOTest - Consuming 2068 byte(s) from file summer_holiday_0.ddj with size 2068 
07:15:17.617 [main] DEBUG org.sokybot.pk2.Pk2CryptoUtils - File summer_holiday_9.ddj is not encrypted , flags not exists
07:15:17.618 [main] INFO org.soky.sro.pk2.io.Pk2IOTest - Consuming 2068 byte(s) from file summer_holiday_9.ddj with size 2068 
07:15:17.618 [main] DEBUG org.sokybot.pk2.Pk2CryptoUtils - File summer_item_tab.ddj is not encrypted , flags not exists
07:15:17.618 [main] INFO org.soky.sro.pk2.io.Pk2IOTest - Consuming 51604 byte(s) from file summer_item_tab.ddj with size 51604 
07:15:17.618 [main] DEBUG org.sokybot.pk2.Pk2CryptoUtils - File summer_jan.ddj is not encrypted , flags not exists
07:15:17.618 [main] INFO org.soky.sro.pk2.io.Pk2IOTest - Consuming 5524 byte(s) from file summer_jan.ddj with size 5524 
07:15:17.619 [main] DEBUG org.sokybot.pk2.Pk2CryptoUtils - File summer_jul.ddj is not encrypted , flags not exists
07:15:17.619 [main] INFO org.soky.sro.pk2.io.Pk2IOTest - Consuming 5524 byte(s) from file summer_jul.ddj with size 5524 
07:15:17.676 [main] DEBUG org.sokybot.pk2.Pk2CryptoUtils - File summer_jun.ddj is not encrypted , flags not exists
07:15:17.677 [main] INFO org.soky.sro.pk2.io.Pk2IOTest - Consuming 5524 byte(s) from file summer_jun.ddj with size 5524 
07:15:17.677 [main] DEBUG org.sokybot.pk2.Pk2CryptoUtils - File summer_left_arrow.ddj is not encrypted , flags not exists
07:15:17.681 [main] INFO org.soky.sro.pk2.io.Pk2IOTest - Consuming 724 byte(s) from file summer_left_arrow.ddj with size 724 
07:15:17.682 [main] DEBUG org.sokybot.pk2.Pk2CryptoUtils - File summer_left_arrow_focus.ddj is not encrypted , flags not exists
07:15:17.682 [main] INFO org.soky.sro.pk2.io.Pk2IOTest - Consuming 724 byte(s) from file summer_left_arrow_focus.ddj with size 724 
07:15:17.682 [main] DEBUG org.sokybot.pk2.Pk2CryptoUtils - File summer_left_arrow_press.ddj is not encrypted , flags not exists
07:15:17.682 [main] INFO org.soky.sro.pk2.io.Pk2IOTest - Consuming 724 byte(s) from file summer_left_arrow_press.ddj with size 724 
07:15:17.682 [main] DEBUG org.sokybot.pk2.Pk2CryptoUtils - File summer_list_box.ddj is not encrypted , flags not exists
07:15:17.683 [main] INFO org.soky.sro.pk2.io.Pk2IOTest - Consuming 89748 byte(s) from file summer_list_box.ddj with size 89748 
07:15:17.684 [main] DEBUG org.sokybot.pk2.Pk2CryptoUtils - File summer_long_button.ddj is not encrypted , flags not exists
07:15:17.684 [main] INFO org.soky.sro.pk2.io.Pk2IOTest - Consuming 12820 byte(s) from file summer_long_button.ddj with size 12820 
07:15:17.684 [main] DEBUG org.sokybot.pk2.Pk2CryptoUtils - File summer_long_button_disable.ddj is not encrypted , flags not exists
07:15:17.684 [main] INFO org.soky.sro.pk2.io.Pk2IOTest - Consuming 12820 byte(s) from file summer_long_button_disable.ddj with size 12820 
07:15:17.684 [main] DEBUG org.sokybot.pk2.Pk2CryptoUtils - File summer_long_button_focus.ddj is not encrypted , flags not exists
07:15:17.684 [main] INFO org.soky.sro.pk2.io.Pk2IOTest - Consuming 12820 byte(s) from file summer_long_button_focus.ddj with size 12820 
07:15:17.685 [main] DEBUG org.sokybot.pk2.Pk2CryptoUtils - File summer_long_button_press.ddj is not encrypted , flags not exists
07:15:17.685 [main] INFO org.soky.sro.pk2.io.Pk2IOTest - Consuming 12820 byte(s) from file summer_long_button_press.ddj with size 12820 
07:15:17.685 [main] DEBUG org.sokybot.pk2.Pk2CryptoUtils - File summer_long_item_box.ddj is not encrypted , flags not exists
07:15:17.686 [main] INFO org.soky.sro.pk2.io.Pk2IOTest - Consuming 77588 byte(s) from file summer_long_item_box.ddj with size 77588 
07:15:17.686 [main] DEBUG org.sokybot.pk2.Pk2CryptoUtils - File summer_long_item_select_box.ddj is not encrypted , flags not exists
07:15:17.688 [main] INFO org.soky.sro.pk2.io.Pk2IOTest - Consuming 77588 byte(s) from file summer_long_item_select_box.ddj with size 77588 
07:15:17.688 [main] DEBUG org.sokybot.pk2.Pk2CryptoUtils - File summer_main_box.ddj is not encrypted , flags not exists
07:15:17.698 [main] INFO org.soky.sro.pk2.io.Pk2IOTest - Consuming 705428 byte(s) from file summer_main_box.ddj with size 705428 
07:15:17.698 [main] DEBUG org.sokybot.pk2.Pk2CryptoUtils - File summer_mar.ddj is not encrypted , flags not exists
07:15:17.698 [main] INFO org.soky.sro.pk2.io.Pk2IOTest - Consuming 5524 byte(s) from file summer_mar.ddj with size 5524 
07:15:17.698 [main] DEBUG org.sokybot.pk2.Pk2CryptoUtils - File summer_may.ddj is not encrypted , flags not exists
07:15:17.698 [main] INFO org.soky.sro.pk2.io.Pk2IOTest - Consuming 5524 byte(s) from file summer_may.ddj with size 5524 
07:15:17.698 [main] DEBUG org.sokybot.pk2.Pk2CryptoUtils - File summer_mon.ddj is not encrypted , flags not exists
07:15:17.698 [main] INFO org.soky.sro.pk2.io.Pk2IOTest - Consuming 2708 byte(s) from file summer_mon.ddj with size 2708 
07:15:17.699 [main] DEBUG org.sokybot.pk2.Pk2CryptoUtils - File summer_month_left_arrow.ddj is not encrypted , flags not exists
07:15:17.699 [main] INFO org.soky.sro.pk2.io.Pk2IOTest - Consuming 916 byte(s) from file summer_month_left_arrow.ddj with size 916 
07:15:17.699 [main] DEBUG org.sokybot.pk2.Pk2CryptoUtils - File summer_month_left_arrow_focus.ddj is not encrypted , flags not exists
07:15:17.699 [main] INFO org.soky.sro.pk2.io.Pk2IOTest - Consuming 916 byte(s) from file summer_month_left_arrow_focus.ddj with size 916 
07:15:17.699 [main] DEBUG org.sokybot.pk2.Pk2CryptoUtils - File summer_month_left_arrow_press.ddj is not encrypted , flags not exists
07:15:17.699 [main] INFO org.soky.sro.pk2.io.Pk2IOTest - Consuming 916 byte(s) from file summer_month_left_arrow_press.ddj with size 916 
07:15:17.699 [main] DEBUG org.sokybot.pk2.Pk2CryptoUtils - File summer_month_right_arrow.ddj is not encrypted , flags not exists
07:15:17.699 [main] INFO org.soky.sro.pk2.io.Pk2IOTest - Consuming 916 byte(s) from file summer_month_right_arrow.ddj with size 916 
07:15:17.699 [main] DEBUG org.sokybot.pk2.Pk2CryptoUtils - File summer_month_right_arrow_focus.ddj is not encrypted , flags not exists
07:15:17.699 [main] INFO org.soky.sro.pk2.io.Pk2IOTest - Consuming 916 byte(s) from file summer_month_right_arrow_focus.ddj with size 916 
07:15:17.699 [main] DEBUG org.sokybot.pk2.Pk2CryptoUtils - File summer_month_right_arrow_press.ddj is not encrypted , flags not exists
07:15:17.699 [main] INFO org.soky.sro.pk2.io.Pk2IOTest - Consuming 916 byte(s) from file summer_month_right_arrow_press.ddj with size 916 
07:15:17.700 [main] DEBUG org.sokybot.pk2.Pk2CryptoUtils - File summer_nov.ddj is not encrypted , flags not exists
07:15:17.700 [main] INFO org.soky.sro.pk2.io.Pk2IOTest - Consuming 5524 byte(s) from file summer_nov.ddj with size 5524 
07:15:17.700 [main] DEBUG org.sokybot.pk2.Pk2CryptoUtils - File summer_oct.ddj is not encrypted , flags not exists
07:15:17.700 [main] INFO org.soky.sro.pk2.io.Pk2IOTest - Consuming 5524 byte(s) from file summer_oct.ddj with size 5524 
07:15:17.700 [main] DEBUG org.sokybot.pk2.Pk2CryptoUtils - File summer_present_wnd.ddj is not encrypted , flags not exists
07:15:17.704 [main] INFO org.soky.sro.pk2.io.Pk2IOTest - Consuming 313684 byte(s) from file summer_present_wnd.ddj with size 313684 
07:15:17.705 [main] DEBUG org.sokybot.pk2.Pk2CryptoUtils - File summer_rightt_arrow.ddj is not encrypted , flags not exists
07:15:17.705 [main] INFO org.soky.sro.pk2.io.Pk2IOTest - Consuming 724 byte(s) from file summer_rightt_arrow.ddj with size 724 
07:15:17.705 [main] DEBUG org.sokybot.pk2.Pk2CryptoUtils - File summer_right_arrow_focus.ddj is not encrypted , flags not exists
07:15:17.705 [main] INFO org.soky.sro.pk2.io.Pk2IOTest - Consuming 724 byte(s) from file summer_right_arrow_focus.ddj with size 724 
07:15:17.705 [main] DEBUG org.sokybot.pk2.Pk2CryptoUtils - File summer_right_arrow_press.ddj is not encrypted , flags not exists
07:15:17.705 [main] INFO org.soky.sro.pk2.io.Pk2IOTest - Consuming 724 byte(s) from file summer_right_arrow_press.ddj with size 724 
07:15:17.705 [main] DEBUG org.sokybot.pk2.Pk2CryptoUtils - File summer_sat.ddj is not encrypted , flags not exists
07:15:17.705 [main] INFO org.soky.sro.pk2.io.Pk2IOTest - Consuming 2708 byte(s) from file summer_sat.ddj with size 2708 
07:15:17.706 [main] DEBUG org.sokybot.pk2.Pk2CryptoUtils - File summer_select_box.ddj is not encrypted , flags not exists
07:15:17.706 [main] INFO org.soky.sro.pk2.io.Pk2IOTest - Consuming 15508 byte(s) from file summer_select_box.ddj with size 15508 
07:15:17.706 [main] DEBUG org.sokybot.pk2.Pk2CryptoUtils - File summer_sep.ddj is not encrypted , flags not exists
07:15:17.706 [main] INFO org.soky.sro.pk2.io.Pk2IOTest - Consuming 5524 byte(s) from file summer_sep.ddj with size 5524 
07:15:17.706 [main] DEBUG org.sokybot.pk2.Pk2CryptoUtils - File summer_stamp.ddj is not encrypted , flags not exists
07:15:17.707 [main] INFO org.soky.sro.pk2.io.Pk2IOTest - Consuming 7892 byte(s) from file summer_stamp.ddj with size 7892 
07:15:17.707 [main] DEBUG org.sokybot.pk2.Pk2CryptoUtils - File summer_start_icon.ddj is not encrypted , flags not exists
07:15:17.707 [main] INFO org.soky.sro.pk2.io.Pk2IOTest - Consuming 6676 byte(s) from file summer_start_icon.ddj with size 6676 
07:15:17.707 [main] DEBUG org.sokybot.pk2.Pk2CryptoUtils - File summer_stsrt_left_arrow.ddj is not encrypted , flags not exists
07:15:17.708 [main] INFO org.soky.sro.pk2.io.Pk2IOTest - Consuming 15508 byte(s) from file summer_stsrt_left_arrow.ddj with size 15508 
07:15:17.708 [main] DEBUG org.sokybot.pk2.Pk2CryptoUtils - File summer_stsrt_right_arrow.ddj is not encrypted , flags not exists
07:15:17.708 [main] INFO org.soky.sro.pk2.io.Pk2IOTest - Consuming 15508 byte(s) from file summer_stsrt_right_arrow.ddj with size 15508 
07:15:17.708 [main] DEBUG org.sokybot.pk2.Pk2CryptoUtils - File summer_sub_main_box.ddj is not encrypted , flags not exists
07:15:17.719 [main] INFO org.soky.sro.pk2.io.Pk2IOTest - Consuming 705428 byte(s) from file summer_sub_main_box.ddj with size 705428 
07:15:17.720 [main] DEBUG org.sokybot.pk2.Pk2CryptoUtils - File summer_sun.ddj is not encrypted , flags not exists
07:15:17.720 [main] INFO org.soky.sro.pk2.io.Pk2IOTest - Consuming 2452 byte(s) from file summer_sun.ddj with size 2452 
07:15:17.720 [main] DEBUG org.sokybot.pk2.Pk2CryptoUtils - File summer_tab.ddj is not encrypted , flags not exists
07:15:17.720 [main] INFO org.soky.sro.pk2.io.Pk2IOTest - Consuming 9364 byte(s) from file summer_tab.ddj with size 9364 
07:15:17.720 [main] DEBUG org.sokybot.pk2.Pk2CryptoUtils - File summer_tab_focus.ddj is not encrypted , flags not exists
07:15:17.720 [main] INFO org.soky.sro.pk2.io.Pk2IOTest - Consuming 9364 byte(s) from file summer_tab_focus.ddj with size 9364 
07:15:17.720 [main] DEBUG org.sokybot.pk2.Pk2CryptoUtils - File summer_tab_off.ddj is not encrypted , flags not exists
07:15:17.720 [main] INFO org.soky.sro.pk2.io.Pk2IOTest - Consuming 9364 byte(s) from file summer_tab_off.ddj with size 9364 
07:15:17.721 [main] DEBUG org.sokybot.pk2.Pk2CryptoUtils - File summer_tab_on.ddj is not encrypted , flags not exists
07:15:17.721 [main] INFO org.soky.sro.pk2.io.Pk2IOTest - Consuming 9364 byte(s) from file summer_tab_on.ddj with size 9364 
07:15:17.721 [main] DEBUG org.sokybot.pk2.Pk2CryptoUtils - File summer_tab_press.ddj is not encrypted , flags not exists
07:15:17.721 [main] INFO org.soky.sro.pk2.io.Pk2IOTest - Consuming 9364 byte(s) from file summer_tab_press.ddj with size 9364 
07:15:17.721 [main] DEBUG org.sokybot.pk2.Pk2CryptoUtils - File summer_thu.ddj is not encrypted , flags not exists
07:15:17.721 [main] INFO org.soky.sro.pk2.io.Pk2IOTest - Consuming 2708 byte(s) from file summer_thu.ddj with size 2708 
07:15:17.721 [main] DEBUG org.sokybot.pk2.Pk2CryptoUtils - File summer_tue.ddj is not encrypted , flags not exists
07:15:17.721 [main] INFO org.soky.sro.pk2.io.Pk2IOTest - Consuming 2708 byte(s) from file summer_tue.ddj with size 2708 
07:15:17.722 [main] DEBUG org.sokybot.pk2.Pk2CryptoUtils - File summer_wed.ddj is not encrypted , flags not exists
07:15:17.722 [main] INFO org.soky.sro.pk2.io.Pk2IOTest - Consuming 2708 byte(s) from file summer_wed.ddj with size 2708 
07:15:17.722 [main] DEBUG org.sokybot.pk2.Pk2CryptoUtils - File summer_year_0.ddj is not encrypted , flags not exists
07:15:17.722 [main] INFO org.soky.sro.pk2.io.Pk2IOTest - Consuming 1748 byte(s) from file summer_year_0.ddj with size 1748 
07:15:17.722 [main] DEBUG org.sokybot.pk2.Pk2CryptoUtils - File summer_year_9.ddj is not encrypted , flags not exists
07:15:17.722 [main] INFO org.soky.sro.pk2.io.Pk2IOTest - Consuming 1748 byte(s) from file summer_year_9.ddj with size 1748 
07:15:17.722 [main] DEBUG org.sokybot.pk2.Pk2CryptoUtils - File text_draw.ddj is not encrypted , flags not exists
07:15:17.723 [main] INFO org.soky.sro.pk2.io.Pk2IOTest - Consuming 91668 byte(s) from file text_draw.ddj with size 91668 
07:15:17.724 [main] DEBUG org.sokybot.pk2.Pk2CryptoUtils - File text_lose.ddj is not encrypted , flags not exists
07:15:17.725 [main] INFO org.soky.sro.pk2.io.Pk2IOTest - Consuming 91668 byte(s) from file text_lose.ddj with size 91668 
07:15:17.725 [main] DEBUG org.sokybot.pk2.Pk2CryptoUtils - File text_win.ddj is not encrypted , flags not exists
07:15:17.727 [main] INFO org.soky.sro.pk2.io.Pk2IOTest - Consuming 91668 byte(s) from file text_win.ddj with size 91668 
07:15:17.727 [main] DEBUG org.sokybot.pk2.Pk2CryptoUtils - File event_btn_frame.ddj is not encrypted , flags not exists
07:15:17.727 [main] INFO org.soky.sro.pk2.io.Pk2IOTest - Consuming 15604 byte(s) from file event_btn_frame.ddj with size 15604 
07:15:17.727 [main] DEBUG org.sokybot.pk2.Pk2CryptoUtils - File rangking_frame.ddj is not encrypted , flags not exists
07:15:17.728 [main] INFO org.soky.sro.pk2.io.Pk2IOTest - Consuming 19860 byte(s) from file rangking_frame.ddj with size 19860 
07:15:17.728 [main] DEBUG org.sokybot.pk2.Pk2CryptoUtils - File subscription_item_window.ddj is not encrypted , flags not exists
07:15:17.729 [main] INFO org.soky.sro.pk2.io.Pk2IOTest - Consuming 98452 byte(s) from file subscription_item_window.ddj with size 98452 
07:15:17.730 [main] DEBUG org.sokybot.pk2.Pk2CryptoUtils - File subscription_win_window.ddj is not encrypted , flags not exists
07:15:17.732 [main] INFO org.soky.sro.pk2.io.Pk2IOTest - Consuming 178708 byte(s) from file subscription_win_window.ddj with size 178708 
07:15:17.733 [main] DEBUG org.sokybot.pk2.Pk2CryptoUtils - File exc_box.ddj is not encrypted , flags not exists
07:15:17.733 [main] INFO org.soky.sro.pk2.io.Pk2IOTest - Consuming 4468 byte(s) from file exc_box.ddj with size 4468 
07:15:17.733 [main] DEBUG org.sokybot.pk2.Pk2CryptoUtils - File exc_sub_window_line.ddj is not encrypted , flags not exists
07:15:17.733 [main] INFO org.soky.sro.pk2.io.Pk2IOTest - Consuming 180 byte(s) from file exc_sub_window_line.ddj with size 180 
07:15:17.733 [main] DEBUG org.sokybot.pk2.Pk2CryptoUtils - File ch_line.ddj is not encrypted , flags not exists
07:15:17.733 [main] INFO org.soky.sro.pk2.io.Pk2IOTest - Consuming 2004 byte(s) from file ch_line.ddj with size 2004 
07:15:17.733 [main] DEBUG org.sokybot.pk2.Pk2CryptoUtils - File ch_red.ddj is not encrypted , flags not exists
07:15:17.737 [main] INFO org.soky.sro.pk2.io.Pk2IOTest - Consuming 262292 byte(s) from file ch_red.ddj with size 262292 
07:15:17.738 [main] DEBUG org.sokybot.pk2.Pk2CryptoUtils - File frameg_wnd_left_down.ddj is not encrypted , flags not exists
07:15:17.738 [main] INFO org.soky.sro.pk2.io.Pk2IOTest - Consuming 916 byte(s) from file frameg_wnd_left_down.ddj with size 916 
07:15:17.738 [main] DEBUG org.sokybot.pk2.Pk2CryptoUtils - File frameg_wnd_left_side.ddj is not encrypted , flags not exists
07:15:17.738 [main] INFO org.soky.sro.pk2.io.Pk2IOTest - Consuming 2644 byte(s) from file frameg_wnd_left_side.ddj with size 2644 
07:15:17.738 [main] DEBUG org.sokybot.pk2.Pk2CryptoUtils - File frameg_wnd_left_up.ddj is not encrypted , flags not exists
07:15:17.738 [main] INFO org.soky.sro.pk2.io.Pk2IOTest - Consuming 916 byte(s) from file frameg_wnd_left_up.ddj with size 916 
07:15:17.738 [main] DEBUG org.sokybot.pk2.Pk2CryptoUtils - File frameg_wnd_mid_down.ddj is not encrypted , flags not exists
07:15:17.738 [main] INFO org.soky.sro.pk2.io.Pk2IOTest - Consuming 4244 byte(s) from file frameg_wnd_mid_down.ddj with size 4244 
07:15:17.738 [main] DEBUG org.sokybot.pk2.Pk2CryptoUtils - File frameg_wnd_mid_up.ddj is not encrypted , flags not exists
07:15:17.739 [main] INFO org.soky.sro.pk2.io.Pk2IOTest - Consuming 4244 byte(s) from file frameg_wnd_mid_up.ddj with size 4244 
07:15:17.739 [main] DEBUG org.sokybot.pk2.Pk2CryptoUtils - File frameg_wnd_right_down.ddj is not encrypted , flags not exists
07:15:17.739 [main] INFO org.soky.sro.pk2.io.Pk2IOTest - Consuming 916 byte(s) from file frameg_wnd_right_down.ddj with size 916 
07:15:17.739 [main] DEBUG org.sokybot.pk2.Pk2CryptoUtils - File frameg_wnd_right_side.ddj is not encrypted , flags not exists
07:15:17.739 [main] INFO org.soky.sro.pk2.io.Pk2IOTest - Consuming 2644 byte(s) from file frameg_wnd_right_side.ddj with size 2644 
07:15:17.739 [main] DEBUG org.sokybot.pk2.Pk2CryptoUtils - File frameg_wnd_right_up.ddj is not encrypted , flags not exists
07:15:17.739 [main] INFO org.soky.sro.pk2.io.Pk2IOTest - Consuming 916 byte(s) from file frameg_wnd_right_up.ddj with size 916 
07:15:17.739 [main] DEBUG org.sokybot.pk2.Pk2CryptoUtils - File frame_make_left_down.ddj is not encrypted , flags not exists
07:15:17.739 [main] INFO org.soky.sro.pk2.io.Pk2IOTest - Consuming 660 byte(s) from file frame_make_left_down.ddj with size 660 
07:15:17.739 [main] DEBUG org.sokybot.pk2.Pk2CryptoUtils - File frame_make_left_side.ddj is not encrypted , flags not exists
07:15:17.739 [main] INFO org.soky.sro.pk2.io.Pk2IOTest - Consuming 212 byte(s) from file frame_make_left_side.ddj with size 212 
07:15:17.740 [main] DEBUG org.sokybot.pk2.Pk2CryptoUtils - File frame_make_left_up.ddj is not encrypted , flags not exists
07:15:17.740 [main] INFO org.soky.sro.pk2.io.Pk2IOTest - Consuming 660 byte(s) from file frame_make_left_up.ddj with size 660 
07:15:17.740 [main] DEBUG org.sokybot.pk2.Pk2CryptoUtils - File frame_make_mid_down.ddj is not encrypted , flags not exists
07:15:17.740 [main] INFO org.soky.sro.pk2.io.Pk2IOTest - Consuming 212 byte(s) from file frame_make_mid_down.ddj with size 212 
07:15:17.740 [main] DEBUG org.sokybot.pk2.Pk2CryptoUtils - File frame_make_mid_up.ddj is not encrypted , flags not exists
07:15:17.740 [main] INFO org.soky.sro.pk2.io.Pk2IOTest - Consuming 212 byte(s) from file frame_make_mid_up.ddj with size 212 
07:15:17.740 [main] DEBUG org.sokybot.pk2.Pk2CryptoUtils - File frame_make_right_down.ddj is not encrypted , flags not exists
07:15:17.740 [main] INFO org.soky.sro.pk2.io.Pk2IOTest - Consuming 660 byte(s) from file frame_make_right_down.ddj with size 660 
07:15:17.740 [main] DEBUG org.sokybot.pk2.Pk2CryptoUtils - File frame_make_right_side.ddj is not encrypted , flags not exists
07:15:17.740 [main] INFO org.soky.sro.pk2.io.Pk2IOTest - Consuming 212 byte(s) from file frame_make_right_side.ddj with size 212 
07:15:17.741 [main] DEBUG org.sokybot.pk2.Pk2CryptoUtils - File frame_make_right_up.ddj is not encrypted , flags not exists
07:15:17.741 [main] INFO org.soky.sro.pk2.io.Pk2IOTest - Consuming 660 byte(s) from file frame_make_right_up.ddj with size 660 
07:15:17.741 [main] DEBUG org.sokybot.pk2.Pk2CryptoUtils - File frame_msg_left_down.ddj is not encrypted , flags not exists
07:15:17.741 [main] INFO org.soky.sro.pk2.io.Pk2IOTest - Consuming 180 byte(s) from file frame_msg_left_down.ddj with size 180 
07:15:17.741 [main] DEBUG org.sokybot.pk2.Pk2CryptoUtils - File frame_msg_left_side.ddj is not encrypted , flags not exists
07:15:17.741 [main] INFO org.soky.sro.pk2.io.Pk2IOTest - Consuming 180 byte(s) from file frame_msg_left_side.ddj with size 180 
07:15:17.741 [main] DEBUG org.sokybot.pk2.Pk2CryptoUtils - File frame_msg_left_up.ddj is not encrypted , flags not exists
07:15:17.741 [main] INFO org.soky.sro.pk2.io.Pk2IOTest - Consuming 180 byte(s) from file frame_msg_left_up.ddj with size 180 
07:15:17.741 [main] DEBUG org.sokybot.pk2.Pk2CryptoUtils - File frame_msg_mid_down.ddj is not encrypted , flags not exists
07:15:17.741 [main] INFO org.soky.sro.pk2.io.Pk2IOTest - Consuming 180 byte(s) from file frame_msg_mid_down.ddj with size 180 
07:15:17.742 [main] DEBUG org.sokybot.pk2.Pk2CryptoUtils - File frame_msg_mid_up.ddj is not encrypted , flags not exists
07:15:17.742 [main] INFO org.soky.sro.pk2.io.Pk2IOTest - Consuming 180 byte(s) from file frame_msg_mid_up.ddj with size 180 
07:15:17.742 [main] DEBUG org.sokybot.pk2.Pk2CryptoUtils - File frame_msg_right_down.ddj is not encrypted , flags not exists
07:15:17.742 [main] INFO org.soky.sro.pk2.io.Pk2IOTest - Consuming 180 byte(s) from file frame_msg_right_down.ddj with size 180 
07:15:17.742 [main] DEBUG org.sokybot.pk2.Pk2CryptoUtils - File frame_msg_right_side.ddj is not encrypted , flags not exists
07:15:17.742 [main] INFO org.soky.sro.pk2.io.Pk2IOTest - Consuming 180 byte(s) from file frame_msg_right_side.ddj with size 180 
07:15:17.742 [main] DEBUG org.sokybot.pk2.Pk2CryptoUtils - File frame_msg_right_up.ddj is not encrypted , flags not exists
07:15:17.742 [main] INFO org.soky.sro.pk2.io.Pk2IOTest - Consuming 180 byte(s) from file frame_msg_right_up.ddj with size 180 
07:15:17.742 [main] DEBUG org.sokybot.pk2.Pk2CryptoUtils - File game_window_left_down.ddj is not encrypted , flags not exists
07:15:17.743 [main] INFO org.soky.sro.pk2.io.Pk2IOTest - Consuming 3676 byte(s) from file game_window_left_down.ddj with size 3676 
07:15:17.743 [main] DEBUG org.sokybot.pk2.Pk2CryptoUtils - File game_window_left_side.ddj is not encrypted , flags not exists
07:15:17.743 [main] INFO org.soky.sro.pk2.io.Pk2IOTest - Consuming 2708 byte(s) from file game_window_left_side.ddj with size 2708 
07:15:17.743 [main] DEBUG org.sokybot.pk2.Pk2CryptoUtils - File game_window_left_up.ddj is not encrypted , flags not exists
07:15:17.743 [main] INFO org.soky.sro.pk2.io.Pk2IOTest - Consuming 3676 byte(s) from file game_window_left_up.ddj with size 3676 
07:15:17.743 [main] DEBUG org.sokybot.pk2.Pk2CryptoUtils - File game_window_mid_down.ddj is not encrypted , flags not exists
07:15:17.743 [main] INFO org.soky.sro.pk2.io.Pk2IOTest - Consuming 1044 byte(s) from file game_window_mid_down.ddj with size 1044 
07:15:17.743 [main] DEBUG org.sokybot.pk2.Pk2CryptoUtils - File game_window_mid_up.ddj is not encrypted , flags not exists
07:15:17.743 [main] INFO org.soky.sro.pk2.io.Pk2IOTest - Consuming 1044 byte(s) from file game_window_mid_up.ddj with size 1044 
07:15:17.744 [main] DEBUG org.sokybot.pk2.Pk2CryptoUtils - File game_window_right_down.ddj is not encrypted , flags not exists
07:15:17.744 [main] INFO org.soky.sro.pk2.io.Pk2IOTest - Consuming 3676 byte(s) from file game_window_right_down.ddj with size 3676 
07:15:17.744 [main] DEBUG org.sokybot.pk2.Pk2CryptoUtils - File game_window_right_side.ddj is not encrypted , flags not exists
07:15:17.744 [main] INFO org.soky.sro.pk2.io.Pk2IOTest - Consuming 2708 byte(s) from file game_window_right_side.ddj with size 2708 
07:15:17.744 [main] DEBUG org.sokybot.pk2.Pk2CryptoUtils - File game_window_right_up.ddj is not encrypted , flags not exists
07:15:17.744 [main] INFO org.soky.sro.pk2.io.Pk2IOTest - Consuming 3676 byte(s) from file game_window_right_up.ddj with size 3676 
07:15:17.744 [main] DEBUG org.sokybot.pk2.Pk2CryptoUtils - File mframe_wnd_left_down.ddj is not encrypted , flags not exists
07:15:17.744 [main] INFO org.soky.sro.pk2.io.Pk2IOTest - Consuming 3988 byte(s) from file mframe_wnd_left_down.ddj with size 3988 
07:15:17.744 [main] DEBUG org.sokybot.pk2.Pk2CryptoUtils - File mframe_wnd_left_side.ddj is not encrypted , flags not exists
07:15:17.745 [main] INFO org.soky.sro.pk2.io.Pk2IOTest - Consuming 10388 byte(s) from file mframe_wnd_left_side.ddj with size 10388 
07:15:17.745 [main] DEBUG org.sokybot.pk2.Pk2CryptoUtils - File mframe_wnd_left_up.ddj is not encrypted , flags not exists
07:15:17.745 [main] INFO org.soky.sro.pk2.io.Pk2IOTest - Consuming 5588 byte(s) from file mframe_wnd_left_up.ddj with size 5588 
07:15:17.745 [main] DEBUG org.sokybot.pk2.Pk2CryptoUtils - File mframe_wnd_mid_down.ddj is not encrypted , flags not exists
07:15:17.745 [main] INFO org.soky.sro.pk2.io.Pk2IOTest - Consuming 12436 byte(s) from file mframe_wnd_mid_down.ddj with size 12436 
07:15:17.745 [main] DEBUG org.sokybot.pk2.Pk2CryptoUtils - File mframe_wnd_mid_up.ddj is not encrypted , flags not exists
07:15:17.746 [main] INFO org.soky.sro.pk2.io.Pk2IOTest - Consuming 17556 byte(s) from file mframe_wnd_mid_up.ddj with size 17556 
07:15:17.746 [main] DEBUG org.sokybot.pk2.Pk2CryptoUtils - File mframe_wnd_right_down.ddj is not encrypted , flags not exists
07:15:17.746 [main] INFO org.soky.sro.pk2.io.Pk2IOTest - Consuming 3988 byte(s) from file mframe_wnd_right_down.ddj with size 3988 
07:15:17.746 [main] DEBUG org.sokybot.pk2.Pk2CryptoUtils - File mframe_wnd_right_side.ddj is not encrypted , flags not exists
07:15:17.746 [main] INFO org.soky.sro.pk2.io.Pk2IOTest - Consuming 10388 byte(s) from file mframe_wnd_right_side.ddj with size 10388 
07:15:17.746 [main] DEBUG org.sokybot.pk2.Pk2CryptoUtils - File mframe_wnd_right_up.ddj is not encrypted , flags not exists
07:15:17.747 [main] INFO org.soky.sro.pk2.io.Pk2IOTest - Consuming 5588 byte(s) from file mframe_wnd_right_up.ddj with size 5588 
07:15:17.747 [main] DEBUG org.sokybot.pk2.Pk2CryptoUtils - File mgame_wnd_left_down.ddj is not encrypted , flags not exists
07:15:17.747 [main] INFO org.soky.sro.pk2.io.Pk2IOTest - Consuming 3988 byte(s) from file mgame_wnd_left_down.ddj with size 3988 
07:15:17.747 [main] DEBUG org.sokybot.pk2.Pk2CryptoUtils - File mgame_wnd_left_side.ddj is not encrypted , flags not exists
07:15:17.748 [main] INFO org.soky.sro.pk2.io.Pk2IOTest - Consuming 32788 byte(s) from file mgame_wnd_left_side.ddj with size 32788 
07:15:17.748 [main] DEBUG org.sokybot.pk2.Pk2CryptoUtils - File mgame_wnd_left_up.ddj is not encrypted , flags not exists
07:15:17.748 [main] INFO org.soky.sro.pk2.io.Pk2IOTest - Consuming 5588 byte(s) from file mgame_wnd_left_up.ddj with size 5588 
07:15:17.748 [main] DEBUG org.sokybot.pk2.Pk2CryptoUtils - File mgame_wnd_mid_down.ddj is not encrypted , flags not exists
07:15:17.749 [main] INFO org.soky.sro.pk2.io.Pk2IOTest - Consuming 37780 byte(s) from file mgame_wnd_mid_down.ddj with size 37780 
07:15:17.749 [main] DEBUG org.sokybot.pk2.Pk2CryptoUtils - File mgame_wnd_mid_up.ddj is not encrypted , flags not exists
07:15:17.750 [main] INFO org.soky.sro.pk2.io.Pk2IOTest - Consuming 53460 byte(s) from file mgame_wnd_mid_up.ddj with size 53460 
07:15:17.750 [main] DEBUG org.sokybot.pk2.Pk2CryptoUtils - File mgame_wnd_right_down.ddj is not encrypted , flags not exists
07:15:17.750 [main] INFO org.soky.sro.pk2.io.Pk2IOTest - Consuming 3988 byte(s) from file mgame_wnd_right_down.ddj with size 3988 
07:15:17.750 [main] DEBUG org.sokybot.pk2.Pk2CryptoUtils - File mgame_wnd_right_side.ddj is not encrypted , flags not exists
07:15:17.750 [main] INFO org.soky.sro.pk2.io.Pk2IOTest - Consuming 32788 byte(s) from file mgame_wnd_right_side.ddj with size 32788 
07:15:17.751 [main] DEBUG org.sokybot.pk2.Pk2CryptoUtils - File mgame_wnd_right_up.ddj is not encrypted , flags not exists
07:15:17.751 [main] INFO org.soky.sro.pk2.io.Pk2IOTest - Consuming 5588 byte(s) from file mgame_wnd_right_up.ddj with size 5588 
07:15:17.751 [main] DEBUG org.sokybot.pk2.Pk2CryptoUtils - File sframe_wnd_left_down.ddj is not encrypted , flags not exists
07:15:17.751 [main] INFO org.soky.sro.pk2.io.Pk2IOTest - Consuming 660 byte(s) from file sframe_wnd_left_down.ddj with size 660 
07:15:17.751 [main] DEBUG org.sokybot.pk2.Pk2CryptoUtils - File sframe_wnd_left_side.ddj is not encrypted , flags not exists
07:15:17.751 [main] INFO org.soky.sro.pk2.io.Pk2IOTest - Consuming 4244 byte(s) from file sframe_wnd_left_side.ddj with size 4244 
07:15:17.751 [main] DEBUG org.sokybot.pk2.Pk2CryptoUtils - File sframe_wnd_left_up.ddj is not encrypted , flags not exists
07:15:17.751 [main] INFO org.soky.sro.pk2.io.Pk2IOTest - Consuming 1300 byte(s) from file sframe_wnd_left_up.ddj with size 1300 
07:15:17.751 [main] DEBUG org.sokybot.pk2.Pk2CryptoUtils - File sframe_wnd_mid_down.ddj is not encrypted , flags not exists
07:15:17.752 [main] INFO org.soky.sro.pk2.io.Pk2IOTest - Consuming 4244 byte(s) from file sframe_wnd_mid_down.ddj with size 4244 
07:15:17.752 [main] DEBUG org.sokybot.pk2.Pk2CryptoUtils - File sframe_wnd_mid_up.ddj is not encrypted , flags not exists
07:15:17.752 [main] INFO org.soky.sro.pk2.io.Pk2IOTest - Consuming 9364 byte(s) from file sframe_wnd_mid_up.ddj with size 9364 
07:15:17.752 [main] DEBUG org.sokybot.pk2.Pk2CryptoUtils - File sframe_wnd_right_down.ddj is not encrypted , flags not exists
07:15:17.752 [main] INFO org.soky.sro.pk2.io.Pk2IOTest - Consuming 660 byte(s) from file sframe_wnd_right_down.ddj with size 660 
07:15:17.752 [main] DEBUG org.sokybot.pk2.Pk2CryptoUtils - File sframe_wnd_right_side.ddj is not encrypted , flags not exists
07:15:17.752 [main] INFO org.soky.sro.pk2.io.Pk2IOTest - Consuming 4244 byte(s) from file sframe_wnd_right_side.ddj with size 4244 
07:15:17.752 [main] DEBUG org.sokybot.pk2.Pk2CryptoUtils - File sframe_wnd_right_up.ddj is not encrypted , flags not exists
07:15:17.752 [main] INFO org.soky.sro.pk2.io.Pk2IOTest - Consuming 1300 byte(s) from file sframe_wnd_right_up.ddj with size 1300 
07:15:17.753 [main] DEBUG org.sokybot.pk2.Pk2CryptoUtils - File event_sub_wnd_left_down.ddj is not encrypted , flags not exists
07:15:17.753 [main] INFO org.soky.sro.pk2.io.Pk2IOTest - Consuming 6292 byte(s) from file event_sub_wnd_left_down.ddj with size 6292 
07:15:17.753 [main] DEBUG org.sokybot.pk2.Pk2CryptoUtils - File event_sub_wnd_left_side.ddj is not encrypted , flags not exists
07:15:17.753 [main] INFO org.soky.sro.pk2.io.Pk2IOTest - Consuming 6292 byte(s) from file event_sub_wnd_left_side.ddj with size 6292 
07:15:17.753 [main] DEBUG org.sokybot.pk2.Pk2CryptoUtils - File event_sub_wnd_left_up.ddj is not encrypted , flags not exists
07:15:17.753 [main] INFO org.soky.sro.pk2.io.Pk2IOTest - Consuming 6292 byte(s) from file event_sub_wnd_left_up.ddj with size 6292 
07:15:17.753 [main] DEBUG org.sokybot.pk2.Pk2CryptoUtils - File event_sub_wnd_mid_down.ddj is not encrypted , flags not exists
07:15:17.754 [main] INFO org.soky.sro.pk2.io.Pk2IOTest - Consuming 10900 byte(s) from file event_sub_wnd_mid_down.ddj with size 10900 
07:15:17.754 [main] DEBUG org.sokybot.pk2.Pk2CryptoUtils - File event_sub_wnd_mid_up.ddj is not encrypted , flags not exists
07:15:17.754 [main] INFO org.soky.sro.pk2.io.Pk2IOTest - Consuming 10900 byte(s) from file event_sub_wnd_mid_up.ddj with size 10900 
07:15:17.754 [main] DEBUG org.sokybot.pk2.Pk2CryptoUtils - File event_sub_wnd_right_down.ddj is not encrypted , flags not exists
07:15:17.754 [main] INFO org.soky.sro.pk2.io.Pk2IOTest - Consuming 6292 byte(s) from file event_sub_wnd_right_down.ddj with size 6292 
07:15:17.754 [main] DEBUG org.sokybot.pk2.Pk2CryptoUtils - File event_sub_wnd_right_side.ddj is not encrypted , flags not exists
07:15:17.755 [main] INFO org.soky.sro.pk2.io.Pk2IOTest - Consuming 6292 byte(s) from file event_sub_wnd_right_side.ddj with size 6292 
07:15:17.755 [main] DEBUG org.sokybot.pk2.Pk2CryptoUtils - File event_sub_wnd_right_up.ddj is not encrypted , flags not exists
07:15:17.755 [main] INFO org.soky.sro.pk2.io.Pk2IOTest - Consuming 6292 byte(s) from file event_sub_wnd_right_up.ddj with size 6292 
07:15:17.755 [main] DEBUG org.sokybot.pk2.Pk2CryptoUtils - File mall_ava_wnd_down.ddj is not encrypted , flags not exists
07:15:17.755 [main] INFO org.soky.sro.pk2.io.Pk2IOTest - Consuming 12052 byte(s) from file mall_ava_wnd_down.ddj with size 12052 
07:15:17.755 [main] DEBUG org.sokybot.pk2.Pk2CryptoUtils - File mall_ava_wnd_left_down.ddj is not encrypted , flags not exists
07:15:17.755 [main] INFO org.soky.sro.pk2.io.Pk2IOTest - Consuming 3580 byte(s) from file mall_ava_wnd_left_down.ddj with size 3580 
07:15:17.756 [main] DEBUG org.sokybot.pk2.Pk2CryptoUtils - File mall_ava_wnd_left_side.ddj is not encrypted , flags not exists
07:15:17.756 [main] INFO org.soky.sro.pk2.io.Pk2IOTest - Consuming 7144 byte(s) from file mall_ava_wnd_left_side.ddj with size 7144 
07:15:17.756 [main] DEBUG org.sokybot.pk2.Pk2CryptoUtils - File mall_ava_wnd_left_up.ddj is not encrypted , flags not exists
07:15:17.756 [main] INFO org.soky.sro.pk2.io.Pk2IOTest - Consuming 8728 byte(s) from file mall_ava_wnd_left_up.ddj with size 8728 
07:15:17.756 [main] DEBUG org.sokybot.pk2.Pk2CryptoUtils - File mall_ava_wnd_mid.ddj is not encrypted , flags not exists
07:15:17.756 [main] INFO org.soky.sro.pk2.io.Pk2IOTest - Consuming 10068 byte(s) from file mall_ava_wnd_mid.ddj with size 10068 
07:15:17.756 [main] DEBUG org.sokybot.pk2.Pk2CryptoUtils - File mall_ava_wnd_mid_down.ddj is not encrypted , flags not exists
07:15:17.757 [main] INFO org.soky.sro.pk2.io.Pk2IOTest - Consuming 6180 byte(s) from file mall_ava_wnd_mid_down.ddj with size 6180 
07:15:17.757 [main] DEBUG org.sokybot.pk2.Pk2CryptoUtils - File mall_ava_wnd_mid_up.ddj is not encrypted , flags not exists
07:15:17.757 [main] INFO org.soky.sro.pk2.io.Pk2IOTest - Consuming 15228 byte(s) from file mall_ava_wnd_mid_up.ddj with size 15228 
07:15:17.757 [main] DEBUG org.sokybot.pk2.Pk2CryptoUtils - File mall_ava_wnd_right_down.ddj is not encrypted , flags not exists
07:15:17.757 [main] INFO org.soky.sro.pk2.io.Pk2IOTest - Consuming 3580 byte(s) from file mall_ava_wnd_right_down.ddj with size 3580 
07:15:17.757 [main] DEBUG org.sokybot.pk2.Pk2CryptoUtils - File mall_ava_wnd_right_side.ddj is not encrypted , flags not exists
07:15:17.758 [main] INFO org.soky.sro.pk2.io.Pk2IOTest - Consuming 7144 byte(s) from file mall_ava_wnd_right_side.ddj with size 7144 
07:15:17.758 [main] DEBUG org.sokybot.pk2.Pk2CryptoUtils - File mall_ava_wnd_right_up.ddj is not encrypted , flags not exists
07:15:17.758 [main] INFO org.soky.sro.pk2.io.Pk2IOTest - Consuming 8728 byte(s) from file mall_ava_wnd_right_up.ddj with size 8728 
07:15:17.758 [main] DEBUG org.sokybot.pk2.Pk2CryptoUtils - File mall_ava_wnd_up.ddj is not encrypted , flags not exists
07:15:17.759 [main] INFO org.soky.sro.pk2.io.Pk2IOTest - Consuming 29908 byte(s) from file mall_ava_wnd_up.ddj with size 29908 
07:15:17.759 [main] DEBUG org.sokybot.pk2.Pk2CryptoUtils - File mall_back_wnd.ddj is not encrypted , flags not exists
07:15:17.772 [main] INFO org.soky.sro.pk2.io.Pk2IOTest - Consuming 882068 byte(s) from file mall_back_wnd.ddj with size 882068 
07:15:17.773 [main] DEBUG org.sokybot.pk2.Pk2CryptoUtils - File mall_ms_wnd_left_down.ddj is not encrypted , flags not exists
07:15:17.773 [main] INFO org.soky.sro.pk2.io.Pk2IOTest - Consuming 3220 byte(s) from file mall_ms_wnd_left_down.ddj with size 3220 
07:15:17.773 [main] DEBUG org.sokybot.pk2.Pk2CryptoUtils - File mall_ms_wnd_left_side.ddj is not encrypted , flags not exists
07:15:17.773 [main] INFO org.soky.sro.pk2.io.Pk2IOTest - Consuming 7828 byte(s) from file mall_ms_wnd_left_side.ddj with size 7828 
07:15:17.773 [main] DEBUG org.sokybot.pk2.Pk2CryptoUtils - File mall_ms_wnd_left_up.ddj is not encrypted , flags not exists
07:15:17.773 [main] INFO org.soky.sro.pk2.io.Pk2IOTest - Consuming 5780 byte(s) from file mall_ms_wnd_left_up.ddj with size 5780 
07:15:17.774 [main] DEBUG org.sokybot.pk2.Pk2CryptoUtils - File mall_ms_wnd_mid_down.ddj is not encrypted , flags not exists
07:15:17.774 [main] INFO org.soky.sro.pk2.io.Pk2IOTest - Consuming 15508 byte(s) from file mall_ms_wnd_mid_down.ddj with size 15508 
07:15:17.774 [main] DEBUG org.sokybot.pk2.Pk2CryptoUtils - File mall_ms_wnd_mid_up.ddj is not encrypted , flags not exists
07:15:17.774 [main] INFO org.soky.sro.pk2.io.Pk2IOTest - Consuming 28308 byte(s) from file mall_ms_wnd_mid_up.ddj with size 28308 
07:15:17.775 [main] DEBUG org.sokybot.pk2.Pk2CryptoUtils - File mall_ms_wnd_right_down.ddj is not encrypted , flags not exists
07:15:17.775 [main] INFO org.soky.sro.pk2.io.Pk2IOTest - Consuming 3220 byte(s) from file mall_ms_wnd_right_down.ddj with size 3220 
07:15:17.775 [main] DEBUG org.sokybot.pk2.Pk2CryptoUtils - File mall_ms_wnd_right_side.ddj is not encrypted , flags not exists
07:15:17.775 [main] INFO org.soky.sro.pk2.io.Pk2IOTest - Consuming 7828 byte(s) from file mall_ms_wnd_right_side.ddj with size 7828 
07:15:17.775 [main] DEBUG org.sokybot.pk2.Pk2CryptoUtils - File mall_ms_wnd_right_up.ddj is not encrypted , flags not exists
07:15:17.775 [main] INFO org.soky.sro.pk2.io.Pk2IOTest - Consuming 5780 byte(s) from file mall_ms_wnd_right_up.ddj with size 5780 
07:15:17.775 [main] DEBUG org.sokybot.pk2.Pk2CryptoUtils - File mall_sub_wnd_left_down.ddj is not encrypted , flags not exists
07:15:17.776 [main] INFO org.soky.sro.pk2.io.Pk2IOTest - Consuming 1748 byte(s) from file mall_sub_wnd_left_down.ddj with size 1748 
07:15:17.776 [main] DEBUG org.sokybot.pk2.Pk2CryptoUtils - File mall_sub_wnd_left_side.ddj is not encrypted , flags not exists
07:15:17.776 [main] INFO org.soky.sro.pk2.io.Pk2IOTest - Consuming 9748 byte(s) from file mall_sub_wnd_left_side.ddj with size 9748 
07:15:17.776 [main] DEBUG org.sokybot.pk2.Pk2CryptoUtils - File mall_sub_wnd_left_up.ddj is not encrypted , flags not exists
07:15:17.776 [main] INFO org.soky.sro.pk2.io.Pk2IOTest - Consuming 1748 byte(s) from file mall_sub_wnd_left_up.ddj with size 1748 
07:15:17.776 [main] DEBUG org.sokybot.pk2.Pk2CryptoUtils - File mall_sub_wnd_mid_down.ddj is not encrypted , flags not exists
07:15:17.776 [main] INFO org.soky.sro.pk2.io.Pk2IOTest - Consuming 9748 byte(s) from file mall_sub_wnd_mid_down.ddj with size 9748 
07:15:17.777 [main] DEBUG org.sokybot.pk2.Pk2CryptoUtils - File mall_sub_wnd_mid_up.ddj is not encrypted , flags not exists
07:15:17.777 [main] INFO org.soky.sro.pk2.io.Pk2IOTest - Consuming 9748 byte(s) from file mall_sub_wnd_mid_up.ddj with size 9748 
07:15:17.777 [main] DEBUG org.sokybot.pk2.Pk2CryptoUtils - File mall_sub_wnd_right_down.ddj is not encrypted , flags not exists
07:15:17.777 [main] INFO org.soky.sro.pk2.io.Pk2IOTest - Consuming 1748 byte(s) from file mall_sub_wnd_right_down.ddj with size 1748 
07:15:17.777 [main] DEBUG org.sokybot.pk2.Pk2CryptoUtils - File mall_sub_wnd_right_side.ddj is not encrypted , flags not exists
07:15:17.777 [main] INFO org.soky.sro.pk2.io.Pk2IOTest - Consuming 9748 byte(s) from file mall_sub_wnd_right_side.ddj with size 9748 
07:15:17.778 [main] DEBUG org.sokybot.pk2.Pk2CryptoUtils - File mall_sub_wnd_right_up.ddj is not encrypted , flags not exists
07:15:17.778 [main] INFO org.soky.sro.pk2.io.Pk2IOTest - Consuming 1748 byte(s) from file mall_sub_wnd_right_up.ddj with size 1748 
07:15:17.778 [main] DEBUG org.sokybot.pk2.Pk2CryptoUtils - File mall_wnd_left_down.ddj is not encrypted , flags not exists
07:15:17.778 [main] INFO org.soky.sro.pk2.io.Pk2IOTest - Consuming 7828 byte(s) from file mall_wnd_left_down.ddj with size 7828 
07:15:17.778 [main] DEBUG org.sokybot.pk2.Pk2CryptoUtils - File mall_wnd_left_side.ddj is not encrypted , flags not exists
07:15:17.778 [main] INFO org.soky.sro.pk2.io.Pk2IOTest - Consuming 20628 byte(s) from file mall_wnd_left_side.ddj with size 20628 
07:15:17.779 [main] DEBUG org.sokybot.pk2.Pk2CryptoUtils - File mall_wnd_left_up.ddj is not encrypted , flags not exists
07:15:17.779 [main] INFO org.soky.sro.pk2.io.Pk2IOTest - Consuming 11028 byte(s) from file mall_wnd_left_up.ddj with size 11028 
07:15:17.779 [main] DEBUG org.sokybot.pk2.Pk2CryptoUtils - File mall_wnd_mid_down.ddj is not encrypted , flags not exists
07:15:17.779 [main] INFO org.soky.sro.pk2.io.Pk2IOTest - Consuming 24724 byte(s) from file mall_wnd_mid_down.ddj with size 24724 
07:15:17.779 [main] DEBUG org.sokybot.pk2.Pk2CryptoUtils - File mall_wnd_mid_up.ddj is not encrypted , flags not exists
07:15:17.780 [main] INFO org.soky.sro.pk2.io.Pk2IOTest - Consuming 34964 byte(s) from file mall_wnd_mid_up.ddj with size 34964 
07:15:17.780 [main] DEBUG org.sokybot.pk2.Pk2CryptoUtils - File mall_wnd_right_down.ddj is not encrypted , flags not exists
07:15:17.780 [main] INFO org.soky.sro.pk2.io.Pk2IOTest - Consuming 7828 byte(s) from file mall_wnd_right_down.ddj with size 7828 
07:15:17.781 [main] DEBUG org.sokybot.pk2.Pk2CryptoUtils - File mall_wnd_right_side.ddj is not encrypted , flags not exists
07:15:17.781 [main] INFO org.soky.sro.pk2.io.Pk2IOTest - Consuming 20628 byte(s) from file mall_wnd_right_side.ddj with size 20628 
07:15:17.781 [main] DEBUG org.sokybot.pk2.Pk2CryptoUtils - File mall_wnd_right_up.ddj is not encrypted , flags not exists
07:15:17.781 [main] INFO org.soky.sro.pk2.io.Pk2IOTest - Consuming 11028 byte(s) from file mall_wnd_right_up.ddj with size 11028 
07:15:17.781 [main] DEBUG org.sokybot.pk2.Pk2CryptoUtils - File mall_wnd_wnd_mid_up.ddj is not encrypted , flags not exists
07:15:17.782 [main] INFO org.soky.sro.pk2.io.Pk2IOTest - Consuming 54548 byte(s) from file mall_wnd_wnd_mid_up.ddj with size 54548 
07:15:17.782 [main] DEBUG org.sokybot.pk2.Pk2CryptoUtils - File ub_new_wnd_left_down.ddj is not encrypted , flags not exists
07:15:17.782 [main] INFO org.soky.sro.pk2.io.Pk2IOTest - Consuming 1748 byte(s) from file ub_new_wnd_left_down.ddj with size 1748 
07:15:17.783 [main] DEBUG org.sokybot.pk2.Pk2CryptoUtils - File ub_new_wnd_left_side.ddj is not encrypted , flags not exists
07:15:17.783 [main] INFO org.soky.sro.pk2.io.Pk2IOTest - Consuming 1748 byte(s) from file ub_new_wnd_left_side.ddj with size 1748 
07:15:17.783 [main] DEBUG org.sokybot.pk2.Pk2CryptoUtils - File ub_new_wnd_left_up.ddj is not encrypted , flags not exists
07:15:17.783 [main] INFO org.soky.sro.pk2.io.Pk2IOTest - Consuming 1748 byte(s) from file ub_new_wnd_left_up.ddj with size 1748 
07:15:17.783 [main] DEBUG org.sokybot.pk2.Pk2CryptoUtils - File ub_new_wnd_mid_down.ddj is not encrypted , flags not exists
07:15:17.783 [main] INFO org.soky.sro.pk2.io.Pk2IOTest - Consuming 1748 byte(s) from file ub_new_wnd_mid_down.ddj with size 1748 
07:15:17.783 [main] DEBUG org.sokybot.pk2.Pk2CryptoUtils - File ub_new_wnd_mid_up.ddj is not encrypted , flags not exists
07:15:17.783 [main] INFO org.soky.sro.pk2.io.Pk2IOTest - Consuming 1748 byte(s) from file ub_new_wnd_mid_up.ddj with size 1748 
07:15:17.783 [main] DEBUG org.sokybot.pk2.Pk2CryptoUtils - File ub_new_wnd_right_down.ddj is not encrypted , flags not exists
07:15:17.783 [main] INFO org.soky.sro.pk2.io.Pk2IOTest - Consuming 1748 byte(s) from file ub_new_wnd_right_down.ddj with size 1748 
07:15:17.784 [main] DEBUG org.sokybot.pk2.Pk2CryptoUtils - File ub_new_wnd_right_side.ddj is not encrypted , flags not exists
07:15:17.784 [main] INFO org.soky.sro.pk2.io.Pk2IOTest - Consuming 1748 byte(s) from file ub_new_wnd_right_side.ddj with size 1748 
07:15:17.784 [main] DEBUG org.sokybot.pk2.Pk2CryptoUtils - File ub_new_wnd_right_up.ddj is not encrypted , flags not exists
07:15:17.784 [main] INFO org.soky.sro.pk2.io.Pk2IOTest - Consuming 1748 byte(s) from file ub_new_wnd_right_up.ddj with size 1748 
07:15:17.784 [main] DEBUG org.sokybot.pk2.Pk2CryptoUtils - File ub_pet_wnd_left_down.ddj is not encrypted , flags not exists
07:15:17.784 [main] INFO org.soky.sro.pk2.io.Pk2IOTest - Consuming 724 byte(s) from file ub_pet_wnd_left_down.ddj with size 724 
07:15:17.784 [main] DEBUG org.sokybot.pk2.Pk2CryptoUtils - File ub_pet_wnd_left_side.ddj is not encrypted , flags not exists
07:15:17.784 [main] INFO org.soky.sro.pk2.io.Pk2IOTest - Consuming 724 byte(s) from file ub_pet_wnd_left_side.ddj with size 724 
07:15:17.784 [main] DEBUG org.sokybot.pk2.Pk2CryptoUtils - File ub_pet_wnd_left_up.ddj is not encrypted , flags not exists
07:15:17.784 [main] INFO org.soky.sro.pk2.io.Pk2IOTest - Consuming 724 byte(s) from file ub_pet_wnd_left_up.ddj with size 724 
07:15:17.784 [main] DEBUG org.sokybot.pk2.Pk2CryptoUtils - File ub_pet_wnd_mid_down.ddj is not encrypted , flags not exists
07:15:17.784 [main] INFO org.soky.sro.pk2.io.Pk2IOTest - Consuming 724 byte(s) from file ub_pet_wnd_mid_down.ddj with size 724 
07:15:17.785 [main] DEBUG org.sokybot.pk2.Pk2CryptoUtils - File ub_pet_wnd_mid_up.ddj is not encrypted , flags not exists
07:15:17.785 [main] INFO org.soky.sro.pk2.io.Pk2IOTest - Consuming 724 byte(s) from file ub_pet_wnd_mid_up.ddj with size 724 
07:15:17.785 [main] DEBUG org.sokybot.pk2.Pk2CryptoUtils - File ub_pet_wnd_right_down.ddj is not encrypted , flags not exists
07:15:17.785 [main] INFO org.soky.sro.pk2.io.Pk2IOTest - Consuming 724 byte(s) from file ub_pet_wnd_right_down.ddj with size 724 
07:15:17.785 [main] DEBUG org.sokybot.pk2.Pk2CryptoUtils - File ub_pet_wnd_right_side.ddj is not encrypted , flags not exists
07:15:17.785 [main] INFO org.soky.sro.pk2.io.Pk2IOTest - Consuming 724 byte(s) from file ub_pet_wnd_right_side.ddj with size 724 
07:15:17.785 [main] DEBUG org.sokybot.pk2.Pk2CryptoUtils - File ub_pet_wnd_right_up.ddj is not encrypted , flags not exists
07:15:17.785 [main] INFO org.soky.sro.pk2.io.Pk2IOTest - Consuming 724 byte(s) from file ub_pet_wnd_right_up.ddj with size 724 
07:15:17.785 [main] DEBUG org.sokybot.pk2.Pk2CryptoUtils - File frame_g_action_left_down.ddj is not encrypted , flags not exists
07:15:17.785 [main] INFO org.soky.sro.pk2.io.Pk2IOTest - Consuming 724 byte(s) from file frame_g_action_left_down.ddj with size 724 
07:15:17.785 [main] DEBUG org.sokybot.pk2.Pk2CryptoUtils - File frame_g_action_left_side.ddj is not encrypted , flags not exists
07:15:17.785 [main] INFO org.soky.sro.pk2.io.Pk2IOTest - Consuming 1108 byte(s) from file frame_g_action_left_side.ddj with size 1108 
07:15:17.786 [main] DEBUG org.sokybot.pk2.Pk2CryptoUtils - File frame_g_action_left_up.ddj is not encrypted , flags not exists
07:15:17.786 [main] INFO org.soky.sro.pk2.io.Pk2IOTest - Consuming 724 byte(s) from file frame_g_action_left_up.ddj with size 724 
07:15:17.786 [main] DEBUG org.sokybot.pk2.Pk2CryptoUtils - File frame_g_action_mid_down.ddj is not encrypted , flags not exists
07:15:17.786 [main] INFO org.soky.sro.pk2.io.Pk2IOTest - Consuming 1108 byte(s) from file frame_g_action_mid_down.ddj with size 1108 
07:15:17.786 [main] DEBUG org.sokybot.pk2.Pk2CryptoUtils - File frame_g_action_mid_up.ddj is not encrypted , flags not exists
07:15:17.786 [main] INFO org.soky.sro.pk2.io.Pk2IOTest - Consuming 1108 byte(s) from file frame_g_action_mid_up.ddj with size 1108 
07:15:17.786 [main] DEBUG org.sokybot.pk2.Pk2CryptoUtils - File frame_g_action_right_down.ddj is not encrypted , flags not exists
07:15:17.786 [main] INFO org.soky.sro.pk2.io.Pk2IOTest - Consuming 724 byte(s) from file frame_g_action_right_down.ddj with size 724 
07:15:17.786 [main] DEBUG org.sokybot.pk2.Pk2CryptoUtils - File frame_g_action_right_side.ddj is not encrypted , flags not exists
07:15:17.786 [main] INFO org.soky.sro.pk2.io.Pk2IOTest - Consuming 1108 byte(s) from file frame_g_action_right_side.ddj with size 1108 
07:15:17.787 [main] DEBUG org.sokybot.pk2.Pk2CryptoUtils - File frame_g_action_right_up.ddj is not encrypted , flags not exists
07:15:17.787 [main] INFO org.soky.sro.pk2.io.Pk2IOTest - Consuming 724 byte(s) from file frame_g_action_right_up.ddj with size 724 
07:15:17.787 [main] DEBUG org.sokybot.pk2.Pk2CryptoUtils - File frame_sub_left_down.ddj is not encrypted , flags not exists
07:15:17.787 [main] INFO org.soky.sro.pk2.io.Pk2IOTest - Consuming 2452 byte(s) from file frame_sub_left_down.ddj with size 2452 
07:15:17.787 [main] DEBUG org.sokybot.pk2.Pk2CryptoUtils - File frame_sub_left_side.ddj is not encrypted , flags not exists
07:15:17.787 [main] INFO org.soky.sro.pk2.io.Pk2IOTest - Consuming 2452 byte(s) from file frame_sub_left_side.ddj with size 2452 
07:15:17.787 [main] DEBUG org.sokybot.pk2.Pk2CryptoUtils - File frame_sub_left_up.ddj is not encrypted , flags not exists
07:15:17.787 [main] INFO org.soky.sro.pk2.io.Pk2IOTest - Consuming 2452 byte(s) from file frame_sub_left_up.ddj with size 2452 
07:15:17.787 [main] DEBUG org.sokybot.pk2.Pk2CryptoUtils - File frame_sub_mid_down.ddj is not encrypted , flags not exists
07:15:17.787 [main] INFO org.soky.sro.pk2.io.Pk2IOTest - Consuming 2452 byte(s) from file frame_sub_mid_down.ddj with size 2452 
07:15:17.788 [main] DEBUG org.sokybot.pk2.Pk2CryptoUtils - File frame_sub_mid_up.ddj is not encrypted , flags not exists
07:15:17.788 [main] INFO org.soky.sro.pk2.io.Pk2IOTest - Consuming 2452 byte(s) from file frame_sub_mid_up.ddj with size 2452 
07:15:17.788 [main] DEBUG org.sokybot.pk2.Pk2CryptoUtils - File frame_sub_right_down.ddj is not encrypted , flags not exists
07:15:17.788 [main] INFO org.soky.sro.pk2.io.Pk2IOTest - Consuming 2452 byte(s) from file frame_sub_right_down.ddj with size 2452 
07:15:17.788 [main] DEBUG org.sokybot.pk2.Pk2CryptoUtils - File frame_sub_right_side.ddj is not encrypted , flags not exists
07:15:17.788 [main] INFO org.soky.sro.pk2.io.Pk2IOTest - Consuming 2452 byte(s) from file frame_sub_right_side.ddj with size 2452 
07:15:17.788 [main] DEBUG org.sokybot.pk2.Pk2CryptoUtils - File frame_sub_right_up.ddj is not encrypted , flags not exists
07:15:17.788 [main] INFO org.soky.sro.pk2.io.Pk2IOTest - Consuming 2452 byte(s) from file frame_sub_right_up.ddj with size 2452 
07:15:17.788 [main] DEBUG org.sokybot.pk2.Pk2CryptoUtils - File frame_tooltip_left_down.ddj is not encrypted , flags not exists
07:15:17.789 [main] INFO org.soky.sro.pk2.io.Pk2IOTest - Consuming 404 byte(s) from file frame_tooltip_left_down.ddj with size 404 
07:15:17.789 [main] DEBUG org.sokybot.pk2.Pk2CryptoUtils - File frame_tooltip_left_side.ddj is not encrypted , flags not exists
07:15:17.789 [main] INFO org.soky.sro.pk2.io.Pk2IOTest - Consuming 404 byte(s) from file frame_tooltip_left_side.ddj with size 404 
07:15:17.789 [main] DEBUG org.sokybot.pk2.Pk2CryptoUtils - File frame_tooltip_left_up.ddj is not encrypted , flags not exists
07:15:17.789 [main] INFO org.soky.sro.pk2.io.Pk2IOTest - Consuming 404 byte(s) from file frame_tooltip_left_up.ddj with size 404 
07:15:17.789 [main] DEBUG org.sokybot.pk2.Pk2CryptoUtils - File frame_tooltip_mid_down.ddj is not encrypted , flags not exists
07:15:17.789 [main] INFO org.soky.sro.pk2.io.Pk2IOTest - Consuming 404 byte(s) from file frame_tooltip_mid_down.ddj with size 404 
07:15:17.789 [main] DEBUG org.sokybot.pk2.Pk2CryptoUtils - File frame_tooltip_mid_up.ddj is not encrypted , flags not exists
07:15:17.789 [main] INFO org.soky.sro.pk2.io.Pk2IOTest - Consuming 404 byte(s) from file frame_tooltip_mid_up.ddj with size 404 
07:15:17.789 [main] DEBUG org.sokybot.pk2.Pk2CryptoUtils - File frame_tooltip_right_down.ddj is not encrypted , flags not exists
07:15:17.789 [main] INFO org.soky.sro.pk2.io.Pk2IOTest - Consuming 404 byte(s) from file frame_tooltip_right_down.ddj with size 404 
07:15:17.790 [main] DEBUG org.sokybot.pk2.Pk2CryptoUtils - File frame_tooltip_right_side.ddj is not encrypted , flags not exists
07:15:17.790 [main] INFO org.soky.sro.pk2.io.Pk2IOTest - Consuming 404 byte(s) from file frame_tooltip_right_side.ddj with size 404 
07:15:17.790 [main] DEBUG org.sokybot.pk2.Pk2CryptoUtils - File frame_tooltip_right_up.ddj is not encrypted , flags not exists
07:15:17.790 [main] INFO org.soky.sro.pk2.io.Pk2IOTest - Consuming 404 byte(s) from file frame_tooltip_right_up.ddj with size 404 
07:15:17.790 [main] DEBUG org.sokybot.pk2.Pk2CryptoUtils - File sframe_job_wnd_left_down.ddj is not encrypted , flags not exists
07:15:17.790 [main] INFO org.soky.sro.pk2.io.Pk2IOTest - Consuming 2068 byte(s) from file sframe_job_wnd_left_down.ddj with size 2068 
07:15:17.790 [main] DEBUG org.sokybot.pk2.Pk2CryptoUtils - File sframe_job_wnd_left_side.ddj is not encrypted , flags not exists
07:15:17.790 [main] INFO org.soky.sro.pk2.io.Pk2IOTest - Consuming 2068 byte(s) from file sframe_job_wnd_left_side.ddj with size 2068 
07:15:17.790 [main] DEBUG org.sokybot.pk2.Pk2CryptoUtils - File sframe_job_wnd_left_up.ddj is not encrypted , flags not exists
07:15:17.790 [main] INFO org.soky.sro.pk2.io.Pk2IOTest - Consuming 3348 byte(s) from file sframe_job_wnd_left_up.ddj with size 3348 
07:15:17.791 [main] DEBUG org.sokybot.pk2.Pk2CryptoUtils - File sframe_job_wnd_mid_down.ddj is not encrypted , flags not exists
07:15:17.791 [main] INFO org.soky.sro.pk2.io.Pk2IOTest - Consuming 1300 byte(s) from file sframe_job_wnd_mid_down.ddj with size 1300 
07:15:17.791 [main] DEBUG org.sokybot.pk2.Pk2CryptoUtils - File sframe_job_wnd_mid_up.ddj is not encrypted , flags not exists
07:15:17.791 [main] INFO org.soky.sro.pk2.io.Pk2IOTest - Consuming 2068 byte(s) from file sframe_job_wnd_mid_up.ddj with size 2068 
07:15:17.791 [main] DEBUG org.sokybot.pk2.Pk2CryptoUtils - File sframe_job_wnd_right_down.ddj is not encrypted , flags not exists
07:15:17.791 [main] INFO org.soky.sro.pk2.io.Pk2IOTest - Consuming 2068 byte(s) from file sframe_job_wnd_right_down.ddj with size 2068 
07:15:17.791 [main] DEBUG org.sokybot.pk2.Pk2CryptoUtils - File sframe_job_wnd_right_side.ddj is not encrypted , flags not exists
07:15:17.791 [main] INFO org.soky.sro.pk2.io.Pk2IOTest - Consuming 2068 byte(s) from file sframe_job_wnd_right_side.ddj with size 2068 
07:15:17.791 [main] DEBUG org.sokybot.pk2.Pk2CryptoUtils - File sframe_job_wnd_right_up.ddj is not encrypted , flags not exists
07:15:17.791 [main] INFO org.soky.sro.pk2.io.Pk2IOTest - Consuming 3348 byte(s) from file sframe_job_wnd_right_up.ddj with size 3348 
07:15:17.792 [main] DEBUG org.sokybot.pk2.Pk2CryptoUtils - File area_deco.ddj is not encrypted , flags not exists
07:15:17.797 [main] INFO org.soky.sro.pk2.io.Pk2IOTest - Consuming 294676 byte(s) from file area_deco.ddj with size 294676 
07:15:17.797 [main] DEBUG org.sokybot.pk2.Pk2CryptoUtils - File gacha_roll0000.ddj is not encrypted , flags not exists
07:15:17.798 [main] INFO org.soky.sro.pk2.io.Pk2IOTest - Consuming 59540 byte(s) from file gacha_roll0000.ddj with size 59540 
07:15:17.798 [main] DEBUG org.sokybot.pk2.Pk2CryptoUtils - File gacha_roll_original.ddj is not encrypted , flags not exists
07:15:17.799 [main] INFO org.soky.sro.pk2.io.Pk2IOTest - Consuming 59540 byte(s) from file gacha_roll_original.ddj with size 59540 
07:15:17.799 [main] DEBUG org.sokybot.pk2.Pk2CryptoUtils - File ga_button.ddj is not encrypted , flags not exists
07:15:17.800 [main] INFO org.soky.sro.pk2.io.Pk2IOTest - Consuming 22612 byte(s) from file ga_button.ddj with size 22612 
07:15:17.800 [main] DEBUG org.sokybot.pk2.Pk2CryptoUtils - File ga_deco_gradation.ddj is not encrypted , flags not exists
07:15:17.800 [main] INFO org.soky.sro.pk2.io.Pk2IOTest - Consuming 20500 byte(s) from file ga_deco_gradation.ddj with size 20500 
07:15:17.800 [main] DEBUG org.sokybot.pk2.Pk2CryptoUtils - File ga_deco_left.ddj is not encrypted , flags not exists
07:15:17.801 [main] INFO org.soky.sro.pk2.io.Pk2IOTest - Consuming 1268 byte(s) from file ga_deco_left.ddj with size 1268 
07:15:17.801 [main] DEBUG org.sokybot.pk2.Pk2CryptoUtils - File ga_deco_left_edge.ddj is not encrypted , flags not exists
07:15:17.801 [main] INFO org.soky.sro.pk2.io.Pk2IOTest - Consuming 3668 byte(s) from file ga_deco_left_edge.ddj with size 3668 
07:15:17.801 [main] DEBUG org.sokybot.pk2.Pk2CryptoUtils - File ga_deco_right.ddj is not encrypted , flags not exists
07:15:17.801 [main] INFO org.soky.sro.pk2.io.Pk2IOTest - Consuming 1044 byte(s) from file ga_deco_right.ddj with size 1044 
07:15:17.801 [main] DEBUG org.sokybot.pk2.Pk2CryptoUtils - File ga_deco_right_edge.ddj is not encrypted , flags not exists
07:15:17.801 [main] INFO org.soky.sro.pk2.io.Pk2IOTest - Consuming 3668 byte(s) from file ga_deco_right_edge.ddj with size 3668 
07:15:17.801 [main] DEBUG org.sokybot.pk2.Pk2CryptoUtils - File ga_deco_sprite.ddj is not encrypted , flags not exists
07:15:17.802 [main] INFO org.soky.sro.pk2.io.Pk2IOTest - Consuming 5908 byte(s) from file ga_deco_sprite.ddj with size 5908 
07:15:17.802 [main] DEBUG org.sokybot.pk2.Pk2CryptoUtils - File ga_deco_wave.ddj is not encrypted , flags not exists
07:15:17.804 [main] INFO org.soky.sro.pk2.io.Pk2IOTest - Consuming 140596 byte(s) from file ga_deco_wave.ddj with size 140596 
07:15:17.804 [main] DEBUG org.sokybot.pk2.Pk2CryptoUtils - File ga_effect_09.ddj is not encrypted , flags not exists
07:15:17.805 [main] INFO org.soky.sro.pk2.io.Pk2IOTest - Consuming 55028 byte(s) from file ga_effect_09.ddj with size 55028 
07:15:17.805 [main] DEBUG org.sokybot.pk2.Pk2CryptoUtils - File ga_effect_sucess.ddj is not encrypted , flags not exists
07:15:17.807 [main] INFO org.soky.sro.pk2.io.Pk2IOTest - Consuming 131220 byte(s) from file ga_effect_sucess.ddj with size 131220 
07:15:17.808 [main] DEBUG org.sokybot.pk2.Pk2CryptoUtils - File ga_window.ddj is not encrypted , flags not exists
07:15:17.818 [main] INFO org.soky.sro.pk2.io.Pk2IOTest - Consuming 582228 byte(s) from file ga_window.ddj with size 582228 
07:15:17.818 [main] DEBUG org.sokybot.pk2.Pk2CryptoUtils - File ga_window_composition.ddj is not encrypted , flags not exists
07:15:17.819 [main] INFO org.soky.sro.pk2.io.Pk2IOTest - Consuming 34996 byte(s) from file ga_window_composition.ddj with size 34996 
07:15:17.819 [main] DEBUG org.sokybot.pk2.Pk2CryptoUtils - File fortress_defensive_position.ddj is not encrypted , flags not exists
07:15:17.820 [main] INFO org.soky.sro.pk2.io.Pk2IOTest - Consuming 44948 byte(s) from file fortress_defensive_position.ddj with size 44948 
07:15:17.820 [main] DEBUG org.sokybot.pk2.Pk2CryptoUtils - File fortress_fort_stone.ddj is not encrypted , flags not exists
07:15:17.820 [main] INFO org.soky.sro.pk2.io.Pk2IOTest - Consuming 48532 byte(s) from file fortress_fort_stone.ddj with size 48532 
07:15:17.821 [main] DEBUG org.sokybot.pk2.Pk2CryptoUtils - File fortress_gate.ddj is not encrypted , flags not exists
07:15:17.821 [main] INFO org.soky.sro.pk2.io.Pk2IOTest - Consuming 31124 byte(s) from file fortress_gate.ddj with size 31124 
07:15:17.821 [main] DEBUG org.sokybot.pk2.Pk2CryptoUtils - File fortress_guard_tower.ddj is not encrypted , flags not exists
07:15:17.822 [main] INFO org.soky.sro.pk2.io.Pk2IOTest - Consuming 29332 byte(s) from file fortress_guard_tower.ddj with size 29332 
07:15:17.822 [main] DEBUG org.sokybot.pk2.Pk2CryptoUtils - File fortress_headquarters.ddj is not encrypted , flags not exists
07:15:17.823 [main] INFO org.soky.sro.pk2.io.Pk2IOTest - Consuming 63252 byte(s) from file fortress_headquarters.ddj with size 63252 
07:15:17.823 [main] DEBUG org.sokybot.pk2.Pk2CryptoUtils - File gd_contents.ddj is not encrypted , flags not exists
07:15:17.823 [main] INFO org.soky.sro.pk2.io.Pk2IOTest - Consuming 9332 byte(s) from file gd_contents.ddj with size 9332 
07:15:17.823 [main] DEBUG org.sokybot.pk2.Pk2CryptoUtils - File gd_contents_event.ddj is not encrypted , flags not exists
07:15:17.824 [main] INFO org.soky.sro.pk2.io.Pk2IOTest - Consuming 9332 byte(s) from file gd_contents_event.ddj with size 9332 
07:15:17.824 [main] DEBUG org.sokybot.pk2.Pk2CryptoUtils - File gd_contents_lamp.ddj is not encrypted , flags not exists
07:15:17.824 [main] INFO org.soky.sro.pk2.io.Pk2IOTest - Consuming 404 byte(s) from file gd_contents_lamp.ddj with size 404 
07:15:17.824 [main] DEBUG org.sokybot.pk2.Pk2CryptoUtils - File gd_guide.ddj is not encrypted , flags not exists
07:15:17.825 [main] INFO org.soky.sro.pk2.io.Pk2IOTest - Consuming 59220 byte(s) from file gd_guide.ddj with size 59220 
07:15:17.825 [main] DEBUG org.sokybot.pk2.Pk2CryptoUtils - File gd_index.ddj is not encrypted , flags not exists
07:15:17.825 [main] INFO org.soky.sro.pk2.io.Pk2IOTest - Consuming 9332 byte(s) from file gd_index.ddj with size 9332 
07:15:17.825 [main] DEBUG org.sokybot.pk2.Pk2CryptoUtils - File gd_index_button_close.ddj is not encrypted , flags not exists
07:15:17.825 [main] INFO org.soky.sro.pk2.io.Pk2IOTest - Consuming 1300 byte(s) from file gd_index_button_close.ddj with size 1300 
07:15:17.825 [main] DEBUG org.sokybot.pk2.Pk2CryptoUtils - File gd_index_button_close_focus.ddj is not encrypted , flags not exists
07:15:17.826 [main] INFO org.soky.sro.pk2.io.Pk2IOTest - Consuming 1300 byte(s) from file gd_index_button_close_focus.ddj with size 1300 
07:15:17.826 [main] DEBUG org.sokybot.pk2.Pk2CryptoUtils - File gd_index_button_close_press.ddj is not encrypted , flags not exists
07:15:17.826 [main] INFO org.soky.sro.pk2.io.Pk2IOTest - Consuming 1300 byte(s) from file gd_index_button_close_press.ddj with size 1300 
07:15:17.826 [main] DEBUG org.sokybot.pk2.Pk2CryptoUtils - File gd_index_button_open.ddj is not encrypted , flags not exists
07:15:17.826 [main] INFO org.soky.sro.pk2.io.Pk2IOTest - Consuming 1300 byte(s) from file gd_index_button_open.ddj with size 1300 
07:15:17.826 [main] DEBUG org.sokybot.pk2.Pk2CryptoUtils - File gd_index_button_open_focus.ddj is not encrypted , flags not exists
07:15:17.826 [main] INFO org.soky.sro.pk2.io.Pk2IOTest - Consuming 1300 byte(s) from file gd_index_button_open_focus.ddj with size 1300 
07:15:17.826 [main] DEBUG org.sokybot.pk2.Pk2CryptoUtils - File gd_index_button_open_press.ddj is not encrypted , flags not exists
07:15:17.826 [main] INFO org.soky.sro.pk2.io.Pk2IOTest - Consuming 1300 byte(s) from file gd_index_button_open_press.ddj with size 1300 
07:15:17.826 [main] DEBUG org.sokybot.pk2.Pk2CryptoUtils - File gd_index_close.ddj is not encrypted , flags not exists
07:15:17.827 [main] INFO org.soky.sro.pk2.io.Pk2IOTest - Consuming 9332 byte(s) from file gd_index_close.ddj with size 9332 
07:15:17.827 [main] DEBUG org.sokybot.pk2.Pk2CryptoUtils - File gd_index_close_focus.ddj is not encrypted , flags not exists
07:15:17.827 [main] INFO org.soky.sro.pk2.io.Pk2IOTest - Consuming 9332 byte(s) from file gd_index_close_focus.ddj with size 9332 
07:15:17.827 [main] DEBUG org.sokybot.pk2.Pk2CryptoUtils - File gd_index_close_press.ddj is not encrypted , flags not exists
07:15:17.827 [main] INFO org.soky.sro.pk2.io.Pk2IOTest - Consuming 9332 byte(s) from file gd_index_close_press.ddj with size 9332 
07:15:17.827 [main] DEBUG org.sokybot.pk2.Pk2CryptoUtils - File gd_index_open.ddj is not encrypted , flags not exists
07:15:17.827 [main] INFO org.soky.sro.pk2.io.Pk2IOTest - Consuming 9332 byte(s) from file gd_index_open.ddj with size 9332 
07:15:17.828 [main] DEBUG org.sokybot.pk2.Pk2CryptoUtils - File gd_index_open_focus.ddj is not encrypted , flags not exists
07:15:17.828 [main] INFO org.soky.sro.pk2.io.Pk2IOTest - Consuming 9332 byte(s) from file gd_index_open_focus.ddj with size 9332 
07:15:17.828 [main] DEBUG org.sokybot.pk2.Pk2CryptoUtils - File gd_index_open_press.ddj is not encrypted , flags not exists
07:15:17.828 [main] INFO org.soky.sro.pk2.io.Pk2IOTest - Consuming 9332 byte(s) from file gd_index_open_press.ddj with size 9332 
07:15:17.828 [main] DEBUG org.sokybot.pk2.Pk2CryptoUtils - File gd_paper.ddj is not encrypted , flags not exists
07:15:17.833 [main] INFO org.soky.sro.pk2.io.Pk2IOTest - Consuming 288916 byte(s) from file gd_paper.ddj with size 288916 
07:15:17.833 [main] DEBUG org.sokybot.pk2.Pk2CryptoUtils - File gd_re_close_button.ddj is not encrypted , flags not exists
07:15:17.833 [main] INFO org.soky.sro.pk2.io.Pk2IOTest - Consuming 1304 byte(s) from file gd_re_close_button.ddj with size 1304 
07:15:17.834 [main] DEBUG org.sokybot.pk2.Pk2CryptoUtils - File gd_re_close_button_focus.ddj is not encrypted , flags not exists
07:15:17.834 [main] INFO org.soky.sro.pk2.io.Pk2IOTest - Consuming 1304 byte(s) from file gd_re_close_button_focus.ddj with size 1304 
07:15:17.834 [main] DEBUG org.sokybot.pk2.Pk2CryptoUtils - File gd_re_close_button_press.ddj is not encrypted , flags not exists
07:15:17.834 [main] INFO org.soky.sro.pk2.io.Pk2IOTest - Consuming 1304 byte(s) from file gd_re_close_button_press.ddj with size 1304 
07:15:17.834 [main] DEBUG org.sokybot.pk2.Pk2CryptoUtils - File gd_re_edgepage_button.ddj is not encrypted , flags not exists
07:15:17.834 [main] INFO org.soky.sro.pk2.io.Pk2IOTest - Consuming 3604 byte(s) from file gd_re_edgepage_button.ddj with size 3604 
07:15:17.834 [main] DEBUG org.sokybot.pk2.Pk2CryptoUtils - File gd_re_edgepage_button_focus.ddj is not encrypted , flags not exists
07:15:17.834 [main] INFO org.soky.sro.pk2.io.Pk2IOTest - Consuming 3604 byte(s) from file gd_re_edgepage_button_focus.ddj with size 3604 
07:15:17.834 [main] DEBUG org.sokybot.pk2.Pk2CryptoUtils - File gd_re_edgepage_button_press.ddj is not encrypted , flags not exists
07:15:17.834 [main] INFO org.soky.sro.pk2.io.Pk2IOTest - Consuming 3604 byte(s) from file gd_re_edgepage_button_press.ddj with size 3604 
07:15:17.835 [main] DEBUG org.sokybot.pk2.Pk2CryptoUtils - File gd_re_firstpage_button.ddj is not encrypted , flags not exists
07:15:17.835 [main] INFO org.soky.sro.pk2.io.Pk2IOTest - Consuming 3604 byte(s) from file gd_re_firstpage_button.ddj with size 3604 
07:15:17.835 [main] DEBUG org.sokybot.pk2.Pk2CryptoUtils - File gd_re_firstpage_button_focus.ddj is not encrypted , flags not exists
07:15:17.835 [main] INFO org.soky.sro.pk2.io.Pk2IOTest - Consuming 3604 byte(s) from file gd_re_firstpage_button_focus.ddj with size 3604 
07:15:17.835 [main] DEBUG org.sokybot.pk2.Pk2CryptoUtils - File gd_re_firstpage_button_press.ddj is not encrypted , flags not exists
07:15:17.835 [main] INFO org.soky.sro.pk2.io.Pk2IOTest - Consuming 3604 byte(s) from file gd_re_firstpage_button_press.ddj with size 3604 
07:15:17.835 [main] DEBUG org.sokybot.pk2.Pk2CryptoUtils - File gd_re_leftpage_button.ddj is not encrypted , flags not exists
07:15:17.835 [main] INFO org.soky.sro.pk2.io.Pk2IOTest - Consuming 3604 byte(s) from file gd_re_leftpage_button.ddj with size 3604 
07:15:17.835 [main] DEBUG org.sokybot.pk2.Pk2CryptoUtils - File gd_re_leftpage_button_focus.ddj is not encrypted , flags not exists
07:15:17.835 [main] INFO org.soky.sro.pk2.io.Pk2IOTest - Consuming 3604 byte(s) from file gd_re_leftpage_button_focus.ddj with size 3604 
07:15:17.836 [main] DEBUG org.sokybot.pk2.Pk2CryptoUtils - File gd_re_leftpage_button_press.ddj is not encrypted , flags not exists
07:15:17.836 [main] INFO org.soky.sro.pk2.io.Pk2IOTest - Consuming 3604 byte(s) from file gd_re_leftpage_button_press.ddj with size 3604 
07:15:17.836 [main] DEBUG org.sokybot.pk2.Pk2CryptoUtils - File gd_re_left_button.ddj is not encrypted , flags not exists
07:15:17.836 [main] INFO org.soky.sro.pk2.io.Pk2IOTest - Consuming 6420 byte(s) from file gd_re_left_button.ddj with size 6420 
07:15:17.836 [main] DEBUG org.sokybot.pk2.Pk2CryptoUtils - File gd_re_left_button_focus.ddj is not encrypted , flags not exists
07:15:17.836 [main] INFO org.soky.sro.pk2.io.Pk2IOTest - Consuming 6420 byte(s) from file gd_re_left_button_focus.ddj with size 6420 
07:15:17.836 [main] DEBUG org.sokybot.pk2.Pk2CryptoUtils - File gd_re_left_button_press.ddj is not encrypted , flags not exists
07:15:17.837 [main] INFO org.soky.sro.pk2.io.Pk2IOTest - Consuming 6420 byte(s) from file gd_re_left_button_press.ddj with size 6420 
07:15:17.837 [main] DEBUG org.sokybot.pk2.Pk2CryptoUtils - File gd_re_rightpage_button.ddj is not encrypted , flags not exists
07:15:17.837 [main] INFO org.soky.sro.pk2.io.Pk2IOTest - Consuming 3604 byte(s) from file gd_re_rightpage_button.ddj with size 3604 
07:15:17.837 [main] DEBUG org.sokybot.pk2.Pk2CryptoUtils - File gd_re_rightpage_button_focus.ddj is not encrypted , flags not exists
07:15:17.837 [main] INFO org.soky.sro.pk2.io.Pk2IOTest - Consuming 3604 byte(s) from file gd_re_rightpage_button_focus.ddj with size 3604 
07:15:17.837 [main] DEBUG org.sokybot.pk2.Pk2CryptoUtils - File gd_re_rightpage_button_press.ddj is not encrypted , flags not exists
07:15:17.837 [main] INFO org.soky.sro.pk2.io.Pk2IOTest - Consuming 3604 byte(s) from file gd_re_rightpage_button_press.ddj with size 3604 
07:15:17.837 [main] DEBUG org.sokybot.pk2.Pk2CryptoUtils - File gd_re_right_button.ddj is not encrypted , flags not exists
07:15:17.837 [main] INFO org.soky.sro.pk2.io.Pk2IOTest - Consuming 6420 byte(s) from file gd_re_right_button.ddj with size 6420 
07:15:17.838 [main] DEBUG org.sokybot.pk2.Pk2CryptoUtils - File gd_re_right_button_focus.ddj is not encrypted , flags not exists
07:15:17.838 [main] INFO org.soky.sro.pk2.io.Pk2IOTest - Consuming 6420 byte(s) from file gd_re_right_button_focus.ddj with size 6420 
07:15:17.838 [main] DEBUG org.sokybot.pk2.Pk2CryptoUtils - File gd_re_right_button_press.ddj is not encrypted , flags not exists
07:15:17.838 [main] INFO org.soky.sro.pk2.io.Pk2IOTest - Consuming 6420 byte(s) from file gd_re_right_button_press.ddj with size 6420 
07:15:17.838 [main] DEBUG org.sokybot.pk2.Pk2CryptoUtils - File gd_re_tab.ddj is not encrypted , flags not exists
07:15:17.838 [main] INFO org.soky.sro.pk2.io.Pk2IOTest - Consuming 7764 byte(s) from file gd_re_tab.ddj with size 7764 
07:15:17.838 [main] DEBUG org.sokybot.pk2.Pk2CryptoUtils - File gd_re_window.ddj is not encrypted , flags not exists
07:15:17.862 [main] INFO org.soky.sro.pk2.io.Pk2IOTest - Consuming 1464788 byte(s) from file gd_re_window.ddj with size 1464788 
07:15:17.862 [main] DEBUG org.sokybot.pk2.Pk2CryptoUtils - File gd_scroll_button.ddj is not encrypted , flags not exists
07:15:17.862 [main] INFO org.soky.sro.pk2.io.Pk2IOTest - Consuming 660 byte(s) from file gd_scroll_button.ddj with size 660 
07:15:17.862 [main] DEBUG org.sokybot.pk2.Pk2CryptoUtils - File gd_scroll_button_focus.ddj is not encrypted , flags not exists
07:15:17.862 [main] INFO org.soky.sro.pk2.io.Pk2IOTest - Consuming 660 byte(s) from file gd_scroll_button_focus.ddj with size 660 
07:15:17.863 [main] DEBUG org.sokybot.pk2.Pk2CryptoUtils - File gd_scroll_button_press.ddj is not encrypted , flags not exists
07:15:17.863 [main] INFO org.soky.sro.pk2.io.Pk2IOTest - Consuming 660 byte(s) from file gd_scroll_button_press.ddj with size 660 
07:15:17.863 [main] DEBUG org.sokybot.pk2.Pk2CryptoUtils - File gd_scroll_down.ddj is not encrypted , flags not exists
07:15:17.863 [main] INFO org.soky.sro.pk2.io.Pk2IOTest - Consuming 660 byte(s) from file gd_scroll_down.ddj with size 660 
07:15:17.863 [main] DEBUG org.sokybot.pk2.Pk2CryptoUtils - File gd_scroll_down_focus.ddj is not encrypted , flags not exists
07:15:17.863 [main] INFO org.soky.sro.pk2.io.Pk2IOTest - Consuming 660 byte(s) from file gd_scroll_down_focus.ddj with size 660 
07:15:17.863 [main] DEBUG org.sokybot.pk2.Pk2CryptoUtils - File gd_scroll_down_press.ddj is not encrypted , flags not exists
07:15:17.863 [main] INFO org.soky.sro.pk2.io.Pk2IOTest - Consuming 660 byte(s) from file gd_scroll_down_press.ddj with size 660 
07:15:17.863 [main] DEBUG org.sokybot.pk2.Pk2CryptoUtils - File gd_scroll_line.ddj is not encrypted , flags not exists
07:15:17.864 [main] INFO org.soky.sro.pk2.io.Pk2IOTest - Consuming 7156 byte(s) from file gd_scroll_line.ddj with size 7156 
07:15:17.864 [main] DEBUG org.sokybot.pk2.Pk2CryptoUtils - File gd_scroll_up.ddj is not encrypted , flags not exists
07:15:17.864 [main] INFO org.soky.sro.pk2.io.Pk2IOTest - Consuming 660 byte(s) from file gd_scroll_up.ddj with size 660 
07:15:17.864 [main] DEBUG org.sokybot.pk2.Pk2CryptoUtils - File gd_scroll_up_focus.ddj is not encrypted , flags not exists
07:15:17.864 [main] INFO org.soky.sro.pk2.io.Pk2IOTest - Consuming 660 byte(s) from file gd_scroll_up_focus.ddj with size 660 
07:15:17.864 [main] DEBUG org.sokybot.pk2.Pk2CryptoUtils - File gd_scroll_up_press.ddj is not encrypted , flags not exists
07:15:17.864 [main] INFO org.soky.sro.pk2.io.Pk2IOTest - Consuming 660 byte(s) from file gd_scroll_up_press.ddj with size 660 
07:15:17.864 [main] DEBUG org.sokybot.pk2.Pk2CryptoUtils - File gd_side_tab.ddj is not encrypted , flags not exists
07:15:17.864 [main] INFO org.soky.sro.pk2.io.Pk2IOTest - Consuming 15828 byte(s) from file gd_side_tab.ddj with size 15828 
07:15:17.866 [main] DEBUG org.sokybot.pk2.Pk2CryptoUtils - File gd_start.ddj is not encrypted , flags not exists
07:15:17.866 [main] INFO org.soky.sro.pk2.io.Pk2IOTest - Consuming 52404 byte(s) from file gd_start.ddj with size 52404 
07:15:17.866 [main] DEBUG org.sokybot.pk2.Pk2CryptoUtils - File gd_trade_job.ddj is not encrypted , flags not exists
07:15:17.866 [main] INFO org.soky.sro.pk2.io.Pk2IOTest - Consuming 44532 byte(s) from file gd_trade_job.ddj with size 44532 
07:15:17.866 [main] DEBUG org.sokybot.pk2.Pk2CryptoUtils - File gd_trade_structure.ddj is not encrypted , flags not exists
07:15:17.869 [main] INFO org.soky.sro.pk2.io.Pk2IOTest - Consuming 109940 byte(s) from file gd_trade_structure.ddj with size 109940 
07:15:17.869 [main] DEBUG org.sokybot.pk2.Pk2CryptoUtils - File gd_area_tab_disable.ddj is not encrypted , flags not exists
07:15:17.870 [main] INFO org.soky.sro.pk2.io.Pk2IOTest - Consuming 5524 byte(s) from file gd_area_tab_disable.ddj with size 5524 
07:15:17.870 [main] DEBUG org.sokybot.pk2.Pk2CryptoUtils - File gd_area_tab_off.ddj is not encrypted , flags not exists
07:15:17.870 [main] INFO org.soky.sro.pk2.io.Pk2IOTest - Consuming 5524 byte(s) from file gd_area_tab_off.ddj with size 5524 
07:15:17.870 [main] DEBUG org.sokybot.pk2.Pk2CryptoUtils - File gd_area_tab_on.ddj is not encrypted , flags not exists
07:15:17.870 [main] INFO org.soky.sro.pk2.io.Pk2IOTest - Consuming 5524 byte(s) from file gd_area_tab_on.ddj with size 5524 
07:15:17.870 [main] DEBUG org.sokybot.pk2.Pk2CryptoUtils - File gd_long_contents_event.ddj is not encrypted , flags not exists
07:15:17.871 [main] INFO org.soky.sro.pk2.io.Pk2IOTest - Consuming 27924 byte(s) from file gd_long_contents_event.ddj with size 27924 
07:15:17.871 [main] DEBUG org.sokybot.pk2.Pk2CryptoUtils - File gd_long_index_open.ddj is not encrypted , flags not exists
07:15:17.871 [main] INFO org.soky.sro.pk2.io.Pk2IOTest - Consuming 27924 byte(s) from file gd_long_index_open.ddj with size 27924 
07:15:17.872 [main] DEBUG org.sokybot.pk2.Pk2CryptoUtils - File gd_monster_tab_disable.ddj is not encrypted , flags not exists
07:15:17.872 [main] INFO org.soky.sro.pk2.io.Pk2IOTest - Consuming 5524 byte(s) from file gd_monster_tab_disable.ddj with size 5524 
07:15:17.872 [main] DEBUG org.sokybot.pk2.Pk2CryptoUtils - File gd_monster_tab_off.ddj is not encrypted , flags not exists
07:15:17.872 [main] INFO org.soky.sro.pk2.io.Pk2IOTest - Consuming 5524 byte(s) from file gd_monster_tab_off.ddj with size 5524 
07:15:17.872 [main] DEBUG org.sokybot.pk2.Pk2CryptoUtils - File gd_monster_tab_on.ddj is not encrypted , flags not exists
07:15:17.872 [main] INFO org.soky.sro.pk2.io.Pk2IOTest - Consuming 5524 byte(s) from file gd_monster_tab_on.ddj with size 5524 
07:15:17.872 [main] DEBUG org.sokybot.pk2.Pk2CryptoUtils - File gil_contact_off.ddj is not encrypted , flags not exists
07:15:17.872 [main] INFO org.soky.sro.pk2.io.Pk2IOTest - Consuming 532 byte(s) from file gil_contact_off.ddj with size 532 
07:15:17.872 [main] DEBUG org.sokybot.pk2.Pk2CryptoUtils - File gil_contact_on.ddj is not encrypted , flags not exists
07:15:17.873 [main] INFO org.soky.sro.pk2.io.Pk2IOTest - Consuming 532 byte(s) from file gil_contact_on.ddj with size 532 
07:15:17.873 [main] DEBUG org.sokybot.pk2.Pk2CryptoUtils - File gil_namewindow.ddj is not encrypted , flags not exists
07:15:17.874 [main] INFO org.soky.sro.pk2.io.Pk2IOTest - Consuming 84052 byte(s) from file gil_namewindow.ddj with size 84052 
07:15:17.874 [main] DEBUG org.sokybot.pk2.Pk2CryptoUtils - File gil_point.ddj is not encrypted , flags not exists
07:15:17.874 [main] INFO org.soky.sro.pk2.io.Pk2IOTest - Consuming 2452 byte(s) from file gil_point.ddj with size 2452 
07:15:17.874 [main] DEBUG org.sokybot.pk2.Pk2CryptoUtils - File gil_shape.ddj is not encrypted , flags not exists
07:15:17.874 [main] INFO org.soky.sro.pk2.io.Pk2IOTest - Consuming 916 byte(s) from file gil_shape.ddj with size 916 
07:15:17.875 [main] DEBUG org.sokybot.pk2.Pk2CryptoUtils - File gil_subj_button09.ddj is not encrypted , flags not exists
07:15:17.875 [main] INFO org.soky.sro.pk2.io.Pk2IOTest - Consuming 12820 byte(s) from file gil_subj_button09.ddj with size 12820 
07:15:17.875 [main] DEBUG org.sokybot.pk2.Pk2CryptoUtils - File gil_subj_button09_focus.ddj is not encrypted , flags not exists
07:15:17.875 [main] INFO org.soky.sro.pk2.io.Pk2IOTest - Consuming 12820 byte(s) from file gil_subj_button09_focus.ddj with size 12820 
07:15:17.875 [main] DEBUG org.sokybot.pk2.Pk2CryptoUtils - File gil_subj_button09_press.ddj is not encrypted , flags not exists
07:15:17.876 [main] INFO org.soky.sro.pk2.io.Pk2IOTest - Consuming 12820 byte(s) from file gil_subj_button09_press.ddj with size 12820 
07:15:17.876 [main] DEBUG org.sokybot.pk2.Pk2CryptoUtils - File gil_subj_tab_off.ddj is not encrypted , flags not exists
07:15:17.876 [main] INFO org.soky.sro.pk2.io.Pk2IOTest - Consuming 4404 byte(s) from file gil_subj_tab_off.ddj with size 4404 
07:15:17.876 [main] DEBUG org.sokybot.pk2.Pk2CryptoUtils - File gil_subj_tab_on.ddj is not encrypted , flags not exists
07:15:17.876 [main] INFO org.soky.sro.pk2.io.Pk2IOTest - Consuming 4404 byte(s) from file gil_subj_tab_on.ddj with size 4404 
07:15:17.876 [main] DEBUG org.sokybot.pk2.Pk2CryptoUtils - File gil_subj_tab_on_disable.ddj is not encrypted , flags not exists
07:15:17.876 [main] INFO org.soky.sro.pk2.io.Pk2IOTest - Consuming 4404 byte(s) from file gil_subj_tab_on_disable.ddj with size 4404 
07:15:17.876 [main] DEBUG org.sokybot.pk2.Pk2CryptoUtils - File gil_application_off.ddj is not encrypted , flags not exists
07:15:17.876 [main] INFO org.soky.sro.pk2.io.Pk2IOTest - Consuming 1172 byte(s) from file gil_application_off.ddj with size 1172 
07:15:17.877 [main] DEBUG org.sokybot.pk2.Pk2CryptoUtils - File gil_application_on.ddj is not encrypted , flags not exists
07:15:17.877 [main] INFO org.soky.sro.pk2.io.Pk2IOTest - Consuming 1172 byte(s) from file gil_application_on.ddj with size 1172 
07:15:17.877 [main] DEBUG org.sokybot.pk2.Pk2CryptoUtils - File gil_arena_dragon_team.ddj is not encrypted , flags not exists
07:15:17.877 [main] INFO org.soky.sro.pk2.io.Pk2IOTest - Consuming 7892 byte(s) from file gil_arena_dragon_team.ddj with size 7892 
07:15:17.877 [main] DEBUG org.sokybot.pk2.Pk2CryptoUtils - File gil_arena_tiger_team.ddj is not encrypted , flags not exists
07:15:17.877 [main] INFO org.soky.sro.pk2.io.Pk2IOTest - Consuming 7892 byte(s) from file gil_arena_tiger_team.ddj with size 7892 
07:15:17.877 [main] DEBUG org.sokybot.pk2.Pk2CryptoUtils - File gil_arrow.ddj is not encrypted , flags not exists
07:15:17.878 [main] INFO org.soky.sro.pk2.io.Pk2IOTest - Consuming 6484 byte(s) from file gil_arrow.ddj with size 6484 
07:15:17.878 [main] DEBUG org.sokybot.pk2.Pk2CryptoUtils - File gil_blue_flag.ddj is not encrypted , flags not exists
07:15:17.878 [main] INFO org.soky.sro.pk2.io.Pk2IOTest - Consuming 1428 byte(s) from file gil_blue_flag.ddj with size 1428 
07:15:17.878 [main] DEBUG org.sokybot.pk2.Pk2CryptoUtils - File gil_blue_tiger.ddj is not encrypted , flags not exists
07:15:17.878 [main] INFO org.soky.sro.pk2.io.Pk2IOTest - Consuming 1748 byte(s) from file gil_blue_tiger.ddj with size 1748 
07:15:17.878 [main] DEBUG org.sokybot.pk2.Pk2CryptoUtils - File gil_count.ddj is not encrypted , flags not exists
07:15:17.878 [main] INFO org.soky.sro.pk2.io.Pk2IOTest - Consuming 1300 byte(s) from file gil_count.ddj with size 1300 
07:15:17.878 [main] DEBUG org.sokybot.pk2.Pk2CryptoUtils - File gil_count_0.ddj is not encrypted , flags not exists
07:15:17.878 [main] INFO org.soky.sro.pk2.io.Pk2IOTest - Consuming 2752 byte(s) from file gil_count_0.ddj with size 2752 
07:15:17.878 [main] DEBUG org.sokybot.pk2.Pk2CryptoUtils - File gil_count_9.ddj is not encrypted , flags not exists
07:15:17.878 [main] INFO org.soky.sro.pk2.io.Pk2IOTest - Consuming 2752 byte(s) from file gil_count_9.ddj with size 2752 
07:15:17.879 [main] DEBUG org.sokybot.pk2.Pk2CryptoUtils - File gil_cut_tab_off.ddj is not encrypted , flags not exists
07:15:17.879 [main] INFO org.soky.sro.pk2.io.Pk2IOTest - Consuming 7060 byte(s) from file gil_cut_tab_off.ddj with size 7060 
07:15:17.879 [main] DEBUG org.sokybot.pk2.Pk2CryptoUtils - File gil_cut_tab_on.ddj is not encrypted , flags not exists
07:15:17.879 [main] INFO org.soky.sro.pk2.io.Pk2IOTest - Consuming 7060 byte(s) from file gil_cut_tab_on.ddj with size 7060 
07:15:17.879 [main] DEBUG org.sokybot.pk2.Pk2CryptoUtils - File gil_draw.ddj is not encrypted , flags not exists
07:15:17.880 [main] INFO org.soky.sro.pk2.io.Pk2IOTest - Consuming 29108 byte(s) from file gil_draw.ddj with size 29108 
07:15:17.880 [main] DEBUG org.sokybot.pk2.Pk2CryptoUtils - File gil_friend_tab_off.ddj is not encrypted , flags not exists
07:15:17.880 [main] INFO org.soky.sro.pk2.io.Pk2IOTest - Consuming 7060 byte(s) from file gil_friend_tab_off.ddj with size 7060 
07:15:17.880 [main] DEBUG org.sokybot.pk2.Pk2CryptoUtils - File gil_friend_tab_on.ddj is not encrypted , flags not exists
07:15:17.880 [main] INFO org.soky.sro.pk2.io.Pk2IOTest - Consuming 7060 byte(s) from file gil_friend_tab_on.ddj with size 7060 
07:15:17.880 [main] DEBUG org.sokybot.pk2.Pk2CryptoUtils - File gil_honor_medals.ddj is not encrypted , flags not exists
07:15:17.881 [main] INFO org.soky.sro.pk2.io.Pk2IOTest - Consuming 4244 byte(s) from file gil_honor_medals.ddj with size 4244 
07:15:17.881 [main] DEBUG org.sokybot.pk2.Pk2CryptoUtils - File gil_hostility_sub_tab_off.ddj is not encrypted , flags not exists
07:15:17.881 [main] INFO org.soky.sro.pk2.io.Pk2IOTest - Consuming 8660 byte(s) from file gil_hostility_sub_tab_off.ddj with size 8660 
07:15:17.881 [main] DEBUG org.sokybot.pk2.Pk2CryptoUtils - File gil_hostility_sub_tab_on.ddj is not encrypted , flags not exists
07:15:17.881 [main] INFO org.soky.sro.pk2.io.Pk2IOTest - Consuming 8660 byte(s) from file gil_hostility_sub_tab_on.ddj with size 8660 
07:15:17.882 [main] DEBUG org.sokybot.pk2.Pk2CryptoUtils - File gil_info_tab_off.ddj is not encrypted , flags not exists
07:15:17.882 [main] INFO org.soky.sro.pk2.io.Pk2IOTest - Consuming 7060 byte(s) from file gil_info_tab_off.ddj with size 7060 
07:15:17.882 [main] DEBUG org.sokybot.pk2.Pk2CryptoUtils - File gil_info_tab_on.ddj is not encrypted , flags not exists
07:15:17.882 [main] INFO org.soky.sro.pk2.io.Pk2IOTest - Consuming 7060 byte(s) from file gil_info_tab_on.ddj with size 7060 
07:15:17.882 [main] DEBUG org.sokybot.pk2.Pk2CryptoUtils - File gil_left_arrow.ddj is not encrypted , flags not exists
07:15:17.882 [main] INFO org.soky.sro.pk2.io.Pk2IOTest - Consuming 4628 byte(s) from file gil_left_arrow.ddj with size 4628 
07:15:17.882 [main] DEBUG org.sokybot.pk2.Pk2CryptoUtils - File gil_left_arrow_focus.ddj is not encrypted , flags not exists
07:15:17.883 [main] INFO org.soky.sro.pk2.io.Pk2IOTest - Consuming 4628 byte(s) from file gil_left_arrow_focus.ddj with size 4628 
07:15:17.883 [main] DEBUG org.sokybot.pk2.Pk2CryptoUtils - File gil_left_arrow_press.ddj is not encrypted , flags not exists
07:15:17.883 [main] INFO org.soky.sro.pk2.io.Pk2IOTest - Consuming 4628 byte(s) from file gil_left_arrow_press.ddj with size 4628 
07:15:17.883 [main] DEBUG org.sokybot.pk2.Pk2CryptoUtils - File gil_list_frame.ddj is not encrypted , flags not exists
07:15:17.885 [main] INFO org.soky.sro.pk2.io.Pk2IOTest - Consuming 137236 byte(s) from file gil_list_frame.ddj with size 137236 
07:15:17.886 [main] DEBUG org.sokybot.pk2.Pk2CryptoUtils - File gil_lose.ddj is not encrypted , flags not exists
07:15:17.886 [main] INFO org.soky.sro.pk2.io.Pk2IOTest - Consuming 27152 byte(s) from file gil_lose.ddj with size 27152 
07:15:17.886 [main] DEBUG org.sokybot.pk2.Pk2CryptoUtils - File gil_note_tab_off.ddj is not encrypted , flags not exists
07:15:17.886 [main] INFO org.soky.sro.pk2.io.Pk2IOTest - Consuming 7060 byte(s) from file gil_note_tab_off.ddj with size 7060 
07:15:17.886 [main] DEBUG org.sokybot.pk2.Pk2CryptoUtils - File gil_note_tab_on.ddj is not encrypted , flags not exists
07:15:17.887 [main] INFO org.soky.sro.pk2.io.Pk2IOTest - Consuming 7060 byte(s) from file gil_note_tab_on.ddj with size 7060 
07:15:17.887 [main] DEBUG org.sokybot.pk2.Pk2CryptoUtils - File gil_red_dregon.ddj is not encrypted , flags not exists
07:15:17.887 [main] INFO org.soky.sro.pk2.io.Pk2IOTest - Consuming 1748 byte(s) from file gil_red_dregon.ddj with size 1748 
07:15:17.887 [main] DEBUG org.sokybot.pk2.Pk2CryptoUtils - File gil_red_flag.ddj is not encrypted , flags not exists
07:15:17.887 [main] INFO org.soky.sro.pk2.io.Pk2IOTest - Consuming 1428 byte(s) from file gil_red_flag.ddj with size 1428 
07:15:17.887 [main] DEBUG org.sokybot.pk2.Pk2CryptoUtils - File gil_relationship_tab_off.ddj is not encrypted , flags not exists
07:15:17.887 [main] INFO org.soky.sro.pk2.io.Pk2IOTest - Consuming 7060 byte(s) from file gil_relationship_tab_off.ddj with size 7060 
07:15:17.887 [main] DEBUG org.sokybot.pk2.Pk2CryptoUtils - File gil_relationship_tab_on.ddj is not encrypted , flags not exists
07:15:17.887 [main] INFO org.soky.sro.pk2.io.Pk2IOTest - Consuming 7060 byte(s) from file gil_relationship_tab_on.ddj with size 7060 
07:15:17.888 [main] DEBUG org.sokybot.pk2.Pk2CryptoUtils - File gil_right_arrow.ddj is not encrypted , flags not exists
07:15:17.888 [main] INFO org.soky.sro.pk2.io.Pk2IOTest - Consuming 4628 byte(s) from file gil_right_arrow.ddj with size 4628 
07:15:17.888 [main] DEBUG org.sokybot.pk2.Pk2CryptoUtils - File gil_right_arrow_focus.ddj is not encrypted , flags not exists
07:15:17.888 [main] INFO org.soky.sro.pk2.io.Pk2IOTest - Consuming 4628 byte(s) from file gil_right_arrow_focus.ddj with size 4628 
07:15:17.888 [main] DEBUG org.sokybot.pk2.Pk2CryptoUtils - File gil_right_arrow_press.ddj is not encrypted , flags not exists
07:15:17.888 [main] INFO org.soky.sro.pk2.io.Pk2IOTest - Consuming 4628 byte(s) from file gil_right_arrow_press.ddj with size 4628 
07:15:17.888 [main] DEBUG org.sokybot.pk2.Pk2CryptoUtils - File gil_small_count.ddj is not encrypted , flags not exists
07:15:17.888 [main] INFO org.soky.sro.pk2.io.Pk2IOTest - Consuming 1300 byte(s) from file gil_small_count.ddj with size 1300 
07:15:17.889 [main] DEBUG org.sokybot.pk2.Pk2CryptoUtils - File gil_small_count_0.ddj is not encrypted , flags not exists
07:15:17.889 [main] INFO org.soky.sro.pk2.io.Pk2IOTest - Consuming 1300 byte(s) from file gil_small_count_0.ddj with size 1300 
07:15:17.889 [main] DEBUG org.sokybot.pk2.Pk2CryptoUtils - File gil_small_count_9.ddj is not encrypted , flags not exists
07:15:17.889 [main] INFO org.soky.sro.pk2.io.Pk2IOTest - Consuming 1300 byte(s) from file gil_small_count_9.ddj with size 1300 
07:15:17.889 [main] DEBUG org.sokybot.pk2.Pk2CryptoUtils - File gil_sysbutton_comunity.ddj is not encrypted , flags not exists
07:15:17.889 [main] INFO org.soky.sro.pk2.io.Pk2IOTest - Consuming 3284 byte(s) from file gil_sysbutton_comunity.ddj with size 3284 
07:15:17.889 [main] DEBUG org.sokybot.pk2.Pk2CryptoUtils - File gil_sysbutton_comunity_focus.ddj is not encrypted , flags not exists
07:15:17.889 [main] INFO org.soky.sro.pk2.io.Pk2IOTest - Consuming 3284 byte(s) from file gil_sysbutton_comunity_focus.ddj with size 3284 
07:15:17.890 [main] DEBUG org.sokybot.pk2.Pk2CryptoUtils - File gil_sysbutton_comunity_press.ddj is not encrypted , flags not exists
07:15:17.890 [main] INFO org.soky.sro.pk2.io.Pk2IOTest - Consuming 3284 byte(s) from file gil_sysbutton_comunity_press.ddj with size 3284 
07:15:17.890 [main] DEBUG org.sokybot.pk2.Pk2CryptoUtils - File gil_sysbutton_guild.ddj is not encrypted , flags not exists
07:15:17.890 [main] INFO org.soky.sro.pk2.io.Pk2IOTest - Consuming 3284 byte(s) from file gil_sysbutton_guild.ddj with size 3284 
07:15:17.890 [main] DEBUG org.sokybot.pk2.Pk2CryptoUtils - File gil_sysbutton_guild_focus.ddj is not encrypted , flags not exists
07:15:17.890 [main] INFO org.soky.sro.pk2.io.Pk2IOTest - Consuming 3284 byte(s) from file gil_sysbutton_guild_focus.ddj with size 3284 
07:15:17.890 [main] DEBUG org.sokybot.pk2.Pk2CryptoUtils - File gil_sysbutton_guild_press.ddj is not encrypted , flags not exists
07:15:17.891 [main] INFO org.soky.sro.pk2.io.Pk2IOTest - Consuming 3284 byte(s) from file gil_sysbutton_guild_press.ddj with size 3284 
07:15:17.891 [main] DEBUG org.sokybot.pk2.Pk2CryptoUtils - File gil_totality_sub_tab_off.ddj is not encrypted , flags not exists
07:15:17.891 [main] INFO org.soky.sro.pk2.io.Pk2IOTest - Consuming 8660 byte(s) from file gil_totality_sub_tab_off.ddj with size 8660 
07:15:17.891 [main] DEBUG org.sokybot.pk2.Pk2CryptoUtils - File gil_totality_sub_tab_on.ddj is not encrypted , flags not exists
07:15:17.891 [main] INFO org.soky.sro.pk2.io.Pk2IOTest - Consuming 8660 byte(s) from file gil_totality_sub_tab_on.ddj with size 8660 
07:15:17.891 [main] DEBUG org.sokybot.pk2.Pk2CryptoUtils - File gil_union_sub_tab_off.ddj is not encrypted , flags not exists
07:15:17.892 [main] INFO org.soky.sro.pk2.io.Pk2IOTest - Consuming 8660 byte(s) from file gil_union_sub_tab_off.ddj with size 8660 
07:15:17.892 [main] DEBUG org.sokybot.pk2.Pk2CryptoUtils - File gil_union_sub_tab_on.ddj is not encrypted , flags not exists
07:15:17.892 [main] INFO org.soky.sro.pk2.io.Pk2IOTest - Consuming 8660 byte(s) from file gil_union_sub_tab_on.ddj with size 8660 
07:15:17.892 [main] DEBUG org.sokybot.pk2.Pk2CryptoUtils - File gil_war_sub_tab_off.ddj is not encrypted , flags not exists
07:15:17.892 [main] INFO org.soky.sro.pk2.io.Pk2IOTest - Consuming 8660 byte(s) from file gil_war_sub_tab_off.ddj with size 8660 
07:15:17.892 [main] DEBUG org.sokybot.pk2.Pk2CryptoUtils - File gil_war_sub_tab_on.ddj is not encrypted , flags not exists
07:15:17.893 [main] INFO org.soky.sro.pk2.io.Pk2IOTest - Consuming 8660 byte(s) from file gil_war_sub_tab_on.ddj with size 8660 
07:15:17.893 [main] DEBUG org.sokybot.pk2.Pk2CryptoUtils - File gil_war_tab_off.ddj is not encrypted , flags not exists
07:15:17.893 [main] INFO org.soky.sro.pk2.io.Pk2IOTest - Consuming 7060 byte(s) from file gil_war_tab_off.ddj with size 7060 
07:15:17.893 [main] DEBUG org.sokybot.pk2.Pk2CryptoUtils - File gil_war_tab_on.ddj is not encrypted , flags not exists
07:15:17.893 [main] INFO org.soky.sro.pk2.io.Pk2IOTest - Consuming 7060 byte(s) from file gil_war_tab_on.ddj with size 7060 
07:15:17.893 [main] DEBUG org.sokybot.pk2.Pk2CryptoUtils - File gil_whisper_sub_tab_off.ddj is not encrypted , flags not exists
07:15:17.894 [main] INFO org.soky.sro.pk2.io.Pk2IOTest - Consuming 8660 byte(s) from file gil_whisper_sub_tab_off.ddj with size 8660 
07:15:17.894 [main] DEBUG org.sokybot.pk2.Pk2CryptoUtils - File gil_whisper_sub_tab_on.ddj is not encrypted , flags not exists
07:15:17.894 [main] INFO org.soky.sro.pk2.io.Pk2IOTest - Consuming 8660 byte(s) from file gil_whisper_sub_tab_on.ddj with size 8660 
07:15:17.894 [main] DEBUG org.sokybot.pk2.Pk2CryptoUtils - File gil_win.ddj is not encrypted , flags not exists
07:15:17.894 [main] INFO org.soky.sro.pk2.io.Pk2IOTest - Consuming 20468 byte(s) from file gil_win.ddj with size 20468 
07:15:17.895 [main] DEBUG org.sokybot.pk2.Pk2CryptoUtils - File gil_block_sub_tab_off.ddj is not encrypted , flags not exists
07:15:17.895 [main] INFO org.soky.sro.pk2.io.Pk2IOTest - Consuming 8660 byte(s) from file gil_block_sub_tab_off.ddj with size 8660 
07:15:17.895 [main] DEBUG org.sokybot.pk2.Pk2CryptoUtils - File gil_block_sub_tab_on.ddj is not encrypted , flags not exists
07:15:17.895 [main] INFO org.soky.sro.pk2.io.Pk2IOTest - Consuming 8660 byte(s) from file gil_block_sub_tab_on.ddj with size 8660 
07:15:17.895 [main] DEBUG org.sokybot.pk2.Pk2CryptoUtils - File gil_exchange_sub_tab_off.ddj is not encrypted , flags not exists
07:15:17.895 [main] INFO org.soky.sro.pk2.io.Pk2IOTest - Consuming 8660 byte(s) from file gil_exchange_sub_tab_off.ddj with size 8660 
07:15:17.895 [main] DEBUG org.sokybot.pk2.Pk2CryptoUtils - File gil_exchange_sub_tab_on.ddj is not encrypted , flags not exists
07:15:17.896 [main] INFO org.soky.sro.pk2.io.Pk2IOTest - Consuming 8660 byte(s) from file gil_exchange_sub_tab_on.ddj with size 8660 
07:15:17.896 [main] DEBUG org.sokybot.pk2.Pk2CryptoUtils - File gil_friend_grop_close.ddj is not encrypted , flags not exists
07:15:17.896 [main] INFO org.soky.sro.pk2.io.Pk2IOTest - Consuming 1172 byte(s) from file gil_friend_grop_close.ddj with size 1172 
07:15:17.896 [main] DEBUG org.sokybot.pk2.Pk2CryptoUtils - File gil_friend_grop_close_disable.ddj is not encrypted , flags not exists
07:15:17.896 [main] INFO org.soky.sro.pk2.io.Pk2IOTest - Consuming 1172 byte(s) from file gil_friend_grop_close_disable.ddj with size 1172 
07:15:17.896 [main] DEBUG org.sokybot.pk2.Pk2CryptoUtils - File gil_friend_grop_close_focus.ddj is not encrypted , flags not exists
07:15:17.896 [main] INFO org.soky.sro.pk2.io.Pk2IOTest - Consuming 1172 byte(s) from file gil_friend_grop_close_focus.ddj with size 1172 
07:15:17.897 [main] DEBUG org.sokybot.pk2.Pk2CryptoUtils - File gil_friend_grop_close_press.ddj is not encrypted , flags not exists
07:15:17.897 [main] INFO org.soky.sro.pk2.io.Pk2IOTest - Consuming 1172 byte(s) from file gil_friend_grop_close_press.ddj with size 1172 
07:15:17.897 [main] DEBUG org.sokybot.pk2.Pk2CryptoUtils - File gil_friend_grop_open.ddj is not encrypted , flags not exists
07:15:17.897 [main] INFO org.soky.sro.pk2.io.Pk2IOTest - Consuming 1172 byte(s) from file gil_friend_grop_open.ddj with size 1172 
07:15:17.897 [main] DEBUG org.sokybot.pk2.Pk2CryptoUtils - File gil_friend_grop_open_disable.ddj is not encrypted , flags not exists
07:15:17.897 [main] INFO org.soky.sro.pk2.io.Pk2IOTest - Consuming 1172 byte(s) from file gil_friend_grop_open_disable.ddj with size 1172 
07:15:17.897 [main] DEBUG org.sokybot.pk2.Pk2CryptoUtils - File gil_friend_grop_open_focus.ddj is not encrypted , flags not exists
07:15:17.897 [main] INFO org.soky.sro.pk2.io.Pk2IOTest - Consuming 1172 byte(s) from file gil_friend_grop_open_focus.ddj with size 1172 
07:15:17.897 [main] DEBUG org.sokybot.pk2.Pk2CryptoUtils - File gil_friend_grop_open_press.ddj is not encrypted , flags not exists
07:15:17.897 [main] INFO org.soky.sro.pk2.io.Pk2IOTest - Consuming 1172 byte(s) from file gil_friend_grop_open_press.ddj with size 1172 
07:15:17.897 [main] DEBUG org.sokybot.pk2.Pk2CryptoUtils - File gil_friend_sub_tab_off.ddj is not encrypted , flags not exists
07:15:17.898 [main] INFO org.soky.sro.pk2.io.Pk2IOTest - Consuming 8660 byte(s) from file gil_friend_sub_tab_off.ddj with size 8660 
07:15:17.898 [main] DEBUG org.sokybot.pk2.Pk2CryptoUtils - File gil_friend_sub_tab_on.ddj is not encrypted , flags not exists
07:15:17.898 [main] INFO org.soky.sro.pk2.io.Pk2IOTest - Consuming 8660 byte(s) from file gil_friend_sub_tab_on.ddj with size 8660 
07:15:17.898 [main] DEBUG org.sokybot.pk2.Pk2CryptoUtils - File gil_guild_sub_tab_off.ddj is not encrypted , flags not exists
07:15:17.898 [main] INFO org.soky.sro.pk2.io.Pk2IOTest - Consuming 8660 byte(s) from file gil_guild_sub_tab_off.ddj with size 8660 
07:15:17.898 [main] DEBUG org.sokybot.pk2.Pk2CryptoUtils - File gil_guild_sub_tab_on.ddj is not encrypted , flags not exists
07:15:17.899 [main] INFO org.soky.sro.pk2.io.Pk2IOTest - Consuming 8660 byte(s) from file gil_guild_sub_tab_on.ddj with size 8660 
07:15:17.899 [main] DEBUG org.sokybot.pk2.Pk2CryptoUtils - File gil_list_lvup.ddj is not encrypted , flags not exists
07:15:17.899 [main] INFO org.soky.sro.pk2.io.Pk2IOTest - Consuming 724 byte(s) from file gil_list_lvup.ddj with size 724 
07:15:17.899 [main] DEBUG org.sokybot.pk2.Pk2CryptoUtils - File gil_partyt_tab_off.ddj is not encrypted , flags not exists
07:15:17.899 [main] INFO org.soky.sro.pk2.io.Pk2IOTest - Consuming 8660 byte(s) from file gil_partyt_tab_off.ddj with size 8660 
07:15:17.899 [main] DEBUG org.sokybot.pk2.Pk2CryptoUtils - File gil_partyt_tab_on.ddj is not encrypted , flags not exists
07:15:17.899 [main] INFO org.soky.sro.pk2.io.Pk2IOTest - Consuming 8660 byte(s) from file gil_partyt_tab_on.ddj with size 8660 
07:15:17.900 [main] DEBUG org.sokybot.pk2.Pk2CryptoUtils - File blocking.ddj is not encrypted , flags not exists
07:15:17.900 [main] INFO org.soky.sro.pk2.io.Pk2IOTest - Consuming 16788 byte(s) from file blocking.ddj with size 16788 
07:15:17.900 [main] DEBUG org.sokybot.pk2.Pk2CryptoUtils - File blocking_enemy.ddj is not encrypted , flags not exists
07:15:17.900 [main] INFO org.soky.sro.pk2.io.Pk2IOTest - Consuming 16788 byte(s) from file blocking_enemy.ddj with size 16788 
07:15:17.901 [main] DEBUG org.sokybot.pk2.Pk2CryptoUtils - File blocking_player.ddj is not encrypted , flags not exists
07:15:17.901 [main] INFO org.soky.sro.pk2.io.Pk2IOTest - Consuming 16788 byte(s) from file blocking_player.ddj with size 16788 
07:15:17.901 [main] DEBUG org.sokybot.pk2.Pk2CryptoUtils - File blocking_shadow.ddj is not encrypted , flags not exists
07:15:17.901 [main] INFO org.soky.sro.pk2.io.Pk2IOTest - Consuming 16788 byte(s) from file blocking_shadow.ddj with size 16788 
07:15:17.901 [main] DEBUG org.sokybot.pk2.Pk2CryptoUtils - File critical.ddj is not encrypted , flags not exists
07:15:17.902 [main] INFO org.soky.sro.pk2.io.Pk2IOTest - Consuming 9364 byte(s) from file critical.ddj with size 9364 
07:15:17.902 [main] DEBUG org.sokybot.pk2.Pk2CryptoUtils - File critical_enemy.ddj is not encrypted , flags not exists
07:15:17.902 [main] INFO org.soky.sro.pk2.io.Pk2IOTest - Consuming 9364 byte(s) from file critical_enemy.ddj with size 9364 
07:15:17.902 [main] DEBUG org.sokybot.pk2.Pk2CryptoUtils - File critical_player.ddj is not encrypted , flags not exists
07:15:17.902 [main] INFO org.soky.sro.pk2.io.Pk2IOTest - Consuming 9364 byte(s) from file critical_player.ddj with size 9364 
07:15:17.902 [main] DEBUG org.sokybot.pk2.Pk2CryptoUtils - File critical_shadow.ddj is not encrypted , flags not exists
07:15:17.903 [main] INFO org.soky.sro.pk2.io.Pk2IOTest - Consuming 9364 byte(s) from file critical_shadow.ddj with size 9364 
07:15:17.903 [main] DEBUG org.sokybot.pk2.Pk2CryptoUtils - File hitcount_0.ddj is not encrypted , flags not exists
07:15:17.903 [main] INFO org.soky.sro.pk2.io.Pk2IOTest - Consuming 8788 byte(s) from file hitcount_0.ddj with size 8788 
07:15:17.903 [main] DEBUG org.sokybot.pk2.Pk2CryptoUtils - File hitcount_0_shadow.ddj is not encrypted , flags not exists
07:15:17.903 [main] INFO org.soky.sro.pk2.io.Pk2IOTest - Consuming 8788 byte(s) from file hitcount_0_shadow.ddj with size 8788 
07:15:17.903 [main] DEBUG org.sokybot.pk2.Pk2CryptoUtils - File hitcount_9.ddj is not encrypted , flags not exists
07:15:17.903 [main] INFO org.soky.sro.pk2.io.Pk2IOTest - Consuming 8788 byte(s) from file hitcount_9.ddj with size 8788 
07:15:17.904 [main] DEBUG org.sokybot.pk2.Pk2CryptoUtils - File hitcount_9_shadow.ddj is not encrypted , flags not exists
07:15:17.904 [main] INFO org.soky.sro.pk2.io.Pk2IOTest - Consuming 8788 byte(s) from file hitcount_9_shadow.ddj with size 8788 
07:15:17.904 [main] DEBUG org.sokybot.pk2.Pk2CryptoUtils - File hitcount_enemy_0.ddj is not encrypted , flags not exists
07:15:17.904 [main] INFO org.soky.sro.pk2.io.Pk2IOTest - Consuming 8788 byte(s) from file hitcount_enemy_0.ddj with size 8788 
07:15:17.904 [main] DEBUG org.sokybot.pk2.Pk2CryptoUtils - File hitcount_enemy_9.ddj is not encrypted , flags not exists
07:15:17.905 [main] INFO org.soky.sro.pk2.io.Pk2IOTest - Consuming 8788 byte(s) from file hitcount_enemy_9.ddj with size 8788 
07:15:17.905 [main] DEBUG org.sokybot.pk2.Pk2CryptoUtils - File hitcount_player_0.ddj is not encrypted , flags not exists
07:15:17.905 [main] INFO org.soky.sro.pk2.io.Pk2IOTest - Consuming 8788 byte(s) from file hitcount_player_0.ddj with size 8788 
07:15:17.905 [main] DEBUG org.sokybot.pk2.Pk2CryptoUtils - File hitcount_player_9.ddj is not encrypted , flags not exists
07:15:17.905 [main] INFO org.soky.sro.pk2.io.Pk2IOTest - Consuming 8788 byte(s) from file hitcount_player_9.ddj with size 8788 
07:15:17.905 [main] DEBUG org.sokybot.pk2.Pk2CryptoUtils - File miss_enemy.ddj is not encrypted , flags not exists
07:15:17.906 [main] INFO org.soky.sro.pk2.io.Pk2IOTest - Consuming 6868 byte(s) from file miss_enemy.ddj with size 6868 
07:15:17.906 [main] DEBUG org.sokybot.pk2.Pk2CryptoUtils - File miss_player.ddj is not encrypted , flags not exists
07:15:17.906 [main] INFO org.soky.sro.pk2.io.Pk2IOTest - Consuming 6868 byte(s) from file miss_player.ddj with size 6868 
07:15:17.906 [main] DEBUG org.sokybot.pk2.Pk2CryptoUtils - File resist.ddj is not encrypted , flags not exists
07:15:17.908 [main] INFO org.soky.sro.pk2.io.Pk2IOTest - Consuming 112148 byte(s) from file resist.ddj with size 112148 
07:15:17.908 [main] DEBUG org.sokybot.pk2.Pk2CryptoUtils - File resist_shadow.ddj is not encrypted , flags not exists
07:15:17.910 [main] INFO org.soky.sro.pk2.io.Pk2IOTest - Consuming 112148 byte(s) from file resist_shadow.ddj with size 112148 
07:15:17.910 [main] DEBUG org.sokybot.pk2.Pk2CryptoUtils - File casting_gage_health.ddj is not encrypted , flags not exists
07:15:17.910 [main] INFO org.soky.sro.pk2.io.Pk2IOTest - Consuming 724 byte(s) from file casting_gage_health.ddj with size 724 
07:15:17.910 [main] DEBUG org.sokybot.pk2.Pk2CryptoUtils - File casting_gage_skill.ddj is not encrypted , flags not exists
07:15:17.910 [main] INFO org.soky.sro.pk2.io.Pk2IOTest - Consuming 724 byte(s) from file casting_gage_skill.ddj with size 724 
07:15:17.911 [main] DEBUG org.sokybot.pk2.Pk2CryptoUtils - File com_blacksquare_left_down.ddj is not encrypted , flags not exists
07:15:17.911 [main] INFO org.soky.sro.pk2.io.Pk2IOTest - Consuming 180 byte(s) from file com_blacksquare_left_down.ddj with size 180 
07:15:17.911 [main] DEBUG org.sokybot.pk2.Pk2CryptoUtils - File com_blacksquare_left_side.ddj is not encrypted , flags not exists
07:15:17.911 [main] INFO org.soky.sro.pk2.io.Pk2IOTest - Consuming 180 byte(s) from file com_blacksquare_left_side.ddj with size 180 
07:15:17.911 [main] DEBUG org.sokybot.pk2.Pk2CryptoUtils - File com_blacksquare_left_up.ddj is not encrypted , flags not exists
07:15:17.911 [main] INFO org.soky.sro.pk2.io.Pk2IOTest - Consuming 180 byte(s) from file com_blacksquare_left_up.ddj with size 180 
07:15:17.911 [main] DEBUG org.sokybot.pk2.Pk2CryptoUtils - File com_blacksquare_right_down.ddj is not encrypted , flags not exists
07:15:17.911 [main] INFO org.soky.sro.pk2.io.Pk2IOTest - Consuming 180 byte(s) from file com_blacksquare_right_down.ddj with size 180 
07:15:17.911 [main] DEBUG org.sokybot.pk2.Pk2CryptoUtils - File com_blacksquare_right_side.ddj is not encrypted , flags not exists
07:15:17.911 [main] INFO org.soky.sro.pk2.io.Pk2IOTest - Consuming 180 byte(s) from file com_blacksquare_right_side.ddj with size 180 
07:15:17.911 [main] DEBUG org.sokybot.pk2.Pk2CryptoUtils - File com_blacksquare_right_up.ddj is not encrypted , flags not exists
07:15:17.911 [main] INFO org.soky.sro.pk2.io.Pk2IOTest - Consuming 180 byte(s) from file com_blacksquare_right_up.ddj with size 180 
07:15:17.912 [main] DEBUG org.sokybot.pk2.Pk2CryptoUtils - File com_blue_tile.ddj is not encrypted , flags not exists
07:15:17.912 [main] INFO org.soky.sro.pk2.io.Pk2IOTest - Consuming 276 byte(s) from file com_blue_tile.ddj with size 276 
07:15:17.912 [main] DEBUG org.sokybot.pk2.Pk2CryptoUtils - File com_blu_button.ddj is not encrypted , flags not exists
07:15:17.912 [main] INFO org.soky.sro.pk2.io.Pk2IOTest - Consuming 2068 byte(s) from file com_blu_button.ddj with size 2068 
07:15:17.912 [main] DEBUG org.sokybot.pk2.Pk2CryptoUtils - File com_blu_button_focus.ddj is not encrypted , flags not exists
07:15:17.912 [main] INFO org.soky.sro.pk2.io.Pk2IOTest - Consuming 2068 byte(s) from file com_blu_button_focus.ddj with size 2068 
07:15:17.912 [main] DEBUG org.sokybot.pk2.Pk2CryptoUtils - File com_blu_button_press.ddj is not encrypted , flags not exists
07:15:17.912 [main] INFO org.soky.sro.pk2.io.Pk2IOTest - Consuming 2068 byte(s) from file com_blu_button_press.ddj with size 2068 
07:15:17.912 [main] DEBUG org.sokybot.pk2.Pk2CryptoUtils - File com_brown_tile.ddj is not encrypted , flags not exists
07:15:17.912 [main] INFO org.soky.sro.pk2.io.Pk2IOTest - Consuming 276 byte(s) from file com_brown_tile.ddj with size 276 
07:15:17.912 [main] DEBUG org.sokybot.pk2.Pk2CryptoUtils - File com_button.ddj is not encrypted , flags not exists
07:15:17.913 [main] INFO org.soky.sro.pk2.io.Pk2IOTest - Consuming 3796 byte(s) from file com_button.ddj with size 3796 
07:15:17.913 [main] DEBUG org.sokybot.pk2.Pk2CryptoUtils - File com_button_disable.ddj is not encrypted , flags not exists
07:15:17.913 [main] INFO org.soky.sro.pk2.io.Pk2IOTest - Consuming 3796 byte(s) from file com_button_disable.ddj with size 3796 
07:15:17.913 [main] DEBUG org.sokybot.pk2.Pk2CryptoUtils - File com_button_focus.ddj is not encrypted , flags not exists
07:15:17.913 [main] INFO org.soky.sro.pk2.io.Pk2IOTest - Consuming 3796 byte(s) from file com_button_focus.ddj with size 3796 
07:15:17.913 [main] DEBUG org.sokybot.pk2.Pk2CryptoUtils - File com_button_press.ddj is not encrypted , flags not exists
07:15:17.913 [main] INFO org.soky.sro.pk2.io.Pk2IOTest - Consuming 3796 byte(s) from file com_button_press.ddj with size 3796 
07:15:17.913 [main] DEBUG org.sokybot.pk2.Pk2CryptoUtils - File com_casting_cancel.ddj is not encrypted , flags not exists
07:15:17.913 [main] INFO org.soky.sro.pk2.io.Pk2IOTest - Consuming 948 byte(s) from file com_casting_cancel.ddj with size 948 
07:15:17.914 [main] DEBUG org.sokybot.pk2.Pk2CryptoUtils - File com_casting_cancel_focus.ddj is not encrypted , flags not exists
07:15:17.914 [main] INFO org.soky.sro.pk2.io.Pk2IOTest - Consuming 948 byte(s) from file com_casting_cancel_focus.ddj with size 948 
07:15:17.914 [main] DEBUG org.sokybot.pk2.Pk2CryptoUtils - File com_casting_cancel_press.ddj is not encrypted , flags not exists
07:15:17.914 [main] INFO org.soky.sro.pk2.io.Pk2IOTest - Consuming 948 byte(s) from file com_casting_cancel_press.ddj with size 948 
07:15:17.914 [main] DEBUG org.sokybot.pk2.Pk2CryptoUtils - File com_casting_gauge_collection.ddj is not encrypted , flags not exists
07:15:17.914 [main] INFO org.soky.sro.pk2.io.Pk2IOTest - Consuming 3092 byte(s) from file com_casting_gauge_collection.ddj with size 3092 
07:15:17.914 [main] DEBUG org.sokybot.pk2.Pk2CryptoUtils - File com_casting_gauge_health.ddj is not encrypted , flags not exists
07:15:17.914 [main] INFO org.soky.sro.pk2.io.Pk2IOTest - Consuming 3092 byte(s) from file com_casting_gauge_health.ddj with size 3092 
07:15:17.914 [main] DEBUG org.sokybot.pk2.Pk2CryptoUtils - File com_casting_gauge_recallguild.ddj is not encrypted , flags not exists
07:15:17.914 [main] INFO org.soky.sro.pk2.io.Pk2IOTest - Consuming 3092 byte(s) from file com_casting_gauge_recallguild.ddj with size 3092 
07:15:17.914 [main] DEBUG org.sokybot.pk2.Pk2CryptoUtils - File com_casting_gauge_recallguild_bright.ddj is not encrypted , flags not exists
07:15:17.915 [main] INFO org.soky.sro.pk2.io.Pk2IOTest - Consuming 12436 byte(s) from file com_casting_gauge_recallguild_bright.ddj with size 12436 
07:15:17.915 [main] DEBUG org.sokybot.pk2.Pk2CryptoUtils - File com_casting_gauge_return.ddj is not encrypted , flags not exists
07:15:17.915 [main] INFO org.soky.sro.pk2.io.Pk2IOTest - Consuming 3092 byte(s) from file com_casting_gauge_return.ddj with size 3092 
07:15:17.915 [main] DEBUG org.sokybot.pk2.Pk2CryptoUtils - File com_casting_gauge_return_bright.ddj is not encrypted , flags not exists
07:15:17.915 [main] INFO org.soky.sro.pk2.io.Pk2IOTest - Consuming 12436 byte(s) from file com_casting_gauge_return_bright.ddj with size 12436 
07:15:17.915 [main] DEBUG org.sokybot.pk2.Pk2CryptoUtils - File com_casting_gauge_skill.ddj is not encrypted , flags not exists
07:15:17.916 [main] INFO org.soky.sro.pk2.io.Pk2IOTest - Consuming 3092 byte(s) from file com_casting_gauge_skill.ddj with size 3092 
07:15:17.916 [main] DEBUG org.sokybot.pk2.Pk2CryptoUtils - File com_casting_gauge_skill_bright.ddj is not encrypted , flags not exists
07:15:17.916 [main] INFO org.soky.sro.pk2.io.Pk2IOTest - Consuming 12436 byte(s) from file com_casting_gauge_skill_bright.ddj with size 12436 
07:15:17.916 [main] DEBUG org.sokybot.pk2.Pk2CryptoUtils - File com_casting_gauge_spool.ddj is not encrypted , flags not exists
07:15:17.916 [main] INFO org.soky.sro.pk2.io.Pk2IOTest - Consuming 3092 byte(s) from file com_casting_gauge_spool.ddj with size 3092 
07:15:17.916 [main] DEBUG org.sokybot.pk2.Pk2CryptoUtils - File com_casting_window.ddj is not encrypted , flags not exists
07:15:17.917 [main] INFO org.soky.sro.pk2.io.Pk2IOTest - Consuming 27796 byte(s) from file com_casting_window.ddj with size 27796 
07:15:17.917 [main] DEBUG org.sokybot.pk2.Pk2CryptoUtils - File com_caution.ddj is not encrypted , flags not exists
07:15:17.917 [main] INFO org.soky.sro.pk2.io.Pk2IOTest - Consuming 660 byte(s) from file com_caution.ddj with size 660 
07:15:17.917 [main] DEBUG org.sokybot.pk2.Pk2CryptoUtils - File com_checkbutton.ddj is not encrypted , flags not exists
07:15:17.917 [main] INFO org.soky.sro.pk2.io.Pk2IOTest - Consuming 660 byte(s) from file com_checkbutton.ddj with size 660 
07:15:17.917 [main] DEBUG org.sokybot.pk2.Pk2CryptoUtils - File com_checkbutton_mobile_off.ddj is not encrypted , flags not exists
07:15:17.917 [main] INFO org.soky.sro.pk2.io.Pk2IOTest - Consuming 1172 byte(s) from file com_checkbutton_mobile_off.ddj with size 1172 
07:15:17.917 [main] DEBUG org.sokybot.pk2.Pk2CryptoUtils - File com_checkbutton_mobile_on.ddj is not encrypted , flags not exists
07:15:17.917 [main] INFO org.soky.sro.pk2.io.Pk2IOTest - Consuming 1172 byte(s) from file com_checkbutton_mobile_on.ddj with size 1172 
07:15:17.918 [main] DEBUG org.sokybot.pk2.Pk2CryptoUtils - File com_checkbutton_off.ddj is not encrypted , flags not exists
07:15:17.918 [main] INFO org.soky.sro.pk2.io.Pk2IOTest - Consuming 660 byte(s) from file com_checkbutton_off.ddj with size 660 
07:15:17.918 [main] DEBUG org.sokybot.pk2.Pk2CryptoUtils - File com_checkbutton_on.ddj is not encrypted , flags not exists
07:15:17.918 [main] INFO org.soky.sro.pk2.io.Pk2IOTest - Consuming 660 byte(s) from file com_checkbutton_on.ddj with size 660 
07:15:17.918 [main] DEBUG org.sokybot.pk2.Pk2CryptoUtils - File com_checkbutton_on_disable.ddj is not encrypted , flags not exists
07:15:17.918 [main] INFO org.soky.sro.pk2.io.Pk2IOTest - Consuming 660 byte(s) from file com_checkbutton_on_disable.ddj with size 660 
07:15:17.918 [main] DEBUG org.sokybot.pk2.Pk2CryptoUtils - File com_checkbutton_press.ddj is not encrypted , flags not exists
07:15:17.918 [main] INFO org.soky.sro.pk2.io.Pk2IOTest - Consuming 660 byte(s) from file com_checkbutton_press.ddj with size 660 
07:15:17.918 [main] DEBUG org.sokybot.pk2.Pk2CryptoUtils - File com_count_slot.ddj is not encrypted , flags not exists
07:15:17.918 [main] INFO org.soky.sro.pk2.io.Pk2IOTest - Consuming 3508 byte(s) from file com_count_slot.ddj with size 3508 
07:15:17.918 [main] DEBUG org.sokybot.pk2.Pk2CryptoUtils - File com_del_button.ddj is not encrypted , flags not exists
07:15:17.918 [main] INFO org.soky.sro.pk2.io.Pk2IOTest - Consuming 628 byte(s) from file com_del_button.ddj with size 628 
07:15:17.919 [main] DEBUG org.sokybot.pk2.Pk2CryptoUtils - File com_del_button_focus.ddj is not encrypted , flags not exists
07:15:17.919 [main] INFO org.soky.sro.pk2.io.Pk2IOTest - Consuming 628 byte(s) from file com_del_button_focus.ddj with size 628 
07:15:17.919 [main] DEBUG org.sokybot.pk2.Pk2CryptoUtils - File com_del_button_press.ddj is not encrypted , flags not exists
07:15:17.919 [main] INFO org.soky.sro.pk2.io.Pk2IOTest - Consuming 628 byte(s) from file com_del_button_press.ddj with size 628 
07:15:17.919 [main] DEBUG org.sokybot.pk2.Pk2CryptoUtils - File com_diamond.ddj is not encrypted , flags not exists
07:15:17.919 [main] INFO org.soky.sro.pk2.io.Pk2IOTest - Consuming 436 byte(s) from file com_diamond.ddj with size 436 
07:15:17.919 [main] DEBUG org.sokybot.pk2.Pk2CryptoUtils - File com_donation_button.ddj is not encrypted , flags not exists
07:15:17.919 [main] INFO org.soky.sro.pk2.io.Pk2IOTest - Consuming 660 byte(s) from file com_donation_button.ddj with size 660 
07:15:17.919 [main] DEBUG org.sokybot.pk2.Pk2CryptoUtils - File com_donation_button_focus.ddj is not encrypted , flags not exists
07:15:17.919 [main] INFO org.soky.sro.pk2.io.Pk2IOTest - Consuming 660 byte(s) from file com_donation_button_focus.ddj with size 660 
07:15:17.919 [main] DEBUG org.sokybot.pk2.Pk2CryptoUtils - File com_donation_button_press.ddj is not encrypted , flags not exists
07:15:17.919 [main] INFO org.soky.sro.pk2.io.Pk2IOTest - Consuming 660 byte(s) from file com_donation_button_press.ddj with size 660 
07:15:17.920 [main] DEBUG org.sokybot.pk2.Pk2CryptoUtils - File com_d_windowclose.ddj is not encrypted , flags not exists
07:15:17.920 [main] INFO org.soky.sro.pk2.io.Pk2IOTest - Consuming 1172 byte(s) from file com_d_windowclose.ddj with size 1172 
07:15:17.920 [main] DEBUG org.sokybot.pk2.Pk2CryptoUtils - File com_d_windowclose_focus.ddj is not encrypted , flags not exists
07:15:17.920 [main] INFO org.soky.sro.pk2.io.Pk2IOTest - Consuming 1172 byte(s) from file com_d_windowclose_focus.ddj with size 1172 
07:15:17.920 [main] DEBUG org.sokybot.pk2.Pk2CryptoUtils - File com_d_windowclose_press.ddj is not encrypted , flags not exists
07:15:17.920 [main] INFO org.soky.sro.pk2.io.Pk2IOTest - Consuming 1172 byte(s) from file com_d_windowclose_press.ddj with size 1172 
07:15:17.920 [main] DEBUG org.sokybot.pk2.Pk2CryptoUtils - File com_frpvp_voucher_a.ddj is not encrypted , flags not exists
07:15:17.920 [main] INFO org.soky.sro.pk2.io.Pk2IOTest - Consuming 660 byte(s) from file com_frpvp_voucher_a.ddj with size 660 
07:15:17.920 [main] DEBUG org.sokybot.pk2.Pk2CryptoUtils - File com_frpvp_voucher_b.ddj is not encrypted , flags not exists
07:15:17.920 [main] INFO org.soky.sro.pk2.io.Pk2IOTest - Consuming 660 byte(s) from file com_frpvp_voucher_b.ddj with size 660 
07:15:17.921 [main] DEBUG org.sokybot.pk2.Pk2CryptoUtils - File com_frpvp_voucher_c.ddj is not encrypted , flags not exists
07:15:17.921 [main] INFO org.soky.sro.pk2.io.Pk2IOTest - Consuming 660 byte(s) from file com_frpvp_voucher_c.ddj with size 660 
07:15:17.921 [main] DEBUG org.sokybot.pk2.Pk2CryptoUtils - File com_frpvp_voucher_d.ddj is not encrypted , flags not exists
07:15:17.921 [main] INFO org.soky.sro.pk2.io.Pk2IOTest - Consuming 660 byte(s) from file com_frpvp_voucher_d.ddj with size 660 
07:15:17.921 [main] DEBUG org.sokybot.pk2.Pk2CryptoUtils - File com_frpvp_voucher_e.ddj is not encrypted , flags not exists
07:15:17.921 [main] INFO org.soky.sro.pk2.io.Pk2IOTest - Consuming 660 byte(s) from file com_frpvp_voucher_e.ddj with size 660 
07:15:17.921 [main] DEBUG org.sokybot.pk2.Pk2CryptoUtils - File com_grayline.ddj is not encrypted , flags not exists
07:15:17.921 [main] INFO org.soky.sro.pk2.io.Pk2IOTest - Consuming 2196 byte(s) from file com_grayline.ddj with size 2196 
07:15:17.921 [main] DEBUG org.sokybot.pk2.Pk2CryptoUtils - File com_green_button.ddj is not encrypted , flags not exists
07:15:17.921 [main] INFO org.soky.sro.pk2.io.Pk2IOTest - Consuming 2836 byte(s) from file com_green_button.ddj with size 2836 
07:15:17.922 [main] DEBUG org.sokybot.pk2.Pk2CryptoUtils - File com_green_button_focus.ddj is not encrypted , flags not exists
07:15:17.922 [main] INFO org.soky.sro.pk2.io.Pk2IOTest - Consuming 2836 byte(s) from file com_green_button_focus.ddj with size 2836 
07:15:17.922 [main] DEBUG org.sokybot.pk2.Pk2CryptoUtils - File com_green_button_press.ddj is not encrypted , flags not exists
07:15:17.922 [main] INFO org.soky.sro.pk2.io.Pk2IOTest - Consuming 2836 byte(s) from file com_green_button_press.ddj with size 2836 
07:15:17.922 [main] DEBUG org.sokybot.pk2.Pk2CryptoUtils - File com_green_dark_tile.ddj is not encrypted , flags not exists
07:15:17.922 [main] INFO org.soky.sro.pk2.io.Pk2IOTest - Consuming 276 byte(s) from file com_green_dark_tile.ddj with size 276 
07:15:17.922 [main] DEBUG org.sokybot.pk2.Pk2CryptoUtils - File com_green_tile.ddj is not encrypted , flags not exists
07:15:17.922 [main] INFO org.soky.sro.pk2.io.Pk2IOTest - Consuming 276 byte(s) from file com_green_tile.ddj with size 276 
07:15:17.922 [main] DEBUG org.sokybot.pk2.Pk2CryptoUtils - File com_itemsign.ddj is not encrypted , flags not exists
07:15:17.922 [main] INFO org.soky.sro.pk2.io.Pk2IOTest - Consuming 436 byte(s) from file com_itemsign.ddj with size 436 
07:15:17.922 [main] DEBUG org.sokybot.pk2.Pk2CryptoUtils - File com_itemsign_magic.ddj is not encrypted , flags not exists
07:15:17.922 [main] INFO org.soky.sro.pk2.io.Pk2IOTest - Consuming 436 byte(s) from file com_itemsign_magic.ddj with size 436 
07:15:17.923 [main] DEBUG org.sokybot.pk2.Pk2CryptoUtils - File com_itemsign_plus.ddj is not encrypted , flags not exists
07:15:17.923 [main] INFO org.soky.sro.pk2.io.Pk2IOTest - Consuming 436 byte(s) from file com_itemsign_plus.ddj with size 436 
07:15:17.923 [main] DEBUG org.sokybot.pk2.Pk2CryptoUtils - File com_itemsign_rare.ddj is not encrypted , flags not exists
07:15:17.923 [main] INFO org.soky.sro.pk2.io.Pk2IOTest - Consuming 436 byte(s) from file com_itemsign_rare.ddj with size 436 
07:15:17.923 [main] DEBUG org.sokybot.pk2.Pk2CryptoUtils - File com_itemsign_skill.ddj is not encrypted , flags not exists
07:15:17.923 [main] INFO org.soky.sro.pk2.io.Pk2IOTest - Consuming 436 byte(s) from file com_itemsign_skill.ddj with size 436 
07:15:17.923 [main] DEBUG org.sokybot.pk2.Pk2CryptoUtils - File com_itemsign_unipue.ddj is not encrypted , flags not exists
07:15:17.923 [main] INFO org.soky.sro.pk2.io.Pk2IOTest - Consuming 436 byte(s) from file com_itemsign_unipue.ddj with size 436 
07:15:17.923 [main] DEBUG org.sokybot.pk2.Pk2CryptoUtils - File com_item_exchange.ddj is not encrypted , flags not exists
07:15:17.923 [main] INFO org.soky.sro.pk2.io.Pk2IOTest - Consuming 4244 byte(s) from file com_item_exchange.ddj with size 4244 
07:15:17.923 [main] DEBUG org.sokybot.pk2.Pk2CryptoUtils - File com_item_exchange_money.ddj is not encrypted , flags not exists
07:15:17.924 [main] INFO org.soky.sro.pk2.io.Pk2IOTest - Consuming 6804 byte(s) from file com_item_exchange_money.ddj with size 6804 
07:15:17.924 [main] DEBUG org.sokybot.pk2.Pk2CryptoUtils - File com_item_select.ddj is not encrypted , flags not exists
07:15:17.924 [main] INFO org.soky.sro.pk2.io.Pk2IOTest - Consuming 4244 byte(s) from file com_item_select.ddj with size 4244 
07:15:17.924 [main] DEBUG org.sokybot.pk2.Pk2CryptoUtils - File com_job_gauge_back.ddj is not encrypted , flags not exists
07:15:17.924 [main] INFO org.soky.sro.pk2.io.Pk2IOTest - Consuming 276 byte(s) from file com_job_gauge_back.ddj with size 276 
07:15:17.924 [main] DEBUG org.sokybot.pk2.Pk2CryptoUtils - File com_job_gauge_hunter.ddj is not encrypted , flags not exists
07:15:17.924 [main] INFO org.soky.sro.pk2.io.Pk2IOTest - Consuming 276 byte(s) from file com_job_gauge_hunter.ddj with size 276 
07:15:17.924 [main] DEBUG org.sokybot.pk2.Pk2CryptoUtils - File com_job_gauge_merchant.ddj is not encrypted , flags not exists
07:15:17.924 [main] INFO org.soky.sro.pk2.io.Pk2IOTest - Consuming 276 byte(s) from file com_job_gauge_merchant.ddj with size 276 
07:15:17.924 [main] DEBUG org.sokybot.pk2.Pk2CryptoUtils - File com_job_gauge_thief.ddj is not encrypted , flags not exists
07:15:17.924 [main] INFO org.soky.sro.pk2.io.Pk2IOTest - Consuming 276 byte(s) from file com_job_gauge_thief.ddj with size 276 
07:15:17.925 [main] DEBUG org.sokybot.pk2.Pk2CryptoUtils - File com_job_hunter.ddj is not encrypted , flags not exists
07:15:17.925 [main] INFO org.soky.sro.pk2.io.Pk2IOTest - Consuming 660 byte(s) from file com_job_hunter.ddj with size 660 
07:15:17.925 [main] DEBUG org.sokybot.pk2.Pk2CryptoUtils - File com_job_merchant.ddj is not encrypted , flags not exists
07:15:17.925 [main] INFO org.soky.sro.pk2.io.Pk2IOTest - Consuming 660 byte(s) from file com_job_merchant.ddj with size 660 
07:15:17.925 [main] DEBUG org.sokybot.pk2.Pk2CryptoUtils - File com_job_thief.ddj is not encrypted , flags not exists
07:15:17.925 [main] INFO org.soky.sro.pk2.io.Pk2IOTest - Consuming 660 byte(s) from file com_job_thief.ddj with size 660 
07:15:17.925 [main] DEBUG org.sokybot.pk2.Pk2CryptoUtils - File com_job_wanted_rank.ddj is not encrypted , flags not exists
07:15:17.925 [main] INFO org.soky.sro.pk2.io.Pk2IOTest - Consuming 660 byte(s) from file com_job_wanted_rank.ddj with size 660 
07:15:17.925 [main] DEBUG org.sokybot.pk2.Pk2CryptoUtils - File com_kindred_china.ddj is not encrypted , flags not exists
07:15:17.925 [main] INFO org.soky.sro.pk2.io.Pk2IOTest - Consuming 1300 byte(s) from file com_kindred_china.ddj with size 1300 
07:15:17.926 [main] DEBUG org.sokybot.pk2.Pk2CryptoUtils - File com_kindred_europe.ddj is not encrypted , flags not exists
07:15:17.926 [main] INFO org.soky.sro.pk2.io.Pk2IOTest - Consuming 1300 byte(s) from file com_kindred_europe.ddj with size 1300 
07:15:17.926 [main] DEBUG org.sokybot.pk2.Pk2CryptoUtils - File com_larrow_button.ddj is not encrypted , flags not exists
07:15:17.926 [main] INFO org.soky.sro.pk2.io.Pk2IOTest - Consuming 340 byte(s) from file com_larrow_button.ddj with size 340 
07:15:17.926 [main] DEBUG org.sokybot.pk2.Pk2CryptoUtils - File com_larrow_button_focus.ddj is not encrypted , flags not exists
07:15:17.926 [main] INFO org.soky.sro.pk2.io.Pk2IOTest - Consuming 340 byte(s) from file com_larrow_button_focus.ddj with size 340 
07:15:17.926 [main] DEBUG org.sokybot.pk2.Pk2CryptoUtils - File com_larrow_button_press.ddj is not encrypted , flags not exists
07:15:17.926 [main] INFO org.soky.sro.pk2.io.Pk2IOTest - Consuming 340 byte(s) from file com_larrow_button_press.ddj with size 340 
07:15:17.926 [main] DEBUG org.sokybot.pk2.Pk2CryptoUtils - File com_left_arrow.ddj is not encrypted , flags not exists
07:15:17.926 [main] INFO org.soky.sro.pk2.io.Pk2IOTest - Consuming 660 byte(s) from file com_left_arrow.ddj with size 660 
07:15:17.926 [main] DEBUG org.sokybot.pk2.Pk2CryptoUtils - File com_left_arrow_disable.ddj is not encrypted , flags not exists
07:15:17.926 [main] INFO org.soky.sro.pk2.io.Pk2IOTest - Consuming 660 byte(s) from file com_left_arrow_disable.ddj with size 660 
07:15:17.927 [main] DEBUG org.sokybot.pk2.Pk2CryptoUtils - File com_left_arrow_focus.ddj is not encrypted , flags not exists
07:15:17.927 [main] INFO org.soky.sro.pk2.io.Pk2IOTest - Consuming 660 byte(s) from file com_left_arrow_focus.ddj with size 660 
07:15:17.927 [main] DEBUG org.sokybot.pk2.Pk2CryptoUtils - File com_left_arrow_press.ddj is not encrypted , flags not exists
07:15:17.927 [main] INFO org.soky.sro.pk2.io.Pk2IOTest - Consuming 660 byte(s) from file com_left_arrow_press.ddj with size 660 
07:15:17.927 [main] DEBUG org.sokybot.pk2.Pk2CryptoUtils - File com_left_bigarrow.ddj is not encrypted , flags not exists
07:15:17.927 [main] INFO org.soky.sro.pk2.io.Pk2IOTest - Consuming 1300 byte(s) from file com_left_bigarrow.ddj with size 1300 
07:15:17.927 [main] DEBUG org.sokybot.pk2.Pk2CryptoUtils - File com_left_bigarrow_disable.ddj is not encrypted , flags not exists
07:15:17.927 [main] INFO org.soky.sro.pk2.io.Pk2IOTest - Consuming 1300 byte(s) from file com_left_bigarrow_disable.ddj with size 1300 
07:15:17.927 [main] DEBUG org.sokybot.pk2.Pk2CryptoUtils - File com_left_bigarrow_focus.ddj is not encrypted , flags not exists
07:15:17.927 [main] INFO org.soky.sro.pk2.io.Pk2IOTest - Consuming 1300 byte(s) from file com_left_bigarrow_focus.ddj with size 1300 
07:15:17.927 [main] DEBUG org.sokybot.pk2.Pk2CryptoUtils - File com_left_bigarrow_press.ddj is not encrypted , flags not exists
07:15:17.927 [main] INFO org.soky.sro.pk2.io.Pk2IOTest - Consuming 1300 byte(s) from file com_left_bigarrow_press.ddj with size 1300 
07:15:17.928 [main] DEBUG org.sokybot.pk2.Pk2CryptoUtils - File com_long_tab_disable.ddj is not encrypted , flags not exists
07:15:17.928 [main] INFO org.soky.sro.pk2.io.Pk2IOTest - Consuming 3604 byte(s) from file com_long_tab_disable.ddj with size 3604 
07:15:17.928 [main] DEBUG org.sokybot.pk2.Pk2CryptoUtils - File com_long_tab_off.ddj is not encrypted , flags not exists
07:15:17.928 [main] INFO org.soky.sro.pk2.io.Pk2IOTest - Consuming 3604 byte(s) from file com_long_tab_off.ddj with size 3604 
07:15:17.928 [main] DEBUG org.sokybot.pk2.Pk2CryptoUtils - File com_long_tab_on.ddj is not encrypted , flags not exists
07:15:17.928 [main] INFO org.soky.sro.pk2.io.Pk2IOTest - Consuming 3604 byte(s) from file com_long_tab_on.ddj with size 3604 
07:15:17.928 [main] DEBUG org.sokybot.pk2.Pk2CryptoUtils - File com_mall_button.ddj is not encrypted , flags not exists
07:15:17.928 [main] INFO org.soky.sro.pk2.io.Pk2IOTest - Consuming 3796 byte(s) from file com_mall_button.ddj with size 3796 
07:15:17.928 [main] DEBUG org.sokybot.pk2.Pk2CryptoUtils - File com_mall_button_disable.ddj is not encrypted , flags not exists
07:15:17.929 [main] INFO org.soky.sro.pk2.io.Pk2IOTest - Consuming 3796 byte(s) from file com_mall_button_disable.ddj with size 3796 
07:15:17.929 [main] DEBUG org.sokybot.pk2.Pk2CryptoUtils - File com_mall_button_focus.ddj is not encrypted , flags not exists
07:15:17.929 [main] INFO org.soky.sro.pk2.io.Pk2IOTest - Consuming 3796 byte(s) from file com_mall_button_focus.ddj with size 3796 
07:15:17.929 [main] DEBUG org.sokybot.pk2.Pk2CryptoUtils - File com_mall_button_press.ddj is not encrypted , flags not exists
07:15:17.929 [main] INFO org.soky.sro.pk2.io.Pk2IOTest - Consuming 3796 byte(s) from file com_mall_button_press.ddj with size 3796 
07:15:17.929 [main] DEBUG org.sokybot.pk2.Pk2CryptoUtils - File com_mid_button.ddj is not encrypted , flags not exists
07:15:17.929 [main] INFO org.soky.sro.pk2.io.Pk2IOTest - Consuming 4372 byte(s) from file com_mid_button.ddj with size 4372 
07:15:17.929 [main] DEBUG org.sokybot.pk2.Pk2CryptoUtils - File com_mid_button_disable.ddj is not encrypted , flags not exists
07:15:17.929 [main] INFO org.soky.sro.pk2.io.Pk2IOTest - Consuming 4372 byte(s) from file com_mid_button_disable.ddj with size 4372 
07:15:17.930 [main] DEBUG org.sokybot.pk2.Pk2CryptoUtils - File com_mid_button_focus.ddj is not encrypted , flags not exists
07:15:17.930 [main] INFO org.soky.sro.pk2.io.Pk2IOTest - Consuming 4372 byte(s) from file com_mid_button_focus.ddj with size 4372 
07:15:17.930 [main] DEBUG org.sokybot.pk2.Pk2CryptoUtils - File com_mid_button_press.ddj is not encrypted , flags not exists
07:15:17.930 [main] INFO org.soky.sro.pk2.io.Pk2IOTest - Consuming 4372 byte(s) from file com_mid_button_press.ddj with size 4372 
07:15:17.930 [main] DEBUG org.sokybot.pk2.Pk2CryptoUtils - File com_minus_button.ddj is not encrypted , flags not exists
07:15:17.930 [main] INFO org.soky.sro.pk2.io.Pk2IOTest - Consuming 948 byte(s) from file com_minus_button.ddj with size 948 
07:15:17.931 [main] DEBUG org.sokybot.pk2.Pk2CryptoUtils - File com_minus_button_focus.ddj is not encrypted , flags not exists
07:15:17.931 [main] INFO org.soky.sro.pk2.io.Pk2IOTest - Consuming 948 byte(s) from file com_minus_button_focus.ddj with size 948 
07:15:17.931 [main] DEBUG org.sokybot.pk2.Pk2CryptoUtils - File com_minus_button_press.ddj is not encrypted , flags not exists
07:15:17.931 [main] INFO org.soky.sro.pk2.io.Pk2IOTest - Consuming 948 byte(s) from file com_minus_button_press.ddj with size 948 
07:15:17.931 [main] DEBUG org.sokybot.pk2.Pk2CryptoUtils - File com_moneybutton.ddj is not encrypted , flags not exists
07:15:17.931 [main] INFO org.soky.sro.pk2.io.Pk2IOTest - Consuming 948 byte(s) from file com_moneybutton.ddj with size 948 
07:15:17.931 [main] DEBUG org.sokybot.pk2.Pk2CryptoUtils - File com_moneybutton_disable.ddj is not encrypted , flags not exists
07:15:17.931 [main] INFO org.soky.sro.pk2.io.Pk2IOTest - Consuming 948 byte(s) from file com_moneybutton_disable.ddj with size 948 
07:15:17.931 [main] DEBUG org.sokybot.pk2.Pk2CryptoUtils - File com_moneybutton_focus.ddj is not encrypted , flags not exists
07:15:17.931 [main] INFO org.soky.sro.pk2.io.Pk2IOTest - Consuming 948 byte(s) from file com_moneybutton_focus.ddj with size 948 
07:15:17.931 [main] DEBUG org.sokybot.pk2.Pk2CryptoUtils - File com_moneybutton_press.ddj is not encrypted , flags not exists
07:15:17.931 [main] INFO org.soky.sro.pk2.io.Pk2IOTest - Consuming 948 byte(s) from file com_moneybutton_press.ddj with size 948 
07:15:17.932 [main] DEBUG org.sokybot.pk2.Pk2CryptoUtils - File com_m_button.ddj is not encrypted , flags not exists
07:15:17.932 [main] INFO org.soky.sro.pk2.io.Pk2IOTest - Consuming 2228 byte(s) from file com_m_button.ddj with size 2228 
07:15:17.932 [main] DEBUG org.sokybot.pk2.Pk2CryptoUtils - File com_m_button_disable.ddj is not encrypted , flags not exists
07:15:17.932 [main] INFO org.soky.sro.pk2.io.Pk2IOTest - Consuming 2228 byte(s) from file com_m_button_disable.ddj with size 2228 
07:15:17.932 [main] DEBUG org.sokybot.pk2.Pk2CryptoUtils - File com_m_button_focus.ddj is not encrypted , flags not exists
07:15:17.932 [main] INFO org.soky.sro.pk2.io.Pk2IOTest - Consuming 2228 byte(s) from file com_m_button_focus.ddj with size 2228 
07:15:17.932 [main] DEBUG org.sokybot.pk2.Pk2CryptoUtils - File com_m_button_press.ddj is not encrypted , flags not exists
07:15:17.932 [main] INFO org.soky.sro.pk2.io.Pk2IOTest - Consuming 2228 byte(s) from file com_m_button_press.ddj with size 2228 
07:15:17.932 [main] DEBUG org.sokybot.pk2.Pk2CryptoUtils - File com_new.ddj is not encrypted , flags not exists
07:15:17.932 [main] INFO org.soky.sro.pk2.io.Pk2IOTest - Consuming 724 byte(s) from file com_new.ddj with size 724 
07:15:17.933 [main] DEBUG org.sokybot.pk2.Pk2CryptoUtils - File com_notice_corner.ddj is not encrypted , flags not exists
07:15:17.933 [main] INFO org.soky.sro.pk2.io.Pk2IOTest - Consuming 1428 byte(s) from file com_notice_corner.ddj with size 1428 
07:15:17.933 [main] DEBUG org.sokybot.pk2.Pk2CryptoUtils - File com_notice_edge.ddj is not encrypted , flags not exists
07:15:17.933 [main] INFO org.soky.sro.pk2.io.Pk2IOTest - Consuming 276 byte(s) from file com_notice_edge.ddj with size 276 
07:15:17.933 [main] DEBUG org.sokybot.pk2.Pk2CryptoUtils - File com_orange_dark_tile.ddj is not encrypted , flags not exists
07:15:17.933 [main] INFO org.soky.sro.pk2.io.Pk2IOTest - Consuming 276 byte(s) from file com_orange_dark_tile.ddj with size 276 
07:15:17.933 [main] DEBUG org.sokybot.pk2.Pk2CryptoUtils - File com_orange_tile.ddj is not encrypted , flags not exists
07:15:17.933 [main] INFO org.soky.sro.pk2.io.Pk2IOTest - Consuming 276 byte(s) from file com_orange_tile.ddj with size 276 
07:15:17.933 [main] DEBUG org.sokybot.pk2.Pk2CryptoUtils - File com_plus_button.ddj is not encrypted , flags not exists
07:15:17.933 [main] INFO org.soky.sro.pk2.io.Pk2IOTest - Consuming 948 byte(s) from file com_plus_button.ddj with size 948 
07:15:17.933 [main] DEBUG org.sokybot.pk2.Pk2CryptoUtils - File com_plus_button_disable.ddj is not encrypted , flags not exists
07:15:17.933 [main] INFO org.soky.sro.pk2.io.Pk2IOTest - Consuming 948 byte(s) from file com_plus_button_disable.ddj with size 948 
07:15:17.934 [main] DEBUG org.sokybot.pk2.Pk2CryptoUtils - File com_plus_button_focus.ddj is not encrypted , flags not exists
07:15:17.934 [main] INFO org.soky.sro.pk2.io.Pk2IOTest - Consuming 948 byte(s) from file com_plus_button_focus.ddj with size 948 
07:15:17.934 [main] DEBUG org.sokybot.pk2.Pk2CryptoUtils - File com_plus_button_press.ddj is not encrypted , flags not exists
07:15:17.934 [main] INFO org.soky.sro.pk2.io.Pk2IOTest - Consuming 948 byte(s) from file com_plus_button_press.ddj with size 948 
07:15:17.934 [main] DEBUG org.sokybot.pk2.Pk2CryptoUtils - File com_plus_smallbutton.ddj is not encrypted , flags not exists
07:15:17.934 [main] INFO org.soky.sro.pk2.io.Pk2IOTest - Consuming 660 byte(s) from file com_plus_smallbutton.ddj with size 660 
07:15:17.934 [main] DEBUG org.sokybot.pk2.Pk2CryptoUtils - File com_plus_smallbutton_disable.ddj is not encrypted , flags not exists
07:15:17.934 [main] INFO org.soky.sro.pk2.io.Pk2IOTest - Consuming 1172 byte(s) from file com_plus_smallbutton_disable.ddj with size 1172 
07:15:17.934 [main] DEBUG org.sokybot.pk2.Pk2CryptoUtils - File com_plus_smallbutton_focus.ddj is not encrypted , flags not exists
07:15:17.934 [main] INFO org.soky.sro.pk2.io.Pk2IOTest - Consuming 660 byte(s) from file com_plus_smallbutton_focus.ddj with size 660 
07:15:17.934 [main] DEBUG org.sokybot.pk2.Pk2CryptoUtils - File com_plus_smallbutton_press.ddj is not encrypted , flags not exists
07:15:17.935 [main] INFO org.soky.sro.pk2.io.Pk2IOTest - Consuming 660 byte(s) from file com_plus_smallbutton_press.ddj with size 660 
07:15:17.935 [main] DEBUG org.sokybot.pk2.Pk2CryptoUtils - File com_pt_leader.ddj is not encrypted , flags not exists
07:15:17.935 [main] INFO org.soky.sro.pk2.io.Pk2IOTest - Consuming 436 byte(s) from file com_pt_leader.ddj with size 436 
07:15:17.935 [main] DEBUG org.sokybot.pk2.Pk2CryptoUtils - File com_qst_downarrow_button.ddj is not encrypted , flags not exists
07:15:17.935 [main] INFO org.soky.sro.pk2.io.Pk2IOTest - Consuming 948 byte(s) from file com_qst_downarrow_button.ddj with size 948 
07:15:17.935 [main] DEBUG org.sokybot.pk2.Pk2CryptoUtils - File com_qst_downarrow_button_focus.ddj is not encrypted , flags not exists
07:15:17.935 [main] INFO org.soky.sro.pk2.io.Pk2IOTest - Consuming 948 byte(s) from file com_qst_downarrow_button_focus.ddj with size 948 
07:15:17.935 [main] DEBUG org.sokybot.pk2.Pk2CryptoUtils - File com_qst_downarrow_button_press.ddj is not encrypted , flags not exists
07:15:17.935 [main] INFO org.soky.sro.pk2.io.Pk2IOTest - Consuming 948 byte(s) from file com_qst_downarrow_button_press.ddj with size 948 
07:15:17.935 [main] DEBUG org.sokybot.pk2.Pk2CryptoUtils - File com_qst_lefttarrow_button.ddj is not encrypted , flags not exists
07:15:17.935 [main] INFO org.soky.sro.pk2.io.Pk2IOTest - Consuming 948 byte(s) from file com_qst_lefttarrow_button.ddj with size 948 
07:15:17.936 [main] DEBUG org.sokybot.pk2.Pk2CryptoUtils - File com_qst_lefttarrow_button_focus.ddj is not encrypted , flags not exists
07:15:17.936 [main] INFO org.soky.sro.pk2.io.Pk2IOTest - Consuming 948 byte(s) from file com_qst_lefttarrow_button_focus.ddj with size 948 
07:15:17.936 [main] DEBUG org.sokybot.pk2.Pk2CryptoUtils - File com_qst_lefttarrow_button_press.ddj is not encrypted , flags not exists
07:15:17.936 [main] INFO org.soky.sro.pk2.io.Pk2IOTest - Consuming 948 byte(s) from file com_qst_lefttarrow_button_press.ddj with size 948 
07:15:17.936 [main] DEBUG org.sokybot.pk2.Pk2CryptoUtils - File com_qst_rightarrow_button.ddj is not encrypted , flags not exists
07:15:17.936 [main] INFO org.soky.sro.pk2.io.Pk2IOTest - Consuming 948 byte(s) from file com_qst_rightarrow_button.ddj with size 948 
07:15:17.936 [main] DEBUG org.sokybot.pk2.Pk2CryptoUtils - File com_qst_rightarrow_button_focus.ddj is not encrypted , flags not exists
07:15:17.936 [main] INFO org.soky.sro.pk2.io.Pk2IOTest - Consuming 948 byte(s) from file com_qst_rightarrow_button_focus.ddj with size 948 
07:15:17.936 [main] DEBUG org.sokybot.pk2.Pk2CryptoUtils - File com_qst_rightarrow_button_press.ddj is not encrypted , flags not exists
07:15:17.936 [main] INFO org.soky.sro.pk2.io.Pk2IOTest - Consuming 948 byte(s) from file com_qst_rightarrow_button_press.ddj with size 948 
07:15:17.937 [main] DEBUG org.sokybot.pk2.Pk2CryptoUtils - File com_question_button.ddj is not encrypted , flags not exists
07:15:17.937 [main] INFO org.soky.sro.pk2.io.Pk2IOTest - Consuming 916 byte(s) from file com_question_button.ddj with size 916 
07:15:17.937 [main] DEBUG org.sokybot.pk2.Pk2CryptoUtils - File com_question_button_focus.ddj is not encrypted , flags not exists
07:15:17.937 [main] INFO org.soky.sro.pk2.io.Pk2IOTest - Consuming 916 byte(s) from file com_question_button_focus.ddj with size 916 
07:15:17.937 [main] DEBUG org.sokybot.pk2.Pk2CryptoUtils - File com_question_button_press.ddj is not encrypted , flags not exists
07:15:17.937 [main] INFO org.soky.sro.pk2.io.Pk2IOTest - Consuming 916 byte(s) from file com_question_button_press.ddj with size 916 
07:15:17.937 [main] DEBUG org.sokybot.pk2.Pk2CryptoUtils - File com_quest_corner.ddj is not encrypted , flags not exists
07:15:17.937 [main] INFO org.soky.sro.pk2.io.Pk2IOTest - Consuming 1428 byte(s) from file com_quest_corner.ddj with size 1428 
07:15:17.937 [main] DEBUG org.sokybot.pk2.Pk2CryptoUtils - File com_quest_edge.ddj is not encrypted , flags not exists
07:15:17.937 [main] INFO org.soky.sro.pk2.io.Pk2IOTest - Consuming 276 byte(s) from file com_quest_edge.ddj with size 276 
07:15:17.938 [main] DEBUG org.sokybot.pk2.Pk2CryptoUtils - File com_radiobutton.ddj is not encrypted , flags not exists
07:15:17.938 [main] INFO org.soky.sro.pk2.io.Pk2IOTest - Consuming 660 byte(s) from file com_radiobutton.ddj with size 660 
07:15:17.938 [main] DEBUG org.sokybot.pk2.Pk2CryptoUtils - File com_radiobutton_off.ddj is not encrypted , flags not exists
07:15:17.938 [main] INFO org.soky.sro.pk2.io.Pk2IOTest - Consuming 660 byte(s) from file com_radiobutton_off.ddj with size 660 
07:15:17.938 [main] DEBUG org.sokybot.pk2.Pk2CryptoUtils - File com_radiobutton_on.ddj is not encrypted , flags not exists
07:15:17.938 [main] INFO org.soky.sro.pk2.io.Pk2IOTest - Consuming 660 byte(s) from file com_radiobutton_on.ddj with size 660 
07:15:17.938 [main] DEBUG org.sokybot.pk2.Pk2CryptoUtils - File com_radiobutton_press.ddj is not encrypted , flags not exists
07:15:17.938 [main] INFO org.soky.sro.pk2.io.Pk2IOTest - Consuming 660 byte(s) from file com_radiobutton_press.ddj with size 660 
07:15:17.938 [main] DEBUG org.sokybot.pk2.Pk2CryptoUtils - File com_rarrow_button.ddj is not encrypted , flags not exists
07:15:17.938 [main] INFO org.soky.sro.pk2.io.Pk2IOTest - Consuming 340 byte(s) from file com_rarrow_button.ddj with size 340 
07:15:17.938 [main] DEBUG org.sokybot.pk2.Pk2CryptoUtils - File com_rarrow_button_focus.ddj is not encrypted , flags not exists
07:15:17.938 [main] INFO org.soky.sro.pk2.io.Pk2IOTest - Consuming 340 byte(s) from file com_rarrow_button_focus.ddj with size 340 
07:15:17.938 [main] DEBUG org.sokybot.pk2.Pk2CryptoUtils - File com_rarrow_button_press.ddj is not encrypted , flags not exists
07:15:17.938 [main] INFO org.soky.sro.pk2.io.Pk2IOTest - Consuming 340 byte(s) from file com_rarrow_button_press.ddj with size 340 
07:15:17.939 [main] DEBUG org.sokybot.pk2.Pk2CryptoUtils - File com_redeem_window.ddj is not encrypted , flags not exists
07:15:17.939 [main] INFO org.soky.sro.pk2.io.Pk2IOTest - Consuming 15188 byte(s) from file com_redeem_window.ddj with size 15188 
07:15:17.939 [main] DEBUG org.sokybot.pk2.Pk2CryptoUtils - File com_red_button.ddj is not encrypted , flags not exists
07:15:17.939 [main] INFO org.soky.sro.pk2.io.Pk2IOTest - Consuming 2836 byte(s) from file com_red_button.ddj with size 2836 
07:15:17.939 [main] DEBUG org.sokybot.pk2.Pk2CryptoUtils - File com_red_button_focus.ddj is not encrypted , flags not exists
07:15:17.939 [main] INFO org.soky.sro.pk2.io.Pk2IOTest - Consuming 2836 byte(s) from file com_red_button_focus.ddj with size 2836 
07:15:17.939 [main] DEBUG org.sokybot.pk2.Pk2CryptoUtils - File com_red_button_press.ddj is not encrypted , flags not exists
07:15:17.940 [main] INFO org.soky.sro.pk2.io.Pk2IOTest - Consuming 2836 byte(s) from file com_red_button_press.ddj with size 2836 
07:15:17.940 [main] DEBUG org.sokybot.pk2.Pk2CryptoUtils - File com_red_dark_tile.ddj is not encrypted , flags not exists
07:15:17.940 [main] INFO org.soky.sro.pk2.io.Pk2IOTest - Consuming 276 byte(s) from file com_red_dark_tile.ddj with size 276 
07:15:17.940 [main] DEBUG org.sokybot.pk2.Pk2CryptoUtils - File com_red_tile.ddj is not encrypted , flags not exists
07:15:17.940 [main] INFO org.soky.sro.pk2.io.Pk2IOTest - Consuming 276 byte(s) from file com_red_tile.ddj with size 276 
07:15:17.940 [main] DEBUG org.sokybot.pk2.Pk2CryptoUtils - File com_reply.ddj is not encrypted , flags not exists
07:15:17.940 [main] INFO org.soky.sro.pk2.io.Pk2IOTest - Consuming 1044 byte(s) from file com_reply.ddj with size 1044 
07:15:17.940 [main] DEBUG org.sokybot.pk2.Pk2CryptoUtils - File com_return_button.ddj is not encrypted , flags not exists
07:15:17.941 [main] INFO org.soky.sro.pk2.io.Pk2IOTest - Consuming 12244 byte(s) from file com_return_button.ddj with size 12244 
07:15:17.941 [main] DEBUG org.sokybot.pk2.Pk2CryptoUtils - File com_return_button_disable.ddj is not encrypted , flags not exists
07:15:17.941 [main] INFO org.soky.sro.pk2.io.Pk2IOTest - Consuming 12244 byte(s) from file com_return_button_disable.ddj with size 12244 
07:15:17.941 [main] DEBUG org.sokybot.pk2.Pk2CryptoUtils - File com_return_button_focus.ddj is not encrypted , flags not exists
07:15:17.941 [main] INFO org.soky.sro.pk2.io.Pk2IOTest - Consuming 12244 byte(s) from file com_return_button_focus.ddj with size 12244 
07:15:17.941 [main] DEBUG org.sokybot.pk2.Pk2CryptoUtils - File com_return_button_press.ddj is not encrypted , flags not exists
07:15:17.942 [main] INFO org.soky.sro.pk2.io.Pk2IOTest - Consuming 12244 byte(s) from file com_return_button_press.ddj with size 12244 
07:15:17.942 [main] DEBUG org.sokybot.pk2.Pk2CryptoUtils - File com_right_arrow.ddj is not encrypted , flags not exists
07:15:17.942 [main] INFO org.soky.sro.pk2.io.Pk2IOTest - Consuming 660 byte(s) from file com_right_arrow.ddj with size 660 
07:15:17.942 [main] DEBUG org.sokybot.pk2.Pk2CryptoUtils - File com_right_arrow_disable.ddj is not encrypted , flags not exists
07:15:17.942 [main] INFO org.soky.sro.pk2.io.Pk2IOTest - Consuming 660 byte(s) from file com_right_arrow_disable.ddj with size 660 
07:15:17.942 [main] DEBUG org.sokybot.pk2.Pk2CryptoUtils - File com_right_arrow_focus.ddj is not encrypted , flags not exists
07:15:17.942 [main] INFO org.soky.sro.pk2.io.Pk2IOTest - Consuming 660 byte(s) from file com_right_arrow_focus.ddj with size 660 
07:15:17.942 [main] DEBUG org.sokybot.pk2.Pk2CryptoUtils - File com_right_arrow_press.ddj is not encrypted , flags not exists
07:15:17.942 [main] INFO org.soky.sro.pk2.io.Pk2IOTest - Consuming 660 byte(s) from file com_right_arrow_press.ddj with size 660 
07:15:17.942 [main] DEBUG org.sokybot.pk2.Pk2CryptoUtils - File com_right_bigarrow.ddj is not encrypted , flags not exists
07:15:17.942 [main] INFO org.soky.sro.pk2.io.Pk2IOTest - Consuming 1300 byte(s) from file com_right_bigarrow.ddj with size 1300 
07:15:17.943 [main] DEBUG org.sokybot.pk2.Pk2CryptoUtils - File com_right_bigarrow_disable.ddj is not encrypted , flags not exists
07:15:17.943 [main] INFO org.soky.sro.pk2.io.Pk2IOTest - Consuming 1300 byte(s) from file com_right_bigarrow_disable.ddj with size 1300 
07:15:17.943 [main] DEBUG org.sokybot.pk2.Pk2CryptoUtils - File com_right_bigarrow_focus.ddj is not encrypted , flags not exists
07:15:17.943 [main] INFO org.soky.sro.pk2.io.Pk2IOTest - Consuming 1300 byte(s) from file com_right_bigarrow_focus.ddj with size 1300 
07:15:17.943 [main] DEBUG org.sokybot.pk2.Pk2CryptoUtils - File com_right_bigarrow_press.ddj is not encrypted , flags not exists
07:15:17.943 [main] INFO org.soky.sro.pk2.io.Pk2IOTest - Consuming 1300 byte(s) from file com_right_bigarrow_press.ddj with size 1300 
07:15:17.943 [main] DEBUG org.sokybot.pk2.Pk2CryptoUtils - File com_scroll_bar.ddj is not encrypted , flags not exists
07:15:17.943 [main] INFO org.soky.sro.pk2.io.Pk2IOTest - Consuming 660 byte(s) from file com_scroll_bar.ddj with size 660 
07:15:17.943 [main] DEBUG org.sokybot.pk2.Pk2CryptoUtils - File com_scroll_bar_disable.ddj is not encrypted , flags not exists
07:15:17.943 [main] INFO org.soky.sro.pk2.io.Pk2IOTest - Consuming 660 byte(s) from file com_scroll_bar_disable.ddj with size 660 
07:15:17.943 [main] DEBUG org.sokybot.pk2.Pk2CryptoUtils - File com_scroll_button.ddj is not encrypted , flags not exists
07:15:17.944 [main] INFO org.soky.sro.pk2.io.Pk2IOTest - Consuming 660 byte(s) from file com_scroll_button.ddj with size 660 
07:15:17.944 [main] DEBUG org.sokybot.pk2.Pk2CryptoUtils - File com_scroll_button_focus.ddj is not encrypted , flags not exists
07:15:17.944 [main] INFO org.soky.sro.pk2.io.Pk2IOTest - Consuming 660 byte(s) from file com_scroll_button_focus.ddj with size 660 
07:15:17.944 [main] DEBUG org.sokybot.pk2.Pk2CryptoUtils - File com_scroll_button_press.ddj is not encrypted , flags not exists
07:15:17.944 [main] INFO org.soky.sro.pk2.io.Pk2IOTest - Consuming 660 byte(s) from file com_scroll_button_press.ddj with size 660 
07:15:17.944 [main] DEBUG org.sokybot.pk2.Pk2CryptoUtils - File com_short_tab_disable.ddj is not encrypted , flags not exists
07:15:17.944 [main] INFO org.soky.sro.pk2.io.Pk2IOTest - Consuming 2836 byte(s) from file com_short_tab_disable.ddj with size 2836 
07:15:17.944 [main] DEBUG org.sokybot.pk2.Pk2CryptoUtils - File com_short_tab_off.ddj is not encrypted , flags not exists
07:15:17.944 [main] INFO org.soky.sro.pk2.io.Pk2IOTest - Consuming 2836 byte(s) from file com_short_tab_off.ddj with size 2836 
07:15:17.944 [main] DEBUG org.sokybot.pk2.Pk2CryptoUtils - File com_short_tab_on.ddj is not encrypted , flags not exists
07:15:17.944 [main] INFO org.soky.sro.pk2.io.Pk2IOTest - Consuming 2836 byte(s) from file com_short_tab_on.ddj with size 2836 
07:15:17.945 [main] DEBUG org.sokybot.pk2.Pk2CryptoUtils - File com_side_button.ddj is not encrypted , flags not exists
07:15:17.945 [main] INFO org.soky.sro.pk2.io.Pk2IOTest - Consuming 2452 byte(s) from file com_side_button.ddj with size 2452 
07:15:17.945 [main] DEBUG org.sokybot.pk2.Pk2CryptoUtils - File com_side_button_disable.ddj is not encrypted , flags not exists
07:15:17.945 [main] INFO org.soky.sro.pk2.io.Pk2IOTest - Consuming 2452 byte(s) from file com_side_button_disable.ddj with size 2452 
07:15:17.945 [main] DEBUG org.sokybot.pk2.Pk2CryptoUtils - File com_side_button_focus.ddj is not encrypted , flags not exists
07:15:17.945 [main] INFO org.soky.sro.pk2.io.Pk2IOTest - Consuming 2452 byte(s) from file com_side_button_focus.ddj with size 2452 
07:15:17.945 [main] DEBUG org.sokybot.pk2.Pk2CryptoUtils - File com_side_button_press.ddj is not encrypted , flags not exists
07:15:17.945 [main] INFO org.soky.sro.pk2.io.Pk2IOTest - Consuming 2452 byte(s) from file com_side_button_press.ddj with size 2452 
07:15:17.945 [main] DEBUG org.sokybot.pk2.Pk2CryptoUtils - File com_silkmark.ddj is not encrypted , flags not exists
07:15:17.945 [main] INFO org.soky.sro.pk2.io.Pk2IOTest - Consuming 1812 byte(s) from file com_silkmark.ddj with size 1812 
07:15:17.946 [main] DEBUG org.sokybot.pk2.Pk2CryptoUtils - File com_small_star.ddj is not encrypted , flags not exists
07:15:17.946 [main] INFO org.soky.sro.pk2.io.Pk2IOTest - Consuming 276 byte(s) from file com_small_star.ddj with size 276 
07:15:17.946 [main] DEBUG org.sokybot.pk2.Pk2CryptoUtils - File com_square_left_down.ddj is not encrypted , flags not exists
07:15:17.946 [main] INFO org.soky.sro.pk2.io.Pk2IOTest - Consuming 180 byte(s) from file com_square_left_down.ddj with size 180 
07:15:17.946 [main] DEBUG org.sokybot.pk2.Pk2CryptoUtils - File com_square_left_side.ddj is not encrypted , flags not exists
07:15:17.946 [main] INFO org.soky.sro.pk2.io.Pk2IOTest - Consuming 660 byte(s) from file com_square_left_side.ddj with size 660 
07:15:17.946 [main] DEBUG org.sokybot.pk2.Pk2CryptoUtils - File com_square_left_up.ddj is not encrypted , flags not exists
07:15:17.946 [main] INFO org.soky.sro.pk2.io.Pk2IOTest - Consuming 180 byte(s) from file com_square_left_up.ddj with size 180 
07:15:17.946 [main] DEBUG org.sokybot.pk2.Pk2CryptoUtils - File com_square_right_down.ddj is not encrypted , flags not exists
07:15:17.946 [main] INFO org.soky.sro.pk2.io.Pk2IOTest - Consuming 180 byte(s) from file com_square_right_down.ddj with size 180 
07:15:17.946 [main] DEBUG org.sokybot.pk2.Pk2CryptoUtils - File com_square_right_side.ddj is not encrypted , flags not exists
07:15:17.946 [main] INFO org.soky.sro.pk2.io.Pk2IOTest - Consuming 660 byte(s) from file com_square_right_side.ddj with size 660 
07:15:17.947 [main] DEBUG org.sokybot.pk2.Pk2CryptoUtils - File com_square_right_up.ddj is not encrypted , flags not exists
07:15:17.947 [main] INFO org.soky.sro.pk2.io.Pk2IOTest - Consuming 180 byte(s) from file com_square_right_up.ddj with size 180 
07:15:17.947 [main] DEBUG org.sokybot.pk2.Pk2CryptoUtils - File com_stall_line.ddj is not encrypted , flags not exists
07:15:17.947 [main] INFO org.soky.sro.pk2.io.Pk2IOTest - Consuming 244 byte(s) from file com_stall_line.ddj with size 244 
07:15:17.947 [main] DEBUG org.sokybot.pk2.Pk2CryptoUtils - File com_star.ddj is not encrypted , flags not exists
07:15:17.947 [main] INFO org.soky.sro.pk2.io.Pk2IOTest - Consuming 436 byte(s) from file com_star.ddj with size 436 
07:15:17.947 [main] DEBUG org.sokybot.pk2.Pk2CryptoUtils - File com_s_button.ddj is not encrypted , flags not exists
07:15:17.947 [main] INFO org.soky.sro.pk2.io.Pk2IOTest - Consuming 1908 byte(s) from file com_s_button.ddj with size 1908 
07:15:17.947 [main] DEBUG org.sokybot.pk2.Pk2CryptoUtils - File com_s_button_disable.ddj is not encrypted , flags not exists
07:15:17.947 [main] INFO org.soky.sro.pk2.io.Pk2IOTest - Consuming 1908 byte(s) from file com_s_button_disable.ddj with size 1908 
07:15:17.947 [main] DEBUG org.sokybot.pk2.Pk2CryptoUtils - File com_s_button_focus.ddj is not encrypted , flags not exists
07:15:17.948 [main] INFO org.soky.sro.pk2.io.Pk2IOTest - Consuming 1908 byte(s) from file com_s_button_focus.ddj with size 1908 
07:15:17.948 [main] DEBUG org.sokybot.pk2.Pk2CryptoUtils - File com_s_button_press.ddj is not encrypted , flags not exists
07:15:17.948 [main] INFO org.soky.sro.pk2.io.Pk2IOTest - Consuming 1908 byte(s) from file com_s_button_press.ddj with size 1908 
07:15:17.948 [main] DEBUG org.sokybot.pk2.Pk2CryptoUtils - File com_tab_disable.ddj is not encrypted , flags not exists
07:15:17.948 [main] INFO org.soky.sro.pk2.io.Pk2IOTest - Consuming 3028 byte(s) from file com_tab_disable.ddj with size 3028 
07:15:17.948 [main] DEBUG org.sokybot.pk2.Pk2CryptoUtils - File com_tab_off.ddj is not encrypted , flags not exists
07:15:17.948 [main] INFO org.soky.sro.pk2.io.Pk2IOTest - Consuming 3028 byte(s) from file com_tab_off.ddj with size 3028 
07:15:17.948 [main] DEBUG org.sokybot.pk2.Pk2CryptoUtils - File com_tab_on.ddj is not encrypted , flags not exists
07:15:17.948 [main] INFO org.soky.sro.pk2.io.Pk2IOTest - Consuming 3028 byte(s) from file com_tab_on.ddj with size 3028 
07:15:17.948 [main] DEBUG org.sokybot.pk2.Pk2CryptoUtils - File com_tooltip_corner.ddj is not encrypted , flags not exists
07:15:17.949 [main] INFO org.soky.sro.pk2.io.Pk2IOTest - Consuming 276 byte(s) from file com_tooltip_corner.ddj with size 276 
07:15:17.949 [main] DEBUG org.sokybot.pk2.Pk2CryptoUtils - File com_tooltip_edge.ddj is not encrypted , flags not exists
07:15:17.949 [main] INFO org.soky.sro.pk2.io.Pk2IOTest - Consuming 212 byte(s) from file com_tooltip_edge.ddj with size 212 
07:15:17.949 [main] DEBUG org.sokybot.pk2.Pk2CryptoUtils - File com_warning_corner.ddj is not encrypted , flags not exists
07:15:17.949 [main] INFO org.soky.sro.pk2.io.Pk2IOTest - Consuming 1428 byte(s) from file com_warning_corner.ddj with size 1428 
07:15:17.949 [main] DEBUG org.sokybot.pk2.Pk2CryptoUtils - File com_warning_edge.ddj is not encrypted , flags not exists
07:15:17.949 [main] INFO org.soky.sro.pk2.io.Pk2IOTest - Consuming 276 byte(s) from file com_warning_edge.ddj with size 276 
07:15:17.949 [main] DEBUG org.sokybot.pk2.Pk2CryptoUtils - File com_windowclose.ddj is not encrypted , flags not exists
07:15:17.949 [main] INFO org.soky.sro.pk2.io.Pk2IOTest - Consuming 660 byte(s) from file com_windowclose.ddj with size 660 
07:15:17.949 [main] DEBUG org.sokybot.pk2.Pk2CryptoUtils - File com_windowclose_focus.ddj is not encrypted , flags not exists
07:15:17.949 [main] INFO org.soky.sro.pk2.io.Pk2IOTest - Consuming 660 byte(s) from file com_windowclose_focus.ddj with size 660 
07:15:17.949 [main] DEBUG org.sokybot.pk2.Pk2CryptoUtils - File com_windowclose_press.ddj is not encrypted , flags not exists
07:15:17.950 [main] INFO org.soky.sro.pk2.io.Pk2IOTest - Consuming 660 byte(s) from file com_windowclose_press.ddj with size 660 
07:15:17.950 [main] DEBUG org.sokybot.pk2.Pk2CryptoUtils - File window_all.ddj is not encrypted , flags not exists
07:15:17.958 [main] INFO org.soky.sro.pk2.io.Pk2IOTest - Consuming 524436 byte(s) from file window_all.ddj with size 524436 
07:15:17.958 [main] DEBUG org.sokybot.pk2.Pk2CryptoUtils - File com_new_tab_disable_left.ddj is not encrypted , flags not exists
07:15:17.958 [main] INFO org.soky.sro.pk2.io.Pk2IOTest - Consuming 1300 byte(s) from file com_new_tab_disable_left.ddj with size 1300 
07:15:17.959 [main] DEBUG org.sokybot.pk2.Pk2CryptoUtils - File com_new_tab_disable_mid.ddj is not encrypted , flags not exists
07:15:17.959 [main] INFO org.soky.sro.pk2.io.Pk2IOTest - Consuming 1300 byte(s) from file com_new_tab_disable_mid.ddj with size 1300 
07:15:17.959 [main] DEBUG org.sokybot.pk2.Pk2CryptoUtils - File com_new_tab_disable_right.ddj is not encrypted , flags not exists
07:15:17.959 [main] INFO org.soky.sro.pk2.io.Pk2IOTest - Consuming 1300 byte(s) from file com_new_tab_disable_right.ddj with size 1300 
07:15:17.959 [main] DEBUG org.sokybot.pk2.Pk2CryptoUtils - File com_new_tab_off_left.ddj is not encrypted , flags not exists
07:15:17.959 [main] INFO org.soky.sro.pk2.io.Pk2IOTest - Consuming 1300 byte(s) from file com_new_tab_off_left.ddj with size 1300 
07:15:17.959 [main] DEBUG org.sokybot.pk2.Pk2CryptoUtils - File com_new_tab_off_mid.ddj is not encrypted , flags not exists
07:15:17.959 [main] INFO org.soky.sro.pk2.io.Pk2IOTest - Consuming 1300 byte(s) from file com_new_tab_off_mid.ddj with size 1300 
07:15:17.959 [main] DEBUG org.sokybot.pk2.Pk2CryptoUtils - File com_new_tab_off_right.ddj is not encrypted , flags not exists
07:15:17.959 [main] INFO org.soky.sro.pk2.io.Pk2IOTest - Consuming 1300 byte(s) from file com_new_tab_off_right.ddj with size 1300 
07:15:17.959 [main] DEBUG org.sokybot.pk2.Pk2CryptoUtils - File com_new_tab_on_left.ddj is not encrypted , flags not exists
07:15:17.959 [main] INFO org.soky.sro.pk2.io.Pk2IOTest - Consuming 1300 byte(s) from file com_new_tab_on_left.ddj with size 1300 
07:15:17.960 [main] DEBUG org.sokybot.pk2.Pk2CryptoUtils - File com_new_tab_on_mid.ddj is not encrypted , flags not exists
07:15:17.960 [main] INFO org.soky.sro.pk2.io.Pk2IOTest - Consuming 1300 byte(s) from file com_new_tab_on_mid.ddj with size 1300 
07:15:17.960 [main] DEBUG org.sokybot.pk2.Pk2CryptoUtils - File com_new_tab_on_right.ddj is not encrypted , flags not exists
07:15:17.960 [main] INFO org.soky.sro.pk2.io.Pk2IOTest - Consuming 1300 byte(s) from file com_new_tab_on_right.ddj with size 1300 
07:15:17.960 [main] DEBUG org.sokybot.pk2.Pk2CryptoUtils - File com_object_button.ddj is not encrypted , flags not exists
07:15:17.960 [main] INFO org.soky.sro.pk2.io.Pk2IOTest - Consuming 4756 byte(s) from file com_object_button.ddj with size 4756 
07:15:17.960 [main] DEBUG org.sokybot.pk2.Pk2CryptoUtils - File com_object_button_focus.ddj is not encrypted , flags not exists
07:15:17.960 [main] INFO org.soky.sro.pk2.io.Pk2IOTest - Consuming 4756 byte(s) from file com_object_button_focus.ddj with size 4756 
07:15:17.960 [main] DEBUG org.sokybot.pk2.Pk2CryptoUtils - File com_object_button_press.ddj is not encrypted , flags not exists
07:15:17.961 [main] INFO org.soky.sro.pk2.io.Pk2IOTest - Consuming 4756 byte(s) from file com_object_button_press.ddj with size 4756 
07:15:17.961 [main] DEBUG org.sokybot.pk2.Pk2CryptoUtils - File com_orange_grad_gage.ddj is not encrypted , flags not exists
07:15:17.961 [main] INFO org.soky.sro.pk2.io.Pk2IOTest - Consuming 916 byte(s) from file com_orange_grad_gage.ddj with size 916 
07:15:17.961 [main] DEBUG org.sokybot.pk2.Pk2CryptoUtils - File com_person_button.ddj is not encrypted , flags not exists
07:15:17.961 [main] INFO org.soky.sro.pk2.io.Pk2IOTest - Consuming 4372 byte(s) from file com_person_button.ddj with size 4372 
07:15:17.961 [main] DEBUG org.sokybot.pk2.Pk2CryptoUtils - File com_person_button_focus.ddj is not encrypted , flags not exists
07:15:17.961 [main] INFO org.soky.sro.pk2.io.Pk2IOTest - Consuming 4372 byte(s) from file com_person_button_focus.ddj with size 4372 
07:15:17.961 [main] DEBUG org.sokybot.pk2.Pk2CryptoUtils - File com_person_button_press.ddj is not encrypted , flags not exists
07:15:17.961 [main] INFO org.soky.sro.pk2.io.Pk2IOTest - Consuming 4372 byte(s) from file com_person_button_press.ddj with size 4372 
07:15:17.962 [main] DEBUG org.sokybot.pk2.Pk2CryptoUtils - File com_ranking_money.ddj is not encrypted , flags not exists
07:15:17.962 [main] INFO org.soky.sro.pk2.io.Pk2IOTest - Consuming 14740 byte(s) from file com_ranking_money.ddj with size 14740 
07:15:17.962 [main] DEBUG org.sokybot.pk2.Pk2CryptoUtils - File com_re_arms.ddj is not encrypted , flags not exists
07:15:17.962 [main] INFO org.soky.sro.pk2.io.Pk2IOTest - Consuming 26260 byte(s) from file com_re_arms.ddj with size 26260 
07:15:17.963 [main] DEBUG org.sokybot.pk2.Pk2CryptoUtils - File com_re_avatar.ddj is not encrypted , flags not exists
07:15:17.964 [main] INFO org.soky.sro.pk2.io.Pk2IOTest - Consuming 26260 byte(s) from file com_re_avatar.ddj with size 26260 
07:15:17.964 [main] DEBUG org.sokybot.pk2.Pk2CryptoUtils - File com_re_avatar_ef.ddj is not encrypted , flags not exists
07:15:17.967 [main] INFO org.soky.sro.pk2.io.Pk2IOTest - Consuming 156820 byte(s) from file com_re_avatar_ef.ddj with size 156820 
07:15:17.967 [main] DEBUG org.sokybot.pk2.Pk2CryptoUtils - File com_re_shield_ef.ddj is not encrypted , flags not exists
07:15:17.970 [main] INFO org.soky.sro.pk2.io.Pk2IOTest - Consuming 156820 byte(s) from file com_re_shield_ef.ddj with size 156820 
07:15:17.970 [main] DEBUG org.sokybot.pk2.Pk2CryptoUtils - File com_re_shield_r.ddj is not encrypted , flags not exists
07:15:17.970 [main] INFO org.soky.sro.pk2.io.Pk2IOTest - Consuming 26260 byte(s) from file com_re_shield_r.ddj with size 26260 
07:15:17.971 [main] DEBUG org.sokybot.pk2.Pk2CryptoUtils - File com_re_shield_y.ddj is not encrypted , flags not exists
07:15:17.971 [main] INFO org.soky.sro.pk2.io.Pk2IOTest - Consuming 26260 byte(s) from file com_re_shield_y.ddj with size 26260 
07:15:17.971 [main] DEBUG org.sokybot.pk2.Pk2CryptoUtils - File com_re_sword_ef.ddj is not encrypted , flags not exists
07:15:17.974 [main] INFO org.soky.sro.pk2.io.Pk2IOTest - Consuming 156820 byte(s) from file com_re_sword_ef.ddj with size 156820 
07:15:17.974 [main] DEBUG org.sokybot.pk2.Pk2CryptoUtils - File com_re_sword_r.ddj is not encrypted , flags not exists
07:15:17.974 [main] INFO org.soky.sro.pk2.io.Pk2IOTest - Consuming 26260 byte(s) from file com_re_sword_r.ddj with size 26260 
07:15:17.975 [main] DEBUG org.sokybot.pk2.Pk2CryptoUtils - File com_re_sword_y.ddj is not encrypted , flags not exists
07:15:17.975 [main] INFO org.soky.sro.pk2.io.Pk2IOTest - Consuming 26260 byte(s) from file com_re_sword_y.ddj with size 26260 
07:15:17.975 [main] DEBUG org.sokybot.pk2.Pk2CryptoUtils - File com_scope_button.ddj is not encrypted , flags not exists
07:15:17.975 [main] INFO org.soky.sro.pk2.io.Pk2IOTest - Consuming 6676 byte(s) from file com_scope_button.ddj with size 6676 
07:15:17.975 [main] DEBUG org.sokybot.pk2.Pk2CryptoUtils - File com_scope_button_focus.ddj is not encrypted , flags not exists
07:15:17.976 [main] INFO org.soky.sro.pk2.io.Pk2IOTest - Consuming 6676 byte(s) from file com_scope_button_focus.ddj with size 6676 
07:15:17.976 [main] DEBUG org.sokybot.pk2.Pk2CryptoUtils - File com_scope_button_press.ddj is not encrypted , flags not exists
07:15:17.976 [main] INFO org.soky.sro.pk2.io.Pk2IOTest - Consuming 6676 byte(s) from file com_scope_button_press.ddj with size 6676 
07:15:17.976 [main] DEBUG org.sokybot.pk2.Pk2CryptoUtils - File com_thief_icon.ddj is not encrypted , flags not exists
07:15:17.976 [main] INFO org.soky.sro.pk2.io.Pk2IOTest - Consuming 724 byte(s) from file com_thief_icon.ddj with size 724 
07:15:17.976 [main] DEBUG org.sokybot.pk2.Pk2CryptoUtils - File quickparty_move_lock.ddj is not encrypted , flags not exists
07:15:17.976 [main] INFO org.soky.sro.pk2.io.Pk2IOTest - Consuming 1748 byte(s) from file quickparty_move_lock.ddj with size 1748 
07:15:17.976 [main] DEBUG org.sokybot.pk2.Pk2CryptoUtils - File quickparty_move_lock_disable.ddj is not encrypted , flags not exists
07:15:17.976 [main] INFO org.soky.sro.pk2.io.Pk2IOTest - Consuming 2452 byte(s) from file quickparty_move_lock_disable.ddj with size 2452 
07:15:17.976 [main] DEBUG org.sokybot.pk2.Pk2CryptoUtils - File quickparty_move_lock_focus.ddj is not encrypted , flags not exists
07:15:17.977 [main] INFO org.soky.sro.pk2.io.Pk2IOTest - Consuming 1748 byte(s) from file quickparty_move_lock_focus.ddj with size 1748 
07:15:17.977 [main] DEBUG org.sokybot.pk2.Pk2CryptoUtils - File quickparty_move_lock_press.ddj is not encrypted , flags not exists
07:15:17.977 [main] INFO org.soky.sro.pk2.io.Pk2IOTest - Consuming 1748 byte(s) from file quickparty_move_lock_press.ddj with size 1748 
07:15:17.977 [main] DEBUG org.sokybot.pk2.Pk2CryptoUtils - File quickparty_move_unlock.ddj is not encrypted , flags not exists
07:15:17.977 [main] INFO org.soky.sro.pk2.io.Pk2IOTest - Consuming 1748 byte(s) from file quickparty_move_unlock.ddj with size 1748 
07:15:17.977 [main] DEBUG org.sokybot.pk2.Pk2CryptoUtils - File quickparty_move_unlock_disable.ddj is not encrypted , flags not exists
07:15:17.977 [main] INFO org.soky.sro.pk2.io.Pk2IOTest - Consuming 2452 byte(s) from file quickparty_move_unlock_disable.ddj with size 2452 
07:15:17.977 [main] DEBUG org.sokybot.pk2.Pk2CryptoUtils - File quickparty_move_unlock_focus.ddj is not encrypted , flags not exists
07:15:17.977 [main] INFO org.soky.sro.pk2.io.Pk2IOTest - Consuming 1748 byte(s) from file quickparty_move_unlock_focus.ddj with size 1748 
07:15:17.977 [main] DEBUG org.sokybot.pk2.Pk2CryptoUtils - File quickparty_move_unlock_press.ddj is not encrypted , flags not exists
07:15:17.977 [main] INFO org.soky.sro.pk2.io.Pk2IOTest - Consuming 1748 byte(s) from file quickparty_move_unlock_press.ddj with size 1748 
07:15:17.978 [main] DEBUG org.sokybot.pk2.Pk2CryptoUtils - File quick_hp.ddj is not encrypted , flags not exists
07:15:17.978 [main] INFO org.soky.sro.pk2.io.Pk2IOTest - Consuming 212 byte(s) from file quick_hp.ddj with size 212 
07:15:17.978 [main] DEBUG org.sokybot.pk2.Pk2CryptoUtils - File quick_hpmp_form.ddj is not encrypted , flags not exists
07:15:17.978 [main] INFO org.soky.sro.pk2.io.Pk2IOTest - Consuming 3796 byte(s) from file quick_hpmp_form.ddj with size 3796 
07:15:17.978 [main] DEBUG org.sokybot.pk2.Pk2CryptoUtils - File quick_hp_form.ddj is not encrypted , flags not exists
07:15:17.978 [main] INFO org.soky.sro.pk2.io.Pk2IOTest - Consuming 2580 byte(s) from file quick_hp_form.ddj with size 2580 
07:15:17.978 [main] DEBUG org.sokybot.pk2.Pk2CryptoUtils - File quick_mp.ddj is not encrypted , flags not exists
07:15:17.978 [main] INFO org.soky.sro.pk2.io.Pk2IOTest - Consuming 212 byte(s) from file quick_mp.ddj with size 212 
07:15:17.978 [main] DEBUG org.sokybot.pk2.Pk2CryptoUtils - File com_class_button.ddj is not encrypted , flags not exists
07:15:17.979 [main] INFO org.soky.sro.pk2.io.Pk2IOTest - Consuming 7444 byte(s) from file com_class_button.ddj with size 7444 
07:15:17.979 [main] DEBUG org.sokybot.pk2.Pk2CryptoUtils - File com_class_button_focus.ddj is not encrypted , flags not exists
07:15:17.979 [main] INFO org.soky.sro.pk2.io.Pk2IOTest - Consuming 7444 byte(s) from file com_class_button_focus.ddj with size 7444 
07:15:17.979 [main] DEBUG org.sokybot.pk2.Pk2CryptoUtils - File com_class_button_press.ddj is not encrypted , flags not exists
07:15:17.979 [main] INFO org.soky.sro.pk2.io.Pk2IOTest - Consuming 7444 byte(s) from file com_class_button_press.ddj with size 7444 
07:15:17.979 [main] DEBUG org.sokybot.pk2.Pk2CryptoUtils - File com_commoner_icon.ddj is not encrypted , flags not exists
07:15:17.979 [main] INFO org.soky.sro.pk2.io.Pk2IOTest - Consuming 724 byte(s) from file com_commoner_icon.ddj with size 724 
07:15:17.980 [main] DEBUG org.sokybot.pk2.Pk2CryptoUtils - File com_community_letter.ddj is not encrypted , flags not exists
07:15:17.980 [main] INFO org.soky.sro.pk2.io.Pk2IOTest - Consuming 3284 byte(s) from file com_community_letter.ddj with size 3284 
07:15:17.980 [main] DEBUG org.sokybot.pk2.Pk2CryptoUtils - File com_fatigue_gage_gray.ddj is not encrypted , flags not exists
07:15:17.980 [main] INFO org.soky.sro.pk2.io.Pk2IOTest - Consuming 2132 byte(s) from file com_fatigue_gage_gray.ddj with size 2132 
07:15:17.980 [main] DEBUG org.sokybot.pk2.Pk2CryptoUtils - File com_fatigue_gage_red.ddj is not encrypted , flags not exists
07:15:17.980 [main] INFO org.soky.sro.pk2.io.Pk2IOTest - Consuming 2132 byte(s) from file com_fatigue_gage_red.ddj with size 2132 
07:15:17.980 [main] DEBUG org.sokybot.pk2.Pk2CryptoUtils - File com_fatigue_gage_yellow.ddj is not encrypted , flags not exists
07:15:17.980 [main] INFO org.soky.sro.pk2.io.Pk2IOTest - Consuming 2132 byte(s) from file com_fatigue_gage_yellow.ddj with size 2132 
07:15:17.980 [main] DEBUG org.sokybot.pk2.Pk2CryptoUtils - File com_fatigue_window.ddj is not encrypted , flags not exists
07:15:17.980 [main] INFO org.soky.sro.pk2.io.Pk2IOTest - Consuming 6484 byte(s) from file com_fatigue_window.ddj with size 6484 
07:15:17.981 [main] DEBUG org.sokybot.pk2.Pk2CryptoUtils - File com_graduate_button.ddj is not encrypted , flags not exists
07:15:17.981 [main] INFO org.soky.sro.pk2.io.Pk2IOTest - Consuming 5524 byte(s) from file com_graduate_button.ddj with size 5524 
07:15:17.981 [main] DEBUG org.sokybot.pk2.Pk2CryptoUtils - File com_graduate_button_focus.ddj is not encrypted , flags not exists
07:15:17.981 [main] INFO org.soky.sro.pk2.io.Pk2IOTest - Consuming 5524 byte(s) from file com_graduate_button_focus.ddj with size 5524 
07:15:17.981 [main] DEBUG org.sokybot.pk2.Pk2CryptoUtils - File com_graduate_button_press.ddj is not encrypted , flags not exists
07:15:17.981 [main] INFO org.soky.sro.pk2.io.Pk2IOTest - Consuming 5524 byte(s) from file com_graduate_button_press.ddj with size 5524 
07:15:17.981 [main] DEBUG org.sokybot.pk2.Pk2CryptoUtils - File com_grad_gage_form.ddj is not encrypted , flags not exists
07:15:17.982 [main] INFO org.soky.sro.pk2.io.Pk2IOTest - Consuming 30100 byte(s) from file com_grad_gage_form.ddj with size 30100 
07:15:17.982 [main] DEBUG org.sokybot.pk2.Pk2CryptoUtils - File com_grad_icon.ddj is not encrypted , flags not exists
07:15:17.982 [main] INFO org.soky.sro.pk2.io.Pk2IOTest - Consuming 4244 byte(s) from file com_grad_icon.ddj with size 4244 
07:15:17.982 [main] DEBUG org.sokybot.pk2.Pk2CryptoUtils - File com_grad_icon_focus.ddj is not encrypted , flags not exists
07:15:17.982 [main] INFO org.soky.sro.pk2.io.Pk2IOTest - Consuming 4244 byte(s) from file com_grad_icon_focus.ddj with size 4244 
07:15:17.983 [main] DEBUG org.sokybot.pk2.Pk2CryptoUtils - File com_grad_icon_press.ddj is not encrypted , flags not exists
07:15:17.983 [main] INFO org.soky.sro.pk2.io.Pk2IOTest - Consuming 4244 byte(s) from file com_grad_icon_press.ddj with size 4244 
07:15:17.983 [main] DEBUG org.sokybot.pk2.Pk2CryptoUtils - File com_green_grad_gage.ddj is not encrypted , flags not exists
07:15:17.983 [main] INFO org.soky.sro.pk2.io.Pk2IOTest - Consuming 916 byte(s) from file com_green_grad_gage.ddj with size 916 
07:15:17.983 [main] DEBUG org.sokybot.pk2.Pk2CryptoUtils - File com_hunter_icon.ddj is not encrypted , flags not exists
07:15:17.983 [main] INFO org.soky.sro.pk2.io.Pk2IOTest - Consuming 724 byte(s) from file com_hunter_icon.ddj with size 724 
07:15:17.983 [main] DEBUG org.sokybot.pk2.Pk2CryptoUtils - File com_close_icon_box.ddj is not encrypted , flags not exists
07:15:17.983 [main] INFO org.soky.sro.pk2.io.Pk2IOTest - Consuming 9364 byte(s) from file com_close_icon_box.ddj with size 9364 
07:15:17.983 [main] DEBUG org.sokybot.pk2.Pk2CryptoUtils - File com_collection_deco_window.ddj is not encrypted , flags not exists
07:15:17.984 [main] INFO org.soky.sro.pk2.io.Pk2IOTest - Consuming 41812 byte(s) from file com_collection_deco_window.ddj with size 41812 
07:15:17.984 [main] DEBUG org.sokybot.pk2.Pk2CryptoUtils - File com_collection_effect.ddj is not encrypted , flags not exists
07:15:18.010 [main] INFO org.soky.sro.pk2.io.Pk2IOTest - Consuming 1704084 byte(s) from file com_collection_effect.ddj with size 1704084 
07:15:18.010 [main] DEBUG org.sokybot.pk2.Pk2CryptoUtils - File com_guildmark_a.ddj is not encrypted , flags not exists
07:15:18.010 [main] INFO org.soky.sro.pk2.io.Pk2IOTest - Consuming 1172 byte(s) from file com_guildmark_a.ddj with size 1172 
07:15:18.011 [main] DEBUG org.sokybot.pk2.Pk2CryptoUtils - File com_guildmark_b.ddj is not encrypted , flags not exists
07:15:18.011 [main] INFO org.soky.sro.pk2.io.Pk2IOTest - Consuming 1172 byte(s) from file com_guildmark_b.ddj with size 1172 
07:15:18.011 [main] DEBUG org.sokybot.pk2.Pk2CryptoUtils - File com_guildmark_c.ddj is not encrypted , flags not exists
07:15:18.011 [main] INFO org.soky.sro.pk2.io.Pk2IOTest - Consuming 1172 byte(s) from file com_guildmark_c.ddj with size 1172 
07:15:18.011 [main] DEBUG org.sokybot.pk2.Pk2CryptoUtils - File com_guildmark_d.ddj is not encrypted , flags not exists
07:15:18.011 [main] INFO org.soky.sro.pk2.io.Pk2IOTest - Consuming 1172 byte(s) from file com_guildmark_d.ddj with size 1172 
07:15:18.011 [main] DEBUG org.sokybot.pk2.Pk2CryptoUtils - File com_job_hunter_icon.ddj is not encrypted , flags not exists
07:15:18.011 [main] INFO org.soky.sro.pk2.io.Pk2IOTest - Consuming 4244 byte(s) from file com_job_hunter_icon.ddj with size 4244 
07:15:18.011 [main] DEBUG org.sokybot.pk2.Pk2CryptoUtils - File com_job_teaf_icon.ddj is not encrypted , flags not exists
07:15:18.011 [main] INFO org.soky.sro.pk2.io.Pk2IOTest - Consuming 4244 byte(s) from file com_job_teaf_icon.ddj with size 4244 
07:15:18.012 [main] DEBUG org.sokybot.pk2.Pk2CryptoUtils - File com_level_arrowt.ddj is not encrypted , flags not exists
07:15:18.012 [main] INFO org.soky.sro.pk2.io.Pk2IOTest - Consuming 6100 byte(s) from file com_level_arrowt.ddj with size 6100 
07:15:18.012 [main] DEBUG org.sokybot.pk2.Pk2CryptoUtils - File com_gngwc_draw.ddj is not encrypted , flags not exists
07:15:18.012 [main] INFO org.soky.sro.pk2.io.Pk2IOTest - Consuming 6868 byte(s) from file com_gngwc_draw.ddj with size 6868 
07:15:18.012 [main] DEBUG org.sokybot.pk2.Pk2CryptoUtils - File com_gngwc_lose.ddj is not encrypted , flags not exists
07:15:18.012 [main] INFO org.soky.sro.pk2.io.Pk2IOTest - Consuming 6676 byte(s) from file com_gngwc_lose.ddj with size 6676 
07:15:18.013 [main] DEBUG org.sokybot.pk2.Pk2CryptoUtils - File com_gngwc_team.ddj is not encrypted , flags not exists
07:15:18.013 [main] INFO org.soky.sro.pk2.io.Pk2IOTest - Consuming 6676 byte(s) from file com_gngwc_team.ddj with size 6676 
07:15:18.013 [main] DEBUG org.sokybot.pk2.Pk2CryptoUtils - File com_gngwc_team_a.ddj is not encrypted , flags not exists
07:15:18.013 [main] INFO org.soky.sro.pk2.io.Pk2IOTest - Consuming 1748 byte(s) from file com_gngwc_team_a.ddj with size 1748 
07:15:18.013 [main] DEBUG org.sokybot.pk2.Pk2CryptoUtils - File com_gngwc_team_b.ddj is not encrypted , flags not exists
07:15:18.013 [main] INFO org.soky.sro.pk2.io.Pk2IOTest - Consuming 1748 byte(s) from file com_gngwc_team_b.ddj with size 1748 
07:15:18.013 [main] DEBUG org.sokybot.pk2.Pk2CryptoUtils - File com_gngwc_team_c.ddj is not encrypted , flags not exists
07:15:18.013 [main] INFO org.soky.sro.pk2.io.Pk2IOTest - Consuming 2068 byte(s) from file com_gngwc_team_c.ddj with size 2068 
07:15:18.013 [main] DEBUG org.sokybot.pk2.Pk2CryptoUtils - File com_gngwc_team_d.ddj is not encrypted , flags not exists
07:15:18.014 [main] INFO org.soky.sro.pk2.io.Pk2IOTest - Consuming 1748 byte(s) from file com_gngwc_team_d.ddj with size 1748 
07:15:18.014 [main] DEBUG org.sokybot.pk2.Pk2CryptoUtils - File com_gngwc_win.ddj is not encrypted , flags not exists
07:15:18.014 [main] INFO org.soky.sro.pk2.io.Pk2IOTest - Consuming 4948 byte(s) from file com_gngwc_win.ddj with size 4948 
07:15:18.014 [main] DEBUG org.sokybot.pk2.Pk2CryptoUtils - File com_item_lock.ddj is not encrypted , flags not exists
07:15:18.014 [main] INFO org.soky.sro.pk2.io.Pk2IOTest - Consuming 4244 byte(s) from file com_item_lock.ddj with size 4244 
07:15:18.014 [main] DEBUG org.sokybot.pk2.Pk2CryptoUtils - File com_premiun_item_box.ddj is not encrypted , flags not exists
07:15:18.014 [main] INFO org.soky.sro.pk2.io.Pk2IOTest - Consuming 14548 byte(s) from file com_premiun_item_box.ddj with size 14548 
07:15:18.015 [main] DEBUG org.sokybot.pk2.Pk2CryptoUtils - File casting_gage_health.ddj is not encrypted , flags not exists
07:15:18.015 [main] INFO org.soky.sro.pk2.io.Pk2IOTest - Consuming 724 byte(s) from file casting_gage_health.ddj with size 724 
07:15:18.015 [main] DEBUG org.sokybot.pk2.Pk2CryptoUtils - File casting_gage_skill.ddj is not encrypted , flags not exists
07:15:18.015 [main] INFO org.soky.sro.pk2.io.Pk2IOTest - Consuming 724 byte(s) from file casting_gage_skill.ddj with size 724 
07:15:18.015 [main] DEBUG org.sokybot.pk2.Pk2CryptoUtils - File com_blacksquare_left_down.ddj is not encrypted , flags not exists
07:15:18.015 [main] INFO org.soky.sro.pk2.io.Pk2IOTest - Consuming 180 byte(s) from file com_blacksquare_left_down.ddj with size 180 
07:15:18.015 [main] DEBUG org.sokybot.pk2.Pk2CryptoUtils - File com_blacksquare_left_side.ddj is not encrypted , flags not exists
07:15:18.015 [main] INFO org.soky.sro.pk2.io.Pk2IOTest - Consuming 180 byte(s) from file com_blacksquare_left_side.ddj with size 180 
07:15:18.015 [main] DEBUG org.sokybot.pk2.Pk2CryptoUtils - File com_blacksquare_left_up.ddj is not encrypted , flags not exists
07:15:18.015 [main] INFO org.soky.sro.pk2.io.Pk2IOTest - Consuming 180 byte(s) from file com_blacksquare_left_up.ddj with size 180 
07:15:18.015 [main] DEBUG org.sokybot.pk2.Pk2CryptoUtils - File com_blacksquare_right_down.ddj is not encrypted , flags not exists
07:15:18.016 [main] INFO org.soky.sro.pk2.io.Pk2IOTest - Consuming 180 byte(s) from file com_blacksquare_right_down.ddj with size 180 
07:15:18.016 [main] DEBUG org.sokybot.pk2.Pk2CryptoUtils - File com_blacksquare_right_side.ddj is not encrypted , flags not exists
07:15:18.016 [main] INFO org.soky.sro.pk2.io.Pk2IOTest - Consuming 180 byte(s) from file com_blacksquare_right_side.ddj with size 180 
07:15:18.016 [main] DEBUG org.sokybot.pk2.Pk2CryptoUtils - File com_blacksquare_right_up.ddj is not encrypted , flags not exists
07:15:18.016 [main] INFO org.soky.sro.pk2.io.Pk2IOTest - Consuming 180 byte(s) from file com_blacksquare_right_up.ddj with size 180 
07:15:18.016 [main] DEBUG org.sokybot.pk2.Pk2CryptoUtils - File com_blue_tile.ddj is not encrypted , flags not exists
07:15:18.016 [main] INFO org.soky.sro.pk2.io.Pk2IOTest - Consuming 276 byte(s) from file com_blue_tile.ddj with size 276 
07:15:18.016 [main] DEBUG org.sokybot.pk2.Pk2CryptoUtils - File com_blu_button.ddj is not encrypted , flags not exists
07:15:18.016 [main] INFO org.soky.sro.pk2.io.Pk2IOTest - Consuming 2068 byte(s) from file com_blu_button.ddj with size 2068 
07:15:18.016 [main] DEBUG org.sokybot.pk2.Pk2CryptoUtils - File com_blu_button_focus.ddj is not encrypted , flags not exists
07:15:18.016 [main] INFO org.soky.sro.pk2.io.Pk2IOTest - Consuming 2068 byte(s) from file com_blu_button_focus.ddj with size 2068 
07:15:18.017 [main] DEBUG org.sokybot.pk2.Pk2CryptoUtils - File com_blu_button_press.ddj is not encrypted , flags not exists
07:15:18.017 [main] INFO org.soky.sro.pk2.io.Pk2IOTest - Consuming 2068 byte(s) from file com_blu_button_press.ddj with size 2068 
07:15:18.017 [main] DEBUG org.sokybot.pk2.Pk2CryptoUtils - File com_brown_tile.ddj is not encrypted , flags not exists
07:15:18.017 [main] INFO org.soky.sro.pk2.io.Pk2IOTest - Consuming 276 byte(s) from file com_brown_tile.ddj with size 276 
07:15:18.017 [main] DEBUG org.sokybot.pk2.Pk2CryptoUtils - File com_button.ddj is not encrypted , flags not exists
07:15:18.017 [main] INFO org.soky.sro.pk2.io.Pk2IOTest - Consuming 3796 byte(s) from file com_button.ddj with size 3796 
07:15:18.017 [main] DEBUG org.sokybot.pk2.Pk2CryptoUtils - File com_button_disable.ddj is not encrypted , flags not exists
07:15:18.017 [main] INFO org.soky.sro.pk2.io.Pk2IOTest - Consuming 3796 byte(s) from file com_button_disable.ddj with size 3796 
07:15:18.017 [main] DEBUG org.sokybot.pk2.Pk2CryptoUtils - File com_button_focus.ddj is not encrypted , flags not exists
07:15:18.017 [main] INFO org.soky.sro.pk2.io.Pk2IOTest - Consuming 3796 byte(s) from file com_button_focus.ddj with size 3796 
07:15:18.018 [main] DEBUG org.sokybot.pk2.Pk2CryptoUtils - File com_button_press.ddj is not encrypted , flags not exists
07:15:18.018 [main] INFO org.soky.sro.pk2.io.Pk2IOTest - Consuming 3796 byte(s) from file com_button_press.ddj with size 3796 
07:15:18.018 [main] DEBUG org.sokybot.pk2.Pk2CryptoUtils - File com_casting_cancel.ddj is not encrypted , flags not exists
07:15:18.018 [main] INFO org.soky.sro.pk2.io.Pk2IOTest - Consuming 948 byte(s) from file com_casting_cancel.ddj with size 948 
07:15:18.018 [main] DEBUG org.sokybot.pk2.Pk2CryptoUtils - File com_casting_cancel_focus.ddj is not encrypted , flags not exists
07:15:18.018 [main] INFO org.soky.sro.pk2.io.Pk2IOTest - Consuming 948 byte(s) from file com_casting_cancel_focus.ddj with size 948 
07:15:18.018 [main] DEBUG org.sokybot.pk2.Pk2CryptoUtils - File com_casting_cancel_press.ddj is not encrypted , flags not exists
07:15:18.018 [main] INFO org.soky.sro.pk2.io.Pk2IOTest - Consuming 948 byte(s) from file com_casting_cancel_press.ddj with size 948 
07:15:18.018 [main] DEBUG org.sokybot.pk2.Pk2CryptoUtils - File com_casting_gauge_collection.ddj is not encrypted , flags not exists
07:15:18.018 [main] INFO org.soky.sro.pk2.io.Pk2IOTest - Consuming 3092 byte(s) from file com_casting_gauge_collection.ddj with size 3092 
07:15:18.019 [main] DEBUG org.sokybot.pk2.Pk2CryptoUtils - File com_casting_gauge_health.ddj is not encrypted , flags not exists
07:15:18.019 [main] INFO org.soky.sro.pk2.io.Pk2IOTest - Consuming 3092 byte(s) from file com_casting_gauge_health.ddj with size 3092 
07:15:18.019 [main] DEBUG org.sokybot.pk2.Pk2CryptoUtils - File com_casting_gauge_recallguild.ddj is not encrypted , flags not exists
07:15:18.019 [main] INFO org.soky.sro.pk2.io.Pk2IOTest - Consuming 3092 byte(s) from file com_casting_gauge_recallguild.ddj with size 3092 
07:15:18.019 [main] DEBUG org.sokybot.pk2.Pk2CryptoUtils - File com_casting_gauge_recallguild_bright.ddj is not encrypted , flags not exists
07:15:18.019 [main] INFO org.soky.sro.pk2.io.Pk2IOTest - Consuming 12436 byte(s) from file com_casting_gauge_recallguild_bright.ddj with size 12436 
07:15:18.019 [main] DEBUG org.sokybot.pk2.Pk2CryptoUtils - File com_casting_gauge_return.ddj is not encrypted , flags not exists
07:15:18.019 [main] INFO org.soky.sro.pk2.io.Pk2IOTest - Consuming 3092 byte(s) from file com_casting_gauge_return.ddj with size 3092 
07:15:18.020 [main] DEBUG org.sokybot.pk2.Pk2CryptoUtils - File com_casting_gauge_return_bright.ddj is not encrypted , flags not exists
07:15:18.020 [main] INFO org.soky.sro.pk2.io.Pk2IOTest - Consuming 12436 byte(s) from file com_casting_gauge_return_bright.ddj with size 12436 
07:15:18.020 [main] DEBUG org.sokybot.pk2.Pk2CryptoUtils - File com_casting_gauge_skill.ddj is not encrypted , flags not exists
07:15:18.020 [main] INFO org.soky.sro.pk2.io.Pk2IOTest - Consuming 3092 byte(s) from file com_casting_gauge_skill.ddj with size 3092 
07:15:18.020 [main] DEBUG org.sokybot.pk2.Pk2CryptoUtils - File com_casting_gauge_skill_bright.ddj is not encrypted , flags not exists
07:15:18.020 [main] INFO org.soky.sro.pk2.io.Pk2IOTest - Consuming 12436 byte(s) from file com_casting_gauge_skill_bright.ddj with size 12436 
07:15:18.021 [main] DEBUG org.sokybot.pk2.Pk2CryptoUtils - File com_casting_gauge_spool.ddj is not encrypted , flags not exists
07:15:18.021 [main] INFO org.soky.sro.pk2.io.Pk2IOTest - Consuming 3092 byte(s) from file com_casting_gauge_spool.ddj with size 3092 
07:15:18.021 [main] DEBUG org.sokybot.pk2.Pk2CryptoUtils - File com_casting_window.ddj is not encrypted , flags not exists
07:15:18.021 [main] INFO org.soky.sro.pk2.io.Pk2IOTest - Consuming 27796 byte(s) from file com_casting_window.ddj with size 27796 
07:15:18.022 [main] DEBUG org.sokybot.pk2.Pk2CryptoUtils - File com_caution.ddj is not encrypted , flags not exists
07:15:18.022 [main] INFO org.soky.sro.pk2.io.Pk2IOTest - Consuming 660 byte(s) from file com_caution.ddj with size 660 
07:15:18.022 [main] DEBUG org.sokybot.pk2.Pk2CryptoUtils - File com_checkbutton.ddj is not encrypted , flags not exists
07:15:18.022 [main] INFO org.soky.sro.pk2.io.Pk2IOTest - Consuming 660 byte(s) from file com_checkbutton.ddj with size 660 
07:15:18.022 [main] DEBUG org.sokybot.pk2.Pk2CryptoUtils - File com_checkbutton_off.ddj is not encrypted , flags not exists
07:15:18.022 [main] INFO org.soky.sro.pk2.io.Pk2IOTest - Consuming 660 byte(s) from file com_checkbutton_off.ddj with size 660 
07:15:18.022 [main] DEBUG org.sokybot.pk2.Pk2CryptoUtils - File com_checkbutton_on.ddj is not encrypted , flags not exists
07:15:18.023 [main] INFO org.soky.sro.pk2.io.Pk2IOTest - Consuming 660 byte(s) from file com_checkbutton_on.ddj with size 660 
07:15:18.023 [main] DEBUG org.sokybot.pk2.Pk2CryptoUtils - File com_checkbutton_on_disable.ddj is not encrypted , flags not exists
07:15:18.023 [main] INFO org.soky.sro.pk2.io.Pk2IOTest - Consuming 660 byte(s) from file com_checkbutton_on_disable.ddj with size 660 
07:15:18.023 [main] DEBUG org.sokybot.pk2.Pk2CryptoUtils - File com_checkbutton_press.ddj is not encrypted , flags not exists
07:15:18.023 [main] INFO org.soky.sro.pk2.io.Pk2IOTest - Consuming 660 byte(s) from file com_checkbutton_press.ddj with size 660 
07:15:18.023 [main] DEBUG org.sokybot.pk2.Pk2CryptoUtils - File com_count_slot.ddj is not encrypted , flags not exists
07:15:18.023 [main] INFO org.soky.sro.pk2.io.Pk2IOTest - Consuming 3508 byte(s) from file com_count_slot.ddj with size 3508 
07:15:18.024 [main] DEBUG org.sokybot.pk2.Pk2CryptoUtils - File com_del_button.ddj is not encrypted , flags not exists
07:15:18.024 [main] INFO org.soky.sro.pk2.io.Pk2IOTest - Consuming 628 byte(s) from file com_del_button.ddj with size 628 
07:15:18.024 [main] DEBUG org.sokybot.pk2.Pk2CryptoUtils - File com_del_button_focus.ddj is not encrypted , flags not exists
07:15:18.024 [main] INFO org.soky.sro.pk2.io.Pk2IOTest - Consuming 628 byte(s) from file com_del_button_focus.ddj with size 628 
07:15:18.024 [main] DEBUG org.sokybot.pk2.Pk2CryptoUtils - File com_del_button_press.ddj is not encrypted , flags not exists
07:15:18.024 [main] INFO org.soky.sro.pk2.io.Pk2IOTest - Consuming 628 byte(s) from file com_del_button_press.ddj with size 628 
07:15:18.025 [main] DEBUG org.sokybot.pk2.Pk2CryptoUtils - File com_diamond.ddj is not encrypted , flags not exists
07:15:18.025 [main] INFO org.soky.sro.pk2.io.Pk2IOTest - Consuming 436 byte(s) from file com_diamond.ddj with size 436 
07:15:18.025 [main] DEBUG org.sokybot.pk2.Pk2CryptoUtils - File com_donation_button.ddj is not encrypted , flags not exists
07:15:18.025 [main] INFO org.soky.sro.pk2.io.Pk2IOTest - Consuming 660 byte(s) from file com_donation_button.ddj with size 660 
07:15:18.025 [main] DEBUG org.sokybot.pk2.Pk2CryptoUtils - File com_donation_button_focus.ddj is not encrypted , flags not exists
07:15:18.025 [main] INFO org.soky.sro.pk2.io.Pk2IOTest - Consuming 660 byte(s) from file com_donation_button_focus.ddj with size 660 
07:15:18.025 [main] DEBUG org.sokybot.pk2.Pk2CryptoUtils - File com_donation_button_press.ddj is not encrypted , flags not exists
07:15:18.025 [main] INFO org.soky.sro.pk2.io.Pk2IOTest - Consuming 660 byte(s) from file com_donation_button_press.ddj with size 660 
07:15:18.026 [main] DEBUG org.sokybot.pk2.Pk2CryptoUtils - File com_d_windowclose.ddj is not encrypted , flags not exists
07:15:18.026 [main] INFO org.soky.sro.pk2.io.Pk2IOTest - Consuming 1172 byte(s) from file com_d_windowclose.ddj with size 1172 
07:15:18.026 [main] DEBUG org.sokybot.pk2.Pk2CryptoUtils - File com_d_windowclose_focus.ddj is not encrypted , flags not exists
07:15:18.026 [main] INFO org.soky.sro.pk2.io.Pk2IOTest - Consuming 1172 byte(s) from file com_d_windowclose_focus.ddj with size 1172 
07:15:18.026 [main] DEBUG org.sokybot.pk2.Pk2CryptoUtils - File com_d_windowclose_press.ddj is not encrypted , flags not exists
07:15:18.026 [main] INFO org.soky.sro.pk2.io.Pk2IOTest - Consuming 1172 byte(s) from file com_d_windowclose_press.ddj with size 1172 
07:15:18.027 [main] DEBUG org.sokybot.pk2.Pk2CryptoUtils - File com_frpvp_voucher_a.ddj is not encrypted , flags not exists
07:15:18.027 [main] INFO org.soky.sro.pk2.io.Pk2IOTest - Consuming 660 byte(s) from file com_frpvp_voucher_a.ddj with size 660 
07:15:18.027 [main] DEBUG org.sokybot.pk2.Pk2CryptoUtils - File com_frpvp_voucher_b.ddj is not encrypted , flags not exists
07:15:18.027 [main] INFO org.soky.sro.pk2.io.Pk2IOTest - Consuming 660 byte(s) from file com_frpvp_voucher_b.ddj with size 660 
07:15:18.027 [main] DEBUG org.sokybot.pk2.Pk2CryptoUtils - File com_frpvp_voucher_c.ddj is not encrypted , flags not exists
07:15:18.027 [main] INFO org.soky.sro.pk2.io.Pk2IOTest - Consuming 660 byte(s) from file com_frpvp_voucher_c.ddj with size 660 
07:15:18.027 [main] DEBUG org.sokybot.pk2.Pk2CryptoUtils - File com_frpvp_voucher_d.ddj is not encrypted , flags not exists
07:15:18.027 [main] INFO org.soky.sro.pk2.io.Pk2IOTest - Consuming 660 byte(s) from file com_frpvp_voucher_d.ddj with size 660 
07:15:18.028 [main] DEBUG org.sokybot.pk2.Pk2CryptoUtils - File com_frpvp_voucher_e.ddj is not encrypted , flags not exists
07:15:18.028 [main] INFO org.soky.sro.pk2.io.Pk2IOTest - Consuming 660 byte(s) from file com_frpvp_voucher_e.ddj with size 660 
07:15:18.028 [main] DEBUG org.sokybot.pk2.Pk2CryptoUtils - File com_grayline.ddj is not encrypted , flags not exists
07:15:18.028 [main] INFO org.soky.sro.pk2.io.Pk2IOTest - Consuming 2196 byte(s) from file com_grayline.ddj with size 2196 
07:15:18.028 [main] DEBUG org.sokybot.pk2.Pk2CryptoUtils - File com_green_button.ddj is not encrypted , flags not exists
07:15:18.028 [main] INFO org.soky.sro.pk2.io.Pk2IOTest - Consuming 2836 byte(s) from file com_green_button.ddj with size 2836 
07:15:18.029 [main] DEBUG org.sokybot.pk2.Pk2CryptoUtils - File com_green_button_focus.ddj is not encrypted , flags not exists
07:15:18.029 [main] INFO org.soky.sro.pk2.io.Pk2IOTest - Consuming 2836 byte(s) from file com_green_button_focus.ddj with size 2836 
07:15:18.029 [main] DEBUG org.sokybot.pk2.Pk2CryptoUtils - File com_green_button_press.ddj is not encrypted , flags not exists
07:15:18.029 [main] INFO org.soky.sro.pk2.io.Pk2IOTest - Consuming 2836 byte(s) from file com_green_button_press.ddj with size 2836 
07:15:18.029 [main] DEBUG org.sokybot.pk2.Pk2CryptoUtils - File com_green_dark_tile.ddj is not encrypted , flags not exists
07:15:18.029 [main] INFO org.soky.sro.pk2.io.Pk2IOTest - Consuming 276 byte(s) from file com_green_dark_tile.ddj with size 276 
07:15:18.030 [main] DEBUG org.sokybot.pk2.Pk2CryptoUtils - File com_green_tile.ddj is not encrypted , flags not exists
07:15:18.030 [main] INFO org.soky.sro.pk2.io.Pk2IOTest - Consuming 276 byte(s) from file com_green_tile.ddj with size 276 
07:15:18.030 [main] DEBUG org.sokybot.pk2.Pk2CryptoUtils - File com_itemsign.ddj is not encrypted , flags not exists
07:15:18.030 [main] INFO org.soky.sro.pk2.io.Pk2IOTest - Consuming 436 byte(s) from file com_itemsign.ddj with size 436 
07:15:18.030 [main] DEBUG org.sokybot.pk2.Pk2CryptoUtils - File com_itemsign_magic.ddj is not encrypted , flags not exists
07:15:18.030 [main] INFO org.soky.sro.pk2.io.Pk2IOTest - Consuming 436 byte(s) from file com_itemsign_magic.ddj with size 436 
07:15:18.030 [main] DEBUG org.sokybot.pk2.Pk2CryptoUtils - File com_itemsign_plus.ddj is not encrypted , flags not exists
07:15:18.030 [main] INFO org.soky.sro.pk2.io.Pk2IOTest - Consuming 436 byte(s) from file com_itemsign_plus.ddj with size 436 
07:15:18.031 [main] DEBUG org.sokybot.pk2.Pk2CryptoUtils - File com_itemsign_rare.ddj is not encrypted , flags not exists
07:15:18.031 [main] INFO org.soky.sro.pk2.io.Pk2IOTest - Consuming 436 byte(s) from file com_itemsign_rare.ddj with size 436 
07:15:18.031 [main] DEBUG org.sokybot.pk2.Pk2CryptoUtils - File com_itemsign_skill.ddj is not encrypted , flags not exists
07:15:18.031 [main] INFO org.soky.sro.pk2.io.Pk2IOTest - Consuming 436 byte(s) from file com_itemsign_skill.ddj with size 436 
07:15:18.031 [main] DEBUG org.sokybot.pk2.Pk2CryptoUtils - File com_itemsign_unipue.ddj is not encrypted , flags not exists
07:15:18.031 [main] INFO org.soky.sro.pk2.io.Pk2IOTest - Consuming 436 byte(s) from file com_itemsign_unipue.ddj with size 436 
07:15:18.031 [main] DEBUG org.sokybot.pk2.Pk2CryptoUtils - File com_item_exchange.ddj is not encrypted , flags not exists
07:15:18.032 [main] INFO org.soky.sro.pk2.io.Pk2IOTest - Consuming 4244 byte(s) from file com_item_exchange.ddj with size 4244 
07:15:18.032 [main] DEBUG org.sokybot.pk2.Pk2CryptoUtils - File com_item_exchange_money.ddj is not encrypted , flags not exists
07:15:18.032 [main] INFO org.soky.sro.pk2.io.Pk2IOTest - Consuming 6804 byte(s) from file com_item_exchange_money.ddj with size 6804 
07:15:18.032 [main] DEBUG org.sokybot.pk2.Pk2CryptoUtils - File com_item_select.ddj is not encrypted , flags not exists
07:15:18.032 [main] INFO org.soky.sro.pk2.io.Pk2IOTest - Consuming 4244 byte(s) from file com_item_select.ddj with size 4244 
07:15:18.032 [main] DEBUG org.sokybot.pk2.Pk2CryptoUtils - File com_job_gauge_back.ddj is not encrypted , flags not exists
07:15:18.032 [main] INFO org.soky.sro.pk2.io.Pk2IOTest - Consuming 276 byte(s) from file com_job_gauge_back.ddj with size 276 
07:15:18.032 [main] DEBUG org.sokybot.pk2.Pk2CryptoUtils - File com_job_gauge_hunter.ddj is not encrypted , flags not exists
07:15:18.032 [main] INFO org.soky.sro.pk2.io.Pk2IOTest - Consuming 276 byte(s) from file com_job_gauge_hunter.ddj with size 276 
07:15:18.033 [main] DEBUG org.sokybot.pk2.Pk2CryptoUtils - File com_job_gauge_merchant.ddj is not encrypted , flags not exists
07:15:18.033 [main] INFO org.soky.sro.pk2.io.Pk2IOTest - Consuming 276 byte(s) from file com_job_gauge_merchant.ddj with size 276 
07:15:18.033 [main] DEBUG org.sokybot.pk2.Pk2CryptoUtils - File com_job_gauge_thief.ddj is not encrypted , flags not exists
07:15:18.033 [main] INFO org.soky.sro.pk2.io.Pk2IOTest - Consuming 276 byte(s) from file com_job_gauge_thief.ddj with size 276 
07:15:18.033 [main] DEBUG org.sokybot.pk2.Pk2CryptoUtils - File com_job_hunter.ddj is not encrypted , flags not exists
07:15:18.033 [main] INFO org.soky.sro.pk2.io.Pk2IOTest - Consuming 660 byte(s) from file com_job_hunter.ddj with size 660 
07:15:18.033 [main] DEBUG org.sokybot.pk2.Pk2CryptoUtils - File com_job_merchant.ddj is not encrypted , flags not exists
07:15:18.033 [main] INFO org.soky.sro.pk2.io.Pk2IOTest - Consuming 660 byte(s) from file com_job_merchant.ddj with size 660 
07:15:18.033 [main] DEBUG org.sokybot.pk2.Pk2CryptoUtils - File com_job_thief.ddj is not encrypted , flags not exists
07:15:18.033 [main] INFO org.soky.sro.pk2.io.Pk2IOTest - Consuming 660 byte(s) from file com_job_thief.ddj with size 660 
07:15:18.033 [main] DEBUG org.sokybot.pk2.Pk2CryptoUtils - File com_job_wanted_rank.ddj is not encrypted , flags not exists
07:15:18.033 [main] INFO org.soky.sro.pk2.io.Pk2IOTest - Consuming 660 byte(s) from file com_job_wanted_rank.ddj with size 660 
07:15:18.033 [main] DEBUG org.sokybot.pk2.Pk2CryptoUtils - File com_kindred_china.ddj is not encrypted , flags not exists
07:15:18.033 [main] INFO org.soky.sro.pk2.io.Pk2IOTest - Consuming 1300 byte(s) from file com_kindred_china.ddj with size 1300 
07:15:18.033 [main] DEBUG org.sokybot.pk2.Pk2CryptoUtils - File com_kindred_europe.ddj is not encrypted , flags not exists
07:15:18.033 [main] INFO org.soky.sro.pk2.io.Pk2IOTest - Consuming 1300 byte(s) from file com_kindred_europe.ddj with size 1300 
07:15:18.034 [main] DEBUG org.sokybot.pk2.Pk2CryptoUtils - File com_larrow_button.ddj is not encrypted , flags not exists
07:15:18.034 [main] INFO org.soky.sro.pk2.io.Pk2IOTest - Consuming 340 byte(s) from file com_larrow_button.ddj with size 340 
07:15:18.034 [main] DEBUG org.sokybot.pk2.Pk2CryptoUtils - File com_larrow_button_focus.ddj is not encrypted , flags not exists
07:15:18.034 [main] INFO org.soky.sro.pk2.io.Pk2IOTest - Consuming 340 byte(s) from file com_larrow_button_focus.ddj with size 340 
07:15:18.034 [main] DEBUG org.sokybot.pk2.Pk2CryptoUtils - File com_larrow_button_press.ddj is not encrypted , flags not exists
07:15:18.034 [main] INFO org.soky.sro.pk2.io.Pk2IOTest - Consuming 340 byte(s) from file com_larrow_button_press.ddj with size 340 
07:15:18.034 [main] DEBUG org.sokybot.pk2.Pk2CryptoUtils - File com_left_arrow.ddj is not encrypted , flags not exists
07:15:18.034 [main] INFO org.soky.sro.pk2.io.Pk2IOTest - Consuming 660 byte(s) from file com_left_arrow.ddj with size 660 
07:15:18.034 [main] DEBUG org.sokybot.pk2.Pk2CryptoUtils - File com_left_arrow_disable.ddj is not encrypted , flags not exists
07:15:18.034 [main] INFO org.soky.sro.pk2.io.Pk2IOTest - Consuming 660 byte(s) from file com_left_arrow_disable.ddj with size 660 
07:15:18.034 [main] DEBUG org.sokybot.pk2.Pk2CryptoUtils - File com_left_arrow_focus.ddj is not encrypted , flags not exists
07:15:18.034 [main] INFO org.soky.sro.pk2.io.Pk2IOTest - Consuming 660 byte(s) from file com_left_arrow_focus.ddj with size 660 
07:15:18.034 [main] DEBUG org.sokybot.pk2.Pk2CryptoUtils - File com_left_arrow_press.ddj is not encrypted , flags not exists
07:15:18.034 [main] INFO org.soky.sro.pk2.io.Pk2IOTest - Consuming 660 byte(s) from file com_left_arrow_press.ddj with size 660 
07:15:18.034 [main] DEBUG org.sokybot.pk2.Pk2CryptoUtils - File com_left_bigarrow.ddj is not encrypted , flags not exists
07:15:18.034 [main] INFO org.soky.sro.pk2.io.Pk2IOTest - Consuming 1300 byte(s) from file com_left_bigarrow.ddj with size 1300 
07:15:18.035 [main] DEBUG org.sokybot.pk2.Pk2CryptoUtils - File com_left_bigarrow_disable.ddj is not encrypted , flags not exists
07:15:18.035 [main] INFO org.soky.sro.pk2.io.Pk2IOTest - Consuming 1300 byte(s) from file com_left_bigarrow_disable.ddj with size 1300 
07:15:18.035 [main] DEBUG org.sokybot.pk2.Pk2CryptoUtils - File com_left_bigarrow_focus.ddj is not encrypted , flags not exists
07:15:18.035 [main] INFO org.soky.sro.pk2.io.Pk2IOTest - Consuming 1300 byte(s) from file com_left_bigarrow_focus.ddj with size 1300 
07:15:18.035 [main] DEBUG org.sokybot.pk2.Pk2CryptoUtils - File com_left_bigarrow_press.ddj is not encrypted , flags not exists
07:15:18.035 [main] INFO org.soky.sro.pk2.io.Pk2IOTest - Consuming 1300 byte(s) from file com_left_bigarrow_press.ddj with size 1300 
07:15:18.035 [main] DEBUG org.sokybot.pk2.Pk2CryptoUtils - File com_long_tab_disable.ddj is not encrypted , flags not exists
07:15:18.035 [main] INFO org.soky.sro.pk2.io.Pk2IOTest - Consuming 3604 byte(s) from file com_long_tab_disable.ddj with size 3604 
07:15:18.035 [main] DEBUG org.sokybot.pk2.Pk2CryptoUtils - File com_long_tab_off.ddj is not encrypted , flags not exists
07:15:18.035 [main] INFO org.soky.sro.pk2.io.Pk2IOTest - Consuming 3604 byte(s) from file com_long_tab_off.ddj with size 3604 
07:15:18.035 [main] DEBUG org.sokybot.pk2.Pk2CryptoUtils - File com_long_tab_on.ddj is not encrypted , flags not exists
07:15:18.035 [main] INFO org.soky.sro.pk2.io.Pk2IOTest - Consuming 3604 byte(s) from file com_long_tab_on.ddj with size 3604 
07:15:18.035 [main] DEBUG org.sokybot.pk2.Pk2CryptoUtils - File com_mall_button.ddj is not encrypted , flags not exists
07:15:18.035 [main] INFO org.soky.sro.pk2.io.Pk2IOTest - Consuming 3796 byte(s) from file com_mall_button.ddj with size 3796 
07:15:18.036 [main] DEBUG org.sokybot.pk2.Pk2CryptoUtils - File com_mall_button_disable.ddj is not encrypted , flags not exists
07:15:18.036 [main] INFO org.soky.sro.pk2.io.Pk2IOTest - Consuming 3796 byte(s) from file com_mall_button_disable.ddj with size 3796 
07:15:18.036 [main] DEBUG org.sokybot.pk2.Pk2CryptoUtils - File com_mall_button_focus.ddj is not encrypted , flags not exists
07:15:18.036 [main] INFO org.soky.sro.pk2.io.Pk2IOTest - Consuming 3796 byte(s) from file com_mall_button_focus.ddj with size 3796 
07:15:18.036 [main] DEBUG org.sokybot.pk2.Pk2CryptoUtils - File com_mall_button_press.ddj is not encrypted , flags not exists
07:15:18.036 [main] INFO org.soky.sro.pk2.io.Pk2IOTest - Consuming 3796 byte(s) from file com_mall_button_press.ddj with size 3796 
07:15:18.036 [main] DEBUG org.sokybot.pk2.Pk2CryptoUtils - File com_mid_button.ddj is not encrypted , flags not exists
07:15:18.036 [main] INFO org.soky.sro.pk2.io.Pk2IOTest - Consuming 4372 byte(s) from file com_mid_button.ddj with size 4372 
07:15:18.036 [main] DEBUG org.sokybot.pk2.Pk2CryptoUtils - File com_mid_button_disable.ddj is not encrypted , flags not exists
07:15:18.036 [main] INFO org.soky.sro.pk2.io.Pk2IOTest - Consuming 4372 byte(s) from file com_mid_button_disable.ddj with size 4372 
07:15:18.036 [main] DEBUG org.sokybot.pk2.Pk2CryptoUtils - File com_mid_button_focus.ddj is not encrypted , flags not exists
07:15:18.036 [main] INFO org.soky.sro.pk2.io.Pk2IOTest - Consuming 4372 byte(s) from file com_mid_button_focus.ddj with size 4372 
07:15:18.036 [main] DEBUG org.sokybot.pk2.Pk2CryptoUtils - File com_mid_button_press.ddj is not encrypted , flags not exists
07:15:18.037 [main] INFO org.soky.sro.pk2.io.Pk2IOTest - Consuming 4372 byte(s) from file com_mid_button_press.ddj with size 4372 
07:15:18.037 [main] DEBUG org.sokybot.pk2.Pk2CryptoUtils - File com_minus_button.ddj is not encrypted , flags not exists
07:15:18.037 [main] INFO org.soky.sro.pk2.io.Pk2IOTest - Consuming 948 byte(s) from file com_minus_button.ddj with size 948 
07:15:18.037 [main] DEBUG org.sokybot.pk2.Pk2CryptoUtils - File com_minus_button_focus.ddj is not encrypted , flags not exists
07:15:18.037 [main] INFO org.soky.sro.pk2.io.Pk2IOTest - Consuming 948 byte(s) from file com_minus_button_focus.ddj with size 948 
07:15:18.037 [main] DEBUG org.sokybot.pk2.Pk2CryptoUtils - File com_minus_button_press.ddj is not encrypted , flags not exists
07:15:18.037 [main] INFO org.soky.sro.pk2.io.Pk2IOTest - Consuming 948 byte(s) from file com_minus_button_press.ddj with size 948 
07:15:18.037 [main] DEBUG org.sokybot.pk2.Pk2CryptoUtils - File com_moneybutton.ddj is not encrypted , flags not exists
07:15:18.037 [main] INFO org.soky.sro.pk2.io.Pk2IOTest - Consuming 948 byte(s) from file com_moneybutton.ddj with size 948 
07:15:18.037 [main] DEBUG org.sokybot.pk2.Pk2CryptoUtils - File com_moneybutton_disable.ddj is not encrypted , flags not exists
07:15:18.037 [main] INFO org.soky.sro.pk2.io.Pk2IOTest - Consuming 948 byte(s) from file com_moneybutton_disable.ddj with size 948 
07:15:18.037 [main] DEBUG org.sokybot.pk2.Pk2CryptoUtils - File com_moneybutton_focus.ddj is not encrypted , flags not exists
07:15:18.037 [main] INFO org.soky.sro.pk2.io.Pk2IOTest - Consuming 948 byte(s) from file com_moneybutton_focus.ddj with size 948 
07:15:18.037 [main] DEBUG org.sokybot.pk2.Pk2CryptoUtils - File com_moneybutton_press.ddj is not encrypted , flags not exists
07:15:18.037 [main] INFO org.soky.sro.pk2.io.Pk2IOTest - Consuming 948 byte(s) from file com_moneybutton_press.ddj with size 948 
07:15:18.037 [main] DEBUG org.sokybot.pk2.Pk2CryptoUtils - File com_m_button.ddj is not encrypted , flags not exists
07:15:18.038 [main] INFO org.soky.sro.pk2.io.Pk2IOTest - Consuming 2228 byte(s) from file com_m_button.ddj with size 2228 
07:15:18.038 [main] DEBUG org.sokybot.pk2.Pk2CryptoUtils - File com_m_button_disable.ddj is not encrypted , flags not exists
07:15:18.038 [main] INFO org.soky.sro.pk2.io.Pk2IOTest - Consuming 2228 byte(s) from file com_m_button_disable.ddj with size 2228 
07:15:18.038 [main] DEBUG org.sokybot.pk2.Pk2CryptoUtils - File com_m_button_focus.ddj is not encrypted , flags not exists
07:15:18.038 [main] INFO org.soky.sro.pk2.io.Pk2IOTest - Consuming 2228 byte(s) from file com_m_button_focus.ddj with size 2228 
07:15:18.038 [main] DEBUG org.sokybot.pk2.Pk2CryptoUtils - File com_m_button_press.ddj is not encrypted , flags not exists
07:15:18.038 [main] INFO org.soky.sro.pk2.io.Pk2IOTest - Consuming 2228 byte(s) from file com_m_button_press.ddj with size 2228 
07:15:18.038 [main] DEBUG org.sokybot.pk2.Pk2CryptoUtils - File com_new.ddj is not encrypted , flags not exists
07:15:18.038 [main] INFO org.soky.sro.pk2.io.Pk2IOTest - Consuming 724 byte(s) from file com_new.ddj with size 724 
07:15:18.038 [main] DEBUG org.sokybot.pk2.Pk2CryptoUtils - File com_notice_corner.ddj is not encrypted , flags not exists
07:15:18.038 [main] INFO org.soky.sro.pk2.io.Pk2IOTest - Consuming 1428 byte(s) from file com_notice_corner.ddj with size 1428 
07:15:18.038 [main] DEBUG org.sokybot.pk2.Pk2CryptoUtils - File com_notice_edge.ddj is not encrypted , flags not exists
07:15:18.038 [main] INFO org.soky.sro.pk2.io.Pk2IOTest - Consuming 276 byte(s) from file com_notice_edge.ddj with size 276 
07:15:18.038 [main] DEBUG org.sokybot.pk2.Pk2CryptoUtils - File com_orange_dark_tile.ddj is not encrypted , flags not exists
07:15:18.038 [main] INFO org.soky.sro.pk2.io.Pk2IOTest - Consuming 276 byte(s) from file com_orange_dark_tile.ddj with size 276 
07:15:18.039 [main] DEBUG org.sokybot.pk2.Pk2CryptoUtils - File com_orange_tile.ddj is not encrypted , flags not exists
07:15:18.039 [main] INFO org.soky.sro.pk2.io.Pk2IOTest - Consuming 276 byte(s) from file com_orange_tile.ddj with size 276 
07:15:18.039 [main] DEBUG org.sokybot.pk2.Pk2CryptoUtils - File com_plus_button.ddj is not encrypted , flags not exists
07:15:18.039 [main] INFO org.soky.sro.pk2.io.Pk2IOTest - Consuming 948 byte(s) from file com_plus_button.ddj with size 948 
07:15:18.039 [main] DEBUG org.sokybot.pk2.Pk2CryptoUtils - File com_plus_button_disable.ddj is not encrypted , flags not exists
07:15:18.039 [main] INFO org.soky.sro.pk2.io.Pk2IOTest - Consuming 948 byte(s) from file com_plus_button_disable.ddj with size 948 
07:15:18.039 [main] DEBUG org.sokybot.pk2.Pk2CryptoUtils - File com_plus_button_focus.ddj is not encrypted , flags not exists
07:15:18.039 [main] INFO org.soky.sro.pk2.io.Pk2IOTest - Consuming 948 byte(s) from file com_plus_button_focus.ddj with size 948 
07:15:18.039 [main] DEBUG org.sokybot.pk2.Pk2CryptoUtils - File com_plus_button_press.ddj is not encrypted , flags not exists
07:15:18.039 [main] INFO org.soky.sro.pk2.io.Pk2IOTest - Consuming 948 byte(s) from file com_plus_button_press.ddj with size 948 
07:15:18.039 [main] DEBUG org.sokybot.pk2.Pk2CryptoUtils - File com_plus_smallbutton.ddj is not encrypted , flags not exists
07:15:18.039 [main] INFO org.soky.sro.pk2.io.Pk2IOTest - Consuming 660 byte(s) from file com_plus_smallbutton.ddj with size 660 
07:15:18.039 [main] DEBUG org.sokybot.pk2.Pk2CryptoUtils - File com_plus_smallbutton_disable.ddj is not encrypted , flags not exists
07:15:18.039 [main] INFO org.soky.sro.pk2.io.Pk2IOTest - Consuming 1172 byte(s) from file com_plus_smallbutton_disable.ddj with size 1172 
07:15:18.039 [main] DEBUG org.sokybot.pk2.Pk2CryptoUtils - File com_plus_smallbutton_focus.ddj is not encrypted , flags not exists
07:15:18.039 [main] INFO org.soky.sro.pk2.io.Pk2IOTest - Consuming 660 byte(s) from file com_plus_smallbutton_focus.ddj with size 660 
07:15:18.040 [main] DEBUG org.sokybot.pk2.Pk2CryptoUtils - File com_plus_smallbutton_press.ddj is not encrypted , flags not exists
07:15:18.040 [main] INFO org.soky.sro.pk2.io.Pk2IOTest - Consuming 660 byte(s) from file com_plus_smallbutton_press.ddj with size 660 
07:15:18.040 [main] DEBUG org.sokybot.pk2.Pk2CryptoUtils - File com_pt_leader.ddj is not encrypted , flags not exists
07:15:18.040 [main] INFO org.soky.sro.pk2.io.Pk2IOTest - Consuming 436 byte(s) from file com_pt_leader.ddj with size 436 
07:15:18.040 [main] DEBUG org.sokybot.pk2.Pk2CryptoUtils - File com_qst_downarrow_button.ddj is not encrypted , flags not exists
07:15:18.040 [main] INFO org.soky.sro.pk2.io.Pk2IOTest - Consuming 948 byte(s) from file com_qst_downarrow_button.ddj with size 948 
07:15:18.040 [main] DEBUG org.sokybot.pk2.Pk2CryptoUtils - File com_qst_downarrow_button_focus.ddj is not encrypted , flags not exists
07:15:18.040 [main] INFO org.soky.sro.pk2.io.Pk2IOTest - Consuming 948 byte(s) from file com_qst_downarrow_button_focus.ddj with size 948 
07:15:18.040 [main] DEBUG org.sokybot.pk2.Pk2CryptoUtils - File com_qst_downarrow_button_press.ddj is not encrypted , flags not exists
07:15:18.040 [main] INFO org.soky.sro.pk2.io.Pk2IOTest - Consuming 948 byte(s) from file com_qst_downarrow_button_press.ddj with size 948 
07:15:18.040 [main] DEBUG org.sokybot.pk2.Pk2CryptoUtils - File com_qst_lefttarrow_button.ddj is not encrypted , flags not exists
07:15:18.040 [main] INFO org.soky.sro.pk2.io.Pk2IOTest - Consuming 948 byte(s) from file com_qst_lefttarrow_button.ddj with size 948 
07:15:18.040 [main] DEBUG org.sokybot.pk2.Pk2CryptoUtils - File com_qst_lefttarrow_button_focus.ddj is not encrypted , flags not exists
07:15:18.040 [main] INFO org.soky.sro.pk2.io.Pk2IOTest - Consuming 948 byte(s) from file com_qst_lefttarrow_button_focus.ddj with size 948 
07:15:18.040 [main] DEBUG org.sokybot.pk2.Pk2CryptoUtils - File com_qst_lefttarrow_button_press.ddj is not encrypted , flags not exists
07:15:18.040 [main] INFO org.soky.sro.pk2.io.Pk2IOTest - Consuming 948 byte(s) from file com_qst_lefttarrow_button_press.ddj with size 948 
07:15:18.040 [main] DEBUG org.sokybot.pk2.Pk2CryptoUtils - File com_qst_rightarrow_button.ddj is not encrypted , flags not exists
07:15:18.041 [main] INFO org.soky.sro.pk2.io.Pk2IOTest - Consuming 948 byte(s) from file com_qst_rightarrow_button.ddj with size 948 
07:15:18.041 [main] DEBUG org.sokybot.pk2.Pk2CryptoUtils - File com_qst_rightarrow_button_focus.ddj is not encrypted , flags not exists
07:15:18.041 [main] INFO org.soky.sro.pk2.io.Pk2IOTest - Consuming 948 byte(s) from file com_qst_rightarrow_button_focus.ddj with size 948 
07:15:18.041 [main] DEBUG org.sokybot.pk2.Pk2CryptoUtils - File com_qst_rightarrow_button_press.ddj is not encrypted , flags not exists
07:15:18.041 [main] INFO org.soky.sro.pk2.io.Pk2IOTest - Consuming 948 byte(s) from file com_qst_rightarrow_button_press.ddj with size 948 
07:15:18.041 [main] DEBUG org.sokybot.pk2.Pk2CryptoUtils - File com_quest_corner.ddj is not encrypted , flags not exists
07:15:18.041 [main] INFO org.soky.sro.pk2.io.Pk2IOTest - Consuming 1428 byte(s) from file com_quest_corner.ddj with size 1428 
07:15:18.041 [main] DEBUG org.sokybot.pk2.Pk2CryptoUtils - File com_quest_edge.ddj is not encrypted , flags not exists
07:15:18.041 [main] INFO org.soky.sro.pk2.io.Pk2IOTest - Consuming 276 byte(s) from file com_quest_edge.ddj with size 276 
07:15:18.041 [main] DEBUG org.sokybot.pk2.Pk2CryptoUtils - File com_radiobutton.ddj is not encrypted , flags not exists
07:15:18.041 [main] INFO org.soky.sro.pk2.io.Pk2IOTest - Consuming 660 byte(s) from file com_radiobutton.ddj with size 660 
07:15:18.041 [main] DEBUG org.sokybot.pk2.Pk2CryptoUtils - File com_radiobutton_off.ddj is not encrypted , flags not exists
07:15:18.041 [main] INFO org.soky.sro.pk2.io.Pk2IOTest - Consuming 660 byte(s) from file com_radiobutton_off.ddj with size 660 
07:15:18.041 [main] DEBUG org.sokybot.pk2.Pk2CryptoUtils - File com_radiobutton_on.ddj is not encrypted , flags not exists
07:15:18.041 [main] INFO org.soky.sro.pk2.io.Pk2IOTest - Consuming 660 byte(s) from file com_radiobutton_on.ddj with size 660 
07:15:18.041 [main] DEBUG org.sokybot.pk2.Pk2CryptoUtils - File com_radiobutton_press.ddj is not encrypted , flags not exists
07:15:18.041 [main] INFO org.soky.sro.pk2.io.Pk2IOTest - Consuming 660 byte(s) from file com_radiobutton_press.ddj with size 660 
07:15:18.042 [main] DEBUG org.sokybot.pk2.Pk2CryptoUtils - File com_rarrow_button.ddj is not encrypted , flags not exists
07:15:18.042 [main] INFO org.soky.sro.pk2.io.Pk2IOTest - Consuming 340 byte(s) from file com_rarrow_button.ddj with size 340 
07:15:18.042 [main] DEBUG org.sokybot.pk2.Pk2CryptoUtils - File com_rarrow_button_focus.ddj is not encrypted , flags not exists
07:15:18.042 [main] INFO org.soky.sro.pk2.io.Pk2IOTest - Consuming 340 byte(s) from file com_rarrow_button_focus.ddj with size 340 
07:15:18.042 [main] DEBUG org.sokybot.pk2.Pk2CryptoUtils - File com_rarrow_button_press.ddj is not encrypted , flags not exists
07:15:18.042 [main] INFO org.soky.sro.pk2.io.Pk2IOTest - Consuming 340 byte(s) from file com_rarrow_button_press.ddj with size 340 
07:15:18.042 [main] DEBUG org.sokybot.pk2.Pk2CryptoUtils - File com_redeem_window.ddj is not encrypted , flags not exists
07:15:18.042 [main] INFO org.soky.sro.pk2.io.Pk2IOTest - Consuming 15188 byte(s) from file com_redeem_window.ddj with size 15188 
07:15:18.042 [main] DEBUG org.sokybot.pk2.Pk2CryptoUtils - File com_red_button.ddj is not encrypted , flags not exists
07:15:18.042 [main] INFO org.soky.sro.pk2.io.Pk2IOTest - Consuming 2836 byte(s) from file com_red_button.ddj with size 2836 
07:15:18.042 [main] DEBUG org.sokybot.pk2.Pk2CryptoUtils - File com_red_button_focus.ddj is not encrypted , flags not exists
07:15:18.043 [main] INFO org.soky.sro.pk2.io.Pk2IOTest - Consuming 2836 byte(s) from file com_red_button_focus.ddj with size 2836 
07:15:18.043 [main] DEBUG org.sokybot.pk2.Pk2CryptoUtils - File com_lattice_left_down.ddj is not encrypted , flags not exists
07:15:18.043 [main] INFO org.soky.sro.pk2.io.Pk2IOTest - Consuming 2740 byte(s) from file com_lattice_left_down.ddj with size 2740 
07:15:18.043 [main] DEBUG org.sokybot.pk2.Pk2CryptoUtils - File com_lattice_left_up.ddj is not encrypted , flags not exists
07:15:18.043 [main] INFO org.soky.sro.pk2.io.Pk2IOTest - Consuming 2740 byte(s) from file com_lattice_left_up.ddj with size 2740 
07:15:18.043 [main] DEBUG org.sokybot.pk2.Pk2CryptoUtils - File com_lattice_outline_left_down.ddj is not encrypted , flags not exists
07:15:18.043 [main] INFO org.soky.sro.pk2.io.Pk2IOTest - Consuming 180 byte(s) from file com_lattice_outline_left_down.ddj with size 180 
07:15:18.043 [main] DEBUG org.sokybot.pk2.Pk2CryptoUtils - File com_lattice_outline_left_side.ddj is not encrypted , flags not exists
07:15:18.043 [main] INFO org.soky.sro.pk2.io.Pk2IOTest - Consuming 180 byte(s) from file com_lattice_outline_left_side.ddj with size 180 
07:15:18.043 [main] DEBUG org.sokybot.pk2.Pk2CryptoUtils - File com_lattice_outline_left_up.ddj is not encrypted , flags not exists
07:15:18.043 [main] INFO org.soky.sro.pk2.io.Pk2IOTest - Consuming 180 byte(s) from file com_lattice_outline_left_up.ddj with size 180 
07:15:18.043 [main] DEBUG org.sokybot.pk2.Pk2CryptoUtils - File com_lattice_outline_right_down.ddj is not encrypted , flags not exists
07:15:18.043 [main] INFO org.soky.sro.pk2.io.Pk2IOTest - Consuming 180 byte(s) from file com_lattice_outline_right_down.ddj with size 180 
07:15:18.043 [main] DEBUG org.sokybot.pk2.Pk2CryptoUtils - File com_lattice_outline_right_side.ddj is not encrypted , flags not exists
07:15:18.043 [main] INFO org.soky.sro.pk2.io.Pk2IOTest - Consuming 180 byte(s) from file com_lattice_outline_right_side.ddj with size 180 
07:15:18.044 [main] DEBUG org.sokybot.pk2.Pk2CryptoUtils - File com_lattice_outline_right_up.ddj is not encrypted , flags not exists
07:15:18.044 [main] INFO org.soky.sro.pk2.io.Pk2IOTest - Consuming 180 byte(s) from file com_lattice_outline_right_up.ddj with size 180 
07:15:18.044 [main] DEBUG org.sokybot.pk2.Pk2CryptoUtils - File com_lattice_right_down.ddj is not encrypted , flags not exists
07:15:18.044 [main] INFO org.soky.sro.pk2.io.Pk2IOTest - Consuming 2740 byte(s) from file com_lattice_right_down.ddj with size 2740 
07:15:18.044 [main] DEBUG org.sokybot.pk2.Pk2CryptoUtils - File com_lattice_right_up.ddj is not encrypted , flags not exists
07:15:18.044 [main] INFO org.soky.sro.pk2.io.Pk2IOTest - Consuming 2740 byte(s) from file com_lattice_right_up.ddj with size 2740 
07:15:18.044 [main] DEBUG org.sokybot.pk2.Pk2CryptoUtils - File com_bg_tile_a.ddj is not encrypted , flags not exists
07:15:18.044 [main] INFO org.soky.sro.pk2.io.Pk2IOTest - Consuming 32916 byte(s) from file com_bg_tile_a.ddj with size 32916 
07:15:18.044 [main] DEBUG org.sokybot.pk2.Pk2CryptoUtils - File com_bg_tile_b.ddj is not encrypted , flags not exists
07:15:18.045 [main] INFO org.soky.sro.pk2.io.Pk2IOTest - Consuming 32916 byte(s) from file com_bg_tile_b.ddj with size 32916 
07:15:18.045 [main] DEBUG org.sokybot.pk2.Pk2CryptoUtils - File com_bg_tile_c.ddj is not encrypted , flags not exists
07:15:18.045 [main] INFO org.soky.sro.pk2.io.Pk2IOTest - Consuming 32916 byte(s) from file com_bg_tile_c.ddj with size 32916 
07:15:18.045 [main] DEBUG org.sokybot.pk2.Pk2CryptoUtils - File com_bg_tile_d.ddj is not encrypted , flags not exists
07:15:18.046 [main] INFO org.soky.sro.pk2.io.Pk2IOTest - Consuming 32916 byte(s) from file com_bg_tile_d.ddj with size 32916 
07:15:18.046 [main] DEBUG org.sokybot.pk2.Pk2CryptoUtils - File com_bg_tile_e.ddj is not encrypted , flags not exists
07:15:18.046 [main] INFO org.soky.sro.pk2.io.Pk2IOTest - Consuming 180 byte(s) from file com_bg_tile_e.ddj with size 180 
07:15:18.046 [main] DEBUG org.sokybot.pk2.Pk2CryptoUtils - File com_bg_tile_f.ddj is not encrypted , flags not exists
07:15:18.048 [main] INFO org.soky.sro.pk2.io.Pk2IOTest - Consuming 204948 byte(s) from file com_bg_tile_f.ddj with size 204948 
07:15:18.048 [main] DEBUG org.sokybot.pk2.Pk2CryptoUtils - File com_bg_tile_k.ddj is not encrypted , flags not exists
07:15:18.049 [main] INFO org.soky.sro.pk2.io.Pk2IOTest - Consuming 32916 byte(s) from file com_bg_tile_k.ddj with size 32916 
07:15:18.049 [main] DEBUG org.sokybot.pk2.Pk2CryptoUtils - File com_bg_tile_m.ddj is not encrypted , flags not exists
07:15:18.049 [main] INFO org.soky.sro.pk2.io.Pk2IOTest - Consuming 65684 byte(s) from file com_bg_tile_m.ddj with size 65684 
07:15:18.050 [main] DEBUG org.sokybot.pk2.Pk2CryptoUtils - File com_bg_tile_n.ddj is not encrypted , flags not exists
07:15:18.050 [main] INFO org.soky.sro.pk2.io.Pk2IOTest - Consuming 65684 byte(s) from file com_bg_tile_n.ddj with size 65684 
07:15:18.051 [main] DEBUG org.sokybot.pk2.Pk2CryptoUtils - File com_bg_tile_o.ddj is not encrypted , flags not exists
07:15:18.051 [main] INFO org.soky.sro.pk2.io.Pk2IOTest - Consuming 74132 byte(s) from file com_bg_tile_o.ddj with size 74132 
07:15:18.052 [main] DEBUG org.sokybot.pk2.Pk2CryptoUtils - File com_bg_tile_p.ddj is not encrypted , flags not exists
07:15:18.052 [main] INFO org.soky.sro.pk2.io.Pk2IOTest - Consuming 25748 byte(s) from file com_bg_tile_p.ddj with size 25748 
07:15:18.052 [main] DEBUG org.sokybot.pk2.Pk2CryptoUtils - File com_bg_tile_s.ddj is not encrypted , flags not exists
07:15:18.053 [main] INFO org.soky.sro.pk2.io.Pk2IOTest - Consuming 65684 byte(s) from file com_bg_tile_s.ddj with size 65684 
07:15:18.053 [main] DEBUG org.sokybot.pk2.Pk2CryptoUtils - File com_bg_tile_t.ddj is not encrypted , flags not exists
07:15:18.053 [main] INFO org.soky.sro.pk2.io.Pk2IOTest - Consuming 724 byte(s) from file com_bg_tile_t.ddj with size 724 
07:15:18.053 [main] DEBUG org.sokybot.pk2.Pk2CryptoUtils - File com_bg_tile_u.ddj is not encrypted , flags not exists
07:15:18.053 [main] INFO org.soky.sro.pk2.io.Pk2IOTest - Consuming 1748 byte(s) from file com_bg_tile_u.ddj with size 1748 
07:15:18.053 [main] DEBUG org.sokybot.pk2.Pk2CryptoUtils - File com_bg_tile_g.ddj is not encrypted , flags not exists
07:15:18.053 [main] INFO org.soky.sro.pk2.io.Pk2IOTest - Consuming 1748 byte(s) from file com_bg_tile_g.ddj with size 1748 
07:15:18.053 [main] DEBUG org.sokybot.pk2.Pk2CryptoUtils - File com_bg_tile_q.ddj is not encrypted , flags not exists
07:15:18.054 [main] INFO org.soky.sro.pk2.io.Pk2IOTest - Consuming 12692 byte(s) from file com_bg_tile_q.ddj with size 12692 
07:15:18.054 [main] DEBUG org.sokybot.pk2.Pk2CryptoUtils - File com_bg_tile_tl.ddj is not encrypted , flags not exists
07:15:18.054 [main] INFO org.soky.sro.pk2.io.Pk2IOTest - Consuming 404 byte(s) from file com_bg_tile_tl.ddj with size 404 
07:15:18.054 [main] DEBUG org.sokybot.pk2.Pk2CryptoUtils - File eguide_bandit.ddj is not encrypted , flags not exists
07:15:18.054 [main] INFO org.soky.sro.pk2.io.Pk2IOTest - Consuming 49204 byte(s) from file eguide_bandit.ddj with size 49204 
07:15:18.054 [main] DEBUG org.sokybot.pk2.Pk2CryptoUtils - File eguide_carrystep.ddj is not encrypted , flags not exists
07:15:18.055 [main] INFO org.soky.sro.pk2.io.Pk2IOTest - Consuming 59148 byte(s) from file eguide_carrystep.ddj with size 59148 
07:15:18.055 [main] DEBUG org.sokybot.pk2.Pk2CryptoUtils - File eguide_condition.ddj is not encrypted , flags not exists
07:15:18.057 [main] INFO org.soky.sro.pk2.io.Pk2IOTest - Consuming 175348 byte(s) from file eguide_condition.ddj with size 175348 
07:15:18.057 [main] DEBUG org.sokybot.pk2.Pk2CryptoUtils - File eguide_criminal.ddj is not encrypted , flags not exists
07:15:18.059 [main] INFO org.soky.sro.pk2.io.Pk2IOTest - Consuming 147316 byte(s) from file eguide_criminal.ddj with size 147316 
07:15:18.059 [main] DEBUG org.sokybot.pk2.Pk2CryptoUtils - File eguide_fine.ddj is not encrypted , flags not exists
07:15:18.061 [main] INFO org.soky.sro.pk2.io.Pk2IOTest - Consuming 161332 byte(s) from file eguide_fine.ddj with size 161332 
07:15:18.061 [main] DEBUG org.sokybot.pk2.Pk2CryptoUtils - File eguide_getitem.ddj is not encrypted , flags not exists
07:15:18.065 [main] INFO org.soky.sro.pk2.io.Pk2IOTest - Consuming 360112 byte(s) from file eguide_getitem.ddj with size 360112 
07:15:18.065 [main] DEBUG org.sokybot.pk2.Pk2CryptoUtils - File eguide_howtofight.ddj is not encrypted , flags not exists
07:15:18.068 [main] INFO org.soky.sro.pk2.io.Pk2IOTest - Consuming 360112 byte(s) from file eguide_howtofight.ddj with size 360112 
07:15:18.068 [main] DEBUG org.sokybot.pk2.Pk2CryptoUtils - File eguide_howtoparty.ddj is not encrypted , flags not exists
07:15:18.070 [main] INFO org.soky.sro.pk2.io.Pk2IOTest - Consuming 175348 byte(s) from file eguide_howtoparty.ddj with size 175348 
07:15:18.070 [main] DEBUG org.sokybot.pk2.Pk2CryptoUtils - File eguide_howtopk.ddj is not encrypted , flags not exists
07:15:18.074 [main] INFO org.soky.sro.pk2.io.Pk2IOTest - Consuming 360112 byte(s) from file eguide_howtopk.ddj with size 360112 
07:15:18.074 [main] DEBUG org.sokybot.pk2.Pk2CryptoUtils - File eguide_hunter.ddj is not encrypted , flags not exists
07:15:18.077 [main] INFO org.soky.sro.pk2.io.Pk2IOTest - Consuming 360112 byte(s) from file eguide_hunter.ddj with size 360112 
07:15:18.077 [main] DEBUG org.sokybot.pk2.Pk2CryptoUtils - File eguide_jobchoice.ddj is not encrypted , flags not exists
07:15:18.080 [main] INFO org.soky.sro.pk2.io.Pk2IOTest - Consuming 240756 byte(s) from file eguide_jobchoice.ddj with size 240756 
07:15:18.080 [main] DEBUG org.sokybot.pk2.Pk2CryptoUtils - File eguide_levelup.ddj is not encrypted , flags not exists
07:15:18.083 [main] INFO org.soky.sro.pk2.io.Pk2IOTest - Consuming 360112 byte(s) from file eguide_levelup.ddj with size 360112 
07:15:18.084 [main] DEBUG org.sokybot.pk2.Pk2CryptoUtils - File eguide_minimap.ddj is not encrypted , flags not exists
07:15:18.085 [main] INFO org.soky.sro.pk2.io.Pk2IOTest - Consuming 177684 byte(s) from file eguide_minimap.ddj with size 177684 
07:15:18.085 [main] DEBUG org.sokybot.pk2.Pk2CryptoUtils - File eguide_monidentify.ddj is not encrypted , flags not exists
07:15:18.087 [main] INFO org.soky.sro.pk2.io.Pk2IOTest - Consuming 175348 byte(s) from file eguide_monidentify.ddj with size 175348 
07:15:18.087 [main] DEBUG org.sokybot.pk2.Pk2CryptoUtils - File eguide_movingstep.ddj is not encrypted , flags not exists
07:15:18.091 [main] INFO org.soky.sro.pk2.io.Pk2IOTest - Consuming 360112 byte(s) from file eguide_movingstep.ddj with size 360112 
07:15:18.091 [main] DEBUG org.sokybot.pk2.Pk2CryptoUtils - File eguide_recoverylife.ddj is not encrypted , flags not exists
07:15:18.094 [main] INFO org.soky.sro.pk2.io.Pk2IOTest - Consuming 360112 byte(s) from file eguide_recoverylife.ddj with size 360112 
07:15:18.095 [main] DEBUG org.sokybot.pk2.Pk2CryptoUtils - File eguide_trader.ddj is not encrypted , flags not exists
07:15:18.098 [main] INFO org.soky.sro.pk2.io.Pk2IOTest - Consuming 360112 byte(s) from file eguide_trader.ddj with size 360112 
07:15:18.098 [main] DEBUG org.sokybot.pk2.Pk2CryptoUtils - File eguide_weararmor.ddj is not encrypted , flags not exists
07:15:18.102 [main] INFO org.soky.sro.pk2.io.Pk2IOTest - Consuming 360112 byte(s) from file eguide_weararmor.ddj with size 360112 
07:15:18.102 [main] DEBUG org.sokybot.pk2.Pk2CryptoUtils - File eguide_whanmode.ddj is not encrypted , flags not exists
07:15:18.105 [main] INFO org.soky.sro.pk2.io.Pk2IOTest - Consuming 360112 byte(s) from file eguide_whanmode.ddj with size 360112 
07:15:18.105 [main] DEBUG org.sokybot.pk2.Pk2CryptoUtils - File guide_howtofight.ddj is not encrypted , flags not exists
07:15:18.106 [main] INFO org.soky.sro.pk2.io.Pk2IOTest - Consuming 95764 byte(s) from file guide_howtofight.ddj with size 95764 
07:15:18.106 [main] DEBUG org.sokybot.pk2.Pk2CryptoUtils - File guide_minimap.ddj is not encrypted , flags not exists
07:15:18.107 [main] INFO org.soky.sro.pk2.io.Pk2IOTest - Consuming 94948 byte(s) from file guide_minimap.ddj with size 94948 
07:15:18.107 [main] DEBUG org.sokybot.pk2.Pk2CryptoUtils - File guide_monidentify.ddj is not encrypted , flags not exists
07:15:18.108 [main] INFO org.soky.sro.pk2.io.Pk2IOTest - Consuming 79948 byte(s) from file guide_monidentify.ddj with size 79948 
07:15:18.108 [main] DEBUG org.sokybot.pk2.Pk2CryptoUtils - File guide_weararmor.ddj is not encrypted , flags not exists
07:15:18.110 [main] INFO org.soky.sro.pk2.io.Pk2IOTest - Consuming 132052 byte(s) from file guide_weararmor.ddj with size 132052 
07:15:18.110 [main] DEBUG org.sokybot.pk2.Pk2CryptoUtils - File guide_whanmode.ddj is not encrypted , flags not exists
07:15:18.110 [main] INFO org.soky.sro.pk2.io.Pk2IOTest - Consuming 54148 byte(s) from file guide_whanmode.ddj with size 54148 
07:15:18.110 [main] DEBUG org.sokybot.pk2.Pk2CryptoUtils - File eguide_academy.ddj is not encrypted , flags not exists
07:15:18.114 [main] INFO org.soky.sro.pk2.io.Pk2IOTest - Consuming 360112 byte(s) from file eguide_academy.ddj with size 360112 
07:15:18.114 [main] DEBUG org.sokybot.pk2.Pk2CryptoUtils - File eguide_apprentice.ddj is not encrypted , flags not exists
07:15:18.118 [main] INFO org.soky.sro.pk2.io.Pk2IOTest - Consuming 360112 byte(s) from file eguide_apprentice.ddj with size 360112 
07:15:18.118 [main] DEBUG org.sokybot.pk2.Pk2CryptoUtils - File eguide_bandit_china.ddj is not encrypted , flags not exists
07:15:18.122 [main] INFO org.soky.sro.pk2.io.Pk2IOTest - Consuming 360112 byte(s) from file eguide_bandit_china.ddj with size 360112 
07:15:18.122 [main] DEBUG org.sokybot.pk2.Pk2CryptoUtils - File eguide_bandit_europe.ddj is not encrypted , flags not exists
07:15:18.125 [main] INFO org.soky.sro.pk2.io.Pk2IOTest - Consuming 360112 byte(s) from file eguide_bandit_europe.ddj with size 360112 
07:15:18.125 [main] DEBUG org.sokybot.pk2.Pk2CryptoUtils - File eguide_buyitem.ddj is not encrypted , flags not exists
07:15:18.129 [main] INFO org.soky.sro.pk2.io.Pk2IOTest - Consuming 360112 byte(s) from file eguide_buyitem.ddj with size 360112 
07:15:18.129 [main] DEBUG org.sokybot.pk2.Pk2CryptoUtils - File eguide_getskill.ddj is not encrypted , flags not exists
07:15:18.132 [main] INFO org.soky.sro.pk2.io.Pk2IOTest - Consuming 360112 byte(s) from file eguide_getskill.ddj with size 360112 
07:15:18.132 [main] DEBUG org.sokybot.pk2.Pk2CryptoUtils - File eguide_streetstall.ddj is not encrypted , flags not exists
07:15:18.136 [main] INFO org.soky.sro.pk2.io.Pk2IOTest - Consuming 371924 byte(s) from file eguide_streetstall.ddj with size 371924 
07:15:18.136 [main] DEBUG org.sokybot.pk2.Pk2CryptoUtils - File eguide_action_china.ddj is not encrypted , flags not exists
07:15:18.140 [main] INFO org.soky.sro.pk2.io.Pk2IOTest - Consuming 360112 byte(s) from file eguide_action_china.ddj with size 360112 
07:15:18.140 [main] DEBUG org.sokybot.pk2.Pk2CryptoUtils - File eguide_action_europe.ddj is not encrypted , flags not exists
07:15:18.143 [main] INFO org.soky.sro.pk2.io.Pk2IOTest - Consuming 360112 byte(s) from file eguide_action_europe.ddj with size 360112 
07:15:18.144 [main] DEBUG org.sokybot.pk2.Pk2CryptoUtils - File eguide_jobchoice_china.ddj is not encrypted , flags not exists
07:15:18.147 [main] INFO org.soky.sro.pk2.io.Pk2IOTest - Consuming 360112 byte(s) from file eguide_jobchoice_china.ddj with size 360112 
07:15:18.147 [main] DEBUG org.sokybot.pk2.Pk2CryptoUtils - File eguide_jobchoice_europe.ddj is not encrypted , flags not exists
07:15:18.151 [main] INFO org.soky.sro.pk2.io.Pk2IOTest - Consuming 360112 byte(s) from file eguide_jobchoice_europe.ddj with size 360112 
07:15:18.151 [main] DEBUG org.sokybot.pk2.Pk2CryptoUtils - File eguide_trade_structure.ddj is not encrypted , flags not exists
07:15:18.154 [main] INFO org.soky.sro.pk2.io.Pk2IOTest - Consuming 360112 byte(s) from file eguide_trade_structure.ddj with size 360112 
07:15:18.154 [main] DEBUG org.sokybot.pk2.Pk2CryptoUtils - File eguide_welcome_china.ddj is not encrypted , flags not exists
07:15:18.158 [main] INFO org.soky.sro.pk2.io.Pk2IOTest - Consuming 360112 byte(s) from file eguide_welcome_china.ddj with size 360112 
07:15:18.158 [main] DEBUG org.sokybot.pk2.Pk2CryptoUtils - File eguide_jobchoice_eu.ddj is not encrypted , flags not exists
07:15:18.160 [main] INFO org.soky.sro.pk2.io.Pk2IOTest - Consuming 259444 byte(s) from file eguide_jobchoice_eu.ddj with size 259444 
07:15:18.161 [main] DEBUG org.sokybot.pk2.Pk2CryptoUtils - File eguide_quest.ddj is not encrypted , flags not exists
07:15:18.162 [main] INFO org.soky.sro.pk2.io.Pk2IOTest - Consuming 143668 byte(s) from file eguide_quest.ddj with size 143668 
07:15:18.162 [main] DEBUG org.sokybot.pk2.Pk2CryptoUtils - File eguide_quest_click.ddj is not encrypted , flags not exists
07:15:18.166 [main] INFO org.soky.sro.pk2.io.Pk2IOTest - Consuming 401044 byte(s) from file eguide_quest_click.ddj with size 401044 
07:15:18.166 [main] DEBUG org.sokybot.pk2.Pk2CryptoUtils - File eguide_quest_dic.ddj is not encrypted , flags not exists
07:15:18.168 [main] INFO org.soky.sro.pk2.io.Pk2IOTest - Consuming 219668 byte(s) from file eguide_quest_dic.ddj with size 219668 
07:15:18.168 [main] DEBUG org.sokybot.pk2.Pk2CryptoUtils - File eguide_quest_guide.ddj is not encrypted , flags not exists
07:15:18.169 [main] INFO org.soky.sro.pk2.io.Pk2IOTest - Consuming 117652 byte(s) from file eguide_quest_guide.ddj with size 117652 
07:15:18.170 [main] DEBUG org.sokybot.pk2.Pk2CryptoUtils - File eguide_streetstal.ddj is not encrypted , flags not exists
07:15:18.173 [main] INFO org.soky.sro.pk2.io.Pk2IOTest - Consuming 360112 byte(s) from file eguide_streetstal.ddj with size 360112 
07:15:18.173 [main] DEBUG org.sokybot.pk2.Pk2CryptoUtils - File int_window_downbox.ddj is not encrypted , flags not exists
07:15:18.173 [main] INFO org.soky.sro.pk2.io.Pk2IOTest - Consuming 10004 byte(s) from file int_window_downbox.ddj with size 10004 
07:15:18.173 [main] DEBUG org.sokybot.pk2.Pk2CryptoUtils - File int_window_left_down.ddj is not encrypted , flags not exists
07:15:18.173 [main] INFO org.soky.sro.pk2.io.Pk2IOTest - Consuming 660 byte(s) from file int_window_left_down.ddj with size 660 
07:15:18.173 [main] DEBUG org.sokybot.pk2.Pk2CryptoUtils - File int_window_left_side.ddj is not encrypted , flags not exists
07:15:18.173 [main] INFO org.soky.sro.pk2.io.Pk2IOTest - Consuming 660 byte(s) from file int_window_left_side.ddj with size 660 
07:15:18.174 [main] DEBUG org.sokybot.pk2.Pk2CryptoUtils - File int_window_left_up.ddj is not encrypted , flags not exists
07:15:18.174 [main] INFO org.soky.sro.pk2.io.Pk2IOTest - Consuming 660 byte(s) from file int_window_left_up.ddj with size 660 
07:15:18.174 [main] DEBUG org.sokybot.pk2.Pk2CryptoUtils - File int_window_mid_down.ddj is not encrypted , flags not exists
07:15:18.174 [main] INFO org.soky.sro.pk2.io.Pk2IOTest - Consuming 916 byte(s) from file int_window_mid_down.ddj with size 916 
07:15:18.174 [main] DEBUG org.sokybot.pk2.Pk2CryptoUtils - File int_window_mid_up.ddj is not encrypted , flags not exists
07:15:18.174 [main] INFO org.soky.sro.pk2.io.Pk2IOTest - Consuming 660 byte(s) from file int_window_mid_up.ddj with size 660 
07:15:18.174 [main] DEBUG org.sokybot.pk2.Pk2CryptoUtils - File int_window_right_down.ddj is not encrypted , flags not exists
07:15:18.174 [main] INFO org.soky.sro.pk2.io.Pk2IOTest - Consuming 660 byte(s) from file int_window_right_down.ddj with size 660 
07:15:18.174 [main] DEBUG org.sokybot.pk2.Pk2CryptoUtils - File int_window_right_side.ddj is not encrypted , flags not exists
07:15:18.174 [main] INFO org.soky.sro.pk2.io.Pk2IOTest - Consuming 660 byte(s) from file int_window_right_side.ddj with size 660 
07:15:18.174 [main] DEBUG org.sokybot.pk2.Pk2CryptoUtils - File int_window_right_up.ddj is not encrypted , flags not exists
07:15:18.174 [main] INFO org.soky.sro.pk2.io.Pk2IOTest - Consuming 660 byte(s) from file int_window_right_up.ddj with size 660 
07:15:18.174 [main] DEBUG org.sokybot.pk2.Pk2CryptoUtils - File item_number_0.ddj is not encrypted , flags not exists
07:15:18.174 [main] INFO org.soky.sro.pk2.io.Pk2IOTest - Consuming 404 byte(s) from file item_number_0.ddj with size 404 
07:15:18.175 [main] DEBUG org.sokybot.pk2.Pk2CryptoUtils - File item_number_9.ddj is not encrypted , flags not exists
07:15:18.175 [main] INFO org.soky.sro.pk2.io.Pk2IOTest - Consuming 404 byte(s) from file item_number_9.ddj with size 404 
07:15:18.175 [main] DEBUG org.sokybot.pk2.Pk2CryptoUtils - File 90x99.ddj is not encrypted , flags not exists
07:15:18.175 [main] INFO org.soky.sro.pk2.io.Pk2IOTest - Consuming 32916 byte(s) from file 90x99.ddj with size 32916 
07:15:18.175 [main] DEBUG org.sokybot.pk2.Pk2CryptoUtils - File 99x99.ddj is not encrypted , flags not exists
07:15:18.175 [main] INFO org.soky.sro.pk2.io.Pk2IOTest - Consuming 32916 byte(s) from file 99x99.ddj with size 32916 
07:15:18.176 [main] DEBUG org.sokybot.pk2.Pk2CryptoUtils - File 90x90.ddj is not encrypted , flags not exists
07:15:18.176 [main] INFO org.soky.sro.pk2.io.Pk2IOTest - Consuming 32916 byte(s) from file 90x90.ddj with size 32916 
07:15:18.176 [main] DEBUG org.sokybot.pk2.Pk2CryptoUtils - File qno_script_background_white.ddj is not encrypted , flags not exists
07:15:18.191 [main] INFO org.soky.sro.pk2.io.Pk2IOTest - Consuming 1573012 byte(s) from file qno_script_background_white.ddj with size 1573012 
]]></system-out>
  </testcase>
  <testcase name="testInputStreamForParticularFile" classname="org.soky.sro.pk2.io.Pk2IOTest" time="0.171">
    <system-out><![CDATA[07:15:18.362 [main] DEBUG org.sokybot.pk2.Pk2File - Query limit reached
07:15:18.363 [main] DEBUG org.sokybot.pk2.Pk2File - Query limit reached
07:15:18.363 [main] DEBUG org.sokybot.pk2.Pk2File - Query limit reached
07:15:18.363 [main] DEBUG org.sokybot.pk2.Pk2File - Query limit reached
07:15:18.363 [main] DEBUG org.sokybot.pk2.Pk2File - Query limit reached
07:15:18.363 [main] DEBUG org.sokybot.pk2.Pk2File - Query limit reached
07:15:18.363 [main] DEBUG org.sokybot.pk2.Pk2File - Query limit reached
07:15:18.363 [main] DEBUG org.sokybot.pk2.Pk2File - Query limit reached
07:15:18.363 [main] DEBUG org.sokybot.pk2.Pk2File - Query limit reached
07:15:18.363 [main] DEBUG org.sokybot.pk2.Pk2CryptoUtils - File skilldataenc.txt is not encrypted , flags not exists
07:15:18.363 [main] INFO org.soky.sro.pk2.io.Pk2IOTest - Consumed Bytes 332
]]></system-out>
  </testcase>
  <testcase name="testInputStreamForParticularEncText" classname="org.soky.sro.pk2.io.Pk2IOTest" time="0.227">
    <system-out><![CDATA[07:15:18.515 [main] DEBUG org.sokybot.pk2.Pk2File - Query limit reached
07:15:18.515 [main] DEBUG org.sokybot.pk2.Pk2File - Query limit reached
07:15:18.515 [main] DEBUG org.sokybot.pk2.Pk2File - Query limit reached
07:15:18.515 [main] DEBUG org.sokybot.pk2.Pk2File - Query limit reached
07:15:18.515 [main] DEBUG org.sokybot.pk2.Pk2File - Query limit reached
07:15:18.515 [main] DEBUG org.sokybot.pk2.Pk2File - Query limit reached
07:15:18.515 [main] DEBUG org.sokybot.pk2.Pk2File - Query limit reached
07:15:18.515 [main] DEBUG org.sokybot.pk2.Pk2File - Query limit reached
07:15:18.515 [main] DEBUG org.sokybot.pk2.Pk2File - Query limit reached
]]></system-out>
  </testcase>
  <testcase name="testInputStreamForEmptyTextFile" classname="org.soky.sro.pk2.io.Pk2IOTest" time="0.133">
    <system-out><![CDATA[07:15:18.725 [main] DEBUG org.sokybot.pk2.Pk2File - Query limit reached
07:15:18.725 [main] DEBUG org.sokybot.pk2.Pk2File - Query limit reached
07:15:18.725 [main] DEBUG org.sokybot.pk2.Pk2File - Query limit reached
07:15:18.725 [main] DEBUG org.sokybot.pk2.Pk2File - Query limit reached
07:15:18.725 [main] DEBUG org.sokybot.pk2.Pk2File - Query limit reached
07:15:18.725 [main] DEBUG org.sokybot.pk2.Pk2File - Query limit reached
07:15:18.725 [main] DEBUG org.sokybot.pk2.Pk2File - Query limit reached
07:15:18.725 [main] DEBUG org.sokybot.pk2.Pk2File - Query limit reached
07:15:18.725 [main] DEBUG org.sokybot.pk2.Pk2File - Query limit reached
07:15:18.725 [main] DEBUG org.sokybot.pk2.Pk2File - Query limit reached
07:15:18.725 [main] DEBUG org.sokybot.pk2.Pk2File - Query limit reached
07:15:18.725 [main] DEBUG org.sokybot.pk2.Pk2CryptoUtils - JmxFile eventnpcdata.txt size is smaller than ENCRYPTED_TEXT_FOOTER_STATEMENT  plus 2 bytes flag 24  
]]></system-out>
  </testcase>
  <testcase name="testInputStreamForAnyText" classname="org.soky.sro.pk2.io.Pk2IOTest" time="0.631">
    <system-out><![CDATA[07:15:18.868 [main] DEBUG org.sokybot.pk2.Pk2CryptoUtils - File fileinfo.txt is not encrypted , flags not exists
07:15:18.868 [main] INFO org.soky.sro.pk2.io.Pk2IOTest - Consuming 1190 byte(s) from file fileinfo.txt with size 1190 
07:15:18.869 [main] DEBUG org.sokybot.pk2.Pk2CryptoUtils - JmxFile md.txt size is smaller than ENCRYPTED_TEXT_FOOTER_STATEMENT  plus 2 bytes flag 24  
07:15:18.869 [main] INFO org.soky.sro.pk2.io.Pk2IOTest - Consuming 16 byte(s) from file md.txt with size 16 
07:15:18.869 [main] DEBUG org.sokybot.pk2.Pk2CryptoUtils - File type.txt is not encrypted , flags not exists
07:15:18.869 [main] INFO org.soky.sro.pk2.io.Pk2IOTest - Consuming 135 byte(s) from file type.txt with size 135 
07:15:18.869 [main] DEBUG org.sokybot.pk2.Pk2CryptoUtils - File refshopitemstockperiod.txt is not encrypted , flags not exists
07:15:18.869 [main] INFO org.soky.sro.pk2.io.Pk2IOTest - Consuming 1170 byte(s) from file refshopitemstockperiod.txt with size 1170 
07:15:18.869 [main] DEBUG org.sokybot.pk2.Pk2CryptoUtils - File option.txt is not encrypted , flags not exists
07:15:18.869 [main] INFO org.soky.sro.pk2.io.Pk2IOTest - Consuming 491 byte(s) from file option.txt with size 491 
07:15:18.869 [main] DEBUG org.sokybot.pk2.Pk2CryptoUtils - File oku.txt is not encrypted , flags not exists
07:15:18.869 [main] INFO org.soky.sro.pk2.io.Pk2IOTest - Consuming 96 byte(s) from file oku.txt with size 96 
07:15:18.870 [main] DEBUG org.sokybot.pk2.Pk2CryptoUtils - File agreement.txt is not encrypted , flags not exists
07:15:18.870 [main] INFO org.soky.sro.pk2.io.Pk2IOTest - Consuming 5498 byte(s) from file agreement.txt with size 5498 
07:15:18.870 [main] DEBUG org.sokybot.pk2.Pk2CryptoUtils - File cameradata.txt is not encrypted , flags not exists
07:15:18.870 [main] INFO org.soky.sro.pk2.io.Pk2IOTest - Consuming 67 byte(s) from file cameradata.txt with size 67 
07:15:18.870 [main] DEBUG org.sokybot.pk2.Pk2CryptoUtils - File command.txt is not encrypted , flags not exists
07:15:18.870 [main] INFO org.soky.sro.pk2.io.Pk2IOTest - Consuming 851 byte(s) from file command.txt with size 851 
07:15:18.870 [main] DEBUG org.sokybot.pk2.Pk2CryptoUtils - File define.txt is not encrypted , flags not exists
07:15:18.870 [main] INFO org.soky.sro.pk2.io.Pk2IOTest - Consuming 852 byte(s) from file define.txt with size 852 
07:15:18.870 [main] DEBUG org.sokybot.pk2.Pk2CryptoUtils - File mp.txt is not encrypted , flags not exists
07:15:18.870 [main] INFO org.soky.sro.pk2.io.Pk2IOTest - Consuming 760 byte(s) from file mp.txt with size 760 
07:15:18.870 [main] DEBUG org.sokybot.pk2.Pk2CryptoUtils - File option.txt is not encrypted , flags not exists
07:15:18.870 [main] INFO org.soky.sro.pk2.io.Pk2IOTest - Consuming 561 byte(s) from file option.txt with size 561 
07:15:18.871 [main] DEBUG org.sokybot.pk2.Pk2CryptoUtils - File reflinkurl.txt is not encrypted , flags not exists
07:15:18.871 [main] INFO org.soky.sro.pk2.io.Pk2IOTest - Consuming 276 byte(s) from file reflinkurl.txt with size 276 
07:15:18.871 [main] DEBUG org.sokybot.pk2.Pk2CryptoUtils - File refresources.txt is not encrypted , flags not exists
07:15:18.871 [main] INFO org.soky.sro.pk2.io.Pk2IOTest - Consuming 3629 byte(s) from file refresources.txt with size 3629 
07:15:18.871 [main] DEBUG org.sokybot.pk2.Pk2CryptoUtils - File atstructeffect.txt is not encrypted , flags not exists
07:15:18.871 [main] INFO org.soky.sro.pk2.io.Pk2IOTest - Consuming 3746 byte(s) from file atstructeffect.txt with size 3746 
07:15:18.871 [main] DEBUG org.sokybot.pk2.Pk2CryptoUtils - File avataritemdata.txt is not encrypted , flags not exists
07:15:18.871 [main] INFO org.soky.sro.pk2.io.Pk2IOTest - Consuming 754 byte(s) from file avataritemdata.txt with size 754 
07:15:18.871 [main] DEBUG org.sokybot.pk2.Pk2CryptoUtils - File effectenvsnd.txt is not encrypted , flags not exists
07:15:18.872 [main] INFO org.soky.sro.pk2.io.Pk2IOTest - Consuming 25075 byte(s) from file effectenvsnd.txt with size 25075 
07:15:18.872 [main] DEBUG org.sokybot.pk2.Pk2CryptoUtils - File effectsound.txt is not encrypted , flags not exists
07:15:18.876 [main] INFO org.soky.sro.pk2.io.Pk2IOTest - Consuming 404804 byte(s) from file effectsound.txt with size 404804 
07:15:18.876 [main] DEBUG org.sokybot.pk2.Pk2CryptoUtils - File ginterface.txt is not encrypted , flags not exists
07:15:18.877 [main] INFO org.soky.sro.pk2.io.Pk2IOTest - Consuming 49680 byte(s) from file ginterface.txt with size 49680 
07:15:18.877 [main] DEBUG org.sokybot.pk2.Pk2CryptoUtils - File ifaction.txt is not encrypted , flags not exists
07:15:18.877 [main] INFO org.soky.sro.pk2.io.Pk2IOTest - Consuming 32556 byte(s) from file ifaction.txt with size 32556 
07:15:18.877 [main] DEBUG org.sokybot.pk2.Pk2CryptoUtils - File ifalchemybox.txt is not encrypted , flags not exists
07:15:18.877 [main] INFO org.soky.sro.pk2.io.Pk2IOTest - Consuming 2753 byte(s) from file ifalchemybox.txt with size 2753 
07:15:18.877 [main] DEBUG org.sokybot.pk2.Pk2CryptoUtils - File ifalchemyenchant.txt is not encrypted , flags not exists
07:15:18.877 [main] INFO org.soky.sro.pk2.io.Pk2IOTest - Consuming 3375 byte(s) from file ifalchemyenchant.txt with size 3375 
07:15:18.878 [main] DEBUG org.sokybot.pk2.Pk2CryptoUtils - File ifalchemyprocess.txt is not encrypted , flags not exists
07:15:18.878 [main] INFO org.soky.sro.pk2.io.Pk2IOTest - Consuming 7719 byte(s) from file ifalchemyprocess.txt with size 7719 
07:15:18.878 [main] DEBUG org.sokybot.pk2.Pk2CryptoUtils - File ifalchemyreinforce.txt is not encrypted , flags not exists
07:15:18.878 [main] INFO org.soky.sro.pk2.io.Pk2IOTest - Consuming 3389 byte(s) from file ifalchemyreinforce.txt with size 3389 
07:15:18.878 [main] DEBUG org.sokybot.pk2.Pk2CryptoUtils - File ifallianceguild.txt is not encrypted , flags not exists
07:15:18.878 [main] INFO org.soky.sro.pk2.io.Pk2IOTest - Consuming 16798 byte(s) from file ifallianceguild.txt with size 16798 
07:15:18.878 [main] DEBUG org.sokybot.pk2.Pk2CryptoUtils - File ifallianceguildslot.txt is not encrypted , flags not exists
07:15:18.878 [main] INFO org.soky.sro.pk2.io.Pk2IOTest - Consuming 1352 byte(s) from file ifallianceguildslot.txt with size 1352 
07:15:18.878 [main] DEBUG org.sokybot.pk2.Pk2CryptoUtils - File ifapprenticeship.txt is not encrypted , flags not exists
07:15:18.879 [main] INFO org.soky.sro.pk2.io.Pk2IOTest - Consuming 12593 byte(s) from file ifapprenticeship.txt with size 12593 
07:15:18.879 [main] DEBUG org.sokybot.pk2.Pk2CryptoUtils - File ifapprenticeshiphonorranking.txt is not encrypted , flags not exists
07:15:18.879 [main] INFO org.soky.sro.pk2.io.Pk2IOTest - Consuming 10381 byte(s) from file ifapprenticeshiphonorranking.txt with size 10381 
07:15:18.879 [main] DEBUG org.sokybot.pk2.Pk2CryptoUtils - File ifapprenticeshiphonorslot.txt is not encrypted , flags not exists
07:15:18.879 [main] INFO org.soky.sro.pk2.io.Pk2IOTest - Consuming 2655 byte(s) from file ifapprenticeshiphonorslot.txt with size 2655 
07:15:18.879 [main] DEBUG org.sokybot.pk2.Pk2CryptoUtils - File ifapprenticeshipjudge.txt is not encrypted , flags not exists
07:15:18.879 [main] INFO org.soky.sro.pk2.io.Pk2IOTest - Consuming 2927 byte(s) from file ifapprenticeshipjudge.txt with size 2927 
07:15:18.879 [main] DEBUG org.sokybot.pk2.Pk2CryptoUtils - File ifapprenticeshipslot.txt is not encrypted , flags not exists
07:15:18.880 [main] INFO org.soky.sro.pk2.io.Pk2IOTest - Consuming 3593 byte(s) from file ifapprenticeshipslot.txt with size 3593 
07:15:18.880 [main] DEBUG org.sokybot.pk2.Pk2CryptoUtils - File ifautopotion.txt is not encrypted , flags not exists
07:15:18.880 [main] INFO org.soky.sro.pk2.io.Pk2IOTest - Consuming 7976 byte(s) from file ifautopotion.txt with size 7976 
07:15:18.880 [main] DEBUG org.sokybot.pk2.Pk2CryptoUtils - File ifautopotionslot.txt is not encrypted , flags not exists
07:15:18.880 [main] INFO org.soky.sro.pk2.io.Pk2IOTest - Consuming 5815 byte(s) from file ifautopotionslot.txt with size 5815 
07:15:18.880 [main] DEBUG org.sokybot.pk2.Pk2CryptoUtils - File ifbattery.txt is not encrypted , flags not exists
07:15:18.880 [main] INFO org.soky.sro.pk2.io.Pk2IOTest - Consuming 1823 byte(s) from file ifbattery.txt with size 1823 
07:15:18.880 [main] DEBUG org.sokybot.pk2.Pk2CryptoUtils - File ifblocking.txt is not encrypted , flags not exists
07:15:18.880 [main] INFO org.soky.sro.pk2.io.Pk2IOTest - Consuming 1444 byte(s) from file ifblocking.txt with size 1444 
07:15:18.880 [main] DEBUG org.sokybot.pk2.Pk2CryptoUtils - File ifcaschatview.txt is not encrypted , flags not exists
07:15:18.880 [main] INFO org.soky.sro.pk2.io.Pk2IOTest - Consuming 4256 byte(s) from file ifcaschatview.txt with size 4256 
07:15:18.881 [main] DEBUG org.sokybot.pk2.Pk2CryptoUtils - File ifcasrequesthelp.txt is not encrypted , flags not exists
07:15:18.881 [main] INFO org.soky.sro.pk2.io.Pk2IOTest - Consuming 9558 byte(s) from file ifcasrequesthelp.txt with size 9558 
07:15:18.881 [main] DEBUG org.sokybot.pk2.Pk2CryptoUtils - File ifcasrequestresult.txt is not encrypted , flags not exists
07:15:18.881 [main] INFO org.soky.sro.pk2.io.Pk2IOTest - Consuming 5276 byte(s) from file ifcasrequestresult.txt with size 5276 
07:15:18.881 [main] DEBUG org.sokybot.pk2.Pk2CryptoUtils - File ifcasrequestservice.txt is not encrypted , flags not exists
07:15:18.881 [main] INFO org.soky.sro.pk2.io.Pk2IOTest - Consuming 1463 byte(s) from file ifcasrequestservice.txt with size 1463 
07:15:18.881 [main] DEBUG org.sokybot.pk2.Pk2CryptoUtils - File ifcasresultslot.txt is not encrypted , flags not exists
07:15:18.881 [main] INFO org.soky.sro.pk2.io.Pk2IOTest - Consuming 895 byte(s) from file ifcasresultslot.txt with size 895 
07:15:18.881 [main] DEBUG org.sokybot.pk2.Pk2CryptoUtils - File ifcasuseranswer.txt is not encrypted , flags not exists
07:15:18.881 [main] INFO org.soky.sro.pk2.io.Pk2IOTest - Consuming 4844 byte(s) from file ifcasuseranswer.txt with size 4844 
07:15:18.882 [main] DEBUG org.sokybot.pk2.Pk2CryptoUtils - File ifchangeplayermodel.txt is not encrypted , flags not exists
07:15:18.882 [main] INFO org.soky.sro.pk2.io.Pk2IOTest - Consuming 12040 byte(s) from file ifchangeplayermodel.txt with size 12040 
07:15:18.882 [main] DEBUG org.sokybot.pk2.Pk2CryptoUtils - File ifchatbubblewindow.txt is not encrypted , flags not exists
07:15:18.882 [main] INFO org.soky.sro.pk2.io.Pk2IOTest - Consuming 1331 byte(s) from file ifchatbubblewindow.txt with size 1331 
07:15:18.882 [main] DEBUG org.sokybot.pk2.Pk2CryptoUtils - File ifchatmodule.txt is not encrypted , flags not exists
07:15:18.882 [main] INFO org.soky.sro.pk2.io.Pk2IOTest - Consuming 4493 byte(s) from file ifchatmodule.txt with size 4493 
07:15:18.882 [main] DEBUG org.sokybot.pk2.Pk2CryptoUtils - File ifchatoptionboard.txt is not encrypted , flags not exists
07:15:18.882 [main] INFO org.soky.sro.pk2.io.Pk2IOTest - Consuming 4782 byte(s) from file ifchatoptionboard.txt with size 4782 
07:15:18.882 [main] DEBUG org.sokybot.pk2.Pk2CryptoUtils - File ifchattingblocking.txt is not encrypted , flags not exists
07:15:18.883 [main] INFO org.soky.sro.pk2.io.Pk2IOTest - Consuming 9988 byte(s) from file ifchattingblocking.txt with size 9988 
07:15:18.883 [main] DEBUG org.sokybot.pk2.Pk2CryptoUtils - File ifchattingblockingslot.txt is not encrypted , flags not exists
07:15:18.883 [main] INFO org.soky.sro.pk2.io.Pk2IOTest - Consuming 1432 byte(s) from file ifchattingblockingslot.txt with size 1432 
07:15:18.883 [main] DEBUG org.sokybot.pk2.Pk2CryptoUtils - File ifchatviewer.txt is not encrypted , flags not exists
07:15:18.883 [main] INFO org.soky.sro.pk2.io.Pk2IOTest - Consuming 12731 byte(s) from file ifchatviewer.txt with size 12731 
07:15:18.883 [main] DEBUG org.sokybot.pk2.Pk2CryptoUtils - File ifcheckbox.txt is not encrypted , flags not exists
07:15:18.883 [main] INFO org.soky.sro.pk2.io.Pk2IOTest - Consuming 514 byte(s) from file ifcheckbox.txt with size 514 
07:15:18.883 [main] DEBUG org.sokybot.pk2.Pk2CryptoUtils - File ifcheckconfirmwnd.txt is not encrypted , flags not exists
07:15:18.883 [main] INFO org.soky.sro.pk2.io.Pk2IOTest - Consuming 4266 byte(s) from file ifcheckconfirmwnd.txt with size 4266 
07:15:18.883 [main] DEBUG org.sokybot.pk2.Pk2CryptoUtils - File ifcommunity.txt is not encrypted , flags not exists
07:15:18.883 [main] INFO org.soky.sro.pk2.io.Pk2IOTest - Consuming 3381 byte(s) from file ifcommunity.txt with size 3381 
07:15:18.884 [main] DEBUG org.sokybot.pk2.Pk2CryptoUtils - File ifcompositeitemwnd.txt is not encrypted , flags not exists
07:15:18.884 [main] INFO org.soky.sro.pk2.io.Pk2IOTest - Consuming 979 byte(s) from file ifcompositeitemwnd.txt with size 979 
07:15:18.884 [main] DEBUG org.sokybot.pk2.Pk2CryptoUtils - File ifconfirmbox.txt is not encrypted , flags not exists
07:15:18.884 [main] INFO org.soky.sro.pk2.io.Pk2IOTest - Consuming 2738 byte(s) from file ifconfirmbox.txt with size 2738 
07:15:18.884 [main] DEBUG org.sokybot.pk2.Pk2CryptoUtils - File ifcos.txt is not encrypted , flags not exists
07:15:18.884 [main] INFO org.soky.sro.pk2.io.Pk2IOTest - Consuming 1898 byte(s) from file ifcos.txt with size 1898 
07:15:18.884 [main] DEBUG org.sokybot.pk2.Pk2CryptoUtils - File ifcoscommand.txt is not encrypted , flags not exists
07:15:18.884 [main] INFO org.soky.sro.pk2.io.Pk2IOTest - Consuming 957 byte(s) from file ifcoscommand.txt with size 957 
07:15:18.884 [main] DEBUG org.sokybot.pk2.Pk2CryptoUtils - File ifcosinfo.txt is not encrypted , flags not exists
07:15:18.884 [main] INFO org.soky.sro.pk2.io.Pk2IOTest - Consuming 15583 byte(s) from file ifcosinfo.txt with size 15583 
07:15:18.884 [main] DEBUG org.sokybot.pk2.Pk2CryptoUtils - File ifcosinfoslot.txt is not encrypted , flags not exists
07:15:18.885 [main] INFO org.soky.sro.pk2.io.Pk2IOTest - Consuming 1347 byte(s) from file ifcosinfoslot.txt with size 1347 
07:15:18.885 [main] DEBUG org.sokybot.pk2.Pk2CryptoUtils - File ifcosinventory.txt is not encrypted , flags not exists
07:15:18.885 [main] INFO org.soky.sro.pk2.io.Pk2IOTest - Consuming 8773 byte(s) from file ifcosinventory.txt with size 8773 
07:15:18.885 [main] DEBUG org.sokybot.pk2.Pk2CryptoUtils - File ifcossetup.txt is not encrypted , flags not exists
07:15:18.885 [main] INFO org.soky.sro.pk2.io.Pk2IOTest - Consuming 10195 byte(s) from file ifcossetup.txt with size 10195 
07:15:18.885 [main] DEBUG org.sokybot.pk2.Pk2CryptoUtils - File ifcosstatus.txt is not encrypted , flags not exists
07:15:18.885 [main] INFO org.soky.sro.pk2.io.Pk2IOTest - Consuming 2438 byte(s) from file ifcosstatus.txt with size 2438 
07:15:18.885 [main] DEBUG org.sokybot.pk2.Pk2CryptoUtils - File ifdelayinfo.txt is not encrypted , flags not exists
07:15:18.885 [main] INFO org.soky.sro.pk2.io.Pk2IOTest - Consuming 1334 byte(s) from file ifdelayinfo.txt with size 1334 
07:15:18.886 [main] DEBUG org.sokybot.pk2.Pk2CryptoUtils - File ifdurabilityerr.txt is not encrypted , flags not exists
07:15:18.886 [main] INFO org.soky.sro.pk2.io.Pk2IOTest - Consuming 3417 byte(s) from file ifdurabilityerr.txt with size 3417 
07:15:18.886 [main] DEBUG org.sokybot.pk2.Pk2CryptoUtils - File ifequipment.txt is not encrypted , flags not exists
07:15:18.886 [main] INFO org.soky.sro.pk2.io.Pk2IOTest - Consuming 12497 byte(s) from file ifequipment.txt with size 12497 
07:15:18.886 [main] DEBUG org.sokybot.pk2.Pk2CryptoUtils - File ifequipskillslotwnd.txt is not encrypted , flags not exists
07:15:18.886 [main] INFO org.soky.sro.pk2.io.Pk2IOTest - Consuming 3965 byte(s) from file ifequipskillslotwnd.txt with size 3965 
07:15:18.886 [main] DEBUG org.sokybot.pk2.Pk2CryptoUtils - File ifeventfestival.txt is not encrypted , flags not exists
07:15:18.886 [main] INFO org.soky.sro.pk2.io.Pk2IOTest - Consuming 3650 byte(s) from file ifeventfestival.txt with size 3650 
07:15:18.886 [main] DEBUG org.sokybot.pk2.Pk2CryptoUtils - File ifeventgate.txt is not encrypted , flags not exists
07:15:18.886 [main] INFO org.soky.sro.pk2.io.Pk2IOTest - Consuming 1872 byte(s) from file ifeventgate.txt with size 1872 
07:15:18.887 [main] DEBUG org.sokybot.pk2.Pk2CryptoUtils - File ifexchange.txt is not encrypted , flags not exists
07:15:18.887 [main] INFO org.soky.sro.pk2.io.Pk2IOTest - Consuming 28275 byte(s) from file ifexchange.txt with size 28275 
07:15:18.887 [main] DEBUG org.sokybot.pk2.Pk2CryptoUtils - File ifextquickslot.txt is not encrypted , flags not exists
07:15:18.887 [main] INFO org.soky.sro.pk2.io.Pk2IOTest - Consuming 43441 byte(s) from file ifextquickslot.txt with size 43441 
07:15:18.888 [main] DEBUG org.sokybot.pk2.Pk2CryptoUtils - File ifextquickslotoption.txt is not encrypted , flags not exists
07:15:18.888 [main] INFO org.soky.sro.pk2.io.Pk2IOTest - Consuming 7084 byte(s) from file ifextquickslotoption.txt with size 7084 
07:15:18.888 [main] DEBUG org.sokybot.pk2.Pk2CryptoUtils - File iffortressbusiness.txt is not encrypted , flags not exists
07:15:18.888 [main] INFO org.soky.sro.pk2.io.Pk2IOTest - Consuming 12282 byte(s) from file iffortressbusiness.txt with size 12282 
07:15:18.888 [main] DEBUG org.sokybot.pk2.Pk2CryptoUtils - File iffortressbusinessslot.txt is not encrypted , flags not exists
07:15:18.888 [main] INFO org.soky.sro.pk2.io.Pk2IOTest - Consuming 1386 byte(s) from file iffortressbusinessslot.txt with size 1386 
07:15:18.888 [main] DEBUG org.sokybot.pk2.Pk2CryptoUtils - File iffortressmakeitemwnd.txt is not encrypted , flags not exists
07:15:18.888 [main] INFO org.soky.sro.pk2.io.Pk2IOTest - Consuming 15111 byte(s) from file iffortressmakeitemwnd.txt with size 15111 
07:15:18.889 [main] DEBUG org.sokybot.pk2.Pk2CryptoUtils - File iffortressmakeitemwndslot.txt is not encrypted , flags not exists
07:15:18.889 [main] INFO org.soky.sro.pk2.io.Pk2IOTest - Consuming 2904 byte(s) from file iffortressmakeitemwndslot.txt with size 2904 
07:15:18.889 [main] DEBUG org.sokybot.pk2.Pk2CryptoUtils - File iffortressmap.txt is not encrypted , flags not exists
07:15:18.889 [main] INFO org.soky.sro.pk2.io.Pk2IOTest - Consuming 7875 byte(s) from file iffortressmap.txt with size 7875 
07:15:18.889 [main] DEBUG org.sokybot.pk2.Pk2CryptoUtils - File iffortresswarapplywnd.txt is not encrypted , flags not exists
07:15:18.889 [main] INFO org.soky.sro.pk2.io.Pk2IOTest - Consuming 5454 byte(s) from file iffortresswarapplywnd.txt with size 5454 
07:15:18.889 [main] DEBUG org.sokybot.pk2.Pk2CryptoUtils - File iffortresswarapplywndslot.txt is not encrypted , flags not exists
07:15:18.889 [main] INFO org.soky.sro.pk2.io.Pk2IOTest - Consuming 1432 byte(s) from file iffortresswarapplywndslot.txt with size 1432 
07:15:18.889 [main] DEBUG org.sokybot.pk2.Pk2CryptoUtils - File iffriend.txt is not encrypted , flags not exists
07:15:18.889 [main] INFO org.soky.sro.pk2.io.Pk2IOTest - Consuming 5693 byte(s) from file iffriend.txt with size 5693 
07:15:18.890 [main] DEBUG org.sokybot.pk2.Pk2CryptoUtils - File iffriendslot.txt is not encrypted , flags not exists
07:15:18.890 [main] INFO org.soky.sro.pk2.io.Pk2IOTest - Consuming 1399 byte(s) from file iffriendslot.txt with size 1399 
07:15:18.890 [main] DEBUG org.sokybot.pk2.Pk2CryptoUtils - File ifgameguide.txt is not encrypted , flags not exists
07:15:18.890 [main] INFO org.soky.sro.pk2.io.Pk2IOTest - Consuming 6226 byte(s) from file ifgameguide.txt with size 6226 
07:15:18.890 [main] DEBUG org.sokybot.pk2.Pk2CryptoUtils - File ifgameoptionslot.txt is not encrypted , flags not exists
07:15:18.890 [main] INFO org.soky.sro.pk2.io.Pk2IOTest - Consuming 1374 byte(s) from file ifgameoptionslot.txt with size 1374 
07:15:18.890 [main] DEBUG org.sokybot.pk2.Pk2CryptoUtils - File ifggmainslot.txt is not encrypted , flags not exists
07:15:18.890 [main] INFO org.soky.sro.pk2.io.Pk2IOTest - Consuming 930 byte(s) from file ifggmainslot.txt with size 930 
07:15:18.890 [main] DEBUG org.sokybot.pk2.Pk2CryptoUtils - File ifggmenu.txt is not encrypted , flags not exists
07:15:18.890 [main] INFO org.soky.sro.pk2.io.Pk2IOTest - Consuming 1456 byte(s) from file ifggmenu.txt with size 1456 
07:15:18.890 [main] DEBUG org.sokybot.pk2.Pk2CryptoUtils - File ifggsubslot.txt is not encrypted , flags not exists
07:15:18.891 [main] INFO org.soky.sro.pk2.io.Pk2IOTest - Consuming 880 byte(s) from file ifggsubslot.txt with size 880 
07:15:18.891 [main] DEBUG org.sokybot.pk2.Pk2CryptoUtils - File ifghacha.txt is not encrypted , flags not exists
07:15:18.891 [main] INFO org.soky.sro.pk2.io.Pk2IOTest - Consuming 19167 byte(s) from file ifghacha.txt with size 19167 
07:15:18.891 [main] DEBUG org.sokybot.pk2.Pk2CryptoUtils - File ifgngwcrank.txt is not encrypted , flags not exists
07:15:18.891 [main] INFO org.soky.sro.pk2.io.Pk2IOTest - Consuming 6558 byte(s) from file ifgngwcrank.txt with size 6558 
07:15:18.891 [main] DEBUG org.sokybot.pk2.Pk2CryptoUtils - File ifgngwcrankslot.txt is not encrypted , flags not exists
07:15:18.891 [main] INFO org.soky.sro.pk2.io.Pk2IOTest - Consuming 1784 byte(s) from file ifgngwcrankslot.txt with size 1784 
07:15:18.891 [main] DEBUG org.sokybot.pk2.Pk2CryptoUtils - File ifgrantmagicattributeslot.txt is not encrypted , flags not exists
07:15:18.891 [main] INFO org.soky.sro.pk2.io.Pk2IOTest - Consuming 483 byte(s) from file ifgrantmagicattributeslot.txt with size 483 
07:15:18.892 [main] DEBUG org.sokybot.pk2.Pk2CryptoUtils - File ifgrantmagicattributewnd.txt is not encrypted , flags not exists
07:15:18.892 [main] INFO org.soky.sro.pk2.io.Pk2IOTest - Consuming 9121 byte(s) from file ifgrantmagicattributewnd.txt with size 9121 
07:15:18.892 [main] DEBUG org.sokybot.pk2.Pk2CryptoUtils - File ifguild.txt is not encrypted , flags not exists
07:15:18.892 [main] INFO org.soky.sro.pk2.io.Pk2IOTest - Consuming 19380 byte(s) from file ifguild.txt with size 19380 
07:15:18.892 [main] DEBUG org.sokybot.pk2.Pk2CryptoUtils - File ifguilddonategp.txt is not encrypted , flags not exists
07:15:18.892 [main] INFO org.soky.sro.pk2.io.Pk2IOTest - Consuming 6476 byte(s) from file ifguilddonategp.txt with size 6476 
07:15:18.892 [main] DEBUG org.sokybot.pk2.Pk2CryptoUtils - File ifguildgrantpower.txt is not encrypted , flags not exists
07:15:18.893 [main] INFO org.soky.sro.pk2.io.Pk2IOTest - Consuming 6234 byte(s) from file ifguildgrantpower.txt with size 6234 
07:15:18.893 [main] DEBUG org.sokybot.pk2.Pk2CryptoUtils - File ifguildgrantpowerslot.txt is not encrypted , flags not exists
07:15:18.893 [main] INFO org.soky.sro.pk2.io.Pk2IOTest - Consuming 3298 byte(s) from file ifguildgrantpowerslot.txt with size 3298 
07:15:18.893 [main] DEBUG org.sokybot.pk2.Pk2CryptoUtils - File ifguildlevelup.txt is not encrypted , flags not exists
07:15:18.893 [main] INFO org.soky.sro.pk2.io.Pk2IOTest - Consuming 5379 byte(s) from file ifguildlevelup.txt with size 5379 
07:15:18.893 [main] DEBUG org.sokybot.pk2.Pk2CryptoUtils - File ifguildmasterelection.txt is not encrypted , flags not exists
07:15:18.893 [main] INFO org.soky.sro.pk2.io.Pk2IOTest - Consuming 10592 byte(s) from file ifguildmasterelection.txt with size 10592 
07:15:18.893 [main] DEBUG org.sokybot.pk2.Pk2CryptoUtils - File ifguildmasterelectionslot.txt is not encrypted , flags not exists
07:15:18.893 [main] INFO org.soky.sro.pk2.io.Pk2IOTest - Consuming 1408 byte(s) from file ifguildmasterelectionslot.txt with size 1408 
07:15:18.894 [main] DEBUG org.sokybot.pk2.Pk2CryptoUtils - File ifguildmasterleave.txt is not encrypted , flags not exists
07:15:18.894 [main] INFO org.soky.sro.pk2.io.Pk2IOTest - Consuming 7643 byte(s) from file ifguildmasterleave.txt with size 7643 
07:15:18.894 [main] DEBUG org.sokybot.pk2.Pk2CryptoUtils - File ifguildmasterleaveslot.txt is not encrypted , flags not exists
07:15:18.894 [main] INFO org.soky.sro.pk2.io.Pk2IOTest - Consuming 970 byte(s) from file ifguildmasterleaveslot.txt with size 970 
07:15:18.894 [main] DEBUG org.sokybot.pk2.Pk2CryptoUtils - File ifguildmemberslot.txt is not encrypted , flags not exists
07:15:18.894 [main] INFO org.soky.sro.pk2.io.Pk2IOTest - Consuming 2605 byte(s) from file ifguildmemberslot.txt with size 2605 
07:15:18.894 [main] DEBUG org.sokybot.pk2.Pk2CryptoUtils - File ifguildnotifycontents.txt is not encrypted , flags not exists
07:15:18.894 [main] INFO org.soky.sro.pk2.io.Pk2IOTest - Consuming 2834 byte(s) from file ifguildnotifycontents.txt with size 2834 
07:15:18.894 [main] DEBUG org.sokybot.pk2.Pk2CryptoUtils - File ifguildnotifywrite.txt is not encrypted , flags not exists
07:15:18.894 [main] INFO org.soky.sro.pk2.io.Pk2IOTest - Consuming 6684 byte(s) from file ifguildnotifywrite.txt with size 6684 
07:15:18.895 [main] DEBUG org.sokybot.pk2.Pk2CryptoUtils - File ifguildpointup.txt is not encrypted , flags not exists
07:15:18.895 [main] INFO org.soky.sro.pk2.io.Pk2IOTest - Consuming 6965 byte(s) from file ifguildpointup.txt with size 6965 
07:15:18.895 [main] DEBUG org.sokybot.pk2.Pk2CryptoUtils - File ifguildpositiongrant.txt is not encrypted , flags not exists
07:15:18.895 [main] INFO org.soky.sro.pk2.io.Pk2IOTest - Consuming 7972 byte(s) from file ifguildpositiongrant.txt with size 7972 
07:15:18.895 [main] DEBUG org.sokybot.pk2.Pk2CryptoUtils - File ifguildrelation.txt is not encrypted , flags not exists
07:15:18.895 [main] INFO org.soky.sro.pk2.io.Pk2IOTest - Consuming 16343 byte(s) from file ifguildrelation.txt with size 16343 
07:15:18.895 [main] DEBUG org.sokybot.pk2.Pk2CryptoUtils - File ifguildrelations.txt is not encrypted , flags not exists
07:15:18.895 [main] INFO org.soky.sro.pk2.io.Pk2IOTest - Consuming 1397 byte(s) from file ifguildrelations.txt with size 1397 
07:15:18.895 [main] DEBUG org.sokybot.pk2.Pk2CryptoUtils - File ifguildwar.txt is not encrypted , flags not exists
07:15:18.896 [main] INFO org.soky.sro.pk2.io.Pk2IOTest - Consuming 19306 byte(s) from file ifguildwar.txt with size 19306 
07:15:18.896 [main] DEBUG org.sokybot.pk2.Pk2CryptoUtils - File ifguildwaragree.txt is not encrypted , flags not exists
07:15:18.896 [main] INFO org.soky.sro.pk2.io.Pk2IOTest - Consuming 9003 byte(s) from file ifguildwaragree.txt with size 9003 
07:15:18.896 [main] DEBUG org.sokybot.pk2.Pk2CryptoUtils - File ifguildwarconfirm.txt is not encrypted , flags not exists
07:15:18.896 [main] INFO org.soky.sro.pk2.io.Pk2IOTest - Consuming 9002 byte(s) from file ifguildwarconfirm.txt with size 9002 
07:15:18.896 [main] DEBUG org.sokybot.pk2.Pk2CryptoUtils - File ifguildwarrequest.txt is not encrypted , flags not exists
07:15:18.897 [main] INFO org.soky.sro.pk2.io.Pk2IOTest - Consuming 9477 byte(s) from file ifguildwarrequest.txt with size 9477 
07:15:18.897 [main] DEBUG org.sokybot.pk2.Pk2CryptoUtils - File ifhelpbubblewindow.txt is not encrypted , flags not exists
07:15:18.897 [main] INFO org.soky.sro.pk2.io.Pk2IOTest - Consuming 1804 byte(s) from file ifhelpbubblewindow.txt with size 1804 
07:15:18.897 [main] DEBUG org.sokybot.pk2.Pk2CryptoUtils - File ifhorizontalscroll.txt is not encrypted , flags not exists
07:15:18.897 [main] INFO org.soky.sro.pk2.io.Pk2IOTest - Consuming 1316 byte(s) from file ifhorizontalscroll.txt with size 1316 
07:15:18.897 [main] DEBUG org.sokybot.pk2.Pk2CryptoUtils - File ifhostileguild.txt is not encrypted , flags not exists
07:15:18.897 [main] INFO org.soky.sro.pk2.io.Pk2IOTest - Consuming 10831 byte(s) from file ifhostileguild.txt with size 10831 
07:15:18.897 [main] DEBUG org.sokybot.pk2.Pk2CryptoUtils - File ifhostileguildslot.txt is not encrypted , flags not exists
07:15:18.897 [main] INFO org.soky.sro.pk2.io.Pk2IOTest - Consuming 1349 byte(s) from file ifhostileguildslot.txt with size 1349 
07:15:18.897 [main] DEBUG org.sokybot.pk2.Pk2CryptoUtils - File ifhscroll_option.txt is not encrypted , flags not exists
07:15:18.897 [main] INFO org.soky.sro.pk2.io.Pk2IOTest - Consuming 1447 byte(s) from file ifhscroll_option.txt with size 1447 
07:15:18.898 [main] DEBUG org.sokybot.pk2.Pk2CryptoUtils - File ifinventory.txt is not encrypted , flags not exists
07:15:18.898 [main] INFO org.soky.sro.pk2.io.Pk2IOTest - Consuming 3417 byte(s) from file ifinventory.txt with size 3417 
07:15:18.898 [main] DEBUG org.sokybot.pk2.Pk2CryptoUtils - File ifitemmall.txt is not encrypted , flags not exists
07:15:18.898 [main] INFO org.soky.sro.pk2.io.Pk2IOTest - Consuming 13930 byte(s) from file ifitemmall.txt with size 13930 
07:15:18.898 [main] DEBUG org.sokybot.pk2.Pk2CryptoUtils - File ifitemmallconfirmbuy.txt is not encrypted , flags not exists
07:15:18.898 [main] INFO org.soky.sro.pk2.io.Pk2IOTest - Consuming 18642 byte(s) from file ifitemmallconfirmbuy.txt with size 18642 
07:15:18.898 [main] DEBUG org.sokybot.pk2.Pk2CryptoUtils - File ifitemmallconfirmslot.txt is not encrypted , flags not exists
07:15:18.898 [main] INFO org.soky.sro.pk2.io.Pk2IOTest - Consuming 3369 byte(s) from file ifitemmallconfirmslot.txt with size 3369 
07:15:18.899 [main] DEBUG org.sokybot.pk2.Pk2CryptoUtils - File ifitemmallinventory.txt is not encrypted , flags not exists
07:15:18.899 [main] INFO org.soky.sro.pk2.io.Pk2IOTest - Consuming 3401 byte(s) from file ifitemmallinventory.txt with size 3401 
07:15:18.899 [main] DEBUG org.sokybot.pk2.Pk2CryptoUtils - File ifitemmallmyinfo.txt is not encrypted , flags not exists
07:15:18.899 [main] INFO org.soky.sro.pk2.io.Pk2IOTest - Consuming 10104 byte(s) from file ifitemmallmyinfo.txt with size 10104 
07:15:18.899 [main] DEBUG org.sokybot.pk2.Pk2CryptoUtils - File ifitemmallshop.txt is not encrypted , flags not exists
07:15:18.899 [main] INFO org.soky.sro.pk2.io.Pk2IOTest - Consuming 29792 byte(s) from file ifitemmallshop.txt with size 29792 
07:15:18.899 [main] DEBUG org.sokybot.pk2.Pk2CryptoUtils - File ifitemmallshopslot.txt is not encrypted , flags not exists
07:15:18.900 [main] INFO org.soky.sro.pk2.io.Pk2IOTest - Consuming 7321 byte(s) from file ifitemmallshopslot.txt with size 7321 
07:15:18.900 [main] DEBUG org.sokybot.pk2.Pk2CryptoUtils - File ifitemmallstorageroom.txt is not encrypted , flags not exists
07:15:18.900 [main] INFO org.soky.sro.pk2.io.Pk2IOTest - Consuming 5757 byte(s) from file ifitemmallstorageroom.txt with size 5757 
07:15:18.900 [main] DEBUG org.sokybot.pk2.Pk2CryptoUtils - File ifitemmalltrunk.txt is not encrypted , flags not exists
07:15:18.900 [main] INFO org.soky.sro.pk2.io.Pk2IOTest - Consuming 1937 byte(s) from file ifitemmalltrunk.txt with size 1937 
07:15:18.900 [main] DEBUG org.sokybot.pk2.Pk2CryptoUtils - File ifitemmalltrunkexpbar.txt is not encrypted , flags not exists
07:15:18.900 [main] INFO org.soky.sro.pk2.io.Pk2IOTest - Consuming 1365 byte(s) from file ifitemmalltrunkexpbar.txt with size 1365 
07:15:18.900 [main] DEBUG org.sokybot.pk2.Pk2CryptoUtils - File ifitemmallusepoint.txt is not encrypted , flags not exists
07:15:18.900 [main] INFO org.soky.sro.pk2.io.Pk2IOTest - Consuming 11237 byte(s) from file ifitemmallusepoint.txt with size 11237 
07:15:18.900 [main] DEBUG org.sokybot.pk2.Pk2CryptoUtils - File ifjobalias.txt is not encrypted , flags not exists
07:15:18.901 [main] INFO org.soky.sro.pk2.io.Pk2IOTest - Consuming 5543 byte(s) from file ifjobalias.txt with size 5543 
07:15:18.901 [main] DEBUG org.sokybot.pk2.Pk2CryptoUtils - File ifjobcontributionrank.txt is not encrypted , flags not exists
07:15:18.901 [main] INFO org.soky.sro.pk2.io.Pk2IOTest - Consuming 12853 byte(s) from file ifjobcontributionrank.txt with size 12853 
07:15:18.901 [main] DEBUG org.sokybot.pk2.Pk2CryptoUtils - File ifjobcontributionrankslot.txt is not encrypted , flags not exists
07:15:18.901 [main] INFO org.soky.sro.pk2.io.Pk2IOTest - Consuming 1777 byte(s) from file ifjobcontributionrankslot.txt with size 1777 
07:15:18.901 [main] DEBUG org.sokybot.pk2.Pk2CryptoUtils - File ifjobrank.txt is not encrypted , flags not exists
07:15:18.901 [main] INFO org.soky.sro.pk2.io.Pk2IOTest - Consuming 8911 byte(s) from file ifjobrank.txt with size 8911 
07:15:18.901 [main] DEBUG org.sokybot.pk2.Pk2CryptoUtils - File ifjobrankslot.txt is not encrypted , flags not exists
07:15:18.901 [main] INFO org.soky.sro.pk2.io.Pk2IOTest - Consuming 2142 byte(s) from file ifjobrankslot.txt with size 2142 
07:15:18.902 [main] DEBUG org.sokybot.pk2.Pk2CryptoUtils - File ifkeyoptionslot.txt is not encrypted , flags not exists
07:15:18.902 [main] INFO org.soky.sro.pk2.io.Pk2IOTest - Consuming 876 byte(s) from file ifkeyoptionslot.txt with size 876 
07:15:18.902 [main] DEBUG org.sokybot.pk2.Pk2CryptoUtils - File ifletter.txt is not encrypted , flags not exists
07:15:18.902 [main] INFO org.soky.sro.pk2.io.Pk2IOTest - Consuming 8240 byte(s) from file ifletter.txt with size 8240 
07:15:18.902 [main] DEBUG org.sokybot.pk2.Pk2CryptoUtils - File ifletterread.txt is not encrypted , flags not exists
07:15:18.902 [main] INFO org.soky.sro.pk2.io.Pk2IOTest - Consuming 5683 byte(s) from file ifletterread.txt with size 5683 
07:15:18.902 [main] DEBUG org.sokybot.pk2.Pk2CryptoUtils - File ifletterslot.txt is not encrypted , flags not exists
07:15:18.902 [main] INFO org.soky.sro.pk2.io.Pk2IOTest - Consuming 1375 byte(s) from file ifletterslot.txt with size 1375 
07:15:18.902 [main] DEBUG org.sokybot.pk2.Pk2CryptoUtils - File ifletterwrite.txt is not encrypted , flags not exists
07:15:18.902 [main] INFO org.soky.sro.pk2.io.Pk2IOTest - Consuming 5196 byte(s) from file ifletterwrite.txt with size 5196 
07:15:18.902 [main] DEBUG org.sokybot.pk2.Pk2CryptoUtils - File ifmagicstateboard.txt is not encrypted , flags not exists
07:15:18.903 [main] INFO org.soky.sro.pk2.io.Pk2IOTest - Consuming 15730 byte(s) from file ifmagicstateboard.txt with size 15730 
07:15:18.903 [main] DEBUG org.sokybot.pk2.Pk2CryptoUtils - File ifmainpopup.txt is not encrypted , flags not exists
07:15:18.903 [main] INFO org.soky.sro.pk2.io.Pk2IOTest - Consuming 10826 byte(s) from file ifmainpopup.txt with size 10826 
07:15:18.903 [main] DEBUG org.sokybot.pk2.Pk2CryptoUtils - File ifmallnotifywnd.txt is not encrypted , flags not exists
07:15:18.903 [main] INFO org.soky.sro.pk2.io.Pk2IOTest - Consuming 2400 byte(s) from file ifmallnotifywnd.txt with size 2400 
07:15:18.903 [main] DEBUG org.sokybot.pk2.Pk2CryptoUtils - File ifmentormatch.txt is not encrypted , flags not exists
07:15:18.903 [main] INFO org.soky.sro.pk2.io.Pk2IOTest - Consuming 21879 byte(s) from file ifmentormatch.txt with size 21879 
07:15:18.904 [main] DEBUG org.sokybot.pk2.Pk2CryptoUtils - File ifmentormatchslot.txt is not encrypted , flags not exists
07:15:18.904 [main] INFO org.soky.sro.pk2.io.Pk2IOTest - Consuming 4341 byte(s) from file ifmentormatchslot.txt with size 4341 
07:15:18.904 [main] DEBUG org.sokybot.pk2.Pk2CryptoUtils - File ifmessagebox.txt is not encrypted , flags not exists
07:15:18.904 [main] INFO org.soky.sro.pk2.io.Pk2IOTest - Consuming 60640 byte(s) from file ifmessagebox.txt with size 60640 
07:15:18.905 [main] DEBUG org.sokybot.pk2.Pk2CryptoUtils - File ifminimap.txt is not encrypted , flags not exists
07:15:18.905 [main] INFO org.soky.sro.pk2.io.Pk2IOTest - Consuming 3591 byte(s) from file ifminimap.txt with size 3591 
07:15:18.905 [main] DEBUG org.sokybot.pk2.Pk2CryptoUtils - File ifmultiletter.txt is not encrypted , flags not exists
07:15:18.905 [main] INFO org.soky.sro.pk2.io.Pk2IOTest - Consuming 2450 byte(s) from file ifmultiletter.txt with size 2450 
07:15:18.905 [main] DEBUG org.sokybot.pk2.Pk2CryptoUtils - File ifmultiletterslot.txt is not encrypted , flags not exists
07:15:18.905 [main] INFO org.soky.sro.pk2.io.Pk2IOTest - Consuming 1334 byte(s) from file ifmultiletterslot.txt with size 1334 
07:15:18.905 [main] DEBUG org.sokybot.pk2.Pk2CryptoUtils - File ifnewalchemybox.txt is not encrypted , flags not exists
07:15:18.905 [main] INFO org.soky.sro.pk2.io.Pk2IOTest - Consuming 3244 byte(s) from file ifnewalchemybox.txt with size 3244 
07:15:18.905 [main] DEBUG org.sokybot.pk2.Pk2CryptoUtils - File ifnewalchemyreinforce.txt is not encrypted , flags not exists
07:15:18.905 [main] INFO org.soky.sro.pk2.io.Pk2IOTest - Consuming 3390 byte(s) from file ifnewalchemyreinforce.txt with size 3390 
07:15:18.905 [main] DEBUG org.sokybot.pk2.Pk2CryptoUtils - File ifnotify.txt is not encrypted , flags not exists
07:15:18.905 [main] INFO org.soky.sro.pk2.io.Pk2IOTest - Consuming 467 byte(s) from file ifnotify.txt with size 467 
07:15:18.906 [main] DEBUG org.sokybot.pk2.Pk2CryptoUtils - File ifoption.txt is not encrypted , flags not exists
07:15:18.906 [main] INFO org.soky.sro.pk2.io.Pk2IOTest - Consuming 5190 byte(s) from file ifoption.txt with size 5190 
07:15:18.906 [main] DEBUG org.sokybot.pk2.Pk2CryptoUtils - File ifoption_audio.txt is not encrypted , flags not exists
07:15:18.906 [main] INFO org.soky.sro.pk2.io.Pk2IOTest - Consuming 8090 byte(s) from file ifoption_audio.txt with size 8090 
07:15:18.906 [main] DEBUG org.sokybot.pk2.Pk2CryptoUtils - File ifoption_camera.txt is not encrypted , flags not exists
07:15:18.906 [main] INFO org.soky.sro.pk2.io.Pk2IOTest - Consuming 4127 byte(s) from file ifoption_camera.txt with size 4127 
07:15:18.906 [main] DEBUG org.sokybot.pk2.Pk2CryptoUtils - File ifoption_game.txt is not encrypted , flags not exists
07:15:18.906 [main] INFO org.soky.sro.pk2.io.Pk2IOTest - Consuming 1967 byte(s) from file ifoption_game.txt with size 1967 
07:15:18.906 [main] DEBUG org.sokybot.pk2.Pk2CryptoUtils - File ifoption_input.txt is not encrypted , flags not exists
07:15:18.906 [main] INFO org.soky.sro.pk2.io.Pk2IOTest - Consuming 2327 byte(s) from file ifoption_input.txt with size 2327 
07:15:18.907 [main] DEBUG org.sokybot.pk2.Pk2CryptoUtils - File ifoption_quit.txt is not encrypted , flags not exists
07:15:18.907 [main] INFO org.soky.sro.pk2.io.Pk2IOTest - Consuming 1957 byte(s) from file ifoption_quit.txt with size 1957 
07:15:18.907 [main] DEBUG org.sokybot.pk2.Pk2CryptoUtils - File ifoption_video.txt is not encrypted , flags not exists
07:15:18.907 [main] INFO org.soky.sro.pk2.io.Pk2IOTest - Consuming 7838 byte(s) from file ifoption_video.txt with size 7838 
07:15:18.907 [main] DEBUG org.sokybot.pk2.Pk2CryptoUtils - File ifpagemanager.txt is not encrypted , flags not exists
07:15:18.907 [main] INFO org.soky.sro.pk2.io.Pk2IOTest - Consuming 1796 byte(s) from file ifpagemanager.txt with size 1796 
07:15:18.907 [main] DEBUG org.sokybot.pk2.Pk2CryptoUtils - File ifparty.txt is not encrypted , flags not exists
07:15:18.907 [main] INFO org.soky.sro.pk2.io.Pk2IOTest - Consuming 14124 byte(s) from file ifparty.txt with size 14124 
07:15:18.907 [main] DEBUG org.sokybot.pk2.Pk2CryptoUtils - File ifpartyjoinprogress.txt is not encrypted , flags not exists
07:15:18.908 [main] INFO org.soky.sro.pk2.io.Pk2IOTest - Consuming 1890 byte(s) from file ifpartyjoinprogress.txt with size 1890 
07:15:18.908 [main] DEBUG org.sokybot.pk2.Pk2CryptoUtils - File ifpartymatch.txt is not encrypted , flags not exists
07:15:18.908 [main] INFO org.soky.sro.pk2.io.Pk2IOTest - Consuming 25741 byte(s) from file ifpartymatch.txt with size 25741 
07:15:18.908 [main] DEBUG org.sokybot.pk2.Pk2CryptoUtils - File ifpartymatchauto.txt is not encrypted , flags not exists
07:15:18.908 [main] INFO org.soky.sro.pk2.io.Pk2IOTest - Consuming 8419 byte(s) from file ifpartymatchauto.txt with size 8419 
07:15:18.908 [main] DEBUG org.sokybot.pk2.Pk2CryptoUtils - File ifpartymatchregister.txt is not encrypted , flags not exists
07:15:18.908 [main] INFO org.soky.sro.pk2.io.Pk2IOTest - Consuming 13569 byte(s) from file ifpartymatchregister.txt with size 13569 
07:15:18.909 [main] DEBUG org.sokybot.pk2.Pk2CryptoUtils - File ifpartymatchreqjoin.txt is not encrypted , flags not exists
07:15:18.909 [main] INFO org.soky.sro.pk2.io.Pk2IOTest - Consuming 11723 byte(s) from file ifpartymatchreqjoin.txt with size 11723 
07:15:18.909 [main] DEBUG org.sokybot.pk2.Pk2CryptoUtils - File ifpartymatchslot.txt is not encrypted , flags not exists
07:15:18.909 [main] INFO org.soky.sro.pk2.io.Pk2IOTest - Consuming 3901 byte(s) from file ifpartymatchslot.txt with size 3901 
07:15:18.909 [main] DEBUG org.sokybot.pk2.Pk2CryptoUtils - File ifpartymemberviewer.txt is not encrypted , flags not exists
07:15:18.909 [main] INFO org.soky.sro.pk2.io.Pk2IOTest - Consuming 4739 byte(s) from file ifpartymemberviewer.txt with size 4739 
07:15:18.909 [main] DEBUG org.sokybot.pk2.Pk2CryptoUtils - File ifpartyslot.txt is not encrypted , flags not exists
07:15:18.909 [main] INFO org.soky.sro.pk2.io.Pk2IOTest - Consuming 4419 byte(s) from file ifpartyslot.txt with size 4419 
07:15:18.909 [main] DEBUG org.sokybot.pk2.Pk2CryptoUtils - File ifpetminiinfo.txt is not encrypted , flags not exists
07:15:18.909 [main] INFO org.soky.sro.pk2.io.Pk2IOTest - Consuming 3452 byte(s) from file ifpetminiinfo.txt with size 3452 
07:15:18.910 [main] DEBUG org.sokybot.pk2.Pk2CryptoUtils - File ifplayerinfo.txt is not encrypted , flags not exists
07:15:18.910 [main] INFO org.soky.sro.pk2.io.Pk2IOTest - Consuming 32137 byte(s) from file ifplayerinfo.txt with size 32137 
07:15:18.910 [main] DEBUG org.sokybot.pk2.Pk2CryptoUtils - File ifplayerminiinfo.txt is not encrypted , flags not exists
07:15:18.910 [main] INFO org.soky.sro.pk2.io.Pk2IOTest - Consuming 23854 byte(s) from file ifplayerminiinfo.txt with size 23854 
07:15:18.911 [main] DEBUG org.sokybot.pk2.Pk2CryptoUtils - File ifprevjobinfo.txt is not encrypted , flags not exists
07:15:18.911 [main] INFO org.soky.sro.pk2.io.Pk2IOTest - Consuming 10436 byte(s) from file ifprevjobinfo.txt with size 10436 
07:15:18.911 [main] DEBUG org.sokybot.pk2.Pk2CryptoUtils - File ifquest.txt is not encrypted , flags not exists
07:15:18.911 [main] INFO org.soky.sro.pk2.io.Pk2IOTest - Consuming 6658 byte(s) from file ifquest.txt with size 6658 
07:15:18.911 [main] DEBUG org.sokybot.pk2.Pk2CryptoUtils - File ifquestinfo.txt is not encrypted , flags not exists
07:15:18.911 [main] INFO org.soky.sro.pk2.io.Pk2IOTest - Consuming 486 byte(s) from file ifquestinfo.txt with size 486 
07:15:18.911 [main] DEBUG org.sokybot.pk2.Pk2CryptoUtils - File ifquestinfoslot.txt is not encrypted , flags not exists
07:15:18.911 [main] INFO org.soky.sro.pk2.io.Pk2IOTest - Consuming 2671 byte(s) from file ifquestinfoslot.txt with size 2671 
07:15:18.911 [main] DEBUG org.sokybot.pk2.Pk2CryptoUtils - File ifquestreward.txt is not encrypted , flags not exists
07:15:18.911 [main] INFO org.soky.sro.pk2.io.Pk2IOTest - Consuming 4012 byte(s) from file ifquestreward.txt with size 4012 
07:15:18.912 [main] DEBUG org.sokybot.pk2.Pk2CryptoUtils - File ifquestslot.txt is not encrypted , flags not exists
07:15:18.912 [main] INFO org.soky.sro.pk2.io.Pk2IOTest - Consuming 608 byte(s) from file ifquestslot.txt with size 608 
07:15:18.912 [main] DEBUG org.sokybot.pk2.Pk2CryptoUtils - File ifquestslotmain.txt is not encrypted , flags not exists
07:15:18.912 [main] INFO org.soky.sro.pk2.io.Pk2IOTest - Consuming 3250 byte(s) from file ifquestslotmain.txt with size 3250 
07:15:18.912 [main] DEBUG org.sokybot.pk2.Pk2CryptoUtils - File ifquestslotsub.txt is not encrypted , flags not exists
07:15:18.912 [main] INFO org.soky.sro.pk2.io.Pk2IOTest - Consuming 1361 byte(s) from file ifquestslotsub.txt with size 1361 
07:15:18.912 [main] DEBUG org.sokybot.pk2.Pk2CryptoUtils - File ifquickpartyslot.txt is not encrypted , flags not exists
07:15:18.912 [main] INFO org.soky.sro.pk2.io.Pk2IOTest - Consuming 5481 byte(s) from file ifquickpartyslot.txt with size 5481 
07:15:18.912 [main] DEBUG org.sokybot.pk2.Pk2CryptoUtils - File ifquickpartywnd.txt is not encrypted , flags not exists
07:15:18.912 [main] INFO org.soky.sro.pk2.io.Pk2IOTest - Consuming 4076 byte(s) from file ifquickpartywnd.txt with size 4076 
07:15:18.913 [main] DEBUG org.sokybot.pk2.Pk2CryptoUtils - File ifquickstatehalfwnd.txt is not encrypted , flags not exists
07:15:18.913 [main] INFO org.soky.sro.pk2.io.Pk2IOTest - Consuming 967 byte(s) from file ifquickstatehalfwnd.txt with size 967 
07:15:18.913 [main] DEBUG org.sokybot.pk2.Pk2CryptoUtils - File ifquickstatewnd.txt is not encrypted , flags not exists
07:15:18.913 [main] INFO org.soky.sro.pk2.io.Pk2IOTest - Consuming 1371 byte(s) from file ifquickstatewnd.txt with size 1371 
07:15:18.913 [main] DEBUG org.sokybot.pk2.Pk2CryptoUtils - File ifregionview.txt is not encrypted , flags not exists
07:15:18.913 [main] INFO org.soky.sro.pk2.io.Pk2IOTest - Consuming 1297 byte(s) from file ifregionview.txt with size 1297 
07:15:18.913 [main] DEBUG org.sokybot.pk2.Pk2CryptoUtils - File ifscrollmanager.txt is not encrypted , flags not exists
07:15:18.913 [main] INFO org.soky.sro.pk2.io.Pk2IOTest - Consuming 474 byte(s) from file ifscrollmanager.txt with size 474 
07:15:18.913 [main] DEBUG org.sokybot.pk2.Pk2CryptoUtils - File ifsetpartymode.txt is not encrypted , flags not exists
07:15:18.913 [main] INFO org.soky.sro.pk2.io.Pk2IOTest - Consuming 4667 byte(s) from file ifsetpartymode.txt with size 4667 
07:15:18.914 [main] DEBUG org.sokybot.pk2.Pk2CryptoUtils - File ifsilkrecievelistslot.txt is not encrypted , flags not exists
07:15:18.914 [main] INFO org.soky.sro.pk2.io.Pk2IOTest - Consuming 1333 byte(s) from file ifsilkrecievelistslot.txt with size 1333 
07:15:18.914 [main] DEBUG org.sokybot.pk2.Pk2CryptoUtils - File ifskill.txt is not encrypted , flags not exists
07:15:18.914 [main] INFO org.soky.sro.pk2.io.Pk2IOTest - Consuming 7638 byte(s) from file ifskill.txt with size 7638 
07:15:18.914 [main] DEBUG org.sokybot.pk2.Pk2CryptoUtils - File ifskillboard.txt is not encrypted , flags not exists
07:15:18.914 [main] INFO org.soky.sro.pk2.io.Pk2IOTest - Consuming 3167 byte(s) from file ifskillboard.txt with size 3167 
07:15:18.914 [main] DEBUG org.sokybot.pk2.Pk2CryptoUtils - File ifskillpracticebox.txt is not encrypted , flags not exists
07:15:18.914 [main] INFO org.soky.sro.pk2.io.Pk2IOTest - Consuming 8034 byte(s) from file ifskillpracticebox.txt with size 8034 
07:15:18.915 [main] DEBUG org.sokybot.pk2.Pk2CryptoUtils - File ifskillpracticepopup.txt is not encrypted , flags not exists
07:15:18.915 [main] INFO org.soky.sro.pk2.io.Pk2IOTest - Consuming 4814 byte(s) from file ifskillpracticepopup.txt with size 4814 
07:15:18.915 [main] DEBUG org.sokybot.pk2.Pk2CryptoUtils - File ifskillremovalbox.txt is not encrypted , flags not exists
07:15:18.915 [main] INFO org.soky.sro.pk2.io.Pk2IOTest - Consuming 9933 byte(s) from file ifskillremovalbox.txt with size 9933 
07:15:18.915 [main] DEBUG org.sokybot.pk2.Pk2CryptoUtils - File ifskillwithdrawal.txt is not encrypted , flags not exists
07:15:18.915 [main] INFO org.soky.sro.pk2.io.Pk2IOTest - Consuming 466 byte(s) from file ifskillwithdrawal.txt with size 466 
07:15:18.915 [main] DEBUG org.sokybot.pk2.Pk2CryptoUtils - File ifskill_group.txt is not encrypted , flags not exists
07:15:18.915 [main] INFO org.soky.sro.pk2.io.Pk2IOTest - Consuming 529 byte(s) from file ifskill_group.txt with size 529 
07:15:18.915 [main] DEBUG org.sokybot.pk2.Pk2CryptoUtils - File ifskill_mastery.txt is not encrypted , flags not exists
07:15:18.915 [main] INFO org.soky.sro.pk2.io.Pk2IOTest - Consuming 472 byte(s) from file ifskill_mastery.txt with size 472 
07:15:18.915 [main] DEBUG org.sokybot.pk2.Pk2CryptoUtils - File ifskill_slot.txt is not encrypted , flags not exists
07:15:18.916 [main] INFO org.soky.sro.pk2.io.Pk2IOTest - Consuming 2673 byte(s) from file ifskill_slot.txt with size 2673 
07:15:18.916 [main] DEBUG org.sokybot.pk2.Pk2CryptoUtils - File ifsliderctrl.txt is not encrypted , flags not exists
07:15:18.916 [main] INFO org.soky.sro.pk2.io.Pk2IOTest - Consuming 1443 byte(s) from file ifsliderctrl.txt with size 1443 
07:15:18.916 [main] DEBUG org.sokybot.pk2.Pk2CryptoUtils - File ifslotwithhelp.txt is not encrypted , flags not exists
07:15:18.916 [main] INFO org.soky.sro.pk2.io.Pk2IOTest - Consuming 58 byte(s) from file ifslotwithhelp.txt with size 58 
07:15:18.916 [main] DEBUG org.sokybot.pk2.Pk2CryptoUtils - File ifspecialtydeal.txt is not encrypted , flags not exists
07:15:18.916 [main] INFO org.soky.sro.pk2.io.Pk2IOTest - Consuming 7801 byte(s) from file ifspecialtydeal.txt with size 7801 
07:15:18.917 [main] DEBUG org.sokybot.pk2.Pk2CryptoUtils - File ifspincontrol.txt is not encrypted , flags not exists
07:15:18.917 [main] INFO org.soky.sro.pk2.io.Pk2IOTest - Consuming 1377 byte(s) from file ifspincontrol.txt with size 1377 
07:15:18.917 [main] DEBUG org.sokybot.pk2.Pk2CryptoUtils - File ifspin_option.txt is not encrypted , flags not exists
07:15:18.917 [main] INFO org.soky.sro.pk2.io.Pk2IOTest - Consuming 1384 byte(s) from file ifspin_option.txt with size 1384 
07:15:18.917 [main] DEBUG org.sokybot.pk2.Pk2CryptoUtils - File ifstall.txt is not encrypted , flags not exists
07:15:18.917 [main] INFO org.soky.sro.pk2.io.Pk2IOTest - Consuming 6491 byte(s) from file ifstall.txt with size 6491 
07:15:18.917 [main] DEBUG org.sokybot.pk2.Pk2CryptoUtils - File ifstallnetwork.txt is not encrypted , flags not exists
07:15:18.918 [main] INFO org.soky.sro.pk2.io.Pk2IOTest - Consuming 20393 byte(s) from file ifstallnetwork.txt with size 20393 
07:15:18.918 [main] DEBUG org.sokybot.pk2.Pk2CryptoUtils - File ifstallnetworkslot.txt is not encrypted , flags not exists
07:15:18.918 [main] INFO org.soky.sro.pk2.io.Pk2IOTest - Consuming 3111 byte(s) from file ifstallnetworkslot.txt with size 3111 
07:15:18.918 [main] DEBUG org.sokybot.pk2.Pk2CryptoUtils - File ifstallslot.txt is not encrypted , flags not exists
07:15:18.918 [main] INFO org.soky.sro.pk2.io.Pk2IOTest - Consuming 2228 byte(s) from file ifstallslot.txt with size 2228 
07:15:18.918 [main] DEBUG org.sokybot.pk2.Pk2CryptoUtils - File ifstatremovalbox.txt is not encrypted , flags not exists
07:15:18.918 [main] INFO org.soky.sro.pk2.io.Pk2IOTest - Consuming 912 byte(s) from file ifstatremovalbox.txt with size 912 
07:15:18.919 [main] DEBUG org.sokybot.pk2.Pk2CryptoUtils - File ifstorageroom.txt is not encrypted , flags not exists
07:15:18.919 [main] INFO org.soky.sro.pk2.io.Pk2IOTest - Consuming 18469 byte(s) from file ifstorageroom.txt with size 18469 
07:15:18.919 [main] DEBUG org.sokybot.pk2.Pk2CryptoUtils - File ifstore.txt is not encrypted , flags not exists
07:15:18.919 [main] INFO org.soky.sro.pk2.io.Pk2IOTest - Consuming 35931 byte(s) from file ifstore.txt with size 35931 
07:15:18.920 [main] DEBUG org.sokybot.pk2.Pk2CryptoUtils - File ifsupporterchatwnd.txt is not encrypted , flags not exists
07:15:18.920 [main] INFO org.soky.sro.pk2.io.Pk2IOTest - Consuming 5472 byte(s) from file ifsupporterchatwnd.txt with size 5472 
07:15:18.920 [main] DEBUG org.sokybot.pk2.Pk2CryptoUtils - File ifsystemmessage.txt is not encrypted , flags not exists
07:15:18.920 [main] INFO org.soky.sro.pk2.io.Pk2IOTest - Consuming 3863 byte(s) from file ifsystemmessage.txt with size 3863 
07:15:18.920 [main] DEBUG org.sokybot.pk2.Pk2CryptoUtils - File ifsystemwnd.txt is not encrypted , flags not exists
07:15:18.920 [main] INFO org.soky.sro.pk2.io.Pk2IOTest - Consuming 3804 byte(s) from file ifsystemwnd.txt with size 3804 
07:15:18.920 [main] DEBUG org.sokybot.pk2.Pk2CryptoUtils - File iftargetwindow.txt is not encrypted , flags not exists
07:15:18.920 [main] INFO org.soky.sro.pk2.io.Pk2IOTest - Consuming 5635 byte(s) from file iftargetwindow.txt with size 5635 
07:15:18.920 [main] DEBUG org.sokybot.pk2.Pk2CryptoUtils - File iftargetwindowex.txt is not encrypted , flags not exists
07:15:18.920 [main] INFO org.soky.sro.pk2.io.Pk2IOTest - Consuming 2537 byte(s) from file iftargetwindowex.txt with size 2537 
07:15:18.921 [main] DEBUG org.sokybot.pk2.Pk2CryptoUtils - File iftaxmanagement.txt is not encrypted , flags not exists
07:15:18.921 [main] INFO org.soky.sro.pk2.io.Pk2IOTest - Consuming 22470 byte(s) from file iftaxmanagement.txt with size 22470 
07:15:18.921 [main] DEBUG org.sokybot.pk2.Pk2CryptoUtils - File ifteleportareaslot.txt is not encrypted , flags not exists
07:15:18.921 [main] INFO org.soky.sro.pk2.io.Pk2IOTest - Consuming 1732 byte(s) from file ifteleportareaslot.txt with size 1732 
07:15:18.921 [main] DEBUG org.sokybot.pk2.Pk2CryptoUtils - File ifteleportboard.txt is not encrypted , flags not exists
07:15:18.921 [main] INFO org.soky.sro.pk2.io.Pk2IOTest - Consuming 3889 byte(s) from file ifteleportboard.txt with size 3889 
07:15:18.921 [main] DEBUG org.sokybot.pk2.Pk2CryptoUtils - File iftimedrivenwnd.txt is not encrypted , flags not exists
07:15:18.921 [main] INFO org.soky.sro.pk2.io.Pk2IOTest - Consuming 2704 byte(s) from file iftimedrivenwnd.txt with size 2704 
07:15:18.922 [main] DEBUG org.sokybot.pk2.Pk2CryptoUtils - File iftimerwnd.txt is not encrypted , flags not exists
07:15:18.922 [main] INFO org.soky.sro.pk2.io.Pk2IOTest - Consuming 4038 byte(s) from file iftimerwnd.txt with size 4038 
07:15:18.922 [main] DEBUG org.sokybot.pk2.Pk2CryptoUtils - File iftw_commonenemy.txt is not encrypted , flags not exists
07:15:18.922 [main] INFO org.soky.sro.pk2.io.Pk2IOTest - Consuming 1405 byte(s) from file iftw_commonenemy.txt with size 1405 
07:15:18.922 [main] DEBUG org.sokybot.pk2.Pk2CryptoUtils - File iftw_fortressstructure.txt is not encrypted , flags not exists
07:15:18.922 [main] INFO org.soky.sro.pk2.io.Pk2IOTest - Consuming 1791 byte(s) from file iftw_fortressstructure.txt with size 1791 
07:15:18.922 [main] DEBUG org.sokybot.pk2.Pk2CryptoUtils - File iftw_jobplayer.txt is not encrypted , flags not exists
07:15:18.922 [main] INFO org.soky.sro.pk2.io.Pk2IOTest - Consuming 4857 byte(s) from file iftw_jobplayer.txt with size 4857 
07:15:18.922 [main] DEBUG org.sokybot.pk2.Pk2CryptoUtils - File iftw_player.txt is not encrypted , flags not exists
07:15:18.922 [main] INFO org.soky.sro.pk2.io.Pk2IOTest - Consuming 962 byte(s) from file iftw_player.txt with size 962 
07:15:18.923 [main] DEBUG org.sokybot.pk2.Pk2CryptoUtils - File iftw_specialmob.txt is not encrypted , flags not exists
07:15:18.923 [main] INFO org.soky.sro.pk2.io.Pk2IOTest - Consuming 2687 byte(s) from file iftw_specialmob.txt with size 2687 
07:15:18.923 [main] DEBUG org.sokybot.pk2.Pk2CryptoUtils - File iftw_vehicle.txt is not encrypted , flags not exists
07:15:18.923 [main] INFO org.soky.sro.pk2.io.Pk2IOTest - Consuming 58 byte(s) from file iftw_vehicle.txt with size 58 
07:15:18.923 [main] DEBUG org.sokybot.pk2.Pk2CryptoUtils - File ifunderbar.txt is not encrypted , flags not exists
07:15:18.923 [main] INFO org.soky.sro.pk2.io.Pk2IOTest - Consuming 35063 byte(s) from file ifunderbar.txt with size 35063 
07:15:18.923 [main] DEBUG org.sokybot.pk2.Pk2CryptoUtils - File ifverticalscroll.txt is not encrypted , flags not exists
07:15:18.924 [main] INFO org.soky.sro.pk2.io.Pk2IOTest - Consuming 1441 byte(s) from file ifverticalscroll.txt with size 1441 
07:15:18.924 [main] DEBUG org.sokybot.pk2.Pk2CryptoUtils - File ifvideooptionslot.txt is not encrypted , flags not exists
07:15:18.924 [main] INFO org.soky.sro.pk2.io.Pk2IOTest - Consuming 1373 byte(s) from file ifvideooptionslot.txt with size 1373 
07:15:18.924 [main] DEBUG org.sokybot.pk2.Pk2CryptoUtils - File ifwarstate.txt is not encrypted , flags not exists
07:15:18.924 [main] INFO org.soky.sro.pk2.io.Pk2IOTest - Consuming 524 byte(s) from file ifwarstate.txt with size 524 
07:15:18.924 [main] DEBUG org.sokybot.pk2.Pk2CryptoUtils - File ifwhisperblocking.txt is not encrypted , flags not exists
07:15:18.924 [main] INFO org.soky.sro.pk2.io.Pk2IOTest - Consuming 20363 byte(s) from file ifwhisperblocking.txt with size 20363 
07:15:18.924 [main] DEBUG org.sokybot.pk2.Pk2CryptoUtils - File ifwhisperblockingslot.txt is not encrypted , flags not exists
07:15:18.924 [main] INFO org.soky.sro.pk2.io.Pk2IOTest - Consuming 1429 byte(s) from file ifwhisperblockingslot.txt with size 1429 
07:15:18.925 [main] DEBUG org.sokybot.pk2.Pk2CryptoUtils - File ifwhisperlist.txt is not encrypted , flags not exists
07:15:18.925 [main] INFO org.soky.sro.pk2.io.Pk2IOTest - Consuming 1333 byte(s) from file ifwhisperlist.txt with size 1333 
07:15:18.925 [main] DEBUG org.sokybot.pk2.Pk2CryptoUtils - File ifwholechat.txt is not encrypted , flags not exists
07:15:18.925 [main] INFO org.soky.sro.pk2.io.Pk2IOTest - Consuming 5130 byte(s) from file ifwholechat.txt with size 5130 
07:15:18.925 [main] DEBUG org.sokybot.pk2.Pk2CryptoUtils - File ifworldmap.txt is not encrypted , flags not exists
07:15:18.925 [main] INFO org.soky.sro.pk2.io.Pk2IOTest - Consuming 1465 byte(s) from file ifworldmap.txt with size 1465 
07:15:18.925 [main] DEBUG org.sokybot.pk2.Pk2CryptoUtils - File if_npctalk.txt is not encrypted , flags not exists
07:15:18.925 [main] INFO org.soky.sro.pk2.io.Pk2IOTest - Consuming 2283 byte(s) from file if_npctalk.txt with size 2283 
07:15:18.925 [main] DEBUG org.sokybot.pk2.Pk2CryptoUtils - File if_npcwindow.txt is not encrypted , flags not exists
07:15:18.925 [main] INFO org.soky.sro.pk2.io.Pk2IOTest - Consuming 515 byte(s) from file if_npcwindow.txt with size 515 
07:15:18.926 [main] DEBUG org.sokybot.pk2.Pk2CryptoUtils - File itemoption.txt is not encrypted , flags not exists
07:15:18.926 [main] INFO org.soky.sro.pk2.io.Pk2IOTest - Consuming 67456 byte(s) from file itemoption.txt with size 67456 
07:15:18.926 [main] DEBUG org.sokybot.pk2.Pk2CryptoUtils - File itemoptionefp.txt is not encrypted , flags not exists
07:15:18.928 [main] INFO org.soky.sro.pk2.io.Pk2IOTest - Consuming 145029 byte(s) from file itemoptionefp.txt with size 145029 
07:15:18.928 [main] DEBUG org.sokybot.pk2.Pk2CryptoUtils - File itemrare.txt is not encrypted , flags not exists
07:15:18.930 [main] INFO org.soky.sro.pk2.io.Pk2IOTest - Consuming 217687 byte(s) from file itemrare.txt with size 217687 
07:15:18.930 [main] DEBUG org.sokybot.pk2.Pk2CryptoUtils - File itemtypenumber.txt is not encrypted , flags not exists
07:15:18.931 [main] INFO org.soky.sro.pk2.io.Pk2IOTest - Consuming 16182 byte(s) from file itemtypenumber.txt with size 16182 
07:15:18.931 [main] DEBUG org.sokybot.pk2.Pk2CryptoUtils - File pscharactercreatechina.txt is not encrypted , flags not exists
07:15:18.931 [main] INFO org.soky.sro.pk2.io.Pk2IOTest - Consuming 18617 byte(s) from file pscharactercreatechina.txt with size 18617 
07:15:18.931 [main] DEBUG org.sokybot.pk2.Pk2CryptoUtils - File pscharactercreate_europe.txt is not encrypted , flags not exists
07:15:18.931 [main] INFO org.soky.sro.pk2.io.Pk2IOTest - Consuming 18624 byte(s) from file pscharactercreate_europe.txt with size 18624 
07:15:18.931 [main] DEBUG org.sokybot.pk2.Pk2CryptoUtils - File pscharacterselect.txt is not encrypted , flags not exists
07:15:18.932 [main] INFO org.soky.sro.pk2.io.Pk2IOTest - Consuming 36099 byte(s) from file pscharacterselect.txt with size 36099 
07:15:18.932 [main] DEBUG org.sokybot.pk2.Pk2CryptoUtils - File pscharacterselect_europe.txt is not encrypted , flags not exists
07:15:18.932 [main] INFO org.soky.sro.pk2.io.Pk2IOTest - Consuming 34312 byte(s) from file pscharacterselect_europe.txt with size 34312 
07:15:18.932 [main] DEBUG org.sokybot.pk2.Pk2CryptoUtils - File psmission.txt is not encrypted , flags not exists
07:15:18.932 [main] INFO org.soky.sro.pk2.io.Pk2IOTest - Consuming 4702 byte(s) from file psmission.txt with size 4702 
07:15:18.933 [main] DEBUG org.sokybot.pk2.Pk2CryptoUtils - File pstitle.txt is not encrypted , flags not exists
07:15:18.933 [main] INFO org.soky.sro.pk2.io.Pk2IOTest - Consuming 22506 byte(s) from file pstitle.txt with size 22506 
07:15:18.933 [main] DEBUG org.sokybot.pk2.Pk2CryptoUtils - File pstitle_europe.txt is not encrypted , flags not exists
07:15:18.933 [main] INFO org.soky.sro.pk2.io.Pk2IOTest - Consuming 16865 byte(s) from file pstitle_europe.txt with size 16865 
07:15:18.933 [main] DEBUG org.sokybot.pk2.Pk2CryptoUtils - File regionname.txt is not encrypted , flags not exists
07:15:18.933 [main] INFO org.soky.sro.pk2.io.Pk2IOTest - Consuming 956 byte(s) from file regionname.txt with size 956 
07:15:18.933 [main] DEBUG org.sokybot.pk2.Pk2CryptoUtils - File skilleffect.txt is not encrypted , flags not exists
07:15:18.944 [main] INFO org.soky.sro.pk2.io.Pk2IOTest - Consuming 1077925 byte(s) from file skilleffect.txt with size 1077925 
07:15:18.945 [main] DEBUG org.sokybot.pk2.Pk2CryptoUtils - File ifghachaselectwnd.txt is not encrypted , flags not exists
07:15:18.945 [main] INFO org.soky.sro.pk2.io.Pk2IOTest - Consuming 5036 byte(s) from file ifghachaselectwnd.txt with size 5036 
07:15:18.945 [main] DEBUG org.sokybot.pk2.Pk2CryptoUtils - File ifnewitemmall.txt is not encrypted , flags not exists
07:15:18.945 [main] INFO org.soky.sro.pk2.io.Pk2IOTest - Consuming 10018 byte(s) from file ifnewitemmall.txt with size 10018 
07:15:18.945 [main] DEBUG org.sokybot.pk2.Pk2CryptoUtils - File ifnewitemmallconfirmbuy.txt is not encrypted , flags not exists
07:15:18.945 [main] INFO org.soky.sro.pk2.io.Pk2IOTest - Consuming 9920 byte(s) from file ifnewitemmallconfirmbuy.txt with size 9920 
07:15:18.945 [main] DEBUG org.sokybot.pk2.Pk2CryptoUtils - File ifnewitemmallconfirmslot.txt is not encrypted , flags not exists
07:15:18.945 [main] INFO org.soky.sro.pk2.io.Pk2IOTest - Consuming 2852 byte(s) from file ifnewitemmallconfirmslot.txt with size 2852 
07:15:18.946 [main] DEBUG org.sokybot.pk2.Pk2CryptoUtils - File ifnewitemmallmessagebox.txt is not encrypted , flags not exists
07:15:18.946 [main] INFO org.soky.sro.pk2.io.Pk2IOTest - Consuming 30612 byte(s) from file ifnewitemmallmessagebox.txt with size 30612 
07:15:18.946 [main] DEBUG org.sokybot.pk2.Pk2CryptoUtils - File ifnewitemmallmyinfo.txt is not encrypted , flags not exists
07:15:18.946 [main] INFO org.soky.sro.pk2.io.Pk2IOTest - Consuming 6900 byte(s) from file ifnewitemmallmyinfo.txt with size 6900 
07:15:18.946 [main] DEBUG org.sokybot.pk2.Pk2CryptoUtils - File ifnewitemmallshopitemslot.txt is not encrypted , flags not exists
07:15:18.946 [main] INFO org.soky.sro.pk2.io.Pk2IOTest - Consuming 4242 byte(s) from file ifnewitemmallshopitemslot.txt with size 4242 
07:15:18.947 [main] DEBUG org.sokybot.pk2.Pk2CryptoUtils - File ifnewitemmallshopmainslot.txt is not encrypted , flags not exists
07:15:18.947 [main] INFO org.soky.sro.pk2.io.Pk2IOTest - Consuming 923 byte(s) from file ifnewitemmallshopmainslot.txt with size 923 
07:15:18.947 [main] DEBUG org.sokybot.pk2.Pk2CryptoUtils - File ifnewitemmallshopslot.txt is not encrypted , flags not exists
07:15:18.947 [main] INFO org.soky.sro.pk2.io.Pk2IOTest - Consuming 478 byte(s) from file ifnewitemmallshopslot.txt with size 478 
07:15:18.947 [main] DEBUG org.sokybot.pk2.Pk2CryptoUtils - File ifnewitemmallshopsubslot.txt is not encrypted , flags not exists
07:15:18.947 [main] INFO org.soky.sro.pk2.io.Pk2IOTest - Consuming 493 byte(s) from file ifnewitemmallshopsubslot.txt with size 493 
07:15:18.947 [main] DEBUG org.sokybot.pk2.Pk2CryptoUtils - File ifnewitemslotpopupwnd.txt is not encrypted , flags not exists
07:15:18.947 [main] INFO org.soky.sro.pk2.io.Pk2IOTest - Consuming 2412 byte(s) from file ifnewitemslotpopupwnd.txt with size 2412 
07:15:18.947 [main] DEBUG org.sokybot.pk2.Pk2CryptoUtils - File iftradeinfo.txt is not encrypted , flags not exists
07:15:18.947 [main] INFO org.soky.sro.pk2.io.Pk2IOTest - Consuming 16494 byte(s) from file iftradeinfo.txt with size 16494 
07:15:18.948 [main] DEBUG org.sokybot.pk2.Pk2CryptoUtils - File iftradeinfoquotationslot.txt is not encrypted , flags not exists
07:15:18.948 [main] INFO org.soky.sro.pk2.io.Pk2IOTest - Consuming 1800 byte(s) from file iftradeinfoquotationslot.txt with size 1800 
07:15:18.948 [main] DEBUG org.sokybot.pk2.Pk2CryptoUtils - File ifcameradatamainwnd.txt is not encrypted , flags not exists
07:15:18.948 [main] INFO org.soky.sro.pk2.io.Pk2IOTest - Consuming 1904 byte(s) from file ifcameradatamainwnd.txt with size 1904 
07:15:18.948 [main] DEBUG org.sokybot.pk2.Pk2CryptoUtils - File ifcameradatawnd.txt is not encrypted , flags not exists
07:15:18.948 [main] INFO org.soky.sro.pk2.io.Pk2IOTest - Consuming 8653 byte(s) from file ifcameradatawnd.txt with size 8653 
07:15:18.948 [main] DEBUG org.sokybot.pk2.Pk2CryptoUtils - File ifflorian0.txt is not encrypted , flags not exists
07:15:18.948 [main] INFO org.soky.sro.pk2.io.Pk2IOTest - Consuming 8119 byte(s) from file ifflorian0.txt with size 8119 
07:15:18.948 [main] DEBUG org.sokybot.pk2.Pk2CryptoUtils - File ifflorian0slot.txt is not encrypted , flags not exists
07:15:18.949 [main] INFO org.soky.sro.pk2.io.Pk2IOTest - Consuming 507 byte(s) from file ifflorian0slot.txt with size 507 
07:15:18.949 [main] DEBUG org.sokybot.pk2.Pk2CryptoUtils - File iftest.txt is not encrypted , flags not exists
07:15:18.949 [main] INFO org.soky.sro.pk2.io.Pk2IOTest - Consuming 60640 byte(s) from file iftest.txt with size 60640 
07:15:18.950 [main] DEBUG org.sokybot.pk2.Pk2CryptoUtils - File ifachievementslist.txt is not encrypted , flags not exists
07:15:18.950 [main] INFO org.soky.sro.pk2.io.Pk2IOTest - Consuming 9044 byte(s) from file ifachievementslist.txt with size 9044 
07:15:18.950 [main] DEBUG org.sokybot.pk2.Pk2CryptoUtils - File ifachievementslistslot.txt is not encrypted , flags not exists
07:15:18.950 [main] INFO org.soky.sro.pk2.io.Pk2IOTest - Consuming 1830 byte(s) from file ifachievementslistslot.txt with size 1830 
07:15:18.950 [main] DEBUG org.sokybot.pk2.Pk2CryptoUtils - File iflegionmenu.txt is not encrypted , flags not exists
07:15:18.950 [main] INFO org.soky.sro.pk2.io.Pk2IOTest - Consuming 7063 byte(s) from file iflegionmenu.txt with size 7063 
07:15:18.950 [main] DEBUG org.sokybot.pk2.Pk2CryptoUtils - File ifscheduler.txt is not encrypted , flags not exists
07:15:18.950 [main] INFO org.soky.sro.pk2.io.Pk2IOTest - Consuming 8479 byte(s) from file ifscheduler.txt with size 8479 
07:15:18.950 [main] DEBUG org.sokybot.pk2.Pk2CryptoUtils - File ifschedulerslot.txt is not encrypted , flags not exists
07:15:18.950 [main] INFO org.soky.sro.pk2.io.Pk2IOTest - Consuming 1375 byte(s) from file ifschedulerslot.txt with size 1375 
07:15:18.951 [main] DEBUG org.sokybot.pk2.Pk2CryptoUtils - File ifgrandname.txt is not encrypted , flags not exists
07:15:18.951 [main] INFO org.soky.sro.pk2.io.Pk2IOTest - Consuming 3262 byte(s) from file ifgrandname.txt with size 3262 
07:15:18.951 [main] DEBUG org.sokybot.pk2.Pk2CryptoUtils - File ifhonorachievementslist.txt is not encrypted , flags not exists
07:15:18.951 [main] INFO org.soky.sro.pk2.io.Pk2IOTest - Consuming 9177 byte(s) from file ifhonorachievementslist.txt with size 9177 
07:15:18.951 [main] DEBUG org.sokybot.pk2.Pk2CryptoUtils - File ifhonorachievementslistslot.txt is not encrypted , flags not exists
07:15:18.951 [main] INFO org.soky.sro.pk2.io.Pk2IOTest - Consuming 1854 byte(s) from file ifhonorachievementslistslot.txt with size 1854 
07:15:18.951 [main] DEBUG org.sokybot.pk2.Pk2CryptoUtils - File ifshop.txt is not encrypted , flags not exists
07:15:18.951 [main] INFO org.soky.sro.pk2.io.Pk2IOTest - Consuming 9796 byte(s) from file ifshop.txt with size 9796 
07:15:18.951 [main] DEBUG org.sokybot.pk2.Pk2CryptoUtils - File ifshopslot.txt is not encrypted , flags not exists
07:15:18.952 [main] INFO org.soky.sro.pk2.io.Pk2IOTest - Consuming 2282 byte(s) from file ifshopslot.txt with size 2282 
07:15:18.952 [main] DEBUG org.sokybot.pk2.Pk2CryptoUtils - File iftitlemanager.txt is not encrypted , flags not exists
07:15:18.952 [main] INFO org.soky.sro.pk2.io.Pk2IOTest - Consuming 8119 byte(s) from file iftitlemanager.txt with size 8119 
07:15:18.952 [main] DEBUG org.sokybot.pk2.Pk2CryptoUtils - File iftitlemanagerslot.txt is not encrypted , flags not exists
07:15:18.952 [main] INFO org.soky.sro.pk2.io.Pk2IOTest - Consuming 507 byte(s) from file iftitlemanagerslot.txt with size 507 
07:15:18.952 [main] DEBUG org.sokybot.pk2.Pk2CryptoUtils - File iftpguild.txt is not encrypted , flags not exists
07:15:18.952 [main] INFO org.soky.sro.pk2.io.Pk2IOTest - Consuming 9066 byte(s) from file iftpguild.txt with size 9066 
07:15:18.952 [main] DEBUG org.sokybot.pk2.Pk2CryptoUtils - File iftpguildslot.txt is not encrypted , flags not exists
07:15:18.952 [main] INFO org.soky.sro.pk2.io.Pk2IOTest - Consuming 507 byte(s) from file iftpguildslot.txt with size 507 
07:15:18.952 [main] DEBUG org.sokybot.pk2.Pk2CryptoUtils - File iftpparty.txt is not encrypted , flags not exists
07:15:18.953 [main] INFO org.soky.sro.pk2.io.Pk2IOTest - Consuming 9066 byte(s) from file iftpparty.txt with size 9066 
07:15:18.953 [main] DEBUG org.sokybot.pk2.Pk2CryptoUtils - File iftppartyslot.txt is not encrypted , flags not exists
07:15:18.953 [main] INFO org.soky.sro.pk2.io.Pk2IOTest - Consuming 507 byte(s) from file iftppartyslot.txt with size 507 
07:15:18.953 [main] DEBUG org.sokybot.pk2.Pk2CryptoUtils - File ifeventregister.txt is not encrypted , flags not exists
07:15:18.953 [main] INFO org.soky.sro.pk2.io.Pk2IOTest - Consuming 1479 byte(s) from file ifeventregister.txt with size 1479 
07:15:18.953 [main] DEBUG org.sokybot.pk2.Pk2CryptoUtils - File ifuniquelist.txt is not encrypted , flags not exists
07:15:18.953 [main] INFO org.soky.sro.pk2.io.Pk2IOTest - Consuming 8983 byte(s) from file ifuniquelist.txt with size 8983 
07:15:18.953 [main] DEBUG org.sokybot.pk2.Pk2CryptoUtils - File ifuniquelistslot.txt is not encrypted , flags not exists
07:15:18.953 [main] INFO org.soky.sro.pk2.io.Pk2IOTest - Consuming 1378 byte(s) from file ifuniquelistslot.txt with size 1378 
07:15:18.953 [main] DEBUG org.sokybot.pk2.Pk2CryptoUtils - File roc_entrance.txt is not encrypted , flags not exists
07:15:18.954 [main] INFO org.soky.sro.pk2.io.Pk2IOTest - Consuming 17854 byte(s) from file roc_entrance.txt with size 17854 
07:15:18.954 [main] DEBUG org.sokybot.pk2.Pk2CryptoUtils - File china_wharf.txt is not encrypted , flags not exists
07:15:18.954 [main] INFO org.soky.sro.pk2.io.Pk2IOTest - Consuming 7388 byte(s) from file china_wharf.txt with size 7388 
07:15:18.954 [main] DEBUG org.sokybot.pk2.Pk2CryptoUtils - File constantinople.txt is not encrypted , flags not exists
07:15:18.954 [main] INFO org.soky.sro.pk2.io.Pk2IOTest - Consuming 3693 byte(s) from file constantinople.txt with size 3693 
07:15:18.954 [main] DEBUG org.sokybot.pk2.Pk2CryptoUtils - File roc.txt is not encrypted , flags not exists
07:15:18.954 [main] INFO org.soky.sro.pk2.io.Pk2IOTest - Consuming 3693 byte(s) from file roc.txt with size 3693 
07:15:18.954 [main] DEBUG org.sokybot.pk2.Pk2CryptoUtils - File egypt.txt is not encrypted , flags not exists
07:15:18.955 [main] INFO org.soky.sro.pk2.io.Pk2IOTest - Consuming 1114 byte(s) from file egypt.txt with size 1114 
07:15:18.955 [main] DEBUG org.sokybot.pk2.Pk2CryptoUtils - File jupiter_login.txt is not encrypted , flags not exists
07:15:18.955 [main] INFO org.soky.sro.pk2.io.Pk2IOTest - Consuming 1120 byte(s) from file jupiter_login.txt with size 1120 
07:15:18.955 [main] DEBUG org.sokybot.pk2.Pk2CryptoUtils - File arabia.txt is not encrypted , flags not exists
07:15:18.955 [main] INFO org.soky.sro.pk2.io.Pk2IOTest - Consuming 1114 byte(s) from file arabia.txt with size 1114 
07:15:18.955 [main] DEBUG org.sokybot.pk2.Pk2CryptoUtils - File refsetitemgroup.txt is not encrypted , flags not exists
07:15:18.955 [main] INFO org.soky.sro.pk2.io.Pk2IOTest - Consuming 8654 byte(s) from file refsetitemgroup.txt with size 8654 
07:15:18.955 [main] DEBUG org.sokybot.pk2.Pk2CryptoUtils - File textdata_object.txt is not encrypted , flags not exists
07:15:18.980 [main] INFO org.soky.sro.pk2.io.Pk2IOTest - Consuming 2330274 byte(s) from file textdata_object.txt with size 2330274 
07:15:18.980 [main] DEBUG org.sokybot.pk2.Pk2CryptoUtils - File textuisystem.txt is not encrypted , flags not exists
07:15:18.994 [main] INFO org.soky.sro.pk2.io.Pk2IOTest - Consuming 1279266 byte(s) from file textuisystem.txt with size 1279266 
07:15:18.994 [main] DEBUG org.sokybot.pk2.Pk2CryptoUtils - File refpackageitem.txt is not encrypted , flags not exists
07:15:19.005 [main] INFO org.soky.sro.pk2.io.Pk2IOTest - Consuming 960434 byte(s) from file refpackageitem.txt with size 960434 
07:15:19.005 [main] DEBUG org.sokybot.pk2.Pk2CryptoUtils - File refpricepolicyofitem.txt is not encrypted , flags not exists
07:15:19.012 [main] INFO org.soky.sro.pk2.io.Pk2IOTest - Consuming 676408 byte(s) from file refpricepolicyofitem.txt with size 676408 
07:15:19.012 [main] DEBUG org.sokybot.pk2.Pk2CryptoUtils - File refscrapofpackageitem.txt is not encrypted , flags not exists
07:15:19.019 [main] INFO org.soky.sro.pk2.io.Pk2IOTest - Consuming 671136 byte(s) from file refscrapofpackageitem.txt with size 671136 
07:15:19.020 [main] DEBUG org.sokybot.pk2.Pk2CryptoUtils - File refshopgoods.txt is not encrypted , flags not exists
07:15:19.025 [main] INFO org.soky.sro.pk2.io.Pk2IOTest - Consuming 527796 byte(s) from file refshopgoods.txt with size 527796 
07:15:19.025 [main] DEBUG org.sokybot.pk2.Pk2CryptoUtils - File refshopgoods.txt is not encrypted , flags not exists
07:15:19.031 [main] INFO org.soky.sro.pk2.io.Pk2IOTest - Consuming 523914 byte(s) from file refshopgoods.txt with size 523914 
07:15:19.031 [main] DEBUG org.sokybot.pk2.Pk2CryptoUtils - File textuisystem.txt is not encrypted , flags not exists
07:15:19.044 [main] INFO org.soky.sro.pk2.io.Pk2IOTest - Consuming 1278930 byte(s) from file textuisystem.txt with size 1278930 
07:15:19.044 [main] DEBUG org.sokybot.pk2.Pk2CryptoUtils - File event_interface.txt is not encrypted , flags not exists
07:15:19.044 [main] INFO org.soky.sro.pk2.io.Pk2IOTest - Consuming 888 byte(s) from file event_interface.txt with size 888 
07:15:19.044 [main] DEBUG org.sokybot.pk2.Pk2CryptoUtils - File event_npc_look.txt is not encrypted , flags not exists
07:15:19.044 [main] INFO org.soky.sro.pk2.io.Pk2IOTest - Consuming 708 byte(s) from file event_npc_look.txt with size 708 
07:15:19.044 [main] DEBUG org.sokybot.pk2.Pk2CryptoUtils - File mall_notify.txt is not encrypted , flags not exists
07:15:19.045 [main] INFO org.soky.sro.pk2.io.Pk2IOTest - Consuming 1306 byte(s) from file mall_notify.txt with size 1306 
07:15:19.045 [main] DEBUG org.sokybot.pk2.Pk2CryptoUtils - File pcroom_event_interface.txt is not encrypted , flags not exists
07:15:19.045 [main] INFO org.soky.sro.pk2.io.Pk2IOTest - Consuming 1102 byte(s) from file pcroom_event_interface.txt with size 1102 
07:15:19.045 [main] DEBUG org.sokybot.pk2.Pk2CryptoUtils - File unity_server.txt is not encrypted , flags not exists
07:15:19.045 [main] INFO org.soky.sro.pk2.io.Pk2IOTest - Consuming 590 byte(s) from file unity_server.txt with size 590 
07:15:19.045 [main] DEBUG org.sokybot.pk2.Pk2CryptoUtils - File winter_event_interface.txt is not encrypted , flags not exists
07:15:19.045 [main] INFO org.soky.sro.pk2.io.Pk2IOTest - Consuming 652 byte(s) from file winter_event_interface.txt with size 652 
07:15:19.045 [main] DEBUG org.sokybot.pk2.Pk2CryptoUtils - File aaa.txt is not encrypted , flags not exists
07:15:19.045 [main] INFO org.soky.sro.pk2.io.Pk2IOTest - Consuming 180 byte(s) from file aaa.txt with size 180 
07:15:19.045 [main] DEBUG org.sokybot.pk2.Pk2CryptoUtils - File abusefilter.txt is not encrypted , flags not exists
07:15:19.048 [main] INFO org.soky.sro.pk2.io.Pk2IOTest - Consuming 247842 byte(s) from file abusefilter.txt with size 247842 
07:15:19.048 [main] DEBUG org.sokybot.pk2.Pk2CryptoUtils - File actionwnddata.txt is not encrypted , flags not exists
07:15:19.048 [main] INFO org.soky.sro.pk2.io.Pk2IOTest - Consuming 3744 byte(s) from file actionwnddata.txt with size 3744 
07:15:19.048 [main] DEBUG org.sokybot.pk2.Pk2CryptoUtils - File atstructeffect.txt is not encrypted , flags not exists
07:15:19.050 [main] INFO org.soky.sro.pk2.io.Pk2IOTest - Consuming 146560 byte(s) from file atstructeffect.txt with size 146560 
07:15:19.050 [main] DEBUG org.sokybot.pk2.Pk2CryptoUtils - File characterdata.txt is not encrypted , flags not exists
07:15:19.050 [main] INFO org.soky.sro.pk2.io.Pk2IOTest - Consuming 450 byte(s) from file characterdata.txt with size 450 
07:15:19.050 [main] DEBUG org.sokybot.pk2.Pk2CryptoUtils - File charactervisualchange.txt is not encrypted , flags not exists
07:15:19.052 [main] INFO org.soky.sro.pk2.io.Pk2IOTest - Consuming 149538 byte(s) from file charactervisualchange.txt with size 149538 
07:15:19.052 [main] DEBUG org.sokybot.pk2.Pk2CryptoUtils - File dg.txt is not encrypted , flags not exists
07:15:19.052 [main] INFO org.soky.sro.pk2.io.Pk2IOTest - Consuming 3362 byte(s) from file dg.txt with size 3362 
07:15:19.052 [main] DEBUG org.sokybot.pk2.Pk2CryptoUtils - File effectenvsnd.txt is not encrypted , flags not exists
07:15:19.052 [main] INFO org.soky.sro.pk2.io.Pk2IOTest - Consuming 25075 byte(s) from file effectenvsnd.txt with size 25075 
07:15:19.052 [main] DEBUG org.sokybot.pk2.Pk2CryptoUtils - File effectsound.txt is not encrypted , flags not exists
07:15:19.060 [main] INFO org.soky.sro.pk2.io.Pk2IOTest - Consuming 737772 byte(s) from file effectsound.txt with size 737772 
07:15:19.060 [main] DEBUG org.sokybot.pk2.Pk2CryptoUtils - File erasablemastery.txt is not encrypted , flags not exists
07:15:19.060 [main] INFO org.soky.sro.pk2.io.Pk2IOTest - Consuming 142 byte(s) from file erasablemastery.txt with size 142 
07:15:19.060 [main] DEBUG org.sokybot.pk2.Pk2CryptoUtils - File erasableskill.txt is not encrypted , flags not exists
07:15:19.061 [main] INFO org.soky.sro.pk2.io.Pk2IOTest - Consuming 3896 byte(s) from file erasableskill.txt with size 3896 
07:15:19.061 [main] DEBUG org.sokybot.pk2.Pk2CryptoUtils - JmxFile eventdata.txt size is smaller than ENCRYPTED_TEXT_FOOTER_STATEMENT  plus 2 bytes flag 24  
07:15:19.061 [main] INFO org.soky.sro.pk2.io.Pk2IOTest - Consuming 2 byte(s) from file eventdata.txt with size 2 
07:15:19.061 [main] DEBUG org.sokybot.pk2.Pk2CryptoUtils - File eventzonedata.txt is not encrypted , flags not exists
07:15:19.062 [main] INFO org.soky.sro.pk2.io.Pk2IOTest - Consuming 77812 byte(s) from file eventzonedata.txt with size 77812 
07:15:19.062 [main] DEBUG org.sokybot.pk2.Pk2CryptoUtils - File fmncategorytreedata.txt is not encrypted , flags not exists
07:15:19.062 [main] INFO org.soky.sro.pk2.io.Pk2IOTest - Consuming 9682 byte(s) from file fmncategorytreedata.txt with size 9682 
07:15:19.062 [main] DEBUG org.sokybot.pk2.Pk2CryptoUtils - File fmntidgroupmapdata.txt is not encrypted , flags not exists
07:15:19.062 [main] INFO org.soky.sro.pk2.io.Pk2IOTest - Consuming 3962 byte(s) from file fmntidgroupmapdata.txt with size 3962 
07:15:19.062 [main] DEBUG org.sokybot.pk2.Pk2CryptoUtils - File force_addobject.txt is not encrypted , flags not exists
07:15:19.063 [main] INFO org.soky.sro.pk2.io.Pk2IOTest - Consuming 15608 byte(s) from file force_addobject.txt with size 15608 
07:15:19.063 [main] DEBUG org.sokybot.pk2.Pk2CryptoUtils - File gachaitemset.txt is not encrypted , flags not exists
07:15:19.069 [main] INFO org.soky.sro.pk2.io.Pk2IOTest - Consuming 594488 byte(s) from file gachaitemset.txt with size 594488 
07:15:19.069 [main] DEBUG org.sokybot.pk2.Pk2CryptoUtils - File gachanpcmap.txt is not encrypted , flags not exists
07:15:19.069 [main] INFO org.soky.sro.pk2.io.Pk2IOTest - Consuming 26 byte(s) from file gachanpcmap.txt with size 26 
07:15:19.069 [main] DEBUG org.sokybot.pk2.Pk2CryptoUtils - File gameguidedata.txt is not encrypted , flags not exists
07:15:19.071 [main] INFO org.soky.sro.pk2.io.Pk2IOTest - Consuming 151644 byte(s) from file gameguidedata.txt with size 151644 
07:15:19.071 [main] DEBUG org.sokybot.pk2.Pk2CryptoUtils - File gameworlddata.txt is not encrypted , flags not exists
07:15:19.071 [main] INFO org.soky.sro.pk2.io.Pk2IOTest - Consuming 9556 byte(s) from file gameworlddata.txt with size 9556 
07:15:19.071 [main] DEBUG org.sokybot.pk2.Pk2CryptoUtils - File hwanleveldata.txt is not encrypted , flags not exists
07:15:19.071 [main] INFO org.soky.sro.pk2.io.Pk2IOTest - Consuming 12398 byte(s) from file hwanleveldata.txt with size 12398 
07:15:19.071 [main] DEBUG org.sokybot.pk2.Pk2CryptoUtils - File itemdata.txt is not encrypted , flags not exists
07:15:19.071 [main] INFO org.soky.sro.pk2.io.Pk2IOTest - Consuming 356 byte(s) from file itemdata.txt with size 356 
07:15:19.072 [main] DEBUG org.sokybot.pk2.Pk2CryptoUtils - File itemeffect.txt is not encrypted , flags not exists
07:15:19.072 [main] INFO org.soky.sro.pk2.io.Pk2IOTest - Consuming 33444 byte(s) from file itemeffect.txt with size 33444 
07:15:19.072 [main] DEBUG org.sokybot.pk2.Pk2CryptoUtils - File learnablemastery.txt is not encrypted , flags not exists
07:15:19.072 [main] INFO org.soky.sro.pk2.io.Pk2IOTest - Consuming 282 byte(s) from file learnablemastery.txt with size 282 
07:15:19.072 [main] DEBUG org.sokybot.pk2.Pk2CryptoUtils - File learnableskill.txt is not encrypted , flags not exists
07:15:19.072 [main] INFO org.soky.sro.pk2.io.Pk2IOTest - Consuming 3896 byte(s) from file learnableskill.txt with size 3896 
07:15:19.072 [main] DEBUG org.sokybot.pk2.Pk2CryptoUtils - File leveldata.txt is not encrypted , flags not exists
07:15:19.073 [main] INFO org.soky.sro.pk2.io.Pk2IOTest - Consuming 10666 byte(s) from file leveldata.txt with size 10666 
07:15:19.073 [main] DEBUG org.sokybot.pk2.Pk2CryptoUtils - File levelgold.txt is not encrypted , flags not exists
07:15:19.073 [main] INFO org.soky.sro.pk2.io.Pk2IOTest - Consuming 3396 byte(s) from file levelgold.txt with size 3396 
07:15:19.073 [main] DEBUG org.sokybot.pk2.Pk2CryptoUtils - File magicoption.txt is not encrypted , flags not exists
07:15:19.075 [main] INFO org.soky.sro.pk2.io.Pk2IOTest - Consuming 172724 byte(s) from file magicoption.txt with size 172724 
07:15:19.075 [main] DEBUG org.sokybot.pk2.Pk2CryptoUtils - File magicoptionassign.txt is not encrypted , flags not exists
07:15:19.075 [main] INFO org.soky.sro.pk2.io.Pk2IOTest - Consuming 25214 byte(s) from file magicoptionassign.txt with size 25214 
07:15:19.076 [main] DEBUG org.sokybot.pk2.Pk2CryptoUtils - File messagetipdata.txt is not encrypted , flags not exists
07:15:19.076 [main] INFO org.soky.sro.pk2.io.Pk2IOTest - Consuming 10770 byte(s) from file messagetipdata.txt with size 10770 
07:15:19.076 [main] DEBUG org.sokybot.pk2.Pk2CryptoUtils - File npcchat.txt is not encrypted , flags not exists
07:15:19.077 [main] INFO org.soky.sro.pk2.io.Pk2IOTest - Consuming 72200 byte(s) from file npcchat.txt with size 72200 
07:15:19.077 [main] DEBUG org.sokybot.pk2.Pk2CryptoUtils - File npcpos.txt is not encrypted , flags not exists
07:15:19.087 [main] INFO org.soky.sro.pk2.io.Pk2IOTest - Consuming 952252 byte(s) from file npcpos.txt with size 952252 
07:15:19.087 [main] DEBUG org.sokybot.pk2.Pk2CryptoUtils - File questcontentsdata.txt is not encrypted , flags not exists
07:15:19.090 [main] INFO org.soky.sro.pk2.io.Pk2IOTest - Consuming 245004 byte(s) from file questcontentsdata.txt with size 245004 
07:15:19.090 [main] DEBUG org.sokybot.pk2.Pk2CryptoUtils - File questdata.txt is not encrypted , flags not exists
07:15:19.092 [main] INFO org.soky.sro.pk2.io.Pk2IOTest - Consuming 238368 byte(s) from file questdata.txt with size 238368 
07:15:19.093 [main] DEBUG org.sokybot.pk2.Pk2CryptoUtils - File refabilitybyitemoptleveldata.txt is not encrypted , flags not exists
07:15:19.093 [main] INFO org.soky.sro.pk2.io.Pk2IOTest - Consuming 5202 byte(s) from file refabilitybyitemoptleveldata.txt with size 5202 
07:15:19.093 [main] DEBUG org.sokybot.pk2.Pk2CryptoUtils - JmxFile refaccesspermissionofshop.txt size is smaller than ENCRYPTED_TEXT_FOOTER_STATEMENT  plus 2 bytes flag 24  
07:15:19.093 [main] INFO org.soky.sro.pk2.io.Pk2IOTest - Consuming 2 byte(s) from file refaccesspermissionofshop.txt with size 2 
07:15:19.093 [main] DEBUG org.sokybot.pk2.Pk2CryptoUtils - JmxFile refconditiontobuyscrapitem.txt size is smaller than ENCRYPTED_TEXT_FOOTER_STATEMENT  plus 2 bytes flag 24  
07:15:19.093 [main] INFO org.soky.sro.pk2.io.Pk2IOTest - Consuming 2 byte(s) from file refconditiontobuyscrapitem.txt with size 2 
07:15:19.093 [main] DEBUG org.sokybot.pk2.Pk2CryptoUtils - JmxFile refconditiontosellpackageitem.txt size is smaller than ENCRYPTED_TEXT_FOOTER_STATEMENT  plus 2 bytes flag 24  
07:15:19.093 [main] INFO org.soky.sro.pk2.io.Pk2IOTest - Consuming 2 byte(s) from file refconditiontosellpackageitem.txt with size 2 
07:15:19.093 [main] DEBUG org.sokybot.pk2.Pk2CryptoUtils - JmxFile refconditiontosellscrapitem.txt size is smaller than ENCRYPTED_TEXT_FOOTER_STATEMENT  plus 2 bytes flag 24  
07:15:19.093 [main] INFO org.soky.sro.pk2.io.Pk2IOTest - Consuming 2 byte(s) from file refconditiontosellscrapitem.txt with size 2 
07:15:19.093 [main] DEBUG org.sokybot.pk2.Pk2CryptoUtils - File refmagicoptbyitemoptleveldata.txt is not encrypted , flags not exists
07:15:19.093 [main] INFO org.soky.sro.pk2.io.Pk2IOTest - Consuming 17588 byte(s) from file refmagicoptbyitemoptleveldata.txt with size 17588 
07:15:19.094 [main] DEBUG org.sokybot.pk2.Pk2CryptoUtils - File refmappingshopgroup.txt is not encrypted , flags not exists
07:15:19.094 [main] INFO org.soky.sro.pk2.io.Pk2IOTest - Consuming 9854 byte(s) from file refmappingshopgroup.txt with size 9854 
07:15:19.094 [main] DEBUG org.sokybot.pk2.Pk2CryptoUtils - File refmappingshopwithtab.txt is not encrypted , flags not exists
07:15:19.094 [main] INFO org.soky.sro.pk2.io.Pk2IOTest - Consuming 10234 byte(s) from file refmappingshopwithtab.txt with size 10234 
07:15:19.094 [main] DEBUG org.sokybot.pk2.Pk2CryptoUtils - File refoptionalteleport.txt is not encrypted , flags not exists
07:15:19.094 [main] INFO org.soky.sro.pk2.io.Pk2IOTest - Consuming 16370 byte(s) from file refoptionalteleport.txt with size 16370 
07:15:19.094 [main] DEBUG org.sokybot.pk2.Pk2CryptoUtils - File refpricepolicyofitem.txt is not encrypted , flags not exists
07:15:19.102 [main] INFO org.soky.sro.pk2.io.Pk2IOTest - Consuming 756864 byte(s) from file refpricepolicyofitem.txt with size 756864 
07:15:19.102 [main] DEBUG org.sokybot.pk2.Pk2CryptoUtils - File refscrapofpackageitem.txt is not encrypted , flags not exists
07:15:19.110 [main] INFO org.soky.sro.pk2.io.Pk2IOTest - Consuming 719140 byte(s) from file refscrapofpackageitem.txt with size 719140 
07:15:19.110 [main] DEBUG org.sokybot.pk2.Pk2CryptoUtils - JmxFile refrewardpolicytobuyscrapitem.txt size is smaller than ENCRYPTED_TEXT_FOOTER_STATEMENT  plus 2 bytes flag 24  
07:15:19.110 [main] INFO org.soky.sro.pk2.io.Pk2IOTest - Consuming 2 byte(s) from file refrewardpolicytobuyscrapitem.txt with size 2 
07:15:19.110 [main] DEBUG org.sokybot.pk2.Pk2CryptoUtils - JmxFile refrewardpolicytosellpackageitem.txt size is smaller than ENCRYPTED_TEXT_FOOTER_STATEMENT  plus 2 bytes flag 24  
07:15:19.110 [main] INFO org.soky.sro.pk2.io.Pk2IOTest - Consuming 2 byte(s) from file refrewardpolicytosellpackageitem.txt with size 2 
07:15:19.110 [main] DEBUG org.sokybot.pk2.Pk2CryptoUtils - JmxFile refrewardpolicytosellscrapitem.txt size is smaller than ENCRYPTED_TEXT_FOOTER_STATEMENT  plus 2 bytes flag 24  
07:15:19.110 [main] INFO org.soky.sro.pk2.io.Pk2IOTest - Consuming 2 byte(s) from file refrewardpolicytosellscrapitem.txt with size 2 
07:15:19.110 [main] DEBUG org.sokybot.pk2.Pk2CryptoUtils - File refshopgoods.txt is not encrypted , flags not exists
07:15:19.116 [main] INFO org.soky.sro.pk2.io.Pk2IOTest - Consuming 561832 byte(s) from file refshopgoods.txt with size 561832 
07:15:19.117 [main] DEBUG org.sokybot.pk2.Pk2CryptoUtils - File refshop.txt is not encrypted , flags not exists
07:15:19.117 [main] INFO org.soky.sro.pk2.io.Pk2IOTest - Consuming 10336 byte(s) from file refshop.txt with size 10336 
07:15:19.117 [main] DEBUG org.sokybot.pk2.Pk2CryptoUtils - File refpackageitem.txt is not encrypted , flags not exists
07:15:19.128 [main] INFO org.soky.sro.pk2.io.Pk2IOTest - Consuming 1031376 byte(s) from file refpackageitem.txt with size 1031376 
07:15:19.128 [main] DEBUG org.sokybot.pk2.Pk2CryptoUtils - File refshopgroup.txt is not encrypted , flags not exists
07:15:19.128 [main] INFO org.soky.sro.pk2.io.Pk2IOTest - Consuming 17458 byte(s) from file refshopgroup.txt with size 17458 
07:15:19.128 [main] DEBUG org.sokybot.pk2.Pk2CryptoUtils - File refshoptab.txt is not encrypted , flags not exists
07:15:19.129 [main] INFO org.soky.sro.pk2.io.Pk2IOTest - Consuming 35532 byte(s) from file refshoptab.txt with size 35532 
07:15:19.129 [main] DEBUG org.sokybot.pk2.Pk2CryptoUtils - File refshoptabgroup.txt is not encrypted , flags not exists
07:15:19.129 [main] INFO org.soky.sro.pk2.io.Pk2IOTest - Consuming 11476 byte(s) from file refshoptabgroup.txt with size 11476 
07:15:19.129 [main] DEBUG org.sokybot.pk2.Pk2CryptoUtils - File refskillbyitemoptleveldata.txt is not encrypted , flags not exists
07:15:19.129 [main] INFO org.soky.sro.pk2.io.Pk2IOTest - Consuming 8636 byte(s) from file refskillbyitemoptleveldata.txt with size 8636 
07:15:19.129 [main] DEBUG org.sokybot.pk2.Pk2CryptoUtils - JmxFile reftreatitemofshop.txt size is smaller than ENCRYPTED_TEXT_FOOTER_STATEMENT  plus 2 bytes flag 24  
07:15:19.129 [main] INFO org.soky.sro.pk2.io.Pk2IOTest - Consuming 2 byte(s) from file reftreatitemofshop.txt with size 2 
07:15:19.129 [main] DEBUG org.sokybot.pk2.Pk2CryptoUtils - File regioncode.txt is not encrypted , flags not exists
07:15:19.130 [main] INFO org.soky.sro.pk2.io.Pk2IOTest - Consuming 76140 byte(s) from file regioncode.txt with size 76140 
07:15:19.130 [main] DEBUG org.sokybot.pk2.Pk2CryptoUtils - File shopdata.txt is not encrypted , flags not exists
07:15:19.130 [main] INFO org.soky.sro.pk2.io.Pk2IOTest - Consuming 7608 byte(s) from file shopdata.txt with size 7608 
07:15:19.131 [main] DEBUG org.sokybot.pk2.Pk2CryptoUtils - File shopgroupdata.txt is not encrypted , flags not exists
07:15:19.131 [main] INFO org.soky.sro.pk2.io.Pk2IOTest - Consuming 240 byte(s) from file shopgroupdata.txt with size 240 
07:15:19.131 [main] DEBUG org.sokybot.pk2.Pk2CryptoUtils - File shopitemdata.txt is not encrypted , flags not exists
07:15:19.132 [main] INFO org.soky.sro.pk2.io.Pk2IOTest - Consuming 106402 byte(s) from file shopitemdata.txt with size 106402 
07:15:19.132 [main] DEBUG org.sokybot.pk2.Pk2CryptoUtils - JmxFile shopitemstockquantity.txt size is smaller than ENCRYPTED_TEXT_FOOTER_STATEMENT  plus 2 bytes flag 24  
07:15:19.132 [main] INFO org.soky.sro.pk2.io.Pk2IOTest - Consuming 2 byte(s) from file shopitemstockquantity.txt with size 2 
07:15:19.132 [main] DEBUG org.sokybot.pk2.Pk2CryptoUtils - File shoptabdata.txt is not encrypted , flags not exists
07:15:19.132 [main] INFO org.soky.sro.pk2.io.Pk2IOTest - Consuming 15136 byte(s) from file shoptabdata.txt with size 15136 
07:15:19.132 [main] DEBUG org.sokybot.pk2.Pk2CryptoUtils - File siegefortress.txt is not encrypted , flags not exists
07:15:19.132 [main] INFO org.soky.sro.pk2.io.Pk2IOTest - Consuming 1140 byte(s) from file siegefortress.txt with size 1140 
07:15:19.133 [main] DEBUG org.sokybot.pk2.Pk2CryptoUtils - File siegefortressbattlerank.txt is not encrypted , flags not exists
07:15:19.133 [main] INFO org.soky.sro.pk2.io.Pk2IOTest - Consuming 686 byte(s) from file siegefortressbattlerank.txt with size 686 
07:15:19.133 [main] DEBUG org.sokybot.pk2.Pk2CryptoUtils - File siegefortressguard.txt is not encrypted , flags not exists
07:15:19.134 [main] INFO org.soky.sro.pk2.io.Pk2IOTest - Consuming 121056 byte(s) from file siegefortressguard.txt with size 121056 
07:15:19.134 [main] DEBUG org.sokybot.pk2.Pk2CryptoUtils - File siegefortressitemforge.txt is not encrypted , flags not exists
07:15:19.134 [main] INFO org.soky.sro.pk2.io.Pk2IOTest - Consuming 2308 byte(s) from file siegefortressitemforge.txt with size 2308 
07:15:19.134 [main] DEBUG org.sokybot.pk2.Pk2CryptoUtils - File siegestructupgradedata.txt is not encrypted , flags not exists
07:15:19.134 [main] INFO org.soky.sro.pk2.io.Pk2IOTest - Consuming 14590 byte(s) from file siegestructupgradedata.txt with size 14590 
07:15:19.135 [main] DEBUG org.sokybot.pk2.Pk2CryptoUtils - File skilldata.txt is not encrypted , flags not exists
07:15:19.135 [main] INFO org.soky.sro.pk2.io.Pk2IOTest - Consuming 294 byte(s) from file skilldata.txt with size 294 
07:15:19.135 [main] DEBUG org.sokybot.pk2.Pk2CryptoUtils - JmxFile skilldata_virtual.txt size is smaller than ENCRYPTED_TEXT_FOOTER_STATEMENT  plus 2 bytes flag 24  
07:15:19.135 [main] INFO org.soky.sro.pk2.io.Pk2IOTest - Consuming 6 byte(s) from file skilldata_virtual.txt with size 6 
07:15:19.135 [main] DEBUG org.sokybot.pk2.Pk2CryptoUtils - File skilleffect.txt is not encrypted , flags not exists
07:15:19.186 [main] INFO org.soky.sro.pk2.io.Pk2IOTest - Consuming 4983380 byte(s) from file skilleffect.txt with size 4983380 
07:15:19.187 [main] DEBUG org.sokybot.pk2.Pk2CryptoUtils - File skillgroup.txt is not encrypted , flags not exists
07:15:19.187 [main] INFO org.soky.sro.pk2.io.Pk2IOTest - Consuming 25220 byte(s) from file skillgroup.txt with size 25220 
07:15:19.187 [main] DEBUG org.sokybot.pk2.Pk2CryptoUtils - File skillmasterydata.txt is not encrypted , flags not exists
07:15:19.187 [main] INFO org.soky.sro.pk2.io.Pk2IOTest - Consuming 6024 byte(s) from file skillmasterydata.txt with size 6024 
07:15:19.187 [main] DEBUG org.sokybot.pk2.Pk2CryptoUtils - File teleportbuilding.txt is not encrypted , flags not exists
07:15:19.188 [main] INFO org.soky.sro.pk2.io.Pk2IOTest - Consuming 57172 byte(s) from file teleportbuilding.txt with size 57172 
07:15:19.188 [main] DEBUG org.sokybot.pk2.Pk2CryptoUtils - File teleportdata.txt is not encrypted , flags not exists
07:15:19.189 [main] INFO org.soky.sro.pk2.io.Pk2IOTest - Consuming 41710 byte(s) from file teleportdata.txt with size 41710 
07:15:19.189 [main] DEBUG org.sokybot.pk2.Pk2CryptoUtils - File teleportlink.txt is not encrypted , flags not exists
07:15:19.189 [main] INFO org.soky.sro.pk2.io.Pk2IOTest - Consuming 33792 byte(s) from file teleportlink.txt with size 33792 
07:15:19.189 [main] DEBUG org.sokybot.pk2.Pk2CryptoUtils - File testsml.txt is not encrypted , flags not exists
07:15:19.189 [main] INFO org.soky.sro.pk2.io.Pk2IOTest - Consuming 842 byte(s) from file testsml.txt with size 842 
07:15:19.190 [main] DEBUG org.sokybot.pk2.Pk2CryptoUtils - File textdataname.txt is not encrypted , flags not exists
07:15:19.190 [main] INFO org.soky.sro.pk2.io.Pk2IOTest - Consuming 96 byte(s) from file textdataname.txt with size 96 
07:15:19.190 [main] DEBUG org.sokybot.pk2.Pk2CryptoUtils - File textevent.txt is not encrypted , flags not exists
07:15:19.193 [main] INFO org.soky.sro.pk2.io.Pk2IOTest - Consuming 278156 byte(s) from file textevent.txt with size 278156 
07:15:19.193 [main] DEBUG org.sokybot.pk2.Pk2CryptoUtils - File texthelp.txt is not encrypted , flags not exists
07:15:19.196 [main] INFO org.soky.sro.pk2.io.Pk2IOTest - Consuming 312968 byte(s) from file texthelp.txt with size 312968 
07:15:19.196 [main] DEBUG org.sokybot.pk2.Pk2CryptoUtils - File textquest.txt is not encrypted , flags not exists
07:15:19.196 [main] INFO org.soky.sro.pk2.io.Pk2IOTest - Consuming 164 byte(s) from file textquest.txt with size 164 
07:15:19.196 [main] DEBUG org.sokybot.pk2.Pk2CryptoUtils - File texttooltipdata.txt is not encrypted , flags not exists
07:15:19.196 [main] INFO org.soky.sro.pk2.io.Pk2IOTest - Consuming 1460 byte(s) from file texttooltipdata.txt with size 1460 
07:15:19.196 [main] DEBUG org.sokybot.pk2.Pk2CryptoUtils - File textuisystem.txt is not encrypted , flags not exists
07:15:19.212 [main] INFO org.soky.sro.pk2.io.Pk2IOTest - Consuming 1549376 byte(s) from file textuisystem.txt with size 1549376 
07:15:19.213 [main] DEBUG org.sokybot.pk2.Pk2CryptoUtils - File textzonename.txt is not encrypted , flags not exists
07:15:19.218 [main] INFO org.soky.sro.pk2.io.Pk2IOTest - Consuming 550820 byte(s) from file textzonename.txt with size 550820 
07:15:19.219 [main] DEBUG org.sokybot.pk2.Pk2CryptoUtils - File usableresobjiddata.txt is not encrypted , flags not exists
07:15:19.219 [main] INFO org.soky.sro.pk2.io.Pk2IOTest - Consuming 1776 byte(s) from file usableresobjiddata.txt with size 1776 
07:15:19.219 [main] DEBUG org.sokybot.pk2.Pk2CryptoUtils - File worldmap_localinfo.txt is not encrypted , flags not exists
07:15:19.222 [main] INFO org.soky.sro.pk2.io.Pk2IOTest - Consuming 295000 byte(s) from file worldmap_localinfo.txt with size 295000 
07:15:19.222 [main] DEBUG org.sokybot.pk2.Pk2CryptoUtils - File worldmap_mapinfo.txt is not encrypted , flags not exists
07:15:19.222 [main] INFO org.soky.sro.pk2.io.Pk2IOTest - Consuming 19722 byte(s) from file worldmap_mapinfo.txt with size 19722 
07:15:19.222 [main] DEBUG org.sokybot.pk2.Pk2CryptoUtils - File eventword.txt is not encrypted , flags not exists
07:15:19.222 [main] INFO org.soky.sro.pk2.io.Pk2IOTest - Consuming 362 byte(s) from file eventword.txt with size 362 
07:15:19.223 [main] DEBUG org.sokybot.pk2.Pk2CryptoUtils - File item_grouping.txt is not encrypted , flags not exists
07:15:19.223 [main] INFO org.soky.sro.pk2.io.Pk2IOTest - Consuming 32620 byte(s) from file item_grouping.txt with size 32620 
07:15:19.223 [main] DEBUG org.sokybot.pk2.Pk2CryptoUtils - File mallitemmenulistdata.txt is not encrypted , flags not exists
07:15:19.223 [main] INFO org.soky.sro.pk2.io.Pk2IOTest - Consuming 2838 byte(s) from file mallitemmenulistdata.txt with size 2838 
07:15:19.223 [main] DEBUG org.sokybot.pk2.Pk2CryptoUtils - File maxtradescaledata.txt is not encrypted , flags not exists
07:15:19.223 [main] INFO org.soky.sro.pk2.io.Pk2IOTest - Consuming 64 byte(s) from file maxtradescaledata.txt with size 64 
07:15:19.223 [main] DEBUG org.sokybot.pk2.Pk2CryptoUtils - File optimize_clothes.txt is not encrypted , flags not exists
07:15:19.223 [main] INFO org.soky.sro.pk2.io.Pk2IOTest - Consuming 1122 byte(s) from file optimize_clothes.txt with size 1122 
07:15:19.224 [main] DEBUG org.sokybot.pk2.Pk2CryptoUtils - File refgachatreeforclientuidata.txt is not encrypted , flags not exists
07:15:19.224 [main] INFO org.soky.sro.pk2.io.Pk2IOTest - Consuming 9450 byte(s) from file refgachatreeforclientuidata.txt with size 9450 
07:15:19.224 [main] DEBUG org.sokybot.pk2.Pk2CryptoUtils - File refmagicoptgroup.txt is not encrypted , flags not exists
07:15:19.224 [main] INFO org.soky.sro.pk2.io.Pk2IOTest - Consuming 8850 byte(s) from file refmagicoptgroup.txt with size 8850 
07:15:19.224 [main] DEBUG org.sokybot.pk2.Pk2CryptoUtils - File refservereventid.txt is not encrypted , flags not exists
07:15:19.224 [main] INFO org.soky.sro.pk2.io.Pk2IOTest - Consuming 58 byte(s) from file refservereventid.txt with size 58 
07:15:19.224 [main] DEBUG org.sokybot.pk2.Pk2CryptoUtils - File refsetitemgroup.txt is not encrypted , flags not exists
07:15:19.224 [main] INFO org.soky.sro.pk2.io.Pk2IOTest - Consuming 13386 byte(s) from file refsetitemgroup.txt with size 13386 
07:15:19.225 [main] DEBUG org.sokybot.pk2.Pk2CryptoUtils - File refshopitemstockperiod.txt is not encrypted , flags not exists
07:15:19.225 [main] INFO org.soky.sro.pk2.io.Pk2IOTest - Consuming 26910 byte(s) from file refshopitemstockperiod.txt with size 26910 
07:15:19.225 [main] DEBUG org.sokybot.pk2.Pk2CryptoUtils - File regioninfo.txt is not encrypted , flags not exists
07:15:19.225 [main] INFO org.soky.sro.pk2.io.Pk2IOTest - Consuming 44252 byte(s) from file regioninfo.txt with size 44252 
07:15:19.226 [main] DEBUG org.sokybot.pk2.Pk2CryptoUtils - File skilldataenc.txt is not encrypted , flags not exists
07:15:19.226 [main] INFO org.soky.sro.pk2.io.Pk2IOTest - Consuming 332 byte(s) from file skilldataenc.txt with size 332 
07:15:19.226 [main] DEBUG org.sokybot.pk2.Pk2CryptoUtils - File specialnpcdata.txt is not encrypted , flags not exists
07:15:19.226 [main] INFO org.soky.sro.pk2.io.Pk2IOTest - Consuming 604 byte(s) from file specialnpcdata.txt with size 604 
07:15:19.226 [main] DEBUG org.sokybot.pk2.Pk2CryptoUtils - File worldmapguidedata.txt is not encrypted , flags not exists
07:15:19.227 [main] INFO org.soky.sro.pk2.io.Pk2IOTest - Consuming 139048 byte(s) from file worldmapguidedata.txt with size 139048 
07:15:19.228 [main] DEBUG org.sokybot.pk2.Pk2CryptoUtils - File worldmapguidedata_region.txt is not encrypted , flags not exists
07:15:19.228 [main] INFO org.soky.sro.pk2.io.Pk2IOTest - Consuming 44294 byte(s) from file worldmapguidedata_region.txt with size 44294 
07:15:19.228 [main] DEBUG org.sokybot.pk2.Pk2CryptoUtils - File worldmap_instanceinfo.txt is not encrypted , flags not exists
07:15:19.228 [main] INFO org.soky.sro.pk2.io.Pk2IOTest - Consuming 2826 byte(s) from file worldmap_instanceinfo.txt with size 2826 
07:15:19.228 [main] DEBUG org.sokybot.pk2.Pk2CryptoUtils - File eventguidedata.txt is not encrypted , flags not exists
07:15:19.228 [main] INFO org.soky.sro.pk2.io.Pk2IOTest - Consuming 4002 byte(s) from file eventguidedata.txt with size 4002 
07:15:19.228 [main] DEBUG org.sokybot.pk2.Pk2CryptoUtils - File textdata_object.txt is not encrypted , flags not exists
07:15:19.254 [main] INFO org.soky.sro.pk2.io.Pk2IOTest - Consuming 2414140 byte(s) from file textdata_object.txt with size 2414140 
07:15:19.255 [main] DEBUG org.sokybot.pk2.Pk2CryptoUtils - File textquest_otherstring.txt is not encrypted , flags not exists
07:15:19.279 [main] INFO org.soky.sro.pk2.io.Pk2IOTest - Consuming 2329940 byte(s) from file textquest_otherstring.txt with size 2329940 
07:15:19.279 [main] DEBUG org.sokybot.pk2.Pk2CryptoUtils - File textquest_queststring.txt is not encrypted , flags not exists
07:15:19.312 [main] INFO org.soky.sro.pk2.io.Pk2IOTest - Consuming 3211142 byte(s) from file textquest_queststring.txt with size 3211142 
07:15:19.312 [main] DEBUG org.sokybot.pk2.Pk2CryptoUtils - File dungeoninfo.txt is not encrypted , flags not exists
07:15:19.312 [main] INFO org.soky.sro.pk2.io.Pk2IOTest - Consuming 668 byte(s) from file dungeoninfo.txt with size 668 
07:15:19.313 [main] DEBUG org.sokybot.pk2.Pk2CryptoUtils - File collectionbook_item.txt is not encrypted , flags not exists
07:15:19.313 [main] INFO org.soky.sro.pk2.io.Pk2IOTest - Consuming 11132 byte(s) from file collectionbook_item.txt with size 11132 
07:15:19.313 [main] DEBUG org.sokybot.pk2.Pk2CryptoUtils - File collectionbook_theme.txt is not encrypted , flags not exists
07:15:19.313 [main] INFO org.soky.sro.pk2.io.Pk2IOTest - Consuming 956 byte(s) from file collectionbook_theme.txt with size 956 
07:15:19.313 [main] DEBUG org.sokybot.pk2.Pk2CryptoUtils - File gameworldconfigdata.txt is not encrypted , flags not exists
07:15:19.314 [main] INFO org.soky.sro.pk2.io.Pk2IOTest - Consuming 92974 byte(s) from file gameworldconfigdata.txt with size 92974 
07:15:19.314 [main] DEBUG org.sokybot.pk2.Pk2CryptoUtils - File groupworld_config_forclient.txt is not encrypted , flags not exists
07:15:19.314 [main] INFO org.soky.sro.pk2.io.Pk2IOTest - Consuming 466 byte(s) from file groupworld_config_forclient.txt with size 466 
07:15:19.314 [main] DEBUG org.sokybot.pk2.Pk2CryptoUtils - File refeventreward.txt is not encrypted , flags not exists
07:15:19.314 [main] INFO org.soky.sro.pk2.io.Pk2IOTest - Consuming 520 byte(s) from file refeventreward.txt with size 520 
07:15:19.314 [main] DEBUG org.sokybot.pk2.Pk2CryptoUtils - File refeventrewarditems.txt is not encrypted , flags not exists
07:15:19.314 [main] INFO org.soky.sro.pk2.io.Pk2IOTest - Consuming 460 byte(s) from file refeventrewarditems.txt with size 460 
07:15:19.315 [main] DEBUG org.sokybot.pk2.Pk2CryptoUtils - File refquestrewarditems.txt is not encrypted , flags not exists
07:15:19.316 [main] INFO org.soky.sro.pk2.io.Pk2IOTest - Consuming 67956 byte(s) from file refquestrewarditems.txt with size 67956 
07:15:19.316 [main] DEBUG org.sokybot.pk2.Pk2CryptoUtils - File refqusetreward.txt is not encrypted , flags not exists
07:15:19.317 [main] INFO org.soky.sro.pk2.io.Pk2IOTest - Consuming 125656 byte(s) from file refqusetreward.txt with size 125656 
07:15:19.317 [main] DEBUG org.sokybot.pk2.Pk2CryptoUtils - File refregion.txt is not encrypted , flags not exists
07:15:19.322 [main] INFO org.soky.sro.pk2.io.Pk2IOTest - Consuming 481566 byte(s) from file refregion.txt with size 481566 
07:15:19.322 [main] DEBUG org.sokybot.pk2.Pk2CryptoUtils - JmxFile refrentitem.txt size is smaller than ENCRYPTED_TEXT_FOOTER_STATEMENT  plus 2 bytes flag 24  
07:15:19.322 [main] INFO org.soky.sro.pk2.io.Pk2IOTest - Consuming 2 byte(s) from file refrentitem.txt with size 2 
07:15:19.323 [main] DEBUG org.sokybot.pk2.Pk2CryptoUtils - File refsiegeblessbuff.txt is not encrypted , flags not exists
07:15:19.323 [main] INFO org.soky.sro.pk2.io.Pk2IOTest - Consuming 156 byte(s) from file refsiegeblessbuff.txt with size 156 
07:15:19.323 [main] DEBUG org.sokybot.pk2.Pk2CryptoUtils - File refsiegedungeon.txt is not encrypted , flags not exists
07:15:19.323 [main] INFO org.soky.sro.pk2.io.Pk2IOTest - Consuming 42 byte(s) from file refsiegedungeon.txt with size 42 
07:15:19.323 [main] DEBUG org.sokybot.pk2.Pk2CryptoUtils - File siegefortressreward.txt is not encrypted , flags not exists
07:15:19.323 [main] INFO org.soky.sro.pk2.io.Pk2IOTest - Consuming 578 byte(s) from file siegefortressreward.txt with size 578 
07:15:19.323 [main] DEBUG org.sokybot.pk2.Pk2CryptoUtils - File divisioninfo.txt is not encrypted , flags not exists
07:15:19.323 [main] INFO org.soky.sro.pk2.io.Pk2IOTest - Consuming 32 byte(s) from file divisioninfo.txt with size 32 
07:15:19.323 [main] DEBUG org.sokybot.pk2.Pk2CryptoUtils - JmxFile gateport.txt size is smaller than ENCRYPTED_TEXT_FOOTER_STATEMENT  plus 2 bytes flag 24  
07:15:19.323 [main] INFO org.soky.sro.pk2.io.Pk2IOTest - Consuming 8 byte(s) from file gateport.txt with size 8 
07:15:19.323 [main] DEBUG org.sokybot.pk2.Pk2CryptoUtils - File type.txt is not encrypted , flags not exists
07:15:19.323 [main] INFO org.soky.sro.pk2.io.Pk2IOTest - Consuming 145 byte(s) from file type.txt with size 145 
07:15:19.324 [main] DEBUG org.sokybot.pk2.Pk2CryptoUtils - File itemtypenumber.txt is not encrypted , flags not exists
07:15:19.324 [main] INFO org.soky.sro.pk2.io.Pk2IOTest - Consuming 5564 byte(s) from file itemtypenumber.txt with size 5564 
07:15:19.324 [main] DEBUG org.sokybot.pk2.Pk2CryptoUtils - File worldcupitemlist.txt is not encrypted , flags not exists
07:15:19.324 [main] INFO org.soky.sro.pk2.io.Pk2IOTest - Consuming 12696 byte(s) from file worldcupitemlist.txt with size 12696 
07:15:19.324 [main] DEBUG org.sokybot.pk2.Pk2CryptoUtils - JmxFile eventnpcdata.txt size is smaller than ENCRYPTED_TEXT_FOOTER_STATEMENT  plus 2 bytes flag 24  
07:15:19.324 [main] INFO org.soky.sro.pk2.io.Pk2IOTest - Consuming 0 byte(s) from file eventnpcdata.txt with size 0 
07:15:19.324 [main] DEBUG org.sokybot.pk2.Pk2CryptoUtils - File loading.txt is not encrypted , flags not exists
07:15:19.325 [main] INFO org.soky.sro.pk2.io.Pk2IOTest - Consuming 71026 byte(s) from file loading.txt with size 71026 
07:15:19.325 [main] DEBUG org.sokybot.pk2.Pk2CryptoUtils - File overlimi.txt is not encrypted , flags not exists
07:15:19.325 [main] INFO org.soky.sro.pk2.io.Pk2IOTest - Consuming 360 byte(s) from file overlimi.txt with size 360 
07:15:19.325 [main] DEBUG org.sokybot.pk2.Pk2CryptoUtils - File refalchemy_mk_materialgroup.txt is not encrypted , flags not exists
07:15:19.327 [main] INFO org.soky.sro.pk2.io.Pk2IOTest - Consuming 182174 byte(s) from file refalchemy_mk_materialgroup.txt with size 182174 
07:15:19.327 [main] DEBUG org.sokybot.pk2.Pk2CryptoUtils - File refalchemy_mk_recipedata.txt is not encrypted , flags not exists
07:15:19.328 [main] INFO org.soky.sro.pk2.io.Pk2IOTest - Consuming 84742 byte(s) from file refalchemy_mk_recipedata.txt with size 84742 
07:15:19.328 [main] DEBUG org.sokybot.pk2.Pk2CryptoUtils - File refalchemy_mk_recipeshopdata.txt is not encrypted , flags not exists
07:15:19.328 [main] INFO org.soky.sro.pk2.io.Pk2IOTest - Consuming 14726 byte(s) from file refalchemy_mk_recipeshopdata.txt with size 14726 
07:15:19.329 [main] DEBUG org.sokybot.pk2.Pk2CryptoUtils - File refalchemy_mk_resultgroup.txt is not encrypted , flags not exists
07:15:19.330 [main] INFO org.soky.sro.pk2.io.Pk2IOTest - Consuming 156486 byte(s) from file refalchemy_mk_resultgroup.txt with size 156486 
07:15:19.330 [main] DEBUG org.sokybot.pk2.Pk2CryptoUtils - File refalchemy_mk_ui.txt is not encrypted , flags not exists
07:15:19.330 [main] INFO org.soky.sro.pk2.io.Pk2IOTest - Consuming 556 byte(s) from file refalchemy_mk_ui.txt with size 556 
07:15:19.330 [main] DEBUG org.sokybot.pk2.Pk2CryptoUtils - File refentryticket.txt is not encrypted , flags not exists
07:15:19.331 [main] INFO org.soky.sro.pk2.io.Pk2IOTest - Consuming 9318 byte(s) from file refentryticket.txt with size 9318 
07:15:19.331 [main] DEBUG org.sokybot.pk2.Pk2CryptoUtils - File refextraabilitybyequipitemoptlevel.txt is not encrypted , flags not exists
07:15:19.357 [main] INFO org.soky.sro.pk2.io.Pk2IOTest - Consuming 2521346 byte(s) from file refextraabilitybyequipitemoptlevel.txt with size 2521346 
07:15:19.357 [main] DEBUG org.sokybot.pk2.Pk2CryptoUtils - File refitemupgradenreinforceratio.txt is not encrypted , flags not exists
07:15:19.357 [main] INFO org.soky.sro.pk2.io.Pk2IOTest - Consuming 586 byte(s) from file refitemupgradenreinforceratio.txt with size 586 
07:15:19.357 [main] DEBUG org.sokybot.pk2.Pk2CryptoUtils - File regioninpo.txt is not encrypted , flags not exists
07:15:19.358 [main] INFO org.soky.sro.pk2.io.Pk2IOTest - Consuming 44252 byte(s) from file regioninpo.txt with size 44252 
]]></system-out>
  </testcase>
</testsuite>